This is pdfTeX, Version 3.141592653-2.6-1.40.25 (MiKTeX 23.5) (preloaded format=pdflatex 2024.1.12)  3 MAR 2024 15:08
entering extended mode
 restricted \write18 enabled.
 %&-line parsing enabled.
**./after_operator0.tex
(after_operator0.tex
LaTeX2e <2023-06-01> patch level 1
L3 programming layer <2023-08-29>
(C:\Users\orfuc\AppData\Local\Programs\MiKTeX\tex/latex/base\article.cls
Document Class: article 2023/05/17 v1.4n Standard LaTeX document class
(C:\Users\orfuc\AppData\Local\Programs\MiKTeX\tex/latex/base\size10.clo
File: size10.clo 2023/05/17 v1.4n Standard LaTeX file (size option)
)
\c@part=\count185
\c@section=\count186
\c@subsection=\count187
\c@subsubsection=\count188
\c@paragraph=\count189
\c@subparagraph=\count190
\c@figure=\count191
\c@table=\count192
\abovecaptionskip=\skip48
\belowcaptionskip=\skip49
\bibindent=\dimen140
)
(C:\Users\orfuc\AppData\Local\Programs\MiKTeX\tex/latex/adjustbox\adjustbox.sty
Package: adjustbox 2022/10/17 v1.3a Adjusting TeX boxes (trim, clip, ...)
(C:\Users\orfuc\AppData\Local\Programs\MiKTeX\tex/latex/xkeyval\xkeyval.sty
Package: xkeyval 2022/06/16 v2.9 package option processing (HA)

(C:\Users\orfuc\AppData\Local\Programs\MiKTeX\tex/generic/xkeyval\xkeyval.tex
(C:\Users\orfuc\AppData\Local\Programs\MiKTeX\tex/generic/xkeyval\xkvutils.tex
\XKV@toks=\toks17
\XKV@tempa@toks=\toks18

(C:\Users\orfuc\AppData\Local\Programs\MiKTeX\tex/generic/xkeyval\keyval.tex))
\XKV@depth=\count193
File: xkeyval.tex 2014/12/03 v2.7a key=value parser (HA)
)) (C:\Users\orfuc\AppData\Local\Programs\MiKTeX\tex/latex/adjustbox\adjcalc.st
y
Package: adjcalc 2012/05/16 v1.1 Provides advanced setlength with multiple back
-ends (calc, etex, pgfmath)
)
(C:\Users\orfuc\AppData\Local\Programs\MiKTeX\tex/latex/adjustbox\trimclip.sty
Package: trimclip 2020/08/19 v1.2 Trim and clip general TeX material

(C:\Users\orfuc\AppData\Local\Programs\MiKTeX\tex/latex/graphics\graphicx.sty
Package: graphicx 2021/09/16 v1.2d Enhanced LaTeX Graphics (DPC,SPQR)

(C:\Users\orfuc\AppData\Local\Programs\MiKTeX\tex/latex/graphics\graphics.sty
Package: graphics 2022/03/10 v1.4e Standard LaTeX Graphics (DPC,SPQR)

(C:\Users\orfuc\AppData\Local\Programs\MiKTeX\tex/latex/graphics\trig.sty
Package: trig 2021/08/11 v1.11 sin cos tan (DPC)
)
(C:\Users\orfuc\AppData\Local\Programs\MiKTeX\tex/latex/graphics-cfg\graphics.c
fg
File: graphics.cfg 2016/06/04 v1.11 sample graphics configuration
)
Package graphics Info: Driver file: pdftex.def on input line 107.

(C:\Users\orfuc\AppData\Local\Programs\MiKTeX\tex/latex/graphics-def\pdftex.def
File: pdftex.def 2022/09/22 v1.2b Graphics/color driver for pdftex
))
\Gin@req@height=\dimen141
\Gin@req@width=\dimen142
)
(C:\Users\orfuc\AppData\Local\Programs\MiKTeX\tex/latex/collectbox\collectbox.s
ty
Package: collectbox 2022/10/17 v0.4c Collect macro arguments as boxes
\collectedbox=\box51
)
\tc@llx=\dimen143
\tc@lly=\dimen144
\tc@urx=\dimen145
\tc@ury=\dimen146
Package trimclip Info: Using driver 'tc-pdftex.def'.

(C:\Users\orfuc\AppData\Local\Programs\MiKTeX\tex/latex/adjustbox\tc-pdftex.def
File: tc-pdftex.def 2019/01/04 v2.2 Clipping driver for pdftex
))
\adjbox@Width=\dimen147
\adjbox@Height=\dimen148
\adjbox@Depth=\dimen149
\adjbox@Totalheight=\dimen150
\adjbox@pwidth=\dimen151
\adjbox@pheight=\dimen152
\adjbox@pdepth=\dimen153
\adjbox@ptotalheight=\dimen154

(C:\Users\orfuc\AppData\Local\Programs\MiKTeX\tex/latex/ifoddpage\ifoddpage.sty
Package: ifoddpage 2022/10/18 v1.2 Conditionals for odd/even page detection
\c@checkoddpage=\count194
) (C:\Users\orfuc\AppData\Local\Programs\MiKTeX\tex/latex/varwidth\varwidth.sty
Package: varwidth 2009/03/30 ver 0.92;  Variable-width minipages
\@vwid@box=\box52
\sift@deathcycles=\count195
\@vwid@loff=\dimen155
\@vwid@roff=\dimen156
)) (aaai24.sty
Package: aaai24 2023/06/26 AAAI 2024 Submission format

Conference Style for AAAI for LaTeX 2e -- version for submission
\titlebox=\skip50
) (C:\Users\orfuc\AppData\Local\Programs\MiKTeX\tex/latex/psnfss\times.sty
Package: times 2020/03/25 PSNFSS-v9.3 (SPQR) 
)
(C:\Users\orfuc\AppData\Local\Programs\MiKTeX\tex/latex/psnfss\helvet.sty
Package: helvet 2020/03/25 PSNFSS-v9.3 (WaS) 
)
(C:\Users\orfuc\AppData\Local\Programs\MiKTeX\tex/latex/psnfss\courier.sty
Package: courier 2020/03/25 PSNFSS-v9.3 (WaS) 
)
(C:\Users\orfuc\AppData\Local\Programs\MiKTeX\tex/latex/url\url.sty
\Urlmuskip=\muskip16
Package: url 2013/09/16  ver 3.4  Verb mode for urls, etc.
)
(C:\Users\orfuc\AppData\Local\Programs\MiKTeX\tex/latex/natbib\natbib.sty
Package: natbib 2010/09/13 8.31b (PWD, AO)
\bibhang=\skip51
\bibsep=\skip52
LaTeX Info: Redefining \cite on input line 694.
\c@NAT@ctr=\count196
)
(C:\Users\orfuc\AppData\Local\Programs\MiKTeX\tex/latex/caption\caption.sty
Package: caption 2023/07/31 v3.6n Customizing captions (AR)

(C:\Users\orfuc\AppData\Local\Programs\MiKTeX\tex/latex/caption\caption3.sty
Package: caption3 2023/07/31 v2.4d caption3 kernel (AR)
\caption@tempdima=\dimen157
\captionmargin=\dimen158
\caption@leftmargin=\dimen159
\caption@rightmargin=\dimen160
\caption@width=\dimen161
\caption@indent=\dimen162
\caption@parindent=\dimen163
\caption@hangindent=\dimen164
Package caption Info: Standard document class detected.
)
\c@caption@flags=\count197
\c@continuedfloat=\count198
)
(C:\Users\orfuc\AppData\Local\Programs\MiKTeX\tex/latex/algorithms\algorithm.st
y
Package: algorithm 2009/08/24 v0.1 Document Style `algorithm' - floating enviro
nment
 (C:\Users\orfuc\AppData\Local\Programs\MiKTeX\tex/latex/float\float.sty
Package: float 2001/11/08 v1.3d Float enhancements (AL)
\c@float@type=\count199
\float@exts=\toks19
\float@box=\box53
\@float@everytoks=\toks20
\@floatcapt=\box54
)
(C:\Users\orfuc\AppData\Local\Programs\MiKTeX\tex/latex/base\ifthen.sty
Package: ifthen 2022/04/13 v1.1d Standard LaTeX ifthen package (DPC)
)
\@float@every@algorithm=\toks21
\c@algorithm=\count266
)
(C:\Users\orfuc\AppData\Local\Programs\MiKTeX\tex/latex/algorithms\algorithmic.
sty
Package: algorithmic 2009/08/24 v0.1 Document Style `algorithmic'
\c@ALC@unique=\count267
\c@ALC@line=\count268
\c@ALC@rem=\count269
\c@ALC@depth=\count270
\ALC@tlm=\skip53
\algorithmicindent=\skip54
)
(C:\Users\orfuc\AppData\Local\Programs\MiKTeX\tex/latex/multirow\multirow.sty
Package: multirow 2021/03/15 v2.8 Span multiple rows of a table
\multirow@colwidth=\skip55
\multirow@cntb=\count271
\multirow@dima=\skip56
\bigstrutjot=\dimen165
)
(C:\Users\orfuc\AppData\Local\Programs\MiKTeX\tex/latex/tools\array.sty
Package: array 2022/09/04 v2.5g Tabular extension package (FMi)
\col@sep=\dimen166
\ar@mcellbox=\box55
\extrarowheight=\dimen167
\NC@list=\toks22
\extratabsurround=\skip57
\backup@length=\skip58
\ar@cellbox=\box56
)
(C:\Users\orfuc\AppData\Local\Programs\MiKTeX\tex/latex/booktabs\booktabs.sty
Package: booktabs 2020/01/12 v1.61803398 Publication quality tables
\heavyrulewidth=\dimen168
\lightrulewidth=\dimen169
\cmidrulewidth=\dimen170
\belowrulesep=\dimen171
\belowbottomsep=\dimen172
\aboverulesep=\dimen173
\abovetopsep=\dimen174
\cmidrulesep=\dimen175
\cmidrulekern=\dimen176
\defaultaddspace=\dimen177
\@cmidla=\count272
\@cmidlb=\count273
\@aboverulesep=\dimen178
\@belowrulesep=\dimen179
\@thisruleclass=\count274
\@lastruleclass=\count275
\@thisrulewidth=\dimen180
)
(C:\Users\orfuc\AppData\Local\Programs\MiKTeX\tex/latex/subfigure\subfigure.sty
Package: subfigure 2002/07/30 v2.1.4 subfigure package
\subfigtopskip=\skip59
\subfigcapskip=\skip60
\subfigcaptopadj=\dimen181
\subfigbottomskip=\skip61
\subfigcapmargin=\dimen182
\subfiglabelskip=\skip62
\c@subfigure=\count276
\c@lofdepth=\count277
\c@subtable=\count278
\c@lotdepth=\count279
****************************************
* Local config file subfigure.cfg used *
****************************************

(C:\Users\orfuc\AppData\Local\Programs\MiKTeX\tex/latex/subfigure\subfigure.cfg
)
\subfig@top=\skip63
\subfig@bottom=\skip64
)
(C:\Users\orfuc\AppData\Local\Programs\MiKTeX\tex/latex/subfiles\subfiles.sty
Package: subfiles 2020/11/14 v2.2 Multi-file projects (package)

(C:\Users\orfuc\AppData\Local\Programs\MiKTeX\tex/latex/import\import.sty
Package: import 2020/04/01  v 6.2
))
(C:\Users\orfuc\AppData\Local\Programs\MiKTeX\tex/latex/zref\zref-totpages.sty
Package: zref-totpages 2023-09-14 v2.35 Module totpages for zref (HO)

(C:\Users\orfuc\AppData\Local\Programs\MiKTeX\tex/latex/zref\zref-base.sty
Package: zref-base 2023-09-14 v2.35 Module base for zref (HO)

(C:\Users\orfuc\AppData\Local\Programs\MiKTeX\tex/generic/ltxcmds\ltxcmds.sty
Package: ltxcmds 2020-05-10 v1.25 LaTeX kernel commands for general use (HO)
)
(C:\Users\orfuc\AppData\Local\Programs\MiKTeX\tex/generic/infwarerr\infwarerr.s
ty
Package: infwarerr 2019/12/03 v1.5 Providing info/warning/error messages (HO)
)
(C:\Users\orfuc\AppData\Local\Programs\MiKTeX\tex/latex/kvsetkeys\kvsetkeys.sty
Package: kvsetkeys 2022-10-05 v1.19 Key value parser (HO)
)
(C:\Users\orfuc\AppData\Local\Programs\MiKTeX\tex/generic/kvdefinekeys\kvdefine
keys.sty
Package: kvdefinekeys 2019-12-19 v1.6 Define keys (HO)
)
(C:\Users\orfuc\AppData\Local\Programs\MiKTeX\tex/generic/pdftexcmds\pdftexcmds
.sty
Package: pdftexcmds 2020-06-27 v0.33 Utility functions of pdfTeX for LuaTeX (HO
)
 (C:\Users\orfuc\AppData\Local\Programs\MiKTeX\tex/generic/iftex\iftex.sty
Package: iftex 2022/02/03 v1.0f TeX engine tests
)
Package pdftexcmds Info: \pdf@primitive is available.
Package pdftexcmds Info: \pdf@ifprimitive is available.
Package pdftexcmds Info: \pdfdraftmode found.
)
(C:\Users\orfuc\AppData\Local\Programs\MiKTeX\tex/generic/etexcmds\etexcmds.sty
Package: etexcmds 2019/12/15 v1.7 Avoid name clashes with e-TeX commands (HO)
) (C:\Users\orfuc\AppData\Local\Programs\MiKTeX\tex/latex/auxhook\auxhook.sty
Package: auxhook 2019-12-17 v1.6 Hooks for auxiliary files (HO)
)
Package zref Info: New property list: main on input line 767.
Package zref Info: New property: default on input line 768.
Package zref Info: New property: page on input line 769.
) (C:\Users\orfuc\AppData\Local\Programs\MiKTeX\tex/latex/zref\zref-abspage.sty
Package: zref-abspage 2023-09-14 v2.35 Module abspage for zref (HO)
\c@abspage=\count280
Package zref Info: New property: abspage on input line 67.
) (C:\Users\orfuc\AppData\Local\Programs\MiKTeX\tex/latex/zref\zref-lastpage.st
y
Package: zref-lastpage 2023-09-14 v2.35 Module lastpage for zref (HO)
Package zref Info: New property list: LastPage on input line 57.
))
(C:\Users\orfuc\AppData\Local\Programs\MiKTeX\tex/latex/newfloat\newfloat.sty
Package: newfloat 2019/09/02 v1.1l Defining new floating environments (AR)
)
(C:\Users\orfuc\AppData\Local\Programs\MiKTeX\tex/latex/listings\listings.sty
\lst@mode=\count281
\lst@gtempboxa=\box57
\lst@token=\toks23
\lst@length=\count282
\lst@currlwidth=\dimen183
\lst@column=\count283
\lst@pos=\count284
\lst@lostspace=\dimen184
\lst@width=\dimen185
\lst@newlines=\count285
\lst@lineno=\count286
\lst@maxwidth=\dimen186

(C:\Users\orfuc\AppData\Local\Programs\MiKTeX\tex/latex/listings\lstmisc.sty
File: lstmisc.sty 2023/02/27 1.9 (Carsten Heinz)
\c@lstnumber=\count287
\lst@skipnumbers=\count288
\lst@framebox=\box58
)
(C:\Users\orfuc\AppData\Local\Programs\MiKTeX\tex/latex/listings\listings.cfg
File: listings.cfg 2023/02/27 1.9 listings configuration
))
Package: listings 2023/02/27 1.9 (Carsten Heinz)
\@float@every@listing=\toks24
\c@listing=\count289
(C:\Users\orfuc\AppData\Local\Programs\MiKTeX\tex/latex/natbib\bibentry.sty
Package: bibentry 2007/10/30 1.5 (PWD)
)
LaTeX Font Info:    Trying to load font information for OT1+ptm on input line 1
00.

(C:\Users\orfuc\AppData\Local\Programs\MiKTeX\tex/latex/psnfss\ot1ptm.fd
File: ot1ptm.fd 2001/06/04 font definitions for OT1/ptm.
)
(C:\Users\orfuc\AppData\Local\Programs\MiKTeX\tex/latex/l3backend\l3backend-pdf
tex.def
File: l3backend-pdftex.def 2023-04-19 L3 backend support: PDF output (pdfTeX)
\l__color_backend_stack_int=\count290
\l__pdf_internal_box=\box59
) (after_operator0.aux)
\openout1 = `after_operator0.aux'.

LaTeX Font Info:    Checking defaults for OML/cmm/m/it on input line 100.
LaTeX Font Info:    ... okay on input line 100.
LaTeX Font Info:    Checking defaults for OMS/cmsy/m/n on input line 100.
LaTeX Font Info:    ... okay on input line 100.
LaTeX Font Info:    Checking defaults for OT1/cmr/m/n on input line 100.
LaTeX Font Info:    ... okay on input line 100.
LaTeX Font Info:    Checking defaults for T1/cmr/m/n on input line 100.
LaTeX Font Info:    ... okay on input line 100.
LaTeX Font Info:    Checking defaults for TS1/cmr/m/n on input line 100.
LaTeX Font Info:    ... okay on input line 100.
LaTeX Font Info:    Checking defaults for OMX/cmex/m/n on input line 100.
LaTeX Font Info:    ... okay on input line 100.
LaTeX Font Info:    Checking defaults for U/cmr/m/n on input line 100.
LaTeX Font Info:    ... okay on input line 100.

(C:\Users\orfuc\AppData\Local\Programs\MiKTeX\tex/context/base/mkii\supp-pdf.mk
ii
[Loading MPS to PDF converter (version 2006.09.02).]
\scratchcounter=\count291
\scratchdimen=\dimen187
\scratchbox=\box60
\nofMPsegments=\count292
\nofMParguments=\count293
\everyMPshowfont=\toks25
\MPscratchCnt=\count294
\MPscratchDim=\dimen188
\MPnumerator=\count295
\makeMPintoPDFobject=\count296
\everyMPtoPDFconversion=\toks26
)
(C:\Users\orfuc\AppData\Local\Programs\MiKTeX\tex/latex/epstopdf-pkg\epstopdf-b
ase.sty
Package: epstopdf-base 2020-01-24 v2.11 Base part for package epstopdf
Package epstopdf-base Info: Redefining graphics rule for `.eps' on input line 4
85.

(C:\Users\orfuc\AppData\Local\Programs\MiKTeX\tex/latex/00miktex\epstopdf-sys.c
fg
File: epstopdf-sys.cfg 2021/03/18 v2.0 Configuration of epstopdf for MiKTeX
))
Package caption Info: Begin \AtBeginDocument code.
Package caption Info: float package is loaded.
Package caption Info: listings package is loaded.
Package caption Info: subfigure package is loaded.
Package caption Info: End \AtBeginDocument code.
Package newfloat Info: `float' package detected.
\c@lstlisting=\count297
\c@eqfn=\count298
\titlearea=\box61
LaTeX Font Info:    External font `cmex10' loaded for size
(Font)              <12> on input line 102.
LaTeX Font Info:    External font `cmex10' loaded for size
(Font)              <8> on input line 102.
LaTeX Font Info:    External font `cmex10' loaded for size
(Font)              <6> on input line 102.
LaTeX Font Info:    External font `cmex10' loaded for size
(Font)              <7> on input line 102.
LaTeX Font Info:    External font `cmex10' loaded for size
(Font)              <5> on input line 102.
LaTeX Font Info:    Trying to load font information for OMS+ptm on input line 1
02.
 (C:\Users\orfuc\AppData\Local\Programs\MiKTeX\tex/latex/psnfss\omsptm.fd
File: omsptm.fd 
)
LaTeX Font Info:    Font shape `OMS/ptm/m/n' in size <10> not available
(Font)              Font shape `OMS/cmsy/m/n' tried instead on input line 102.
\actualheight=\skip65
LaTeX Font Info:    Trying to load font information for TS1+ptm on input line 1
02.

(C:\Users\orfuc\AppData\Local\Programs\MiKTeX\tex/latex/psnfss\ts1ptm.fd
File: ts1ptm.fd 2001/06/04 font definitions for TS1/ptm.
)

LaTeX Font Warning: Font shape `OT1/ptm/m/scit' undefined
(Font)              using `OT1/ptm/m/sc' instead on input line 105.


Package natbib Warning: Citation `kanchan2023social' on page 1 undefined on inp
ut line 110.


Package natbib Warning: Citation `Neely2021-ji' on page 1 undefined on input li
ne 110.


Package natbib Warning: Citation `EDOOSAGIE2020103770' on page 1 undefined on i
nput line 110.


Package natbib Warning: Citation `chen2021social' on page 1 undefined on input 
line 110.


Package natbib Warning: Citation `gatto2023scope' on page 1 undefined on input 
line 110.


Package natbib Warning: Citation `acm_review' on page 1 undefined on input line
 110.


Package natbib Warning: Citation `ma-etal-2023-dice' on page 1 undefined on inp
ut line 114.


Package natbib Warning: Citation `naik-etal-2017-extracting' on page 1 undefine
d on input line 114.


Package natbib Warning: Citation `FLORENCE2021108350' on page 1 undefined on in
put line 125.


Package natbib Warning: Citation `10.1001/jama.2014.2147' on page 1 undefined o
n input line 125.


Package natbib Warning: Citation `mooney2020patient' on page 1 undefined on inp
ut line 125.


Package natbib Warning: Citation `romano2023themedriven' on page 1 undefined on
 input line 125.


Package natbib Warning: Citation `10.1145/3359249' on page 1 undefined on input
 line 125.


Package natbib Warning: Citation `sharma2020engagement' on page 1 undefined on 
input line 125.

[1{C:/Users/orfuc/AppData/Local/MiKTeX/fonts/map/pdftex/pdftex.map}{C:/Users/or
fuc/AppData/Local/Programs/MiKTeX/fonts/enc/dvips/base/8r.enc}



]
LaTeX Font Info:    External font `cmex10' loaded for size
(Font)              <9> on input line 134.


Package natbib Warning: Citation `info:doi/10.2196/43349' on page 2 undefined o
n input line 142.


Package natbib Warning: Citation `Lavertu2021.04.01.21254815' on page 2 undefin
ed on input line 142.


Package natbib Warning: Citation `CHEN2022100061' on page 2 undefined on input 
line 142.


Package natbib Warning: Citation `OpioidRecovery' on page 2 undefined on input 
line 142.


Package natbib Warning: Citation `OpioidRecovery' on page 2 undefined on input 
line 142.


Package natbib Warning: Citation `romano2023themedriven' on page 2 undefined on
 input line 142.


Package natbib Warning: Citation `romano2023themedriven' on page 2 undefined on
 input line 142.


Package natbib Warning: Citation `Balsamo_Bajardi_De' on page 2 undefined on in
put line 142.


Package natbib Warning: Citation `Balsamo_Bajardi_De' on page 2 undefined on in
put line 142.


Package natbib Warning: Citation `ma-etal-2023-dice' on page 2 undefined on inp
ut line 145.


Package natbib Warning: Citation `li-etal-2021-document' on page 2 undefined on
 input line 146.


Package natbib Warning: Citation `lu-etal-2021-text2event' on page 2 undefined 
on input line 146.


Package natbib Warning: Citation `liu-etal-2019-event' on page 2 undefined on i
nput line 146.


Package natbib Warning: Citation `li2023evaluating' on page 2 undefined on inpu
t line 146.


Package natbib Warning: Citation `naik-etal-2017-extracting' on page 2 undefine
d on input line 148.


Package natbib Warning: Citation `naik-etal-2017-extracting' on page 2 undefine
d on input line 148.


Package natbib Warning: Citation `wen_12' on page 2 undefined on input line 148
.


Package natbib Warning: Citation `wen_12' on page 2 undefined on input line 148
.


Package natbib Warning: Citation `wen-etal-2013-extracting' on page 2 undefined
 on input line 148.


Package natbib Warning: Citation `wen-etal-2013-extracting' on page 2 undefined
 on input line 148.


Package natbib Warning: Citation `BOGATINOVSKI2022117215' on page 2 undefined o
n input line 150.


Package natbib Warning: Citation `dickson2022you' on page 2 undefined on input 
line 157.


Underfull \hbox (badness 2134) in paragraph at lines 157--158
\OT1/ptm/m/n/10 events (ISE) from on-line dis-course. These events are
 []


Underfull \hbox (badness 2269) in paragraph at lines 157--158
\OT1/ptm/m/n/10 self-reported by in-di-vid-u-als con-sid-er-ing or un-der-go-in
g
 []


Underfull \hbox (badness 1803) in paragraph at lines 157--158
\OT1/ptm/m/n/10 med-i-ca-tions for OUD (MOUD) treat-ment. MOUD in-
 []


Underfull \hbox (badness 1158) in paragraph at lines 157--158
\OT1/ptm/m/n/10 cludes Buprenor-phine (e.g., Sub-ox-one, Sub-u-tex, Sublo-
 []

[2]
Overfull \hbox (8.11638pt too wide) in paragraph at lines 182--192
 [][] 
 []


Package natbib Warning: Citation `alternative_chi' on page 3 undefined on input
 line 198.


Package natbib Warning: Citation `baumgartner2020pushshift' on page 3 undefined
 on input line 198.


Package natbib Warning: Citation `mirzaei-etal-2023-real' on page 3 undefined o
n input line 202.


Package natbib Warning: Citation `cohen1960coefficient' on page 3 undefined on 
input line 210.


Package natbib Warning: Citation `busetto2020use' on page 3 undefined on input 
line 211.


Overfull \hbox (1.2181pt too wide) in paragraph at lines 215--222
 [][] 
 []


Underfull \hbox (badness 5475) in paragraph at lines 209--225
\OT1/ptm/b/n/10 Inter-annotator Agree-ment: \OT1/ptm/m/n/10 We com-pute the int
er-
 []

[3]
Overfull \hbox (4.57588pt too wide) in paragraph at lines 229--242
 [][] 
 []


Package natbib Warning: Citation `Patwa_2021' on page 4 undefined on input line
 246.


Package natbib Warning: Citation `van-aken-etal-2018-challenges' on page 4 unde
fined on input line 246.


Underfull \hbox (badness 2538) in paragraph at lines 246--247
\OMS/cmsy/m/n/10 ^^Y$\OT1/ptm/m/n/10 7.6k). TREAT-ISE stands apart from other d
omain-
 []


Overfull \hbox (17.85468pt too wide) in paragraph at lines 259--296
 [][] 
 []


LaTeX Warning: `!h' float specifier changed to `!ht'.


Package natbib Warning: Citation `tibshirani-manning-2014-robust' on page 4 und
efined on input line 303.


Package natbib Warning: Citation `wang-manning-2012-baselines' on page 4 undefi
ned on input line 303.


Package natbib Warning: Citation `joulin-etal-2017-bag' on page 4 undefined on 
input line 303.


Package natbib Warning: Citation `NIPS2017_3f5ee243' on page 4 undefined on inp
ut line 304.


Package natbib Warning: Citation `devlin-etal-2019-bert' on page 4 undefined on
 input line 304.


Package natbib Warning: Citation `sanh2020distilbert' on page 4 undefined on in
put line 305.


Package natbib Warning: Citation `liu2019roberta' on page 4 undefined on input 
line 305.


Package natbib Warning: Citation `clark2020electra' on page 4 undefined on inpu
t line 305.


Package natbib Warning: Citation `yang2020xlnet' on page 4 undefined on input l
ine 305.


Package natbib Warning: Citation `song2020mpnet' on page 4 undefined on input l
ine 305.


Package natbib Warning: Citation `10.1001/jamainternmed.2023.2909' on page 4 un
defined on input line 307.


Package natbib Warning: Citation `Gilardi_2023' on page 4 undefined on input li
ne 307.


Package natbib Warning: Citation `ouyang2022training' on page 4 undefined on in
put line 307.


Package natbib Warning: Citation `NEURIPS2022_9d560961' on page 4 undefined on 
input line 307.


Package natbib Warning: Citation `min-etal-2022-rethinking' on page 4 undefined
 on input line 307.

[4]

Package natbib Warning: Citation `maiya2020ktrain' on page 5 undefined on input
 line 323.


Package natbib Warning: Citation `mcnemar1947note' on page 5 undefined on input
 line 343.


Package natbib Warning: Citation `mcnemar1947note' on page 5 undefined on input
 line 343.

LaTeX Font Info:    Trying to load font information for OML+ptm on input line 3
43.
(C:\Users\orfuc\AppData\Local\Programs\MiKTeX\tex/latex/psnfss\omlptm.fd
File: omlptm.fd 
)
LaTeX Font Info:    Font shape `OML/ptm/m/n' in size <10> not available
(Font)              Font shape `OML/cmm/m/it' tried instead on input line 343.

Underfull \hbox (badness 1147) in paragraph at lines 343--344
 \OT1/ptm/b/n/10 Sta-tis-ti-cal sig-nif-i-cance: \OT1/ptm/m/n/10 We con-duct st
a-tis-ti-cal sig-nif-i-
 []

[5]

Package natbib Warning: Citation `Gilardi_2023' on page 6 undefined on input li
ne 349.

<Figures/AM.png, id=26, 167.84708pt x 128.45993pt>
File: Figures/AM.png Graphic file (type png)
<use Figures/AM.png>
Package pdftex.def Info: Figures/AM.png  used on input line 353.
(pdftex.def)             Requested size: 76.60794pt x 58.63164pt.
<Figures/TM.png, id=28, 167.84708pt x 128.45993pt>
File: Figures/TM.png Graphic file (type png)
<use Figures/TM.png>
Package pdftex.def Info: Figures/TM.png  used on input line 354.
(pdftex.def)             Requested size: 76.60794pt x 58.63164pt.
<Figures/TP.png, id=29, 167.84708pt x 128.45993pt>
File: Figures/TP.png Graphic file (type png)
<use Figures/TP.png>
Package pdftex.def Info: Figures/TP.png  used on input line 355.
(pdftex.def)             Requested size: 76.60794pt x 58.63164pt.
<Figures/EP.png, id=30, 167.84708pt x 128.45993pt>
File: Figures/EP.png Graphic file (type png)
<use Figures/EP.png>
Package pdftex.def Info: Figures/EP.png  used on input line 356.
(pdftex.def)             Requested size: 76.60794pt x 58.63164pt.
<Figures/RL.png, id=31, 167.84708pt x 128.45993pt>
File: Figures/RL.png Graphic file (type png)
<use Figures/RL.png>
Package pdftex.def Info: Figures/RL.png  used on input line 357.
(pdftex.def)             Requested size: 76.60794pt x 58.63164pt.
<Figures/OTH.png, id=32, 167.84708pt x 128.45993pt>
File: Figures/OTH.png Graphic file (type png)
<use Figures/OTH.png>
Package pdftex.def Info: Figures/OTH.png  used on input line 358.
(pdftex.def)             Requested size: 76.60794pt x 58.63164pt.

Overfull \hbox (12.01807pt too wide) in paragraph at lines 374--388
 [][] 
 []

<Figures/Length.png, id=33, 404.712pt x 281.853pt>
File: Figures/Length.png Graphic file (type png)
<use Figures/Length.png>
Package pdftex.def Info: Figures/Length.png  used on input line 398.
(pdftex.def)             Requested size: 203.48668pt x 141.71318pt.
[6 <./Figures/AM.png> <./Figures/TM.png> <./Figures/TP.png> <./Figures/EP.png> 
<./Figures/RL.png> <./Figures/OTH.png> <./Figures/Length.png>]
No file after_operator0.bbl.

Package natbib Warning: There were undefined citations.

[7] (after_operator0.aux)
 ***********
LaTeX2e <2023-06-01> patch level 1
L3 programming layer <2023-08-29>
 ***********


LaTeX Warning: Label(s) may have changed. Rerun to get cross-references right.

 ) 
Here is how much of TeX's memory you used:
 7502 strings out of 475247
 130200 string characters out of 5757792
 1959801 words of memory out of 5000000
 28874 multiletter control sequences out of 15000+600000
 585532 words of font info for 80 fonts, out of 8000000 for 9000
 1141 hyphenation exceptions out of 8191
 86i,10n,117p,1725b,427s stack positions out of 10000i,1000n,20000p,200000b,200000s
<C:/Users/orfuc/AppData/Local/Programs/MiKTeX/fonts/type1/public/amsfonts/cm/
cmmi10.pfb><C:/Users/orfuc/AppData/Local/Programs/MiKTeX/fonts/type1/public/ams
fonts/cm/cmmi9.pfb><C:/Users/orfuc/AppData/Local/Programs/MiKTeX/fonts/type1/pu
blic/amsfonts/cm/cmr10.pfb><C:/Users/orfuc/AppData/Local/Programs/MiKTeX/fonts/
type1/public/amsfonts/cm/cmr7.pfb><C:/Users/orfuc/AppData/Local/Programs/MiKTeX
/fonts/type1/public/amsfonts/cm/cmsy10.pfb><C:/Users/orfuc/AppData/Local/Progra
ms/MiKTeX/fonts/type1/public/amsfonts/cm/cmsy7.pfb><C:/Users/orfuc/AppData/Loca
l/Programs/MiKTeX/fonts/type1/urw/times/utmb8a.pfb><C:/Users/orfuc/AppData/Loca
l/Programs/MiKTeX/fonts/type1/urw/times/utmr8a.pfb><C:/Users/orfuc/AppData/Loca
l/Programs/MiKTeX/fonts/type1/urw/times/utmri8a.pfb>
Output written on after_operator0.pdf (7 pages, 453145 bytes).
PDF statistics:
 87 PDF objects out of 1000 (max. 8388607)
 0 named destinations out of 1000 (max. 500000)
 36 words of extra memory for PDF output out of 10000 (max. 10000000)

