This is pdfTeX, Version 3.141592653-2.6-1.40.25 (TeX Live 2023) (preloaded format=pdflatex 2023.11.10)  1 FEB 2024 17:29
entering extended mode
 restricted \write18 enabled.
 %&-line parsing enabled.
**after_operator3.tex
(./after_operator3.tex
LaTeX2e <2022-11-01> patch level 1
L3 programming layer <2023-02-22>
(/usr/local/texlive/2023/texmf-dist/tex/latex/base/article.cls
Document Class: article 2022/07/02 v1.4n Standard LaTeX document class
(/usr/local/texlive/2023/texmf-dist/tex/latex/base/size10.clo
File: size10.clo 2022/07/02 v1.4n Standard LaTeX file (size option)
)
\c@part=\count185
\c@section=\count186
\c@subsection=\count187
\c@subsubsection=\count188
\c@paragraph=\count189
\c@subparagraph=\count190
\c@figure=\count191
\c@table=\count192
\abovecaptionskip=\skip48
\belowcaptionskip=\skip49
\bibindent=\dimen140
)
(/usr/local/texlive/2023/texmf-dist/tex/latex/adjustbox/adjustbox.sty
Package: adjustbox 2022/10/17 v1.3a Adjusting TeX boxes (trim, clip, ...)

(/usr/local/texlive/2023/texmf-dist/tex/latex/xkeyval/xkeyval.sty
Package: xkeyval 2022/06/16 v2.9 package option processing (HA)

(/usr/local/texlive/2023/texmf-dist/tex/generic/xkeyval/xkeyval.tex
(/usr/local/texlive/2023/texmf-dist/tex/generic/xkeyval/xkvutils.tex
\XKV@toks=\toks16
\XKV@tempa@toks=\toks17

(/usr/local/texlive/2023/texmf-dist/tex/generic/xkeyval/keyval.tex))
\XKV@depth=\count193
File: xkeyval.tex 2014/12/03 v2.7a key=value parser (HA)
))
(/usr/local/texlive/2023/texmf-dist/tex/latex/adjustbox/adjcalc.sty
Package: adjcalc 2012/05/16 v1.1 Provides advanced setlength with multiple back
-ends (calc, etex, pgfmath)
)
(/usr/local/texlive/2023/texmf-dist/tex/latex/adjustbox/trimclip.sty
Package: trimclip 2020/08/19 v1.2 Trim and clip general TeX material

(/usr/local/texlive/2023/texmf-dist/tex/latex/graphics/graphicx.sty
Package: graphicx 2021/09/16 v1.2d Enhanced LaTeX Graphics (DPC,SPQR)

(/usr/local/texlive/2023/texmf-dist/tex/latex/graphics/graphics.sty
Package: graphics 2022/03/10 v1.4e Standard LaTeX Graphics (DPC,SPQR)

(/usr/local/texlive/2023/texmf-dist/tex/latex/graphics/trig.sty
Package: trig 2021/08/11 v1.11 sin cos tan (DPC)
)
(/usr/local/texlive/2023/texmf-dist/tex/latex/graphics-cfg/graphics.cfg
File: graphics.cfg 2016/06/04 v1.11 sample graphics configuration
)
Package graphics Info: Driver file: pdftex.def on input line 107.

(/usr/local/texlive/2023/texmf-dist/tex/latex/graphics-def/pdftex.def
File: pdftex.def 2022/09/22 v1.2b Graphics/color driver for pdftex
))
\Gin@req@height=\dimen141
\Gin@req@width=\dimen142
)
(/usr/local/texlive/2023/texmf-dist/tex/latex/collectbox/collectbox.sty
Package: collectbox 2022/10/17 v0.4c Collect macro arguments as boxes
\collectedbox=\box51
)
\tc@llx=\dimen143
\tc@lly=\dimen144
\tc@urx=\dimen145
\tc@ury=\dimen146
Package trimclip Info: Using driver 'tc-pdftex.def'.

(/usr/local/texlive/2023/texmf-dist/tex/latex/adjustbox/tc-pdftex.def
File: tc-pdftex.def 2019/01/04 v2.2 Clipping driver for pdftex
))
\adjbox@Width=\dimen147
\adjbox@Height=\dimen148
\adjbox@Depth=\dimen149
\adjbox@Totalheight=\dimen150
\adjbox@pwidth=\dimen151
\adjbox@pheight=\dimen152
\adjbox@pdepth=\dimen153
\adjbox@ptotalheight=\dimen154

(/usr/local/texlive/2023/texmf-dist/tex/latex/ifoddpage/ifoddpage.sty
Package: ifoddpage 2022/10/18 v1.2 Conditionals for odd/even page detection
\c@checkoddpage=\count194
)
(/usr/local/texlive/2023/texmf-dist/tex/latex/varwidth/varwidth.sty
Package: varwidth 2009/03/30 ver 0.92;  Variable-width minipages
\@vwid@box=\box52
\sift@deathcycles=\count195
\@vwid@loff=\dimen155
\@vwid@roff=\dimen156
))
(./aaai23.sty
Package: aaai23 2023/06/27 AAAI 2023 Submission format

Conference Style for AAAI for LaTeX 2e -- version for submission
\titlebox=\skip50
) (/usr/local/texlive/2023/texmf-dist/tex/latex/psnfss/times.sty
Package: times 2020/03/25 PSNFSS-v9.3 (SPQR) 
)
(/usr/local/texlive/2023/texmf-dist/tex/latex/psnfss/helvet.sty
Package: helvet 2020/03/25 PSNFSS-v9.3 (WaS) 
)
(/usr/local/texlive/2023/texmf-dist/tex/latex/psnfss/courier.sty
Package: courier 2020/03/25 PSNFSS-v9.3 (WaS) 
)
(/usr/local/texlive/2023/texmf-dist/tex/latex/url/url.sty
\Urlmuskip=\muskip16
Package: url 2013/09/16  ver 3.4  Verb mode for urls, etc.
)
(/usr/local/texlive/2023/texmf-dist/tex/latex/natbib/natbib.sty
Package: natbib 2010/09/13 8.31b (PWD, AO)
\bibhang=\skip51
\bibsep=\skip52
LaTeX Info: Redefining \cite on input line 694.
\c@NAT@ctr=\count196
)
(/usr/local/texlive/2023/texmf-dist/tex/latex/caption/caption.sty
Package: caption 2023/03/12 v3.6j Customizing captions (AR)

(/usr/local/texlive/2023/texmf-dist/tex/latex/caption/caption3.sty
Package: caption3 2023/03/12 v2.4 caption3 kernel (AR)
\caption@tempdima=\dimen157
\captionmargin=\dimen158
\caption@leftmargin=\dimen159
\caption@rightmargin=\dimen160
\caption@width=\dimen161
\caption@indent=\dimen162
\caption@parindent=\dimen163
\caption@hangindent=\dimen164
Package caption Info: Standard document class detected.
)
\c@caption@flags=\count197
\c@continuedfloat=\count198
)
(/usr/local/texlive/2023/texmf-dist/tex/latex/graphics/rotating.sty
Package: rotating 2016/08/11 v2.16d rotated objects in LaTeX

(/usr/local/texlive/2023/texmf-dist/tex/latex/base/ifthen.sty
Package: ifthen 2022/04/13 v1.1d Standard LaTeX ifthen package (DPC)
)
\c@r@tfl@t=\count199
\rotFPtop=\skip53
\rotFPbot=\skip54
\rot@float@box=\box53
\rot@mess@toks=\toks18
)
(/usr/local/texlive/2023/texmf-dist/tex/latex/multirow/multirow.sty
Package: multirow 2021/03/15 v2.8 Span multiple rows of a table
\multirow@colwidth=\skip55
\multirow@cntb=\count266
\multirow@dima=\skip56
\bigstrutjot=\dimen165
)
(/usr/local/texlive/2023/texmf-dist/tex/latex/footmisc/footmisc.sty
Package: footmisc 2022/03/08 v6.0d a miscellany of footnote facilities
\FN@temptoken=\toks19
\footnotemargin=\dimen166
\@outputbox@depth=\dimen167
Package footmisc Info: Declaring symbol style bringhurst on input line 695.
Package footmisc Info: Declaring symbol style chicago on input line 703.
Package footmisc Info: Declaring symbol style wiley on input line 712.
Package footmisc Info: Declaring symbol style lamport-robust on input line 723.

Package footmisc Info: Declaring symbol style lamport* on input line 743.
Package footmisc Info: Declaring symbol style lamport*-robust on input line 764
.
)
(/usr/local/texlive/2023/texmf-dist/tex/latex/algorithm2e/algorithm2e.sty
Package: algorithm2e 2017/07/18 v5.2 algorithms environments
\c@AlgoLine=\count267
\algocf@hangindent=\skip57

(/usr/local/texlive/2023/texmf-dist/tex/latex/tools/xspace.sty
Package: xspace 2014/10/28 v1.13 Space after command names (DPC,MH)
)
(/usr/local/texlive/2023/texmf-dist/tex/latex/relsize/relsize.sty
Package: relsize 2013/03/29 ver 4.1
)
\skiptotal=\skip58
\skiplinenumber=\skip59
\skiprule=\skip60
\skiphlne=\skip61
\skiptext=\skip62
\skiplength=\skip63
\algomargin=\skip64
\skipalgocfslide=\skip65
\algowidth=\dimen168
\inoutsize=\dimen169
\inoutindent=\dimen170
\interspacetitleruled=\dimen171
\interspacealgoruled=\dimen172
\interspacetitleboxruled=\dimen173
\algocf@ruledwidth=\skip66
\algocf@inoutbox=\box54
\algocf@inputbox=\box55
\AlCapSkip=\skip67
\AlCapHSkip=\skip68
\algoskipindent=\skip69
\algocf@nlbox=\box56
\algocf@hangingbox=\box57
\algocf@untilbox=\box58
\algocf@skipuntil=\skip70
\algocf@capbox=\box59
\algocf@lcaptionbox=\skip71
\algoheightruledefault=\skip72
\algoheightrule=\skip73
\algotitleheightruledefault=\skip74
\algotitleheightrule=\skip75
\c@algocfline=\count268
\c@algocfproc=\count269
\c@algocf=\count270
\algocf@algoframe=\box60
\algocf@algobox=\box61
)
(/usr/local/texlive/2023/texmf-dist/tex/latex/amsmath/amsmath.sty
Package: amsmath 2022/04/08 v2.17n AMS math features
\@mathmargin=\skip76

For additional information on amsmath, use the `?' option.
(/usr/local/texlive/2023/texmf-dist/tex/latex/amsmath/amstext.sty
Package: amstext 2021/08/26 v2.01 AMS text

(/usr/local/texlive/2023/texmf-dist/tex/latex/amsmath/amsgen.sty
File: amsgen.sty 1999/11/30 v2.0 generic functions
\@emptytoks=\toks20
\ex@=\dimen174
))
(/usr/local/texlive/2023/texmf-dist/tex/latex/amsmath/amsbsy.sty
Package: amsbsy 1999/11/29 v1.2d Bold Symbols
\pmbraise@=\dimen175
)
(/usr/local/texlive/2023/texmf-dist/tex/latex/amsmath/amsopn.sty
Package: amsopn 2022/04/08 v2.04 operator names
)
\inf@bad=\count271
LaTeX Info: Redefining \frac on input line 234.
\uproot@=\count272
\leftroot@=\count273
LaTeX Info: Redefining \overline on input line 399.
LaTeX Info: Redefining \colon on input line 410.
\classnum@=\count274
\DOTSCASE@=\count275
LaTeX Info: Redefining \ldots on input line 496.
LaTeX Info: Redefining \dots on input line 499.
LaTeX Info: Redefining \cdots on input line 620.
\Mathstrutbox@=\box62
\strutbox@=\box63
LaTeX Info: Redefining \big on input line 722.
LaTeX Info: Redefining \Big on input line 723.
LaTeX Info: Redefining \bigg on input line 724.
LaTeX Info: Redefining \Bigg on input line 725.
\big@size=\dimen176
LaTeX Font Info:    Redeclaring font encoding OML on input line 743.
LaTeX Font Info:    Redeclaring font encoding OMS on input line 744.
\macc@depth=\count276
LaTeX Info: Redefining \bmod on input line 905.
LaTeX Info: Redefining \pmod on input line 910.
LaTeX Info: Redefining \smash on input line 940.
LaTeX Info: Redefining \relbar on input line 970.
LaTeX Info: Redefining \Relbar on input line 971.
\c@MaxMatrixCols=\count277
\dotsspace@=\muskip17
\c@parentequation=\count278
\dspbrk@lvl=\count279
\tag@help=\toks21
\row@=\count280
\column@=\count281
\maxfields@=\count282
\andhelp@=\toks22
\eqnshift@=\dimen177
\alignsep@=\dimen178
\tagshift@=\dimen179
\tagwidth@=\dimen180
\totwidth@=\dimen181
\lineht@=\dimen182
\@envbody=\toks23
\multlinegap=\skip77
\multlinetaggap=\skip78
\mathdisplay@stack=\toks24
LaTeX Info: Redefining \[ on input line 2953.
LaTeX Info: Redefining \] on input line 2954.
)
(/usr/local/texlive/2023/texmf-dist/tex/latex/amsfonts/amssymb.sty
Package: amssymb 2013/01/14 v3.01 AMS font symbols

(/usr/local/texlive/2023/texmf-dist/tex/latex/amsfonts/amsfonts.sty
Package: amsfonts 2013/01/14 v3.01 Basic AMSFonts support
\symAMSa=\mathgroup4
\symAMSb=\mathgroup5
LaTeX Font Info:    Redeclaring math symbol \hbar on input line 98.
LaTeX Font Info:    Overwriting math alphabet `\mathfrak' in version `bold'
(Font)                  U/euf/m/n --> U/euf/b/n on input line 106.
))
(/usr/local/texlive/2023/texmf-dist/tex/latex/booktabs/booktabs.sty
Package: booktabs 2020/01/12 v1.61803398 Publication quality tables
\heavyrulewidth=\dimen183
\lightrulewidth=\dimen184
\cmidrulewidth=\dimen185
\belowrulesep=\dimen186
\belowbottomsep=\dimen187
\aboverulesep=\dimen188
\abovetopsep=\dimen189
\cmidrulesep=\dimen190
\cmidrulekern=\dimen191
\defaultaddspace=\dimen192
\@cmidla=\count283
\@cmidlb=\count284
\@aboverulesep=\dimen193
\@belowrulesep=\dimen194
\@thisruleclass=\count285
\@lastruleclass=\count286
\@thisrulewidth=\dimen195
)
(/usr/local/texlive/2023/texmf-dist/tex/latex/base/latexsym.sty
Package: latexsym 1998/08/17 v2.2e Standard LaTeX package (lasy symbols)
\symlasy=\mathgroup6
LaTeX Font Info:    Overwriting symbol font `lasy' in version `bold'
(Font)                  U/lasy/m/n --> U/lasy/b/n on input line 52.
)
(/usr/local/texlive/2023/texmf-dist/tex/latex/units/units.sty
Package: units 1998/08/04 v0.9b Typesetting units

(/usr/local/texlive/2023/texmf-dist/tex/latex/units/nicefrac.sty
Package: nicefrac 1998/08/04 v0.9b Nice fractions
\L@UnitsRaiseDisplaystyle=\skip79
\L@UnitsRaiseTextstyle=\skip80
\L@UnitsRaiseScriptstyle=\skip81
))
(/usr/local/texlive/2023/texmf-dist/tex/latex/mnsymbol/MnSymbol.sty
Package: MnSymbol 2007/01/21 v1.4 support for the MnSymbol font

(/usr/local/texlive/2023/texmf-dist/tex/latex/base/textcomp.sty
Package: textcomp 2020/02/02 v2.0n Standard LaTeX package
)
LaTeX Info: Redefining \dagger on input line 84.
LaTeX Info: Redefining \ddagger on input line 84.
LaTeX Info: Redefining \mathparagraph on input line 84.
LaTeX Info: Redefining \mathsection on input line 84.
LaTeX Info: Redefining \mathdollar on input line 84.
LaTeX Info: Redefining \mathsterling on input line 84.
LaTeX Info: Redefining \yen on input line 84.
LaTeX Info: Redefining \circledR on input line 84.
LaTeX Info: Redefining \circledS on input line 84.
LaTeX Info: Redefining \Re on input line 84.
LaTeX Info: Redefining \Im on input line 84.
LaTeX Info: Redefining \dotplus on input line 84.
LaTeX Info: Redefining \thicksim on input line 84.
LaTeX Info: Redefining \thickapprox on input line 84.
LaTeX Info: Redefining \veebar on input line 84.
LaTeX Info: Redefining \barwedge on input line 84.
LaTeX Info: Redefining \doublebarwedge on input line 84.
LaTeX Info: Redefining \centerdot on input line 84.
LaTeX Info: Redefining \divideontimes on input line 84.
\symMnSyA=\mathgroup7
\symMnSyB=\mathgroup8
\symMnSyC=\mathgroup9
\symMnSyD=\mathgroup10
LaTeX Font Info:    Redeclaring symbol font `largesymbols' on input line 119.
LaTeX Font Info:    Overwriting symbol font `largesymbols' in version `normal'
(Font)                  OMX/cmex/m/n --> OMX/MnSymbolE/m/n on input line 119.
LaTeX Font Info:    Overwriting symbol font `largesymbols' in version `bold'
(Font)                  OMX/cmex/m/n --> OMX/MnSymbolE/m/n on input line 119.
LaTeX Font Info:    Redeclaring symbol font `symbols' on input line 120.
LaTeX Font Info:    Encoding `OMS' has changed to `U' for symbol font
(Font)              `symbols' in the math version `normal' on input line 120.
LaTeX Font Info:    Overwriting symbol font `symbols' in version `normal'
(Font)                  OMS/cmsy/m/n --> U/MnSymbolF/m/n on input line 120.
LaTeX Font Info:    Encoding `OMS' has changed to `U' for symbol font
(Font)              `symbols' in the math version `bold' on input line 120.
LaTeX Font Info:    Overwriting symbol font `symbols' in version `bold'
(Font)                  OMS/cmsy/b/n --> U/MnSymbolF/m/n on input line 120.
LaTeX Font Info:    Overwriting symbol font `MnSyA' in version `bold'
(Font)                  U/MnSymbolA/m/n --> U/MnSymbolA/b/n on input line 121.
LaTeX Font Info:    Overwriting symbol font `MnSyB' in version `bold'
(Font)                  U/MnSymbolB/m/n --> U/MnSymbolB/b/n on input line 122.
LaTeX Font Info:    Overwriting symbol font `MnSyC' in version `bold'
(Font)                  U/MnSymbolC/m/n --> U/MnSymbolC/b/n on input line 123.
LaTeX Font Info:    Overwriting symbol font `MnSyD' in version `bold'
(Font)                  U/MnSymbolD/m/n --> U/MnSymbolD/b/n on input line 124.
LaTeX Font Info:    Overwriting symbol font `largesymbols' in version `bold'
(Font)                  OMX/MnSymbolE/m/n --> OMX/MnSymbolE/b/n on input line 1
25.
LaTeX Font Info:    Overwriting symbol font `symbols' in version `bold'
(Font)                  U/MnSymbolF/m/n --> U/MnSymbolF/b/n on input line 126.
LaTeX Font Info:    Redeclaring math alphabet \mathcal on input line 241.
LaTeX Font Info:    Overwriting math alphabet `\mathcal' in version `bold'
(Font)                  OMS/MnSymbolS/m/n --> OMS/MnSymbolS/b/n on input line 2
41.
LaTeX Info: Redefining \longrightarrow on input line 548.
LaTeX Info: Redefining \longleftarrow on input line 549.
LaTeX Info: Redefining \longleftrightarrow on input line 550.
LaTeX Info: Redefining \Longrightarrow on input line 551.
LaTeX Info: Redefining \Longleftarrow on input line 552.
LaTeX Info: Redefining \Longleftrightarrow on input line 553.
LaTeX Info: Redefining \longmapsto on input line 554.
LaTeX Info: Redefining \vdots on input line 868.
LaTeX Font Info:    Redeclaring math symbol \braceld on input line 1721.
LaTeX Font Info:    Redeclaring math symbol \bracelu on input line 1722.
LaTeX Font Info:    Redeclaring math symbol \bracerd on input line 1723.
LaTeX Font Info:    Redeclaring math symbol \braceru on input line 1724.
LaTeX Info: Redefining \downbracefill on input line 1799.
LaTeX Info: Redefining \upbracefill on input line 1800.
LaTeX Info: Redefining \overbrace on input line 1819.
LaTeX Info: Redefining \underbrace on input line 1820.
LaTeX Info: Redefining \surd on input line 1843.
LaTeX Font Info:    Redeclaring math accent \widehat on input line 1845.
LaTeX Font Info:    Redeclaring math accent \widetilde on input line 1846.
LaTeX Font Info:    Redeclaring math accent \vec on input line 1848.
)
(/usr/local/texlive/2023/texmf-dist/tex/latex/comment/comment.sty
\CommentStream=\write3

Excluding comment 'comment')
(/usr/local/texlive/2023/texmf-dist/tex/latex/diagbox/diagbox.sty
Package: diagbox 2020/02/09 v2.3 Making table heads with diagonal lines

(/usr/local/texlive/2023/texmf-dist/tex/latex/pict2e/pict2e.sty
Package: pict2e 2020/09/30 v0.4b Improved picture commands (HjG,RN,JT)

(/usr/local/texlive/2023/texmf-dist/tex/latex/pict2e/pict2e.cfg
File: pict2e.cfg 2016/02/05 v0.1u pict2e configuration for teTeX/TeXLive
)
Package pict2e Info: Driver file: pdftex.def on input line 112.
Package pict2e Info: Driver file for pict2e: p2e-pdftex.def on input line 114.

(/usr/local/texlive/2023/texmf-dist/tex/latex/pict2e/p2e-pdftex.def
File: p2e-pdftex.def 2016/02/05 v0.1u Driver-dependant file (RN,HjG,JT)
)
\pIIe@GRAPH=\toks25
\@arclen=\dimen196
\@arcrad=\dimen197
\pIIe@tempdima=\dimen198
\pIIe@tempdimb=\dimen199
\pIIe@tempdimc=\dimen256
\pIIe@tempdimd=\dimen257
\pIIe@tempdime=\dimen258
\pIIe@tempdimf=\dimen259
)
(/usr/local/texlive/2023/texmf-dist/tex/latex/tools/calc.sty
Package: calc 2017/05/25 v4.3 Infix arithmetic (KKT,FJ)
\calc@Acount=\count287
\calc@Bcount=\count288
\calc@Adimen=\dimen260
\calc@Bdimen=\dimen261
\calc@Askip=\skip82
\calc@Bskip=\skip83
LaTeX Info: Redefining \setlength on input line 80.
LaTeX Info: Redefining \addtolength on input line 81.
\calc@Ccount=\count289
\calc@Cskip=\skip84
)
(/usr/local/texlive/2023/texmf-dist/tex/latex/tools/array.sty
Package: array 2022/09/04 v2.5g Tabular extension package (FMi)
\col@sep=\dimen262
\ar@mcellbox=\box64
\extrarowheight=\dimen263
\NC@list=\toks26
\extratabsurround=\skip85
\backup@length=\skip86
\ar@cellbox=\box65
)
\diagbox@boxa=\box66
\diagbox@boxb=\box67
\diagbox@boxm=\box68
\diagbox@wd=\dimen264
\diagbox@ht=\dimen265
\diagbox@insepl=\dimen266
\diagbox@insepr=\dimen267
\diagbox@outsepl=\dimen268
\diagbox@outsepr=\dimen269
)
(/usr/local/texlive/2023/texmf-dist/tex/latex/qtree/qtree.sty
Package: 2008/12/12 v.3.1bQtree: tree-drawing for linguistics
Package: qtree 2008/12/12 v.3.1bQtree: tree-drawing for linguistics
\c@treecount=\count290
\c@branchcount=\count291
\parentbox=\box69
\treebox=\box70
\treeboxone=\box71
\treeboxtwo=\box72
\treeboxthree=\box73
\treeboxfour=\box74
\treeboxfive=\box75
\treeboxsix=\box76
\treeboxseven=\box77
\treeboxeight=\box78
\treeboxnine=\box79
\treeboxten=\box80
\treeboxeleven=\box81
\treeboxtwelve=\box82
\treeboxthirteen=\box83
\treeboxfourteen=\box84
\treeboxfifteen=\box85
\treeboxsixteen=\box86
\treeboxseventeen=\box87
\treeboxeighteen=\box88
\treeboxnineteen=\box89
\treeboxtwenty=\box90
\treeoffsetone=\skip87
\treeoffsettwo=\skip88
\treeoffsetthree=\skip89
\treeoffsetfour=\skip90
\treeoffsetfive=\skip91
\treeoffsetsix=\skip92
\treeoffsetseven=\skip93
\treeoffseteight=\skip94
\treeoffsetnine=\skip95
\treeoffsetten=\skip96
\treeoffseteleven=\skip97
\treeoffsettwelve=\skip98
\treeoffsetthirteen=\skip99
\treeoffsetfourteen=\skip100
\treeoffsetfifteen=\skip101
\treeoffsetsixteen=\skip102
\treeoffsetseventeen=\skip103
\treeoffseteighteen=\skip104
\treeoffsetnineteen=\skip105
\treeoffsettwenty=\skip106
\treeshiftone=\skip107
\treeshifttwo=\skip108
\treeshiftthree=\skip109
\treeshiftfour=\skip110
\treeshiftfive=\skip111
\treeshiftsix=\skip112
\treeshiftseven=\skip113
\treeshifteight=\skip114
\treeshiftnine=\skip115
\treeshiftten=\skip116
\treeshifteleven=\skip117
\treeshifttwelve=\skip118
\treeshiftthirteen=\skip119
\treeshiftfourteen=\skip120
\treeshiftfifteen=\skip121
\treeshiftsixteen=\skip122
\treeshiftseventeen=\skip123
\treeshifteighteen=\skip124
\treeshiftnineteen=\skip125
\treeshifttwenty=\skip126
\treewidthone=\skip127
\treewidthtwo=\skip128
\treewidththree=\skip129
\treewidthfour=\skip130
\treewidthfive=\skip131
\treewidthsix=\skip132
\treewidthseven=\skip133
\treewidtheight=\skip134
\treewidthnine=\skip135
\treewidthten=\skip136
\treewidtheleven=\skip137
\treewidthtwelve=\skip138
\treewidththirteen=\skip139
\treewidthfourteen=\skip140
\treewidthfifteen=\skip141
\treewidthsixteen=\skip142
\treewidthseventeen=\skip143
\treewidtheighteen=\skip144
\treewidthnineteen=\skip145
\treewidthtwenty=\skip146
\daughteroffsetone=\skip147
\daughteroffsettwo=\skip148
\daughteroffsetthree=\skip149
\daughteroffsetfour=\skip150
\branchwidthone=\skip151
\branchwidthtwo=\skip152
\branchwidththree=\skip153
\branchwidthfour=\skip154
\parentoffset=\skip155
\treeoffset=\skip156
\daughteroffset=\skip157
\branchwidth=\skip158
\parentwidth=\skip159
\treewidth=\skip160
\qta=\toks27
\qtb=\toks28
\nbranches=\count292
\qroofx=\count293
\qroofy=\count294
\@qrscratchbox=\box91
) (/usr/local/texlive/2023/texmf-dist/tex/latex/graphics/color.sty
Package: color 2022/01/06 v1.3d Standard LaTeX Color (DPC)

(/usr/local/texlive/2023/texmf-dist/tex/latex/graphics-cfg/color.cfg
File: color.cfg 2016/01/02 v1.6 sample color configuration
)
Package color Info: Driver file: pdftex.def on input line 149.

(/usr/local/texlive/2023/texmf-dist/tex/latex/graphics/mathcolor.ltx))
(/usr/local/texlive/2023/texmf-dist/tex/latex/xcolor/xcolor.sty
Package: xcolor 2022/06/12 v2.14 LaTeX color extensions (UK)

(/usr/local/texlive/2023/texmf-dist/tex/latex/graphics-cfg/color.cfg
File: color.cfg 2016/01/02 v1.6 sample color configuration
)
Package xcolor Info: Driver file: pdftex.def on input line 227.
LaTeX Info: Redefining \color on input line 711.

(/usr/local/texlive/2023/texmf-dist/tex/latex/graphics/mathcolor.ltx)
Package xcolor Info: Model `cmy' substituted by `cmy0' on input line 1353.
Package xcolor Info: Model `hsb' substituted by `rgb' on input line 1357.
Package xcolor Info: Model `RGB' extended on input line 1369.
Package xcolor Info: Model `HTML' substituted by `rgb' on input line 1371.
Package xcolor Info: Model `Hsb' substituted by `hsb' on input line 1372.
Package xcolor Info: Model `tHsb' substituted by `hsb' on input line 1373.
Package xcolor Info: Model `HSB' substituted by `hsb' on input line 1374.
Package xcolor Info: Model `Gray' substituted by `gray' on input line 1375.
Package xcolor Info: Model `wave' substituted by `hsb' on input line 1376.

(/usr/local/texlive/2023/texmf-dist/tex/latex/graphics/dvipsnam.def
File: dvipsnam.def 2016/06/17 v3.0m Driver-dependent file (DPC,SPQR)
))
\c@df=\count295
\c@notation=\count296
\c@theorem=\count297
\c@lemma=\count298
\c@col=\count299
\c@remark=\count300
\c@proposition=\count301
LaTeX Font Info:    Trying to load font information for OT1+ptm on input line 1
21.

(/usr/local/texlive/2023/texmf-dist/tex/latex/psnfss/ot1ptm.fd
File: ot1ptm.fd 2001/06/04 font definitions for OT1/ptm.
)
(/usr/local/texlive/2023/texmf-dist/tex/latex/l3backend/l3backend-pdftex.def
File: l3backend-pdftex.def 2023-01-16 L3 backend support: PDF output (pdfTeX)
\l__color_backend_stack_int=\count302
\l__pdf_internal_box=\box92
)
(./after_operator3.aux)
\openout1 = `after_operator3.aux'.

LaTeX Font Info:    Checking defaults for OML/cmm/m/it on input line 121.
LaTeX Font Info:    ... okay on input line 121.
LaTeX Font Info:    Checking defaults for OMS/cmsy/m/n on input line 121.
LaTeX Font Info:    ... okay on input line 121.
LaTeX Font Info:    Checking defaults for OT1/cmr/m/n on input line 121.
LaTeX Font Info:    ... okay on input line 121.
LaTeX Font Info:    Checking defaults for T1/cmr/m/n on input line 121.
LaTeX Font Info:    ... okay on input line 121.
LaTeX Font Info:    Checking defaults for TS1/cmr/m/n on input line 121.
LaTeX Font Info:    ... okay on input line 121.
LaTeX Font Info:    Checking defaults for OMX/cmex/m/n on input line 121.
LaTeX Font Info:    ... okay on input line 121.
LaTeX Font Info:    Checking defaults for U/cmr/m/n on input line 121.
LaTeX Font Info:    ... okay on input line 121.

(/usr/local/texlive/2023/texmf-dist/tex/context/base/mkii/supp-pdf.mkii
[Loading MPS to PDF converter (version 2006.09.02).]
\scratchcounter=\count303
\scratchdimen=\dimen270
\scratchbox=\box93
\nofMPsegments=\count304
\nofMParguments=\count305
\everyMPshowfont=\toks29
\MPscratchCnt=\count306
\MPscratchDim=\dimen271
\MPnumerator=\count307
\makeMPintoPDFobject=\count308
\everyMPtoPDFconversion=\toks30
) (/usr/local/texlive/2023/texmf-dist/tex/latex/epstopdf-pkg/epstopdf-base.sty
Package: epstopdf-base 2020-01-24 v2.11 Base part for package epstopdf

(/usr/local/texlive/2023/texmf-dist/tex/generic/infwarerr/infwarerr.sty
Package: infwarerr 2019/12/03 v1.5 Providing info/warning/error messages (HO)
)
(/usr/local/texlive/2023/texmf-dist/tex/latex/grfext/grfext.sty
Package: grfext 2019/12/03 v1.3 Manage graphics extensions (HO)

(/usr/local/texlive/2023/texmf-dist/tex/generic/kvdefinekeys/kvdefinekeys.sty
Package: kvdefinekeys 2019-12-19 v1.6 Define keys (HO)
)) (/usr/local/texlive/2023/texmf-dist/tex/latex/kvoptions/kvoptions.sty
Package: kvoptions 2022-06-15 v3.15 Key value format for package options (HO)

(/usr/local/texlive/2023/texmf-dist/tex/generic/ltxcmds/ltxcmds.sty
Package: ltxcmds 2020-05-10 v1.25 LaTeX kernel commands for general use (HO)
)
(/usr/local/texlive/2023/texmf-dist/tex/latex/kvsetkeys/kvsetkeys.sty
Package: kvsetkeys 2022-10-05 v1.19 Key value parser (HO)
))
(/usr/local/texlive/2023/texmf-dist/tex/generic/pdftexcmds/pdftexcmds.sty
Package: pdftexcmds 2020-06-27 v0.33 Utility functions of pdfTeX for LuaTeX (HO
)

(/usr/local/texlive/2023/texmf-dist/tex/generic/iftex/iftex.sty
Package: iftex 2022/02/03 v1.0f TeX engine tests
)
Package pdftexcmds Info: \pdf@primitive is available.
Package pdftexcmds Info: \pdf@ifprimitive is available.
Package pdftexcmds Info: \pdfdraftmode found.
)
Package epstopdf-base Info: Redefining graphics rule for `.eps' on input line 4
85.
Package grfext Info: Graphics extension search list:
(grfext)             [.pdf,.png,.jpg,.mps,.jpeg,.jbig2,.jb2,.PDF,.PNG,.JPG,.JPE
G,.JBIG2,.JB2,.eps]
(grfext)             \AppendGraphicsExtensions on input line 504.

(/usr/local/texlive/2023/texmf-dist/tex/latex/latexconfig/epstopdf-sys.cfg
File: epstopdf-sys.cfg 2010/07/13 v1.3 Configuration of (r)epstopdf for TeX Liv
e
))
Package caption Info: Begin \AtBeginDocument code.
Package caption Info: rotating package is loaded.
Package caption Info: End \AtBeginDocument code.
\c@eqfn=\count309
\titlearea=\box94
LaTeX Font Info:    Trying to load font information for OMS+ptm on input line 1
23.

(/usr/local/texlive/2023/texmf-dist/tex/latex/psnfss/omsptm.fd
File: omsptm.fd 
)
LaTeX Font Info:    Font shape `OMS/ptm/m/n' in size <10> not available
(Font)              Font shape `OMS/cmsy/m/n' tried instead on input line 123.
\actualheight=\skip161
LaTeX Font Info:    Trying to load font information for TS1+ptm on input line 1
23.

(/usr/local/texlive/2023/texmf-dist/tex/latex/psnfss/ts1ptm.fd
File: ts1ptm.fd 2001/06/04 font definitions for TS1/ptm.
)

Package natbib Warning: Citation `yu2013structure' on page 1 undefined on input
 line 134.


Package natbib Warning: Citation `surynek2010optimization' on page 1 undefined 
on input line 134.


Package natbib Warning: Citation `ma2016multi' on page 1 undefined on input lin
e 134.


Package natbib Warning: Citation `ma2017feasibility' on page 1 undefined on inp
ut line 134.


Package natbib Warning: Citation `wurman2008coordinating' on page 1 undefined o
n input line 134.


Package natbib Warning: Citation `Koen20r' on page 1 undefined on input line 13
4.


Package natbib Warning: Citation `Koen23e' on page 1 undefined on input line 13
4.


Package natbib Warning: Citation `Koen23g' on page 1 undefined on input line 13
4.


Package natbib Warning: Citation `latombe1991multiple' on page 1 undefined on i
nput line 136.


Package natbib Warning: Citation `bennewitz2002finding' on page 1 undefined on 
input line 136.


Package natbib Warning: Citation `silver2005cooperative' on page 1 undefined on
 input line 136.


Package natbib Warning: Citation `van2005prioritized' on page 1 undefined on in
put line 136.


Package natbib Warning: Citation `van2005prioritized' on page 1 undefined on in
put line 138.


Package natbib Warning: Citation `wang2019new' on page 1 undefined on input lin
e 138.


Package natbib Warning: Citation `wu2020multi' on page 1 undefined on input lin
e 138.


Package natbib Warning: Citation `buckley1988fast' on page 1 undefined on input
 line 138.


Package natbib Warning: Citation `li2019coupling' on page 1 undefined on input 
line 138.


Package natbib Warning: Citation `zhang2022learning' on page 1 undefined on inp
ut line 138.


Package natbib Warning: Citation `bulitko2022portability' on page 1 undefined o
n input line 140.


Package natbib Warning: Citation `zhang2022learning' on page 1 undefined on inp
ut line 140.


Underfull \hbox (badness 3108) in paragraph at lines 140--141
[]\OT1/ptm/m/n/10 In this pa-per we at-tempt to com-bine the human-
 []

[1{/usr/local/texlive/2023/texmf-var/fonts/map/pdftex/updmap/pdftex.map}{/usr/l
ocal/texlive/2023/texmf-dist/fonts/enc/dvips/base/8r.enc}



]
LaTeX Font Info:    Trying to load font information for U+msa on input line 149
.

(/usr/local/texlive/2023/texmf-dist/tex/latex/amsfonts/umsa.fd
File: umsa.fd 2013/01/14 v3.01 AMS symbols A
)
LaTeX Font Info:    Trying to load font information for U+msb on input line 149
.

(/usr/local/texlive/2023/texmf-dist/tex/latex/amsfonts/umsb.fd
File: umsb.fd 2013/01/14 v3.01 AMS symbols B
)
LaTeX Font Info:    Trying to load font information for U+lasy on input line 14
9.

(/usr/local/texlive/2023/texmf-dist/tex/latex/base/ulasy.fd
File: ulasy.fd 1998/08/17 v2.2e LaTeX symbol font definitions
)

Package natbib Warning: Citation `AStar' on page 2 undefined on input line 151.



Package natbib Warning: Citation `zhang2022learning' on page 2 undefined on inp
ut line 168.


Package natbib Warning: Citation `stern2019multi' on page 2 undefined on input 
line 174.


Package natbib Warning: Citation `morag2022online' on page 2 undefined on input
 line 179.


Package natbib Warning: Citation `silver2005cooperative' on page 2 undefined on
 input line 179.


Package natbib Warning: Citation `li2021lifelong' on page 2 undefined on input 
line 179.


Package natbib Warning: Citation `bennewitz2002finding' on page 2 undefined on 
input line 181.


Package natbib Warning: Citation `ma2019searching' on page 2 undefined on input
 line 181.


Package natbib Warning: Citation `van2005prioritized' on page 2 undefined on in
put line 183.


Package natbib Warning: Citation `bnaya2014conflict' on page 2 undefined on inp
ut line 183.

[2{/usr/local/texlive/2023/texmf-dist/fonts/enc/dvips/mnsymbol/MnSymbolE.enc}{/
usr/local/texlive/2023/texmf-dist/fonts/enc/dvips/mnsymbol/MnSymbolS.enc}{/usr/
local/texlive/2023/texmf-dist/fonts/enc/dvips/mnsymbol/MnSymbolD.enc}{/usr/loca
l/texlive/2023/texmf-dist/fonts/enc/dvips/mnsymbol/MnSymbolC.enc}{/usr/local/te
xlive/2023/texmf-dist/fonts/enc/dvips/mnsymbol/MnSymbolA.enc}{/usr/local/texliv
e/2023/texmf-dist/fonts/enc/dvips/mnsymbol/MnSymbolF.enc}]

Package natbib Warning: Citation `sigurdson2019automatic' on page 3 undefined o
n input line 185.


Package natbib Warning: Citation `ren2021mapfast' on page 3 undefined on input 
line 185.


Package natbib Warning: Citation `alkazzi2022mapfaster' on page 3 undefined on 
input line 185.


Package natbib Warning: Citation `kaduri2020algorithm' on page 3 undefined on i
nput line 185.


Package natbib Warning: Citation `huang2022anytime' on page 3 undefined on inpu
t line 185.


Package natbib Warning: Citation `huang2021learning2' on page 3 undefined on in
put line 185.


Package natbib Warning: Citation `huang2021learning' on page 3 undefined on inp
ut line 185.


Package natbib Warning: Citation `sharon2015conflict' on page 3 undefined on in
put line 185.


Package natbib Warning: Citation `barer2014suboptimal' on page 3 undefined on i
nput line 185.


Package natbib Warning: Citation `zhang2022learning' on page 3 undefined on inp
ut line 185.


Package natbib Warning: Citation `cog2020' on page 3 undefined on input line 18
7.


Package natbib Warning: Citation `bulitko2021fast' on page 3 undefined on input
 line 187.


Package natbib Warning: Citation `sergio2021' on page 3 undefined on input line
 187.


Package natbib Warning: Citation `bulitko2022portability' on page 3 undefined o
n input line 187.


Package natbib Warning: Citation `acs2020' on page 3 undefined on input line 18
7.


Package natbib Warning: Citation `bulitko2022portability' on page 3 undefined o
n input line 192.


Package natbib Warning: Citation `bulitko2022portability' on page 3 undefined o
n input line 192.


Package natbib Warning: Citation `zhang2022learning' on page 3 undefined on inp
ut line 193.


Package natbib Warning: Citation `zhang2022learning' on page 3 undefined on inp
ut line 193.


Package natbib Warning: Citation `zhang2022learning' on page 3 undefined on inp
ut line 199.


Package natbib Warning: Citation `zhang2022learning' on page 3 undefined on inp
ut line 199.


Package natbib Warning: Citation `sharon2013increasing' on page 3 undefined on 
input line 199.


Package natbib Warning: Citation `sharon2013increasing' on page 3 undefined on 
input line 199.


Package natbib Warning: Citation `zhang2022learning' on page 3 undefined on inp
ut line 199.


Package natbib Warning: Citation `zhang2022learning' on page 3 undefined on inp
ut line 199.


Package natbib Warning: Citation `sharon2013increasing' on page 3 undefined on 
input line 199.


Package natbib Warning: Citation `sharon2013increasing' on page 3 undefined on 
input line 199.


Package natbib Warning: Citation `bulitko2022portability' on page 3 undefined o
n input line 227.


Package natbib Warning: Citation `bulitko2022portability' on page 3 undefined o
n input line 227.

LaTeX Font Info:    Trying to load font information for OT1+lmvtt on input line
 239.
(/usr/local/texlive/2023/texmf-dist/tex/latex/lm/ot1lmvtt.fd
File: ot1lmvtt.fd 2015/05/01 v1.6.1 Font defs for Latin Modern
)

Package natbib Warning: Citation `bulitko2022portability' on page 3 undefined o
n input line 244.


Package natbib Warning: Citation `bulitko2022portability' on page 3 undefined o
n input line 244.


Package natbib Warning: Citation `bulitko2022portability' on page 3 undefined o
n input line 246.


Package natbib Warning: Citation `bulitko2022portability' on page 3 undefined o
n input line 246.


Package natbib Warning: Citation `bulitko2022portability' on page 3 undefined o
n input line 254.


Package natbib Warning: Citation `bulitko2022portability' on page 3 undefined o
n input line 254.


Package natbib Warning: Citation `bulitko2022portability' on page 3 undefined o
n input line 291.


Package natbib Warning: Citation `bulitko2022portability' on page 3 undefined o
n input line 291.


Underfull \hbox (badness 3088) in paragraph at lines 293--294
[]\OT1/ptm/m/n/10 From now on we use $\OML/cmm/m/it/10 x[]$ \OT1/ptm/m/n/10 as 
a short-hand for
 []

[3{/usr/local/texlive/2023/texmf-dist/fonts/enc/dvips/lm/lm-rm.enc}]

Package natbib Warning: Citation `zhang2022learning' on page 4 undefined on inp
ut line 302.


Package natbib Warning: Citation `stern2019multi' on page 4 undefined on input 
line 302.


Package natbib Warning: Citation `van2005prioritized' on page 4 undefined on in
put line 302.


Package natbib Warning: Citation `ma2019searching' on page 4 undefined on input
 line 302.


Package natbib Warning: Citation `bennewitz2002finding' on page 4 undefined on 
input line 302.


Package natbib Warning: Citation `zhang2022learning' on page 4 undefined on inp
ut line 302.


Package natbib Warning: Citation `zhang2022learning' on page 4 undefined on inp
ut line 302.


Package natbib Warning: Citation `zhang2022learning' on page 4 undefined on inp
ut line 304.


Package natbib Warning: Citation `zhang2022learning' on page 4 undefined on inp
ut line 306.


Package natbib Warning: Citation `zhang2022learning' on page 4 undefined on inp
ut line 306.


Package natbib Warning: Citation `zhang2022learning' on page 4 undefined on inp
ut line 310.


Package natbib Warning: Citation `bulitko2022portability' on page 4 undefined o
n input line 319.

[4]

Package natbib Warning: Citation `zhang2022learning' on page 5 undefined on inp
ut line 328.


Package natbib Warning: Citation `zhang2022learning' on page 5 undefined on inp
ut line 333.


Package natbib Warning: Citation `zhang2022learning' on page 5 undefined on inp
ut line 465.


Package natbib Warning: Citation `zhang2022learning' on page 5 undefined on inp
ut line 467.


Package natbib Warning: Citation `zhang2022learning' on page 5 undefined on inp
ut line 537.

[5]
<figs/succRankPortability.png, id=49, 629.35126pt x 90.3375pt>
File: figs/succRankPortability.png Graphic file (type png)
<use figs/succRankPortability.png>
Package pdftex.def Info: figs/succRankPortability.png  used on input line 549.
(pdftex.def)             Requested size: 239.39438pt x 34.36305pt.
 [6]

Package natbib Warning: Citation `bulitko2022portability' on page 7 undefined o
n input line 558.


Package natbib Warning: Citation `shah2022near' on page 7 undefined on input li
ne 558.


Package natbib Warning: Citation `mapElites' on page 7 undefined on input line 
558.


Package natbib Warning: Citation `Gallotta_2022' on page 7 undefined on input l
ine 558.


Package natbib Warning: Citation `FI2Pop' on page 7 undefined on input line 558
.


Package natbib Warning: Citation `bulitko2022portability' on page 7 undefined o
n input line 563.

[7 <./figs/succRankPortability.png>] [8]
No file after_operator3.bbl.

Package natbib Warning: There were undefined citations.

(./after_operator3.aux)

LaTeX Warning: Label(s) may have changed. Rerun to get cross-references right.

 ) 
Here is how much of TeX's memory you used:
 11540 strings out of 476025
 184900 string characters out of 5790016
 1990388 words of memory out of 5000000
 31730 multiletter control sequences out of 15000+600000
 563106 words of font info for 128 fonts, out of 8000000 for 9000
 1141 hyphenation exceptions out of 8191
 86i,16n,117p,3863b,603s stack positions out of 10000i,1000n,20000p,200000b,200000s
</usr/local/texlive/2023/texmf-dist/fonts/type1/public/mnsymbol/MnSymbol10.pf
b></usr/local/texlive/2023/texmf-dist/fonts/type1/public/mnsymbol/MnSymbol6.pfb
></usr/local/texlive/2023/texmf-dist/fonts/type1/public/mnsymbol/MnSymbol7.pfb>
</usr/local/texlive/2023/texmf-dist/fonts/type1/public/mnsymbol/MnSymbol9.pfb><
/usr/local/texlive/2023/texmf-dist/fonts/type1/public/amsfonts/cm/cmbx10.pfb></
usr/local/texlive/2023/texmf-dist/fonts/type1/public/amsfonts/cm/cmbx9.pfb></us
r/local/texlive/2023/texmf-dist/fonts/type1/public/amsfonts/cm/cmmi10.pfb></usr
/local/texlive/2023/texmf-dist/fonts/type1/public/amsfonts/cm/cmmi5.pfb></usr/l
ocal/texlive/2023/texmf-dist/fonts/type1/public/amsfonts/cm/cmmi6.pfb></usr/loc
al/texlive/2023/texmf-dist/fonts/type1/public/amsfonts/cm/cmmi7.pfb></usr/local
/texlive/2023/texmf-dist/fonts/type1/public/amsfonts/cm/cmmi9.pfb></usr/local/t
exlive/2023/texmf-dist/fonts/type1/public/amsfonts/cm/cmr10.pfb></usr/local/tex
live/2023/texmf-dist/fonts/type1/public/amsfonts/cm/cmr5.pfb></usr/local/texliv
e/2023/texmf-dist/fonts/type1/public/amsfonts/cm/cmr6.pfb></usr/local/texlive/2
023/texmf-dist/fonts/type1/public/amsfonts/cm/cmr7.pfb></usr/local/texlive/2023
/texmf-dist/fonts/type1/public/amsfonts/cm/cmr9.pfb></usr/local/texlive/2023/te
xmf-dist/fonts/type1/public/amsfonts/cm/cmsy10.pfb></usr/local/texlive/2023/tex
mf-dist/fonts/type1/public/lm/lmvtt10.pfb></usr/local/texlive/2023/texmf-dist/f
onts/type1/public/amsfonts/symbols/msbm10.pfb></usr/local/texlive/2023/texmf-di
st/fonts/type1/urw/times/utmb8a.pfb></usr/local/texlive/2023/texmf-dist/fonts/t
ype1/urw/times/utmr8a.pfb></usr/local/texlive/2023/texmf-dist/fonts/type1/urw/t
imes/utmri8a.pfb>
Output written on after_operator3.pdf (8 pages, 357043 bytes).
PDF statistics:
 186 PDF objects out of 1000 (max. 8388607)
 117 compressed objects within 2 object streams
 0 named destinations out of 1000 (max. 500000)
 6 words of extra memory for PDF output out of 10000 (max. 10000000)

