This is pdfTeX, Version 3.141592653-2.6-1.40.25 (MiKTeX 23.5) (preloaded format=pdflatex 2024.1.12)  3 MAR 2024 16:27
entering extended mode
 restricted \write18 enabled.
 %&-line parsing enabled.
**./aaai19_changed.tex
(aaai19_changed.tex
LaTeX2e <2023-06-01> patch level 1
L3 programming layer <2023-08-29>
(C:\Users\orfuc\AppData\Local\Programs\MiKTeX\tex/latex/base\article.cls
Document Class: article 2023/05/17 v1.4n Standard LaTeX document class
(C:\Users\orfuc\AppData\Local\Programs\MiKTeX\tex/latex/base\size10.clo
File: size10.clo 2023/05/17 v1.4n Standard LaTeX file (size option)
)
\c@part=\count185
\c@section=\count186
\c@subsection=\count187
\c@subsubsection=\count188
\c@paragraph=\count189
\c@subparagraph=\count190
\c@figure=\count191
\c@table=\count192
\abovecaptionskip=\skip48
\belowcaptionskip=\skip49
\bibindent=\dimen140
)
(aaai19.sty
Conference Style for AAAI for LaTeX 2e -- version for the AAAI-19 conference
\titlebox=\skip50
) (C:\Users\orfuc\AppData\Local\Programs\MiKTeX\tex/latex/psnfss\times.sty
Package: times 2020/03/25 PSNFSS-v9.3 (SPQR) 
)
(C:\Users\orfuc\AppData\Local\Programs\MiKTeX\tex/latex/psnfss\helvet.sty
Package: helvet 2020/03/25 PSNFSS-v9.3 (WaS) 

(C:\Users\orfuc\AppData\Local\Programs\MiKTeX\tex/latex/graphics\keyval.sty
Package: keyval 2022/05/29 v1.15 key=value parser (DPC)
\KV@toks@=\toks17
))
(C:\Users\orfuc\AppData\Local\Programs\MiKTeX\tex/latex/psnfss\courier.sty
Package: courier 2020/03/25 PSNFSS-v9.3 (WaS) 
)
(C:\Users\orfuc\AppData\Local\Programs\MiKTeX\tex/latex/booktabs\booktabs.sty
Package: booktabs 2020/01/12 v1.61803398 Publication quality tables
\heavyrulewidth=\dimen141
\lightrulewidth=\dimen142
\cmidrulewidth=\dimen143
\belowrulesep=\dimen144
\belowbottomsep=\dimen145
\aboverulesep=\dimen146
\abovetopsep=\dimen147
\cmidrulesep=\dimen148
\cmidrulekern=\dimen149
\defaultaddspace=\dimen150
\@cmidla=\count193
\@cmidlb=\count194
\@aboverulesep=\dimen151
\@belowrulesep=\dimen152
\@thisruleclass=\count195
\@lastruleclass=\count196
\@thisrulewidth=\dimen153
)
(C:\Users\orfuc\AppData\Local\Programs\MiKTeX\tex/latex/url\url.sty
\Urlmuskip=\muskip16
Package: url 2013/09/16  ver 3.4  Verb mode for urls, etc.
)
(C:\Users\orfuc\AppData\Local\Programs\MiKTeX\tex/latex/graphics\graphicx.sty
Package: graphicx 2021/09/16 v1.2d Enhanced LaTeX Graphics (DPC,SPQR)

(C:\Users\orfuc\AppData\Local\Programs\MiKTeX\tex/latex/graphics\graphics.sty
Package: graphics 2022/03/10 v1.4e Standard LaTeX Graphics (DPC,SPQR)

(C:\Users\orfuc\AppData\Local\Programs\MiKTeX\tex/latex/graphics\trig.sty
Package: trig 2021/08/11 v1.11 sin cos tan (DPC)
)
(C:\Users\orfuc\AppData\Local\Programs\MiKTeX\tex/latex/graphics-cfg\graphics.c
fg
File: graphics.cfg 2016/06/04 v1.11 sample graphics configuration
)
Package graphics Info: Driver file: pdftex.def on input line 107.

(C:\Users\orfuc\AppData\Local\Programs\MiKTeX\tex/latex/graphics-def\pdftex.def
File: pdftex.def 2022/09/22 v1.2b Graphics/color driver for pdftex
))
\Gin@req@height=\dimen154
\Gin@req@width=\dimen155
)
(C:\Users\orfuc\AppData\Local\Programs\MiKTeX\tex/latex/amsfonts\amsfonts.sty
Package: amsfonts 2013/01/14 v3.01 Basic AMSFonts support
\@emptytoks=\toks18
\symAMSa=\mathgroup4
\symAMSb=\mathgroup5
LaTeX Font Info:    Redeclaring math symbol \hbar on input line 98.
LaTeX Font Info:    Overwriting math alphabet `\mathfrak' in version `bold'
(Font)                  U/euf/m/n --> U/euf/b/n on input line 106.
)
(C:\Users\orfuc\AppData\Local\Programs\MiKTeX\tex/latex/amsmath\amsmath.sty
Package: amsmath 2023/05/13 v2.17o AMS math features
\@mathmargin=\skip51

For additional information on amsmath, use the `?' option.
(C:\Users\orfuc\AppData\Local\Programs\MiKTeX\tex/latex/amsmath\amstext.sty
Package: amstext 2021/08/26 v2.01 AMS text

(C:\Users\orfuc\AppData\Local\Programs\MiKTeX\tex/latex/amsmath\amsgen.sty
File: amsgen.sty 1999/11/30 v2.0 generic functions
\@emptytoks=\toks19
\ex@=\dimen156
))
(C:\Users\orfuc\AppData\Local\Programs\MiKTeX\tex/latex/amsmath\amsbsy.sty
Package: amsbsy 1999/11/29 v1.2d Bold Symbols
\pmbraise@=\dimen157
)
(C:\Users\orfuc\AppData\Local\Programs\MiKTeX\tex/latex/amsmath\amsopn.sty
Package: amsopn 2022/04/08 v2.04 operator names
)
\inf@bad=\count197
LaTeX Info: Redefining \frac on input line 234.
\uproot@=\count198
\leftroot@=\count199
LaTeX Info: Redefining \overline on input line 399.
LaTeX Info: Redefining \colon on input line 410.
\classnum@=\count266
\DOTSCASE@=\count267
LaTeX Info: Redefining \ldots on input line 496.
LaTeX Info: Redefining \dots on input line 499.
LaTeX Info: Redefining \cdots on input line 620.
\Mathstrutbox@=\box51
\strutbox@=\box52
LaTeX Info: Redefining \big on input line 722.
LaTeX Info: Redefining \Big on input line 723.
LaTeX Info: Redefining \bigg on input line 724.
LaTeX Info: Redefining \Bigg on input line 725.
\big@size=\dimen158
LaTeX Font Info:    Redeclaring font encoding OML on input line 743.
LaTeX Font Info:    Redeclaring font encoding OMS on input line 744.
\macc@depth=\count268
LaTeX Info: Redefining \bmod on input line 905.
LaTeX Info: Redefining \pmod on input line 910.
LaTeX Info: Redefining \smash on input line 940.
LaTeX Info: Redefining \relbar on input line 970.
LaTeX Info: Redefining \Relbar on input line 971.
\c@MaxMatrixCols=\count269
\dotsspace@=\muskip17
\c@parentequation=\count270
\dspbrk@lvl=\count271
\tag@help=\toks20
\row@=\count272
\column@=\count273
\maxfields@=\count274
\andhelp@=\toks21
\eqnshift@=\dimen159
\alignsep@=\dimen160
\tagshift@=\dimen161
\tagwidth@=\dimen162
\totwidth@=\dimen163
\lineht@=\dimen164
\@envbody=\toks22
\multlinegap=\skip52
\multlinetaggap=\skip53
\mathdisplay@stack=\toks23
LaTeX Info: Redefining \[ on input line 2953.
LaTeX Info: Redefining \] on input line 2954.
)
(C:\Users\orfuc\AppData\Local\Programs\MiKTeX\tex/latex/tools\bm.sty
Package: bm 2022/01/05 v1.2f Bold Symbol Support (DPC/FMi)
\symboldoperators=\mathgroup6
\symboldletters=\mathgroup7
\symboldsymbols=\mathgroup8
Package bm Info: No bold for \OMX/cmex/m/n, using \pmb.
Package bm Info: No bold for \U/msa/m/n, using \pmb.
Package bm Info: No bold for \U/msb/m/n, using \pmb.
LaTeX Font Info:    Redeclaring math alphabet \mathbf on input line 149.
)
(C:\Users\orfuc\AppData\Local\Programs\MiKTeX\tex/latex/multirow\multirow.sty
Package: multirow 2021/03/15 v2.8 Span multiple rows of a table
\multirow@colwidth=\skip54
\multirow@cntb=\count275
\multirow@dima=\skip55
\bigstrutjot=\dimen165
)
(C:\Users\orfuc\AppData\Local\Programs\MiKTeX\tex/latex/subfigure\subfigure.sty
Package: subfigure 2002/07/30 v2.1.4 subfigure package
\subfigtopskip=\skip56
\subfigcapskip=\skip57
\subfigcaptopadj=\dimen166
\subfigbottomskip=\skip58
\subfigcapmargin=\dimen167
\subfiglabelskip=\skip59
\c@subfigure=\count276
\c@lofdepth=\count277
\c@subtable=\count278
\c@lotdepth=\count279
****************************************
* Local config file subfigure.cfg used *
****************************************

(C:\Users\orfuc\AppData\Local\Programs\MiKTeX\tex/latex/subfigure\subfigure.cfg
)
\subfig@top=\skip60
\subfig@bottom=\skip61
)
(C:\Users\orfuc\AppData\Local\Programs\MiKTeX\tex/latex/algorithms\algorithm.st
y
Package: algorithm 2009/08/24 v0.1 Document Style `algorithm' - floating enviro
nment
 (C:\Users\orfuc\AppData\Local\Programs\MiKTeX\tex/latex/float\float.sty
Package: float 2001/11/08 v1.3d Float enhancements (AL)
\c@float@type=\count280
\float@exts=\toks24
\float@box=\box53
\@float@everytoks=\toks25
\@floatcapt=\box54
)
(C:\Users\orfuc\AppData\Local\Programs\MiKTeX\tex/latex/base\ifthen.sty
Package: ifthen 2022/04/13 v1.1d Standard LaTeX ifthen package (DPC)
)
\@float@every@algorithm=\toks26
\c@algorithm=\count281
)
(C:\Users\orfuc\AppData\Local\Programs\MiKTeX\tex/latex/algorithmicx\algpseudoc
ode.sty
Package: algpseudocode 

(C:\Users\orfuc\AppData\Local\Programs\MiKTeX\tex/latex/algorithmicx\algorithmi
cx.sty
Package: algorithmicx 2005/04/27 v1.2 Algorithmicx

Document Style algorithmicx 1.2 - a greatly improved `algorithmic' style
\c@ALG@line=\count282
\c@ALG@rem=\count283
\c@ALG@nested=\count284
\ALG@tlm=\skip62
\ALG@thistlm=\skip63
\c@ALG@Lnr=\count285
\c@ALG@blocknr=\count286
\c@ALG@storecount=\count287
\c@ALG@tmpcounter=\count288
\ALG@tmplength=\skip64
)
Document Style - pseudocode environments for use with the `algorithmicx' style
) (C:\Users\orfuc\AppData\Local\Programs\MiKTeX\tex/latex/makecell\makecell.sty
Package: makecell 2009/08/03 V0.1e Managing of Tab Column Heads and Cells
(C:\Users\orfuc\AppData\Local\Programs\MiKTeX\tex/latex/tools\array.sty
Package: array 2022/09/04 v2.5g Tabular extension package (FMi)
\col@sep=\dimen168
\ar@mcellbox=\box55
\extrarowheight=\dimen169
\NC@list=\toks27
\extratabsurround=\skip65
\backup@length=\skip66
\ar@cellbox=\box56
)
\rotheadsize=\dimen170
\c@nlinenum=\count289
\TeXr@lab=\toks28
)
(C:\Users\orfuc\AppData\Local\Programs\MiKTeX\tex/latex/tools\xspace.sty
Package: xspace 2014/10/28 v1.13 Space after command names (DPC,MH)
)
(C:\Users\orfuc\AppData\Local\Programs\MiKTeX\tex/latex/amsfonts\amssymb.sty
Package: amssymb 2013/01/14 v3.01 AMS font symbols
)
(C:\Users\orfuc\AppData\Local\Programs\MiKTeX\tex/latex/footmisc\footmisc.sty
Package: footmisc 2023/07/05 v6.0f a miscellany of footnote facilities
\FN@temptoken=\toks29
\footnotemargin=\dimen171
\@outputbox@depth=\dimen172
Package footmisc Info: Declaring symbol style bringhurst on input line 696.
Package footmisc Info: Declaring symbol style chicago on input line 704.
Package footmisc Info: Declaring symbol style wiley on input line 713.
Package footmisc Info: Declaring symbol style lamport-robust on input line 724.

Package footmisc Info: Declaring symbol style lamport* on input line 744.
Package footmisc Info: Declaring symbol style lamport*-robust on input line 765
.
)
(C:\Users\orfuc\AppData\Local\Programs\MiKTeX\tex/latex/listings\listings.sty
\lst@mode=\count290
\lst@gtempboxa=\box57
\lst@token=\toks30
\lst@length=\count291
\lst@currlwidth=\dimen173
\lst@column=\count292
\lst@pos=\count293
\lst@lostspace=\dimen174
\lst@width=\dimen175
\lst@newlines=\count294
\lst@lineno=\count295
\lst@maxwidth=\dimen176

(C:\Users\orfuc\AppData\Local\Programs\MiKTeX\tex/latex/listings\lstmisc.sty
File: lstmisc.sty 2023/02/27 1.9 (Carsten Heinz)
\c@lstnumber=\count296
\lst@skipnumbers=\count297
\lst@framebox=\box58
)
(C:\Users\orfuc\AppData\Local\Programs\MiKTeX\tex/latex/listings\listings.cfg
File: listings.cfg 2023/02/27 1.9 listings configuration
))
Package: listings 2023/02/27 1.9 (Carsten Heinz)
(C:\Users\orfuc\AppData\Local\Programs\MiKTeX\tex/latex/numprint\numprint.sty
Package: numprint 2012/08/20 v1.39 Print numbers (HH)
\c@nprt@mantissa@digitsbefore=\count298
\c@nprt@mantissa@digitsafter=\count299
\c@nprt@exponent@digitsbefore=\count300
\c@nprt@exponent@digitsafter=\count301
\nprt@digitwidth=\skip67
\nprt@sepwidth=\skip68
\nprt@decimalwidth=\skip69
\nprt@blockwidth=\skip70
\nprt@digittoks=\toks31
\nprt@pretoks=\toks32
\nprt@posttoks=\toks33
\nprt@thisdigit=\count302
\nprt@curpos=\count303
\nprt@rndpos=\count304
\c@nprt@digitsfirstblock=\count305
\c@nprt@blockcnt=\count306
\c@nprt@cntprint=\count307

No configuration file `numprint.cfg' found.)
(C:\Users\orfuc\AppData\Local\Programs\MiKTeX\tex/latex/paralist\paralist.sty
Package: paralist 2017/01/22 v2.7 Extended list environments
\pltopsep=\skip71
\plpartopsep=\skip72
\plitemsep=\skip73
\plparsep=\skip74
\pl@lab=\toks34
)
(C:\Users\orfuc\AppData\Local\Programs\MiKTeX\tex/latex/enumitem\enumitem.sty
Package: enumitem 2019/06/20 v3.9 Customized lists
\labelindent=\skip75
\enit@outerparindent=\dimen177
\enit@toks=\toks35
\enit@inbox=\box59
\enit@count@id=\count308
\enitdp@description=\count309
)
(C:\Users\orfuc\AppData\Local\Programs\MiKTeX\tex/latex/colortbl\colortbl.sty
Package: colortbl 2022/06/20 v1.0f Color table columns (DPC)

(C:\Users\orfuc\AppData\Local\Programs\MiKTeX\tex/latex/graphics\color.sty
Package: color 2022/01/06 v1.3d Standard LaTeX Color (DPC)

(C:\Users\orfuc\AppData\Local\Programs\MiKTeX\tex/latex/graphics-cfg\color.cfg
File: color.cfg 2016/01/02 v1.6 sample color configuration
)
Package color Info: Driver file: pdftex.def on input line 149.
(C:\Users\orfuc\AppData\Local\Programs\MiKTeX\tex/latex/graphics\mathcolor.ltx)
)
\everycr=\toks36
\minrowclearance=\skip76
\rownum=\count310
) (C:\Users\orfuc\AppData\Local\Programs\MiKTeX\tex/generic/soul\soul.sty
Package: soul 2023-06-14 v3.1 Permit use of UTF-8 characters in soul (HO)

(C:\Users\orfuc\AppData\Local\Programs\MiKTeX\tex/generic/soul\soul-ori.sty
Package: soul-ori 2023-06-14 v3.1 letterspacing/underlining (mf)
\SOUL@word=\toks37
\SOUL@lasttoken=\toks38
\SOUL@syllable=\toks39
\SOUL@cmds=\toks40
\SOUL@buffer=\toks41
\SOUL@token=\toks42
\SOUL@syllgoal=\dimen178
\SOUL@syllwidth=\dimen179
\SOUL@charkern=\dimen180
\SOUL@hyphkern=\dimen181
\SOUL@dimen=\dimen182
\SOUL@dimeni=\dimen183
\SOUL@minus=\count311
\SOUL@comma=\count312
\SOUL@apo=\count313
\SOUL@grave=\count314
\SOUL@spaceskip=\skip77
\SOUL@ttwidth=\dimen184
\SOUL@uldp=\dimen185
\SOUL@ulht=\dimen186
)
(C:\Users\orfuc\AppData\Local\Programs\MiKTeX\tex/generic/infwarerr\infwarerr.s
ty
Package: infwarerr 2019/12/03 v1.5 Providing info/warning/error messages (HO)
)
(C:\Users\orfuc\AppData\Local\Programs\MiKTeX\tex/generic/etexcmds\etexcmds.sty
Package: etexcmds 2019/12/15 v1.7 Avoid name clashes with e-TeX commands (HO)
(C:\Users\orfuc\AppData\Local\Programs\MiKTeX\tex/generic/iftex\iftex.sty
Package: iftex 2022/02/03 v1.0f TeX engine tests
)))
(C:\Users\orfuc\AppData\Local\Programs\MiKTeX\tex/latex/epstopdf-pkg\epstopdf.s
ty
Package: epstopdf 2020-01-24 v2.11 Conversion with epstopdf on the fly (HO)
 (C:\Users\orfuc\AppData\Local\Programs\MiKTeX\tex/latex/grfext\grfext.sty
Package: grfext 2019/12/03 v1.3 Manage graphics extensions (HO)

(C:\Users\orfuc\AppData\Local\Programs\MiKTeX\tex/generic/kvdefinekeys\kvdefine
keys.sty
Package: kvdefinekeys 2019-12-19 v1.6 Define keys (HO)
))
(C:\Users\orfuc\AppData\Local\Programs\MiKTeX\tex/latex/kvoptions\kvoptions.sty
Package: kvoptions 2022-06-15 v3.15 Key value format for package options (HO)
(C:\Users\orfuc\AppData\Local\Programs\MiKTeX\tex/generic/ltxcmds\ltxcmds.sty
Package: ltxcmds 2020-05-10 v1.25 LaTeX kernel commands for general use (HO)
)
(C:\Users\orfuc\AppData\Local\Programs\MiKTeX\tex/latex/kvsetkeys\kvsetkeys.sty
Package: kvsetkeys 2022-10-05 v1.19 Key value parser (HO)
))
(C:\Users\orfuc\AppData\Local\Programs\MiKTeX\tex/generic/pdftexcmds\pdftexcmds
.sty
Package: pdftexcmds 2020-06-27 v0.33 Utility functions of pdfTeX for LuaTeX (HO
)
Package pdftexcmds Info: \pdf@primitive is available.
Package pdftexcmds Info: \pdf@ifprimitive is available.
Package pdftexcmds Info: \pdfdraftmode found.
)
(C:\Users\orfuc\AppData\Local\Programs\MiKTeX\tex/latex/epstopdf-pkg\epstopdf-b
ase.sty
Package: epstopdf-base 2020-01-24 v2.11 Base part for package epstopdf
Package epstopdf-base Info: Redefining graphics rule for `.eps' on input line 4
85.
Package grfext Info: Graphics extension search list:
(grfext)             [.pdf,.png,.jpg,.mps,.jpeg,.jbig2,.jb2,.PDF,.PNG,.JPG,.JPE
G,.JBIG2,.JB2,.eps]
(grfext)             \AppendGraphicsExtensions on input line 504.

(C:\Users\orfuc\AppData\Local\Programs\MiKTeX\tex/latex/00miktex\epstopdf-sys.c
fg
File: epstopdf-sys.cfg 2021/03/18 v2.0 Configuration of epstopdf for MiKTeX
))) (C:\Users\orfuc\AppData\Local\Programs\MiKTeX\tex/latex/psnfss\pifont.sty
Package: pifont 2020/03/25 PSNFSS-v9.3 Pi font support (SPQR) 
LaTeX Font Info:    Trying to load font information for U+pzd on input line 63.

(C:\Users\orfuc\AppData\Local\Programs\MiKTeX\tex/latex/psnfss\upzd.fd
File: upzd.fd 2001/06/04 font definitions for U/pzd.
)
LaTeX Font Info:    Trying to load font information for U+psy on input line 64.


(C:\Users\orfuc\AppData\Local\Programs\MiKTeX\tex/latex/psnfss\upsy.fd
File: upsy.fd 2001/06/04 font definitions for U/psy.
))
(C:\Users\orfuc\AppData\Local\Programs\MiKTeX\tex/latex/xcolor\xcolor.sty
Package: xcolor 2022/06/12 v2.14 LaTeX color extensions (UK)

(C:\Users\orfuc\AppData\Local\Programs\MiKTeX\tex/latex/graphics-cfg\color.cfg
File: color.cfg 2016/01/02 v1.6 sample color configuration
)
Package xcolor Info: Driver file: pdftex.def on input line 227.
LaTeX Info: Redefining \color on input line 711.
(C:\Users\orfuc\AppData\Local\Programs\MiKTeX\tex/latex/graphics\mathcolor.ltx)
Package xcolor Info: Model `cmy' substituted by `cmy0' on input line 1353.
Package xcolor Info: Model `hsb' substituted by `rgb' on input line 1357.
Package xcolor Info: Model `RGB' extended on input line 1369.
Package xcolor Info: Model `HTML' substituted by `rgb' on input line 1371.
Package xcolor Info: Model `Hsb' substituted by `hsb' on input line 1372.
Package xcolor Info: Model `tHsb' substituted by `hsb' on input line 1373.
Package xcolor Info: Model `HSB' substituted by `hsb' on input line 1374.
Package xcolor Info: Model `Gray' substituted by `gray' on input line 1375.
Package xcolor Info: Model `wave' substituted by `hsb' on input line 1376.
) (C:\Users\orfuc\AppData\Local\Programs\MiKTeX\tex/latex/jknappen\mathrsfs.sty
Package: mathrsfs 1996/01/01 Math RSFS package v1.0 (jk)
\symrsfs=\mathgroup9
)
(C:\Users\orfuc\AppData\Local\Programs\MiKTeX\tex/latex/todonotes\todonotes.sty
Package: todonotes 2023/01/31 v1.1.6 Todonotes source and documentation.
Package: todonotes 2023/01/31
(C:\Users\orfuc\AppData\Local\Programs\MiKTeX\tex/latex/xkeyval\xkeyval.sty
Package: xkeyval 2022/06/16 v2.9 package option processing (HA)

(C:\Users\orfuc\AppData\Local\Programs\MiKTeX\tex/generic/xkeyval\xkeyval.tex
(C:\Users\orfuc\AppData\Local\Programs\MiKTeX\tex/generic/xkeyval\xkvutils.tex
\XKV@toks=\toks43
\XKV@tempa@toks=\toks44
)
\XKV@depth=\count315
File: xkeyval.tex 2014/12/03 v2.7a key=value parser (HA)
))
(C:\Users\orfuc\AppData\Local\Programs\MiKTeX\tex/latex/pgf/frontendlayer\tikz.
sty
(C:\Users\orfuc\AppData\Local\Programs\MiKTeX\tex/latex/pgf/basiclayer\pgf.sty
(C:\Users\orfuc\AppData\Local\Programs\MiKTeX\tex/latex/pgf/utilities\pgfrcs.st
y
(C:\Users\orfuc\AppData\Local\Programs\MiKTeX\tex/generic/pgf/utilities\pgfutil
-common.tex
\pgfutil@everybye=\toks45
\pgfutil@tempdima=\dimen187
\pgfutil@tempdimb=\dimen188
)
(C:\Users\orfuc\AppData\Local\Programs\MiKTeX\tex/generic/pgf/utilities\pgfutil
-latex.def
\pgfutil@abb=\box60
)
(C:\Users\orfuc\AppData\Local\Programs\MiKTeX\tex/generic/pgf/utilities\pgfrcs.
code.tex
(C:\Users\orfuc\AppData\Local\Programs\MiKTeX\tex/generic/pgf\pgf.revision.tex)
Package: pgfrcs 2023-01-15 v3.1.10 (3.1.10)
))
Package: pgf 2023-01-15 v3.1.10 (3.1.10)

(C:\Users\orfuc\AppData\Local\Programs\MiKTeX\tex/latex/pgf/basiclayer\pgfcore.
sty
(C:\Users\orfuc\AppData\Local\Programs\MiKTeX\tex/latex/pgf/systemlayer\pgfsys.
sty
(C:\Users\orfuc\AppData\Local\Programs\MiKTeX\tex/generic/pgf/systemlayer\pgfsy
s.code.tex
Package: pgfsys 2023-01-15 v3.1.10 (3.1.10)

(C:\Users\orfuc\AppData\Local\Programs\MiKTeX\tex/generic/pgf/utilities\pgfkeys
.code.tex
\pgfkeys@pathtoks=\toks46
\pgfkeys@temptoks=\toks47

(C:\Users\orfuc\AppData\Local\Programs\MiKTeX\tex/generic/pgf/utilities\pgfkeys
libraryfiltered.code.tex
\pgfkeys@tmptoks=\toks48
))
\pgf@x=\dimen189
\pgf@y=\dimen190
\pgf@xa=\dimen191
\pgf@ya=\dimen192
\pgf@xb=\dimen193
\pgf@yb=\dimen194
\pgf@xc=\dimen195
\pgf@yc=\dimen196
\pgf@xd=\dimen197
\pgf@yd=\dimen198
\w@pgf@writea=\write3
\r@pgf@reada=\read2
\c@pgf@counta=\count316
\c@pgf@countb=\count317
\c@pgf@countc=\count318
\c@pgf@countd=\count319
\t@pgf@toka=\toks49
\t@pgf@tokb=\toks50
\t@pgf@tokc=\toks51
\pgf@sys@id@count=\count320

(C:\Users\orfuc\AppData\Local\Programs\MiKTeX\tex/generic/pgf/systemlayer\pgf.c
fg
File: pgf.cfg 2023-01-15 v3.1.10 (3.1.10)
)
Driver file for pgf: pgfsys-pdftex.def

(C:\Users\orfuc\AppData\Local\Programs\MiKTeX\tex/generic/pgf/systemlayer\pgfsy
s-pdftex.def
File: pgfsys-pdftex.def 2023-01-15 v3.1.10 (3.1.10)

(C:\Users\orfuc\AppData\Local\Programs\MiKTeX\tex/generic/pgf/systemlayer\pgfsy
s-common-pdf.def
File: pgfsys-common-pdf.def 2023-01-15 v3.1.10 (3.1.10)
)))
(C:\Users\orfuc\AppData\Local\Programs\MiKTeX\tex/generic/pgf/systemlayer\pgfsy
ssoftpath.code.tex
File: pgfsyssoftpath.code.tex 2023-01-15 v3.1.10 (3.1.10)
\pgfsyssoftpath@smallbuffer@items=\count321
\pgfsyssoftpath@bigbuffer@items=\count322
)
(C:\Users\orfuc\AppData\Local\Programs\MiKTeX\tex/generic/pgf/systemlayer\pgfsy
sprotocol.code.tex
File: pgfsysprotocol.code.tex 2023-01-15 v3.1.10 (3.1.10)
))
(C:\Users\orfuc\AppData\Local\Programs\MiKTeX\tex/generic/pgf/basiclayer\pgfcor
e.code.tex
Package: pgfcore 2023-01-15 v3.1.10 (3.1.10)

(C:\Users\orfuc\AppData\Local\Programs\MiKTeX\tex/generic/pgf/math\pgfmath.code
.tex
(C:\Users\orfuc\AppData\Local\Programs\MiKTeX\tex/generic/pgf/math\pgfmathutil.
code.tex)
(C:\Users\orfuc\AppData\Local\Programs\MiKTeX\tex/generic/pgf/math\pgfmathparse
r.code.tex
\pgfmath@dimen=\dimen199
\pgfmath@count=\count323
\pgfmath@box=\box61
\pgfmath@toks=\toks52
\pgfmath@stack@operand=\toks53
\pgfmath@stack@operation=\toks54
)
(C:\Users\orfuc\AppData\Local\Programs\MiKTeX\tex/generic/pgf/math\pgfmathfunct
ions.code.tex)
(C:\Users\orfuc\AppData\Local\Programs\MiKTeX\tex/generic/pgf/math\pgfmathfunct
ions.basic.code.tex)
(C:\Users\orfuc\AppData\Local\Programs\MiKTeX\tex/generic/pgf/math\pgfmathfunct
ions.trigonometric.code.tex)
(C:\Users\orfuc\AppData\Local\Programs\MiKTeX\tex/generic/pgf/math\pgfmathfunct
ions.random.code.tex)
(C:\Users\orfuc\AppData\Local\Programs\MiKTeX\tex/generic/pgf/math\pgfmathfunct
ions.comparison.code.tex)
(C:\Users\orfuc\AppData\Local\Programs\MiKTeX\tex/generic/pgf/math\pgfmathfunct
ions.base.code.tex)
(C:\Users\orfuc\AppData\Local\Programs\MiKTeX\tex/generic/pgf/math\pgfmathfunct
ions.round.code.tex)
(C:\Users\orfuc\AppData\Local\Programs\MiKTeX\tex/generic/pgf/math\pgfmathfunct
ions.misc.code.tex)
(C:\Users\orfuc\AppData\Local\Programs\MiKTeX\tex/generic/pgf/math\pgfmathfunct
ions.integerarithmetics.code.tex)
(C:\Users\orfuc\AppData\Local\Programs\MiKTeX\tex/generic/pgf/math\pgfmathcalc.
code.tex)
(C:\Users\orfuc\AppData\Local\Programs\MiKTeX\tex/generic/pgf/math\pgfmathfloat
.code.tex
\c@pgfmathroundto@lastzeros=\count324
))
(C:\Users\orfuc\AppData\Local\Programs\MiKTeX\tex/generic/pgf/math\pgfint.code.
tex)
(C:\Users\orfuc\AppData\Local\Programs\MiKTeX\tex/generic/pgf/basiclayer\pgfcor
epoints.code.tex
File: pgfcorepoints.code.tex 2023-01-15 v3.1.10 (3.1.10)
\pgf@picminx=\dimen256
\pgf@picmaxx=\dimen257
\pgf@picminy=\dimen258
\pgf@picmaxy=\dimen259
\pgf@pathminx=\dimen260
\pgf@pathmaxx=\dimen261
\pgf@pathminy=\dimen262
\pgf@pathmaxy=\dimen263
\pgf@xx=\dimen264
\pgf@xy=\dimen265
\pgf@yx=\dimen266
\pgf@yy=\dimen267
\pgf@zx=\dimen268
\pgf@zy=\dimen269
)
(C:\Users\orfuc\AppData\Local\Programs\MiKTeX\tex/generic/pgf/basiclayer\pgfcor
epathconstruct.code.tex
File: pgfcorepathconstruct.code.tex 2023-01-15 v3.1.10 (3.1.10)
\pgf@path@lastx=\dimen270
\pgf@path@lasty=\dimen271
)
(C:\Users\orfuc\AppData\Local\Programs\MiKTeX\tex/generic/pgf/basiclayer\pgfcor
epathusage.code.tex
File: pgfcorepathusage.code.tex 2023-01-15 v3.1.10 (3.1.10)
\pgf@shorten@end@additional=\dimen272
\pgf@shorten@start@additional=\dimen273
)
(C:\Users\orfuc\AppData\Local\Programs\MiKTeX\tex/generic/pgf/basiclayer\pgfcor
escopes.code.tex
File: pgfcorescopes.code.tex 2023-01-15 v3.1.10 (3.1.10)
\pgfpic=\box62
\pgf@hbox=\box63
\pgf@layerbox@main=\box64
\pgf@picture@serial@count=\count325
)
(C:\Users\orfuc\AppData\Local\Programs\MiKTeX\tex/generic/pgf/basiclayer\pgfcor
egraphicstate.code.tex
File: pgfcoregraphicstate.code.tex 2023-01-15 v3.1.10 (3.1.10)
\pgflinewidth=\dimen274
)
(C:\Users\orfuc\AppData\Local\Programs\MiKTeX\tex/generic/pgf/basiclayer\pgfcor
etransformations.code.tex
File: pgfcoretransformations.code.tex 2023-01-15 v3.1.10 (3.1.10)
\pgf@pt@x=\dimen275
\pgf@pt@y=\dimen276
\pgf@pt@temp=\dimen277
)
(C:\Users\orfuc\AppData\Local\Programs\MiKTeX\tex/generic/pgf/basiclayer\pgfcor
equick.code.tex
File: pgfcorequick.code.tex 2023-01-15 v3.1.10 (3.1.10)
)
(C:\Users\orfuc\AppData\Local\Programs\MiKTeX\tex/generic/pgf/basiclayer\pgfcor
eobjects.code.tex
File: pgfcoreobjects.code.tex 2023-01-15 v3.1.10 (3.1.10)
)
(C:\Users\orfuc\AppData\Local\Programs\MiKTeX\tex/generic/pgf/basiclayer\pgfcor
epathprocessing.code.tex
File: pgfcorepathprocessing.code.tex 2023-01-15 v3.1.10 (3.1.10)
)
(C:\Users\orfuc\AppData\Local\Programs\MiKTeX\tex/generic/pgf/basiclayer\pgfcor
earrows.code.tex
File: pgfcorearrows.code.tex 2023-01-15 v3.1.10 (3.1.10)
\pgfarrowsep=\dimen278
)
(C:\Users\orfuc\AppData\Local\Programs\MiKTeX\tex/generic/pgf/basiclayer\pgfcor
eshade.code.tex
File: pgfcoreshade.code.tex 2023-01-15 v3.1.10 (3.1.10)
\pgf@max=\dimen279
\pgf@sys@shading@range@num=\count326
\pgf@shadingcount=\count327
)
(C:\Users\orfuc\AppData\Local\Programs\MiKTeX\tex/generic/pgf/basiclayer\pgfcor
eimage.code.tex
File: pgfcoreimage.code.tex 2023-01-15 v3.1.10 (3.1.10)
)
(C:\Users\orfuc\AppData\Local\Programs\MiKTeX\tex/generic/pgf/basiclayer\pgfcor
eexternal.code.tex
File: pgfcoreexternal.code.tex 2023-01-15 v3.1.10 (3.1.10)
\pgfexternal@startupbox=\box65
)
(C:\Users\orfuc\AppData\Local\Programs\MiKTeX\tex/generic/pgf/basiclayer\pgfcor
elayers.code.tex
File: pgfcorelayers.code.tex 2023-01-15 v3.1.10 (3.1.10)
)
(C:\Users\orfuc\AppData\Local\Programs\MiKTeX\tex/generic/pgf/basiclayer\pgfcor
etransparency.code.tex
File: pgfcoretransparency.code.tex 2023-01-15 v3.1.10 (3.1.10)
)
(C:\Users\orfuc\AppData\Local\Programs\MiKTeX\tex/generic/pgf/basiclayer\pgfcor
epatterns.code.tex
File: pgfcorepatterns.code.tex 2023-01-15 v3.1.10 (3.1.10)
)
(C:\Users\orfuc\AppData\Local\Programs\MiKTeX\tex/generic/pgf/basiclayer\pgfcor
erdf.code.tex
File: pgfcorerdf.code.tex 2023-01-15 v3.1.10 (3.1.10)
)))
(C:\Users\orfuc\AppData\Local\Programs\MiKTeX\tex/generic/pgf/modules\pgfmodule
shapes.code.tex
File: pgfmoduleshapes.code.tex 2023-01-15 v3.1.10 (3.1.10)
\pgfnodeparttextbox=\box66
)
(C:\Users\orfuc\AppData\Local\Programs\MiKTeX\tex/generic/pgf/modules\pgfmodule
plot.code.tex
File: pgfmoduleplot.code.tex 2023-01-15 v3.1.10 (3.1.10)
)
(C:\Users\orfuc\AppData\Local\Programs\MiKTeX\tex/latex/pgf/compatibility\pgfco
mp-version-0-65.sty
Package: pgfcomp-version-0-65 2023-01-15 v3.1.10 (3.1.10)
\pgf@nodesepstart=\dimen280
\pgf@nodesepend=\dimen281
)
(C:\Users\orfuc\AppData\Local\Programs\MiKTeX\tex/latex/pgf/compatibility\pgfco
mp-version-1-18.sty
Package: pgfcomp-version-1-18 2023-01-15 v3.1.10 (3.1.10)
))
(C:\Users\orfuc\AppData\Local\Programs\MiKTeX\tex/latex/pgf/utilities\pgffor.st
y
(C:\Users\orfuc\AppData\Local\Programs\MiKTeX\tex/latex/pgf/utilities\pgfkeys.s
ty
(C:\Users\orfuc\AppData\Local\Programs\MiKTeX\tex/generic/pgf/utilities\pgfkeys
.code.tex))
(C:\Users\orfuc\AppData\Local\Programs\MiKTeX\tex/latex/pgf/math\pgfmath.sty
(C:\Users\orfuc\AppData\Local\Programs\MiKTeX\tex/generic/pgf/math\pgfmath.code
.tex))
(C:\Users\orfuc\AppData\Local\Programs\MiKTeX\tex/generic/pgf/utilities\pgffor.
code.tex
Package: pgffor 2023-01-15 v3.1.10 (3.1.10)
\pgffor@iter=\dimen282
\pgffor@skip=\dimen283
\pgffor@stack=\toks55
\pgffor@toks=\toks56
))
(C:\Users\orfuc\AppData\Local\Programs\MiKTeX\tex/generic/pgf/frontendlayer/tik
z\tikz.code.tex
Package: tikz 2023-01-15 v3.1.10 (3.1.10)

(C:\Users\orfuc\AppData\Local\Programs\MiKTeX\tex/generic/pgf/libraries\pgflibr
aryplothandlers.code.tex
File: pgflibraryplothandlers.code.tex 2023-01-15 v3.1.10 (3.1.10)
\pgf@plot@mark@count=\count328
\pgfplotmarksize=\dimen284
)
\tikz@lastx=\dimen285
\tikz@lasty=\dimen286
\tikz@lastxsaved=\dimen287
\tikz@lastysaved=\dimen288
\tikz@lastmovetox=\dimen289
\tikz@lastmovetoy=\dimen290
\tikzleveldistance=\dimen291
\tikzsiblingdistance=\dimen292
\tikz@figbox=\box67
\tikz@figbox@bg=\box68
\tikz@tempbox=\box69
\tikz@tempbox@bg=\box70
\tikztreelevel=\count329
\tikznumberofchildren=\count330
\tikznumberofcurrentchild=\count331
\tikz@fig@count=\count332

(C:\Users\orfuc\AppData\Local\Programs\MiKTeX\tex/generic/pgf/modules\pgfmodule
matrix.code.tex
File: pgfmodulematrix.code.tex 2023-01-15 v3.1.10 (3.1.10)
\pgfmatrixcurrentrow=\count333
\pgfmatrixcurrentcolumn=\count334
\pgf@matrix@numberofcolumns=\count335
)
\tikz@expandcount=\count336

(C:\Users\orfuc\AppData\Local\Programs\MiKTeX\tex/generic/pgf/frontendlayer/tik
z/libraries\tikzlibrarytopaths.code.tex
File: tikzlibrarytopaths.code.tex 2023-01-15 v3.1.10 (3.1.10)
)))
(C:\Users\orfuc\AppData\Local\Programs\MiKTeX\tex/generic/pgf/frontendlayer/tik
z/libraries\tikzlibrarypositioning.code.tex
File: tikzlibrarypositioning.code.tex 2023-01-15 v3.1.10 (3.1.10)
)
(C:\Users\orfuc\AppData\Local\Programs\MiKTeX\tex/latex/tools\calc.sty
Package: calc 2017/05/25 v4.3 Infix arithmetic (KKT,FJ)
\calc@Acount=\count337
\calc@Bcount=\count338
\calc@Adimen=\dimen293
\calc@Bdimen=\dimen294
\calc@Askip=\skip78
\calc@Bskip=\skip79
LaTeX Info: Redefining \setlength on input line 80.
LaTeX Info: Redefining \addtolength on input line 81.
\calc@Ccount=\count339
\calc@Cskip=\skip80
)
\c@@todonotes@numberoftodonotes=\count340
)
(C:\Users\orfuc\AppData\Local\Programs\MiKTeX\tex/latex/subfig\subfig.sty
Package: subfig 2005/06/28 ver: 1.3 subfig package

(C:\Users\orfuc\AppData\Local\Programs\MiKTeX\tex/latex/caption\caption.sty
Package: caption 2023/07/31 v3.6n Customizing captions (AR)

(C:\Users\orfuc\AppData\Local\Programs\MiKTeX\tex/latex/caption\caption3.sty
Package: caption3 2023/07/31 v2.4d caption3 kernel (AR)
\caption@tempdima=\dimen295
\captionmargin=\dimen296
\caption@leftmargin=\dimen297
\caption@rightmargin=\dimen298
\caption@width=\dimen299
\caption@indent=\dimen300
\caption@parindent=\dimen301
\caption@hangindent=\dimen302
Package caption Info: Standard document class detected.
)
\c@caption@flags=\count341
\c@continuedfloat=\count342
Package caption Info: float package is loaded.
Package caption Info: listings package is loaded.
Package caption Info: subfigure package is loaded.
)
\c@KVtest=\count343
\sf@farskip=\skip81
\sf@captopadj=\dimen303
\sf@capskip=\skip82
\sf@nearskip=\skip83
\sf@top=\skip84
\sf@bottom=\skip85
) (C:\Users\orfuc\AppData\Local\Programs\MiKTeX\tex/latex/subfloat\subfloat.sty
Package: subfloat 2003/08/21 version 2.14

Package `subfloat', Version 2.14 of 2003/08/21.

Package subfloat Warning: Numbers of floats not counted:
(subfloat)                If you use one of the counters subfloatfiguremax or
(subfloat)                subfloattablemax you will get strange error messages
(subfloat)                containing \c@subfloatfiguremax or
(subfloat)                \c@subfloattablemax:
(subfloat)                Please switch on countmax or remove the code using
(subfloat)                the counter then..

)
LaTeX Font Info:    Trying to load font information for OT1+ptm on input line 8
2.
 (C:\Users\orfuc\AppData\Local\Programs\MiKTeX\tex/latex/psnfss\ot1ptm.fd
File: ot1ptm.fd 2001/06/04 font definitions for OT1/ptm.
)
(C:\Users\orfuc\AppData\Local\Programs\MiKTeX\tex/latex/l3backend\l3backend-pdf
tex.def
File: l3backend-pdftex.def 2023-04-19 L3 backend support: PDF output (pdfTeX)
\l__color_backend_stack_int=\count344
\l__pdf_internal_box=\box71
) (aaai19_changed.aux)
\openout1 = `aaai19_changed.aux'.

LaTeX Font Info:    Checking defaults for OML/cmm/m/it on input line 82.
LaTeX Font Info:    ... okay on input line 82.
LaTeX Font Info:    Checking defaults for OMS/cmsy/m/n on input line 82.
LaTeX Font Info:    ... okay on input line 82.
LaTeX Font Info:    Checking defaults for OT1/cmr/m/n on input line 82.
LaTeX Font Info:    ... okay on input line 82.
LaTeX Font Info:    Checking defaults for T1/cmr/m/n on input line 82.
LaTeX Font Info:    ... okay on input line 82.
LaTeX Font Info:    Checking defaults for TS1/cmr/m/n on input line 82.
LaTeX Font Info:    ... okay on input line 82.
LaTeX Font Info:    Checking defaults for OMX/cmex/m/n on input line 82.
LaTeX Font Info:    ... okay on input line 82.
LaTeX Font Info:    Checking defaults for U/cmr/m/n on input line 82.
LaTeX Font Info:    ... okay on input line 82.

(C:\Users\orfuc\AppData\Local\Programs\MiKTeX\tex/context/base/mkii\supp-pdf.mk
ii
[Loading MPS to PDF converter (version 2006.09.02).]
\scratchcounter=\count345
\scratchdimen=\dimen304
\scratchbox=\box72
\nofMPsegments=\count346
\nofMParguments=\count347
\everyMPshowfont=\toks57
\MPscratchCnt=\count348
\MPscratchDim=\dimen305
\MPnumerator=\count349
\makeMPintoPDFobject=\count350
\everyMPtoPDFconversion=\toks58
)
\c@lstlisting=\count351
Package caption Info: Begin \AtBeginDocument code.
Package caption Info: subfig package v1.3 is loaded.
Package caption Info: End \AtBeginDocument code.
LaTeX Font Info:    Trying to load font information for U+msa on input line 105
.
 (C:\Users\orfuc\AppData\Local\Programs\MiKTeX\tex/latex/amsfonts\umsa.fd
File: umsa.fd 2013/01/14 v3.01 AMS symbols A
)
LaTeX Font Info:    Trying to load font information for U+msb on input line 105
.

(C:\Users\orfuc\AppData\Local\Programs\MiKTeX\tex/latex/amsfonts\umsb.fd
File: umsb.fd 2013/01/14 v3.01 AMS symbols B
)
LaTeX Font Info:    Trying to load font information for U+rsfs on input line 10
5.

(C:\Users\orfuc\AppData\Local\Programs\MiKTeX\tex/latex/jknappen\ursfs.fd
File: ursfs.fd 1998/03/24 rsfs font definition file (jk)
)
LaTeX Font Info:    Trying to load font information for TS1+ptm on input line 1
05.

(C:\Users\orfuc\AppData\Local\Programs\MiKTeX\tex/latex/psnfss\ts1ptm.fd
File: ts1ptm.fd 2001/06/04 font definitions for TS1/ptm.
)
LaTeX Font Info:    Trying to load font information for OMS+ptm on input line 1
05.

(C:\Users\orfuc\AppData\Local\Programs\MiKTeX\tex/latex/psnfss\omsptm.fd
File: omsptm.fd 
)
LaTeX Font Info:    Font shape `OMS/ptm/m/n' in size <10> not available
(Font)              Font shape `OMS/cmsy/m/n' tried instead on input line 105.
LaTeX Font Info:    Trying to load font information for OT1+pcr on input line 1
16.

(C:\Users\orfuc\AppData\Local\Programs\MiKTeX\tex/latex/psnfss\ot1pcr.fd
File: ot1pcr.fd 2001/06/04 font definitions for OT1/pcr.
)
Underfull \hbox (badness 3354) in paragraph at lines 107--117
[]\OT1/ptm/m/n/9 In neu-ral ab-strac-tive sum-ma-riza-tion field, con-ven-tiona
l
 []


LaTeX Warning: Citation `Sutskever2014SequenceTS' on page 1 undefined on input 
line 126.


LaTeX Warning: Citation `Chopra2016AbstractiveSS' on page 1 undefined on input 
line 126.


LaTeX Warning: Citation `see2017get' on page 1 undefined on input line 126.


LaTeX Warning: Citation `Tao2018GetTP' on page 1 undefined on input line 126.


LaTeX Warning: Citation `Gao2019Product' on page 1 undefined on input line 126.



LaTeX Warning: Citation `Sun2018AUM' on page 1 undefined on input line 130.


LaTeX Warning: Citation `Zhou2017SelectiveEF' on page 1 undefined on input line
 130.


LaTeX Warning: Citation `Bansal2018FastAS' on page 1 undefined on input line 13
0.


LaTeX Warning: Citation `Hu2008CommentsorientedDS' on page 1 undefined on input
 line 174.


LaTeX Warning: Citation `Yang2011SocialCS' on page 1 undefined on input line 17
4.


LaTeX Warning: Citation `Li2015ReaderAwareMS' on page 1 undefined on input line
 174.


LaTeX Warning: Citation `li2017reader' on page 1 undefined on input line 174.


LaTeX Warning: Citation `Hu2008CommentsorientedDS' on page 1 undefined on input
 line 176.


LaTeX Warning: Citation `Yang2011SocialCS' on page 1 undefined on input line 17
6.


LaTeX Warning: Citation `Li2015ReaderAwareMS' on page 1 undefined on input line
 176.


Underfull \hbox (badness 1077) in paragraph at lines 174--177
[]\OT1/ptm/m/n/10 The ef-fect of com-ments or so-cial con-texts in doc-u-
 []

[1{C:/Users/orfuc/AppData/Local/MiKTeX/fonts/map/pdftex/pdftex.map}{C:/Users/or
fuc/AppData/Local/Programs/MiKTeX/fonts/enc/dvips/base/8r.enc}



]

LaTeX Warning: Citation `Jadhav2018ExtractiveSW' on page 2 undefined on input l
ine 219.


LaTeX Warning: Citation `Narayan2018RankingSF' on page 2 undefined on input lin
e 219.


LaTeX Warning: Citation `Bansal2018FastAS' on page 2 undefined on input line 22
1.


LaTeX Warning: Citation `Ma2018AutoencoderAA' on page 2 undefined on input line
 221.


LaTeX Warning: Citation `Zhou2018SequentialCN' on page 2 undefined on input lin
e 221.


LaTeX Warning: Citation `Sutskever2014SequenceTS' on page 2 undefined on input 
line 223.


LaTeX Warning: Citation `Gu2016IncorporatingCM' on page 2 undefined on input li
ne 224.


LaTeX Warning: Citation `see2017get' on page 2 undefined on input line 224.


LaTeX Warning: Citation `Bansal2018FastAS' on page 2 undefined on input line 22
7.


LaTeX Warning: Citation `Hu2015LCSTSAL' on page 2 undefined on input line 230.


LaTeX Warning: Citation `Lin2018GlobalEF' on page 2 undefined on input line 231
.


LaTeX Warning: Citation `Wang2018ART' on page 2 undefined on input line 232.


LaTeX Warning: Citation `Hu2007CommentsorientedBS' on page 2 undefined on input
 line 237.


LaTeX Warning: Citation `Hu2008CommentsorientedDS' on page 2 undefined on input
 line 237.


LaTeX Warning: Citation `Nguyen2016SoLSCSumAL' on page 2 undefined on input lin
e 241.


LaTeX Warning: Citation `Li2015ReaderAwareMS' on page 2 undefined on input line
 242.


LaTeX Warning: Citation `li2017reader' on page 2 undefined on input line 243.


LaTeX Warning: Citation `Li2017SalienceEV' on page 2 undefined on input line 24
3.

[2]
<figs/weibo.pdf, id=21, 663.88995pt x 285.78268pt>
File: figs/weibo.pdf Graphic file (type pdf)
<use figs/weibo.pdf>
Package pdftex.def Info: figs/weibo.pdf  used on input line 287.
(pdftex.def)             Requested size: 438.16872pt x 188.61714pt.


LaTeX Warning: Citation `see2017get' on page 3 undefined on input line 318.


LaTeX Warning: Citation `Ma2018AHE' on page 3 undefined on input line 318.


LaTeX Warning: Citation `Bahdanau2014NeuralMT' on page 3 undefined on input lin
e 321.


LaTeX Warning: Citation `Gu2016IncorporatingCM' on page 3 undefined on input li
ne 341.


LaTeX Warning: Citation `vinyals2015pointer' on page 3 undefined on input line 
341.


LaTeX Warning: Citation `see2017get' on page 3 undefined on input line 341.


LaTeX Warning: Citation `see2017get' on page 3 undefined on input line 342.

[3] [4 <./figs/weibo.pdf>]

LaTeX Warning: Citation `Guo2018LongTG' on page 5 undefined on input line 440.


Underfull \hbox (badness 1448) in paragraph at lines 482--492
\OT1/ptm/m/n/10 We col-lect the document-summary-comments pair data
 []


LaTeX Warning: Citation `lin2004rouge' on page 5 undefined on input line 495.


LaTeX Warning: Citation `Sun2018AUM' on page 5 undefined on input line 495.


LaTeX Warning: Citation `chen2018iterative' on page 5 undefined on input line 4
95.


LaTeX Warning: Citation `Sutskever2014SequenceTS' on page 5 undefined on input 
line 521.


LaTeX Warning: Citation `Lin2018GlobalEF' on page 5 undefined on input line 523
.


LaTeX Warning: Citation `Nallapati2017SummaRuNNerAR' on page 5 undefined on inp
ut line 524.


LaTeX Warning: Citation `see2017get' on page 5 undefined on input line 524.


LaTeX Warning: Citation `Mihalcea2004TextRankBO' on page 5 undefined on input l
ine 525.

[5]

LaTeX Warning: Citation `abadi2016tensorflow' on page 6 undefined on input line
 531.


LaTeX Warning: Citation `Duchi2010AdaptiveSM' on page 6 undefined on input line
 536.

<figs/cos.pdf, id=81, 705.29416pt x 496.42688pt>
File: figs/cos.pdf Graphic file (type pdf)
<use figs/cos.pdf>
Package pdftex.def Info: figs/cos.pdf  used on input line 642.
(pdftex.def)             Requested size: 107.72673pt x 75.82428pt.
<figs/recall.pdf, id=82, 412.39424pt x 308.83049pt>
File: figs/recall.pdf Graphic file (type pdf)
<use figs/recall.pdf>
Package pdftex.def Info: figs/recall.pdf  used on input line 645.
(pdftex.def)             Requested size: 107.72673pt x 80.67102pt.
[6]
<figs/case.pdf, id=86, 557.54735pt x 709.62999pt>
File: figs/case.pdf Graphic file (type pdf)
<use figs/case.pdf>
Package pdftex.def Info: figs/case.pdf  used on input line 689.
(pdftex.def)             Requested size: 239.39438pt x 304.70181pt.

Underfull \vbox (badness 1400) has occurred while \output is active []


Underfull \hbox (badness 1112) in paragraph at lines 733--737
\OT1/ptm/m/n/10 the Na-tional Sci-ence Foun-da-tion of China (NSFC No.
 []

[7 <./figs/cos.pdf> <./figs/recall.pdf> <./figs/case.pdf>] [8

]
No file aaai19_changed.bbl.
(aaai19_changed.aux)
 ***********
LaTeX2e <2023-06-01> patch level 1
L3 programming layer <2023-08-29>
 ***********


LaTeX Warning: Label(s) may have changed. Rerun to get cross-references right.

 ) 
Here is how much of TeX's memory you used:
 20194 strings out of 475247
 389755 string characters out of 5757792
 1946801 words of memory out of 5000000
 41259 multiletter control sequences out of 15000+600000
 597726 words of font info for 133 fonts, out of 8000000 for 9000
 1141 hyphenation exceptions out of 8191
 99i,16n,133p,611b,418s stack positions out of 10000i,1000n,20000p,200000b,200000s
<C:/Users/orfuc/AppData/Local/Programs/MiKTeX/fonts/type1/public/amsfonts/cm/
cmex10.pfb><C:/Users/orfuc/AppData/Local/Programs/MiKTeX/fonts/type1/public/ams
fonts/cm/cmmi10.pfb><C:/Users/orfuc/AppData/Local/Programs/MiKTeX/fonts/type1/p
ublic/amsfonts/cm/cmmi5.pfb><C:/Users/orfuc/AppData/Local/Programs/MiKTeX/fonts
/type1/public/amsfonts/cm/cmmi7.pfb><C:/Users/orfuc/AppData/Local/Programs/MiKT
eX/fonts/type1/public/amsfonts/cm/cmr10.pfb><C:/Users/orfuc/AppData/Local/Progr
ams/MiKTeX/fonts/type1/public/amsfonts/cm/cmr5.pfb><C:/Users/orfuc/AppData/Loca
l/Programs/MiKTeX/fonts/type1/public/amsfonts/cm/cmr7.pfb><C:/Users/orfuc/AppDa
ta/Local/Programs/MiKTeX/fonts/type1/public/amsfonts/cm/cmsy10.pfb><C:/Users/or
fuc/AppData/Local/Programs/MiKTeX/fonts/type1/public/amsfonts/cm/cmsy5.pfb><C:/
Users/orfuc/AppData/Local/Programs/MiKTeX/fonts/type1/public/amsfonts/cm/cmsy7.
pfb><C:/Users/orfuc/AppData/Local/Programs/MiKTeX/fonts/type1/public/amsfonts/s
ymbols/msam7.pfb><C:/Users/orfuc/AppData/Local/Programs/MiKTeX/fonts/type1/publ
ic/amsfonts/symbols/msbm10.pfb><C:/Users/orfuc/AppData/Local/Programs/MiKTeX/fo
nts/type1/urw/courier/ucrr8a.pfb><C:/Users/orfuc/AppData/Local/Programs/MiKTeX/
fonts/type1/urw/times/utmb8a.pfb><C:/Users/orfuc/AppData/Local/Programs/MiKTeX/
fonts/type1/urw/times/utmr8a.pfb><C:/Users/orfuc/AppData/Local/Programs/MiKTeX/
fonts/type1/urw/times/utmri8a.pfb>
Output written on aaai19_changed.pdf (8 pages, 715589 bytes).
PDF statistics:
 583 PDF objects out of 1000 (max. 8388607)
 0 named destinations out of 1000 (max. 500000)
 33 words of extra memory for PDF output out of 10000 (max. 10000000)

