This is pdfTeX, Version 3.141592653-2.6-1.40.25 (MiKTeX 23.9) (preloaded format=pdflatex 2023.9.22)  20 JAN 2024 14:48
entering extended mode
 restricted \write18 enabled.
 %&-line parsing enabled.
**./aaai24_changed.tex
(aaai24_changed.tex
LaTeX2e <2023-06-01> patch level 1
L3 programming layer <2023-08-29>
(C:\Users\micha\AppData\Local\Programs\MiKTeX\tex/latex/base\article.cls
Document Class: article 2023/05/17 v1.4n Standard LaTeX document class
(C:\Users\micha\AppData\Local\Programs\MiKTeX\tex/latex/base\size10.clo
File: size10.clo 2023/05/17 v1.4n Standard LaTeX file (size option)
)
\c@part=\count185
\c@section=\count186
\c@subsection=\count187
\c@subsubsection=\count188
\c@paragraph=\count189
\c@subparagraph=\count190
\c@figure=\count191
\c@table=\count192
\abovecaptionskip=\skip48
\belowcaptionskip=\skip49
\bibindent=\dimen140
)
(aaai24.sty
Package: aaai24 2023/06/26 AAAI 2024 Submission format

Conference Style for AAAI for LaTeX 2e -- version for submission
\titlebox=\skip50
) (C:\Users\micha\AppData\Local\Programs\MiKTeX\tex/latex/psnfss\times.sty
Package: times 2020/03/25 PSNFSS-v9.3 (SPQR) 
)
(C:\Users\micha\AppData\Local\Programs\MiKTeX\tex/latex/psnfss\helvet.sty
Package: helvet 2020/03/25 PSNFSS-v9.3 (WaS) 

(C:\Users\micha\AppData\Local\Programs\MiKTeX\tex/latex/graphics\keyval.sty
Package: keyval 2022/05/29 v1.15 key=value parser (DPC)
\KV@toks@=\toks17
))
(C:\Users\micha\AppData\Local\Programs\MiKTeX\tex/latex/psnfss\courier.sty
Package: courier 2020/03/25 PSNFSS-v9.3 (WaS) 
)
(C:\Users\micha\AppData\Local\Programs\MiKTeX\tex/latex/url\url.sty
\Urlmuskip=\muskip16
Package: url 2013/09/16  ver 3.4  Verb mode for urls, etc.
)
(C:\Users\micha\AppData\Local\Programs\MiKTeX\tex/latex/graphics\graphicx.sty
Package: graphicx 2021/09/16 v1.2d Enhanced LaTeX Graphics (DPC,SPQR)

(C:\Users\micha\AppData\Local\Programs\MiKTeX\tex/latex/graphics\graphics.sty
Package: graphics 2022/03/10 v1.4e Standard LaTeX Graphics (DPC,SPQR)

(C:\Users\micha\AppData\Local\Programs\MiKTeX\tex/latex/graphics\trig.sty
Package: trig 2021/08/11 v1.11 sin cos tan (DPC)
)
(C:\Users\micha\AppData\Local\Programs\MiKTeX\tex/latex/graphics-cfg\graphics.c
fg
File: graphics.cfg 2016/06/04 v1.11 sample graphics configuration
)
Package graphics Info: Driver file: pdftex.def on input line 107.

(C:\Users\micha\AppData\Local\Programs\MiKTeX\tex/latex/graphics-def\pdftex.def
File: pdftex.def 2022/09/22 v1.2b Graphics/color driver for pdftex
))
\Gin@req@height=\dimen141
\Gin@req@width=\dimen142
) (C:\Users\micha\AppData\Local\Programs\MiKTeX\tex/latex/natbib\natbib.sty
Package: natbib 2010/09/13 8.31b (PWD, AO)
\bibhang=\skip51
\bibsep=\skip52
LaTeX Info: Redefining \cite on input line 694.
\c@NAT@ctr=\count193
)
(C:\Users\micha\AppData\Local\Programs\MiKTeX\tex/latex/caption\caption.sty
Package: caption 2023/07/31 v3.6n Customizing captions (AR)

(C:\Users\micha\AppData\Local\Programs\MiKTeX\tex/latex/caption\caption3.sty
Package: caption3 2023/07/31 v2.4d caption3 kernel (AR)
\caption@tempdima=\dimen143
\captionmargin=\dimen144
\caption@leftmargin=\dimen145
\caption@rightmargin=\dimen146
\caption@width=\dimen147
\caption@indent=\dimen148
\caption@parindent=\dimen149
\caption@hangindent=\dimen150
Package caption Info: Standard document class detected.
)
\c@caption@flags=\count194
\c@continuedfloat=\count195
)
(C:\Users\micha\AppData\Local\Programs\MiKTeX\tex/latex/algorithms\algorithm.st
y
Package: algorithm 2009/08/24 v0.1 Document Style `algorithm' - floating enviro
nment
 (C:\Users\micha\AppData\Local\Programs\MiKTeX\tex/latex/float\float.sty
Package: float 2001/11/08 v1.3d Float enhancements (AL)
\c@float@type=\count196
\float@exts=\toks18
\float@box=\box51
\@float@everytoks=\toks19
\@floatcapt=\box52
)
(C:\Users\micha\AppData\Local\Programs\MiKTeX\tex/latex/base\ifthen.sty
Package: ifthen 2022/04/13 v1.1d Standard LaTeX ifthen package (DPC)
)
\@float@every@algorithm=\toks20
\c@algorithm=\count197
)
(C:\Users\micha\AppData\Local\Programs\MiKTeX\tex/latex/algorithmicx\algpseudoc
ode.sty
Package: algpseudocode 

(C:\Users\micha\AppData\Local\Programs\MiKTeX\tex/latex/algorithmicx\algorithmi
cx.sty
Package: algorithmicx 2005/04/27 v1.2 Algorithmicx

Document Style algorithmicx 1.2 - a greatly improved `algorithmic' style
\c@ALG@line=\count198
\c@ALG@rem=\count199
\c@ALG@nested=\count266
\ALG@tlm=\skip53
\ALG@thistlm=\skip54
\c@ALG@Lnr=\count267
\c@ALG@blocknr=\count268
\c@ALG@storecount=\count269
\c@ALG@tmpcounter=\count270
\ALG@tmplength=\skip55
)
Document Style - pseudocode environments for use with the `algorithmicx' style
) (C:\Users\micha\AppData\Local\Programs\MiKTeX\tex/latex/amsmath\amsmath.sty
Package: amsmath 2023/05/13 v2.17o AMS math features
\@mathmargin=\skip56

For additional information on amsmath, use the `?' option.
(C:\Users\micha\AppData\Local\Programs\MiKTeX\tex/latex/amsmath\amstext.sty
Package: amstext 2021/08/26 v2.01 AMS text

(C:\Users\micha\AppData\Local\Programs\MiKTeX\tex/latex/amsmath\amsgen.sty
File: amsgen.sty 1999/11/30 v2.0 generic functions
\@emptytoks=\toks21
\ex@=\dimen151
))
(C:\Users\micha\AppData\Local\Programs\MiKTeX\tex/latex/amsmath\amsbsy.sty
Package: amsbsy 1999/11/29 v1.2d Bold Symbols
\pmbraise@=\dimen152
)
(C:\Users\micha\AppData\Local\Programs\MiKTeX\tex/latex/amsmath\amsopn.sty
Package: amsopn 2022/04/08 v2.04 operator names
)
\inf@bad=\count271
LaTeX Info: Redefining \frac on input line 234.
\uproot@=\count272
\leftroot@=\count273
LaTeX Info: Redefining \overline on input line 399.
LaTeX Info: Redefining \colon on input line 410.
\classnum@=\count274
\DOTSCASE@=\count275
LaTeX Info: Redefining \ldots on input line 496.
LaTeX Info: Redefining \dots on input line 499.
LaTeX Info: Redefining \cdots on input line 620.
\Mathstrutbox@=\box53
\strutbox@=\box54
LaTeX Info: Redefining \big on input line 722.
LaTeX Info: Redefining \Big on input line 723.
LaTeX Info: Redefining \bigg on input line 724.
LaTeX Info: Redefining \Bigg on input line 725.
\big@size=\dimen153
LaTeX Font Info:    Redeclaring font encoding OML on input line 743.
LaTeX Font Info:    Redeclaring font encoding OMS on input line 744.
\macc@depth=\count276
LaTeX Info: Redefining \bmod on input line 905.
LaTeX Info: Redefining \pmod on input line 910.
LaTeX Info: Redefining \smash on input line 940.
LaTeX Info: Redefining \relbar on input line 970.
LaTeX Info: Redefining \Relbar on input line 971.
\c@MaxMatrixCols=\count277
\dotsspace@=\muskip17
\c@parentequation=\count278
\dspbrk@lvl=\count279
\tag@help=\toks22
\row@=\count280
\column@=\count281
\maxfields@=\count282
\andhelp@=\toks23
\eqnshift@=\dimen154
\alignsep@=\dimen155
\tagshift@=\dimen156
\tagwidth@=\dimen157
\totwidth@=\dimen158
\lineht@=\dimen159
\@envbody=\toks24
\multlinegap=\skip57
\multlinetaggap=\skip58
\mathdisplay@stack=\toks25
LaTeX Info: Redefining \[ on input line 2953.
LaTeX Info: Redefining \] on input line 2954.
)
(C:\Users\micha\AppData\Local\Programs\MiKTeX\tex/latex/amscls\amsthm.sty
Package: amsthm 2020/05/29 v2.20.6
\thm@style=\toks26
\thm@bodyfont=\toks27
\thm@headfont=\toks28
\thm@notefont=\toks29
\thm@headpunct=\toks30
\thm@preskip=\skip59
\thm@postskip=\skip60
\thm@headsep=\skip61
\dth@everypar=\toks31
)
(C:\Users\micha\AppData\Local\Programs\MiKTeX\tex/latex/amsfonts\amssymb.sty
Package: amssymb 2013/01/14 v3.01 AMS font symbols

(C:\Users\micha\AppData\Local\Programs\MiKTeX\tex/latex/amsfonts\amsfonts.sty
Package: amsfonts 2013/01/14 v3.01 Basic AMSFonts support
\symAMSa=\mathgroup4
\symAMSb=\mathgroup5
LaTeX Font Info:    Redeclaring math symbol \hbar on input line 98.
LaTeX Font Info:    Overwriting math alphabet `\mathfrak' in version `bold'
(Font)                  U/euf/m/n --> U/euf/b/n on input line 106.
)) (C:\Users\micha\AppData\Local\Programs\MiKTeX\tex/latex/booktabs\booktabs.st
y
Package: booktabs 2020/01/12 v1.61803398 Publication quality tables
\heavyrulewidth=\dimen160
\lightrulewidth=\dimen161
\cmidrulewidth=\dimen162
\belowrulesep=\dimen163
\belowbottomsep=\dimen164
\aboverulesep=\dimen165
\abovetopsep=\dimen166
\cmidrulesep=\dimen167
\cmidrulekern=\dimen168
\defaultaddspace=\dimen169
\@cmidla=\count283
\@cmidlb=\count284
\@aboverulesep=\dimen170
\@belowrulesep=\dimen171
\@thisruleclass=\count285
\@lastruleclass=\count286
\@thisrulewidth=\dimen172
) (C:\Users\micha\AppData\Local\Programs\MiKTeX\tex/latex/multirow\multirow.sty
Package: multirow 2021/03/15 v2.8 Span multiple rows of a table
\multirow@colwidth=\skip62
\multirow@cntb=\count287
\multirow@dima=\skip63
\bigstrutjot=\dimen173
) (C:\Users\micha\AppData\Local\Programs\MiKTeX\tex/latex/lipsum\lipsum.sty
(C:\Users\micha\AppData\Local\Programs\MiKTeX\tex/latex/l3packages/l3keys2e\l3k
eys2e.sty
(C:\Users\micha\AppData\Local\Programs\MiKTeX\tex/latex/l3kernel\expl3.sty
Package: expl3 2023-08-29 L3 programming layer (loader) 

(C:\Users\micha\AppData\Local\Programs\MiKTeX\tex/latex/l3backend\l3backend-pdf
tex.def
File: l3backend-pdftex.def 2023-04-19 L3 backend support: PDF output (pdfTeX)
\l__color_backend_stack_int=\count288
\l__pdf_internal_box=\box55
))
Package: l3keys2e 2023-08-29 LaTeX2e option processing using LaTeX3 keys
)
Package: lipsum 2021-09-20 v2.7 150 paragraphs of Lorem Ipsum dummy text
\g__lipsum_par_int=\count289
\l__lipsum_a_int=\count290
\l__lipsum_b_int=\count291

(C:\Users\micha\AppData\Local\Programs\MiKTeX\tex/latex/lipsum\lipsum.ltd.tex))
(C:\Users\micha\AppData\Local\Programs\MiKTeX\tex/latex/caption\subcaption.sty
Package: subcaption 2023/07/28 v1.6b Sub-captions (AR)
Package caption Info: New subtype `subfigure' on input line 238.
\c@subfigure=\count292
Package caption Info: New subtype `subtable' on input line 238.
\c@subtable=\count293
)
\c@theorem=\count294
\c@lemma=\count295
\c@proposition=\count296
\c@corollary=\count297
\c@definition=\count298
\c@problem=\count299
(C:\Users\micha\AppData\Local\Programs\MiKTeX\tex/latex/xcolor\xcolor.sty
Package: xcolor 2022/06/12 v2.14 LaTeX color extensions (UK)

(C:\Users\micha\AppData\Local\Programs\MiKTeX\tex/latex/graphics-cfg\color.cfg
File: color.cfg 2016/01/02 v1.6 sample color configuration
)
Package xcolor Info: Driver file: pdftex.def on input line 227.
(C:\Users\micha\AppData\Local\Programs\MiKTeX\tex/latex/graphics\mathcolor.ltx)
Package xcolor Info: Model `cmy' substituted by `cmy0' on input line 1353.
Package xcolor Info: Model `hsb' substituted by `rgb' on input line 1357.
Package xcolor Info: Model `RGB' extended on input line 1369.
Package xcolor Info: Model `HTML' substituted by `rgb' on input line 1371.
Package xcolor Info: Model `Hsb' substituted by `hsb' on input line 1372.
Package xcolor Info: Model `tHsb' substituted by `hsb' on input line 1373.
Package xcolor Info: Model `HSB' substituted by `hsb' on input line 1374.
Package xcolor Info: Model `Gray' substituted by `gray' on input line 1375.
Package xcolor Info: Model `wave' substituted by `hsb' on input line 1376.
) (C:\Users\micha\AppData\Local\Programs\MiKTeX\tex/latex/newfloat\newfloat.sty
Package: newfloat 2023/10/01 v1.2 Defining new floating environments (AR)
) (C:\Users\micha\AppData\Local\Programs\MiKTeX\tex/latex/listings\listings.sty
\lst@mode=\count300
\lst@gtempboxa=\box56
\lst@token=\toks32
\lst@length=\count301
\lst@currlwidth=\dimen174
\lst@column=\count302
\lst@pos=\count303
\lst@lostspace=\dimen175
\lst@width=\dimen176
\lst@newlines=\count304
\lst@lineno=\count305
\lst@maxwidth=\dimen177
(C:\Users\micha\AppData\Local\Programs\MiKTeX\tex/latex/listings\lstmisc.sty
File: lstmisc.sty 2023/02/27 1.9 (Carsten Heinz)
\c@lstnumber=\count306
\lst@skipnumbers=\count307
\lst@framebox=\box57
)
(C:\Users\micha\AppData\Local\Programs\MiKTeX\tex/latex/listings\listings.cfg
File: listings.cfg 2023/02/27 1.9 listings configuration
))
Package: listings 2023/02/27 1.9 (Carsten Heinz)
\@float@every@listing=\toks33
\c@listing=\count308
(C:\Users\micha\AppData\Local\Programs\MiKTeX\tex/latex/natbib\bibentry.sty
Package: bibentry 2007/10/30 1.5 (PWD)
)
LaTeX Font Info:    Trying to load font information for OT1+ptm on input line 1
82.

(C:\Users\micha\AppData\Local\Programs\MiKTeX\tex/latex/psnfss\ot1ptm.fd
File: ot1ptm.fd 2001/06/04 font definitions for OT1/ptm.
)
(aaai24_changed.aux

LaTeX Warning: Label `theorem:fd' multiply defined.

)
\openout1 = `aaai24_changed.aux'.

LaTeX Font Info:    Checking defaults for OML/cmm/m/it on input line 182.
LaTeX Font Info:    ... okay on input line 182.
LaTeX Font Info:    Checking defaults for OMS/cmsy/m/n on input line 182.
LaTeX Font Info:    ... okay on input line 182.
LaTeX Font Info:    Checking defaults for OT1/cmr/m/n on input line 182.
LaTeX Font Info:    ... okay on input line 182.
LaTeX Font Info:    Checking defaults for T1/cmr/m/n on input line 182.
LaTeX Font Info:    ... okay on input line 182.
LaTeX Font Info:    Checking defaults for TS1/cmr/m/n on input line 182.
LaTeX Font Info:    ... okay on input line 182.
LaTeX Font Info:    Checking defaults for OMX/cmex/m/n on input line 182.
LaTeX Font Info:    ... okay on input line 182.
LaTeX Font Info:    Checking defaults for U/cmr/m/n on input line 182.
LaTeX Font Info:    ... okay on input line 182.

(C:\Users\micha\AppData\Local\Programs\MiKTeX\tex/context/base/mkii\supp-pdf.mk
ii
[Loading MPS to PDF converter (version 2006.09.02).]
\scratchcounter=\count309
\scratchdimen=\dimen178
\scratchbox=\box58
\nofMPsegments=\count310
\nofMParguments=\count311
\everyMPshowfont=\toks34
\MPscratchCnt=\count312
\MPscratchDim=\dimen179
\MPnumerator=\count313
\makeMPintoPDFobject=\count314
\everyMPtoPDFconversion=\toks35
)
(C:\Users\micha\AppData\Local\Programs\MiKTeX\tex/latex/epstopdf-pkg\epstopdf-b
ase.sty
Package: epstopdf-base 2020-01-24 v2.11 Base part for package epstopdf
Package epstopdf-base Info: Redefining graphics rule for `.eps' on input line 4
85.

(C:\Users\micha\AppData\Local\Programs\MiKTeX\tex/latex/00miktex\epstopdf-sys.c
fg
File: epstopdf-sys.cfg 2021/03/18 v2.0 Configuration of epstopdf for MiKTeX
))
Package caption Info: Begin \AtBeginDocument code.
Package caption Info: float package is loaded.
Package caption Info: listings package is loaded.
Package caption Info: End \AtBeginDocument code.
Package newfloat Info: `float' package detected.
\c@lstlisting=\count315
\c@eqfn=\count316
\titlearea=\box59
LaTeX Font Info:    Trying to load font information for U+msa on input line 184
.
 (C:\Users\micha\AppData\Local\Programs\MiKTeX\tex/latex/amsfonts\umsa.fd
File: umsa.fd 2013/01/14 v3.01 AMS symbols A
)
LaTeX Font Info:    Trying to load font information for U+msb on input line 184
.

(C:\Users\micha\AppData\Local\Programs\MiKTeX\tex/latex/amsfonts\umsb.fd
File: umsb.fd 2013/01/14 v3.01 AMS symbols B
)
LaTeX Font Info:    Trying to load font information for OMS+ptm on input line 1
84.

(C:\Users\micha\AppData\Local\Programs\MiKTeX\tex/latex/psnfss\omsptm.fd
File: omsptm.fd 
)
LaTeX Font Info:    Font shape `OMS/ptm/m/n' in size <10> not available
(Font)              Font shape `OMS/cmsy/m/n' tried instead on input line 184.
\actualheight=\skip64
LaTeX Font Info:    Trying to load font information for TS1+ptm on input line 1
84.

(C:\Users\micha\AppData\Local\Programs\MiKTeX\tex/latex/psnfss\ts1ptm.fd
File: ts1ptm.fd 2001/06/04 font definitions for TS1/ptm.
)

Package natbib Warning: Citation `he2016deep' on page 1 undefined on input line
 193.


Package natbib Warning: Citation `oord2018parallel' on page 1 undefined on inpu
t line 193.


Package natbib Warning: Citation `kenton2019bert' on page 1 undefined on input 
line 193.


Package natbib Warning: Citation `hochreiter1997flat' on page 1 undefined on in
put line 193.


Package natbib Warning: Citation `keskar2016large' on page 1 undefined on input
 line 193.


Package natbib Warning: Citation `dziugaite2017computing' on page 1 undefined o
n input line 193.


Package natbib Warning: Citation `neyshabur2017exploring' on page 1 undefined o
n input line 193.


Package natbib Warning: Citation `Jiang2020Fantastic' on page 1 undefined on in
put line 193.


Package natbib Warning: Citation `Jiang2020Fantastic' on page 1 undefined on in
put line 193.


Package natbib Warning: Citation `dziugaite2017computing' on page 1 undefined o
n input line 193.


Package natbib Warning: Citation `foret2021sharpnessaware' on page 1 undefined 
on input line 193.


Package natbib Warning: Citation `liu2022towards' on page 1 undefined on input 
line 193.


Package natbib Warning: Citation `du2022efficient' on page 1 undefined on input
 line 193.


Package natbib Warning: Citation `mi2022make' on page 1 undefined on input line
 193.


Package natbib Warning: Citation `du2022sharpness' on page 1 undefined on input
 line 193.


Package natbib Warning: Citation `jiang2023an' on page 1 undefined on input lin
e 193.


Package natbib Warning: Citation `liu2022random' on page 1 undefined on input l
ine 193.

[1{C:/Users/micha/AppData/Local/MiKTeX/fonts/map/pdftex/pdftex.map}{C:/Users/mi
cha/AppData/Local/Programs/MiKTeX/fonts/enc/dvips/base/8r.enc}



]
Underfull \hbox (badness 1515) in paragraph at lines 215--217
\OT1/ptm/m/n/10 whereas the \OT1/ptm/m/it/10 pop-u-la-tion loss \OT1/ptm/m/n/10
 is de-fined as $\OML/cmm/m/it/10 L[]\OT1/cmr/m/n/10 ([]) =
 []


Package natbib Warning: Citation `foret2021sharpnessaware' on page 2 undefined 
on input line 220.


Package natbib Warning: Citation `foret2021sharpnessaware' on page 2 undefined 
on input line 230.


Package natbib Warning: Citation `chen2022when' on page 2 undefined on input li
ne 230.


Package natbib Warning: Citation `bahri2021sharpness' on page 2 undefined on in
put line 230.


Package natbib Warning: Citation `liu2022towards' on page 2 undefined on input 
line 232.


Package natbib Warning: Citation `du2022efficient' on page 2 undefined on input
 line 232.


Package natbib Warning: Citation `mi2022make' on page 2 undefined on input line
 232.


Package natbib Warning: Citation `du2022sharpness' on page 2 undefined on input
 line 232.


Package natbib Warning: Citation `jiang2023an' on page 2 undefined on input lin
e 232.


Package natbib Warning: Citation `liu2022random' on page 2 undefined on input l
ine 234.

<figs/cifar10_effectiveness.pdf, id=11, 891.76913pt x 660.45181pt>
File: figs/cifar10_effectiveness.pdf Graphic file (type pdf)
<use figs/cifar10_effectiveness.pdf>
Package pdftex.def Info: figs/cifar10_effectiveness.pdf  used on input line 242
.
(pdftex.def)             Requested size: 202.3529pt x 149.85495pt.
<figs/cifar100_effectiveness.pdf, id=12, 891.76913pt x 660.45181pt>
File: figs/cifar100_effectiveness.pdf Graphic file (type pdf)
<use figs/cifar100_effectiveness.pdf>
Package pdftex.def Info: figs/cifar100_effectiveness.pdf  used on input line 24
9.
(pdftex.def)             Requested size: 202.3529pt x 149.85495pt.

Package natbib Warning: Citation `NEURIPS2020_322f6246' on page 2 undefined on 
input line 260.


Package natbib Warning: Citation `szegedy2016rethinking' on page 2 undefined on
 input line 262.


Package natbib Warning: Citation `devries2017improved' on page 2 undefined on i
nput line 262.


Package natbib Warning: Citation `zhang2017mixup' on page 2 undefined on input 
line 262.


Package natbib Warning: Citation `cubuk2020randaugment' on page 2 undefined on 
input line 262.


Package natbib Warning: Citation `srivastava2014dropout' on page 2 undefined on
 input line 262.


Package natbib Warning: Citation `he2016deep' on page 2 undefined on input line
 262.


Package natbib Warning: Citation `ioffe2015batch' on page 2 undefined on input 
line 262.


Package natbib Warning: Citation `krogh1991simple' on page 2 undefined on input
 line 262.


Package natbib Warning: Citation `drucker1992improving' on page 2 undefined on 
input line 262.


Package natbib Warning: Citation `zhao2022penalizing' on page 2 undefined on in
put line 262.


Package natbib Warning: Citation `sokolic2017robust' on page 2 undefined on inp
ut line 262.


Package natbib Warning: Citation `pereyra2017regularizing' on page 2 undefined 
on input line 262.


Package natbib Warning: Citation `keskar2016large' on page 2 undefined on input
 line 267.


Package natbib Warning: Citation `Jiang2020Fantastic' on page 2 undefined on in
put line 267.


Package natbib Warning: Citation `liang2019fisher' on page 2 undefined on input
 line 267.


Package natbib Warning: Citation `pereyra2017regularizing' on page 2 undefined 
on input line 267.


Package natbib Warning: Citation `chaudhari2019entropy' on page 2 undefined on 
input line 267.


Package natbib Warning: Citation `wu2022alignment' on page 2 undefined on input
 line 267.


Package natbib Warning: Citation `wu2022does' on page 2 undefined on input line
 267.


Package natbib Warning: Citation `dinh2017sharp' on page 2 undefined on input l
ine 267.


Package natbib Warning: Citation `kaur2023maximum' on page 2 undefined on input
 line 267.


Package natbib Warning: Citation `maddox2020rethinking' on page 2 undefined on 
input line 267.


Package natbib Warning: Citation `LIU202313' on page 2 undefined on input line 
267.


Package natbib Warning: Citation `LIU202313' on page 2 undefined on input line 
267.


Package natbib Warning: Citation `avron2011randomized' on page 2 undefined on i
nput line 267.


Package natbib Warning: Citation `LIU202313' on page 2 undefined on input line 
267.

[2]
<figs/top_eigen.pdf, id=24, 780.03297pt x 661.2203pt>
File: figs/top_eigen.pdf Graphic file (type pdf)
<use figs/top_eigen.pdf>
Package pdftex.def Info: figs/top_eigen.pdf  used on input line 273.
(pdftex.def)             Requested size: 227.64894pt x 192.96979pt.
<figs/trace.pdf, id=25, 770.71692pt x 661.2203pt>
File: figs/trace.pdf Graphic file (type pdf)
<use figs/trace.pdf>
Package pdftex.def Info: figs/trace.pdf  used on input line 280.
(pdftex.def)             Requested size: 227.64894pt x 195.30045pt.
<figs/n_trace.pdf, id=26, 770.71692pt x 661.2203pt>
File: figs/n_trace.pdf Graphic file (type pdf)
<use figs/n_trace.pdf>
Package pdftex.def Info: figs/n_trace.pdf  used on input line 287.
(pdftex.def)             Requested size: 227.64894pt x 195.30045pt.
<figs/n_trace_vs_ar.pdf, id=27, 789.50586pt x 661.2203pt>
File: figs/n_trace_vs_ar.pdf Graphic file (type pdf)
<use figs/n_trace_vs_ar.pdf>
Package pdftex.def Info: figs/n_trace_vs_ar.pdf  used on input line 294.
(pdftex.def)             Requested size: 227.64894pt x 190.65932pt.
 [3 <./figs/cifar10_effectiveness.pdf> <./figs/cifar100_effectiveness.pdf>]

Package natbib Warning: Citation `zhao2022penalizing' on page 4 undefined on in
put line 337.

[4 <./figs/top_eigen.pdf> <./figs/trace.pdf> <./figs/n_trace.pdf> <./figs/n_tra
ce_vs_ar.pdf>]
Underfull \hbox (badness 10000) in paragraph at lines 352--354
[]\OT1/ptm/m/n/10 We can see that $[][] \OML/cmm/m/it/10 ^^Z[][]\OMS/cmsy/m/n/1
0 r\OML/cmm/m/it/10 L[]\OT1/cmr/m/n/10 ([]) =
 []


Underfull \hbox (badness 10000) in paragraph at lines 352--354
\OML/cmm/m/it/10 ^^Z\OMS/cmsy/m/n/10 kr\OML/cmm/m/it/10 L[]\OT1/cmr/m/n/10 ([])
\OMS/cmsy/m/n/10 k[]$ \OT1/ptm/m/n/10 (cf. []). Un-der the con-di-tion that
 []


Underfull \hbox (badness 2020) in paragraph at lines 352--354
[] \OMS/cmsy/m/n/10 ^^X \OML/cmm/m/it/10 N\OT1/cmr/m/n/10 (0\OML/cmm/m/it/10 ; 
I\OT1/cmr/m/n/10 )$\OT1/ptm/m/n/10 , we have $\U/msb/m/n/10 E[][][]\OMS/cmsy/m/
n/10 r[]\OML/cmm/m/it/10 L[]\OT1/cmr/m/n/10 ([])[] =
 []


Overfull \hbox (15.03032pt too wide) detected at line 384
[]
 []

<figs/diagram.png, id=257, 545.78906pt x 405.76593pt>
File: figs/diagram.png Graphic file (type png)
<use figs/diagram.png>
Package pdftex.def Info: figs/diagram.png  used on input line 397.
(pdftex.def)             Requested size: 204.88264pt x 152.31664pt.

Package natbib Warning: Citation `fawzi2018empirical' on page 5 undefined on in
put line 427.


Package natbib Warning: Citation `moosavi2019robustness' on page 5 undefined on
 input line 427.


Package natbib Warning: Citation `zhuang2022surrogate' on page 5 undefined on i
nput line 431.


Package natbib Warning: Citation `krizhevsky2009learning' on page 5 undefined o
n input line 448.


Package natbib Warning: Citation `he2016deep' on page 5 undefined on input line
 448.


Package natbib Warning: Citation `he2016deep' on page 5 undefined on input line
 448.


Package natbib Warning: Citation `zagoruyko2016wide' on page 5 undefined on inp
ut line 448.


Package natbib Warning: Citation `han2017deep' on page 5 undefined on input lin
e 448.


Package natbib Warning: Citation `foret2021sharpnessaware' on page 5 undefined 
on input line 448.


Package natbib Warning: Citation `devries2017improved' on page 5 undefined on i
nput line 448.


Package natbib Warning: Citation `cubuk2018autoaugment' on page 5 undefined on 
input line 448.

[5]

Package natbib Warning: Citation `liu2022random' on page 6 undefined on input l
ine 450.


Package natbib Warning: Citation `du2022sharpness' on page 6 undefined on input
 line 450.


Underfull \hbox (badness 1418) in paragraph at lines 452--454
\OT1/ptm/m/n/10 SGD across all con-fig-u-ra-tions on both CIFAR-10 and
 []


LaTeX Warning: `h' float specifier changed to `ht'.


Package natbib Warning: Citation `deng2009imagenet' on page 6 undefined on inpu
t line 495.


Package natbib Warning: Citation `he2016deep' on page 6 undefined on input line
 495.


Package natbib Warning: Citation `dosovitskiy2020image' on page 6 undefined on 
input line 495.


Package natbib Warning: Citation `hendrycks2018benchmarking' on page 6 undefine
d on input line 495.


Package natbib Warning: Citation `hendrycks2021many' on page 6 undefined on inp
ut line 495.


Package natbib Warning: Citation `du2022efficient' on page 6 undefined on input
 line 497.


Package natbib Warning: Citation `loshchilov2018decoupled' on page 6 undefined 
on input line 497.


LaTeX Warning: `h' float specifier changed to `ht'.


Package natbib Warning: Citation `avron2011randomized' on page 6 undefined on i
nput line 538.


Package natbib Warning: Citation `yao2020pyhessian' on page 6 undefined on inpu
t line 538.


LaTeX Warning: `h' float specifier changed to `ht'.


Package natbib Warning: Citation `li2018visualizing' on page 6 undefined on inp
ut line 563.

[6 <./figs/diagram.png>]
<figs/SGD_loss.png, id=267, 248.80453pt x 159.59625pt>
File: figs/SGD_loss.png Graphic file (type png)
<use figs/SGD_loss.png>
Package pdftex.def Info: figs/SGD_loss.png  used on input line 570.
(pdftex.def)             Requested size: 51.71019pt x 33.16795pt.
<figs/SAM_loss.png, id=268, 275.15297pt x 156.96141pt>
File: figs/SAM_loss.png Graphic file (type png)
<use figs/SAM_loss.png>
Package pdftex.def Info: figs/SAM_loss.png  used on input line 578.
(pdftex.def)             Requested size: 57.45543pt x 32.77365pt.
<figs/CRSAM_loss.png, id=269, 272.89453pt x 156.96141pt>
File: figs/CRSAM_loss.png Graphic file (type png)
<use figs/CRSAM_loss.png>
Package pdftex.def Info: figs/CRSAM_loss.png  used on input line 586.
(pdftex.def)             Requested size: 57.45543pt x 33.04669pt.


LaTeX Warning: `h' float specifier changed to `ht'.

[7 <./figs/SGD_loss.png> <./figs/SAM_loss.png> <./figs/CRSAM_loss.png>]
Underfull \vbox (badness 10000) has occurred while \output is active []


Underfull \vbox (badness 10000) has occurred while \output is active []

 [8]
[9

]
No file aaai24_changed.bbl.

Overfull \hbox (15.03032pt too wide) detected at line 628
[]
 []


Overfull \hbox (2.15858pt too wide) detected at line 653
[]
 []


Overfull \hbox (7.84973pt too wide) detected at line 665
[]
 []


Package natbib Warning: Citation `JMLR:v17:15-290' on page 10 undefined on inpu
t line 669.


Package natbib Warning: Citation `gat2022importance' on page 10 undefined on in
put line 669.


Overfull \hbox (34.42775pt too wide) detected at line 673
[]\U/msb/m/n/10 E[] [] \OMS/cmsy/m/n/10 ^^T \U/msb/m/n/10 E[] [] \OT1/cmr/m/n/1
0 + [][\OML/cmm/m/it/10 C\OT1/cmr/m/n/10 (\OML/cmm/m/it/10 ^^U; p\OT1/cmr/m/n/1
0 ) + \OML/cmm/m/it/10 KL\OT1/cmr/m/n/10 (\OML/cmm/m/it/10 q\OMS/cmsy/m/n/10 k\
OML/cmm/m/it/10 p\OT1/cmr/m/n/10 ) + [](1\OML/cmm/m/it/10 =^^N\OT1/cmr/m/n/10 )
]
 []


Overfull \hbox (10.69263pt too wide) detected at line 683
[]
 []


Package natbib Warning: Citation `gat2022importance' on page 10 undefined on in
put line 685.


Underfull \hbox (badness 1838) in paragraph at lines 685--686
[]\OT1/ptm/m/n/10 From (\OT1/ptm/b/n/10 ?\OT1/ptm/m/n/10 ), we have $\OML/cmm/m
/it/10 C\OT1/cmr/m/n/10 (\OML/cmm/m/it/10 ^^U; p\OT1/cmr/m/n/10 ) \OMS/cmsy/m/n
/10 ^^T \OML/cmm/m/it/10 ^^M\OMS/cmsy/m/n/10 kr\OML/cmm/m/it/10 L[]\OT1/cmr/m/n
/10 ([])\OMS/cmsy/m/n/10 k[]$ \OT1/ptm/m/n/10 and
 []

<figs/loss.pdf, id=283, 413.51802pt x 315.91098pt>
File: figs/loss.pdf Graphic file (type pdf)
<use figs/loss.pdf>
Package pdftex.def Info: figs/loss.pdf  used on input line 698.
(pdftex.def)             Requested size: 242.82503pt x 185.50854pt.
<figs/accuracy.pdf, id=284, 416.70178pt x 319.72209pt>
File: figs/accuracy.pdf Graphic file (type pdf)
<use figs/accuracy.pdf>
Package pdftex.def Info: figs/accuracy.pdf  used on input line 705.
(pdftex.def)             Requested size: 242.82503pt x 186.31708pt.

LaTeX Warning: `!h' float specifier changed to `!ht'.


LaTeX Warning: `!h' float specifier changed to `!ht'.


Package natbib Warning: There were undefined citations.

[10

] [11 <./figs/loss.pdf> <./figs/accuracy.pdf>] [12] [13] (aaai24_changed.aux)
 ***********
LaTeX2e <2023-06-01> patch level 1
L3 programming layer <2023-08-29>
 ***********


LaTeX Warning: There were multiply-defined labels.

 ) 
Here is how much of TeX's memory you used:
 8302 strings out of 475247
 135686 string characters out of 5757792
 1969801 words of memory out of 5000000
 29689 multiletter control sequences out of 15000+600000
 593787 words of font info for 116 fonts, out of 8000000 for 9000
 1141 hyphenation exceptions out of 8191
 79i,21n,93p,8724b,560s stack positions out of 10000i,1000n,20000p,200000b,200000s
<C:/Users/micha/AppData/Local/Programs/MiKTeX/fonts/type1/public/amsfonts/cme
xtra/cmbsy7.pfb><C:/Users/micha/AppData/Local/Programs/MiKTeX/fonts/type1/publi
c/amsfonts/cm/cmbx10.pfb><C:/Users/micha/AppData/Local/Programs/MiKTeX/fonts/ty
pe1/public/amsfonts/cm/cmbx7.pfb><C:/Users/micha/AppData/Local/Programs/MiKTeX/
fonts/type1/public/amsfonts/cm/cmex10.pfb><C:/Users/micha/AppData/Local/Program
s/MiKTeX/fonts/type1/public/amsfonts/cmextra/cmex9.pfb><C:/Users/micha/AppData/
Local/Programs/MiKTeX/fonts/type1/public/amsfonts/cm/cmmi10.pfb><C:/Users/micha
/AppData/Local/Programs/MiKTeX/fonts/type1/public/amsfonts/cm/cmmi5.pfb><C:/Use
rs/micha/AppData/Local/Programs/MiKTeX/fonts/type1/public/amsfonts/cm/cmmi6.pfb
><C:/Users/micha/AppData/Local/Programs/MiKTeX/fonts/type1/public/amsfonts/cm/c
mmi7.pfb><C:/Users/micha/AppData/Local/Programs/MiKTeX/fonts/type1/public/amsfo
nts/cm/cmmi9.pfb><C:/Users/micha/AppData/Local/Programs/MiKTeX/fonts/type1/publ
ic/amsfonts/cm/cmmib10.pfb><C:/Users/micha/AppData/Local/Programs/MiKTeX/fonts/
type1/public/amsfonts/cmextra/cmmib7.pfb><C:/Users/micha/AppData/Local/Programs
/MiKTeX/fonts/type1/public/amsfonts/cmextra/cmmib9.pfb><C:/Users/micha/AppData/
Local/Programs/MiKTeX/fonts/type1/public/amsfonts/cm/cmr10.pfb><C:/Users/micha/
AppData/Local/Programs/MiKTeX/fonts/type1/public/amsfonts/cm/cmr5.pfb><C:/Users
/micha/AppData/Local/Programs/MiKTeX/fonts/type1/public/amsfonts/cm/cmr6.pfb><C
:/Users/micha/AppData/Local/Programs/MiKTeX/fonts/type1/public/amsfonts/cm/cmr7
.pfb><C:/Users/micha/AppData/Local/Programs/MiKTeX/fonts/type1/public/amsfonts/
cm/cmr9.pfb><C:/Users/micha/AppData/Local/Programs/MiKTeX/fonts/type1/public/am
sfonts/cm/cmsy10.pfb><C:/Users/micha/AppData/Local/Programs/MiKTeX/fonts/type1/
public/amsfonts/cm/cmsy5.pfb><C:/Users/micha/AppData/Local/Programs/MiKTeX/font
s/type1/public/amsfonts/cm/cmsy6.pfb><C:/Users/micha/AppData/Local/Programs/MiK
TeX/fonts/type1/public/amsfonts/cm/cmsy7.pfb><C:/Users/micha/AppData/Local/Prog
rams/MiKTeX/fonts/type1/public/amsfonts/cm/cmsy9.pfb><C:/Users/micha/AppData/Lo
cal/Programs/MiKTeX/fonts/type1/public/amsfonts/symbols/msam10.pfb><C:/Users/mi
cha/AppData/Local/Programs/MiKTeX/fonts/type1/public/amsfonts/symbols/msbm10.pf
b><C:/Users/micha/AppData/Local/Programs/MiKTeX/fonts/type1/urw/times/utmb8a.pf
b><C:/Users/micha/AppData/Local/Programs/MiKTeX/fonts/type1/urw/times/utmr8a.pf
b><C:/Users/micha/AppData/Local/Programs/MiKTeX/fonts/type1/urw/times/utmri8a.p
fb>
Output written on aaai24_changed.pdf (13 pages, 893290 bytes).
PDF statistics:
 484 PDF objects out of 1000 (max. 8388607)
 0 named destinations out of 1000 (max. 500000)
 61 words of extra memory for PDF output out of 10000 (max. 10000000)

