This is pdfTeX, Version 3.141592653-2.6-1.40.25 (MiKTeX 23.9) (preloaded format=pdflatex 2023.9.22)  20 JAN 2024 14:48
entering extended mode
 restricted \write18 enabled.
 %&-line parsing enabled.
**./Lai_changed.tex
(Lai_changed.tex
LaTeX2e <2023-06-01> patch level 1
L3 programming layer <2023-08-29>
(C:\Users\micha\AppData\Local\Programs\MiKTeX\tex/latex/base\article.cls
Document Class: article 2023/05/17 v1.4n Standard LaTeX document class
(C:\Users\micha\AppData\Local\Programs\MiKTeX\tex/latex/base\size10.clo
File: size10.clo 2023/05/17 v1.4n Standard LaTeX file (size option)
)
\c@part=\count185
\c@section=\count186
\c@subsection=\count187
\c@subsubsection=\count188
\c@paragraph=\count189
\c@subparagraph=\count190
\c@figure=\count191
\c@table=\count192
\abovecaptionskip=\skip48
\belowcaptionskip=\skip49
\bibindent=\dimen140
)
(aaai24.sty
Package: aaai24 2023/06/26 AAAI 2024 Submission format

Conference Style for AAAI for LaTeX 2e -- version for submission
\titlebox=\skip50
) (C:\Users\micha\AppData\Local\Programs\MiKTeX\tex/latex/psnfss\times.sty
Package: times 2020/03/25 PSNFSS-v9.3 (SPQR) 
)
(C:\Users\micha\AppData\Local\Programs\MiKTeX\tex/latex/psnfss\helvet.sty
Package: helvet 2020/03/25 PSNFSS-v9.3 (WaS) 

(C:\Users\micha\AppData\Local\Programs\MiKTeX\tex/latex/graphics\keyval.sty
Package: keyval 2022/05/29 v1.15 key=value parser (DPC)
\KV@toks@=\toks17
))
(C:\Users\micha\AppData\Local\Programs\MiKTeX\tex/latex/psnfss\courier.sty
Package: courier 2020/03/25 PSNFSS-v9.3 (WaS) 
)
(C:\Users\micha\AppData\Local\Programs\MiKTeX\tex/latex/url\url.sty
\Urlmuskip=\muskip16
Package: url 2013/09/16  ver 3.4  Verb mode for urls, etc.
)
(C:\Users\micha\AppData\Local\Programs\MiKTeX\tex/latex/graphics\graphicx.sty
Package: graphicx 2021/09/16 v1.2d Enhanced LaTeX Graphics (DPC,SPQR)

(C:\Users\micha\AppData\Local\Programs\MiKTeX\tex/latex/graphics\graphics.sty
Package: graphics 2022/03/10 v1.4e Standard LaTeX Graphics (DPC,SPQR)

(C:\Users\micha\AppData\Local\Programs\MiKTeX\tex/latex/graphics\trig.sty
Package: trig 2021/08/11 v1.11 sin cos tan (DPC)
)
(C:\Users\micha\AppData\Local\Programs\MiKTeX\tex/latex/graphics-cfg\graphics.c
fg
File: graphics.cfg 2016/06/04 v1.11 sample graphics configuration
)
Package graphics Info: Driver file: pdftex.def on input line 107.

(C:\Users\micha\AppData\Local\Programs\MiKTeX\tex/latex/graphics-def\pdftex.def
File: pdftex.def 2022/09/22 v1.2b Graphics/color driver for pdftex
))
\Gin@req@height=\dimen141
\Gin@req@width=\dimen142
) (C:\Users\micha\AppData\Local\Programs\MiKTeX\tex/latex/natbib\natbib.sty
Package: natbib 2010/09/13 8.31b (PWD, AO)
\bibhang=\skip51
\bibsep=\skip52
LaTeX Info: Redefining \cite on input line 694.
\c@NAT@ctr=\count193
)
(C:\Users\micha\AppData\Local\Programs\MiKTeX\tex/latex/caption\caption.sty
Package: caption 2023/07/31 v3.6n Customizing captions (AR)

(C:\Users\micha\AppData\Local\Programs\MiKTeX\tex/latex/caption\caption3.sty
Package: caption3 2023/07/31 v2.4d caption3 kernel (AR)
\caption@tempdima=\dimen143
\captionmargin=\dimen144
\caption@leftmargin=\dimen145
\caption@rightmargin=\dimen146
\caption@width=\dimen147
\caption@indent=\dimen148
\caption@parindent=\dimen149
\caption@hangindent=\dimen150
Package caption Info: Standard document class detected.
)
\c@caption@flags=\count194
\c@continuedfloat=\count195
)
(C:\Users\micha\AppData\Local\Programs\MiKTeX\tex/latex/algorithms\algorithm.st
y
Package: algorithm 2009/08/24 v0.1 Document Style `algorithm' - floating enviro
nment
 (C:\Users\micha\AppData\Local\Programs\MiKTeX\tex/latex/float\float.sty
Package: float 2001/11/08 v1.3d Float enhancements (AL)
\c@float@type=\count196
\float@exts=\toks18
\float@box=\box51
\@float@everytoks=\toks19
\@floatcapt=\box52
)
(C:\Users\micha\AppData\Local\Programs\MiKTeX\tex/latex/base\ifthen.sty
Package: ifthen 2022/04/13 v1.1d Standard LaTeX ifthen package (DPC)
)
\@float@every@algorithm=\toks20
\c@algorithm=\count197
)
(C:\Users\micha\AppData\Local\Programs\MiKTeX\tex/latex/algorithms\algorithmic.
sty
Package: algorithmic 2009/08/24 v0.1 Document Style `algorithmic'
\c@ALC@unique=\count198
\c@ALC@line=\count199
\c@ALC@rem=\count266
\c@ALC@depth=\count267
\ALC@tlm=\skip53
\algorithmicindent=\skip54
)
(C:\Users\micha\AppData\Local\Programs\MiKTeX\tex/latex/amsfonts\amssymb.sty
Package: amssymb 2013/01/14 v3.01 AMS font symbols

(C:\Users\micha\AppData\Local\Programs\MiKTeX\tex/latex/amsfonts\amsfonts.sty
Package: amsfonts 2013/01/14 v3.01 Basic AMSFonts support
\@emptytoks=\toks21
\symAMSa=\mathgroup4
\symAMSb=\mathgroup5
LaTeX Font Info:    Redeclaring math symbol \hbar on input line 98.
LaTeX Font Info:    Overwriting math alphabet `\mathfrak' in version `bold'
(Font)                  U/euf/m/n --> U/euf/b/n on input line 106.
)) (C:\Users\micha\AppData\Local\Programs\MiKTeX\tex/latex/amsmath\amsmath.sty
Package: amsmath 2023/05/13 v2.17o AMS math features
\@mathmargin=\skip55

For additional information on amsmath, use the `?' option.
(C:\Users\micha\AppData\Local\Programs\MiKTeX\tex/latex/amsmath\amstext.sty
Package: amstext 2021/08/26 v2.01 AMS text

(C:\Users\micha\AppData\Local\Programs\MiKTeX\tex/latex/amsmath\amsgen.sty
File: amsgen.sty 1999/11/30 v2.0 generic functions
\@emptytoks=\toks22
\ex@=\dimen151
))
(C:\Users\micha\AppData\Local\Programs\MiKTeX\tex/latex/amsmath\amsbsy.sty
Package: amsbsy 1999/11/29 v1.2d Bold Symbols
\pmbraise@=\dimen152
)
(C:\Users\micha\AppData\Local\Programs\MiKTeX\tex/latex/amsmath\amsopn.sty
Package: amsopn 2022/04/08 v2.04 operator names
)
\inf@bad=\count268
LaTeX Info: Redefining \frac on input line 234.
\uproot@=\count269
\leftroot@=\count270
LaTeX Info: Redefining \overline on input line 399.
LaTeX Info: Redefining \colon on input line 410.
\classnum@=\count271
\DOTSCASE@=\count272
LaTeX Info: Redefining \ldots on input line 496.
LaTeX Info: Redefining \dots on input line 499.
LaTeX Info: Redefining \cdots on input line 620.
\Mathstrutbox@=\box53
\strutbox@=\box54
LaTeX Info: Redefining \big on input line 722.
LaTeX Info: Redefining \Big on input line 723.
LaTeX Info: Redefining \bigg on input line 724.
LaTeX Info: Redefining \Bigg on input line 725.
\big@size=\dimen153
LaTeX Font Info:    Redeclaring font encoding OML on input line 743.
LaTeX Font Info:    Redeclaring font encoding OMS on input line 744.
\macc@depth=\count273
LaTeX Info: Redefining \bmod on input line 905.
LaTeX Info: Redefining \pmod on input line 910.
LaTeX Info: Redefining \smash on input line 940.
LaTeX Info: Redefining \relbar on input line 970.
LaTeX Info: Redefining \Relbar on input line 971.
\c@MaxMatrixCols=\count274
\dotsspace@=\muskip17
\c@parentequation=\count275
\dspbrk@lvl=\count276
\tag@help=\toks23
\row@=\count277
\column@=\count278
\maxfields@=\count279
\andhelp@=\toks24
\eqnshift@=\dimen154
\alignsep@=\dimen155
\tagshift@=\dimen156
\tagwidth@=\dimen157
\totwidth@=\dimen158
\lineht@=\dimen159
\@envbody=\toks25
\multlinegap=\skip56
\multlinetaggap=\skip57
\mathdisplay@stack=\toks26
LaTeX Info: Redefining \[ on input line 2953.
LaTeX Info: Redefining \] on input line 2954.
)
(C:\Users\micha\AppData\Local\Programs\MiKTeX\tex/latex/tools\bm.sty
Package: bm 2022/01/05 v1.2f Bold Symbol Support (DPC/FMi)
\symboldoperators=\mathgroup6
\symboldletters=\mathgroup7
\symboldsymbols=\mathgroup8
Package bm Info: No bold for \OMX/cmex/m/n, using \pmb.
Package bm Info: No bold for \U/msa/m/n, using \pmb.
Package bm Info: No bold for \U/msb/m/n, using \pmb.
LaTeX Font Info:    Redeclaring math alphabet \mathbf on input line 149.
)
(C:\Users\micha\AppData\Local\Programs\MiKTeX\tex/latex/booktabs\booktabs.sty
Package: booktabs 2020/01/12 v1.61803398 Publication quality tables
\heavyrulewidth=\dimen160
\lightrulewidth=\dimen161
\cmidrulewidth=\dimen162
\belowrulesep=\dimen163
\belowbottomsep=\dimen164
\aboverulesep=\dimen165
\abovetopsep=\dimen166
\cmidrulesep=\dimen167
\cmidrulekern=\dimen168
\defaultaddspace=\dimen169
\@cmidla=\count280
\@cmidlb=\count281
\@aboverulesep=\dimen170
\@belowrulesep=\dimen171
\@thisruleclass=\count282
\@lastruleclass=\count283
\@thisrulewidth=\dimen172
)
(C:\Users\micha\AppData\Local\Programs\MiKTeX\tex/latex/multirow\multirow.sty
Package: multirow 2021/03/15 v2.8 Span multiple rows of a table
\multirow@colwidth=\skip58
\multirow@cntb=\count284
\multirow@dima=\skip59
\bigstrutjot=\dimen173
)
(C:\Users\micha\AppData\Local\Programs\MiKTeX\tex/latex/newfloat\newfloat.sty
Package: newfloat 2023/10/01 v1.2 Defining new floating environments (AR)
)
(C:\Users\micha\AppData\Local\Programs\MiKTeX\tex/latex/listings\listings.sty
\lst@mode=\count285
\lst@gtempboxa=\box55
\lst@token=\toks27
\lst@length=\count286
\lst@currlwidth=\dimen174
\lst@column=\count287
\lst@pos=\count288
\lst@lostspace=\dimen175
\lst@width=\dimen176
\lst@newlines=\count289
\lst@lineno=\count290
\lst@maxwidth=\dimen177

(C:\Users\micha\AppData\Local\Programs\MiKTeX\tex/latex/listings\lstmisc.sty
File: lstmisc.sty 2023/02/27 1.9 (Carsten Heinz)
\c@lstnumber=\count291
\lst@skipnumbers=\count292
\lst@framebox=\box56
)
(C:\Users\micha\AppData\Local\Programs\MiKTeX\tex/latex/listings\listings.cfg
File: listings.cfg 2023/02/27 1.9 listings configuration
))
Package: listings 2023/02/27 1.9 (Carsten Heinz)
\@float@every@listing=\toks28
\c@listing=\count293
(C:\Users\micha\AppData\Local\Programs\MiKTeX\tex/latex/natbib\bibentry.sty
Package: bibentry 2007/10/30 1.5 (PWD)
)
LaTeX Font Info:    Trying to load font information for OT1+ptm on input line 1
69.

(C:\Users\micha\AppData\Local\Programs\MiKTeX\tex/latex/psnfss\ot1ptm.fd
File: ot1ptm.fd 2001/06/04 font definitions for OT1/ptm.
)
(C:\Users\micha\AppData\Local\Programs\MiKTeX\tex/latex/l3backend\l3backend-pdf
tex.def
File: l3backend-pdftex.def 2023-04-19 L3 backend support: PDF output (pdfTeX)
\l__color_backend_stack_int=\count294
\l__pdf_internal_box=\box57
) (Lai_changed.aux)
\openout1 = `Lai_changed.aux'.

LaTeX Font Info:    Checking defaults for OML/cmm/m/it on input line 169.
LaTeX Font Info:    ... okay on input line 169.
LaTeX Font Info:    Checking defaults for OMS/cmsy/m/n on input line 169.
LaTeX Font Info:    ... okay on input line 169.
LaTeX Font Info:    Checking defaults for OT1/cmr/m/n on input line 169.
LaTeX Font Info:    ... okay on input line 169.
LaTeX Font Info:    Checking defaults for T1/cmr/m/n on input line 169.
LaTeX Font Info:    ... okay on input line 169.
LaTeX Font Info:    Checking defaults for TS1/cmr/m/n on input line 169.
LaTeX Font Info:    ... okay on input line 169.
LaTeX Font Info:    Checking defaults for OMX/cmex/m/n on input line 169.
LaTeX Font Info:    ... okay on input line 169.
LaTeX Font Info:    Checking defaults for U/cmr/m/n on input line 169.
LaTeX Font Info:    ... okay on input line 169.

(C:\Users\micha\AppData\Local\Programs\MiKTeX\tex/context/base/mkii\supp-pdf.mk
ii
[Loading MPS to PDF converter (version 2006.09.02).]
\scratchcounter=\count295
\scratchdimen=\dimen178
\scratchbox=\box58
\nofMPsegments=\count296
\nofMParguments=\count297
\everyMPshowfont=\toks29
\MPscratchCnt=\count298
\MPscratchDim=\dimen179
\MPnumerator=\count299
\makeMPintoPDFobject=\count300
\everyMPtoPDFconversion=\toks30
)
(C:\Users\micha\AppData\Local\Programs\MiKTeX\tex/latex/epstopdf-pkg\epstopdf-b
ase.sty
Package: epstopdf-base 2020-01-24 v2.11 Base part for package epstopdf
Package epstopdf-base Info: Redefining graphics rule for `.eps' on input line 4
85.

(C:\Users\micha\AppData\Local\Programs\MiKTeX\tex/latex/00miktex\epstopdf-sys.c
fg
File: epstopdf-sys.cfg 2021/03/18 v2.0 Configuration of epstopdf for MiKTeX
))
Package caption Info: Begin \AtBeginDocument code.
Package caption Info: float package is loaded.
Package caption Info: listings package is loaded.
Package caption Info: End \AtBeginDocument code.
Package newfloat Info: `float' package detected.
\c@lstlisting=\count301
\c@eqfn=\count302
\titlearea=\box59
LaTeX Font Info:    Trying to load font information for OMS+ptm on input line 1
71.
 (C:\Users\micha\AppData\Local\Programs\MiKTeX\tex/latex/psnfss\omsptm.fd
File: omsptm.fd 
)
LaTeX Font Info:    Font shape `OMS/ptm/m/n' in size <10> not available
(Font)              Font shape `OMS/cmsy/m/n' tried instead on input line 171.
\actualheight=\skip60
LaTeX Font Info:    Trying to load font information for TS1+ptm on input line 1
71.

(C:\Users\micha\AppData\Local\Programs\MiKTeX\tex/latex/psnfss\ts1ptm.fd
File: ts1ptm.fd 2001/06/04 font definitions for TS1/ptm.
)
Underfull \hbox (badness 1515) in paragraph at lines 174--175
[]\OT1/ptm/m/n/9 Natural lan-guage ex-pla-na-tion in vi-sual ques-tion an-swer
 []


Package natbib Warning: Citation `antol2015vqa' on page 1 undefined on input li
ne 180.


Package natbib Warning: Citation `patro2019u' on page 1 undefined on input line
 180.


Package natbib Warning: Citation `chen2022rex' on page 1 undefined on input lin
e 180.


Package natbib Warning: Citation `lu2016hierarchical' on page 1 undefined on in
put line 180.


Package natbib Warning: Citation `selvaraju2017grad' on page 1 undefined on inp
ut line 180.



pdfTeX warning: pdflatex.exe (file ./example.pdf): PDF inclusion: found PDF ver
sion <1.7>, but at most version <1.5> allowed
<example.pdf, id=1, 329.31029pt x 388.33081pt>
File: example.pdf Graphic file (type pdf)
<use example.pdf>
Package pdftex.def Info: example.pdf  used on input line 185.
(pdftex.def)             Requested size: 237.00174pt x 279.48537pt.

LaTeX Warning: `h' float specifier changed to `ht'.


Package natbib Warning: Citation `camburu2018snli' on page 1 undefined on input
 line 191.


Package natbib Warning: Citation `park2018multimodal' on page 1 undefined on in
put line 191.


Package natbib Warning: Citation `wei2022chain' on page 1 undefined on input li
ne 191.


Package natbib Warning: Citation `park2018multimodal' on page 1 undefined on in
put line 191.


Package natbib Warning: Citation `kayser2021vil' on page 1 undefined on input l
ine 191.


Package natbib Warning: Citation `wu2019faithful' on page 1 undefined on input 
line 191.


Package natbib Warning: Citation `sammani2022nlx' on page 1 undefined on input 
line 191.


Package natbib Warning: Citation `sammani2022nlx' on page 1 undefined on input 
line 194.


Package natbib Warning: Citation `sammani2022nlx' on page 1 undefined on input 
line 196.


Package natbib Warning: Citation `suo2023s3c' on page 1 undefined on input line
 196.


Package natbib Warning: Citation `wei2022chain' on page 1 undefined on input li
ne 196.


Underfull \vbox (badness 1400) has occurred while \output is active []

 [1{C:/Users/micha/AppData/Local/MiKTeX/fonts/map/pdftex/pdftex.map}{C:/Users/m
icha/AppData/Local/Programs/MiKTeX/fonts/enc/dvips/base/8r.enc}



]
Underfull \hbox (badness 10000) in paragraph at lines 200--201
\OT1/ptm/m/n/10 frame-work, i.e., semantic-level, image-level, and
 []


Underfull \hbox (badness 2486) in paragraph at lines 200--201
\OT1/ptm/m/n/10 instance-level, to per-form dis-crim-i-na-tive rep-re-sen-ta-
 []


Underfull \hbox (badness 3291) in paragraph at lines 202--203
[]\OT1/ptm/m/n/10 The pro-posed MCLE achieves new state-of-the-art
 []


Package natbib Warning: Citation `malinowski2014multi' on page 2 undefined on i
nput line 207.


Package natbib Warning: Citation `dong2018predicting' on page 2 undefined on in
put line 207.


Package natbib Warning: Citation `yao2019hierarchy' on page 2 undefined on inpu
t line 207.


Package natbib Warning: Citation `anderson2018bottom' on page 2 undefined on in
put line 207.


Package natbib Warning: Citation `lu2016hierarchical' on page 2 undefined on in
put line 207.


Package natbib Warning: Citation `ma2018visual' on page 2 undefined on input li
ne 207.


Package natbib Warning: Citation `xiong2016dynamic' on page 2 undefined on inpu
t line 207.


Package natbib Warning: Citation `kipf2016semi' on page 2 undefined on input li
ne 207.


Package natbib Warning: Citation `velickovic2017graph' on page 2 undefined on i
nput line 207.


Package natbib Warning: Citation `selvaraju2017grad' on page 2 undefined on inp
ut line 207.


Package natbib Warning: Citation `patro2019u' on page 2 undefined on input line
 207.


Package natbib Warning: Citation `wu2019self' on page 2 undefined on input line
 207.


Package natbib Warning: Citation `park2018multimodal' on page 2 undefined on in
put line 207.


Package natbib Warning: Citation `kayser2021vil' on page 2 undefined on input l
ine 207.


Package natbib Warning: Citation `yang2022chunk' on page 2 undefined on input l
ine 207.


Package natbib Warning: Citation `li2020oscar' on page 2 undefined on input lin
e 207.


Package natbib Warning: Citation `radford2019language' on page 2 undefined on i
nput line 207.


Package natbib Warning: Citation `sammani2022nlx' on page 2 undefined on input 
line 207.


Package natbib Warning: Citation `suo2023s3c' on page 2 undefined on input line
 207.


Package natbib Warning: Citation `hadsell2006dimensionality' on page 2 undefine
d on input line 210.


Package natbib Warning: Citation `dosovitskiy2014discriminative' on page 2 unde
fined on input line 210.


Package natbib Warning: Citation `khosla2020supervised' on page 2 undefined on 
input line 210.


Package natbib Warning: Citation `tian2020makes' on page 2 undefined on input l
ine 210.


Package natbib Warning: Citation `kim2021self' on page 2 undefined on input lin
e 210.


Package natbib Warning: Citation `liang2020learning' on page 2 undefined on inp
ut line 210.


Package natbib Warning: Citation `dai2017contrastive' on page 2 undefined on in
put line 210.


Package natbib Warning: Citation `li2020context' on page 2 undefined on input l
ine 210.


Package natbib Warning: Citation `zhang2020counterfactual' on page 2 undefined 
on input line 210.


Package natbib Warning: Citation `zhang2021multi' on page 2 undefined on input 
line 210.


Package natbib Warning: Citation `liang2020learning' on page 2 undefined on inp
ut line 210.



pdfTeX warning: pdflatex.exe (file ./frame.pdf): PDF inclusion: found PDF versi
on <1.7>, but at most version <1.5> allowed
<frame.pdf, id=10, 652.47763pt x 491.01746pt>
File: frame.pdf Graphic file (type pdf)
<use frame.pdf>
Package pdftex.def Info: frame.pdf  used on input line 215.
(pdftex.def)             Requested size: 480.59395pt x 361.66895pt.

Underfull \hbox (badness 2310) in paragraph at lines 221--223
\OT1/ptm/m/n/10 Learn-ing based nat-u-ral lan-guage Ex-pla-na-tion (MCLE)
 []

LaTeX Font Info:    Trying to load font information for U+msa on input line 227
.
(C:\Users\micha\AppData\Local\Programs\MiKTeX\tex/latex/amsfonts\umsa.fd
File: umsa.fd 2013/01/14 v3.01 AMS symbols A
)
LaTeX Font Info:    Trying to load font information for U+msb on input line 227
.

(C:\Users\micha\AppData\Local\Programs\MiKTeX\tex/latex/amsfonts\umsb.fd
File: umsb.fd 2013/01/14 v3.01 AMS symbols B
)

Package natbib Warning: Citation `sammani2022nlx' on page 2 undefined on input 
line 230.


Package natbib Warning: Citation `radford2019language' on page 2 undefined on i
nput line 230.


Package natbib Warning: Citation `radford2021learning' on page 2 undefined on i
nput line 230.


Underfull \hbox (badness 4096) in paragraph at lines 229--231
\OT1/ptm/b/n/10 Text and Im-age Rep-re-sen-ta-tion \OT1/ptm/m/n/10 Fol-low-ing 
pre-vi-ous
 []

[2 <./example.pdf>]
Underfull \hbox (badness 1097) in paragraph at lines 232--234
\OT1/ptm/m/n/10 tro-duce the chain-of-thought gen-er-a-tion for VQA-NLE,
 []


Underfull \vbox (badness 10000) has occurred while \output is active []

 [3 <./frame.pdf>]

Package natbib Warning: Citation `lee2020contrastive' on page 4 undefined on in
put line 255.


Package natbib Warning: Citation `selvaraju2017grad' on page 4 undefined on inp
ut line 312.

[4]

Package natbib Warning: Citation `suo2023s3c' on page 5 undefined on input line
 363.


Package natbib Warning: Citation `park2018multimodal' on page 5 undefined on in
put line 366.


Package natbib Warning: Citation `antol2015vqa' on page 5 undefined on input li
ne 366.


Package natbib Warning: Citation `schwenk2022okvqa' on page 5 undefined on inpu
t line 369.


Package natbib Warning: Citation `lin2014microsoft' on page 5 undefined on inpu
t line 369.


Package natbib Warning: Citation `suo2023s3c' on page 5 undefined on input line
 373.


Package natbib Warning: Citation `papineni2002bleu' on page 5 undefined on inpu
t line 373.


Package natbib Warning: Citation `denkowski2014meteor' on page 5 undefined on i
nput line 373.


Package natbib Warning: Citation `lin2004rouge' on page 5 undefined on input li
ne 373.


Package natbib Warning: Citation `anderson2016spice' on page 5 undefined on inp
ut line 373.


Package natbib Warning: Citation `vedantam2015cider' on page 5 undefined on inp
ut line 373.


Package natbib Warning: Citation `suo2023s3c' on page 5 undefined on input line
 376.


Package natbib Warning: Citation `kayser2021vil' on page 5 undefined on input l
ine 376.


Package natbib Warning: Citation `park2018multimodal' on page 5 undefined on in
put line 385.


Package natbib Warning: Citation `wu2019faithful' on page 5 undefined on input 
line 386.


Package natbib Warning: Citation `selvaraju2017grad' on page 5 undefined on inp
ut line 386.


Package natbib Warning: Citation `kayser2021vil' on page 5 undefined on input l
ine 387.


Package natbib Warning: Citation `chen2020uniter' on page 5 undefined on input 
line 387.


Underfull \hbox (badness 1845) in paragraph at lines 387--388
[]\OT1/ptm/b/n/10 e-UG \OT1/ptm/m/n/10 (\OT1/ptm/b/n/10 ?\OT1/ptm/m/n/10 ) gen-
er-ates the ex-pla-na-tions by com-bin-ing
 []


Package natbib Warning: Citation `sammani2022nlx' on page 5 undefined on input 
line 388.


Package natbib Warning: Citation `suo2023s3c' on page 5 undefined on input line
 389.


Underfull \hbox (badness 3354) in paragraph at lines 389--390
[]$[][][]$ \OT1/ptm/m/n/10 (\OT1/ptm/b/n/10 ?\OT1/ptm/m/n/10 ) is a self-critic
al VQA-NLE method that
 []


Package natbib Warning: Citation `sammani2022nlx' on page 5 undefined on input 
line 393.


Package natbib Warning: Citation `kayser2021vil' on page 5 undefined on input l
ine 424.

[5]

pdfTeX warning: pdflatex.exe (file ./case.pdf): PDF inclusion: found PDF versio
n <1.7>, but at most version <1.5> allowed
<case.pdf, id=83, 856.27907pt x 188.6247pt>
File: case.pdf Graphic file (type pdf)
<use case.pdf>
Package pdftex.def Info: case.pdf  used on input line 477.
(pdftex.def)             Requested size: 495.77003pt x 109.21243pt.

Underfull \hbox (badness 1715) in paragraph at lines 485--486
[]\OT1/ptm/m/n/10 Firstly, for the ef-fec-tive-ness of the chain-of-thought
 []


Package natbib Warning: Citation `sammani2022nlx' on page 6 undefined on input 
line 497.

[6]
Underfull \hbox (badness 1701) in paragraph at lines 505--506
\OT1/ptm/m/n/10 We pro-posed a novel self-supervised Multi-level Con-
 []

[7 <./case.pdf>] [8

]
No file Lai_changed.bbl.

Package natbib Warning: There were undefined citations.

(Lai_changed.aux)
 ***********
LaTeX2e <2023-06-01> patch level 1
L3 programming layer <2023-08-29>
 ***********
 ) 
Here is how much of TeX's memory you used:
 6655 strings out of 475247
 105989 string characters out of 5757792
 1960801 words of memory out of 5000000
 28094 multiletter control sequences out of 15000+600000
 579710 words of font info for 78 fonts, out of 8000000 for 9000
 1141 hyphenation exceptions out of 8191
 57i,21n,65p,1648b,320s stack positions out of 10000i,1000n,20000p,200000b,200000s
<C:/Users/micha/AppData/Local/Programs/MiKTeX/fonts/type1/public/amsfonts/cm/
cmbx10.pfb><C:/Users/micha/AppData/Local/Programs/MiKTeX/fonts/type1/public/ams
fonts/cm/cmbx7.pfb><C:/Users/micha/AppData/Local/Programs/MiKTeX/fonts/type1/pu
blic/amsfonts/cm/cmex10.pfb><C:/Users/micha/AppData/Local/Programs/MiKTeX/fonts
/type1/public/amsfonts/cm/cmmi10.pfb><C:/Users/micha/AppData/Local/Programs/MiK
TeX/fonts/type1/public/amsfonts/cm/cmmi5.pfb><C:/Users/micha/AppData/Local/Prog
rams/MiKTeX/fonts/type1/public/amsfonts/cm/cmmi7.pfb><C:/Users/micha/AppData/Lo
cal/Programs/MiKTeX/fonts/type1/public/amsfonts/cm/cmr10.pfb><C:/Users/micha/Ap
pData/Local/Programs/MiKTeX/fonts/type1/public/amsfonts/cm/cmr7.pfb><C:/Users/m
icha/AppData/Local/Programs/MiKTeX/fonts/type1/public/amsfonts/cm/cmsy10.pfb><C
:/Users/micha/AppData/Local/Programs/MiKTeX/fonts/type1/public/amsfonts/cm/cmsy
7.pfb><C:/Users/micha/AppData/Local/Programs/MiKTeX/fonts/type1/public/amsfonts
/symbols/msbm10.pfb><C:/Users/micha/AppData/Local/Programs/MiKTeX/fonts/type1/u
rw/times/utmb8a.pfb><C:/Users/micha/AppData/Local/Programs/MiKTeX/fonts/type1/u
rw/times/utmr8a.pfb><C:/Users/micha/AppData/Local/Programs/MiKTeX/fonts/type1/u
rw/times/utmri8a.pfb>
Output written on Lai_changed.pdf (8 pages, 318171 bytes).
PDF statistics:
 165 PDF objects out of 1000 (max. 8388607)
 0 named destinations out of 1000 (max. 500000)
 16 words of extra memory for PDF output out of 10000 (max. 10000000)

