This is pdfTeX, Version 3.141592653-2.6-1.40.25 (MiKTeX 23.5) (preloaded format=pdflatex 2024.1.12)  3 MAR 2024 16:45
entering extended mode
 restricted \write18 enabled.
 %&-line parsing enabled.
**./camera_ready_changed.tex
(camera_ready_changed.tex
LaTeX2e <2023-06-01> patch level 1
L3 programming layer <2023-08-29>
(C:\Users\orfuc\AppData\Local\Programs\MiKTeX\tex/latex/base\article.cls
Document Class: article 2023/05/17 v1.4n Standard LaTeX document class
(C:\Users\orfuc\AppData\Local\Programs\MiKTeX\tex/latex/base\size10.clo
File: size10.clo 2023/05/17 v1.4n Standard LaTeX file (size option)
)
\c@part=\count185
\c@section=\count186
\c@subsection=\count187
\c@subsubsection=\count188
\c@paragraph=\count189
\c@subparagraph=\count190
\c@figure=\count191
\c@table=\count192
\abovecaptionskip=\skip48
\belowcaptionskip=\skip49
\bibindent=\dimen140
)
(aaai23.sty
Package: aaai23 2023/06/27 AAAI 2023 Submission format

Conference Style for AAAI for LaTeX 2e -- version for submission
\titlebox=\skip50
) (C:\Users\orfuc\AppData\Local\Programs\MiKTeX\tex/latex/psnfss\times.sty
Package: times 2020/03/25 PSNFSS-v9.3 (SPQR) 
)
(C:\Users\orfuc\AppData\Local\Programs\MiKTeX\tex/latex/psnfss\helvet.sty
Package: helvet 2020/03/25 PSNFSS-v9.3 (WaS) 

(C:\Users\orfuc\AppData\Local\Programs\MiKTeX\tex/latex/graphics\keyval.sty
Package: keyval 2022/05/29 v1.15 key=value parser (DPC)
\KV@toks@=\toks17
))
(C:\Users\orfuc\AppData\Local\Programs\MiKTeX\tex/latex/psnfss\courier.sty
Package: courier 2020/03/25 PSNFSS-v9.3 (WaS) 
)
(C:\Users\orfuc\AppData\Local\Programs\MiKTeX\tex/latex/url\url.sty
\Urlmuskip=\muskip16
Package: url 2013/09/16  ver 3.4  Verb mode for urls, etc.
)
(C:\Users\orfuc\AppData\Local\Programs\MiKTeX\tex/latex/graphics\graphicx.sty
Package: graphicx 2021/09/16 v1.2d Enhanced LaTeX Graphics (DPC,SPQR)

(C:\Users\orfuc\AppData\Local\Programs\MiKTeX\tex/latex/graphics\graphics.sty
Package: graphics 2022/03/10 v1.4e Standard LaTeX Graphics (DPC,SPQR)

(C:\Users\orfuc\AppData\Local\Programs\MiKTeX\tex/latex/graphics\trig.sty
Package: trig 2021/08/11 v1.11 sin cos tan (DPC)
)
(C:\Users\orfuc\AppData\Local\Programs\MiKTeX\tex/latex/graphics-cfg\graphics.c
fg
File: graphics.cfg 2016/06/04 v1.11 sample graphics configuration
)
Package graphics Info: Driver file: pdftex.def on input line 107.

(C:\Users\orfuc\AppData\Local\Programs\MiKTeX\tex/latex/graphics-def\pdftex.def
File: pdftex.def 2022/09/22 v1.2b Graphics/color driver for pdftex
))
\Gin@req@height=\dimen141
\Gin@req@width=\dimen142
) (C:\Users\orfuc\AppData\Local\Programs\MiKTeX\tex/latex/natbib\natbib.sty
Package: natbib 2010/09/13 8.31b (PWD, AO)
\bibhang=\skip51
\bibsep=\skip52
LaTeX Info: Redefining \cite on input line 694.
\c@NAT@ctr=\count193
)
(C:\Users\orfuc\AppData\Local\Programs\MiKTeX\tex/latex/caption\caption.sty
Package: caption 2023/07/31 v3.6n Customizing captions (AR)

(C:\Users\orfuc\AppData\Local\Programs\MiKTeX\tex/latex/caption\caption3.sty
Package: caption3 2023/07/31 v2.4d caption3 kernel (AR)
\caption@tempdima=\dimen143
\captionmargin=\dimen144
\caption@leftmargin=\dimen145
\caption@rightmargin=\dimen146
\caption@width=\dimen147
\caption@indent=\dimen148
\caption@parindent=\dimen149
\caption@hangindent=\dimen150
Package caption Info: Standard document class detected.
)
\c@caption@flags=\count194
\c@continuedfloat=\count195
)
(C:\Users\orfuc\AppData\Local\Programs\MiKTeX\tex/latex/algorithms\algorithm.st
y
Package: algorithm 2009/08/24 v0.1 Document Style `algorithm' - floating enviro
nment
 (C:\Users\orfuc\AppData\Local\Programs\MiKTeX\tex/latex/float\float.sty
Package: float 2001/11/08 v1.3d Float enhancements (AL)
\c@float@type=\count196
\float@exts=\toks18
\float@box=\box51
\@float@everytoks=\toks19
\@floatcapt=\box52
)
(C:\Users\orfuc\AppData\Local\Programs\MiKTeX\tex/latex/base\ifthen.sty
Package: ifthen 2022/04/13 v1.1d Standard LaTeX ifthen package (DPC)
)
\@float@every@algorithm=\toks20
\c@algorithm=\count197
)
(C:\Users\orfuc\AppData\Local\Programs\MiKTeX\tex/latex/algorithms\algorithmic.
sty
Package: algorithmic 2009/08/24 v0.1 Document Style `algorithmic'
\c@ALC@unique=\count198
\c@ALC@line=\count199
\c@ALC@rem=\count266
\c@ALC@depth=\count267
\ALC@tlm=\skip53
\algorithmicindent=\skip54
)
(C:\Users\orfuc\AppData\Local\Programs\MiKTeX\tex/latex/newfloat\newfloat.sty
Package: newfloat 2019/09/02 v1.1l Defining new floating environments (AR)
)
(C:\Users\orfuc\AppData\Local\Programs\MiKTeX\tex/latex/listings\listings.sty
\lst@mode=\count268
\lst@gtempboxa=\box53
\lst@token=\toks21
\lst@length=\count269
\lst@currlwidth=\dimen151
\lst@column=\count270
\lst@pos=\count271
\lst@lostspace=\dimen152
\lst@width=\dimen153
\lst@newlines=\count272
\lst@lineno=\count273
\lst@maxwidth=\dimen154

(C:\Users\orfuc\AppData\Local\Programs\MiKTeX\tex/latex/listings\lstmisc.sty
File: lstmisc.sty 2023/02/27 1.9 (Carsten Heinz)
\c@lstnumber=\count274
\lst@skipnumbers=\count275
\lst@framebox=\box54
)
(C:\Users\orfuc\AppData\Local\Programs\MiKTeX\tex/latex/listings\listings.cfg
File: listings.cfg 2023/02/27 1.9 listings configuration
))
Package: listings 2023/02/27 1.9 (Carsten Heinz)
\@float@every@listing=\toks22
\c@listing=\count276
(C:\Users\orfuc\AppData\Local\Programs\MiKTeX\tex/latex/booktabs\booktabs.sty
Package: booktabs 2020/01/12 v1.61803398 Publication quality tables
\heavyrulewidth=\dimen155
\lightrulewidth=\dimen156
\cmidrulewidth=\dimen157
\belowrulesep=\dimen158
\belowbottomsep=\dimen159
\aboverulesep=\dimen160
\abovetopsep=\dimen161
\cmidrulesep=\dimen162
\cmidrulekern=\dimen163
\defaultaddspace=\dimen164
\@cmidla=\count277
\@cmidlb=\count278
\@aboverulesep=\dimen165
\@belowrulesep=\dimen166
\@thisruleclass=\count279
\@lastruleclass=\count280
\@thisrulewidth=\dimen167
)
(C:\Users\orfuc\AppData\Local\Programs\MiKTeX\tex/latex/amsmath\amsmath.sty
Package: amsmath 2023/05/13 v2.17o AMS math features
\@mathmargin=\skip55

For additional information on amsmath, use the `?' option.
(C:\Users\orfuc\AppData\Local\Programs\MiKTeX\tex/latex/amsmath\amstext.sty
Package: amstext 2021/08/26 v2.01 AMS text

(C:\Users\orfuc\AppData\Local\Programs\MiKTeX\tex/latex/amsmath\amsgen.sty
File: amsgen.sty 1999/11/30 v2.0 generic functions
\@emptytoks=\toks23
\ex@=\dimen168
))
(C:\Users\orfuc\AppData\Local\Programs\MiKTeX\tex/latex/amsmath\amsbsy.sty
Package: amsbsy 1999/11/29 v1.2d Bold Symbols
\pmbraise@=\dimen169
)
(C:\Users\orfuc\AppData\Local\Programs\MiKTeX\tex/latex/amsmath\amsopn.sty
Package: amsopn 2022/04/08 v2.04 operator names
)
\inf@bad=\count281
LaTeX Info: Redefining \frac on input line 234.
\uproot@=\count282
\leftroot@=\count283
LaTeX Info: Redefining \overline on input line 399.
LaTeX Info: Redefining \colon on input line 410.
\classnum@=\count284
\DOTSCASE@=\count285
LaTeX Info: Redefining \ldots on input line 496.
LaTeX Info: Redefining \dots on input line 499.
LaTeX Info: Redefining \cdots on input line 620.
\Mathstrutbox@=\box55
\strutbox@=\box56
LaTeX Info: Redefining \big on input line 722.
LaTeX Info: Redefining \Big on input line 723.
LaTeX Info: Redefining \bigg on input line 724.
LaTeX Info: Redefining \Bigg on input line 725.
\big@size=\dimen170
LaTeX Font Info:    Redeclaring font encoding OML on input line 743.
LaTeX Font Info:    Redeclaring font encoding OMS on input line 744.
\macc@depth=\count286
LaTeX Info: Redefining \bmod on input line 905.
LaTeX Info: Redefining \pmod on input line 910.
LaTeX Info: Redefining \smash on input line 940.
LaTeX Info: Redefining \relbar on input line 970.
LaTeX Info: Redefining \Relbar on input line 971.
\c@MaxMatrixCols=\count287
\dotsspace@=\muskip17
\c@parentequation=\count288
\dspbrk@lvl=\count289
\tag@help=\toks24
\row@=\count290
\column@=\count291
\maxfields@=\count292
\andhelp@=\toks25
\eqnshift@=\dimen171
\alignsep@=\dimen172
\tagshift@=\dimen173
\tagwidth@=\dimen174
\totwidth@=\dimen175
\lineht@=\dimen176
\@envbody=\toks26
\multlinegap=\skip56
\multlinetaggap=\skip57
\mathdisplay@stack=\toks27
LaTeX Info: Redefining \[ on input line 2953.
LaTeX Info: Redefining \] on input line 2954.
)
(C:\Users\orfuc\AppData\Local\Programs\MiKTeX\tex/latex/amsfonts\amssymb.sty
Package: amssymb 2013/01/14 v3.01 AMS font symbols

(C:\Users\orfuc\AppData\Local\Programs\MiKTeX\tex/latex/amsfonts\amsfonts.sty
Package: amsfonts 2013/01/14 v3.01 Basic AMSFonts support
\symAMSa=\mathgroup4
\symAMSb=\mathgroup5
LaTeX Font Info:    Redeclaring math symbol \hbar on input line 98.
LaTeX Font Info:    Overwriting math alphabet `\mathfrak' in version `bold'
(Font)                  U/euf/m/n --> U/euf/b/n on input line 106.
)) (C:\Users\orfuc\AppData\Local\Programs\MiKTeX\tex/latex/natbib\bibentry.sty
Package: bibentry 2007/10/30 1.5 (PWD)
)
LaTeX Font Info:    Trying to load font information for OT1+ptm on input line 1
74.

(C:\Users\orfuc\AppData\Local\Programs\MiKTeX\tex/latex/psnfss\ot1ptm.fd
File: ot1ptm.fd 2001/06/04 font definitions for OT1/ptm.
)
(C:\Users\orfuc\AppData\Local\Programs\MiKTeX\tex/latex/l3backend\l3backend-pdf
tex.def
File: l3backend-pdftex.def 2023-04-19 L3 backend support: PDF output (pdfTeX)
\l__color_backend_stack_int=\count293
\l__pdf_internal_box=\box57
) (camera_ready_changed.aux

LaTeX Warning: Label `tab.ablations' multiply defined.

)
\openout1 = `camera_ready_changed.aux'.

LaTeX Font Info:    Checking defaults for OML/cmm/m/it on input line 174.
LaTeX Font Info:    ... okay on input line 174.
LaTeX Font Info:    Checking defaults for OMS/cmsy/m/n on input line 174.
LaTeX Font Info:    ... okay on input line 174.
LaTeX Font Info:    Checking defaults for OT1/cmr/m/n on input line 174.
LaTeX Font Info:    ... okay on input line 174.
LaTeX Font Info:    Checking defaults for T1/cmr/m/n on input line 174.
LaTeX Font Info:    ... okay on input line 174.
LaTeX Font Info:    Checking defaults for TS1/cmr/m/n on input line 174.
LaTeX Font Info:    ... okay on input line 174.
LaTeX Font Info:    Checking defaults for OMX/cmex/m/n on input line 174.
LaTeX Font Info:    ... okay on input line 174.
LaTeX Font Info:    Checking defaults for U/cmr/m/n on input line 174.
LaTeX Font Info:    ... okay on input line 174.

(C:\Users\orfuc\AppData\Local\Programs\MiKTeX\tex/context/base/mkii\supp-pdf.mk
ii
[Loading MPS to PDF converter (version 2006.09.02).]
\scratchcounter=\count294
\scratchdimen=\dimen177
\scratchbox=\box58
\nofMPsegments=\count295
\nofMParguments=\count296
\everyMPshowfont=\toks28
\MPscratchCnt=\count297
\MPscratchDim=\dimen178
\MPnumerator=\count298
\makeMPintoPDFobject=\count299
\everyMPtoPDFconversion=\toks29
)
(C:\Users\orfuc\AppData\Local\Programs\MiKTeX\tex/latex/epstopdf-pkg\epstopdf-b
ase.sty
Package: epstopdf-base 2020-01-24 v2.11 Base part for package epstopdf
Package epstopdf-base Info: Redefining graphics rule for `.eps' on input line 4
85.

(C:\Users\orfuc\AppData\Local\Programs\MiKTeX\tex/latex/00miktex\epstopdf-sys.c
fg
File: epstopdf-sys.cfg 2021/03/18 v2.0 Configuration of epstopdf for MiKTeX
))
Package caption Info: Begin \AtBeginDocument code.
Package caption Info: float package is loaded.
Package caption Info: listings package is loaded.
Package caption Info: End \AtBeginDocument code.
Package newfloat Info: `float' package detected.
\c@lstlisting=\count300
\c@eqfn=\count301
\titlearea=\box59
LaTeX Font Info:    Trying to load font information for U+msa on input line 176
.
 (C:\Users\orfuc\AppData\Local\Programs\MiKTeX\tex/latex/amsfonts\umsa.fd
File: umsa.fd 2013/01/14 v3.01 AMS symbols A
)
LaTeX Font Info:    Trying to load font information for U+msb on input line 176
.

(C:\Users\orfuc\AppData\Local\Programs\MiKTeX\tex/latex/amsfonts\umsb.fd
File: umsb.fd 2013/01/14 v3.01 AMS symbols B
)
\actualheight=\skip58


Package natbib Warning: Citation `Carl2015' on page 1 undefined on input line 2
05.


Package natbib Warning: Citation `chen2020simple' on page 1 undefined on input 
line 205.


Package natbib Warning: Citation `he2020momentum' on page 1 undefined on input 
line 205.


Package natbib Warning: Citation `Morgado_2021_CVPR' on page 1 undefined on inp
ut line 212.


Package natbib Warning: Citation `patrick2020multi' on page 1 undefined on inpu
t line 212.


Package natbib Warning: Citation `alwassel2019self' on page 1 undefined on inpu
t line 212.


Package natbib Warning: Citation `misra2016shuffle' on page 1 undefined on inpu
t line 213.


Package natbib Warning: Citation `jenni2021time' on page 1 undefined on input l
ine 213.


Package natbib Warning: Citation `dave2021tclr' on page 1 undefined on input li
ne 213.


Package natbib Warning: Citation `wei2018learning' on page 1 undefined on input
 line 218.


Package natbib Warning: Citation `benaim2020speednet' on page 1 undefined on in
put line 218.


Package natbib Warning: Citation `jenni2020video' on page 1 undefined on input 
line 218.


Package natbib Warning: Citation `wu2018unsupervised' on page 1 undefined on in
put line 225.


Package natbib Warning: Citation `dwibedi2021little' on page 1 undefined on inp
ut line 226.


Package natbib Warning: Citation `koohpayegani2021mean' on page 1 undefined on 
input line 226.


Underfull \vbox (badness 1400) has occurred while \output is active []

 [1{C:/Users/orfuc/AppData/Local/MiKTeX/fonts/map/pdftex/pdftex.map}{C:/Users/o
rfuc/AppData/Local/Programs/MiKTeX/fonts/enc/dvips/base/8r.enc}



]

Package natbib Warning: Citation `lee2008robust' on page 2 undefined on input l
ine 235.


Package natbib Warning: Citation `black2021vpn' on page 2 undefined on input li
ne 235.


Underfull \hbox (badness 1983) in paragraph at lines 233--239
\OT1/ptm/m/n/10 recog-ni-tion and re-trieval bench-marks on UCF101 and
 []


Underfull \hbox (badness 1043) in paragraph at lines 233--239
\OT1/ptm/m/n/10 con-tent re-trieval un-der novel con-tent ma-nip-u-la-tions for

 []


Underfull \hbox (badness 10000) in paragraph at lines 233--239

 []

<figures/fig_model_crl.pdf, id=8, 710.82231pt x 291.34717pt>
File: figures/fig_model_crl.pdf Graphic file (type pdf)
<use figures/fig_model_crl.pdf>
Package pdftex.def Info: figures/fig_model_crl.pdf  used on input line 247.
(pdftex.def)             Requested size: 239.39438pt x 98.1187pt.
<figures/fig_temp_ssl.pdf, id=9, 550.64767pt x 303.20828pt>
File: figures/fig_temp_ssl.pdf Graphic file (type pdf)
<use figures/fig_temp_ssl.pdf>
Package pdftex.def Info: figures/fig_temp_ssl.pdf  used on input line 262.
(pdftex.def)             Requested size: 239.39438pt x 131.8205pt.

Package natbib Warning: Citation `dosovitskiy2015discriminative' on page 2 unde
fined on input line 276.


Package natbib Warning: Citation `wu2018unsupervised' on page 2 undefined on in
put line 276.


Package natbib Warning: Citation `chen2020simple' on page 2 undefined on input 
line 276.


Package natbib Warning: Citation `he2020momentum' on page 2 undefined on input 
line 276.


Package natbib Warning: Citation `grill2020bootstrap' on page 2 undefined on in
put line 276.


Package natbib Warning: Citation `chen2020exploring' on page 2 undefined on inp
ut line 276.


Package natbib Warning: Citation `caron2020unsupervised' on page 2 undefined on
 input line 276.


Package natbib Warning: Citation `wang2020unsupervised' on page 2 undefined on 
input line 276.


Package natbib Warning: Citation `dwibedi2021little' on page 2 undefined on inp
ut line 277.


Package natbib Warning: Citation `koohpayegani2021mean' on page 2 undefined on 
input line 277.


Underfull \vbox (badness 10000) has occurred while \output is active []



Package natbib Warning: Citation `qian2020spatiotemporal' on page 2 undefined o
n input line 282.


Package natbib Warning: Citation `feichtenhofer2021large' on page 2 undefined o
n input line 282.


Package natbib Warning: Citation `dave2021tclr' on page 2 undefined on input li
ne 283.


Package natbib Warning: Citation `patrick2020multi' on page 2 undefined on inpu
t line 283.


Package natbib Warning: Citation `bai2020can' on page 2 undefined on input line
 283.


Package natbib Warning: Citation `jenni2021time' on page 2 undefined on input l
ine 283.


Package natbib Warning: Citation `Carl2015' on page 2 undefined on input line 2
89.


Package natbib Warning: Citation `noroozi2016unsupervised' on page 2 undefined 
on input line 289.


Package natbib Warning: Citation `zhang2016colorful' on page 2 undefined on inp
ut line 289.


Package natbib Warning: Citation `zhang2016split' on page 2 undefined on input 
line 289.


Package natbib Warning: Citation `gidaris2018unsupervised' on page 2 undefined 
on input line 290.


Package natbib Warning: Citation `jenni2018artifacts' on page 2 undefined on in
put line 290.


Package natbib Warning: Citation `jenni2020steering' on page 2 undefined on inp
ut line 290.


Package natbib Warning: Citation `misra2016shuffle' on page 2 undefined on inpu
t line 292.


Package natbib Warning: Citation `brattoli2017lstm' on page 2 undefined on inpu
t line 292.


Package natbib Warning: Citation `fernando2017self' on page 2 undefined on inpu
t line 292.


Package natbib Warning: Citation `lee2017unsupervised' on page 2 undefined on i
nput line 292.


Package natbib Warning: Citation `xu2019self' on page 2 undefined on input line
 292.


Package natbib Warning: Citation `kim2019self' on page 2 undefined on input lin
e 292.


Package natbib Warning: Citation `wei2018learning' on page 2 undefined on input
 line 292.


Package natbib Warning: Citation `epstein2020oops' on page 2 undefined on input
 line 292.


Package natbib Warning: Citation `benaim2020speednet' on page 2 undefined on in
put line 292.


Package natbib Warning: Citation `yao2020video' on page 2 undefined on input li
ne 292.


Package natbib Warning: Citation `jenni2020video' on page 2 undefined on input 
line 292.


Underfull \hbox (badness 1132) in paragraph at lines 287--294
\OT1/ptm/b/n/10 Temporal Self-Supervision. \OT1/ptm/m/n/10 Clas-sic self-superv
ised ap-
 []

[2 <./figures/fig_model_crl.pdf> <./figures/fig_temp_ssl.pdf>]

Package natbib Warning: Citation `owens2016ambient' on page 3 undefined on inpu
t line 298.


Package natbib Warning: Citation `Owens_2018_ECCV' on page 3 undefined on input
 line 298.


Package natbib Warning: Citation `arandjelovic2017look' on page 3 undefined on 
input line 298.


Package natbib Warning: Citation `korbar2018cooperative' on page 3 undefined on
 input line 299.


Package natbib Warning: Citation `recasens2021broaden' on page 3 undefined on i
nput line 300.


Package natbib Warning: Citation `alwassel2020self' on page 3 undefined on inpu
t line 301.


Package natbib Warning: Citation `Morgado_2021_CVPR' on page 3 undefined on inp
ut line 302.


Package natbib Warning: Citation `alayrac2020self' on page 3 undefined on input
 line 303.


Package natbib Warning: Citation `akbari2021vatt' on page 3 undefined on input 
line 303.


Underfull \hbox (badness 8189) in paragraph at lines 327--331
\OT1/ptm/m/n/10 Our train-ing ob-jec-tive com-prises sev-eral predictive-
 []


Overfull \hbox (14.25728pt too wide) detected at line 339
 []$[] [] \OMS/cmsy/m/n/10 ^^@\OML/cmm/m/it/10 w [] [] ;$ []  
 []


Package natbib Warning: Citation `grill2020bootstrap' on page 3 undefined on in
put line 340.

[3]

Package natbib Warning: Citation `jenni2020video' on page 4 undefined on input 
line 398.


Package natbib Warning: Citation `jenni2021time' on page 4 undefined on input l
ine 416.


Package natbib Warning: Citation `xu2019self' on page 4 undefined on input line
 416.


Package natbib Warning: Citation `kim2019self' on page 4 undefined on input lin
e 416.


Package natbib Warning: Citation `hara2018can' on page 4 undefined on input lin
e 433.


Package natbib Warning: Citation `tran2018closer' on page 4 undefined on input 
line 433.


Package natbib Warning: Citation `he2016deep' on page 4 undefined on input line
 435.


Package natbib Warning: Citation `loshchilov2018decoupled' on page 4 undefined 
on input line 438.


Package natbib Warning: Citation `loshchilov2016sgdr' on page 4 undefined on in
put line 439.


Underfull \hbox (badness 1038) in paragraph at lines 442--444
[]\OT1/ptm/m/n/10 Besides the tem-po-ral in-put trans-for-ma-tions de-scribed
 []


Package natbib Warning: Citation `chen2020simple' on page 4 undefined on input 
line 447.


Package natbib Warning: Citation `zisserman2017kinetics' on page 4 undefined on
 input line 458.


Package natbib Warning: Citation `soomro2012ucf101' on page 4 undefined on inpu
t line 460.


Package natbib Warning: Citation `hmdb51' on page 4 undefined on input line 460
.


Package natbib Warning: Citation `piczak2015esc' on page 4 undefined on input l
ine 462.


Package natbib Warning: Citation `chen2020vggsound' on page 4 undefined on inpu
t line 464.


Package natbib Warning: Citation `papakipos2022augly' on page 4 undefined on in
put line 470.

[4]
Underfull \hbox (badness 10000) in paragraph at lines 477--479

 []


Package natbib Warning: Citation `koohpayegani2021mean' on page 5 undefined on 
input line 668.


Package natbib Warning: Citation `dwibedi2021little' on page 5 undefined on inp
ut line 671.


Package natbib Warning: Citation `chen2020simple' on page 5 undefined on input 
line 673.


Package natbib Warning: Citation `chen2020exploring' on page 5 undefined on inp
ut line 675.

[5]
Underfull \hbox (badness 4872) in paragraph at lines 885--901
\OT1/ptm/b/n/10 Combined Con-trastive and Tem-po-ral Audio-Visual
 []


Package natbib Warning: Citation `jenni2021time' on page 6 undefined on input l
ine 1147.


Package natbib Warning: Citation `qian2020spatiotemporal' on page 6 undefined o
n input line 1147.


Package natbib Warning: Citation `alayrac2020self' on page 6 undefined on input
 line 1147.


Package natbib Warning: Citation `recasens2021broaden' on page 6 undefined on i
nput line 1147.


Package natbib Warning: Citation `korbar2018cooperative' on page 6 undefined on
 input line 1147.


Package natbib Warning: Citation `alwassel2019self' on page 6 undefined on inpu
t line 1147.


Package natbib Warning: Citation `patrick2020multi' on page 6 undefined on inpu
t line 1147.


Package natbib Warning: Citation `Morgado_2021_CVPR' on page 6 undefined on inp
ut line 1147.

<figures/vgg_plot.png, id=107, 925.056pt x 120.6909pt>
File: figures/vgg_plot.png Graphic file (type png)
<use figures/vgg_plot.png>
Package pdftex.def Info: figures/vgg_plot.png  used on input line 1154.
(pdftex.def)             Requested size: 505.89pt x 66.00267pt.

Underfull \hbox (badness 1028) in paragraph at lines 1165--1168
\OT1/ptm/m/n/10 We train and eval-u-ate two dif-fer-ent video en-coders in
 []


Underfull \vbox (badness 10000) has occurred while \output is active []



Package natbib Warning: Citation `recasens2021broaden' on page 6 undefined on i
nput line 1175.


Package natbib Warning: Citation `qian2020spatiotemporal' on page 6 undefined o
n input line 1175.


Package natbib Warning: Citation `dave2021tclr' on page 6 undefined on input li
ne 1181.


Package natbib Warning: Citation `patrick2020multi' on page 6 undefined on inpu
t line 1181.


Package natbib Warning: Citation `morgado2021robust' on page 6 undefined on inp
ut line 1181.


Package natbib Warning: Citation `jenni2021time' on page 6 undefined on input l
ine 1181.

[6]
No file camera_ready_changed.bbl.

Underfull \hbox (badness 2401) in paragraph at lines 1419--1421
\OT1/ptm/m/n/10 ve-niam cor-rupti fuga fugit ex-cep-turi, odit amet iusto
 []


Underfull \vbox (badness 1038) has occurred while \output is active []

 [7 <./figures/vgg_plot.png>]

Package natbib Warning: There were undefined citations.

[8

] (camera_ready_changed.aux)
 ***********
LaTeX2e <2023-06-01> patch level 1
L3 programming layer <2023-08-29>
 ***********


LaTeX Warning: There were multiply-defined labels.

 ) 
Here is how much of TeX's memory you used:
 6442 strings out of 475247
 103013 string characters out of 5757792
 1952801 words of memory out of 5000000
 27895 multiletter control sequences out of 15000+600000
 581488 words of font info for 85 fonts, out of 8000000 for 9000
 1141 hyphenation exceptions out of 8191
 57i,12n,65p,1439b,330s stack positions out of 10000i,1000n,20000p,200000b,200000s
<C:/Users/orfuc/AppData/Local/Programs/MiKTeX/fonts/type1/public/amsfonts/cm/
cmex10.pfb><C:/Users/orfuc/AppData/Local/Programs/MiKTeX/fonts/type1/public/ams
fonts/cm/cmmi10.pfb><C:/Users/orfuc/AppData/Local/Programs/MiKTeX/fonts/type1/p
ublic/amsfonts/cm/cmmi5.pfb><C:/Users/orfuc/AppData/Local/Programs/MiKTeX/fonts
/type1/public/amsfonts/cm/cmmi7.pfb><C:/Users/orfuc/AppData/Local/Programs/MiKT
eX/fonts/type1/public/amsfonts/cm/cmr10.pfb><C:/Users/orfuc/AppData/Local/Progr
ams/MiKTeX/fonts/type1/public/amsfonts/cm/cmr5.pfb><C:/Users/orfuc/AppData/Loca
l/Programs/MiKTeX/fonts/type1/public/amsfonts/cm/cmr7.pfb><C:/Users/orfuc/AppDa
ta/Local/Programs/MiKTeX/fonts/type1/public/amsfonts/cm/cmsy10.pfb><C:/Users/or
fuc/AppData/Local/Programs/MiKTeX/fonts/type1/public/amsfonts/cm/cmsy7.pfb><C:/
Users/orfuc/AppData/Local/Programs/MiKTeX/fonts/type1/public/amsfonts/symbols/m
sam7.pfb><C:/Users/orfuc/AppData/Local/Programs/MiKTeX/fonts/type1/public/amsfo
nts/symbols/msbm10.pfb><C:/Users/orfuc/AppData/Local/Programs/MiKTeX/fonts/type
1/urw/times/utmb8a.pfb><C:/Users/orfuc/AppData/Local/Programs/MiKTeX/fonts/type
1/urw/times/utmr8a.pfb><C:/Users/orfuc/AppData/Local/Programs/MiKTeX/fonts/type
1/urw/times/utmri8a.pfb>
Output written on camera_ready_changed.pdf (8 pages, 7467686 bytes).
PDF statistics:
 176 PDF objects out of 1000 (max. 8388607)
 0 named destinations out of 1000 (max. 500000)
 16 words of extra memory for PDF output out of 10000 (max. 10000000)

