This is pdfTeX, Version 3.141592653-2.6-1.40.25 (MiKTeX 23.5) (preloaded format=pdflatex 2024.1.12)  10 MAR 2024 22:41
entering extended mode
 restricted \write18 enabled.
 %&-line parsing enabled.
**./after_operator1.tex
(after_operator1.tex
LaTeX2e <2023-06-01> patch level 1
L3 programming layer <2023-08-29>
(C:\Users\orfuc\AppData\Local\Programs\MiKTeX\tex/latex/base\article.cls
Document Class: article 2023/05/17 v1.4n Standard LaTeX document class
(C:\Users\orfuc\AppData\Local\Programs\MiKTeX\tex/latex/base\size10.clo
File: size10.clo 2023/05/17 v1.4n Standard LaTeX file (size option)
)
\c@part=\count185
\c@section=\count186
\c@subsection=\count187
\c@subsubsection=\count188
\c@paragraph=\count189
\c@subparagraph=\count190
\c@figure=\count191
\c@table=\count192
\abovecaptionskip=\skip48
\belowcaptionskip=\skip49
\bibindent=\dimen140
)
(aaai21.sty
Conference Style for AAAI for LaTeX 2e -- version for the AAAI-21 conference - 
MODIFIED
\titlebox=\skip50
) (C:\Users\orfuc\AppData\Local\Programs\MiKTeX\tex/latex/psnfss\times.sty
Package: times 2020/03/25 PSNFSS-v9.3 (SPQR) 
)
(C:\Users\orfuc\AppData\Local\Programs\MiKTeX\tex/latex/psnfss\helvet.sty
Package: helvet 2020/03/25 PSNFSS-v9.3 (WaS) 

(C:\Users\orfuc\AppData\Local\Programs\MiKTeX\tex/latex/graphics\keyval.sty
Package: keyval 2022/05/29 v1.15 key=value parser (DPC)
\KV@toks@=\toks17
))
(C:\Users\orfuc\AppData\Local\Programs\MiKTeX\tex/latex/psnfss\courier.sty
Package: courier 2020/03/25 PSNFSS-v9.3 (WaS) 
)
(C:\Users\orfuc\AppData\Local\Programs\MiKTeX\tex/latex/url\url.sty
\Urlmuskip=\muskip16
Package: url 2013/09/16  ver 3.4  Verb mode for urls, etc.
)
(C:\Users\orfuc\AppData\Local\Programs\MiKTeX\tex/latex/graphics\graphicx.sty
Package: graphicx 2021/09/16 v1.2d Enhanced LaTeX Graphics (DPC,SPQR)

(C:\Users\orfuc\AppData\Local\Programs\MiKTeX\tex/latex/graphics\graphics.sty
Package: graphics 2022/03/10 v1.4e Standard LaTeX Graphics (DPC,SPQR)

(C:\Users\orfuc\AppData\Local\Programs\MiKTeX\tex/latex/graphics\trig.sty
Package: trig 2021/08/11 v1.11 sin cos tan (DPC)
)
(C:\Users\orfuc\AppData\Local\Programs\MiKTeX\tex/latex/graphics-cfg\graphics.c
fg
File: graphics.cfg 2016/06/04 v1.11 sample graphics configuration
)
Package graphics Info: Driver file: pdftex.def on input line 107.

(C:\Users\orfuc\AppData\Local\Programs\MiKTeX\tex/latex/graphics-def\pdftex.def
File: pdftex.def 2022/09/22 v1.2b Graphics/color driver for pdftex
))
\Gin@req@height=\dimen141
\Gin@req@width=\dimen142
) (C:\Users\orfuc\AppData\Local\Programs\MiKTeX\tex/latex/natbib\natbib.sty
Package: natbib 2010/09/13 8.31b (PWD, AO)
\bibhang=\skip51
\bibsep=\skip52
LaTeX Info: Redefining \cite on input line 694.
\c@NAT@ctr=\count193
)
(C:\Users\orfuc\AppData\Local\Programs\MiKTeX\tex/latex/caption\caption.sty
Package: caption 2023/07/31 v3.6n Customizing captions (AR)

(C:\Users\orfuc\AppData\Local\Programs\MiKTeX\tex/latex/caption\caption3.sty
Package: caption3 2023/07/31 v2.4d caption3 kernel (AR)
\caption@tempdima=\dimen143
\captionmargin=\dimen144
\caption@leftmargin=\dimen145
\caption@rightmargin=\dimen146
\caption@width=\dimen147
\caption@indent=\dimen148
\caption@parindent=\dimen149
\caption@hangindent=\dimen150
Package caption Info: Standard document class detected.
)
\c@caption@flags=\count194
\c@continuedfloat=\count195
)
(C:\Users\orfuc\AppData\Local\Programs\MiKTeX\tex/latex/amsmath\amsmath.sty
Package: amsmath 2023/05/13 v2.17o AMS math features
\@mathmargin=\skip53

For additional information on amsmath, use the `?' option.
(C:\Users\orfuc\AppData\Local\Programs\MiKTeX\tex/latex/amsmath\amstext.sty
Package: amstext 2021/08/26 v2.01 AMS text

(C:\Users\orfuc\AppData\Local\Programs\MiKTeX\tex/latex/amsmath\amsgen.sty
File: amsgen.sty 1999/11/30 v2.0 generic functions
\@emptytoks=\toks18
\ex@=\dimen151
))
(C:\Users\orfuc\AppData\Local\Programs\MiKTeX\tex/latex/amsmath\amsbsy.sty
Package: amsbsy 1999/11/29 v1.2d Bold Symbols
\pmbraise@=\dimen152
)
(C:\Users\orfuc\AppData\Local\Programs\MiKTeX\tex/latex/amsmath\amsopn.sty
Package: amsopn 2022/04/08 v2.04 operator names
)
\inf@bad=\count196
LaTeX Info: Redefining \frac on input line 234.
\uproot@=\count197
\leftroot@=\count198
LaTeX Info: Redefining \overline on input line 399.
LaTeX Info: Redefining \colon on input line 410.
\classnum@=\count199
\DOTSCASE@=\count266
LaTeX Info: Redefining \ldots on input line 496.
LaTeX Info: Redefining \dots on input line 499.
LaTeX Info: Redefining \cdots on input line 620.
\Mathstrutbox@=\box51
\strutbox@=\box52
LaTeX Info: Redefining \big on input line 722.
LaTeX Info: Redefining \Big on input line 723.
LaTeX Info: Redefining \bigg on input line 724.
LaTeX Info: Redefining \Bigg on input line 725.
\big@size=\dimen153
LaTeX Font Info:    Redeclaring font encoding OML on input line 743.
LaTeX Font Info:    Redeclaring font encoding OMS on input line 744.
\macc@depth=\count267
LaTeX Info: Redefining \bmod on input line 905.
LaTeX Info: Redefining \pmod on input line 910.
LaTeX Info: Redefining \smash on input line 940.
LaTeX Info: Redefining \relbar on input line 970.
LaTeX Info: Redefining \Relbar on input line 971.
\c@MaxMatrixCols=\count268
\dotsspace@=\muskip17
\c@parentequation=\count269
\dspbrk@lvl=\count270
\tag@help=\toks19
\row@=\count271
\column@=\count272
\maxfields@=\count273
\andhelp@=\toks20
\eqnshift@=\dimen154
\alignsep@=\dimen155
\tagshift@=\dimen156
\tagwidth@=\dimen157
\totwidth@=\dimen158
\lineht@=\dimen159
\@envbody=\toks21
\multlinegap=\skip54
\multlinetaggap=\skip55
\mathdisplay@stack=\toks22
LaTeX Info: Redefining \[ on input line 2953.
LaTeX Info: Redefining \] on input line 2954.
)
(C:\Users\orfuc\AppData\Local\Programs\MiKTeX\tex/latex/amsfonts\amssymb.sty
Package: amssymb 2013/01/14 v3.01 AMS font symbols

(C:\Users\orfuc\AppData\Local\Programs\MiKTeX\tex/latex/amsfonts\amsfonts.sty
Package: amsfonts 2013/01/14 v3.01 Basic AMSFonts support
\symAMSa=\mathgroup4
\symAMSb=\mathgroup5
LaTeX Font Info:    Redeclaring math symbol \hbar on input line 98.
LaTeX Font Info:    Overwriting math alphabet `\mathfrak' in version `bold'
(Font)                  U/euf/m/n --> U/euf/b/n on input line 106.
))
(C:\Users\orfuc\AppData\Local\Programs\MiKTeX\tex/latex/doublestroke\dsfont.sty
Package: dsfont 1995/08/01 v0.1 Double stroke roman fonts
) (C:\Users\orfuc\AppData\Local\Programs\MiKTeX\tex/latex/booktabs\booktabs.sty
Package: booktabs 2020/01/12 v1.61803398 Publication quality tables
\heavyrulewidth=\dimen160
\lightrulewidth=\dimen161
\cmidrulewidth=\dimen162
\belowrulesep=\dimen163
\belowbottomsep=\dimen164
\aboverulesep=\dimen165
\abovetopsep=\dimen166
\cmidrulesep=\dimen167
\cmidrulekern=\dimen168
\defaultaddspace=\dimen169
\@cmidla=\count274
\@cmidlb=\count275
\@aboverulesep=\dimen170
\@belowrulesep=\dimen171
\@thisruleclass=\count276
\@lastruleclass=\count277
\@thisrulewidth=\dimen172
) (C:\Users\orfuc\AppData\Local\Programs\MiKTeX\tex/latex/multirow\multirow.sty
Package: multirow 2021/03/15 v2.8 Span multiple rows of a table
\multirow@colwidth=\skip56
\multirow@cntb=\count278
\multirow@dima=\skip57
\bigstrutjot=\dimen173
)
(C:\Users\orfuc\AppData\Local\Programs\MiKTeX\tex/latex/caption\subcaption.sty
Package: subcaption 2023/07/28 v1.6b Sub-captions (AR)
Package caption Info: New subtype `subfigure' on input line 238.
\c@subfigure=\count279
Package caption Info: New subtype `subtable' on input line 238.
\c@subtable=\count280
)
LaTeX Font Info:    Trying to load font information for OT1+ptm on input line 4
4.
(C:\Users\orfuc\AppData\Local\Programs\MiKTeX\tex/latex/psnfss\ot1ptm.fd
File: ot1ptm.fd 2001/06/04 font definitions for OT1/ptm.
)
(C:\Users\orfuc\AppData\Local\Programs\MiKTeX\tex/latex/l3backend\l3backend-pdf
tex.def
File: l3backend-pdftex.def 2023-04-19 L3 backend support: PDF output (pdfTeX)
\l__color_backend_stack_int=\count281
\l__pdf_internal_box=\box53
) (after_operator1.aux)
\openout1 = `after_operator1.aux'.

LaTeX Font Info:    Checking defaults for OML/cmm/m/it on input line 44.
LaTeX Font Info:    ... okay on input line 44.
LaTeX Font Info:    Checking defaults for OMS/cmsy/m/n on input line 44.
LaTeX Font Info:    ... okay on input line 44.
LaTeX Font Info:    Checking defaults for OT1/cmr/m/n on input line 44.
LaTeX Font Info:    ... okay on input line 44.
LaTeX Font Info:    Checking defaults for T1/cmr/m/n on input line 44.
LaTeX Font Info:    ... okay on input line 44.
LaTeX Font Info:    Checking defaults for TS1/cmr/m/n on input line 44.
LaTeX Font Info:    ... okay on input line 44.
LaTeX Font Info:    Checking defaults for OMX/cmex/m/n on input line 44.
LaTeX Font Info:    ... okay on input line 44.
LaTeX Font Info:    Checking defaults for U/cmr/m/n on input line 44.
LaTeX Font Info:    ... okay on input line 44.

(C:\Users\orfuc\AppData\Local\Programs\MiKTeX\tex/context/base/mkii\supp-pdf.mk
ii
[Loading MPS to PDF converter (version 2006.09.02).]
\scratchcounter=\count282
\scratchdimen=\dimen174
\scratchbox=\box54
\nofMPsegments=\count283
\nofMParguments=\count284
\everyMPshowfont=\toks23
\MPscratchCnt=\count285
\MPscratchDim=\dimen175
\MPnumerator=\count286
\makeMPintoPDFobject=\count287
\everyMPtoPDFconversion=\toks24
)
(C:\Users\orfuc\AppData\Local\Programs\MiKTeX\tex/latex/epstopdf-pkg\epstopdf-b
ase.sty
Package: epstopdf-base 2020-01-24 v2.11 Base part for package epstopdf
Package epstopdf-base Info: Redefining graphics rule for `.eps' on input line 4
85.

(C:\Users\orfuc\AppData\Local\Programs\MiKTeX\tex/latex/00miktex\epstopdf-sys.c
fg
File: epstopdf-sys.cfg 2021/03/18 v2.0 Configuration of epstopdf for MiKTeX
))
Package caption Info: Begin \AtBeginDocument code.
Package caption Info: End \AtBeginDocument code.
\titlearea=\box55
LaTeX Font Info:    Trying to load font information for U+msa on input line 46.

 (C:\Users\orfuc\AppData\Local\Programs\MiKTeX\tex/latex/amsfonts\umsa.fd
File: umsa.fd 2013/01/14 v3.01 AMS symbols A
)
LaTeX Font Info:    Trying to load font information for U+msb on input line 46.


(C:\Users\orfuc\AppData\Local\Programs\MiKTeX\tex/latex/amsfonts\umsb.fd
File: umsb.fd 2013/01/14 v3.01 AMS symbols B
)
\actualheight=\skip58
LaTeX Font Info:    Trying to load font information for TS1+ptm on input line 4
6.

(C:\Users\orfuc\AppData\Local\Programs\MiKTeX\tex/latex/psnfss\ts1ptm.fd
File: ts1ptm.fd 2001/06/04 font definitions for TS1/ptm.
)
Underfull \vbox (badness 10000) detected at line 46
 []


Package natbib Warning: Citation `Shu2017DOCDO' on page 1 undefined on input li
ne 56.


Package natbib Warning: Citation `lin-xu-2019-deep' on page 1 undefined on inpu
t line 56.


Package natbib Warning: Citation `scheirer2013toward' on page 1 undefined on in
put line 56.


Package natbib Warning: Citation `fei-liu-2016-breaking' on page 1 undefined on
 input line 56.

<figures/example.png, id=1, 452.892pt x 237.88875pt>
File: figures/example.png Graphic file (type png)
<use figures/example.png>
Package pdftex.def Info: figures/example.png  used on input line 59.
(pdftex.def)             Requested size: 227.42392pt x 119.45589pt.
! Argument of \caption@@@withoptargs has an extra }.
<inserted text> 
                \par 
l.60 ...ting the sentences with the open intent. }
                                                  
I've run across a `}' that doesn't seem to match anything.
For example, `\def\a#1{...}' and `\a}' would produce
this error. If you simply proceed now, the `\par' that
I've just inserted will cause me to report a runaway
argument that might be the root of the problem. But if
your `}' was spurious, just type `2' and it will go away.

Runaway argument?
{\caption@@xlabel }{\def \reserved@a *{\def \caption@tempa {*}\caption@@withopt
args \ETC.
! Paragraph ended before \caption@@@withoptargs was complete.
<to be read again> 
                   \par 
l.60 ...ting the sentences with the open intent. }
                                                  
I suspect you've forgotten a `}', causing me to apply this
control sequence to too much text. How can we recover?
My plan is to forget the whole thing and hope for the best.

<figures/model.pdf, id=3, 780.27612pt x 331.54967pt>
File: figures/model.pdf Graphic file (type pdf)
<use figures/model.pdf>
Package pdftex.def Info: figures/model.pdf  used on input line 64.
(pdftex.def)             Requested size: 468.16928pt x 198.93134pt.

Package natbib Warning: Citation `bendale2016towards' on page 1 undefined on in
put line 67.


Package natbib Warning: Citation `hendrycks17baseline' on page 1 undefined on i
nput line 67.


Package natbib Warning: Citation `Shu2017DOCDO' on page 1 undefined on input li
ne 67.


Package natbib Warning: Citation `lin-xu-2019-deep' on page 1 undefined on inpu
t line 67.


Package natbib Warning: Citation `breunig2000lof' on page 1 undefined on input 
line 67.


Package natbib Warning: Citation `bendale2016towards' on page 1 undefined on in
put line 69.


Package natbib Warning: Citation `Shu2017DOCDO' on page 1 undefined on input li
ne 69.


Package natbib Warning: Citation `lin-xu-2019-deep' on page 1 undefined on inpu
t line 69.


Package natbib Warning: Citation `hendrycks17baseline' on page 1 undefined on i
nput line 69.


Package natbib Warning: Citation `scheirer2013toward' on page 1 undefined on in
put line 69.


Package natbib Warning: Citation `fei-liu-2016-breaking' on page 1 undefined on
 input line 69.


Package natbib Warning: Citation `hendrycks17baseline' on page 1 undefined on i
nput line 69.


Package natbib Warning: Citation `liang2018enhancing' on page 1 undefined on in
put line 69.

[1{C:/Users/orfuc/AppData/Local/MiKTeX/fonts/map/pdftex/pdftex.map}{C:/Users/or
fuc/AppData/Local/Programs/MiKTeX/fonts/enc/dvips/base/8r.enc}



 <./figures/example.png>]

Package natbib Warning: Citation `devlin2019bert' on page 2 undefined on input 
line 71.


Package natbib Warning: Citation `scheirer2013toward' on page 2 undefined on in
put line 73.

! Argument of \caption@@@withoptargs has an extra }.
<inserted text> 
                \par 
l.87 ... indicates the total number of sentences.}
                                                  
I've run across a `}' that doesn't seem to match anything.
For example, `\def\a#1{...}' and `\a}' would produce
this error. If you simply proceed now, the `\par' that
I've just inserted will cause me to report a runaway
argument that might be the root of the problem. But if
your `}' was spurious, just type `2' and it will go away.

Runaway argument?
{\caption@@xlabel }{\def \reserved@a *{\def \caption@tempa {*}\caption@@withopt
args \ETC.
! Paragraph ended before \caption@@@withoptargs was complete.
<to be read again> 
                   \par 
l.87 ... indicates the total number of sentences.}
                                                  
I suspect you've forgotten a `}', causing me to apply this
control sequence to too much text. How can we recover?
My plan is to forget the whole thing and hope for the best.

LaTeX Font Info:    Trying to load font information for U+dsrom on input line 9
1.
(C:\Users\orfuc\AppData\Local\Programs\MiKTeX\tex/latex/doublestroke\udsrom.fd
File: Udsrom.fd 1995/08/01 v0.1 Double stroke roman font definitions
)

Package natbib Warning: Citation `lin2020discovering' on page 2 undefined on in
put line 91.

[2 <./figures/model.pdf>]

Package natbib Warning: Citation `fei-liu-2016-breaking' on page 3 undefined on
 input line 112.


Package natbib Warning: Citation `scholkopf2001estimating' on page 3 undefined 
on input line 112.


Package natbib Warning: Citation `scheirer2013toward' on page 3 undefined on in
put line 112.


Package natbib Warning: Citation `tapaswi2019video' on page 3 undefined on inpu
t line 124.

! Argument of \caption@@@withoptargs has an extra }.
<inserted text> 
                \par 
l.168 }
       
I've run across a `}' that doesn't seem to match anything.
For example, `\def\a#1{...}' and `\a}' would produce
this error. If you simply proceed now, the `\par' that
I've just inserted will cause me to report a runaway
argument that might be the root of the problem. But if
your `}' was spurious, just type `2' and it will go away.

Runaway argument?
{\caption@@xlabel }{\def \reserved@a *{\def \caption@tempa {*}\caption@@withopt
args \ETC.
! Paragraph ended before \caption@@@withoptargs was complete.
<to be read again> 
                   \par 
l.168 }
       
I suspect you've forgotten a `}', causing me to apply this
control sequence to too much text. How can we recover?
My plan is to forget the whole thing and hope for the best.


Package natbib Warning: Citation `Bendale2015' on page 3 undefined on input lin
e 171.

[3]
! Argument of \caption@@@withoptargs has an extra }.
<inserted text> 
                \par 
l.240 }
       
I've run across a `}' that doesn't seem to match anything.
For example, `\def\a#1{...}' and `\a}' would produce
this error. If you simply proceed now, the `\par' that
I've just inserted will cause me to report a runaway
argument that might be the root of the problem. But if
your `}' was spurious, just type `2' and it will go away.

Runaway argument?
{\caption@@xlabel }{\def \reserved@a *{\def \caption@tempa {*}\caption@@withopt
args \ETC.
! Paragraph ended before \caption@@@withoptargs was complete.
<to be read again> 
                   \par 
l.240 }
       
I suspect you've forgotten a `}', causing me to apply this
control sequence to too much text. How can we recover?
My plan is to forget the whole thing and hope for the best.


Package natbib Warning: Citation `Casanueva2020' on page 4 undefined on input l
ine 246.


Package natbib Warning: Citation `larson-etal-2019-evaluation' on page 4 undefi
ned on input line 248.


Package natbib Warning: Citation `xu2015short' on page 4 undefined on input lin
e 251.


Package natbib Warning: Citation `bendale2016towards' on page 4 undefined on in
put line 254.


Package natbib Warning: Citation `hendrycks17baseline' on page 4 undefined on i
nput line 254.


Package natbib Warning: Citation `Shu2017DOCDO' on page 4 undefined on input li
ne 254.


Package natbib Warning: Citation `lin-xu-2019-deep' on page 4 undefined on inpu
t line 254.


Package natbib Warning: Citation `lin-xu-2019-deep' on page 4 undefined on inpu
t line 256.


Package natbib Warning: Citation `Shu2017DOCDO' on page 4 undefined on input li
ne 259.


Package natbib Warning: Citation `lin-xu-2019-deep' on page 4 undefined on inpu
t line 259.

<figures/curve.pdf, id=55, 462.52798pt x 346.89601pt>
File: figures/curve.pdf Graphic file (type pdf)
<use figures/curve.pdf>
Package pdftex.def Info: figures/curve.pdf  used on input line 263.
(pdftex.def)             Requested size: 215.45348pt x 161.5908pt.

Package natbib Warning: Citation `Shu2017DOCDO' on page 4 undefined on input li
ne 269.


Package natbib Warning: Citation `lin-xu-2019-deep' on page 4 undefined on inpu
t line 269.


Package natbib Warning: Citation `Wolf2019HuggingFacesTS' on page 4 undefined o
n input line 271.


Package natbib Warning: Citation `kingma2014adam' on page 4 undefined on input 
line 271.

[4]
<figures/Aba_2.pdf, id=59, 433.62pt x 289.08pt>
File: figures/Aba_2.pdf Graphic file (type pdf)
<use figures/Aba_2.pdf>
Package pdftex.def Info: figures/Aba_2.pdf  used on input line 275.
(pdftex.def)             Requested size: 215.45348pt x 143.63538pt.
<figures/Ablation_Banking.pdf, id=60, 1571.75131pt x 344.15765pt>
File: figures/Ablation_Banking.pdf Graphic file (type pdf)
<use figures/Ablation_Banking.pdf>
Package pdftex.def Info: figures/Ablation_Banking.pdf  used on input line 281.
(pdftex.def)             Requested size: 505.12228pt x 110.60532pt.
<figures/Ablation_OOS.pdf, id=61, 1571.75131pt x 344.15765pt>
File: figures/Ablation_OOS.pdf Graphic file (type pdf)
<use figures/Ablation_OOS.pdf>
Package pdftex.def Info: figures/Ablation_OOS.pdf  used on input line 282.
(pdftex.def)             Requested size: 505.12228pt x 110.60532pt.
<figures/Ablation_StackOverflow.pdf, id=62, 1571.75131pt x 344.15765pt>
File: figures/Ablation_StackOverflow.pdf Graphic file (type pdf)
<use figures/Ablation_StackOverflow.pdf>
Package pdftex.def Info: figures/Ablation_StackOverflow.pdf  used on input line
 283.
(pdftex.def)             Requested size: 505.12228pt x 110.60532pt.
<figures/legend.png, id=63, 815.4465pt x 24.09pt>
File: figures/legend.png Graphic file (type png)
<use figures/legend.png>
Package pdftex.def Info: figures/legend.png  used on input line 284.
(pdftex.def)             Requested size: 493.15182pt x 14.56877pt.
 [5 <./figures/curve.pdf> <./figures/Aba_2.pdf

pdfTeX warning: pdflatex (file ./figures/Aba_2.pdf): PDF inclusion: multiple pd
fs with page group included in a single page
>]

Package natbib Warning: Citation `7298640' on page 6 undefined on input line 30
8.

[6 <./figures/Ablation_Banking.pdf> <./figures/Ablation_OOS.pdf

pdfTeX warning: pdflatex (file ./figures/Ablation_OOS.pdf): PDF inclusion: mult
iple pdfs with page group included in a single page
> <./figures/Ablation_StackOverflow.pdf

pdfTeX warning: pdflatex (file ./figures/Ablation_StackOverflow.pdf): PDF inclu
sion: multiple pdfs with page group included in a single page
> <./figures/legend.png>]

Package natbib Warning: Citation `ijcai2020-532' on page 7 undefined on input l
ine 316.


Package natbib Warning: Citation `Qin_Che_Li_Ni_Liu_2020' on page 7 undefined o
n input line 316.


Package natbib Warning: Citation `zhang-etal-2019-joint' on page 7 undefined on
 input line 316.


Package natbib Warning: Citation `e-etal-2019-novel' on page 7 undefined on inp
ut line 316.


Package natbib Warning: Citation `qin-etal-2019-stack' on page 7 undefined on i
nput line 316.


Package natbib Warning: Citation `srivastava-etal-2018-zero' on page 7 undefine
d on input line 316.


Package natbib Warning: Citation `Brychcin2017UnsupervisedDA' on page 7 undefin
ed on input line 316.


Package natbib Warning: Citation `Kim2018JointLO' on page 7 undefined on input 
line 316.


Package natbib Warning: Citation `Yu2017OpenCategoryCB' on page 7 undefined on 
input line 316.


Package natbib Warning: Citation `ryu-etal-2018-domain' on page 7 undefined on 
input line 316.


Package natbib Warning: Citation `2018arXiv181009136N' on page 7 undefined on i
nput line 316.


Package natbib Warning: Citation `Mundt_2019_ICCV' on page 7 undefined on input
 line 316.


Package natbib Warning: Citation `lin-xu-2019-deep' on page 7 undefined on inpu
t line 316.


Package natbib Warning: Citation `gangal2020likelihood' on page 7 undefined on 
input line 316.


Package natbib Warning: Citation `yan-etal-2020-unknown' on page 7 undefined on
 input line 316.


Package natbib Warning: Citation `scholkopf2001estimating' on page 7 undefined 
on input line 319.


Package natbib Warning: Citation `SVDD' on page 7 undefined on input line 319.


Package natbib Warning: Citation `Rifkin2004In' on page 7 undefined on input li
ne 319.


Package natbib Warning: Citation `scheirer2013toward' on page 7 undefined on in
put line 319.


Package natbib Warning: Citation `Jain_2014_ECCV' on page 7 undefined on input 
line 319.


Package natbib Warning: Citation `Scheirer_2014_TPAMIb' on page 7 undefined on 
input line 319.


Package natbib Warning: Citation `lin2019post' on page 7 undefined on input lin
e 319.


Package natbib Warning: Citation `bendale2016towards' on page 7 undefined on in
put line 321.


Package natbib Warning: Citation `hendrycks17baseline' on page 7 undefined on i
nput line 321.


Package natbib Warning: Citation `liang2018enhancing' on page 7 undefined on in
put line 321.


Package natbib Warning: Citation `hendrycks17baseline' on page 7 undefined on i
nput line 321.


Package natbib Warning: Citation `liang2018enhancing' on page 7 undefined on in
put line 321.


Package natbib Warning: Citation `Shu2017DOCDO' on page 7 undefined on input li
ne 321.

[7]
No file after_operator1.bbl.

Package natbib Warning: There were undefined citations.

(after_operator1.aux)
 ***********
LaTeX2e <2023-06-01> patch level 1
L3 programming layer <2023-08-29>
 ***********
 ) 
Here is how much of TeX's memory you used:
 4896 strings out of 475247
 80698 string characters out of 5757792
 1954801 words of memory out of 5000000
 26346 multiletter control sequences out of 15000+600000
 588739 words of font info for 110 fonts, out of 8000000 for 9000
 1141 hyphenation exceptions out of 8191
 57i,21n,65p,1570b,426s stack positions out of 10000i,1000n,20000p,200000b,200000s
<C:/Users/orfuc/AppData/Local/Programs/MiKTeX/fonts/type1/public/amsfonts/cm/
cmex10.pfb><C:/Users/orfuc/AppData/Local/Programs/MiKTeX/fonts/type1/public/ams
fonts/cmextra/cmex7.pfb><C:/Users/orfuc/AppData/Local/Programs/MiKTeX/fonts/typ
e1/public/amsfonts/cm/cmmi10.pfb><C:/Users/orfuc/AppData/Local/Programs/MiKTeX/
fonts/type1/public/amsfonts/cm/cmmi5.pfb><C:/Users/orfuc/AppData/Local/Programs
/MiKTeX/fonts/type1/public/amsfonts/cm/cmmi7.pfb><C:/Users/orfuc/AppData/Local/
Programs/MiKTeX/fonts/type1/public/amsfonts/cm/cmmib10.pfb><C:/Users/orfuc/AppD
ata/Local/Programs/MiKTeX/fonts/type1/public/amsfonts/cmextra/cmmib7.pfb><C:/Us
ers/orfuc/AppData/Local/Programs/MiKTeX/fonts/type1/public/amsfonts/cm/cmr10.pf
b><C:/Users/orfuc/AppData/Local/Programs/MiKTeX/fonts/type1/public/amsfonts/cm/
cmr7.pfb><C:/Users/orfuc/AppData/Local/Programs/MiKTeX/fonts/type1/public/amsfo
nts/cm/cmsy10.pfb><C:/Users/orfuc/AppData/Local/Programs/MiKTeX/fonts/type1/pub
lic/amsfonts/cm/cmsy5.pfb><C:/Users/orfuc/AppData/Local/Programs/MiKTeX/fonts/t
ype1/public/amsfonts/cm/cmsy7.pfb><C:/Users/orfuc/AppData/Local/Programs/MiKTeX
/fonts/type1/public/doublestroke/dsrom10.pfb><C:/Users/orfuc/AppData/Local/Prog
rams/MiKTeX/fonts/type1/urw/times/utmb8a.pfb><C:/Users/orfuc/AppData/Local/Prog
rams/MiKTeX/fonts/type1/urw/times/utmr8a.pfb>
Output written on after_operator1.pdf (7 pages, 2386398 bytes).
PDF statistics:
 245 PDF objects out of 1000 (max. 8388607)
 0 named destinations out of 1000 (max. 500000)
 41 words of extra memory for PDF output out of 10000 (max. 10000000)

