This is pdfTeX, Version 3.141592653-2.6-1.40.25 (MiKTeX 23.5) (preloaded format=pdflatex 2024.1.12)  11 MAR 2024 02:28
entering extended mode
 restricted \write18 enabled.
 %&-line parsing enabled.
**./after_operator8.tex
(after_operator8.tex
LaTeX2e <2023-06-01> patch level 1
L3 programming layer <2023-08-29>
(C:\Users\orfuc\AppData\Local\Programs\MiKTeX\tex/latex/base\article.cls
Document Class: article 2023/05/17 v1.4n Standard LaTeX document class
(C:\Users\orfuc\AppData\Local\Programs\MiKTeX\tex/latex/base\size10.clo
File: size10.clo 2023/05/17 v1.4n Standard LaTeX file (size option)
)
\c@part=\count185
\c@section=\count186
\c@subsection=\count187
\c@subsubsection=\count188
\c@paragraph=\count189
\c@subparagraph=\count190
\c@figure=\count191
\c@table=\count192
\abovecaptionskip=\skip48
\belowcaptionskip=\skip49
\bibindent=\dimen140
)
(aaai20.sty
Conference Style for AAAI for LaTeX 2e -- version for the AAAI-20 conference
\titlebox=\skip50
) (C:\Users\orfuc\AppData\Local\Programs\MiKTeX\tex/latex/psnfss\times.sty
Package: times 2020/03/25 PSNFSS-v9.3 (SPQR) 
)
(C:\Users\orfuc\AppData\Local\Programs\MiKTeX\tex/latex/psnfss\helvet.sty
Package: helvet 2020/03/25 PSNFSS-v9.3 (WaS) 

(C:\Users\orfuc\AppData\Local\Programs\MiKTeX\tex/latex/graphics\keyval.sty
Package: keyval 2022/05/29 v1.15 key=value parser (DPC)
\KV@toks@=\toks17
))
(C:\Users\orfuc\AppData\Local\Programs\MiKTeX\tex/latex/psnfss\courier.sty
Package: courier 2020/03/25 PSNFSS-v9.3 (WaS) 
)
(C:\Users\orfuc\AppData\Local\Programs\MiKTeX\tex/latex/url\url.sty
\Urlmuskip=\muskip16
Package: url 2013/09/16  ver 3.4  Verb mode for urls, etc.
)
(C:\Users\orfuc\AppData\Local\Programs\MiKTeX\tex/latex/amscls\amsthm.sty
Package: amsthm 2020/05/29 v2.20.6
\thm@style=\toks18
\thm@bodyfont=\toks19
\thm@headfont=\toks20
\thm@notefont=\toks21
\thm@headpunct=\toks22
\thm@preskip=\skip51
\thm@postskip=\skip52
\thm@headsep=\skip53
\dth@everypar=\toks23
)
(C:\Users\orfuc\AppData\Local\Programs\MiKTeX\tex/latex/amsmath\amsmath.sty
Package: amsmath 2023/05/13 v2.17o AMS math features
\@mathmargin=\skip54

For additional information on amsmath, use the `?' option.
(C:\Users\orfuc\AppData\Local\Programs\MiKTeX\tex/latex/amsmath\amstext.sty
Package: amstext 2021/08/26 v2.01 AMS text

(C:\Users\orfuc\AppData\Local\Programs\MiKTeX\tex/latex/amsmath\amsgen.sty
File: amsgen.sty 1999/11/30 v2.0 generic functions
\@emptytoks=\toks24
\ex@=\dimen141
))
(C:\Users\orfuc\AppData\Local\Programs\MiKTeX\tex/latex/amsmath\amsbsy.sty
Package: amsbsy 1999/11/29 v1.2d Bold Symbols
\pmbraise@=\dimen142
)
(C:\Users\orfuc\AppData\Local\Programs\MiKTeX\tex/latex/amsmath\amsopn.sty
Package: amsopn 2022/04/08 v2.04 operator names
)
\inf@bad=\count193
LaTeX Info: Redefining \frac on input line 234.
\uproot@=\count194
\leftroot@=\count195
LaTeX Info: Redefining \overline on input line 399.
LaTeX Info: Redefining \colon on input line 410.
\classnum@=\count196
\DOTSCASE@=\count197
LaTeX Info: Redefining \ldots on input line 496.
LaTeX Info: Redefining \dots on input line 499.
LaTeX Info: Redefining \cdots on input line 620.
\Mathstrutbox@=\box51
\strutbox@=\box52
LaTeX Info: Redefining \big on input line 722.
LaTeX Info: Redefining \Big on input line 723.
LaTeX Info: Redefining \bigg on input line 724.
LaTeX Info: Redefining \Bigg on input line 725.
\big@size=\dimen143
LaTeX Font Info:    Redeclaring font encoding OML on input line 743.
LaTeX Font Info:    Redeclaring font encoding OMS on input line 744.
\macc@depth=\count198
LaTeX Info: Redefining \bmod on input line 905.
LaTeX Info: Redefining \pmod on input line 910.
LaTeX Info: Redefining \smash on input line 940.
LaTeX Info: Redefining \relbar on input line 970.
LaTeX Info: Redefining \Relbar on input line 971.
\c@MaxMatrixCols=\count199
\dotsspace@=\muskip17
\c@parentequation=\count266
\dspbrk@lvl=\count267
\tag@help=\toks25
\row@=\count268
\column@=\count269
\maxfields@=\count270
\andhelp@=\toks26
\eqnshift@=\dimen144
\alignsep@=\dimen145
\tagshift@=\dimen146
\tagwidth@=\dimen147
\totwidth@=\dimen148
\lineht@=\dimen149
\@envbody=\toks27
\multlinegap=\skip55
\multlinetaggap=\skip56
\mathdisplay@stack=\toks28
LaTeX Info: Redefining \[ on input line 2953.
LaTeX Info: Redefining \] on input line 2954.
)
(C:\Users\orfuc\AppData\Local\Programs\MiKTeX\tex/latex/amsfonts\amssymb.sty
Package: amssymb 2013/01/14 v3.01 AMS font symbols

(C:\Users\orfuc\AppData\Local\Programs\MiKTeX\tex/latex/amsfonts\amsfonts.sty
Package: amsfonts 2013/01/14 v3.01 Basic AMSFonts support
\symAMSa=\mathgroup4
\symAMSb=\mathgroup5
LaTeX Font Info:    Redeclaring math symbol \hbar on input line 98.
LaTeX Font Info:    Overwriting math alphabet `\mathfrak' in version `bold'
(Font)                  U/euf/m/n --> U/euf/b/n on input line 106.
)) (C:\Users\orfuc\AppData\Local\Programs\MiKTeX\tex/latex/graphics\graphicx.st
y
Package: graphicx 2021/09/16 v1.2d Enhanced LaTeX Graphics (DPC,SPQR)

(C:\Users\orfuc\AppData\Local\Programs\MiKTeX\tex/latex/graphics\graphics.sty
Package: graphics 2022/03/10 v1.4e Standard LaTeX Graphics (DPC,SPQR)

(C:\Users\orfuc\AppData\Local\Programs\MiKTeX\tex/latex/graphics\trig.sty
Package: trig 2021/08/11 v1.11 sin cos tan (DPC)
)
(C:\Users\orfuc\AppData\Local\Programs\MiKTeX\tex/latex/graphics-cfg\graphics.c
fg
File: graphics.cfg 2016/06/04 v1.11 sample graphics configuration
)
Package graphics Info: Driver file: pdftex.def on input line 107.

(C:\Users\orfuc\AppData\Local\Programs\MiKTeX\tex/latex/graphics-def\pdftex.def
File: pdftex.def 2022/09/22 v1.2b Graphics/color driver for pdftex
))
\Gin@req@height=\dimen150
\Gin@req@width=\dimen151
)
\Comments=\count271
 (C:\Users\orfuc\AppData\Local\Programs\MiKTeX\tex/latex/xcolor\xcolor.sty
Package: xcolor 2022/06/12 v2.14 LaTeX color extensions (UK)

(C:\Users\orfuc\AppData\Local\Programs\MiKTeX\tex/latex/graphics-cfg\color.cfg
File: color.cfg 2016/01/02 v1.6 sample color configuration
)
Package xcolor Info: Driver file: pdftex.def on input line 227.
(C:\Users\orfuc\AppData\Local\Programs\MiKTeX\tex/latex/graphics\mathcolor.ltx)
Package xcolor Info: Model `cmy' substituted by `cmy0' on input line 1353.
Package xcolor Info: Model `hsb' substituted by `rgb' on input line 1357.
Package xcolor Info: Model `RGB' extended on input line 1369.
Package xcolor Info: Model `HTML' substituted by `rgb' on input line 1371.
Package xcolor Info: Model `Hsb' substituted by `hsb' on input line 1372.
Package xcolor Info: Model `tHsb' substituted by `hsb' on input line 1373.
Package xcolor Info: Model `HSB' substituted by `hsb' on input line 1374.
Package xcolor Info: Model `Gray' substituted by `gray' on input line 1375.
Package xcolor Info: Model `wave' substituted by `hsb' on input line 1376.
)
LaTeX Font Info:    Trying to load font information for OT1+ptm on input line 3
8.
 (C:\Users\orfuc\AppData\Local\Programs\MiKTeX\tex/latex/psnfss\ot1ptm.fd
File: ot1ptm.fd 2001/06/04 font definitions for OT1/ptm.
)
(C:\Users\orfuc\AppData\Local\Programs\MiKTeX\tex/latex/l3backend\l3backend-pdf
tex.def
File: l3backend-pdftex.def 2023-04-19 L3 backend support: PDF output (pdfTeX)
\l__color_backend_stack_int=\count272
\l__pdf_internal_box=\box53
) (after_operator8.aux)
\openout1 = `after_operator8.aux'.

LaTeX Font Info:    Checking defaults for OML/cmm/m/it on input line 38.
LaTeX Font Info:    ... okay on input line 38.
LaTeX Font Info:    Checking defaults for OMS/cmsy/m/n on input line 38.
LaTeX Font Info:    ... okay on input line 38.
LaTeX Font Info:    Checking defaults for OT1/cmr/m/n on input line 38.
LaTeX Font Info:    ... okay on input line 38.
LaTeX Font Info:    Checking defaults for T1/cmr/m/n on input line 38.
LaTeX Font Info:    ... okay on input line 38.
LaTeX Font Info:    Checking defaults for TS1/cmr/m/n on input line 38.
LaTeX Font Info:    ... okay on input line 38.
LaTeX Font Info:    Checking defaults for OMX/cmex/m/n on input line 38.
LaTeX Font Info:    ... okay on input line 38.
LaTeX Font Info:    Checking defaults for U/cmr/m/n on input line 38.
LaTeX Font Info:    ... okay on input line 38.

(C:\Users\orfuc\AppData\Local\Programs\MiKTeX\tex/context/base/mkii\supp-pdf.mk
ii
[Loading MPS to PDF converter (version 2006.09.02).]
\scratchcounter=\count273
\scratchdimen=\dimen152
\scratchbox=\box54
\nofMPsegments=\count274
\nofMParguments=\count275
\everyMPshowfont=\toks29
\MPscratchCnt=\count276
\MPscratchDim=\dimen153
\MPnumerator=\count277
\makeMPintoPDFobject=\count278
\everyMPtoPDFconversion=\toks30
)
(C:\Users\orfuc\AppData\Local\Programs\MiKTeX\tex/latex/epstopdf-pkg\epstopdf-b
ase.sty
Package: epstopdf-base 2020-01-24 v2.11 Base part for package epstopdf
Package epstopdf-base Info: Redefining graphics rule for `.eps' on input line 4
85.

(C:\Users\orfuc\AppData\Local\Programs\MiKTeX\tex/latex/00miktex\epstopdf-sys.c
fg
File: epstopdf-sys.cfg 2021/03/18 v2.0 Configuration of epstopdf for MiKTeX
))
LaTeX Font Info:    Trying to load font information for U+msa on input line 40.

 (C:\Users\orfuc\AppData\Local\Programs\MiKTeX\tex/latex/amsfonts\umsa.fd
File: umsa.fd 2013/01/14 v3.01 AMS symbols A
)
LaTeX Font Info:    Trying to load font information for U+msb on input line 40.


(C:\Users\orfuc\AppData\Local\Programs\MiKTeX\tex/latex/amsfonts\umsb.fd
File: umsb.fd 2013/01/14 v3.01 AMS symbols B
)
LaTeX Font Info:    Trying to load font information for TS1+ptm on input line 4
0.

(C:\Users\orfuc\AppData\Local\Programs\MiKTeX\tex/latex/psnfss\ts1ptm.fd
File: ts1ptm.fd 2001/06/04 font definitions for TS1/ptm.
)

LaTeX Warning: Citation `alinier2014immersive' on page 1 undefined on input lin
e 61.


LaTeX Warning: Citation `amir2013plan' on page 1 undefined on input line 61.


LaTeX Warning: Citation `smordal2012hybrid' on page 1 undefined on input line 6
2.


LaTeX Warning: Citation `mallavarapu2019connect' on page 1 undefined on input l
ine 66.


LaTeX Warning: Citation `gilpin2018explaining' on page 1 undefined on input lin
e 74.


LaTeX Warning: Citation `doshi2017roadmap' on page 1 undefined on input line 74
.


LaTeX Warning: Citation `caruana2015intelligible' on page 1 undefined on input 
line 74.


LaTeX Warning: Citation `fox2008hdp' on page 1 undefined on input line 83.


Underfull \vbox (badness 1048) has occurred while \output is active []

 [1{C:/Users/orfuc/AppData/Local/MiKTeX/fonts/map/pdftex/pdftex.map}{C:/Users/o
rfuc/AppData/Local/Programs/MiKTeX/fonts/enc/dvips/base/8r.enc}



]

LaTeX Warning: Citation `doshi2017roadmap' on page 2 undefined on input line 92
.


Underfull \hbox (badness 1694) in paragraph at lines 92--94
[]\OT1/ptm/m/n/10 We ap-plied two in-ter-pretabil-ity tests to our set-ting,
 []


LaTeX Warning: Citation `rosenfeld2019explainability' on page 2 undefined on in
put line 136.


LaTeX Warning: Citation `gilpin2018explaining' on page 2 undefined on input lin
e 136.


LaTeX Warning: Citation `doshi2017roadmap' on page 2 undefined on input line 13
6.


LaTeX Warning: Citation `weller2017challenges' on page 2 undefined on input lin
e 136.


LaTeX Warning: Citation `doshi2017roadmap' on page 2 undefined on input line 13
7.


LaTeX Warning: Citation `doshi2017roadmap' on page 2 undefined on input line 13
7.


LaTeX Warning: Citation `lage2018human' on page 2 undefined on input line 142.


LaTeX Warning: Citation `lage2018human' on page 2 undefined on input line 142.


LaTeX Warning: Citation `wu2018beyond' on page 2 undefined on input line 144.


LaTeX Warning: Citation `ribeiro2016should' on page 2 undefined on input line 1
44.


LaTeX Warning: Citation `choi2016retain' on page 2 undefined on input line 144.



LaTeX Warning: Citation `lipton2016mythos' on page 2 undefined on input line 14
4.


LaTeX Warning: Citation `wu2018beyond' on page 2 undefined on input line 144.


LaTeX Warning: Citation `ribeiro2016should' on page 2 undefined on input line 1
44.


LaTeX Warning: Citation `choi2016retain' on page 2 undefined on input line 144.



LaTeX Warning: Citation `lipton2016mythos' on page 2 undefined on input line 14
4.


LaTeX Warning: Citation `chang2009reading' on page 2 undefined on input line 15
0.


LaTeX Warning: Citation `chang2009reading' on page 2 undefined on input line 15
0.


LaTeX Warning: Citation `chang2009reading' on page 2 undefined on input line 15
4.


LaTeX Warning: Citation `chang2009reading' on page 2 undefined on input line 15
4.

<./images/cw_viz2.png, id=8, 1632.0975pt x 769.87625pt>
File: ./images/cw_viz2.png Graphic file (type png)
<use ./images/cw_viz2.png>
Package pdftex.def Info: ./images/cw_viz2.png  used on input line 176.
(pdftex.def)             Requested size: 242.82503pt x 114.53667pt.

Overfull \hbox (3.43065pt too wide) in paragraph at lines 176--177
 [][] 
 []

[2 <./images/cw_viz2.png>]
<./images/cw_snapshot.png, id=14, 491.8375pt x 382.42876pt>
File: ./images/cw_snapshot.png Graphic file (type png)
<use ./images/cw_snapshot.png>
Package pdftex.def Info: ./images/cw_snapshot.png  used on input line 192.
(pdftex.def)             Requested size: 242.82503pt x 188.80972pt.

Overfull \hbox (3.43065pt too wide) in paragraph at lines 192--193
 [][] 
 []

<images/period_selection_representation.png, id=15, 666.49pt x 569.12625pt>
File: images/period_selection_representation.png Graphic file (type png)
<use images/period_selection_representation.png>
Package pdftex.def Info: images/period_selection_representation.png  used on in
put line 218.
(pdftex.def)             Requested size: 227.64894pt x 194.38614pt.
<images/test1_screenshot.png, id=16, 801.99625pt x 222.8325pt>
File: images/test1_screenshot.png Graphic file (type png)
<use images/test1_screenshot.png>
Package pdftex.def Info: images/test1_screenshot.png  used on input line 226.
(pdftex.def)             Requested size: 379.4175pt x 105.42151pt.

LaTeX Warning: Citation `doshi2017roadmap' on page 3 undefined on input line 23
9.

[3 <./images/cw_snapshot.png> <./images/period_selection_representation.png>]
<images/test2_screenshot.png, id=25, 803.50188pt x 469.755pt>
File: images/test2_screenshot.png Graphic file (type png)
<use images/test2_screenshot.png>
Package pdftex.def Info: images/test2_screenshot.png  used on input line 278.
(pdftex.def)             Requested size: 354.12144pt x 207.0369pt.


LaTeX Warning: Citation `hoernle2018modeling' on page 4 undefined on input line
 311.


LaTeX Warning: Citation `hoernle2018modeling' on page 4 undefined on input line
 311.


LaTeX Warning: Citation `teh2005sharing' on page 4 undefined on input line 313.



LaTeX Warning: Citation `teh2005sharing' on page 4 undefined on input line 313.



LaTeX Warning: Citation `fox2008hdp' on page 4 undefined on input line 313.


LaTeX Warning: Citation `fox2008hdp' on page 4 undefined on input line 313.


LaTeX Warning: Citation `fox2008hdp' on page 4 undefined on input line 315.


LaTeX Warning: Citation `fox2008hdp' on page 4 undefined on input line 315.


LaTeX Warning: Citation `fox2008hdp' on page 4 undefined on input line 320.


LaTeX Warning: Citation `fox2009bayesian' on page 4 undefined on input line 320
.


LaTeX Warning: Citation `fox2008hdp' on page 4 undefined on input line 320.


LaTeX Warning: Citation `fox2009bayesian' on page 4 undefined on input line 320
.

[4 <./images/test1_screenshot.png>]

LaTeX Warning: Citation `fox2008hdp' on page 5 undefined on input line 328.


LaTeX Warning: Citation `fox2008hdp' on page 5 undefined on input line 328.


LaTeX Warning: Citation `fox2008hdp' on page 5 undefined on input line 335.


LaTeX Warning: Citation `fox2008hdp' on page 5 undefined on input line 335.


LaTeX Warning: Citation `hoernle2018modeling' on page 5 undefined on input line
 335.


LaTeX Warning: Citation `doshi2017roadmap' on page 5 undefined on input line 34
0.


LaTeX Warning: Citation `lage2018human' on page 5 undefined on input line 340.


LaTeX Warning: Citation `chang2009reading' on page 5 undefined on input line 34
0.


LaTeX Warning: Citation `chang2009reading' on page 5 undefined on input line 34
0.


LaTeX Warning: Citation `gelman2013bayesian' on page 5 undefined on input line 
342.

[5 <./images/test2_screenshot.png>]

LaTeX Warning: Citation `chang2009reading' on page 6 undefined on input line 36
3.


LaTeX Warning: Citation `gelman2013bayesian' on page 6 undefined on input line 
365.


LaTeX Warning: Citation `gelman2013bayesian' on page 6 undefined on input line 
378.


LaTeX Warning: Citation `gelman2013bayesian' on page 6 undefined on input line 
378.


Underfull \hbox (badness 1024) in paragraph at lines 387--390
\OT1/ptm/m/n/10 from $[] []$. Again, these ex-pec-ta-tions are
 []

<images/dic_waic_scores.png, id=40, 928.46875pt x 655.44875pt>
File: images/dic_waic_scores.png Graphic file (type png)
<use images/dic_waic_scores.png>
Package pdftex.def Info: images/dic_waic_scores.png  used on input line 400.
(pdftex.def)             Requested size: 242.82503pt x 171.42279pt.

Overfull \hbox (3.43065pt too wide) in paragraph at lines 400--401
 [][] 
 []

<images/combined_res_data_all.png, id=41, 974.64125pt x 539.01375pt>
File: images/combined_res_data_all.png Graphic file (type png)
<use images/combined_res_data_all.png>
Package pdftex.def Info: images/combined_res_data_all.png  used on input line 4
47.
(pdftex.def)             Requested size: 242.82689pt x 120.97676pt.

Overfull \hbox (3.43251pt too wide) in paragraph at lines 447--448
[][] 
 []

[6 <./images/dic_waic_scores.png>]
Underfull \hbox (badness 7273) in paragraph at lines 462--464
[]\OT1/ptm/m/n/10 From both Fig-ures 6[] and 7[] we can in-fer the
 []


Underfull \hbox (badness 4217) in paragraph at lines 462--464
\OT1/ptm/m/n/10 fol-low-ing four con-clu-sions. First, all of the mod-els
 []

[7 <./images/combined_res_data_all.png>]
No file after_operator8.bbl.
(after_operator8.aux)
 ***********
LaTeX2e <2023-06-01> patch level 1
L3 programming layer <2023-08-29>
 ***********
 ) 
Here is how much of TeX's memory you used:
 3474 strings out of 475247
 52478 string characters out of 5757792
 1937801 words of memory out of 5000000
 24952 multiletter control sequences out of 15000+600000
 582543 words of font info for 82 fonts, out of 8000000 for 9000
 1141 hyphenation exceptions out of 8191
 57i,11n,65p,1461b,282s stack positions out of 10000i,1000n,20000p,200000b,200000s
<C:/Users/orfuc/AppData/Local/Programs/MiKTeX/fonts/type1/public/amsfonts/cm/
cmmi10.pfb><C:/Users/orfuc/AppData/Local/Programs/MiKTeX/fonts/type1/public/ams
fonts/cm/cmmi7.pfb><C:/Users/orfuc/AppData/Local/Programs/MiKTeX/fonts/type1/pu
blic/amsfonts/cm/cmmi9.pfb><C:/Users/orfuc/AppData/Local/Programs/MiKTeX/fonts/
type1/public/amsfonts/cm/cmr10.pfb><C:/Users/orfuc/AppData/Local/Programs/MiKTe
X/fonts/type1/public/amsfonts/cm/cmr6.pfb><C:/Users/orfuc/AppData/Local/Program
s/MiKTeX/fonts/type1/public/amsfonts/cm/cmr7.pfb><C:/Users/orfuc/AppData/Local/
Programs/MiKTeX/fonts/type1/public/amsfonts/cm/cmr9.pfb><C:/Users/orfuc/AppData
/Local/Programs/MiKTeX/fonts/type1/public/amsfonts/cm/cmsy10.pfb><C:/Users/orfu
c/AppData/Local/Programs/MiKTeX/fonts/type1/public/amsfonts/cm/cmsy7.pfb><C:/Us
ers/orfuc/AppData/Local/Programs/MiKTeX/fonts/type1/public/amsfonts/cm/cmsy9.pf
b><C:/Users/orfuc/AppData/Local/Programs/MiKTeX/fonts/type1/urw/times/utmb8a.pf
b><C:/Users/orfuc/AppData/Local/Programs/MiKTeX/fonts/type1/urw/times/utmr8a.pf
b><C:/Users/orfuc/AppData/Local/Programs/MiKTeX/fonts/type1/urw/times/utmri8a.p
fb>
Output written on after_operator8.pdf (7 pages, 3252358 bytes).
PDF statistics:
 107 PDF objects out of 1000 (max. 8388607)
 0 named destinations out of 1000 (max. 500000)
 36 words of extra memory for PDF output out of 10000 (max. 10000000)

