This is pdfTeX, Version 3.141592653-2.6-1.40.25 (MiKTeX 23.5) (preloaded format=pdflatex 2024.1.12)  3 MAR 2024 13:20
entering extended mode
 restricted \write18 enabled.
 %&-line parsing enabled.
**./0-main_changed.tex
(0-main_changed.tex
LaTeX2e <2023-06-01> patch level 1
L3 programming layer <2023-08-29>
(C:\Users\orfuc\AppData\Local\Programs\MiKTeX\tex/latex/base\article.cls
Document Class: article 2023/05/17 v1.4n Standard LaTeX document class
(C:\Users\orfuc\AppData\Local\Programs\MiKTeX\tex/latex/base\size10.clo
File: size10.clo 2023/05/17 v1.4n Standard LaTeX file (size option)
)
\c@part=\count185
\c@section=\count186
\c@subsection=\count187
\c@subsubsection=\count188
\c@paragraph=\count189
\c@subparagraph=\count190
\c@figure=\count191
\c@table=\count192
\abovecaptionskip=\skip48
\belowcaptionskip=\skip49
\bibindent=\dimen140
)
(aaai22.sty
Conference Style for AAAI for LaTeX 2e -- version for the AAAI-22 conference
\titlebox=\skip50
) (C:\Users\orfuc\AppData\Local\Programs\MiKTeX\tex/latex/psnfss\times.sty
Package: times 2020/03/25 PSNFSS-v9.3 (SPQR) 
)
(C:\Users\orfuc\AppData\Local\Programs\MiKTeX\tex/latex/psnfss\helvet.sty
Package: helvet 2020/03/25 PSNFSS-v9.3 (WaS) 

(C:\Users\orfuc\AppData\Local\Programs\MiKTeX\tex/latex/graphics\keyval.sty
Package: keyval 2022/05/29 v1.15 key=value parser (DPC)
\KV@toks@=\toks17
))
(C:\Users\orfuc\AppData\Local\Programs\MiKTeX\tex/latex/psnfss\courier.sty
Package: courier 2020/03/25 PSNFSS-v9.3 (WaS) 
)
(C:\Users\orfuc\AppData\Local\Programs\MiKTeX\tex/latex/url\url.sty
\Urlmuskip=\muskip16
Package: url 2013/09/16  ver 3.4  Verb mode for urls, etc.
)
(C:\Users\orfuc\AppData\Local\Programs\MiKTeX\tex/latex/graphics\graphicx.sty
Package: graphicx 2021/09/16 v1.2d Enhanced LaTeX Graphics (DPC,SPQR)

(C:\Users\orfuc\AppData\Local\Programs\MiKTeX\tex/latex/graphics\graphics.sty
Package: graphics 2022/03/10 v1.4e Standard LaTeX Graphics (DPC,SPQR)

(C:\Users\orfuc\AppData\Local\Programs\MiKTeX\tex/latex/graphics\trig.sty
Package: trig 2021/08/11 v1.11 sin cos tan (DPC)
)
(C:\Users\orfuc\AppData\Local\Programs\MiKTeX\tex/latex/graphics-cfg\graphics.c
fg
File: graphics.cfg 2016/06/04 v1.11 sample graphics configuration
)
Package graphics Info: Driver file: pdftex.def on input line 107.

(C:\Users\orfuc\AppData\Local\Programs\MiKTeX\tex/latex/graphics-def\pdftex.def
File: pdftex.def 2022/09/22 v1.2b Graphics/color driver for pdftex
))
\Gin@req@height=\dimen141
\Gin@req@width=\dimen142
) (C:\Users\orfuc\AppData\Local\Programs\MiKTeX\tex/latex/natbib\natbib.sty
Package: natbib 2010/09/13 8.31b (PWD, AO)
\bibhang=\skip51
\bibsep=\skip52
LaTeX Info: Redefining \cite on input line 694.
\c@NAT@ctr=\count193
)
(C:\Users\orfuc\AppData\Local\Programs\MiKTeX\tex/latex/caption\caption.sty
Package: caption 2023/07/31 v3.6n Customizing captions (AR)

(C:\Users\orfuc\AppData\Local\Programs\MiKTeX\tex/latex/caption\caption3.sty
Package: caption3 2023/07/31 v2.4d caption3 kernel (AR)
\caption@tempdima=\dimen143
\captionmargin=\dimen144
\caption@leftmargin=\dimen145
\caption@rightmargin=\dimen146
\caption@width=\dimen147
\caption@indent=\dimen148
\caption@parindent=\dimen149
\caption@hangindent=\dimen150
Package caption Info: Standard document class detected.
)
\c@caption@flags=\count194
\c@continuedfloat=\count195
)
(C:\Users\orfuc\AppData\Local\Programs\MiKTeX\tex/latex/algorithms\algorithm.st
y
Package: algorithm 2009/08/24 v0.1 Document Style `algorithm' - floating enviro
nment
 (C:\Users\orfuc\AppData\Local\Programs\MiKTeX\tex/latex/float\float.sty
Package: float 2001/11/08 v1.3d Float enhancements (AL)
\c@float@type=\count196
\float@exts=\toks18
\float@box=\box51
\@float@everytoks=\toks19
\@floatcapt=\box52
)
(C:\Users\orfuc\AppData\Local\Programs\MiKTeX\tex/latex/base\ifthen.sty
Package: ifthen 2022/04/13 v1.1d Standard LaTeX ifthen package (DPC)
)
\@float@every@algorithm=\toks20
\c@algorithm=\count197
)
(C:\Users\orfuc\AppData\Local\Programs\MiKTeX\tex/latex/algorithms\algorithmic.
sty
Package: algorithmic 2009/08/24 v0.1 Document Style `algorithmic'
\c@ALC@unique=\count198
\c@ALC@line=\count199
\c@ALC@rem=\count266
\c@ALC@depth=\count267
\ALC@tlm=\skip53
\algorithmicindent=\skip54
)
(C:\Users\orfuc\AppData\Local\Programs\MiKTeX\tex/latex/enumitem\enumitem.sty
Package: enumitem 2019/06/20 v3.9 Customized lists
\labelindent=\skip55
\enit@outerparindent=\dimen151
\enit@toks=\toks21
\enit@inbox=\box53
\enit@count@id=\count268
\enitdp@description=\count269
)
(C:\Users\orfuc\AppData\Local\Programs\MiKTeX\tex/latex/xcolor\xcolor.sty
Package: xcolor 2022/06/12 v2.14 LaTeX color extensions (UK)

(C:\Users\orfuc\AppData\Local\Programs\MiKTeX\tex/latex/graphics-cfg\color.cfg
File: color.cfg 2016/01/02 v1.6 sample color configuration
)
Package xcolor Info: Driver file: pdftex.def on input line 227.
(C:\Users\orfuc\AppData\Local\Programs\MiKTeX\tex/latex/graphics\mathcolor.ltx)
Package xcolor Info: Model `cmy' substituted by `cmy0' on input line 1353.
Package xcolor Info: Model `hsb' substituted by `rgb' on input line 1357.
Package xcolor Info: Model `RGB' extended on input line 1369.
Package xcolor Info: Model `HTML' substituted by `rgb' on input line 1371.
Package xcolor Info: Model `Hsb' substituted by `hsb' on input line 1372.
Package xcolor Info: Model `tHsb' substituted by `hsb' on input line 1373.
Package xcolor Info: Model `HSB' substituted by `hsb' on input line 1374.
Package xcolor Info: Model `Gray' substituted by `gray' on input line 1375.
Package xcolor Info: Model `wave' substituted by `hsb' on input line 1376.
)
(C:\Users\orfuc\AppData\Local\Programs\MiKTeX\tex/latex/caption\subcaption.sty
Package: subcaption 2023/07/28 v1.6b Sub-captions (AR)
Package caption Info: New subtype `subfigure' on input line 238.
\c@subfigure=\count270
Package caption Info: New subtype `subtable' on input line 238.
\c@subtable=\count271
) (C:\Users\orfuc\AppData\Local\Programs\MiKTeX\tex/latex/booktabs\booktabs.sty
Package: booktabs 2020/01/12 v1.61803398 Publication quality tables
\heavyrulewidth=\dimen152
\lightrulewidth=\dimen153
\cmidrulewidth=\dimen154
\belowrulesep=\dimen155
\belowbottomsep=\dimen156
\aboverulesep=\dimen157
\abovetopsep=\dimen158
\cmidrulesep=\dimen159
\cmidrulekern=\dimen160
\defaultaddspace=\dimen161
\@cmidla=\count272
\@cmidlb=\count273
\@aboverulesep=\dimen162
\@belowrulesep=\dimen163
\@thisruleclass=\count274
\@lastruleclass=\count275
\@thisrulewidth=\dimen164
) (C:\Users\orfuc\AppData\Local\Programs\MiKTeX\tex/latex/tools\xspace.sty
Package: xspace 2014/10/28 v1.13 Space after command names (DPC,MH)
)
(C:\Users\orfuc\AppData\Local\Programs\MiKTeX\tex/latex/multirow\multirow.sty
Package: multirow 2021/03/15 v2.8 Span multiple rows of a table
\multirow@colwidth=\skip56
\multirow@cntb=\count276
\multirow@dima=\skip57
\bigstrutjot=\dimen165
)
(C:\Users\orfuc\AppData\Local\Programs\MiKTeX\tex/latex/microtype\microtype.sty
Package: microtype 2023/03/13 v3.1a Micro-typographical refinements (RS)
(C:\Users\orfuc\AppData\Local\Programs\MiKTeX\tex/latex/etoolbox\etoolbox.sty
Package: etoolbox 2020/10/05 v2.5k e-TeX tools for LaTeX (JAW)
\etb@tempcnta=\count277
)
\MT@toks=\toks22
\MT@tempbox=\box54
\MT@count=\count278
LaTeX Info: Redefining \noprotrusionifhmode on input line 1059.
LaTeX Info: Redefining \leftprotrusion on input line 1060.
\MT@prot@toks=\toks23
LaTeX Info: Redefining \rightprotrusion on input line 1078.
LaTeX Info: Redefining \textls on input line 1368.
\MT@outer@kern=\dimen166
LaTeX Info: Redefining \textmicrotypecontext on input line 1988.
\MT@listname@count=\count279

(C:\Users\orfuc\AppData\Local\Programs\MiKTeX\tex/latex/microtype\microtype-pdf
tex.def
File: microtype-pdftex.def 2023/03/13 v3.1a Definitions specific to pdftex (RS)

LaTeX Info: Redefining \lsstyle on input line 902.
LaTeX Info: Redefining \lslig on input line 902.
\MT@outer@space=\skip58
)
Package microtype Info: Loading configuration file microtype.cfg.

(C:\Users\orfuc\AppData\Local\Programs\MiKTeX\tex/latex/microtype\microtype.cfg
File: microtype.cfg 2023/03/13 v3.1a microtype main configuration file (RS)
))
(C:\Users\orfuc\AppData\Local\Programs\MiKTeX\tex/latex/newfloat\newfloat.sty
Package: newfloat 2019/09/02 v1.1l Defining new floating environments (AR)
)
(C:\Users\orfuc\AppData\Local\Programs\MiKTeX\tex/latex/listings\listings.sty
\lst@mode=\count280
\lst@gtempboxa=\box55
\lst@token=\toks24
\lst@length=\count281
\lst@currlwidth=\dimen167
\lst@column=\count282
\lst@pos=\count283
\lst@lostspace=\dimen168
\lst@width=\dimen169
\lst@newlines=\count284
\lst@lineno=\count285
\lst@maxwidth=\dimen170

(C:\Users\orfuc\AppData\Local\Programs\MiKTeX\tex/latex/listings\lstmisc.sty
File: lstmisc.sty 2023/02/27 1.9 (Carsten Heinz)
\c@lstnumber=\count286
\lst@skipnumbers=\count287
\lst@framebox=\box56
)
(C:\Users\orfuc\AppData\Local\Programs\MiKTeX\tex/latex/listings\listings.cfg
File: listings.cfg 2023/02/27 1.9 listings configuration
))
Package: listings 2023/02/27 1.9 (Carsten Heinz)
\@float@every@listing=\toks25
\c@listing=\count288
LaTeX Font Info:    Trying to load font information for OT1+ptm on input line 8
1.
(C:\Users\orfuc\AppData\Local\Programs\MiKTeX\tex/latex/psnfss\ot1ptm.fd
File: ot1ptm.fd 2001/06/04 font definitions for OT1/ptm.
)
(C:\Users\orfuc\AppData\Local\Programs\MiKTeX\tex/latex/l3backend\l3backend-pdf
tex.def
File: l3backend-pdftex.def 2023-04-19 L3 backend support: PDF output (pdfTeX)
\l__color_backend_stack_int=\count289
\l__pdf_internal_box=\box57
) (0-main_changed.aux)
\openout1 = `0-main_changed.aux'.

LaTeX Font Info:    Checking defaults for OML/cmm/m/it on input line 81.
LaTeX Font Info:    ... okay on input line 81.
LaTeX Font Info:    Checking defaults for OMS/cmsy/m/n on input line 81.
LaTeX Font Info:    ... okay on input line 81.
LaTeX Font Info:    Checking defaults for OT1/cmr/m/n on input line 81.
LaTeX Font Info:    ... okay on input line 81.
LaTeX Font Info:    Checking defaults for T1/cmr/m/n on input line 81.
LaTeX Font Info:    ... okay on input line 81.
LaTeX Font Info:    Checking defaults for TS1/cmr/m/n on input line 81.
LaTeX Font Info:    ... okay on input line 81.
LaTeX Font Info:    Checking defaults for OMX/cmex/m/n on input line 81.
LaTeX Font Info:    ... okay on input line 81.
LaTeX Font Info:    Checking defaults for U/cmr/m/n on input line 81.
LaTeX Font Info:    ... okay on input line 81.

(C:\Users\orfuc\AppData\Local\Programs\MiKTeX\tex/context/base/mkii\supp-pdf.mk
ii
[Loading MPS to PDF converter (version 2006.09.02).]
\scratchcounter=\count290
\scratchdimen=\dimen171
\scratchbox=\box58
\nofMPsegments=\count291
\nofMParguments=\count292
\everyMPshowfont=\toks26
\MPscratchCnt=\count293
\MPscratchDim=\dimen172
\MPnumerator=\count294
\makeMPintoPDFobject=\count295
\everyMPtoPDFconversion=\toks27
)
(C:\Users\orfuc\AppData\Local\Programs\MiKTeX\tex/latex/epstopdf-pkg\epstopdf-b
ase.sty
Package: epstopdf-base 2020-01-24 v2.11 Base part for package epstopdf
Package epstopdf-base Info: Redefining graphics rule for `.eps' on input line 4
85.

(C:\Users\orfuc\AppData\Local\Programs\MiKTeX\tex/latex/00miktex\epstopdf-sys.c
fg
File: epstopdf-sys.cfg 2021/03/18 v2.0 Configuration of epstopdf for MiKTeX
))
Package caption Info: Begin \AtBeginDocument code.
Package caption Info: float package is loaded.
Package caption Info: listings package is loaded.
Package caption Info: End \AtBeginDocument code.
LaTeX Info: Redefining \microtypecontext on input line 81.
Package microtype Info: Applying patch `item' on input line 81.
Package microtype Info: Applying patch `toc' on input line 81.
Package microtype Info: Applying patch `eqnum' on input line 81.
Package microtype Info: Applying patch `footnote' on input line 81.
Package microtype Info: Applying patch `verbatim' on input line 81.
Package microtype Info: Generating PDF output.
Package microtype Info: Character protrusion enabled (level 2).
Package microtype Info: Using default protrusion set `alltext'.
Package microtype Info: Automatic font expansion enabled (level 2),
(microtype)             stretch: 10, shrink: 5, step: 1, non-selected.
Package microtype Info: Using default expansion set `alltext-nott'.
LaTeX Info: Redefining \showhyphens on input line 81.
Package microtype Info: No adjustment of tracking.
Package microtype Info: Adjustment of interword spacing enabled.
Package microtype Info: Using default spacing set `alltext-nott'.
Package microtype Info: Adjustment of character kerning enabled.
Package microtype Info: Using default kerning set `alltext'.

(C:\Users\orfuc\AppData\Local\Programs\MiKTeX\tex/latex/microtype\mt-ptm.cfg
File: mt-ptm.cfg 2006/04/20 v1.7 microtype config. file: Times (RS)
)
Package newfloat Info: `float' package detected.
\c@lstlisting=\count296
\c@eqfn=\count297
\titlearea=\box59

(C:\Users\orfuc\AppData\Local\Programs\MiKTeX\tex/latex/microtype\mt-cmr.cfg
File: mt-cmr.cfg 2013/05/19 v2.2 microtype config. file: Computer Modern Roman 
(RS)
)
LaTeX Font Info:    External font `cmex10' loaded for size
(Font)              <12> on input line 83.
LaTeX Font Info:    External font `cmex10' loaded for size
(Font)              <8> on input line 83.
LaTeX Font Info:    External font `cmex10' loaded for size
(Font)              <6> on input line 83.
LaTeX Font Info:    External font `cmex10' loaded for size
(Font)              <7> on input line 83.
LaTeX Font Info:    External font `cmex10' loaded for size
(Font)              <5> on input line 83.
LaTeX Font Info:    Trying to load font information for OT1+pcr on input line 8
3.

(C:\Users\orfuc\AppData\Local\Programs\MiKTeX\tex/latex/psnfss\ot1pcr.fd
File: ot1pcr.fd 2001/06/04 font definitions for OT1/pcr.
)
Package microtype Info: Loading generic protrusion settings for font family
(microtype)             `pcr' (encoding: OT1).
(microtype)             For optimal results, create family-specific settings.
(microtype)             See the microtype manual for details.
LaTeX Font Info:    Trying to load font information for OMS+pcr on input line 8
3.

(C:\Users\orfuc\AppData\Local\Programs\MiKTeX\tex/latex/psnfss\omspcr.fd
File: omspcr.fd 
)
LaTeX Font Info:    Font shape `OMS/pcr/m/n' in size <10> not available
(Font)              Font shape `OMS/cmsy/m/n' tried instead on input line 83.
\actualheight=\skip59
LaTeX Font Info:    Trying to load font information for TS1+ptm on input line 8
3.

(C:\Users\orfuc\AppData\Local\Programs\MiKTeX\tex/latex/psnfss\ts1ptm.fd
File: ts1ptm.fd 2001/06/04 font definitions for TS1/ptm.
)

Package microtype Warning: I cannot find a spacing list for font
(microtype)                `TS1/ptm/m/n/9' (context: `nonfrench'). Switching of
f
(microtype)                spacing for this font on input line 83.

(1-intro.tex

Package natbib Warning: Citation `vaswani2017attention' on page 1 undefined on 
input line 8.


Package natbib Warning: Citation `devlin-etal-2019-bert' on page 1 undefined on
 input line 8.


Package natbib Warning: Citation `brown2020language' on page 1 undefined on inp
ut line 8.

LaTeX Font Info:    External font `cmex10' loaded for size
(Font)              <9> on input line 17.

Underfull \hbox (badness 1668) in paragraph at lines 17--17
[][]\OT1/ptm/m/n/9 (+10) Code and data avail-able at - $https : / / github . co
m / shtoshni /
 []


LaTeX Warning: Reference `sec:error_analysis' on page 1 undefined on input line
 22.


LaTeX Warning: Reference `sec:error_analysis' on page 1 undefined on input line
 38.

(figures/chess_board.tex
<figures/algebraic_notation.pdf, id=1, 242.9075pt x 246.9225pt>
File: figures/algebraic_notation.pdf Graphic file (type pdf)
<use figures/algebraic_notation.pdf>
Package pdftex.def Info: figures/algebraic_notation.pdf  used on input line 3.
(pdftex.def)             Requested size: 151.76854pt x 154.27719pt.
<figures/board_prev.pdf, id=2, 391.4625pt x 391.4625pt>
File: figures/board_prev.pdf Graphic file (type pdf)
<use figures/board_prev.pdf>
Package pdftex.def Info: figures/board_prev.pdf  used on input line 9.
(pdftex.def)             Requested size: 137.04431pt x 137.04378pt.
<figures/board_next.pdf, id=3, 391.4625pt x 391.4625pt>
File: figures/board_next.pdf Graphic file (type pdf)
<use figures/board_next.pdf>
Package pdftex.def Info: figures/board_next.pdf  used on input line 13.
(pdftex.def)             Requested size: 137.04431pt x 137.04378pt.
) [1{C:/Users/orfuc/AppData/Local/MiKTeX/fonts/map/pdftex/pdftex.map}{C:/Users/
orfuc/AppData/Local/Programs/MiKTeX/fonts/enc/dvips/base/8r.enc}



]

Package microtype Warning: I cannot find a spacing list for font
(microtype)                `TS1/ptm/m/n/10' (context: `nonfrench'). Switching o
ff
(microtype)                spacing for this font on input line 56.

) (2-chess_preliminaries.tex

LaTeX Warning: Reference `sec:san' on page 2 undefined on input line 9.

(figures/chess_vocab.tex) (figures/rap.tex)) (3-board_probe.tex
Underfull \hbox (badness 3148) in paragraph at lines 3--8
\OT1/ptm/m/n/10 (+10) One at-trac-tive prop-erty of hav-ing a lan-guage model
 []


Underfull \hbox (badness 1248) in paragraph at lines 3--8
\OT1/ptm/m/n/10 (+10) de-scribed in the pre-vi-ous sec-tion) is that the no-ta-
tion
 []


Underfull \hbox (badness 1331) in paragraph at lines 3--8
\OT1/ptm/m/n/10 (+10) what the model un-der-stands about the board state im-
 []


Underfull \hbox (badness 10000) in paragraph at lines 3--8
\OT1/ptm/m/n/10 (+10) ``$[]$ \OT1/pcr/m/n/10 f1\OT1/ptm/m/n/10 (+10) ,'' where
 []

[2 <./figures/algebraic_notation.pdf> <./figures/board_prev.pdf> <./figures/boa
rd_next.pdf>]
Underfull \hbox (badness 2913) in paragraph at lines 19--22
[]\OT1/ptm/m/n/10 (+10) When \OT1/ptm/m/it/10 (+10) test-ing \OT1/ptm/m/n/10 (+
10) with these start-ing square pre-dic-tion
 []

(figures/prompt_tasks.tex
LaTeX Font Info:    Trying to load font information for OMS+ptm on input line 7
.

(C:\Users\orfuc\AppData\Local\Programs\MiKTeX\tex/latex/psnfss\omsptm.fd
File: omsptm.fd 
)
LaTeX Font Info:    Font shape `OMS/ptm/m/n' in size <10> not available
(Font)              Font shape `OMS/cmsy/m/n' tried instead on input line 7.
)
Underfull \vbox (badness 1082) has occurred while \output is active []



Package natbib Warning: Citation `ir-book' on page 3 undefined on input line 53
.

[3]) (4-evaluation.tex

LaTeX Warning: Reference `tab:data_stats' on page 4 undefined on input line 13.



Package natbib Warning: Citation `python-chess' on page 4 undefined on input li
ne 14.

(figures/perplexity.tex
<figures/rap_effect.jpg, id=31, 465.9006pt x 273.6624pt>
File: figures/rap_effect.jpg Graphic file (type jpg)
<use figures/rap_effect.jpg>
Package pdftex.def Info: figures/rap_effect.jpg  used on input line 34.
(pdftex.def)             Requested size: 242.82503pt x 142.63097pt.
)

Package natbib Warning: Citation `vaswani2017attention' on page 4 undefined on 
input line 26.


Package natbib Warning: Citation `radford2019language' on page 4 undefined on i
nput line 26.


Underfull \hbox (badness 7522) in paragraph at lines 30--30
[][]\OT1/ptm/m/n/9 (+10) Colab note-book to play chess against the base lan-
 []


Underfull \hbox (badness 10000) in paragraph at lines 30--30
\OT1/ptm/m/n/9 (+10) guage model $https : / / github . com / shtoshni / learnin
g -[] chess -[]
 []


Underfull \hbox (badness 1019) in paragraph at lines 33--38
[]\OT1/ptm/m/n/10 (+10) For the UCI + RAP $\OML/cmm/m/it/10 p$ \OT1/ptm/m/n/10 
(+10) mod-els, we tune over $\OML/cmm/m/it/10 p \OMS/cmsy/m/n/10 2
 []


Package natbib Warning: Citation `kitaev2020reformer' on page 4 undefined on in
put line 40.


Package natbib Warning: Citation `choromanski2021rethinking' on page 4 undefine
d on input line 40.


LaTeX Warning: Reference `sec:hyperparams' on page 4 undefined on input line 44
.


Underfull \hbox (badness 1184) in paragraph at lines 39--45
[]\OT1/ptm/m/n/10 (+10) We also ex-per-i-ment with other trans-former and non-
 []


Package natbib Warning: Citation `kingma2014adam' on page 4 undefined on input 
line 50.


Package natbib Warning: Citation `micikevicius2018mixed' on page 4 undefined on
 input line 52.


Package natbib Warning: Citation `falcon2019pytorch' on page 4 undefined on inp
ut line 54.


Package natbib Warning: Citation `pytorch' on page 4 undefined on input line 54
.


Package natbib Warning: Citation `Wolf2019HuggingFacesTS' on page 4 undefined o
n input line 55.

[4]) (5-results.tex (figures/starting_square_res.tex)
(figures/ending_square_res.tex)

LaTeX Warning: Reference `sec:app_error_analysis' on page 5 undefined on input 
line 48.

[5 <./figures/rap_effect.jpg>]

LaTeX Warning: Reference `sec:error_analysis' on page 6 undefined on input line
 52.

(figures/attention_limited_ending_square.tex)
Underfull \vbox (badness 10000) has occurred while \output is active []



Package natbib Warning: Citation `hochreiter1997long' on page 6 undefined on in
put line 69.


Package natbib Warning: Citation `kitaev2020reformer' on page 6 undefined on in
put line 72.


Package natbib Warning: Citation `katharopoulos20' on page 6 undefined on input
 line 72.


Package natbib Warning: Citation `choromanski2021rethinking' on page 6 undefine
d on input line 72.

[6]

Package natbib Warning: Citation `kitaev2020reformer' on page 7 undefined on in
put line 79.


Package natbib Warning: Citation `choromanski2021rethinking' on page 7 undefine
d on input line 79.


LaTeX Warning: Reference `sec:hyperparams' on page 7 undefined on input line 79
.

) (7-related_work.tex

Package natbib Warning: Citation `weston2015aicomplete' on page 7 undefined on 
input line 4.


Package natbib Warning: Citation `cote18textworld' on page 7 undefined on input
 line 5.


Package natbib Warning: Citation `hermann17grounded' on page 7 undefined on inp
ut line 6.


Package natbib Warning: Citation `hill17understanding' on page 7 undefined on i
nput line 6.


Package natbib Warning: Citation `hermann2015cnn' on page 7 undefined on input 
line 13.


Package natbib Warning: Citation `hill2016cbt' on page 7 undefined on input lin
e 13.


Package natbib Warning: Citation `paperno-etal-2016-lambada' on page 7 undefine
d on input line 14.


Package natbib Warning: Citation `mostafazadeh-etal-2016-corpus' on page 7 unde
fined on input line 14.


Package natbib Warning: Citation `ettinger2020bert' on page 7 undefined on inpu
t line 14.


Package natbib Warning: Citation `mostafazadeh-etal-2017-lsdsem' on page 7 unde
fined on input line 14.


Package natbib Warning: Citation `petroni-etal-2019-language' on page 7 undefin
ed on input line 14.


Package natbib Warning: Citation `hill2016cbt' on page 7 undefined on input lin
e 15.


Package natbib Warning: Citation `ettinger-etal-2016-probing' on page 7 undefin
ed on input line 23.


Package natbib Warning: Citation `Alain2017UnderstandingIL' on page 7 undefined
 on input line 23.


Package natbib Warning: Citation `adi17probing' on page 7 undefined on input li
ne 23.


Package natbib Warning: Citation `tenney2019probing' on page 7 undefined on inp
ut line 23.


Package natbib Warning: Citation `hewitt-liang-2019-designing' on page 7 undefi
ned on input line 23.


Package natbib Warning: Citation `pimentel-etal-2020-information' on page 7 und
efined on input line 25.


Package natbib Warning: Citation `david16deepchess' on page 7 undefined on inpu
t line 29.


Package natbib Warning: Citation `Oshri2015PredictingMI' on page 7 undefined on
 input line 29.


Package natbib Warning: Citation `silver18general' on page 7 undefined on input
 line 30.


Package natbib Warning: Citation `presser2020chess' on page 7 undefined on inpu
t line 32.


Package natbib Warning: Citation `cheng2020chess' on page 7 undefined on input 
line 32.


Package natbib Warning: Citation `noever2020chess' on page 7 undefined on input
 line 32.

) (conclusion.tex)
No file 0-main_changed.bbl.
[7]

Package natbib Warning: There were undefined citations.

[8

] (0-main_changed.aux)
 ***********
LaTeX2e <2023-06-01> patch level 1
L3 programming layer <2023-08-29>
 ***********


LaTeX Warning: There were undefined references.

 ) 
Here is how much of TeX's memory you used:
 9021 strings out of 475247
 151457 string characters out of 5757792
 1959801 words of memory out of 5000000
 30211 multiletter control sequences out of 15000+600000
 589968 words of font info for 193 fonts, out of 8000000 for 9000
 1141 hyphenation exceptions out of 8191
 57i,14n,65p,1013b,547s stack positions out of 10000i,1000n,20000p,200000b,200000s
<C:/Users/orfuc/AppData/Local/Programs/MiKTeX/fonts/type1/public/amsfonts/cm/
cmmi10.pfb><C:/Users/orfuc/AppData/Local/Programs/MiKTeX/fonts/type1/public/ams
fonts/cm/cmr10.pfb><C:/Users/orfuc/AppData/Local/Programs/MiKTeX/fonts/type1/pu
blic/amsfonts/cm/cmr7.pfb><C:/Users/orfuc/AppData/Local/Programs/MiKTeX/fonts/t
ype1/public/amsfonts/cm/cmsy10.pfb><C:/Users/orfuc/AppData/Local/Programs/MiKTe
X/fonts/type1/public/amsfonts/cm/cmsy7.pfb><C:/Users/orfuc/AppData/Local/Progra
ms/MiKTeX/fonts/type1/public/amsfonts/cm/cmsy9.pfb><C:/Users/orfuc/AppData/Loca
l/Programs/MiKTeX/fonts/type1/urw/courier/ucrr8a.pfb><C:/Users/orfuc/AppData/Lo
cal/Programs/MiKTeX/fonts/type1/urw/times/utmb8a.pfb><C:/Users/orfuc/AppData/Lo
cal/Programs/MiKTeX/fonts/type1/urw/times/utmr8a.pfb><C:/Users/orfuc/AppData/Lo
cal/Programs/MiKTeX/fonts/type1/urw/times/utmri8a.pfb>
Output written on 0-main_changed.pdf (8 pages, 372598 bytes).
PDF statistics:
 94 PDF objects out of 1000 (max. 8388607)
 0 named destinations out of 1000 (max. 500000)
 61973 words of extra memory for PDF output out of 74296 (max. 10000000)

