This is pdfTeX, Version 3.141592653-2.6-1.40.25 (MiKTeX 23.9) (preloaded format=pdflatex 2023.9.22)  20 JAN 2024 14:39
entering extended mode
 restricted \write18 enabled.
 %&-line parsing enabled.
**./main_changed.tex
(main_changed.tex
LaTeX2e <2023-06-01> patch level 1
L3 programming layer <2023-08-29>
(C:\Users\micha\AppData\Local\Programs\MiKTeX\tex/latex/base\article.cls
Document Class: article 2023/05/17 v1.4n Standard LaTeX document class
(C:\Users\micha\AppData\Local\Programs\MiKTeX\tex/latex/base\size10.clo
File: size10.clo 2023/05/17 v1.4n Standard LaTeX file (size option)
)
\c@part=\count185
\c@section=\count186
\c@subsection=\count187
\c@subsubsection=\count188
\c@paragraph=\count189
\c@subparagraph=\count190
\c@figure=\count191
\c@table=\count192
\abovecaptionskip=\skip48
\belowcaptionskip=\skip49
\bibindent=\dimen140
)
(aaai24.sty
Package: aaai24 2023/06/26 AAAI 2024 Submission format

Conference Style for AAAI for LaTeX 2e -- version for submission
\titlebox=\skip50
) (C:\Users\micha\AppData\Local\Programs\MiKTeX\tex/latex/psnfss\times.sty
Package: times 2020/03/25 PSNFSS-v9.3 (SPQR) 
)
(C:\Users\micha\AppData\Local\Programs\MiKTeX\tex/latex/psnfss\helvet.sty
Package: helvet 2020/03/25 PSNFSS-v9.3 (WaS) 

(C:\Users\micha\AppData\Local\Programs\MiKTeX\tex/latex/graphics\keyval.sty
Package: keyval 2022/05/29 v1.15 key=value parser (DPC)
\KV@toks@=\toks17
))
(C:\Users\micha\AppData\Local\Programs\MiKTeX\tex/latex/psnfss\courier.sty
Package: courier 2020/03/25 PSNFSS-v9.3 (WaS) 
)
(C:\Users\micha\AppData\Local\Programs\MiKTeX\tex/latex/url\url.sty
\Urlmuskip=\muskip16
Package: url 2013/09/16  ver 3.4  Verb mode for urls, etc.
)
(C:\Users\micha\AppData\Local\Programs\MiKTeX\tex/latex/graphics\graphicx.sty
Package: graphicx 2021/09/16 v1.2d Enhanced LaTeX Graphics (DPC,SPQR)

(C:\Users\micha\AppData\Local\Programs\MiKTeX\tex/latex/graphics\graphics.sty
Package: graphics 2022/03/10 v1.4e Standard LaTeX Graphics (DPC,SPQR)

(C:\Users\micha\AppData\Local\Programs\MiKTeX\tex/latex/graphics\trig.sty
Package: trig 2021/08/11 v1.11 sin cos tan (DPC)
)
(C:\Users\micha\AppData\Local\Programs\MiKTeX\tex/latex/graphics-cfg\graphics.c
fg
File: graphics.cfg 2016/06/04 v1.11 sample graphics configuration
)
Package graphics Info: Driver file: pdftex.def on input line 107.

(C:\Users\micha\AppData\Local\Programs\MiKTeX\tex/latex/graphics-def\pdftex.def
File: pdftex.def 2022/09/22 v1.2b Graphics/color driver for pdftex
))
\Gin@req@height=\dimen141
\Gin@req@width=\dimen142
) (C:\Users\micha\AppData\Local\Programs\MiKTeX\tex/latex/natbib\natbib.sty
Package: natbib 2010/09/13 8.31b (PWD, AO)
\bibhang=\skip51
\bibsep=\skip52
LaTeX Info: Redefining \cite on input line 694.
\c@NAT@ctr=\count193
)
(C:\Users\micha\AppData\Local\Programs\MiKTeX\tex/latex/caption\caption.sty
Package: caption 2023/07/31 v3.6n Customizing captions (AR)

(C:\Users\micha\AppData\Local\Programs\MiKTeX\tex/latex/caption\caption3.sty
Package: caption3 2023/07/31 v2.4d caption3 kernel (AR)
\caption@tempdima=\dimen143
\captionmargin=\dimen144
\caption@leftmargin=\dimen145
\caption@rightmargin=\dimen146
\caption@width=\dimen147
\caption@indent=\dimen148
\caption@parindent=\dimen149
\caption@hangindent=\dimen150
Package caption Info: Standard document class detected.
)
\c@caption@flags=\count194
\c@continuedfloat=\count195
)
(C:\Users\micha\AppData\Local\Programs\MiKTeX\tex/latex/algorithms\algorithm.st
y
Package: algorithm 2009/08/24 v0.1 Document Style `algorithm' - floating enviro
nment
 (C:\Users\micha\AppData\Local\Programs\MiKTeX\tex/latex/float\float.sty
Package: float 2001/11/08 v1.3d Float enhancements (AL)
\c@float@type=\count196
\float@exts=\toks18
\float@box=\box51
\@float@everytoks=\toks19
\@floatcapt=\box52
)
(C:\Users\micha\AppData\Local\Programs\MiKTeX\tex/latex/base\ifthen.sty
Package: ifthen 2022/04/13 v1.1d Standard LaTeX ifthen package (DPC)
)
\@float@every@algorithm=\toks20
\c@algorithm=\count197
)
(C:\Users\micha\AppData\Local\Programs\MiKTeX\tex/latex/algorithms\algorithmic.
sty
Package: algorithmic 2009/08/24 v0.1 Document Style `algorithmic'
\c@ALC@unique=\count198
\c@ALC@line=\count199
\c@ALC@rem=\count266
\c@ALC@depth=\count267
\ALC@tlm=\skip53
\algorithmicindent=\skip54
)
(C:\Users\micha\AppData\Local\Programs\MiKTeX\tex/latex/multirow\multirow.sty
Package: multirow 2021/03/15 v2.8 Span multiple rows of a table
\multirow@colwidth=\skip55
\multirow@cntb=\count268
\multirow@dima=\skip56
\bigstrutjot=\dimen151
)
(C:\Users\micha\AppData\Local\Programs\MiKTeX\tex/latex/graphics\rotating.sty
Package: rotating 2016/08/11 v2.16d rotated objects in LaTeX
\c@r@tfl@t=\count269
\rotFPtop=\skip57
\rotFPbot=\skip58
\rot@float@box=\box53
\rot@mess@toks=\toks21
)
(C:\Users\micha\AppData\Local\Programs\MiKTeX\tex/latex/amsmath\amsmath.sty
Package: amsmath 2023/05/13 v2.17o AMS math features
\@mathmargin=\skip59

For additional information on amsmath, use the `?' option.
(C:\Users\micha\AppData\Local\Programs\MiKTeX\tex/latex/amsmath\amstext.sty
Package: amstext 2021/08/26 v2.01 AMS text

(C:\Users\micha\AppData\Local\Programs\MiKTeX\tex/latex/amsmath\amsgen.sty
File: amsgen.sty 1999/11/30 v2.0 generic functions
\@emptytoks=\toks22
\ex@=\dimen152
))
(C:\Users\micha\AppData\Local\Programs\MiKTeX\tex/latex/amsmath\amsbsy.sty
Package: amsbsy 1999/11/29 v1.2d Bold Symbols
\pmbraise@=\dimen153
)
(C:\Users\micha\AppData\Local\Programs\MiKTeX\tex/latex/amsmath\amsopn.sty
Package: amsopn 2022/04/08 v2.04 operator names
)
\inf@bad=\count270
LaTeX Info: Redefining \frac on input line 234.
\uproot@=\count271
\leftroot@=\count272
LaTeX Info: Redefining \overline on input line 399.
LaTeX Info: Redefining \colon on input line 410.
\classnum@=\count273
\DOTSCASE@=\count274
LaTeX Info: Redefining \ldots on input line 496.
LaTeX Info: Redefining \dots on input line 499.
LaTeX Info: Redefining \cdots on input line 620.
\Mathstrutbox@=\box54
\strutbox@=\box55
LaTeX Info: Redefining \big on input line 722.
LaTeX Info: Redefining \Big on input line 723.
LaTeX Info: Redefining \bigg on input line 724.
LaTeX Info: Redefining \Bigg on input line 725.
\big@size=\dimen154
LaTeX Font Info:    Redeclaring font encoding OML on input line 743.
LaTeX Font Info:    Redeclaring font encoding OMS on input line 744.
\macc@depth=\count275
LaTeX Info: Redefining \bmod on input line 905.
LaTeX Info: Redefining \pmod on input line 910.
LaTeX Info: Redefining \smash on input line 940.
LaTeX Info: Redefining \relbar on input line 970.
LaTeX Info: Redefining \Relbar on input line 971.
\c@MaxMatrixCols=\count276
\dotsspace@=\muskip17
\c@parentequation=\count277
\dspbrk@lvl=\count278
\tag@help=\toks23
\row@=\count279
\column@=\count280
\maxfields@=\count281
\andhelp@=\toks24
\eqnshift@=\dimen155
\alignsep@=\dimen156
\tagshift@=\dimen157
\tagwidth@=\dimen158
\totwidth@=\dimen159
\lineht@=\dimen160
\@envbody=\toks25
\multlinegap=\skip60
\multlinetaggap=\skip61
\mathdisplay@stack=\toks26
LaTeX Info: Redefining \[ on input line 2953.
LaTeX Info: Redefining \] on input line 2954.
)
(C:\Users\micha\AppData\Local\Programs\MiKTeX\tex/latex/amsfonts\amssymb.sty
Package: amssymb 2013/01/14 v3.01 AMS font symbols

(C:\Users\micha\AppData\Local\Programs\MiKTeX\tex/latex/amsfonts\amsfonts.sty
Package: amsfonts 2013/01/14 v3.01 Basic AMSFonts support
\symAMSa=\mathgroup4
\symAMSb=\mathgroup5
LaTeX Font Info:    Redeclaring math symbol \hbar on input line 98.
LaTeX Font Info:    Overwriting math alphabet `\mathfrak' in version `bold'
(Font)                  U/euf/m/n --> U/euf/b/n on input line 106.
)) (C:\Users\micha\AppData\Local\Programs\MiKTeX\tex/latex/newfloat\newfloat.st
y
Package: newfloat 2023/10/01 v1.2 Defining new floating environments (AR)
Package newfloat Info: `rotating' package detected.
) (C:\Users\micha\AppData\Local\Programs\MiKTeX\tex/latex/listings\listings.sty
\lst@mode=\count282
\lst@gtempboxa=\box56
\lst@token=\toks27
\lst@length=\count283
\lst@currlwidth=\dimen161
\lst@column=\count284
\lst@pos=\count285
\lst@lostspace=\dimen162
\lst@width=\dimen163
\lst@newlines=\count286
\lst@lineno=\count287
\lst@maxwidth=\dimen164

(C:\Users\micha\AppData\Local\Programs\MiKTeX\tex/latex/listings\lstmisc.sty
File: lstmisc.sty 2023/02/27 1.9 (Carsten Heinz)
\c@lstnumber=\count288
\lst@skipnumbers=\count289
\lst@framebox=\box57
)
(C:\Users\micha\AppData\Local\Programs\MiKTeX\tex/latex/listings\listings.cfg
File: listings.cfg 2023/02/27 1.9 listings configuration
))
Package: listings 2023/02/27 1.9 (Carsten Heinz)
\@float@every@listing=\toks28
\c@listing=\count290
(C:\Users\micha\AppData\Local\Programs\MiKTeX\tex/latex/natbib\bibentry.sty
Package: bibentry 2007/10/30 1.5 (PWD)
)
LaTeX Font Info:    Trying to load font information for OT1+ptm on input line 1
73.

(C:\Users\micha\AppData\Local\Programs\MiKTeX\tex/latex/psnfss\ot1ptm.fd
File: ot1ptm.fd 2001/06/04 font definitions for OT1/ptm.
)
(C:\Users\micha\AppData\Local\Programs\MiKTeX\tex/latex/l3backend\l3backend-pdf
tex.def
File: l3backend-pdftex.def 2023-04-19 L3 backend support: PDF output (pdfTeX)
\l__color_backend_stack_int=\count291
\l__pdf_internal_box=\box58
)
No file main_changed.aux.
\openout1 = `main_changed.aux'.

LaTeX Font Info:    Checking defaults for OML/cmm/m/it on input line 173.
LaTeX Font Info:    ... okay on input line 173.
LaTeX Font Info:    Checking defaults for OMS/cmsy/m/n on input line 173.
LaTeX Font Info:    ... okay on input line 173.
LaTeX Font Info:    Checking defaults for OT1/cmr/m/n on input line 173.
LaTeX Font Info:    ... okay on input line 173.
LaTeX Font Info:    Checking defaults for T1/cmr/m/n on input line 173.
LaTeX Font Info:    ... okay on input line 173.
LaTeX Font Info:    Checking defaults for TS1/cmr/m/n on input line 173.
LaTeX Font Info:    ... okay on input line 173.
LaTeX Font Info:    Checking defaults for OMX/cmex/m/n on input line 173.
LaTeX Font Info:    ... okay on input line 173.
LaTeX Font Info:    Checking defaults for U/cmr/m/n on input line 173.
LaTeX Font Info:    ... okay on input line 173.

(C:\Users\micha\AppData\Local\Programs\MiKTeX\tex/context/base/mkii\supp-pdf.mk
ii
[Loading MPS to PDF converter (version 2006.09.02).]
\scratchcounter=\count292
\scratchdimen=\dimen165
\scratchbox=\box59
\nofMPsegments=\count293
\nofMParguments=\count294
\everyMPshowfont=\toks29
\MPscratchCnt=\count295
\MPscratchDim=\dimen166
\MPnumerator=\count296
\makeMPintoPDFobject=\count297
\everyMPtoPDFconversion=\toks30
)
(C:\Users\micha\AppData\Local\Programs\MiKTeX\tex/latex/epstopdf-pkg\epstopdf-b
ase.sty
Package: epstopdf-base 2020-01-24 v2.11 Base part for package epstopdf
Package epstopdf-base Info: Redefining graphics rule for `.eps' on input line 4
85.

(C:\Users\micha\AppData\Local\Programs\MiKTeX\tex/latex/00miktex\epstopdf-sys.c
fg
File: epstopdf-sys.cfg 2021/03/18 v2.0 Configuration of epstopdf for MiKTeX
))
Package caption Info: Begin \AtBeginDocument code.
Package caption Info: float package is loaded.
Package caption Info: listings package is loaded.
Package caption Info: rotating package is loaded.
Package caption Info: End \AtBeginDocument code.
Package newfloat Info: `float' package detected.
\c@lstlisting=\count298
\c@eqfn=\count299
\titlearea=\box60
\actualheight=\skip62
LaTeX Font Info:    Trying to load font information for TS1+ptm on input line 1
75.
 (C:\Users\micha\AppData\Local\Programs\MiKTeX\tex/latex/psnfss\ts1ptm.fd
File: ts1ptm.fd 2001/06/04 font definitions for TS1/ptm.
)
(section-0.abstract.tex
LaTeX Font Info:    Trying to load font information for U+msa on input line 11.


(C:\Users\micha\AppData\Local\Programs\MiKTeX\tex/latex/amsfonts\umsa.fd
File: umsa.fd 2013/01/14 v3.01 AMS symbols A
)
LaTeX Font Info:    Trying to load font information for U+msb on input line 11.


(C:\Users\micha\AppData\Local\Programs\MiKTeX\tex/latex/amsfonts\umsb.fd
File: umsb.fd 2013/01/14 v3.01 AMS symbols B
))
(section-1.introduction.tex

Package natbib Warning: Citation `lightstage' on page 1 undefined on input line
 5.


Package natbib Warning: Citation `mildenhall2020nerf' on page 1 undefined on in
put line 7.


Package natbib Warning: Citation `neuralbody' on page 1 undefined on input line
 8.


Package natbib Warning: Citation `animatablenerf' on page 1 undefined on input 
line 8.


Package natbib Warning: Citation `hnerf' on page 1 undefined on input line 8.


Package natbib Warning: Citation `humannerf' on page 1 undefined on input line 
8.


Package natbib Warning: Citation `selfrecon' on page 1 undefined on input line 
8.


Package natbib Warning: Citation `neuman' on page 1 undefined on input line 8.


Package natbib Warning: Citation `ARAH' on page 1 undefined on input line 8.


Package natbib Warning: Citation `peng2022animatable' on page 1 undefined on in
put line 8.


Package natbib Warning: Citation `monohuman' on page 1 undefined on input line 
8.


Package natbib Warning: Citation `su2023npc' on page 1 undefined on input line 
8.


Package natbib Warning: Citation `NeRFactor' on page 1 undefined on input line 
9.


Package natbib Warning: Citation `NeILF' on page 1 undefined on input line 9.


Package natbib Warning: Citation `NeRD' on page 1 undefined on input line 9.


Package natbib Warning: Citation `NeRV' on page 1 undefined on input line 9.


Package natbib Warning: Citation `Neural-PIL' on page 1 undefined on input line
 9.


Package natbib Warning: Citation `InvRender' on page 1 undefined on input line 
9.


Package natbib Warning: Citation `tensoir' on page 1 undefined on input line 9.



Underfull \hbox (badness 1997) in paragraph at lines 7--12
[]\OT1/ptm/m/n/10 Recently, the emer-gence of Neu-ral Ra-di-ance Fileds
 []


Underfull \hbox (badness 1466) in paragraph at lines 13--23
\OT1/ptm/m/n/10 and an-i-mat-able 3D hu-man avatars from sparse videos
 []

) (section-2.related-work.tex

Package natbib Warning: Citation `mildenhall2020nerf' on page 1 undefined on in
put line 4.


Package natbib Warning: Citation `neuralbody' on page 1 undefined on input line
 5.


Package natbib Warning: Citation `humannerf' on page 1 undefined on input line 
5.


Package natbib Warning: Citation `ARAH' on page 1 undefined on input line 5.


Package natbib Warning: Citation `neuman' on page 1 undefined on input line 5.


Package natbib Warning: Citation `slrf' on page 1 undefined on input line 5.


Package natbib Warning: Citation `ani-nerf' on page 1 undefined on input line 5
.


Package natbib Warning: Citation `animatablenerf' on page 1 undefined on input 
line 5.


Package natbib Warning: Citation `peng2022animatable' on page 1 undefined on in
put line 5.


Package natbib Warning: Citation `selfrecon' on page 1 undefined on input line 
5.


Package natbib Warning: Citation `monohuman' on page 1 undefined on input line 
5.


Package natbib Warning: Citation `pose_deformation' on page 1 undefined on inpu
t line 6.


Package natbib Warning: Citation `ARAH' on page 1 undefined on input line 7.


Package natbib Warning: Citation `tava' on page 1 undefined on input line 7.


Package natbib Warning: Citation `animatablenerf' on page 1 undefined on input 
line 7.


Package natbib Warning: Citation `ani-nerf' on page 1 undefined on input line 7
.


Package natbib Warning: Citation `peng2022animatable' on page 1 undefined on in
put line 7.


Package natbib Warning: Citation `monohuman' on page 1 undefined on input line 
9.


Underfull \vbox (badness 10000) has occurred while \output is active []

 [1{C:/Users/micha/AppData/Local/MiKTeX/fonts/map/pdftex/pdftex.map}{C:/Users/m
icha/AppData/Local/Programs/MiKTeX/fonts/enc/dvips/base/8r.enc}



]

Package natbib Warning: Citation `sun2019single' on page 2 undefined on input l
ine 15.


Package natbib Warning: Citation `wang2020single' on page 2 undefined on input 
line 15.


Package natbib Warning: Citation `zhou2019deep' on page 2 undefined on input li
ne 15.


Package natbib Warning: Citation `kanamori2019relighting' on page 2 undefined o
n input line 15.


Package natbib Warning: Citation `pandey2021total' on page 2 undefined on input
 line 15.


Package natbib Warning: Citation `ji2022geometry' on page 2 undefined on input 
line 15.


Package natbib Warning: Citation `guo2019relightables' on page 2 undefined on i
nput line 16.


Package natbib Warning: Citation `Relighting4D' on page 2 undefined on input li
ne 17.


Package natbib Warning: Citation `rana' on page 2 undefined on input line 19.


Package natbib Warning: Citation `alldieck2018video' on page 2 undefined on inp
ut line 19.


Package natbib Warning: Citation `nice' on page 2 undefined on input line 25.


Package natbib Warning: Citation `real-nvp' on page 2 undefined on input line 2
5.


Package natbib Warning: Citation `i-resnet' on page 2 undefined on input line 2
5.


Package natbib Warning: Citation `neural-ode' on page 2 undefined on input line
 25.


Package natbib Warning: Citation `glow' on page 2 undefined on input line 25.


Package natbib Warning: Citation `normalizingflow' on page 2 undefined on input
 line 26.


Package natbib Warning: Citation `occflow' on page 2 undefined on input line 28
.


Package natbib Warning: Citation `shapeflow' on page 2 undefined on input line 
28.


Package natbib Warning: Citation `neural-part' on page 2 undefined on input lin
e 28.


Package natbib Warning: Citation `cadex' on page 2 undefined on input line 28.


Package natbib Warning: Citation `yang2021geometry' on page 2 undefined on inpu
t line 28.


Package natbib Warning: Citation `ndr' on page 2 undefined on input line 28.


Package natbib Warning: Citation `ins' on page 2 undefined on input line 28.

<./fig/pipeline.png, id=7, 1092.08pt x 468.75125pt>
File: ./fig/pipeline.png Graphic file (type png)
<use ./fig/pipeline.png>
Package pdftex.def Info: ./fig/pipeline.png  used on input line 34.
(pdftex.def)             Requested size: 480.59395pt x 206.28694pt.

LaTeX Warning: Reference `sec:geo_rec' on page 2 undefined on input line 36.


LaTeX Warning: Reference `sec:vis_est' on page 2 undefined on input line 36.


LaTeX Warning: Reference `sec:mat_est' on page 2 undefined on input line 36.


LaTeX Warning: Reference `sec:geo_rec' on page 2 undefined on input line 36.


LaTeX Warning: Reference `sec:vis_est' on page 2 undefined on input line 36.


LaTeX Warning: Reference `sec:mat_est' on page 2 undefined on input line 36.

) (section-3.method.tex

Package natbib Warning: Citation `loper2015smpl' on page 2 undefined on input l
ine 6.


LaTeX Warning: Reference `sec:geo_rec' on page 2 undefined on input line 6.


LaTeX Warning: Reference `fig:pipeline' on page 2 undefined on input line 6.


LaTeX Warning: Reference `sec:vis_est' on page 2 undefined on input line 7.


LaTeX Warning: Reference `fig:pipeline' on page 2 undefined on input line 7.


LaTeX Warning: Reference `sec:mat_est' on page 2 undefined on input line 8.


LaTeX Warning: Reference `fig:pipeline' on page 2 undefined on input line 8.


Package natbib Warning: Citation `pose_deformation' on page 2 undefined on inpu
t line 17.


Package natbib Warning: Citation `loper2015smpl' on page 2 undefined on input l
ine 18.


Underfull \hbox (badness 5622) in paragraph at lines 21--24
\OT1/ptm/m/n/10 where $\OML/cmm/m/it/10 w[]\OT1/cmr/m/n/10 (\OT1/cmr/bx/n/10 x[
]\OT1/cmr/m/n/10 )$ \OT1/ptm/m/n/10 is the skin-ning weights of $\OT1/cmr/bx/n/
10 x[]$\OT1/ptm/m/n/10 , and
 []


Package natbib Warning: Citation `animatablenerf' on page 2 undefined on input 
line 31.


Package natbib Warning: Citation `peng2022animatable' on page 2 undefined on in
put line 31.


Package natbib Warning: Citation `humannerf' on page 2 undefined on input line 
31.

[2]

LaTeX Warning: Reference `fig:pipeline' on page 3 undefined on input line 41.


Underfull \vbox (badness 10000) has occurred while \output is active []



Package natbib Warning: Citation `real-nvp' on page 3 undefined on input line 5
3.


Package amsmath Warning: Bracket group [u, v] at formula start!
(amsmath)                It could be a misspelled positional argument.
(amsmath)                If it belongs to the formula add a \relax in
(amsmath)                front to hide it on input line 66.

[3 <./fig/pipeline.png>]

Package natbib Warning: Citation `volsdf' on page 4 undefined on input line 82.



Package natbib Warning: Citation `eik' on page 4 undefined on input line 91.


Package natbib Warning: Citation `NeRFactor' on page 4 undefined on input line 
105.


Package natbib Warning: Citation `InvRender' on page 4 undefined on input line 
105.


Package natbib Warning: Citation `Relighting4D' on page 4 undefined on input li
ne 105.


Package natbib Warning: Citation `Relighting4D' on page 4 undefined on input li
ne 107.


LaTeX Warning: Reference `fig:pipeline' on page 4 undefined on input line 113.


LaTeX Warning: Reference `fig:pipeline' on page 4 undefined on input line 139.


Package natbib Warning: Citation `disneyBRDF' on page 4 undefined on input line
 140.


Package natbib Warning: Citation `zhuo17' on page 4 undefined on input line 142
.


Package natbib Warning: Citation `li22' on page 4 undefined on input line 142.


Package natbib Warning: Citation `psnerf' on page 4 undefined on input line 142
.


Package natbib Warning: Citation `SG' on page 4 undefined on input line 145.

[4]

Package natbib Warning: Citation `InvRender' on page 5 undefined on input line 
165.


Package natbib Warning: Citation `Relighting4D' on page 5 undefined on input li
ne 208.

<./fig/albedo_rec.jpg, id=29, 1043.9pt x 1095.09125pt>
File: ./fig/albedo_rec.jpg Graphic file (type jpg)
<use ./fig/albedo_rec.jpg>
Package pdftex.def Info: ./fig/albedo_rec.jpg  used on input line 216.
(pdftex.def)             Requested size: 239.39438pt x 251.13046pt.
<./fig/relit_real.jpg, id=30, 865.2325pt x 717.68124pt>
File: ./fig/relit_real.jpg Graphic file (type jpg)
<use ./fig/relit_real.jpg>
Package pdftex.def Info: ./fig/relit_real.jpg  used on input line 224.
(pdftex.def)             Requested size: 239.39438pt x 198.56207pt.
) (section-4.experiments.tex

Package natbib Warning: Citation `Relighting4D' on page 5 undefined on input li
ne 6.


Package natbib Warning: Citation `ARAH' on page 5 undefined on input line 7.


Package natbib Warning: Citation `peng2022animatable' on page 5 undefined on in
put line 7.


Package natbib Warning: Citation `neuralbody' on page 5 undefined on input line
 14.


Package natbib Warning: Citation `h36m' on page 5 undefined on input line 14.


Package natbib Warning: Citation `deepcap' on page 5 undefined on input line 14
.


Package natbib Warning: Citation `alldieck2018video' on page 5 undefined on inp
ut line 14.


Package natbib Warning: Citation `Relighting4D' on page 5 undefined on input li
ne 21.


Package natbib Warning: Citation `peng2022animatable' on page 5 undefined on in
put line 22.


Package natbib Warning: Citation `ARAH' on page 5 undefined on input line 22.

[5 <./fig/albedo_rec.jpg>]

Package natbib Warning: Citation `Relighting4D' on page 6 undefined on input li
ne 25.


LaTeX Warning: Reference `fig:albedo_rec' on page 6 undefined on input line 25.



Package natbib Warning: Citation `ssim' on page 6 undefined on input line 29.


Package natbib Warning: Citation `lpips' on page 6 undefined on input line 29.


LaTeX Warning: Reference `tab:syn' on page 6 undefined on input line 30.


LaTeX Warning: Reference `tab:syn' on page 6 undefined on input line 31.


LaTeX Warning: Reference `fig:relit_real' on page 6 undefined on input line 33.



LaTeX Warning: Reference `tab:geo' on page 6 undefined on input line 39.


LaTeX Warning: Reference `fig:geo_artifact' on page 6 undefined on input line 4
0.


Package natbib Warning: Citation `peng2022animatable' on page 6 undefined on in
put line 41.


Package natbib Warning: Citation `peng2022animatable' on page 6 undefined on in
put line 43.


LaTeX Warning: No positions in optional float specifier.
               Default added (so using `tbp') on input line 47.

[6 <./fig/relit_real.jpg>]

LaTeX Warning: Reference `tab:geo' on page 7 undefined on input line 82.


LaTeX Warning: Reference `fig:geo_artifact' on page 7 undefined on input line 8
3.


LaTeX Warning: Reference `sec:geo_rec' on page 7 undefined on input line 85.


LaTeX Warning: Reference `tab:geo' on page 7 undefined on input line 86.


LaTeX Warning: Reference `tab:syn' on page 7 undefined on input line 90.


LaTeX Warning: Reference `fig:ablation_lvis' on page 7 undefined on input line 
91.

<./fig/geo_artifact.jpg, id=38, 1114.1625pt x 519.9425pt>
File: ./fig/geo_artifact.jpg Graphic file (type jpg)
<use ./fig/geo_artifact.jpg>
Package pdftex.def Info: ./fig/geo_artifact.jpg  used on input line 98.
(pdftex.def)             Requested size: 239.39438pt x 111.71405pt.
<./fig/ablation_lvis.jpg, id=39, 1003.75pt x 794.97pt>
File: ./fig/ablation_lvis.jpg Graphic file (type jpg)
<use ./fig/ablation_lvis.jpg>
Package pdftex.def Info: ./fig/ablation_lvis.jpg  used on input line 106.
(pdftex.def)             Requested size: 239.39438pt x 189.5958pt.
) (section-5.limitations.tex

Package natbib Warning: Citation `instant-ngp' on page 7 undefined on input lin
e 3.


Package natbib Warning: Citation `zheng2023avatarrex' on page 7 undefined on in
put line 5.


Package natbib Warning: Citation `shen2023xavatar' on page 7 undefined on input
 line 5.

) (section-6.conclusion.tex) (section-7.ack.tex) [7 <./fig/geo_artifact.jpg> <.
/fig/ablation_lvis.jpg>]
No file main_changed.bbl.
(section-8.appendix.tex
<./fig/net_geo.png, id=44, 1230.09563pt x 301.62688pt>
File: ./fig/net_geo.png Graphic file (type png)
<use ./fig/net_geo.png>
Package pdftex.def Info: ./fig/net_geo.png  used on input line 13.
(pdftex.def)             Requested size: 354.12144pt x 86.83441pt.
<./fig/net_def.png, id=45, 1165.85562pt x 388.45125pt>
File: ./fig/net_def.png Graphic file (type png)
<use ./fig/net_def.png>
Package pdftex.def Info: ./fig/net_def.png  used on input line 21.
(pdftex.def)             Requested size: 430.00958pt x 143.27423pt.


LaTeX Warning: Reference `fig:geo_net' on page 8 undefined on input line 31.


LaTeX Warning: Reference `fig:geo_net' on page 8 undefined on input line 35.


LaTeX Warning: Reference `fig:def_net' on page 8 undefined on input line 37.


Underfull \hbox (badness 2970) in paragraph at lines 37--40
\OT1/ptm/m/n/10 in-vert-ible dis-place-ment net-work in Fig. [], with the
 []


Package natbib Warning: Citation `Relighting4D' on page 8 undefined on input li
ne 42.


Underfull \hbox (badness 1838) in paragraph at lines 41--43
[]\OT1/ptm/m/n/10 In the light vis-i-bil-ity es-ti-ma-tion mod-ule, each sub-
 []


Package natbib Warning: Citation `idr' on page 8 undefined on input line 50.


Package natbib Warning: Citation `loper2015smpl' on page 8 undefined on input l
ine 57.


Package natbib Warning: Citation `marchingcubes' on page 8 undefined on input l
ine 59.


Package natbib Warning: Citation `aist' on page 8 undefined on input line 61.


Package natbib Warning: Citation `adam' on page 8 undefined on input line 74.


Package natbib Warning: Citation `aist' on page 8 undefined on input line 88.


Package natbib Warning: Citation `peng2022animatable' on page 8 undefined on in
put line 91.


Package natbib Warning: Citation `neuralbody' on page 8 undefined on input line
 91.


Package natbib Warning: Citation `h36m' on page 8 undefined on input line 91.


Package natbib Warning: Citation `deepcap' on page 8 undefined on input line 91
.


Package natbib Warning: Citation `alldieck2018video' on page 8 undefined on inp
ut line 91.

[8


]

Package natbib Warning: Citation `peng2022animatable' on page 9 undefined on in
put line 112.


LaTeX Warning: Reference `fig:corres' on page 9 undefined on input line 118.


LaTeX Warning: Reference `fig:geo_artifact' on page 9 undefined on input line 1
18.

<./fig/corres_zoom_in.jpg, id=49, 3078.50125pt x 918.43124pt>
File: ./fig/corres_zoom_in.jpg Graphic file (type jpg)
<use ./fig/corres_zoom_in.jpg>
Package pdftex.def Info: ./fig/corres_zoom_in.jpg  used on input line 125.
(pdftex.def)             Requested size: 328.82541pt x 98.0988pt.
<./fig/h36m.jpg, id=50, 1169.36874pt x 1547.7825pt>
File: ./fig/h36m.jpg Graphic file (type jpg)
<use ./fig/h36m.jpg>
Package pdftex.def Info: ./fig/h36m.jpg  used on input line 133.
(pdftex.def)             Requested size: 239.39438pt x 316.84874pt.

Package natbib Warning: Citation `h36m' on page 9 undefined on input line 140.


Package natbib Warning: Citation `animatablenerf' on page 9 undefined on input 
line 141.


LaTeX Warning: Reference `tab:non-relit-sp' on page 9 undefined on input line 1
41.


LaTeX Warning: Reference `tab:non-relit-np' on page 9 undefined on input line 1
41.


Package natbib Warning: Citation `su2023npc' on page 9 undefined on input line 
142.


Package natbib Warning: Citation `neuralbody' on page 9 undefined on input line
 143.


Package natbib Warning: Citation `animatablenerf' on page 9 undefined on input 
line 143.


Package natbib Warning: Citation `a-nerf' on page 9 undefined on input line 143
.


Package natbib Warning: Citation `neuralbody' on page 9 undefined on input line
 146.


Package natbib Warning: Citation `animatablenerf' on page 9 undefined on input 
line 146.


LaTeX Warning: Reference `fig:h36m' on page 9 undefined on input line 146.


Underfull \vbox (badness 1502) has occurred while \output is active []

 [9 <./fig/net_geo.png> <./fig/net_def.png>]

Package natbib Warning: Citation `neuralbody' on page 10 undefined on input lin
e 169.


Package natbib Warning: Citation `animatablenerf' on page 10 undefined on input
 line 169.


Package natbib Warning: Citation `a-nerf' on page 10 undefined on input line 16
9.


Package natbib Warning: Citation `ARAH' on page 10 undefined on input line 169.



Package natbib Warning: Citation `danbo' on page 10 undefined on input line 169
.


Package natbib Warning: Citation `tava' on page 10 undefined on input line 169.



Package natbib Warning: Citation `su2023npc' on page 10 undefined on input line
 169.


Package natbib Warning: Citation `neuralbody' on page 10 undefined on input lin
e 194.


Package natbib Warning: Citation `animatablenerf' on page 10 undefined on input
 line 194.


Package natbib Warning: Citation `a-nerf' on page 10 undefined on input line 19
4.


Package natbib Warning: Citation `ARAH' on page 10 undefined on input line 194.



Package natbib Warning: Citation `danbo' on page 10 undefined on input line 194
.


Package natbib Warning: Citation `tava' on page 10 undefined on input line 194.



Package natbib Warning: Citation `su2023npc' on page 10 undefined on input line
 194.

<./fig/deepcap.png, id=56, 1578.39688pt x 707.64375pt>
File: ./fig/deepcap.png Graphic file (type png)
<use ./fig/deepcap.png>
Package pdftex.def Info: ./fig/deepcap.png  used on input line 202.
(pdftex.def)             Requested size: 505.89pt x 226.80695pt.
<./fig/peoplesnap.png, id=57, 1528.71124pt x 770.88pt>
File: ./fig/peoplesnap.png Graphic file (type png)
<use ./fig/peoplesnap.png>
Package pdftex.def Info: ./fig/peoplesnap.png  used on input line 210.
(pdftex.def)             Requested size: 505.89pt x 255.09694pt.
<./fig/single_view.png, id=58, 946.03438pt x 807.015pt>
File: ./fig/single_view.png Graphic file (type png)
<use ./fig/single_view.png>
Package pdftex.def Info: ./fig/single_view.png  used on input line 218.
(pdftex.def)             Requested size: 455.2979pt x 388.38486pt.

Package natbib Warning: Citation `deepcap' on page 10 undefined on input line 2
26.


LaTeX Warning: Reference `fig:deepcap' on page 10 undefined on input line 226.


Package natbib Warning: Citation `alldieck2018video' on page 10 undefined on in
put line 228.


LaTeX Warning: Reference `fig:ps' on page 10 undefined on input line 228.


Package natbib Warning: Citation `neuralbody' on page 10 undefined on input lin
e 229.


LaTeX Warning: Reference `fig:single_view' on page 10 undefined on input line 2
29.

)

Package natbib Warning: There were undefined citations.

[10 <./fig/corres_zoom_in.jpg> <./fig/h36m.jpg>] [11 <./fig/deepcap.png>]
[12 <./fig/peoplesnap.png>] [13 <./fig/single_view.png>] (main_changed.aux)
 ***********
LaTeX2e <2023-06-01> patch level 1
L3 programming layer <2023-08-29>
 ***********


LaTeX Warning: There were undefined references.


LaTeX Warning: Label(s) may have changed. Rerun to get cross-references right.

 ) 
Here is how much of TeX's memory you used:
 6683 strings out of 475247
 108909 string characters out of 5757792
 1943801 words of memory out of 5000000
 28101 multiletter control sequences out of 15000+600000
 581601 words of font info for 85 fonts, out of 8000000 for 9000
 1141 hyphenation exceptions out of 8191
 57i,12n,65p,655b,385s stack positions out of 10000i,1000n,20000p,200000b,200000s
<C:/Users/micha/AppData/Local/Programs/MiKTeX/fonts/type1/public/amsfonts/cm/
cmbx10.pfb><C:/Users/micha/AppData/Local/Programs/MiKTeX/fonts/type1/public/ams
fonts/cm/cmbx7.pfb><C:/Users/micha/AppData/Local/Programs/MiKTeX/fonts/type1/pu
blic/amsfonts/cm/cmex10.pfb><C:/Users/micha/AppData/Local/Programs/MiKTeX/fonts
/type1/public/amsfonts/cm/cmmi10.pfb><C:/Users/micha/AppData/Local/Programs/MiK
TeX/fonts/type1/public/amsfonts/cm/cmmi7.pfb><C:/Users/micha/AppData/Local/Prog
rams/MiKTeX/fonts/type1/public/amsfonts/cm/cmr10.pfb><C:/Users/micha/AppData/Lo
cal/Programs/MiKTeX/fonts/type1/public/amsfonts/cm/cmr7.pfb><C:/Users/micha/App
Data/Local/Programs/MiKTeX/fonts/type1/public/amsfonts/cm/cmsy10.pfb><C:/Users/
micha/AppData/Local/Programs/MiKTeX/fonts/type1/public/amsfonts/cm/cmsy7.pfb><C
:/Users/micha/AppData/Local/Programs/MiKTeX/fonts/type1/public/amsfonts/symbols
/msbm10.pfb><C:/Users/micha/AppData/Local/Programs/MiKTeX/fonts/type1/urw/times
/utmb8a.pfb><C:/Users/micha/AppData/Local/Programs/MiKTeX/fonts/type1/urw/times
/utmr8a.pfb><C:/Users/micha/AppData/Local/Programs/MiKTeX/fonts/type1/urw/times
/utmri8a.pfb>
Output written on main_changed.pdf (13 pages, 10618281 bytes).
PDF statistics:
 130 PDF objects out of 1000 (max. 8388607)
 0 named destinations out of 1000 (max. 500000)
 61 words of extra memory for PDF output out of 10000 (max. 10000000)

