This is pdfTeX, Version 3.141592653-2.6-1.40.25 (MiKTeX 23.9) (preloaded format=pdflatex 2023.9.22)  16 JAN 2024 17:49
entering extended mode
 restricted \write18 enabled.
 %&-line parsing enabled.
**./Formatting-Instructions-LaTeX-2024_changed.tex
(Formatting-Instructions-LaTeX-2024_changed.tex
LaTeX2e <2023-06-01> patch level 1
L3 programming layer <2023-08-29>
(C:\Users\micha\AppData\Local\Programs\MiKTeX\tex/latex/base\article.cls
Document Class: article 2023/05/17 v1.4n Standard LaTeX document class
(C:\Users\micha\AppData\Local\Programs\MiKTeX\tex/latex/base\size10.clo
File: size10.clo 2023/05/17 v1.4n Standard LaTeX file (size option)
)
\c@part=\count185
\c@section=\count186
\c@subsection=\count187
\c@subsubsection=\count188
\c@paragraph=\count189
\c@subparagraph=\count190
\c@figure=\count191
\c@table=\count192
\abovecaptionskip=\skip48
\belowcaptionskip=\skip49
\bibindent=\dimen140
)
(aaai24.sty
Package: aaai24 2023/06/26 AAAI 2024 Submission format

Conference Style for AAAI for LaTeX 2e -- version for submission
\titlebox=\skip50
) (C:\Users\micha\AppData\Local\Programs\MiKTeX\tex/latex/psnfss\times.sty
Package: times 2020/03/25 PSNFSS-v9.3 (SPQR) 
)
(C:\Users\micha\AppData\Local\Programs\MiKTeX\tex/latex/psnfss\helvet.sty
Package: helvet 2020/03/25 PSNFSS-v9.3 (WaS) 

(C:\Users\micha\AppData\Local\Programs\MiKTeX\tex/latex/graphics\keyval.sty
Package: keyval 2022/05/29 v1.15 key=value parser (DPC)
\KV@toks@=\toks17
))
(C:\Users\micha\AppData\Local\Programs\MiKTeX\tex/latex/psnfss\courier.sty
Package: courier 2020/03/25 PSNFSS-v9.3 (WaS) 
)
(C:\Users\micha\AppData\Local\Programs\MiKTeX\tex/latex/url\url.sty
\Urlmuskip=\muskip16
Package: url 2013/09/16  ver 3.4  Verb mode for urls, etc.
)
(C:\Users\micha\AppData\Local\Programs\MiKTeX\tex/latex/graphics\graphicx.sty
Package: graphicx 2021/09/16 v1.2d Enhanced LaTeX Graphics (DPC,SPQR)

(C:\Users\micha\AppData\Local\Programs\MiKTeX\tex/latex/graphics\graphics.sty
Package: graphics 2022/03/10 v1.4e Standard LaTeX Graphics (DPC,SPQR)

(C:\Users\micha\AppData\Local\Programs\MiKTeX\tex/latex/graphics\trig.sty
Package: trig 2021/08/11 v1.11 sin cos tan (DPC)
)
(C:\Users\micha\AppData\Local\Programs\MiKTeX\tex/latex/graphics-cfg\graphics.c
fg
File: graphics.cfg 2016/06/04 v1.11 sample graphics configuration
)
Package graphics Info: Driver file: pdftex.def on input line 107.

(C:\Users\micha\AppData\Local\Programs\MiKTeX\tex/latex/graphics-def\pdftex.def
File: pdftex.def 2022/09/22 v1.2b Graphics/color driver for pdftex
))
\Gin@req@height=\dimen141
\Gin@req@width=\dimen142
) (C:\Users\micha\AppData\Local\Programs\MiKTeX\tex/latex/natbib\natbib.sty
Package: natbib 2010/09/13 8.31b (PWD, AO)
\bibhang=\skip51
\bibsep=\skip52
LaTeX Info: Redefining \cite on input line 694.
\c@NAT@ctr=\count193
)
(C:\Users\micha\AppData\Local\Programs\MiKTeX\tex/latex/caption\caption.sty
Package: caption 2023/07/31 v3.6n Customizing captions (AR)

(C:\Users\micha\AppData\Local\Programs\MiKTeX\tex/latex/caption\caption3.sty
Package: caption3 2023/07/31 v2.4d caption3 kernel (AR)
\caption@tempdima=\dimen143
\captionmargin=\dimen144
\caption@leftmargin=\dimen145
\caption@rightmargin=\dimen146
\caption@width=\dimen147
\caption@indent=\dimen148
\caption@parindent=\dimen149
\caption@hangindent=\dimen150
Package caption Info: Standard document class detected.
)
\c@caption@flags=\count194
\c@continuedfloat=\count195
)
(C:\Users\micha\AppData\Local\Programs\MiKTeX\tex/latex/algorithms\algorithm.st
y
Package: algorithm 2009/08/24 v0.1 Document Style `algorithm' - floating enviro
nment
 (C:\Users\micha\AppData\Local\Programs\MiKTeX\tex/latex/float\float.sty
Package: float 2001/11/08 v1.3d Float enhancements (AL)
\c@float@type=\count196
\float@exts=\toks18
\float@box=\box51
\@float@everytoks=\toks19
\@floatcapt=\box52
)
(C:\Users\micha\AppData\Local\Programs\MiKTeX\tex/latex/base\ifthen.sty
Package: ifthen 2022/04/13 v1.1d Standard LaTeX ifthen package (DPC)
)
\@float@every@algorithm=\toks20
\c@algorithm=\count197
)
(C:\Users\micha\AppData\Local\Programs\MiKTeX\tex/latex/algorithms\algorithmic.
sty
Package: algorithmic 2009/08/24 v0.1 Document Style `algorithmic'
\c@ALC@unique=\count198
\c@ALC@line=\count199
\c@ALC@rem=\count266
\c@ALC@depth=\count267
\ALC@tlm=\skip53
\algorithmicindent=\skip54
)
(C:\Users\micha\AppData\Local\Programs\MiKTeX\tex/latex/newfloat\newfloat.sty
Package: newfloat 2023/10/01 v1.2 Defining new floating environments (AR)
)
(C:\Users\micha\AppData\Local\Programs\MiKTeX\tex/latex/listings\listings.sty
\lst@mode=\count268
\lst@gtempboxa=\box53
\lst@token=\toks21
\lst@length=\count269
\lst@currlwidth=\dimen151
\lst@column=\count270
\lst@pos=\count271
\lst@lostspace=\dimen152
\lst@width=\dimen153
\lst@newlines=\count272
\lst@lineno=\count273
\lst@maxwidth=\dimen154

(C:\Users\micha\AppData\Local\Programs\MiKTeX\tex/latex/listings\lstmisc.sty
File: lstmisc.sty 2023/02/27 1.9 (Carsten Heinz)
\c@lstnumber=\count274
\lst@skipnumbers=\count275
\lst@framebox=\box54
)
(C:\Users\micha\AppData\Local\Programs\MiKTeX\tex/latex/listings\listings.cfg
File: listings.cfg 2023/02/27 1.9 listings configuration
))
Package: listings 2023/02/27 1.9 (Carsten Heinz)
(C:\Users\micha\AppData\Local\Programs\MiKTeX\tex/latex/amsfonts\amsfonts.sty
Package: amsfonts 2013/01/14 v3.01 Basic AMSFonts support
\@emptytoks=\toks22
\symAMSa=\mathgroup4
\symAMSb=\mathgroup5
LaTeX Font Info:    Redeclaring math symbol \hbar on input line 98.
LaTeX Font Info:    Overwriting math alphabet `\mathfrak' in version `bold'
(Font)                  U/euf/m/n --> U/euf/b/n on input line 106.
)
(C:\Users\micha\AppData\Local\Programs\MiKTeX\tex/latex/multirow\multirow.sty
Package: multirow 2021/03/15 v2.8 Span multiple rows of a table
\multirow@colwidth=\skip55
\multirow@cntb=\count276
\multirow@dima=\skip56
\bigstrutjot=\dimen155
)
(C:\Users\micha\AppData\Local\Programs\MiKTeX\tex/latex/caption\subcaption.sty
Package: subcaption 2023/07/28 v1.6b Sub-captions (AR)
Package caption Info: New subtype `subfigure' on input line 238.
\c@subfigure=\count277
Package caption Info: New subtype `subtable' on input line 238.
\c@subtable=\count278
)
(C:\Users\micha\AppData\Local\Programs\MiKTeX\tex/latex/fontawesome\fontawesome
.sty
Package: fontawesome 2016/05/15 v4.6.3.1 font awesome icons

(C:\Users\micha\AppData\Local\Programs\MiKTeX\tex/generic/iftex\ifxetex.sty
Package: ifxetex 2019/10/25 v0.7 ifxetex legacy package. Use iftex instead.

(C:\Users\micha\AppData\Local\Programs\MiKTeX\tex/generic/iftex\iftex.sty
Package: iftex 2022/02/03 v1.0f TeX engine tests
))
(C:\Users\micha\AppData\Local\Programs\MiKTeX\tex/generic/iftex\ifluatex.sty
Package: ifluatex 2019/10/25 v1.5 ifluatex legacy package. Use iftex instead.
)
(C:\Users\micha\AppData\Local\Programs\MiKTeX\tex/latex/fontawesome\fontawesome
symbols-generic.tex)
(C:\Users\micha\AppData\Local\Programs\MiKTeX\tex/latex/fontawesome\fontawesome
symbols-pdftex.tex))
(C:\Users\micha\AppData\Local\Programs\MiKTeX\tex/latex/amscls\amsthm.sty
Package: amsthm 2020/05/29 v2.20.6
\thm@style=\toks23
\thm@bodyfont=\toks24
\thm@headfont=\toks25
\thm@notefont=\toks26
\thm@headpunct=\toks27
\thm@preskip=\skip57
\thm@postskip=\skip58
\thm@headsep=\skip59
\dth@everypar=\toks28
)
(C:\Users\micha\AppData\Local\Programs\MiKTeX\tex/latex/tools\verbatim.sty
Package: verbatim 2022-07-02 v1.5u LaTeX2e package for verbatim enhancements
\every@verbatim=\toks29
\verbatim@line=\toks30
\verbatim@in@stream=\read2
)
\@float@every@listing=\toks31
\c@listing=\count279

(C:\Users\micha\AppData\Local\Programs\MiKTeX\tex/latex/natbib\bibentry.sty
Package: bibentry 2007/10/30 1.5 (PWD)
)
LaTeX Font Info:    Trying to load font information for OT1+ptm on input line 1
55.

(C:\Users\micha\AppData\Local\Programs\MiKTeX\tex/latex/psnfss\ot1ptm.fd
File: ot1ptm.fd 2001/06/04 font definitions for OT1/ptm.
)
(C:\Users\micha\AppData\Local\Programs\MiKTeX\tex/latex/l3backend\l3backend-pdf
tex.def
File: l3backend-pdftex.def 2023-04-19 L3 backend support: PDF output (pdfTeX)
\l__color_backend_stack_int=\count280
\l__pdf_internal_box=\box55
) (Formatting-Instructions-LaTeX-2024_changed.aux)
\openout1 = `Formatting-Instructions-LaTeX-2024_changed.aux'.

LaTeX Font Info:    Checking defaults for OML/cmm/m/it on input line 155.
LaTeX Font Info:    ... okay on input line 155.
LaTeX Font Info:    Checking defaults for OMS/cmsy/m/n on input line 155.
LaTeX Font Info:    ... okay on input line 155.
LaTeX Font Info:    Checking defaults for OT1/cmr/m/n on input line 155.
LaTeX Font Info:    ... okay on input line 155.
LaTeX Font Info:    Checking defaults for T1/cmr/m/n on input line 155.
LaTeX Font Info:    ... okay on input line 155.
LaTeX Font Info:    Checking defaults for TS1/cmr/m/n on input line 155.
LaTeX Font Info:    ... okay on input line 155.
LaTeX Font Info:    Checking defaults for OMX/cmex/m/n on input line 155.
LaTeX Font Info:    ... okay on input line 155.
LaTeX Font Info:    Checking defaults for U/cmr/m/n on input line 155.
LaTeX Font Info:    ... okay on input line 155.

(C:\Users\micha\AppData\Local\Programs\MiKTeX\tex/context/base/mkii\supp-pdf.mk
ii
[Loading MPS to PDF converter (version 2006.09.02).]
\scratchcounter=\count281
\scratchdimen=\dimen156
\scratchbox=\box56
\nofMPsegments=\count282
\nofMParguments=\count283
\everyMPshowfont=\toks32
\MPscratchCnt=\count284
\MPscratchDim=\dimen157
\MPnumerator=\count285
\makeMPintoPDFobject=\count286
\everyMPtoPDFconversion=\toks33
)
(C:\Users\micha\AppData\Local\Programs\MiKTeX\tex/latex/epstopdf-pkg\epstopdf-b
ase.sty
Package: epstopdf-base 2020-01-24 v2.11 Base part for package epstopdf
Package epstopdf-base Info: Redefining graphics rule for `.eps' on input line 4
85.

(C:\Users\micha\AppData\Local\Programs\MiKTeX\tex/latex/00miktex\epstopdf-sys.c
fg
File: epstopdf-sys.cfg 2021/03/18 v2.0 Configuration of epstopdf for MiKTeX
))
Package caption Info: Begin \AtBeginDocument code.
Package caption Info: float package is loaded.
Package caption Info: listings package is loaded.
Package caption Info: End \AtBeginDocument code.
Package newfloat Info: `float' package detected.
\c@lstlisting=\count287
\c@eqfn=\count288
\titlearea=\box57
LaTeX Font Info:    Trying to load font information for U+msa on input line 157
.
 (C:\Users\micha\AppData\Local\Programs\MiKTeX\tex/latex/amsfonts\umsa.fd
File: umsa.fd 2013/01/14 v3.01 AMS symbols A
)
LaTeX Font Info:    Trying to load font information for U+msb on input line 157
.

(C:\Users\micha\AppData\Local\Programs\MiKTeX\tex/latex/amsfonts\umsb.fd
File: umsb.fd 2013/01/14 v3.01 AMS symbols B
)
LaTeX Font Info:    Trying to load font information for OMS+ptm on input line 1
57.

(C:\Users\micha\AppData\Local\Programs\MiKTeX\tex/latex/psnfss\omsptm.fd
File: omsptm.fd 
)
LaTeX Font Info:    Font shape `OMS/ptm/m/n' in size <10> not available
(Font)              Font shape `OMS/cmsy/m/n' tried instead on input line 157.
\actualheight=\skip60
LaTeX Font Info:    Trying to load font information for TS1+ptm on input line 1
57.

(C:\Users\micha\AppData\Local\Programs\MiKTeX\tex/latex/psnfss\ts1ptm.fd
File: ts1ptm.fd 2001/06/04 font definitions for TS1/ptm.
)

Package natbib Warning: Citation `Ben-DavidRR20' on page 1 undefined on input l
ine 164.


Package natbib Warning: Citation `ZiserR18' on page 1 undefined on input line 1
66.


Package natbib Warning: Citation `ZhangHPJ18' on page 1 undefined on input line
 166.


Package natbib Warning: Citation `Ben-DavidRR20' on page 1 undefined on input l
ine 166.


Package natbib Warning: Citation `ZhouTWWXH20' on page 1 undefined on input lin
e 166.


Package natbib Warning: Citation `WuS22' on page 1 undefined on input line 166.



Package natbib Warning: Citation `YeTHLNB20' on page 1 undefined on input line 
166.


Package natbib Warning: Citation `LuoGL022' on page 1 undefined on input line 1
66.


Package natbib Warning: Citation `KarouzosPP21' on page 1 undefined on input li
ne 166.


Package natbib Warning: Citation `MoonMLLS21' on page 1 undefined on input line
 168.


Package natbib Warning: Citation `GeirhosJMZBBW20' on page 1 undefined on input
 line 168.


Package natbib Warning: Citation `Yunlong2023' on page 1 undefined on input lin
e 168.


Package natbib Warning: Citation `HuangZCWY21' on page 1 undefined on input lin
e 170.


Package natbib Warning: Citation `BaoZHLMVDC19' on page 1 undefined on input li
ne 170.

[1{C:/Users/micha/AppData/Local/MiKTeX/fonts/map/pdftex/pdftex.map}{C:/Users/mi
cha/AppData/Local/Programs/MiKTeX/fonts/enc/dvips/base/8r.enc}



]

Package natbib Warning: Citation `BlitzerDP07' on page 2 undefined on input lin
e 181.


Package natbib Warning: Citation `YuJ16' on page 2 undefined on input line 181.



Package natbib Warning: Citation `RamponiP20' on page 2 undefined on input line
 181.


Package natbib Warning: Citation `LiWZY18' on page 2 undefined on input line 18
1.


Package natbib Warning: Citation `ZiserR18' on page 2 undefined on input line 1
81.


Package natbib Warning: Citation `ZhangHPJ18' on page 2 undefined on input line
 181.


Package natbib Warning: Citation `Ben-DavidRR20' on page 2 undefined on input l
ine 181.


Package natbib Warning: Citation `GaninUAGLLML16' on page 2 undefined on input 
line 181.


Package natbib Warning: Citation `QuZC0Z19' on page 2 undefined on input line 1
81.


Package natbib Warning: Citation `WuS22' on page 2 undefined on input line 181.



Package natbib Warning: Citation `ZhouTWWXH20' on page 2 undefined on input lin
e 181.


Package natbib Warning: Citation `LiWJZ22' on page 2 undefined on input line 18
1.


Package natbib Warning: Citation `YeTHLNB20' on page 2 undefined on input line 
181.


Package natbib Warning: Citation `LuoGL022' on page 2 undefined on input line 1
81.


Package natbib Warning: Citation `DuSWQL20' on page 2 undefined on input line 1
81.


Package natbib Warning: Citation `KarouzosPP21' on page 2 undefined on input li
ne 181.


Package natbib Warning: Citation `ChenCDHSSA16' on page 2 undefined on input li
ne 186.


Package natbib Warning: Citation `JohnMBV19' on page 2 undefined on input line 
186.


Package natbib Warning: Citation `BaoZHLMVDC19' on page 2 undefined on input li
ne 186.


Package natbib Warning: Citation `PergolaGH21' on page 2 undefined on input lin
e 186.


Package natbib Warning: Citation `ColomboSNP22' on page 2 undefined on input li
ne 186.


Package natbib Warning: Citation `KingmaW13' on page 2 undefined on input line 
186.


Package natbib Warning: Citation `JohnMBV19' on page 2 undefined on input line 
186.


Package natbib Warning: Citation `HuangZCWY21' on page 2 undefined on input lin
e 186.



pdfTeX warning: pdflatex.exe (file ./model.pdf): PDF inclusion: found PDF versi
on <1.7>, but at most version <1.5> allowed
<model.pdf, id=8, 702.28676pt x 342.89005pt>
File: model.pdf Graphic file (type pdf)
<use model.pdf>
Package pdftex.def Info: model.pdf  used on input line 193.
(pdftex.def)             Requested size: 359.09157pt x 175.32155pt.
LaTeX Font Info:    Trying to load font information for U+fontawesometwo on inp
ut line 194.

(C:\Users\micha\AppData\Local\Programs\MiKTeX\tex/latex/fontawesome\ufontawesom
etwo.fd
File: ufontawesometwo.fd 2016/05/22 Font definitions for U/fontawesometwo.
)

Package natbib Warning: Citation `WuS22' on page 2 undefined on input line 199.



Package natbib Warning: Citation `BaoZHLMVDC19' on page 2 undefined on input li
ne 202.


Package natbib Warning: Citation `JohnMBV19' on page 2 undefined on input line 
202.


Package natbib Warning: Citation `KingmaW13' on page 2 undefined on input line 
202.

[2]

Package natbib Warning: Citation `kawata1949characterisation' on page 3 undefin
ed on input line 212.


Package natbib Warning: Citation `Fotopoulos07' on page 3 undefined on input li
ne 212.


Package natbib Warning: Citation `JohnMBV19' on page 3 undefined on input line 
212.


Package natbib Warning: Citation `JohnMBV19' on page 3 undefined on input line 
221.


Package natbib Warning: Citation `HuangZCWY21' on page 3 undefined on input lin
e 221.


Package natbib Warning: Citation `UtamaMG20' on page 3 undefined on input line 
221.


Package natbib Warning: Citation `UtamaMG20b' on page 3 undefined on input line
 221.


Package natbib Warning: Citation `LaiZFHZ21' on page 3 undefined on input line 
223.


Package natbib Warning: Citation `DuMJDDGSH21' on page 3 undefined on input lin
e 223.


Package natbib Warning: Citation `Yixuan2022' on page 3 undefined on input line
 228.


Underfull \vbox (badness 5592) has occurred while \output is active []

 [3{C:/Users/micha/AppData/Local/Programs/MiKTeX/fonts/enc/dvips/fontawesome/fo
ntawesometwo.enc} <./model.pdf>]

Package natbib Warning: Citation `BlitzerDP07' on page 4 undefined on input lin
e 252.


Package natbib Warning: Citation `Ben-DavidRR20' on page 4 undefined on input l
ine 252.


Package natbib Warning: Citation `WuS22' on page 4 undefined on input line 252.



Package natbib Warning: Citation `ZiserR18' on page 4 undefined on input line 2
52.


Package natbib Warning: Citation `DuSWQL20' on page 4 undefined on input line 2
57.


Package natbib Warning: Citation `Ben-DavidRR20' on page 4 undefined on input l
ine 258.


Package natbib Warning: Citation `YeTHLNB20' on page 4 undefined on input line 
259.


Underfull \hbox (badness 7907) in paragraph at lines 259--260
[]\OT1/ptm/b/n/10 CFd \OT1/ptm/m/n/10 (\OT1/ptm/b/n/10 ?\OT1/ptm/m/n/10 ). It i
n-tro-duces class-aware fea-ture self-
 []


Package natbib Warning: Citation `KarouzosPP21' on page 4 undefined on input li
ne 260.


Package natbib Warning: Citation `LuoGL022' on page 4 undefined on input line 2
61.


Package natbib Warning: Citation `WuS22' on page 4 undefined on input line 262.



Package natbib Warning: Citation `DevlinCLT19' on page 4 undefined on input lin
e 264.


Package natbib Warning: Citation `RoBERTa' on page 4 undefined on input line 26
4.


Package natbib Warning: Citation `KarouzosPP21' on page 4 undefined on input li
ne 266.


Package natbib Warning: Citation `WuS22' on page 4 undefined on input line 266.



Package natbib Warning: Citation `DistilBERT' on page 4 undefined on input line
 269.


Package natbib Warning: Citation `LoshchilovH19' on page 4 undefined on input l
ine 269.

[4]
LaTeX Info: Symbol \textrightarrow not provided by
            font family ptm in TS1 encoding.
            Default family used instead on input line 279.
LaTeX Info: Symbol \textrightarrow not provided by
            font family ptm in TS1 encoding.
            Default family used instead on input line 281.
LaTeX Info: Symbol \textrightarrow not provided by
            font family ptm in TS1 encoding.
            Default family used instead on input line 282.
LaTeX Info: Symbol \textrightarrow not provided by
            font family ptm in TS1 encoding.
            Default family used instead on input line 283.
LaTeX Info: Symbol \textrightarrow not provided by
            font family ptm in TS1 encoding.
            Default family used instead on input line 284.
LaTeX Info: Symbol \textrightarrow not provided by
            font family ptm in TS1 encoding.
            Default family used instead on input line 285.
LaTeX Info: Symbol \textrightarrow not provided by
            font family ptm in TS1 encoding.
            Default family used instead on input line 286.
LaTeX Info: Symbol \textrightarrow not provided by
            font family ptm in TS1 encoding.
            Default family used instead on input line 287.
LaTeX Info: Symbol \textrightarrow not provided by
            font family ptm in TS1 encoding.
            Default family used instead on input line 288.
LaTeX Info: Symbol \textrightarrow not provided by
            font family ptm in TS1 encoding.
            Default family used instead on input line 289.
LaTeX Info: Symbol \textrightarrow not provided by
            font family ptm in TS1 encoding.
            Default family used instead on input line 290.
LaTeX Info: Symbol \textrightarrow not provided by
            font family ptm in TS1 encoding.
            Default family used instead on input line 291.
LaTeX Info: Symbol \textrightarrow not provided by
            font family ptm in TS1 encoding.
            Default family used instead on input line 292.
LaTeX Info: Symbol \textrightarrow not provided by
            font family ptm in TS1 encoding.
            Default family used instead on input line 305.
LaTeX Info: Symbol \textrightarrow not provided by
            font family ptm in TS1 encoding.
            Default family used instead on input line 306.
LaTeX Info: Symbol \textrightarrow not provided by
            font family ptm in TS1 encoding.
            Default family used instead on input line 307.
LaTeX Info: Symbol \textrightarrow not provided by
            font family ptm in TS1 encoding.
            Default family used instead on input line 308.
LaTeX Info: Symbol \textrightarrow not provided by
            font family ptm in TS1 encoding.
            Default family used instead on input line 309.


pdfTeX warning: pdflatex.exe (file ./multi.pdf): PDF inclusion: found PDF versi
on <1.6>, but at most version <1.5> allowed
<multi.pdf, id=69, 553.0181pt x 333.9085pt>
File: multi.pdf Graphic file (type pdf)
<use multi.pdf>
Package pdftex.def Info: multi.pdf  used on input line 324.
(pdftex.def)             Requested size: 215.45348pt x 130.08621pt.


pdfTeX warning: pdflatex.exe (file ./loss.pdf): PDF inclusion: found PDF versio
n <1.6>, but at most version <1.5> allowed
<loss.pdf, id=70, 869.3038pt x 842.45203pt>
File: loss.pdf Graphic file (type pdf)
<use loss.pdf>
Package pdftex.def Info: loss.pdf  used on input line 334.
(pdftex.def)             Requested size: 237.00174pt x 229.6761pt.


pdfTeX warning: pdflatex.exe (file ./abl.pdf): PDF inclusion: found PDF version
 <1.6>, but at most version <1.5> allowed
<abl.pdf, id=71, 866.36049pt x 322.36635pt>
File: abl.pdf Graphic file (type pdf)
<use abl.pdf>
Package pdftex.def Info: abl.pdf  used on input line 341.
(pdftex.def)             Requested size: 406.96971pt x 151.42857pt.

Package natbib Warning: Citation `WuS22' on page 5 undefined on input line 347.


[5 <./multi.pdf>]
<vis-tacit.png, id=93, 642.4pt x 481.8pt>
File: vis-tacit.png Graphic file (type png)
<use vis-tacit.png>
Package pdftex.def Info: vis-tacit.png  used on input line 370.
(pdftex.def)             Requested size: 110.12302pt x 82.58861pt.
<vis-distil.png, id=94, 642.4pt x 481.8pt>
File: vis-distil.png Graphic file (type png)
<use vis-distil.png>
Package pdftex.def Info: vis-distil.png  used on input line 375.
(pdftex.def)             Requested size: 110.12302pt x 82.58861pt.
<vis-vae.png, id=95, 642.4pt x 481.8pt>
File: vis-vae.png Graphic file (type png)
<use vis-vae.png>
Package pdftex.def Info: vis-vae.png  used on input line 381.
(pdftex.def)             Requested size: 110.12302pt x 82.58861pt.


Package natbib Warning: Citation `vandermaaten08a' on page 6 undefined on input
 line 389.


Underfull \vbox (badness 10000) has occurred while \output is active []

 [6 <./loss.pdf>]
Underfull \vbox (badness 10000) has occurred while \output is active []

 [7 <./abl.pdf> <./vis-tacit.png (PNG copy)> <./vis-distil.png (PNG copy)> <./v
is-vae.png (PNG copy)>]
Underfull \hbox (badness 1082) in paragraph at lines 399--400
\OT1/ptm/m/n/10 This work was sup-ported by Na-tional Nat-u-ral Sci-ence
 []


Underfull \hbox (badness 1052) in paragraph at lines 399--400
\OT1/ptm/m/n/10 vel-op-ing The-ory on Innovation-Driven En-trepreneur-ship
 []


Underfull \hbox (badness 2134) in paragraph at lines 399--400
\OT1/ptm/m/n/10 in the Dig-i-tal Econ-omy" (Grant No. 72091315). The
 []


Underfull \hbox (badness 1292) in paragraph at lines 401--401
[]\OT1/ptm/m/n/10 Commodi qui ra-tione quos quam sunt op-tio tem-po-
 []


Underfull \hbox (badness 1521) in paragraph at lines 401--401
\OT1/ptm/m/n/10 tates ex-pe-dita delec-tus harum esse vel neque iure re-
 []


Underfull \vbox (badness 10000) has occurred while \output is active []

 [8

]
Underfull \vbox (badness 10000) has occurred while \output is active []


Underfull \vbox (badness 10000) has occurred while \output is active []

 [9]
Underfull \vbox (badness 10000) has occurred while \output is active []


Underfull \vbox (badness 10000) has occurred while \output is active []

 [10]
Underfull \vbox (badness 10000) has occurred while \output is active []


Underfull \vbox (badness 10000) has occurred while \output is active []

 [11]
[12

]
No file Formatting-Instructions-LaTeX-2024_changed.bbl.
\c@theorem=\count289

Underfull \hbox (badness 4229) in paragraph at lines 411--412
\OT1/ptm/b/n/10 Theorem 1. \OT1/ptm/m/it/10 Sup-pose a set of in-de-pen-dent sa
m-ples
 []


LaTeX Font Warning: Command \small invalid in math mode on input line 415.

LaTeX Font Info:    Calculating math sizes for size <> on input line 423.

LaTeX Font Warning: Font shape `OT1/cmr/m/n' in size <> not available
(Font)              size <5> substituted on input line 423.


LaTeX Font Warning: Font shape `OT1/cmr/m/n' in size <0.7> not available
(Font)              size <5> substituted on input line 423.


LaTeX Font Warning: Font shape `OT1/cmr/m/n' in size <0.5> not available
(Font)              size <5> substituted on input line 423.


LaTeX Font Warning: Font shape `OML/cmm/m/it' in size <> not available
(Font)              size <5> substituted on input line 423.


LaTeX Font Warning: Font shape `OML/cmm/m/it' in size <0.7> not available
(Font)              size <5> substituted on input line 423.


LaTeX Font Warning: Font shape `OML/cmm/m/it' in size <0.5> not available
(Font)              size <5> substituted on input line 423.


LaTeX Font Warning: Font shape `OMS/cmsy/m/n' in size <> not available
(Font)              size <5> substituted on input line 423.


LaTeX Font Warning: Font shape `OMS/cmsy/m/n' in size <0.7> not available
(Font)              size <5> substituted on input line 423.


LaTeX Font Warning: Font shape `OMS/cmsy/m/n' in size <0.5> not available
(Font)              size <5> substituted on input line 423.


Package natbib Warning: Citation `HeLGC21' on page 13 undefined on input line 4
59.


Package natbib Warning: Citation `OPT' on page 13 undefined on input line 459.

LaTeX Info: Symbol \textrightarrow not provided by
            font family ptm in TS1 encoding.
            Default family used instead on input line 467.
LaTeX Info: Symbol \textrightarrow not provided by
            font family ptm in TS1 encoding.
            Default family used instead on input line 468.
LaTeX Info: Symbol \textrightarrow not provided by
            font family ptm in TS1 encoding.
            Default family used instead on input line 469.
LaTeX Info: Symbol \textrightarrow not provided by
            font family ptm in TS1 encoding.
            Default family used instead on input line 470.
LaTeX Info: Symbol \textrightarrow not provided by
            font family ptm in TS1 encoding.
            Default family used instead on input line 471.
LaTeX Info: Symbol \textrightarrow not provided by
            font family ptm in TS1 encoding.
            Default family used instead on input line 472.
LaTeX Info: Symbol \textrightarrow not provided by
            font family ptm in TS1 encoding.
            Default family used instead on input line 473.
LaTeX Info: Symbol \textrightarrow not provided by
            font family ptm in TS1 encoding.
            Default family used instead on input line 474.
LaTeX Info: Symbol \textrightarrow not provided by
            font family ptm in TS1 encoding.
            Default family used instead on input line 475.
LaTeX Info: Symbol \textrightarrow not provided by
            font family ptm in TS1 encoding.
            Default family used instead on input line 476.
LaTeX Info: Symbol \textrightarrow not provided by
            font family ptm in TS1 encoding.
            Default family used instead on input line 477.
LaTeX Info: Symbol \textrightarrow not provided by
            font family ptm in TS1 encoding.
            Default family used instead on input line 478.

Underfull \hbox (badness 10000) in paragraph at lines 487--487
[][]\OT1/ptm/m/n/9 www.kaggle.com/datasets/saurabhshahane/twitter-sentiment-
 []

[13


]
LaTeX Info: Symbol \textrightarrow not provided by
            font family ptm in TS1 encoding.
            Default family used instead on input line 496.
LaTeX Info: Symbol \textrightarrow not provided by
            font family ptm in TS1 encoding.
            Default family used instead on input line 497.
LaTeX Info: Symbol \textrightarrow not provided by
            font family ptm in TS1 encoding.
            Default family used instead on input line 498.
LaTeX Info: Symbol \textrightarrow not provided by
            font family ptm in TS1 encoding.
            Default family used instead on input line 499.
LaTeX Info: Symbol \textrightarrow not provided by
            font family ptm in TS1 encoding.
            Default family used instead on input line 500.
LaTeX Info: Symbol \textrightarrow not provided by
            font family ptm in TS1 encoding.
            Default family used instead on input line 501.
LaTeX Info: Symbol \textrightarrow not provided by
            font family ptm in TS1 encoding.
            Default family used instead on input line 503.
LaTeX Info: Symbol \textrightarrow not provided by
            font family ptm in TS1 encoding.
            Default family used instead on input line 504.

Overfull \hbox (3.88483pt too wide) in paragraph at lines 493--507
 [][] 
 []


Package natbib Warning: There were undefined citations.

[14

] (Formatting-Instructions-LaTeX-2024_changed.aux)
 ***********
LaTeX2e <2023-06-01> patch level 1
L3 programming layer <2023-08-29>
 ***********


LaTeX Font Warning: Size substitutions with differences
(Font)              up to 4.5pt have occurred.

 ) 
Here is how much of TeX's memory you used:
 7360 strings out of 475247
 119931 string characters out of 5757792
 1975801 words of memory out of 5000000
 28785 multiletter control sequences out of 15000+600000
 589579 words of font info for 109 fonts, out of 8000000 for 9000
 1141 hyphenation exceptions out of 8191
 57i,10n,65p,29656b,467s stack positions out of 10000i,1000n,20000p,200000b,200000s
 <C:\Users\micha\AppData\Local\MiKTeX\fonts/pk/ljfour/jknappen/ec/dpi600\tcrm
1000.pk><C:/Users/micha/AppData/Local/Programs/MiKTeX/fonts/type1/public/fontaw
esome/FontAwesome.pfb><C:/Users/micha/AppData/Local/Programs/MiKTeX/fonts/type1
/public/amsfonts/cm/cmex10.pfb><C:/Users/micha/AppData/Local/Programs/MiKTeX/fo
nts/type1/public/amsfonts/cmextra/cmex7.pfb><C:/Users/micha/AppData/Local/Progr
ams/MiKTeX/fonts/type1/public/amsfonts/cmextra/cmex9.pfb><C:/Users/micha/AppDat
a/Local/Programs/MiKTeX/fonts/type1/public/amsfonts/cm/cmmi10.pfb><C:/Users/mic
ha/AppData/Local/Programs/MiKTeX/fonts/type1/public/amsfonts/cm/cmmi5.pfb><C:/U
sers/micha/AppData/Local/Programs/MiKTeX/fonts/type1/public/amsfonts/cm/cmmi6.p
fb><C:/Users/micha/AppData/Local/Programs/MiKTeX/fonts/type1/public/amsfonts/cm
/cmmi7.pfb><C:/Users/micha/AppData/Local/Programs/MiKTeX/fonts/type1/public/ams
fonts/cm/cmmi9.pfb><C:/Users/micha/AppData/Local/Programs/MiKTeX/fonts/type1/pu
blic/amsfonts/cm/cmr10.pfb><C:/Users/micha/AppData/Local/Programs/MiKTeX/fonts/
type1/public/amsfonts/cm/cmr5.pfb><C:/Users/micha/AppData/Local/Programs/MiKTeX
/fonts/type1/public/amsfonts/cm/cmr6.pfb><C:/Users/micha/AppData/Local/Programs
/MiKTeX/fonts/type1/public/amsfonts/cm/cmr7.pfb><C:/Users/micha/AppData/Local/P
rograms/MiKTeX/fonts/type1/public/amsfonts/cm/cmr9.pfb><C:/Users/micha/AppData/
Local/Programs/MiKTeX/fonts/type1/public/amsfonts/cm/cmsy10.pfb><C:/Users/micha
/AppData/Local/Programs/MiKTeX/fonts/type1/public/amsfonts/cm/cmsy5.pfb><C:/Use
rs/micha/AppData/Local/Programs/MiKTeX/fonts/type1/public/amsfonts/cm/cmsy6.pfb
><C:/Users/micha/AppData/Local/Programs/MiKTeX/fonts/type1/public/amsfonts/cm/c
msy7.pfb><C:/Users/micha/AppData/Local/Programs/MiKTeX/fonts/type1/public/amsfo
nts/cm/cmsy9.pfb><C:/Users/micha/AppData/Local/Programs/MiKTeX/fonts/type1/publ
ic/amsfonts/symbols/msbm10.pfb><C:/Users/micha/AppData/Local/Programs/MiKTeX/fo
nts/type1/urw/times/utmb8a.pfb><C:/Users/micha/AppData/Local/Programs/MiKTeX/fo
nts/type1/urw/times/utmr8a.pfb><C:/Users/micha/AppData/Local/Programs/MiKTeX/fo
nts/type1/urw/times/utmri8a.pfb>
Output written on Formatting-Instructions-LaTeX-2024_changed.pdf (14 pages, 713
469 bytes).
PDF statistics:
 338 PDF objects out of 1000 (max. 8388607)
 0 named destinations out of 1000 (max. 500000)
 36 words of extra memory for PDF output out of 10000 (max. 10000000)

