This is pdfTeX, Version 3.141592653-2.6-1.40.25 (MiKTeX 23.5) (preloaded format=pdflatex 2024.1.12)  3 MAR 2024 16:54
entering extended mode
 restricted \write18 enabled.
 %&-line parsing enabled.
**./aaai19_changed.tex
(aaai19_changed.tex
LaTeX2e <2023-06-01> patch level 1
L3 programming layer <2023-08-29>
(C:\Users\orfuc\AppData\Local\Programs\MiKTeX\tex/latex/base\article.cls
Document Class: article 2023/05/17 v1.4n Standard LaTeX document class
(C:\Users\orfuc\AppData\Local\Programs\MiKTeX\tex/latex/base\size10.clo
File: size10.clo 2023/05/17 v1.4n Standard LaTeX file (size option)
)
\c@part=\count185
\c@section=\count186
\c@subsection=\count187
\c@subsubsection=\count188
\c@paragraph=\count189
\c@subparagraph=\count190
\c@figure=\count191
\c@table=\count192
\abovecaptionskip=\skip48
\belowcaptionskip=\skip49
\bibindent=\dimen140
)
(aaai19.sty
Conference Style for AAAI for LaTeX 2e -- version for the AAAI-19 conference
\titlebox=\skip50
) (C:\Users\orfuc\AppData\Local\Programs\MiKTeX\tex/latex/url\url.sty
\Urlmuskip=\muskip16
Package: url 2013/09/16  ver 3.4  Verb mode for urls, etc.
)
(C:\Users\orfuc\AppData\Local\Programs\MiKTeX\tex/latex/base\latexsym.sty
Package: latexsym 1998/08/17 v2.2e Standard LaTeX package (lasy symbols)
\symlasy=\mathgroup4
LaTeX Font Info:    Overwriting symbol font `lasy' in version `bold'
(Font)                  U/lasy/m/n --> U/lasy/b/n on input line 52.
)
(C:\Users\orfuc\AppData\Local\Programs\MiKTeX\tex/latex/caption\subcaption.sty
Package: subcaption 2023/07/28 v1.6b Sub-captions (AR)

(C:\Users\orfuc\AppData\Local\Programs\MiKTeX\tex/latex/caption\caption.sty
Package: caption 2023/07/31 v3.6n Customizing captions (AR)

(C:\Users\orfuc\AppData\Local\Programs\MiKTeX\tex/latex/caption\caption3.sty
Package: caption3 2023/07/31 v2.4d caption3 kernel (AR)

(C:\Users\orfuc\AppData\Local\Programs\MiKTeX\tex/latex/graphics\keyval.sty
Package: keyval 2022/05/29 v1.15 key=value parser (DPC)
\KV@toks@=\toks17
)
\caption@tempdima=\dimen141
\captionmargin=\dimen142
\caption@leftmargin=\dimen143
\caption@rightmargin=\dimen144
\caption@width=\dimen145
\caption@indent=\dimen146
\caption@parindent=\dimen147
\caption@hangindent=\dimen148
Package caption Info: Standard document class detected.
)
\c@caption@flags=\count193
\c@continuedfloat=\count194
)
Package caption Info: New subtype `subfigure' on input line 238.
\c@subfigure=\count195
Package caption Info: New subtype `subtable' on input line 238.
\c@subtable=\count196
) (C:\Users\orfuc\AppData\Local\Programs\MiKTeX\tex/latex/graphics\graphicx.sty
Package: graphicx 2021/09/16 v1.2d Enhanced LaTeX Graphics (DPC,SPQR)

(C:\Users\orfuc\AppData\Local\Programs\MiKTeX\tex/latex/graphics\graphics.sty
Package: graphics 2022/03/10 v1.4e Standard LaTeX Graphics (DPC,SPQR)

(C:\Users\orfuc\AppData\Local\Programs\MiKTeX\tex/latex/graphics\trig.sty
Package: trig 2021/08/11 v1.11 sin cos tan (DPC)
)
(C:\Users\orfuc\AppData\Local\Programs\MiKTeX\tex/latex/graphics-cfg\graphics.c
fg
File: graphics.cfg 2016/06/04 v1.11 sample graphics configuration
)
Package graphics Info: Driver file: pdftex.def on input line 107.

(C:\Users\orfuc\AppData\Local\Programs\MiKTeX\tex/latex/graphics-def\pdftex.def
File: pdftex.def 2022/09/22 v1.2b Graphics/color driver for pdftex
))
\Gin@req@height=\dimen149
\Gin@req@width=\dimen150
) (C:\Users\orfuc\AppData\Local\Programs\MiKTeX\tex/latex/amsmath\amsmath.sty
Package: amsmath 2023/05/13 v2.17o AMS math features
\@mathmargin=\skip51
For additional information on amsmath, use the `?' option.
(C:\Users\orfuc\AppData\Local\Programs\MiKTeX\tex/latex/amsmath\amstext.sty
Package: amstext 2021/08/26 v2.01 AMS text

(C:\Users\orfuc\AppData\Local\Programs\MiKTeX\tex/latex/amsmath\amsgen.sty
File: amsgen.sty 1999/11/30 v2.0 generic functions
\@emptytoks=\toks18
\ex@=\dimen151
))
(C:\Users\orfuc\AppData\Local\Programs\MiKTeX\tex/latex/amsmath\amsbsy.sty
Package: amsbsy 1999/11/29 v1.2d Bold Symbols
\pmbraise@=\dimen152
)
(C:\Users\orfuc\AppData\Local\Programs\MiKTeX\tex/latex/amsmath\amsopn.sty
Package: amsopn 2022/04/08 v2.04 operator names
)
\inf@bad=\count197
LaTeX Info: Redefining \frac on input line 234.
\uproot@=\count198
\leftroot@=\count199
LaTeX Info: Redefining \overline on input line 399.
LaTeX Info: Redefining \colon on input line 410.
\classnum@=\count266
\DOTSCASE@=\count267
LaTeX Info: Redefining \ldots on input line 496.
LaTeX Info: Redefining \dots on input line 499.
LaTeX Info: Redefining \cdots on input line 620.
\Mathstrutbox@=\box51
\strutbox@=\box52
LaTeX Info: Redefining \big on input line 722.
LaTeX Info: Redefining \Big on input line 723.
LaTeX Info: Redefining \bigg on input line 724.
LaTeX Info: Redefining \Bigg on input line 725.
\big@size=\dimen153
LaTeX Font Info:    Redeclaring font encoding OML on input line 743.
LaTeX Font Info:    Redeclaring font encoding OMS on input line 744.
\macc@depth=\count268
LaTeX Info: Redefining \bmod on input line 905.
LaTeX Info: Redefining \pmod on input line 910.
LaTeX Info: Redefining \smash on input line 940.
LaTeX Info: Redefining \relbar on input line 970.
LaTeX Info: Redefining \Relbar on input line 971.
\c@MaxMatrixCols=\count269
\dotsspace@=\muskip17
\c@parentequation=\count270
\dspbrk@lvl=\count271
\tag@help=\toks19
\row@=\count272
\column@=\count273
\maxfields@=\count274
\andhelp@=\toks20
\eqnshift@=\dimen154
\alignsep@=\dimen155
\tagshift@=\dimen156
\tagwidth@=\dimen157
\totwidth@=\dimen158
\lineht@=\dimen159
\@envbody=\toks21
\multlinegap=\skip52
\multlinetaggap=\skip53
\mathdisplay@stack=\toks22
LaTeX Info: Redefining \[ on input line 2953.
LaTeX Info: Redefining \] on input line 2954.
)
(C:\Users\orfuc\AppData\Local\Programs\MiKTeX\tex/latex/graphics\color.sty
Package: color 2022/01/06 v1.3d Standard LaTeX Color (DPC)

(C:\Users\orfuc\AppData\Local\Programs\MiKTeX\tex/latex/graphics-cfg\color.cfg
File: color.cfg 2016/01/02 v1.6 sample color configuration
)
Package color Info: Driver file: pdftex.def on input line 149.
(C:\Users\orfuc\AppData\Local\Programs\MiKTeX\tex/latex/graphics\mathcolor.ltx)
) (C:\Users\orfuc\AppData\Local\Programs\MiKTeX\tex/latex/tools\tabularx.sty
Package: tabularx 2020/01/15 v2.11c `tabularx' package (DPC)

(C:\Users\orfuc\AppData\Local\Programs\MiKTeX\tex/latex/tools\array.sty
Package: array 2022/09/04 v2.5g Tabular extension package (FMi)
\col@sep=\dimen160
\ar@mcellbox=\box53
\extrarowheight=\dimen161
\NC@list=\toks23
\extratabsurround=\skip54
\backup@length=\skip55
\ar@cellbox=\box54
)
\TX@col@width=\dimen162
\TX@old@table=\dimen163
\TX@old@col=\dimen164
\TX@target=\dimen165
\TX@delta=\dimen166
\TX@cols=\count275
\TX@ftn=\toks24
)
(C:\Users\orfuc\AppData\Local\Programs\MiKTeX\tex/latex/multirow\multirow.sty
Package: multirow 2021/03/15 v2.8 Span multiple rows of a table
\multirow@colwidth=\skip56
\multirow@cntb=\count276
\multirow@dima=\skip57
\bigstrutjot=\dimen167
)
(C:\Users\orfuc\AppData\Local\Programs\MiKTeX\tex/latex/psnfss\times.sty
Package: times 2020/03/25 PSNFSS-v9.3 (SPQR) 
)
(C:\Users\orfuc\AppData\Local\Programs\MiKTeX\tex/latex/psnfss\helvet.sty
Package: helvet 2020/03/25 PSNFSS-v9.3 (WaS) 
)
(C:\Users\orfuc\AppData\Local\Programs\MiKTeX\tex/latex/psnfss\courier.sty
Package: courier 2020/03/25 PSNFSS-v9.3 (WaS) 
)
(C:\Users\orfuc\AppData\Local\Programs\MiKTeX\tex/latex/makecell\makecell.sty
Package: makecell 2009/08/03 V0.1e Managing of Tab Column Heads and Cells
\rotheadsize=\dimen168
\c@nlinenum=\count277
\TeXr@lab=\toks25
)
(C:\Users\orfuc\AppData\Local\Programs\MiKTeX\tex/latex/comment\comment.sty
\CommentStream=\write3

Excluding comment 'comment')
LaTeX Font Info:    Trying to load font information for OT1+ptm on input line 2
9.

(C:\Users\orfuc\AppData\Local\Programs\MiKTeX\tex/latex/psnfss\ot1ptm.fd
File: ot1ptm.fd 2001/06/04 font definitions for OT1/ptm.
)
(C:\Users\orfuc\AppData\Local\Programs\MiKTeX\tex/latex/l3backend\l3backend-pdf
tex.def
File: l3backend-pdftex.def 2023-04-19 L3 backend support: PDF output (pdfTeX)
\l__color_backend_stack_int=\count278
\l__pdf_internal_box=\box55
) (aaai19_changed.aux)
\openout1 = `aaai19_changed.aux'.

LaTeX Font Info:    Checking defaults for OML/cmm/m/it on input line 29.
LaTeX Font Info:    ... okay on input line 29.
LaTeX Font Info:    Checking defaults for OMS/cmsy/m/n on input line 29.
LaTeX Font Info:    ... okay on input line 29.
LaTeX Font Info:    Checking defaults for OT1/cmr/m/n on input line 29.
LaTeX Font Info:    ... okay on input line 29.
LaTeX Font Info:    Checking defaults for T1/cmr/m/n on input line 29.
LaTeX Font Info:    ... okay on input line 29.
LaTeX Font Info:    Checking defaults for TS1/cmr/m/n on input line 29.
LaTeX Font Info:    ... okay on input line 29.
LaTeX Font Info:    Checking defaults for OMX/cmex/m/n on input line 29.
LaTeX Font Info:    ... okay on input line 29.
LaTeX Font Info:    Checking defaults for U/cmr/m/n on input line 29.
LaTeX Font Info:    ... okay on input line 29.
Package caption Info: Begin \AtBeginDocument code.
Package caption Info: End \AtBeginDocument code.

(C:\Users\orfuc\AppData\Local\Programs\MiKTeX\tex/context/base/mkii\supp-pdf.mk
ii
[Loading MPS to PDF converter (version 2006.09.02).]
\scratchcounter=\count279
\scratchdimen=\dimen169
\scratchbox=\box56
\nofMPsegments=\count280
\nofMParguments=\count281
\everyMPshowfont=\toks26
\MPscratchCnt=\count282
\MPscratchDim=\dimen170
\MPnumerator=\count283
\makeMPintoPDFobject=\count284
\everyMPtoPDFconversion=\toks27
)
(C:\Users\orfuc\AppData\Local\Programs\MiKTeX\tex/latex/epstopdf-pkg\epstopdf-b
ase.sty
Package: epstopdf-base 2020-01-24 v2.11 Base part for package epstopdf
Package epstopdf-base Info: Redefining graphics rule for `.eps' on input line 4
85.

(C:\Users\orfuc\AppData\Local\Programs\MiKTeX\tex/latex/00miktex\epstopdf-sys.c
fg
File: epstopdf-sys.cfg 2021/03/18 v2.0 Configuration of epstopdf for MiKTeX
))
LaTeX Font Info:    Trying to load font information for U+lasy on input line 41
.
 (C:\Users\orfuc\AppData\Local\Programs\MiKTeX\tex/latex/base\ulasy.fd
File: ulasy.fd 1998/08/17 v2.2e LaTeX symbol font definitions
)
LaTeX Font Info:    Trying to load font information for OT1+pcr on input line 4
1.

(C:\Users\orfuc\AppData\Local\Programs\MiKTeX\tex/latex/psnfss\ot1pcr.fd
File: ot1pcr.fd 2001/06/04 font definitions for OT1/pcr.
)
LaTeX Font Info:    Trying to load font information for OMS+pcr on input line 4
1.

(C:\Users\orfuc\AppData\Local\Programs\MiKTeX\tex/latex/psnfss\omspcr.fd
File: omspcr.fd 
)
LaTeX Font Info:    Font shape `OMS/pcr/m/n' in size <10> not available
(Font)              Font shape `OMS/cmsy/m/n' tried instead on input line 41.
LaTeX Font Info:    Trying to load font information for TS1+ptm on input line 4
1.

(C:\Users\orfuc\AppData\Local\Programs\MiKTeX\tex/latex/psnfss\ts1ptm.fd
File: ts1ptm.fd 2001/06/04 font definitions for TS1/ptm.
)
<example_senses.pdf, id=1, 486.81876pt x 350.30875pt>
File: example_senses.pdf Graphic file (type pdf)
<use example_senses.pdf>
Package pdftex.def Info: example_senses.pdf  used on input line 57.
(pdftex.def)             Requested size: 227.64894pt x 163.81126pt.


LaTeX Warning: Citation `stevenson2003word' on page 1 undefined on input line 6
2.


LaTeX Warning: Citation `jurgens2013semeval' on page 1 undefined on input line 
62.


LaTeX Warning: Citation `song2007efficient' on page 1 undefined on input line 6
2.


LaTeX Warning: Citation `chang2014inducing' on page 1 undefined on input line 6
4.


LaTeX Warning: Citation `komninos2016structured' on page 1 undefined on input l
ine 64.


LaTeX Warning: Citation `blei2003latent' on page 1 undefined on input line 64.


LaTeX Warning: Citation `brody2009bayesian' on page 1 undefined on input line 6
4.


LaTeX Warning: Citation `wang2015sense' on page 1 undefined on input line 64.


LaTeX Warning: Citation `chang2014inducing' on page 1 undefined on input line 6
4.


Underfull \vbox (badness 1142) has occurred while \output is active []

 [1{C:/Users/orfuc/AppData/Local/MiKTeX/fonts/map/pdftex/pdftex.map}{C:/Users/o
rfuc/AppData/Local/Programs/MiKTeX/fonts/enc/dvips/base/8r.enc}



 <./example_senses.pdf>]
<intro.pdf, id=37, 546.04pt x 235.88126pt>
File: intro.pdf Graphic file (type pdf)
<use intro.pdf>
Package pdftex.def Info: intro.pdf  used on input line 70.
(pdftex.def)             Requested size: 227.64894pt x 98.33879pt.


LaTeX Warning: Citation `teh2004sharing' on page 2 undefined on input line 75.


LaTeX Warning: Citation `lau2013unimelb' on page 2 undefined on input line 75.


LaTeX Warning: Citation `manandhar2010semeval' on page 2 undefined on input lin
e 77.


LaTeX Warning: Citation `jurgens2013semeval' on page 2 undefined on input line 
77.


LaTeX Warning: Citation `almuhareb2006msda' on page 2 undefined on input line 8
1.


LaTeX Warning: Citation `tsvetkov2014augmenting' on page 2 undefined on input l
ine 81.


LaTeX Warning: Citation `yao2012expectations' on page 2 undefined on input line
 81.


LaTeX Warning: Citation `jurgens2013semeval' on page 2 undefined on input line 
81.


LaTeX Warning: Citation `baskaya2013ai' on page 2 undefined on input line 81.


LaTeX Warning: Citation `lau2013unimelb' on page 2 undefined on input line 81.


LaTeX Warning: Citation `blei2003latent' on page 2 undefined on input line 83.


LaTeX Warning: Citation `goyal2014unsupervised' on page 2 undefined on input li
ne 83.


LaTeX Warning: Citation `chang2014inducing' on page 2 undefined on input line 8
3.


LaTeX Warning: Citation `wang2015sense' on page 2 undefined on input line 83.


LaTeX Warning: Citation `teh2004sharing' on page 2 undefined on input line 83.


LaTeX Warning: Citation `yao2011nonparametric' on page 2 undefined on input lin
e 83.


LaTeX Warning: Citation `lau2012word' on page 2 undefined on input line 83.


LaTeX Warning: Citation `lau2013unimelb' on page 2 undefined on input line 83.


LaTeX Warning: Citation `mikolov2013distributed' on page 2 undefined on input l
ine 85.


LaTeX Warning: Citation `wang2015sense' on page 2 undefined on input line 85.


LaTeX Warning: Citation `song2016word' on page 2 undefined on input line 85.


LaTeX Warning: Citation `pelevina2016making' on page 2 undefined on input line 
85.


LaTeX Warning: Citation `chang2018efficient' on page 2 undefined on input line 
85.


LaTeX Warning: Citation `komninos2016structured' on page 2 undefined on input l
ine 85.


LaTeX Warning: Citation `shu2009latent' on page 2 undefined on input line 87.


LaTeX Warning: Citation `tang2012unified' on page 2 undefined on input line 87.


<wpstm.pdf, id=38, 474.77374pt x 395.4775pt>
File: wpstm.pdf Graphic file (type pdf)
<use wpstm.pdf>
Package pdftex.def Info: wpstm.pdf  used on input line 93.
(pdftex.def)             Requested size: 202.3529pt x 168.55545pt.

LaTeX Warning: Citation `blei2003latent' on page 2 undefined on input line 127.



LaTeX Warning: Citation `wang2015sense' on page 2 undefined on input line 127.


LaTeX Warning: Citation `chang2014inducing' on page 2 undefined on input line 1
27.

[2 <./intro.pdf>]

LaTeX Warning: Citation `chang2014inducing' on page 3 undefined on input line 1
31.


LaTeX Warning: Citation `wang2015sense' on page 3 undefined on input line 131.


LaTeX Warning: Citation `heckerman2000dependency' on page 3 undefined on input 
line 150.


LaTeX Warning: Citation `brown1993mathematics' on page 3 undefined on input lin
e 150.


Underfull \hbox (badness 1014) in paragraph at lines 148--151
\OT1/ptm/m/n/10 and de-fi-cient mod-el-ing ( \OT1/ptm/b/n/10 ?\OT1/ptm/m/n/10 )
 to ig-nore re-dun-dan-cies, i.e.
 []


Underfull \vbox (badness 10000) has occurred while \output is active []

 [3 <./wpstm.pdf>]

LaTeX Warning: Citation `griffiths2004finding' on page 4 undefined on input lin
e 162.


LaTeX Warning: Citation `manandhar2010semeval' on page 4 undefined on input lin
e 206.


LaTeX Warning: Citation `jurgens2013semeval' on page 4 undefined on input line 
206.


Underfull \hbox (badness 10000) in paragraph at lines 206--206
[][]$\OT1/pcr/m/n/9 https : / / www . cs . york . ac . uk / semeval-[]2013 /
 []


LaTeX Warning: Citation `manning2014stanford' on page 4 undefined on input line
 208.


LaTeX Warning: Citation `wang2015sense' on page 4 undefined on input line 208.


LaTeX Warning: Citation `griffiths2004finding' on page 4 undefined on input lin
e 212.


LaTeX Warning: Citation `chemudugunta2006modeling' on page 4 undefined on input
 line 212.


LaTeX Warning: Citation `wang2015sense' on page 4 undefined on input line 212.


LaTeX Warning: Citation `lau2012word' on page 4 undefined on input line 218.


LaTeX Warning: Citation `goyal2014unsupervised' on page 4 undefined on input li
ne 218.


LaTeX Warning: Citation `wang2015sense' on page 4 undefined on input line 218.


LaTeX Warning: Citation `manandhar2010semeval' on page 4 undefined on input lin
e 227.


LaTeX Warning: Citation `wang2015sense' on page 4 undefined on input line 227.

[4]

LaTeX Warning: Citation `goyal2014unsupervised' on page 5 undefined on input li
ne 231.


LaTeX Warning: Citation `chang2014inducing' on page 5 undefined on input line 2
34.


LaTeX Warning: Citation `song2016word' on page 5 undefined on input line 236.


LaTeX Warning: Citation `wang2015sense' on page 5 undefined on input line 311.


LaTeX Warning: Citation `jurgens2013semeval' on page 5 undefined on input line 
315.


LaTeX Warning: Citation `wang2015sense' on page 5 undefined on input line 317.


LaTeX Warning: Citation `chang2018efficient' on page 5 undefined on input line 
319.


LaTeX Warning: Citation `komninos2016structured' on page 5 undefined on input l
ine 321.


LaTeX Warning: Citation `wang2015sense' on page 5 undefined on input line 325.


LaTeX Warning: Citation `chang2014inducing' on page 5 undefined on input line 3
30.


LaTeX Warning: Citation `wang2015sense' on page 5 undefined on input line 330.


LaTeX Warning: Citation `wang2015sense' on page 5 undefined on input line 330.


LaTeX Warning: Citation `lau2013unimelb' on page 5 undefined on input line 330.



LaTeX Warning: Citation `chang2014inducing' on page 5 undefined on input line 3
30.

[5]

LaTeX Warning: Citation `blei2003latent' on page 6 undefined on input line 353.



LaTeX Warning: Citation `wang2015sense' on page 6 undefined on input line 353.


LaTeX Warning: Citation `chang2014inducing' on page 6 undefined on input line 3
53.


LaTeX Warning: Citation `teh2004sharing' on page 6 undefined on input line 353.


<semeval2010_clusters.pdf, id=166, 642.4pt x 385.44pt>
File: semeval2010_clusters.pdf Graphic file (type pdf)
<use semeval2010_clusters.pdf>
Package pdftex.def Info: semeval2010_clusters.pdf  used on input line 359.
(pdftex.def)             Requested size: 227.64894pt x 136.58807pt.
<semeval2013_clusters.pdf, id=167, 642.4pt x 385.44pt>
File: semeval2013_clusters.pdf Graphic file (type pdf)
<use semeval2013_clusters.pdf>
Package pdftex.def Info: semeval2013_clusters.pdf  used on input line 364.
(pdftex.def)             Requested size: 227.64894pt x 136.58807pt.

Underfull \hbox (badness 1755) in paragraph at lines 387--387
[]\OT1/ptm/m/n/10 Table 4: |Statis-tics of the num-ber of senses of tar-get
 []


LaTeX Warning: Citation `tang2012unified' on page 6 undefined on input line 391
.

[6 <./semeval2010_clusters.pdf> <./semeval2013_clusters.pdf

pdfTeX warning: pdflatex (file ./semeval2013_clusters.pdf): PDF inclusion: mult
iple pdfs with page group included in a single page
>]
Underfull \hbox (badness 10000) in paragraph at lines 395--395
[][]$\OT1/pcr/m/n/9 https : / / github . com / Yonsei-[]TSMM / author _
 []


Underfull \hbox (badness 4181) in paragraph at lines 395--397
 \OT1/ptm/b/n/10 Ex-per-i-men-tal setup \OT1/ptm/m/n/10 We use two pub-licly av
ail-able
 []


LaTeX Warning: Citation `blei2003latent' on page 7 undefined on input line 398.



LaTeX Warning: Citation `chang2014inducing' on page 7 undefined on input line 3
98.


LaTeX Warning: Citation `wang2015sense' on page 7 undefined on input line 398.


LaTeX Warning: Citation `tang2012unified' on page 7 undefined on input line 398
.


LaTeX Warning: Citation `cen2013author' on page 7 undefined on input line 398.


LaTeX Warning: Citation `tang2012unified' on page 7 undefined on input line 398
.


LaTeX Warning: No positions in optional float specifier.
               Default added (so using `tbp') on input line 400.

Excluding 'comment' comment.

LaTeX Warning: Citation `tang2012unified' on page 7 undefined on input line 460
.

No file aaai19_changed.bbl.
[7] [8

] (aaai19_changed.aux)
 ***********
LaTeX2e <2023-06-01> patch level 1
L3 programming layer <2023-08-29>
 ***********
 ) 
Here is how much of TeX's memory you used:
 4417 strings out of 475247
 76161 string characters out of 5757792
 1953801 words of memory out of 5000000
 25871 multiletter control sequences out of 15000+600000
 585479 words of font info for 85 fonts, out of 8000000 for 9000
 1141 hyphenation exceptions out of 8191
 69i,19n,79p,1569b,484s stack positions out of 10000i,1000n,20000p,200000b,200000s
<C:/Users/orfuc/AppData/Local/Programs/MiKTeX/fonts/type1/public/amsfonts/cm/
cmex10.pfb><C:/Users/orfuc/AppData/Local/Programs/MiKTeX/fonts/type1/public/ams
fonts/cm/cmmi10.pfb><C:/Users/orfuc/AppData/Local/Programs/MiKTeX/fonts/type1/p
ublic/amsfonts/cm/cmmi5.pfb><C:/Users/orfuc/AppData/Local/Programs/MiKTeX/fonts
/type1/public/amsfonts/cm/cmmi6.pfb><C:/Users/orfuc/AppData/Local/Programs/MiKT
eX/fonts/type1/public/amsfonts/cm/cmmi7.pfb><C:/Users/orfuc/AppData/Local/Progr
ams/MiKTeX/fonts/type1/public/amsfonts/cm/cmmi9.pfb><C:/Users/orfuc/AppData/Loc
al/Programs/MiKTeX/fonts/type1/public/amsfonts/cm/cmr10.pfb><C:/Users/orfuc/App
Data/Local/Programs/MiKTeX/fonts/type1/public/amsfonts/cm/cmr5.pfb><C:/Users/or
fuc/AppData/Local/Programs/MiKTeX/fonts/type1/public/amsfonts/cm/cmr6.pfb><C:/U
sers/orfuc/AppData/Local/Programs/MiKTeX/fonts/type1/public/amsfonts/cm/cmr7.pf
b><C:/Users/orfuc/AppData/Local/Programs/MiKTeX/fonts/type1/public/amsfonts/cm/
cmr9.pfb><C:/Users/orfuc/AppData/Local/Programs/MiKTeX/fonts/type1/public/amsfo
nts/cm/cmsy10.pfb><C:/Users/orfuc/AppData/Local/Programs/MiKTeX/fonts/type1/pub
lic/amsfonts/cm/cmsy5.pfb><C:/Users/orfuc/AppData/Local/Programs/MiKTeX/fonts/t
ype1/public/amsfonts/cm/cmsy6.pfb><C:/Users/orfuc/AppData/Local/Programs/MiKTeX
/fonts/type1/public/amsfonts/cm/cmsy7.pfb><C:/Users/orfuc/AppData/Local/Program
s/MiKTeX/fonts/type1/urw/courier/ucrr8a.pfb><C:/Users/orfuc/AppData/Local/Progr
ams/MiKTeX/fonts/type1/urw/times/utmb8a.pfb><C:/Users/orfuc/AppData/Local/Progr
ams/MiKTeX/fonts/type1/urw/times/utmr8a.pfb><C:/Users/orfuc/AppData/Local/Progr
ams/MiKTeX/fonts/type1/urw/times/utmri8a.pfb>
Output written on aaai19_changed.pdf (8 pages, 1665957 bytes).
PDF statistics:
 290 PDF objects out of 1000 (max. 8388607)
 0 named destinations out of 1000 (max. 500000)
 26 words of extra memory for PDF output out of 10000 (max. 10000000)

