This is pdfTeX, Version 3.141592653-2.6-1.40.25 (MiKTeX 23.9) (preloaded format=pdflatex 2023.9.22)  16 JAN 2024 14:32
entering extended mode
 restricted \write18 enabled.
 %&-line parsing enabled.
**./aaai24_changed.tex
(aaai24_changed.tex
LaTeX2e <2023-06-01> patch level 1
L3 programming layer <2023-08-29>
(C:\Users\micha\AppData\Local\Programs\MiKTeX\tex/latex/base\article.cls
Document Class: article 2023/05/17 v1.4n Standard LaTeX document class
(C:\Users\micha\AppData\Local\Programs\MiKTeX\tex/latex/base\size10.clo
File: size10.clo 2023/05/17 v1.4n Standard LaTeX file (size option)
)
\c@part=\count185
\c@section=\count186
\c@subsection=\count187
\c@subsubsection=\count188
\c@paragraph=\count189
\c@subparagraph=\count190
\c@figure=\count191
\c@table=\count192
\abovecaptionskip=\skip48
\belowcaptionskip=\skip49
\bibindent=\dimen140
)
(aaai24.sty
Package: aaai24 2023/06/26 AAAI 2024 Submission format

Conference Style for AAAI for LaTeX 2e -- version for submission
\titlebox=\skip50
) (C:\Users\micha\AppData\Local\Programs\MiKTeX\tex/latex/psnfss\times.sty
Package: times 2020/03/25 PSNFSS-v9.3 (SPQR) 
)
(C:\Users\micha\AppData\Local\Programs\MiKTeX\tex/latex/psnfss\helvet.sty
Package: helvet 2020/03/25 PSNFSS-v9.3 (WaS) 

(C:\Users\micha\AppData\Local\Programs\MiKTeX\tex/latex/graphics\keyval.sty
Package: keyval 2022/05/29 v1.15 key=value parser (DPC)
\KV@toks@=\toks17
))
(C:\Users\micha\AppData\Local\Programs\MiKTeX\tex/latex/psnfss\courier.sty
Package: courier 2020/03/25 PSNFSS-v9.3 (WaS) 
)
(C:\Users\micha\AppData\Local\Programs\MiKTeX\tex/latex/url\url.sty
\Urlmuskip=\muskip16
Package: url 2013/09/16  ver 3.4  Verb mode for urls, etc.
)
(C:\Users\micha\AppData\Local\Programs\MiKTeX\tex/latex/graphics\graphicx.sty
Package: graphicx 2021/09/16 v1.2d Enhanced LaTeX Graphics (DPC,SPQR)

(C:\Users\micha\AppData\Local\Programs\MiKTeX\tex/latex/graphics\graphics.sty
Package: graphics 2022/03/10 v1.4e Standard LaTeX Graphics (DPC,SPQR)

(C:\Users\micha\AppData\Local\Programs\MiKTeX\tex/latex/graphics\trig.sty
Package: trig 2021/08/11 v1.11 sin cos tan (DPC)
)
(C:\Users\micha\AppData\Local\Programs\MiKTeX\tex/latex/graphics-cfg\graphics.c
fg
File: graphics.cfg 2016/06/04 v1.11 sample graphics configuration
)
Package graphics Info: Driver file: pdftex.def on input line 107.

(C:\Users\micha\AppData\Local\Programs\MiKTeX\tex/latex/graphics-def\pdftex.def
File: pdftex.def 2022/09/22 v1.2b Graphics/color driver for pdftex
))
\Gin@req@height=\dimen141
\Gin@req@width=\dimen142
) (C:\Users\micha\AppData\Local\Programs\MiKTeX\tex/latex/natbib\natbib.sty
Package: natbib 2010/09/13 8.31b (PWD, AO)
\bibhang=\skip51
\bibsep=\skip52
LaTeX Info: Redefining \cite on input line 694.
\c@NAT@ctr=\count193
)
(C:\Users\micha\AppData\Local\Programs\MiKTeX\tex/latex/caption\caption.sty
Package: caption 2023/07/31 v3.6n Customizing captions (AR)

(C:\Users\micha\AppData\Local\Programs\MiKTeX\tex/latex/caption\caption3.sty
Package: caption3 2023/07/31 v2.4d caption3 kernel (AR)
\caption@tempdima=\dimen143
\captionmargin=\dimen144
\caption@leftmargin=\dimen145
\caption@rightmargin=\dimen146
\caption@width=\dimen147
\caption@indent=\dimen148
\caption@parindent=\dimen149
\caption@hangindent=\dimen150
Package caption Info: Standard document class detected.
)
\c@caption@flags=\count194
\c@continuedfloat=\count195
)
(C:\Users\micha\AppData\Local\Programs\MiKTeX\tex/latex/algorithms\algorithm.st
y
Package: algorithm 2009/08/24 v0.1 Document Style `algorithm' - floating enviro
nment
 (C:\Users\micha\AppData\Local\Programs\MiKTeX\tex/latex/float\float.sty
Package: float 2001/11/08 v1.3d Float enhancements (AL)
\c@float@type=\count196
\float@exts=\toks18
\float@box=\box51
\@float@everytoks=\toks19
\@floatcapt=\box52
)
(C:\Users\micha\AppData\Local\Programs\MiKTeX\tex/latex/base\ifthen.sty
Package: ifthen 2022/04/13 v1.1d Standard LaTeX ifthen package (DPC)
)
\@float@every@algorithm=\toks20
\c@algorithm=\count197
)
(C:\Users\micha\AppData\Local\Programs\MiKTeX\tex/latex/algorithms\algorithmic.
sty
Package: algorithmic 2009/08/24 v0.1 Document Style `algorithmic'
\c@ALC@unique=\count198
\c@ALC@line=\count199
\c@ALC@rem=\count266
\c@ALC@depth=\count267
\ALC@tlm=\skip53
\algorithmicindent=\skip54
)
(C:\Users\micha\AppData\Local\Programs\MiKTeX\tex/latex/multirow\multirow.sty
Package: multirow 2021/03/15 v2.8 Span multiple rows of a table
\multirow@colwidth=\skip55
\multirow@cntb=\count268
\multirow@dima=\skip56
\bigstrutjot=\dimen151
)
(C:\Users\micha\AppData\Local\Programs\MiKTeX\tex/latex/siunitx\siunitx.sty
Package: siunitx 2023-11-14 v3.3.9 A comprehensive (SI) units package
\l__siunitx_number_uncert_offset_int=\count269
\l__siunitx_number_exponent_fixed_int=\count270
\l__siunitx_number_min_decimal_int=\count271
\l__siunitx_number_min_integer_int=\count272
\l__siunitx_number_round_precision_int=\count273
\l__siunitx_number_lower_threshold_int=\count274
\l__siunitx_number_upper_threshold_int=\count275
\l__siunitx_number_group_first_int=\count276
\l__siunitx_number_group_size_int=\count277
\l__siunitx_number_group_minimum_int=\count278
\l__siunitx_angle_tmp_dim=\dimen152
\l__siunitx_angle_marker_box=\box53
\l__siunitx_angle_unit_box=\box54
\l__siunitx_compound_count_int=\count279

(C:\Users\micha\AppData\Local\Programs\MiKTeX\tex/latex/translations\translatio
ns.sty
Package: translations 2022/02/05 v1.12 internationalization of LaTeX2e packages
 (CN)

(C:\Users\micha\AppData\Local\Programs\MiKTeX\tex/latex/etoolbox\etoolbox.sty
Package: etoolbox 2020/10/05 v2.5k e-TeX tools for LaTeX (JAW)
\etb@tempcnta=\count280
)
(C:\Users\micha\AppData\Local\Programs\MiKTeX\tex/generic/pdftexcmds\pdftexcmds
.sty
Package: pdftexcmds 2020-06-27 v0.33 Utility functions of pdfTeX for LuaTeX (HO
)

(C:\Users\micha\AppData\Local\Programs\MiKTeX\tex/generic/infwarerr\infwarerr.s
ty
Package: infwarerr 2019/12/03 v1.5 Providing info/warning/error messages (HO)
) (C:\Users\micha\AppData\Local\Programs\MiKTeX\tex/generic/iftex\iftex.sty
Package: iftex 2022/02/03 v1.0f TeX engine tests
)
(C:\Users\micha\AppData\Local\Programs\MiKTeX\tex/generic/ltxcmds\ltxcmds.sty
Package: ltxcmds 2023-12-04 v1.26 LaTeX kernel commands for general use (HO)
)
Package pdftexcmds Info: \pdf@primitive is available.
Package pdftexcmds Info: \pdf@ifprimitive is available.
Package pdftexcmds Info: \pdfdraftmode found.
)) (C:\Users\micha\AppData\Local\Programs\MiKTeX\tex/latex/amsmath\amstext.sty
Package: amstext 2021/08/26 v2.01 AMS text

(C:\Users\micha\AppData\Local\Programs\MiKTeX\tex/latex/amsmath\amsgen.sty
File: amsgen.sty 1999/11/30 v2.0 generic functions
\@emptytoks=\toks21
\ex@=\dimen153
))
\l__siunitx_table_tmp_box=\box55
\l__siunitx_table_tmp_dim=\dimen154
\l__siunitx_table_column_width_dim=\dimen155
\l__siunitx_table_integer_box=\box56
\l__siunitx_table_decimal_box=\box57
\l__siunitx_table_uncert_box=\box58
\l__siunitx_table_before_box=\box59
\l__siunitx_table_after_box=\box60
\l__siunitx_table_before_dim=\dimen156
\l__siunitx_table_carry_dim=\dimen157
\l__siunitx_unit_tmp_int=\count281
\l__siunitx_unit_position_int=\count282
\l__siunitx_unit_total_int=\count283

(C:\Users\micha\AppData\Local\Programs\MiKTeX\tex/latex/tools\array.sty
Package: array 2022/09/04 v2.5g Tabular extension package (FMi)
\col@sep=\dimen158
\ar@mcellbox=\box61
\extrarowheight=\dimen159
\NC@list=\toks22
\extratabsurround=\skip57
\backup@length=\skip58
\ar@cellbox=\box62
))
(C:\Users\micha\AppData\Local\Programs\MiKTeX\tex/latex/amsmath\amsmath.sty
Package: amsmath 2023/05/13 v2.17o AMS math features
\@mathmargin=\skip59

For additional information on amsmath, use the `?' option.
(C:\Users\micha\AppData\Local\Programs\MiKTeX\tex/latex/amsmath\amsbsy.sty
Package: amsbsy 1999/11/29 v1.2d Bold Symbols
\pmbraise@=\dimen160
)
(C:\Users\micha\AppData\Local\Programs\MiKTeX\tex/latex/amsmath\amsopn.sty
Package: amsopn 2022/04/08 v2.04 operator names
)
\inf@bad=\count284
LaTeX Info: Redefining \frac on input line 234.
\uproot@=\count285
\leftroot@=\count286
LaTeX Info: Redefining \overline on input line 399.
LaTeX Info: Redefining \colon on input line 410.
\classnum@=\count287
\DOTSCASE@=\count288
LaTeX Info: Redefining \ldots on input line 496.
LaTeX Info: Redefining \dots on input line 499.
LaTeX Info: Redefining \cdots on input line 620.
\Mathstrutbox@=\box63
\strutbox@=\box64
LaTeX Info: Redefining \big on input line 722.
LaTeX Info: Redefining \Big on input line 723.
LaTeX Info: Redefining \bigg on input line 724.
LaTeX Info: Redefining \Bigg on input line 725.
\big@size=\dimen161
LaTeX Font Info:    Redeclaring font encoding OML on input line 743.
LaTeX Font Info:    Redeclaring font encoding OMS on input line 744.
\macc@depth=\count289
LaTeX Info: Redefining \bmod on input line 905.
LaTeX Info: Redefining \pmod on input line 910.
LaTeX Info: Redefining \smash on input line 940.
LaTeX Info: Redefining \relbar on input line 970.
LaTeX Info: Redefining \Relbar on input line 971.
\c@MaxMatrixCols=\count290
\dotsspace@=\muskip17
\c@parentequation=\count291
\dspbrk@lvl=\count292
\tag@help=\toks23
\row@=\count293
\column@=\count294
\maxfields@=\count295
\andhelp@=\toks24
\eqnshift@=\dimen162
\alignsep@=\dimen163
\tagshift@=\dimen164
\tagwidth@=\dimen165
\totwidth@=\dimen166
\lineht@=\dimen167
\@envbody=\toks25
\multlinegap=\skip60
\multlinetaggap=\skip61
\mathdisplay@stack=\toks26
LaTeX Info: Redefining \[ on input line 2953.
LaTeX Info: Redefining \] on input line 2954.
)
(C:\Users\micha\AppData\Local\Programs\MiKTeX\tex/latex/booktabs\booktabs.sty
Package: booktabs 2020/01/12 v1.61803398 Publication quality tables
\heavyrulewidth=\dimen168
\lightrulewidth=\dimen169
\cmidrulewidth=\dimen170
\belowrulesep=\dimen171
\belowbottomsep=\dimen172
\aboverulesep=\dimen173
\abovetopsep=\dimen174
\cmidrulesep=\dimen175
\cmidrulekern=\dimen176
\defaultaddspace=\dimen177
\@cmidla=\count296
\@cmidlb=\count297
\@aboverulesep=\dimen178
\@belowrulesep=\dimen179
\@thisruleclass=\count298
\@lastruleclass=\count299
\@thisrulewidth=\dimen180
)
(C:\Users\micha\AppData\Local\Programs\MiKTeX\tex/latex/tools\bm.sty
Package: bm 2022/01/05 v1.2f Bold Symbol Support (DPC/FMi)
\symboldoperators=\mathgroup4
\symboldletters=\mathgroup5
\symboldsymbols=\mathgroup6
Package bm Info: No bold for \OMX/cmex/m/n, using \pmb.
LaTeX Font Info:    Redeclaring math alphabet \mathbf on input line 149.
)
(C:\Users\micha\AppData\Local\Programs\MiKTeX\tex/latex/newfloat\newfloat.sty
Package: newfloat 2023/10/01 v1.2 Defining new floating environments (AR)
)
(C:\Users\micha\AppData\Local\Programs\MiKTeX\tex/latex/listings\listings.sty
\lst@mode=\count300
\lst@gtempboxa=\box65
\lst@token=\toks27
\lst@length=\count301
\lst@currlwidth=\dimen181
\lst@column=\count302
\lst@pos=\count303
\lst@lostspace=\dimen182
\lst@width=\dimen183
\lst@newlines=\count304
\lst@lineno=\count305
\lst@maxwidth=\dimen184

(C:\Users\micha\AppData\Local\Programs\MiKTeX\tex/latex/listings\lstmisc.sty
File: lstmisc.sty 2023/02/27 1.9 (Carsten Heinz)
\c@lstnumber=\count306
\lst@skipnumbers=\count307
\lst@framebox=\box66
)
(C:\Users\micha\AppData\Local\Programs\MiKTeX\tex/latex/listings\listings.cfg
File: listings.cfg 2023/02/27 1.9 listings configuration
))
Package: listings 2023/02/27 1.9 (Carsten Heinz)
\@float@every@listing=\toks28
\c@listing=\count308
(C:\Users\micha\AppData\Local\Programs\MiKTeX\tex/latex/natbib\bibentry.sty
Package: bibentry 2007/10/30 1.5 (PWD)
)
Package translations Info: No language package found. I am going to use `englis
h' as default language. on input line 123.
LaTeX Font Info:    Trying to load font information for OT1+ptm on input line 1
23.

(C:\Users\micha\AppData\Local\Programs\MiKTeX\tex/latex/psnfss\ot1ptm.fd
File: ot1ptm.fd 2001/06/04 font definitions for OT1/ptm.
)
(C:\Users\micha\AppData\Local\Programs\MiKTeX\tex/latex/l3backend\l3backend-pdf
tex.def
File: l3backend-pdftex.def 2023-04-19 L3 backend support: PDF output (pdfTeX)
\l__color_backend_stack_int=\count309
\l__pdf_internal_box=\box67
) (aaai24_changed.aux)
\openout1 = `aaai24_changed.aux'.

LaTeX Font Info:    Checking defaults for OML/cmm/m/it on input line 123.
LaTeX Font Info:    ... okay on input line 123.
LaTeX Font Info:    Checking defaults for OMS/cmsy/m/n on input line 123.
LaTeX Font Info:    ... okay on input line 123.
LaTeX Font Info:    Checking defaults for OT1/cmr/m/n on input line 123.
LaTeX Font Info:    ... okay on input line 123.
LaTeX Font Info:    Checking defaults for T1/cmr/m/n on input line 123.
LaTeX Font Info:    ... okay on input line 123.
LaTeX Font Info:    Checking defaults for TS1/cmr/m/n on input line 123.
LaTeX Font Info:    ... okay on input line 123.
LaTeX Font Info:    Checking defaults for OMX/cmex/m/n on input line 123.
LaTeX Font Info:    ... okay on input line 123.
LaTeX Font Info:    Checking defaults for U/cmr/m/n on input line 123.
LaTeX Font Info:    ... okay on input line 123.

(C:\Users\micha\AppData\Local\Programs\MiKTeX\tex/context/base/mkii\supp-pdf.mk
ii
[Loading MPS to PDF converter (version 2006.09.02).]
\scratchcounter=\count310
\scratchdimen=\dimen185
\scratchbox=\box68
\nofMPsegments=\count311
\nofMParguments=\count312
\everyMPshowfont=\toks29
\MPscratchCnt=\count313
\MPscratchDim=\dimen186
\MPnumerator=\count314
\makeMPintoPDFobject=\count315
\everyMPtoPDFconversion=\toks30
)
(C:\Users\micha\AppData\Local\Programs\MiKTeX\tex/latex/epstopdf-pkg\epstopdf-b
ase.sty
Package: epstopdf-base 2020-01-24 v2.11 Base part for package epstopdf
Package epstopdf-base Info: Redefining graphics rule for `.eps' on input line 4
85.

(C:\Users\micha\AppData\Local\Programs\MiKTeX\tex/latex/00miktex\epstopdf-sys.c
fg
File: epstopdf-sys.cfg 2021/03/18 v2.0 Configuration of epstopdf for MiKTeX
))
Package caption Info: Begin \AtBeginDocument code.
Package caption Info: float package is loaded.
Package caption Info: listings package is loaded.
Package caption Info: End \AtBeginDocument code.
 (C:\Users\micha\AppData\Local\Programs\MiKTeX\tex/latex/graphics\color.sty
Package: color 2022/01/06 v1.3d Standard LaTeX Color (DPC)
(C:\Users\micha\AppData\Local\Programs\MiKTeX\tex/latex/graphics-cfg\color.cfg
File: color.cfg 2016/01/02 v1.6 sample color configuration
)
Package color Info: Driver file: pdftex.def on input line 149.
(C:\Users\micha\AppData\Local\Programs\MiKTeX\tex/latex/graphics\mathcolor.ltx)
)
(C:\Users\micha\AppData\Local\Programs\MiKTeX\tex/latex/translations/dicts\tran
slations-basic-dictionary-english.trsl
File: translations-basic-dictionary-english.trsl (english translation file `tra
nslations-basic-dictionary')
)
Package translations Info: loading dictionary `translations-basic-dictionary' f
or `english'. on input line 123.
Package newfloat Info: `float' package detected.
\c@lstlisting=\count316
\c@eqfn=\count317
\titlearea=\box69
LaTeX Font Info:    Trying to load font information for OMS+ptm on input line 1
25.

(C:\Users\micha\AppData\Local\Programs\MiKTeX\tex/latex/psnfss\omsptm.fd
File: omsptm.fd 
)
LaTeX Font Info:    Font shape `OMS/ptm/m/n' in size <10> not available
(Font)              Font shape `OMS/cmsy/m/n' tried instead on input line 125.
\actualheight=\skip62
LaTeX Font Info:    Trying to load font information for TS1+ptm on input line 1
25.

(C:\Users\micha\AppData\Local\Programs\MiKTeX\tex/latex/psnfss\ts1ptm.fd
File: ts1ptm.fd 2001/06/04 font definitions for TS1/ptm.
)
(chapters/Intro.tex

Package natbib Warning: Citation `FAFB' on page 1 undefined on input line 9.


Package natbib Warning: Citation `h01' on page 1 undefined on input line 9.


Package natbib Warning: Citation `microns2021functional' on page 1 undefined on
 input line 9.


Package natbib Warning: Citation `lee2021learning' on page 1 undefined on input
 line 10.


Package natbib Warning: Citation `beier2017multicut' on page 1 undefined on inp
ut line 10.


Package natbib Warning: Citation `funke2018large' on page 1 undefined on input 
line 10.


Package natbib Warning: Citation `sheridan2022local' on page 1 undefined on inp
ut line 10.


Package natbib Warning: Citation `lee2017superhuman' on page 1 undefined on inp
ut line 10.


Package natbib Warning: Citation `FFN' on page 1 undefined on input line 10.


Package natbib Warning: Citation `fafb-ffn' on page 1 undefined on input line 1
3.


Package natbib Warning: Citation `matejek2019biologically' on page 1 undefined 
on input line 13.


Package natbib Warning: Citation `FFN' on page 1 undefined on input line 13.


Package natbib Warning: Citation `FAFB' on page 1 undefined on input line 13.


Package natbib Warning: Citation `fafb-ffn' on page 1 undefined on input line 1
4.


Package natbib Warning: Citation `dorkenwald2022flywire' on page 1 undefined on
 input line 15.


Package natbib Warning: Citation `h01' on page 1 undefined on input line 15.


Package natbib Warning: Citation `matejek2019biologically' on page 1 undefined 
on input line 17.


Package natbib Warning: Citation `zung2017error' on page 1 undefined on input l
ine 17.


Package natbib Warning: Citation `VJain-MICCAI-2020' on page 1 undefined on inp
ut line 17.


Package natbib Warning: Citation `matejek2019biologically' on page 1 undefined 
on input line 18.


Underfull \hbox (badness 1448) in paragraph at lines 23--30
\OT1/ptm/m/n/10 into ac-count, fol-low-ing hu-man proof-read-ing prin-ci-ples.
 []


Underfull \vbox (badness 1400) has occurred while \output is active []

 [1{C:/Users/micha/AppData/Local/MiKTeX/fonts/map/pdftex/pdftex.map}{C:/Users/m
icha/AppData/Local/Programs/MiKTeX/fonts/enc/dvips/base/8r.enc}



]
<figs/data-reb.pdf, id=10, 1131.22626pt x 504.80998pt>
File: figs/data-reb.pdf Graphic file (type pdf)
<use figs/data-reb.pdf>
Package pdftex.def Info: figs/data-reb.pdf  used on input line 41.
(pdftex.def)             Requested size: 242.82503pt x 108.35486pt.

Overfull \hbox (3.43065pt too wide) in paragraph at lines 41--44
 [][] 
 []

<figs/dataset-main.pdf, id=11, 3336.465pt x 931.48pt>
File: figs/dataset-main.pdf Graphic file (type pdf)
<use figs/dataset-main.pdf>
Package pdftex.def Info: figs/dataset-main.pdf  used on input line 50.
(pdftex.def)             Requested size: 505.89pt x 141.22256pt.
) (chapters/related-work.tex

Package natbib Warning: Citation `lee2021learning' on page 2 undefined on input
 line 5.


Package natbib Warning: Citation `sheridan2022local' on page 2 undefined on inp
ut line 5.


Package natbib Warning: Citation `funke2018large' on page 2 undefined on input 
line 5.


Package natbib Warning: Citation `beier2017multicut' on page 2 undefined on inp
ut line 5.


Package natbib Warning: Citation `wolf2018mutex' on page 2 undefined on input l
ine 5.


Package natbib Warning: Citation `FFN' on page 2 undefined on input line 6.


Underfull \hbox (badness 10000) in paragraph at lines 5--9
 \OT1/ptm/b/n/10 Voxel-based EM Neu-ron Seg-men-ta-tion. \OT1/ptm/m/n/10 Given 
a
 []


Underfull \hbox (badness 3333) in paragraph at lines 5--9
\OT1/ptm/m/n/10 terabyte- or perabyte-scale EM im-age vol-ume, many
 []


Package natbib Warning: Citation `zung2017error' on page 2 undefined on input l
ine 14.


Package natbib Warning: Citation `VJain-MICCAI-2020' on page 2 undefined on inp
ut line 14.


Package natbib Warning: Citation `celii2023neurd' on page 2 undefined on input 
line 14.


Package natbib Warning: Citation `matejek2019biologically' on page 2 undefined 
on input line 15.


Underfull \hbox (badness 10000) in paragraph at lines 13--17
 \OT1/ptm/b/n/10 Er-ror Cor-rec-tion Meth-ods. \OT1/ptm/m/n/10 Al-though the af
ore-
 []


Underfull \hbox (badness 2495) in paragraph at lines 13--17
\OT1/ptm/m/n/10 mentioned ap-proaches de-ter-mine most cell bound-aries
 []


Underfull \hbox (badness 1824) in paragraph at lines 13--17
\OT1/ptm/m/n/10 cor-rectly, the re-main-ing con-nec-tion er-rors still re-quire

 []


Underfull \hbox (badness 3291) in paragraph at lines 13--17
\OT1/ptm/m/n/10 ex-ten-sive hu-man proof-read-ing and cor-rec-tion. A few
 []


Package natbib Warning: Citation `hadsell2006dimensionality' on page 2 undefine
d on input line 19.


Package natbib Warning: Citation `schroff2015facenet' on page 2 undefined on in
put line 19.


Package natbib Warning: Citation `yang2018retrieving' on page 2 undefined on in
put line 19.


Package natbib Warning: Citation `shi2020optimal' on page 2 undefined on input 
line 19.


Package natbib Warning: Citation `zhou2022rethinking' on page 2 undefined on in
put line 19.


Package natbib Warning: Citation `lee2021learning' on page 2 undefined on input
 line 19.


Package natbib Warning: Citation `Wang_2021_ICCV' on page 2 undefined on input 
line 19.

) (chapters/dataset.tex

Package natbib Warning: Citation `saalfeld2009catmaid' on page 2 undefined on i
nput line 5.


Package natbib Warning: Citation `sato2000teasar' on page 2 undefined on input 
line 5.

[2 <./figs/data-reb.pdf>]

Package natbib Warning: Citation `matejek2019biologically' on page 3 undefined 
on input line 20.


Package natbib Warning: Citation `matejek2019biologically' on page 3 undefined 
on input line 20.


Package natbib Warning: Citation `FAFB' on page 3 undefined on input line 39.


Package natbib Warning: Citation `fafb-ffn' on page 3 undefined on input line 3
9.


Package natbib Warning: Citation `dorkenwald2022flywire' on page 3 undefined on
 input line 39.


Package natbib Warning: Citation `philipp_schlegel_2022_7308283' on page 3 unde
fined on input line 45.


Underfull \vbox (badness 10000) has occurred while \output is active []

 [3 <./figs/dataset-main.pdf>]
<figs/3Dmodel.pdf, id=206, 1027.84pt x 770.88pt>
File: figs/3Dmodel.pdf Graphic file (type pdf)
<use figs/3Dmodel.pdf>
Package pdftex.def Info: figs/3Dmodel.pdf  used on input line 62.
(pdftex.def)             Requested size: 242.82503pt x 182.1096pt.

Overfull \hbox (3.43065pt too wide) in paragraph at lines 62--63
 [][] 
 []


Underfull \hbox (badness 1067) in paragraph at lines 67--73
\OT1/ptm/m/n/10 from $\OT1/cmr/m/n/10 23\OML/cmm/m/it/10 ; \OT1/cmr/m/n/10 769$
 \OT1/ptm/m/n/10 proof-read neu-rons. The av-er-age count of
 []

) (chapters/method-short.tex
<figs/main.pdf, id=207, 1106.63339pt x 347.2975pt>
File: figs/main.pdf Graphic file (type pdf)
<use figs/main.pdf>
Package pdftex.def Info: figs/main.pdf  used on input line 8.
(pdftex.def)             Requested size: 445.18567pt x 139.71143pt.


Package natbib Warning: Citation `matejek2019biologically' on page 4 undefined 
on input line 16.


Package natbib Warning: Citation `PointNet++-NIPS-2017' on page 4 undefined on 
input line 19.


Package natbib Warning: Citation `lee2021learning' on page 4 undefined on input
 line 31.


Package natbib Warning: Citation `de2017semantic' on page 4 undefined on input 
line 31.


Package natbib Warning: Citation `zhou2022rethinking' on page 4 undefined on in
put line 31.

[4 <./figs/3Dmodel.pdf>]

Package natbib Warning: Citation `lee2021learning' on page 5 undefined on input
 line 54.

) (chapters/experiment.tex

Package natbib Warning: Citation `lee2017superhuman' on page 5 undefined on inp
ut line 32.


Package natbib Warning: Citation `hu2018squeeze' on page 5 undefined on input l
ine 32.


Package natbib Warning: Citation `matejek2019biologically' on page 5 undefined 
on input line 34.

[5 <./figs/main.pdf>]

Package natbib Warning: Citation `lee2021learning' on page 6 undefined on input
 line 56.


Package natbib Warning: Citation `lee2021learning' on page 6 undefined on input
 line 57.

<figs/thresh.pdf, id=479, 410.53375pt x 351.3125pt>
File: figs/thresh.pdf Graphic file (type pdf)
<use figs/thresh.pdf>
Package pdftex.def Info: figs/thresh.pdf  used on input line 63.
(pdftex.def)             Requested size: 227.64894pt x 194.80919pt.

Underfull \hbox (badness 1675) in paragraph at lines 68--74
[]\OT1/ptm/m/n/10 As Ta-ble 2[] shows, the com-bi-na-tion of point cloud
 []


Underfull \hbox (badness 6708) in paragraph at lines 68--74
\OT1/ptm/m/n/10 rep-re-sen-ta-tion and our connectivity-aware em-bed-ding
 []


Package natbib Warning: Citation `lee2021learning' on page 6 undefined on input
 line 81.

[6 <./figs/thresh.pdf>]
<figs/improvement.pdf, id=529, 2746.26pt x 1194.4625pt>
File: figs/improvement.pdf Graphic file (type pdf)
<use figs/improvement.pdf>
Package pdftex.def Info: figs/improvement.pdf  used on input line 85.
(pdftex.def)             Requested size: 242.82503pt x 105.60147pt.

Overfull \hbox (3.43065pt too wide) in paragraph at lines 85--86
 [][] 
 []


Underfull \hbox (badness 1490) in paragraph at lines 99--101
 \OT1/ptm/b/n/10 Ab-la-tion Study of Em-bed-Net. \OT1/ptm/m/n/10 We mea-sure th
e dis-
 []


Underfull \hbox (badness 3724) in paragraph at lines 99--101
\OT1/ptm/m/n/10 crim-i-na-tive abil-ity of Em-bed-Net un-der dif-fer-ent loss
 []


Underfull \hbox (badness 1521) in paragraph at lines 99--101
\OT1/ptm/m/n/10 con-fig-u-ra-tions. The dis-crim-i-na-tive abil-ity is de-fined
 as
 []


Underfull \hbox (badness 10000) in paragraph at lines 99--101
\OMS/cmsy/m/n/10 f []  \OML/cmm/m/it/10 ; []  ; :::; [] \OMS/cmsy/m/n/10 g$\OT1
/ptm/m/n/10 .
 []


Package natbib Warning: Citation `fafb-ffn' on page 7 undefined on input line 1
23.


Package natbib Warning: Citation `FAFB' on page 7 undefined on input line 123.


Package natbib Warning: Citation `wei2021axonem' on page 7 undefined on input l
ine 123.


Package natbib Warning: Citation `matejek2019biologically' on page 7 undefined 
on input line 124.

) (chapters/conclusion.tex)
Underfull \hbox (badness 1389) in paragraph at lines 150--150
[]\OT1/ptm/m/n/10 Hic op-tio ob-cae-cati delec-tus vi-tae de-serunt ad quas
 []

[7 <./figs/improvement.pdf>] [8

]
No file aaai24_changed.bbl.

Package natbib Warning: There were undefined citations.

(aaai24_changed.aux)
 ***********
LaTeX2e <2023-06-01> patch level 1
L3 programming layer <2023-08-29>
 ***********
 ) 
Here is how much of TeX's memory you used:
 10724 strings out of 475247
 232431 string characters out of 5757792
 1944801 words of memory out of 5000000
 32097 multiletter control sequences out of 15000+600000
 587230 words of font info for 101 fonts, out of 8000000 for 9000
 1141 hyphenation exceptions out of 8191
 73i,10n,80p,1290b,530s stack positions out of 10000i,1000n,20000p,200000b,200000s
<C:/Users/micha/AppData/Local/Programs/MiKTeX/fonts/type1/public/amsfonts/cm/
cmbx10.pfb><C:/Users/micha/AppData/Local/Programs/MiKTeX/fonts/type1/public/ams
fonts/cm/cmex10.pfb><C:/Users/micha/AppData/Local/Programs/MiKTeX/fonts/type1/p
ublic/amsfonts/cm/cmmi10.pfb><C:/Users/micha/AppData/Local/Programs/MiKTeX/font
s/type1/public/amsfonts/cm/cmmi5.pfb><C:/Users/micha/AppData/Local/Programs/MiK
TeX/fonts/type1/public/amsfonts/cm/cmmi7.pfb><C:/Users/micha/AppData/Local/Prog
rams/MiKTeX/fonts/type1/public/amsfonts/cm/cmmib10.pfb><C:/Users/micha/AppData/
Local/Programs/MiKTeX/fonts/type1/public/amsfonts/cm/cmr10.pfb><C:/Users/micha/
AppData/Local/Programs/MiKTeX/fonts/type1/public/amsfonts/cm/cmr7.pfb><C:/Users
/micha/AppData/Local/Programs/MiKTeX/fonts/type1/public/amsfonts/cm/cmsy10.pfb>
<C:/Users/micha/AppData/Local/Programs/MiKTeX/fonts/type1/public/amsfonts/cm/cm
sy7.pfb><C:/Users/micha/AppData/Local/Programs/MiKTeX/fonts/type1/urw/times/utm
b8a.pfb><C:/Users/micha/AppData/Local/Programs/MiKTeX/fonts/type1/urw/times/utm
r8a.pfb>
Output written on aaai24_changed.pdf (8 pages, 9350130 bytes).
PDF statistics:
 648 PDF objects out of 1000 (max. 8388607)
 0 named destinations out of 1000 (max. 500000)
 31 words of extra memory for PDF output out of 10000 (max. 10000000)

