This is pdfTeX, Version 3.141592653-2.6-1.40.25 (MiKTeX 23.5) (preloaded format=pdflatex 2024.1.12)  3 MAR 2024 12:45
entering extended mode
 restricted \write18 enabled.
 %&-line parsing enabled.
**./aaai24_changed.tex
(aaai24_changed.tex
LaTeX2e <2023-06-01> patch level 1
L3 programming layer <2023-08-29>
(C:\Users\orfuc\AppData\Local\Programs\MiKTeX\tex/latex/base\article.cls
Document Class: article 2023/05/17 v1.4n Standard LaTeX document class
(C:\Users\orfuc\AppData\Local\Programs\MiKTeX\tex/latex/base\size10.clo
File: size10.clo 2023/05/17 v1.4n Standard LaTeX file (size option)
)
\c@part=\count185
\c@section=\count186
\c@subsection=\count187
\c@subsubsection=\count188
\c@paragraph=\count189
\c@subparagraph=\count190
\c@figure=\count191
\c@table=\count192
\abovecaptionskip=\skip48
\belowcaptionskip=\skip49
\bibindent=\dimen140
)
(aaai24.sty
Package: aaai24 2023/06/26 AAAI 2024 Submission format

Conference Style for AAAI for LaTeX 2e -- version for submission
\titlebox=\skip50
) (C:\Users\orfuc\AppData\Local\Programs\MiKTeX\tex/latex/psnfss\times.sty
Package: times 2020/03/25 PSNFSS-v9.3 (SPQR) 
)
(C:\Users\orfuc\AppData\Local\Programs\MiKTeX\tex/latex/psnfss\helvet.sty
Package: helvet 2020/03/25 PSNFSS-v9.3 (WaS) 

(C:\Users\orfuc\AppData\Local\Programs\MiKTeX\tex/latex/graphics\keyval.sty
Package: keyval 2022/05/29 v1.15 key=value parser (DPC)
\KV@toks@=\toks17
))
(C:\Users\orfuc\AppData\Local\Programs\MiKTeX\tex/latex/psnfss\courier.sty
Package: courier 2020/03/25 PSNFSS-v9.3 (WaS) 
)
(C:\Users\orfuc\AppData\Local\Programs\MiKTeX\tex/latex/url\url.sty
\Urlmuskip=\muskip16
Package: url 2013/09/16  ver 3.4  Verb mode for urls, etc.
)
(C:\Users\orfuc\AppData\Local\Programs\MiKTeX\tex/latex/graphics\graphicx.sty
Package: graphicx 2021/09/16 v1.2d Enhanced LaTeX Graphics (DPC,SPQR)

(C:\Users\orfuc\AppData\Local\Programs\MiKTeX\tex/latex/graphics\graphics.sty
Package: graphics 2022/03/10 v1.4e Standard LaTeX Graphics (DPC,SPQR)

(C:\Users\orfuc\AppData\Local\Programs\MiKTeX\tex/latex/graphics\trig.sty
Package: trig 2021/08/11 v1.11 sin cos tan (DPC)
)
(C:\Users\orfuc\AppData\Local\Programs\MiKTeX\tex/latex/graphics-cfg\graphics.c
fg
File: graphics.cfg 2016/06/04 v1.11 sample graphics configuration
)
Package graphics Info: Driver file: pdftex.def on input line 107.

(C:\Users\orfuc\AppData\Local\Programs\MiKTeX\tex/latex/graphics-def\pdftex.def
File: pdftex.def 2022/09/22 v1.2b Graphics/color driver for pdftex
))
\Gin@req@height=\dimen141
\Gin@req@width=\dimen142
) (C:\Users\orfuc\AppData\Local\Programs\MiKTeX\tex/latex/amsmath\amsmath.sty
Package: amsmath 2023/05/13 v2.17o AMS math features
\@mathmargin=\skip51
For additional information on amsmath, use the `?' option.
(C:\Users\orfuc\AppData\Local\Programs\MiKTeX\tex/latex/amsmath\amstext.sty
Package: amstext 2021/08/26 v2.01 AMS text

(C:\Users\orfuc\AppData\Local\Programs\MiKTeX\tex/latex/amsmath\amsgen.sty
File: amsgen.sty 1999/11/30 v2.0 generic functions
\@emptytoks=\toks18
\ex@=\dimen143
))
(C:\Users\orfuc\AppData\Local\Programs\MiKTeX\tex/latex/amsmath\amsbsy.sty
Package: amsbsy 1999/11/29 v1.2d Bold Symbols
\pmbraise@=\dimen144
)
(C:\Users\orfuc\AppData\Local\Programs\MiKTeX\tex/latex/amsmath\amsopn.sty
Package: amsopn 2022/04/08 v2.04 operator names
)
\inf@bad=\count193
LaTeX Info: Redefining \frac on input line 234.
\uproot@=\count194
\leftroot@=\count195
LaTeX Info: Redefining \overline on input line 399.
LaTeX Info: Redefining \colon on input line 410.
\classnum@=\count196
\DOTSCASE@=\count197
LaTeX Info: Redefining \ldots on input line 496.
LaTeX Info: Redefining \dots on input line 499.
LaTeX Info: Redefining \cdots on input line 620.
\Mathstrutbox@=\box51
\strutbox@=\box52
LaTeX Info: Redefining \big on input line 722.
LaTeX Info: Redefining \Big on input line 723.
LaTeX Info: Redefining \bigg on input line 724.
LaTeX Info: Redefining \Bigg on input line 725.
\big@size=\dimen145
LaTeX Font Info:    Redeclaring font encoding OML on input line 743.
LaTeX Font Info:    Redeclaring font encoding OMS on input line 744.
\macc@depth=\count198
LaTeX Info: Redefining \bmod on input line 905.
LaTeX Info: Redefining \pmod on input line 910.
LaTeX Info: Redefining \smash on input line 940.
LaTeX Info: Redefining \relbar on input line 970.
LaTeX Info: Redefining \Relbar on input line 971.
\c@MaxMatrixCols=\count199
\dotsspace@=\muskip17
\c@parentequation=\count266
\dspbrk@lvl=\count267
\tag@help=\toks19
\row@=\count268
\column@=\count269
\maxfields@=\count270
\andhelp@=\toks20
\eqnshift@=\dimen146
\alignsep@=\dimen147
\tagshift@=\dimen148
\tagwidth@=\dimen149
\totwidth@=\dimen150
\lineht@=\dimen151
\@envbody=\toks21
\multlinegap=\skip52
\multlinetaggap=\skip53
\mathdisplay@stack=\toks22
LaTeX Info: Redefining \[ on input line 2953.
LaTeX Info: Redefining \] on input line 2954.
)
(C:\Users\orfuc\AppData\Local\Programs\MiKTeX\tex/latex/amsfonts\amssymb.sty
Package: amssymb 2013/01/14 v3.01 AMS font symbols

(C:\Users\orfuc\AppData\Local\Programs\MiKTeX\tex/latex/amsfonts\amsfonts.sty
Package: amsfonts 2013/01/14 v3.01 Basic AMSFonts support
\symAMSa=\mathgroup4
\symAMSb=\mathgroup5
LaTeX Font Info:    Redeclaring math symbol \hbar on input line 98.
LaTeX Font Info:    Overwriting math alphabet `\mathfrak' in version `bold'
(Font)                  U/euf/m/n --> U/euf/b/n on input line 106.
)) (C:\Users\orfuc\AppData\Local\Programs\MiKTeX\tex/latex/graphics\color.sty
Package: color 2022/01/06 v1.3d Standard LaTeX Color (DPC)

(C:\Users\orfuc\AppData\Local\Programs\MiKTeX\tex/latex/graphics-cfg\color.cfg
File: color.cfg 2016/01/02 v1.6 sample color configuration
)
Package color Info: Driver file: pdftex.def on input line 149.
(C:\Users\orfuc\AppData\Local\Programs\MiKTeX\tex/latex/graphics\mathcolor.ltx)
) (C:\Users\orfuc\AppData\Local\Programs\MiKTeX\tex/latex/booktabs\booktabs.sty
Package: booktabs 2020/01/12 v1.61803398 Publication quality tables
\heavyrulewidth=\dimen152
\lightrulewidth=\dimen153
\cmidrulewidth=\dimen154
\belowrulesep=\dimen155
\belowbottomsep=\dimen156
\aboverulesep=\dimen157
\abovetopsep=\dimen158
\cmidrulesep=\dimen159
\cmidrulekern=\dimen160
\defaultaddspace=\dimen161
\@cmidla=\count271
\@cmidlb=\count272
\@aboverulesep=\dimen162
\@belowrulesep=\dimen163
\@thisruleclass=\count273
\@lastruleclass=\count274
\@thisrulewidth=\dimen164
) (C:\Users\orfuc\AppData\Local\Programs\MiKTeX\tex/latex/multirow\multirow.sty
Package: multirow 2021/03/15 v2.8 Span multiple rows of a table
\multirow@colwidth=\skip54
\multirow@cntb=\count275
\multirow@dima=\skip55
\bigstrutjot=\dimen165
) (C:\Users\orfuc\AppData\Local\Programs\MiKTeX\tex/latex/bbding\bbding.sty
Package: bbding 1999/04/15 v1.01 Dingbats symbols
)
(C:\Users\orfuc\AppData\Local\Programs\MiKTeX\tex/latex/natbib\natbib.sty
Package: natbib 2010/09/13 8.31b (PWD, AO)
\bibhang=\skip56
\bibsep=\skip57
LaTeX Info: Redefining \cite on input line 694.
\c@NAT@ctr=\count276
)
(C:\Users\orfuc\AppData\Local\Programs\MiKTeX\tex/latex/caption\caption.sty
Package: caption 2023/07/31 v3.6n Customizing captions (AR)

(C:\Users\orfuc\AppData\Local\Programs\MiKTeX\tex/latex/caption\caption3.sty
Package: caption3 2023/07/31 v2.4d caption3 kernel (AR)
\caption@tempdima=\dimen166
\captionmargin=\dimen167
\caption@leftmargin=\dimen168
\caption@rightmargin=\dimen169
\caption@width=\dimen170
\caption@indent=\dimen171
\caption@parindent=\dimen172
\caption@hangindent=\dimen173
Package caption Info: Standard document class detected.
)
\c@caption@flags=\count277
\c@continuedfloat=\count278
)
(C:\Users\orfuc\AppData\Local\Programs\MiKTeX\tex/latex/algorithms\algorithm.st
y
Package: algorithm 2009/08/24 v0.1 Document Style `algorithm' - floating enviro
nment
 (C:\Users\orfuc\AppData\Local\Programs\MiKTeX\tex/latex/float\float.sty
Package: float 2001/11/08 v1.3d Float enhancements (AL)
\c@float@type=\count279
\float@exts=\toks23
\float@box=\box53
\@float@everytoks=\toks24
\@floatcapt=\box54
)
(C:\Users\orfuc\AppData\Local\Programs\MiKTeX\tex/latex/base\ifthen.sty
Package: ifthen 2022/04/13 v1.1d Standard LaTeX ifthen package (DPC)
)
\@float@every@algorithm=\toks25
\c@algorithm=\count280
)
(C:\Users\orfuc\AppData\Local\Programs\MiKTeX\tex/latex/algorithms\algorithmic.
sty
Package: algorithmic 2009/08/24 v0.1 Document Style `algorithmic'
\c@ALC@unique=\count281
\c@ALC@line=\count282
\c@ALC@rem=\count283
\c@ALC@depth=\count284
\ALC@tlm=\skip58
\algorithmicindent=\skip59
)
(C:\Users\orfuc\AppData\Local\Programs\MiKTeX\tex/latex/newfloat\newfloat.sty
Package: newfloat 2019/09/02 v1.1l Defining new floating environments (AR)
)
(C:\Users\orfuc\AppData\Local\Programs\MiKTeX\tex/latex/listings\listings.sty
\lst@mode=\count285
\lst@gtempboxa=\box55
\lst@token=\toks26
\lst@length=\count286
\lst@currlwidth=\dimen174
\lst@column=\count287
\lst@pos=\count288
\lst@lostspace=\dimen175
\lst@width=\dimen176
\lst@newlines=\count289
\lst@lineno=\count290
\lst@maxwidth=\dimen177

(C:\Users\orfuc\AppData\Local\Programs\MiKTeX\tex/latex/listings\lstmisc.sty
File: lstmisc.sty 2023/02/27 1.9 (Carsten Heinz)
\c@lstnumber=\count291
\lst@skipnumbers=\count292
\lst@framebox=\box56
)
(C:\Users\orfuc\AppData\Local\Programs\MiKTeX\tex/latex/listings\listings.cfg
File: listings.cfg 2023/02/27 1.9 listings configuration
))
Package: listings 2023/02/27 1.9 (Carsten Heinz)
\@float@every@listing=\toks27
\c@listing=\count293
(C:\Users\orfuc\AppData\Local\Programs\MiKTeX\tex/latex/natbib\bibentry.sty
Package: bibentry 2007/10/30 1.5 (PWD)
)
LaTeX Font Info:    Trying to load font information for OT1+ptm on input line 1
81.

(C:\Users\orfuc\AppData\Local\Programs\MiKTeX\tex/latex/psnfss\ot1ptm.fd
File: ot1ptm.fd 2001/06/04 font definitions for OT1/ptm.
)
(C:\Users\orfuc\AppData\Local\Programs\MiKTeX\tex/latex/l3backend\l3backend-pdf
tex.def
File: l3backend-pdftex.def 2023-04-19 L3 backend support: PDF output (pdfTeX)
\l__color_backend_stack_int=\count294
\l__pdf_internal_box=\box57
) (aaai24_changed.aux)
\openout1 = `aaai24_changed.aux'.

LaTeX Font Info:    Checking defaults for OML/cmm/m/it on input line 181.
LaTeX Font Info:    ... okay on input line 181.
LaTeX Font Info:    Checking defaults for OMS/cmsy/m/n on input line 181.
LaTeX Font Info:    ... okay on input line 181.
LaTeX Font Info:    Checking defaults for OT1/cmr/m/n on input line 181.
LaTeX Font Info:    ... okay on input line 181.
LaTeX Font Info:    Checking defaults for T1/cmr/m/n on input line 181.
LaTeX Font Info:    ... okay on input line 181.
LaTeX Font Info:    Checking defaults for TS1/cmr/m/n on input line 181.
LaTeX Font Info:    ... okay on input line 181.
LaTeX Font Info:    Checking defaults for OMX/cmex/m/n on input line 181.
LaTeX Font Info:    ... okay on input line 181.
LaTeX Font Info:    Checking defaults for U/cmr/m/n on input line 181.
LaTeX Font Info:    ... okay on input line 181.

(C:\Users\orfuc\AppData\Local\Programs\MiKTeX\tex/context/base/mkii\supp-pdf.mk
ii
[Loading MPS to PDF converter (version 2006.09.02).]
\scratchcounter=\count295
\scratchdimen=\dimen178
\scratchbox=\box58
\nofMPsegments=\count296
\nofMParguments=\count297
\everyMPshowfont=\toks28
\MPscratchCnt=\count298
\MPscratchDim=\dimen179
\MPnumerator=\count299
\makeMPintoPDFobject=\count300
\everyMPtoPDFconversion=\toks29
)
(C:\Users\orfuc\AppData\Local\Programs\MiKTeX\tex/latex/epstopdf-pkg\epstopdf-b
ase.sty
Package: epstopdf-base 2020-01-24 v2.11 Base part for package epstopdf
Package epstopdf-base Info: Redefining graphics rule for `.eps' on input line 4
85.

(C:\Users\orfuc\AppData\Local\Programs\MiKTeX\tex/latex/00miktex\epstopdf-sys.c
fg
File: epstopdf-sys.cfg 2021/03/18 v2.0 Configuration of epstopdf for MiKTeX
))
Package caption Info: Begin \AtBeginDocument code.
Package caption Info: float package is loaded.
Package caption Info: listings package is loaded.
Package caption Info: End \AtBeginDocument code.
Package newfloat Info: `float' package detected.
\c@lstlisting=\count301
\c@eqfn=\count302
\titlearea=\box59
LaTeX Font Info:    Trying to load font information for OMS+ptm on input line 1
83.
 (C:\Users\orfuc\AppData\Local\Programs\MiKTeX\tex/latex/psnfss\omsptm.fd
File: omsptm.fd 
)
LaTeX Font Info:    Font shape `OMS/ptm/m/n' in size <10> not available
(Font)              Font shape `OMS/cmsy/m/n' tried instead on input line 183.
\actualheight=\skip60
LaTeX Font Info:    Trying to load font information for U+msa on input line 183
.

(C:\Users\orfuc\AppData\Local\Programs\MiKTeX\tex/latex/amsfonts\umsa.fd
File: umsa.fd 2013/01/14 v3.01 AMS symbols A
)
LaTeX Font Info:    Trying to load font information for U+msb on input line 183
.

(C:\Users\orfuc\AppData\Local\Programs\MiKTeX\tex/latex/amsfonts\umsb.fd
File: umsb.fd 2013/01/14 v3.01 AMS symbols B
)
LaTeX Font Info:    Trying to load font information for TS1+ptm on input line 1
83.

(C:\Users\orfuc\AppData\Local\Programs\MiKTeX\tex/latex/psnfss\ts1ptm.fd
File: ts1ptm.fd 2001/06/04 font definitions for TS1/ptm.
)

Package natbib Warning: Citation `JMMC' on page 1 undefined on input line 194.


Package natbib Warning: Citation `ProTrack' on page 1 undefined on input line 1
94.


Package natbib Warning: Citation `ADRNet' on page 1 undefined on input line 194
.


Package natbib Warning: Citation `DMCNet' on page 1 undefined on input line 194
.


Package natbib Warning: Citation `zhu2023visual' on page 1 undefined on input l
ine 194.


Package natbib Warning: Citation `GTOT' on page 1 undefined on input line 194.


Package natbib Warning: Citation `rgbt234' on page 1 undefined on input line 19
4.


Package natbib Warning: Citation `LasHeR' on page 1 undefined on input line 194
.


Package natbib Warning: Citation `HMFT' on page 1 undefined on input line 194.


Underfull \hbox (badness 1259) in paragraph at lines 194--199
\OT1/ptm/m/n/10 have emerged and achieved promis-ing per-for-mance on
 []



pdfTeX warning: pdflatex (file ./Figures/Figure1.pdf): PDF inclusion: found PDF
 version <1.7>, but at most version <1.5> allowed
<Figures/Figure1.pdf, id=1, 659.5842pt x 342.07799pt>
File: Figures/Figure1.pdf Graphic file (type pdf)
<use Figures/Figure1.pdf>
Package pdftex.def Info: Figures/Figure1.pdf  used on input line 204.
(pdftex.def)             Requested size: 239.39438pt x 124.15536pt.

Package natbib Warning: Citation `DAPNet' on page 1 undefined on input line 219
.


Package natbib Warning: Citation `DAFNet' on page 1 undefined on input line 219
.


Package natbib Warning: Citation `mfDimp' on page 1 undefined on input line 219
.


Package natbib Warning: Citation `CAT' on page 1 undefined on input line 219.


Package natbib Warning: Citation `ADRNet' on page 1 undefined on input line 219
.


Package natbib Warning: Citation `APFNet' on page 1 undefined on input line 219
.


Package natbib Warning: Citation `ProTrack' on page 1 undefined on input line 2
22.


Package natbib Warning: Citation `zhu2023visual' on page 1 undefined on input l
ine 222.

[1{C:/Users/orfuc/AppData/Local/MiKTeX/fonts/map/pdftex/pdftex.map}{C:/Users/or
fuc/AppData/Local/Programs/MiKTeX/fonts/enc/dvips/base/8r.enc}



 <./Figures/Figure1.pdf>]

Package natbib Warning: Citation `rgbt234' on page 2 undefined on input line 23
2.


Package natbib Warning: Citation `LasHeR' on page 2 undefined on input line 232
.


Package natbib Warning: Citation `ye2022joint' on page 2 undefined on input lin
e 250.


Package natbib Warning: Citation `cui2022mixformer' on page 2 undefined on inpu
t line 250.


Package natbib Warning: Citation `lan2023procontext' on page 2 undefined on inp
ut line 250.


Package natbib Warning: Citation `FANet' on page 2 undefined on input line 250.



Package natbib Warning: Citation `HMFT' on page 2 undefined on input line 250.


Package natbib Warning: Citation `APFNet' on page 2 undefined on input line 250
.



pdfTeX warning: pdflatex (file ./Figures/Figure2.pdf): PDF inclusion: found PDF
 version <1.7>, but at most version <1.5> allowed
<./Figures/Figure2.pdf, id=29, 962.80203pt x 340.64563pt>
File: ./Figures/Figure2.pdf Graphic file (type pdf)
<use ./Figures/Figure2.pdf>
Package pdftex.def Info: ./Figures/Figure2.pdf  used on input line 255.
(pdftex.def)             Requested size: 505.89pt x 178.98717pt.

Package natbib Warning: Citation `khattak2023maple' on page 2 undefined on inpu
t line 265.


Package natbib Warning: Citation `jia2022visual' on page 2 undefined on input l
ine 266.


Package natbib Warning: Citation `ProTrack' on page 2 undefined on input line 2
67.


Package natbib Warning: Citation `zhu2023visual' on page 2 undefined on input l
ine 268.


Underfull \hbox (badness 2158) in paragraph at lines 275--278
\OT1/ptm/m/n/10 adapter for multi-modal track-ing (BAT), which cross-
 []

[2]

pdfTeX warning: pdflatex (file ./Figures/Figure3.pdf): PDF inclusion: found PDF
 version <1.7>, but at most version <1.5> allowed
<Figures/Figure3.pdf, id=33, 548.61664pt x 391.64418pt>
File: Figures/Figure3.pdf Graphic file (type pdf)
<use Figures/Figure3.pdf>
Package pdftex.def Info: Figures/Figure3.pdf  used on input line 312.
(pdftex.def)             Requested size: 239.39438pt x 170.8957pt.
[3 <./Figures/Figure2.pdf>]
Underfull \hbox (badness 2126) in paragraph at lines 332--336
\OT1/ptm/m/n/10 where $\OMS/cmsy/m/n/10 F[]$ \OT1/ptm/m/n/10 and $\OMS/cmsy/m/n
/10 F[]$ \OT1/ptm/m/n/10 rep-re-sent the multi-head self-
 []


Package natbib Warning: Citation `rgbt234' on page 4 undefined on input line 37
2.


Package natbib Warning: Citation `LasHeR' on page 4 undefined on input line 372
.

[4 <./Figures/Figure3.pdf>]

Package natbib Warning: Citation `loshchilov2019adamw' on page 5 undefined on i
nput line 385.


Package natbib Warning: Citation `ye2022joint' on page 5 undefined on input lin
e 386.


Package natbib Warning: Citation `DMCNet' on page 5 undefined on input line 393
.


Package natbib Warning: Citation `zhu2023visual' on page 5 undefined on input l
ine 393.


Package natbib Warning: Citation `atom' on page 5 undefined on input line 410.


Package natbib Warning: Citation `dimp50' on page 5 undefined on input line 411
.


Package natbib Warning: Citation `mfDimp' on page 5 undefined on input line 412
.


Package natbib Warning: Citation `DAPNet' on page 5 undefined on input line 413
.


Package natbib Warning: Citation `siamfc++' on page 5 undefined on input line 4
14.


Package natbib Warning: Citation `CAT' on page 5 undefined on input line 415.


Package natbib Warning: Citation `CMPP' on page 5 undefined on input line 416.


Package natbib Warning: Citation `stark' on page 5 undefined on input line 417.



Package natbib Warning: Citation `transt' on page 5 undefined on input line 418
.


Package natbib Warning: Citation `JMMC' on page 5 undefined on input line 419.


Package natbib Warning: Citation `MANet++' on page 5 undefined on input line 42
0.


Package natbib Warning: Citation `FANet' on page 5 undefined on input line 421.



Package natbib Warning: Citation `ADRNet' on page 5 undefined on input line 422
.


Package natbib Warning: Citation `ye2022joint' on page 5 undefined on input lin
e 423.


Package natbib Warning: Citation `APFNet' on page 5 undefined on input line 424
.


Package natbib Warning: Citation `DMCNet' on page 5 undefined on input line 425
.


Package natbib Warning: Citation `HMFT' on page 5 undefined on input line 426.


Package natbib Warning: Citation `ProTrack' on page 5 undefined on input line 4
28.


Package natbib Warning: Citation `zhu2023visual' on page 5 undefined on input l
ine 429.



pdfTeX warning: pdflatex (file ./Figures/Figure4.pdf): PDF inclusion: found PDF
 version <1.7>, but at most version <1.5> allowed
<./Figures/Figure4.pdf, id=142, 911.61177pt x 511.45247pt>
File: ./Figures/Figure4.pdf Graphic file (type pdf)
<use ./Figures/Figure4.pdf>
Package pdftex.def Info: ./Figures/Figure4.pdf  used on input line 448.
(pdftex.def)             Requested size: 505.89pt x 283.82826pt.


pdfTeX warning: pdflatex (file ./Figures/Figure6.pdf): PDF inclusion: found PDF
 version <1.7>, but at most version <1.5> allowed
<./Figures/Figure6.pdf, id=143, 721.88347pt x 415.98781pt>
File: ./Figures/Figure6.pdf Graphic file (type pdf)
<use ./Figures/Figure6.pdf>
Package pdftex.def Info: ./Figures/Figure6.pdf  used on input line 455.
(pdftex.def)             Requested size: 239.39438pt x 137.94922pt.


pdfTeX warning: pdflatex (file ./Figures/Figure5.pdf): PDF inclusion: found PDF
 version <1.7>, but at most version <1.5> allowed
<./Figures/Figure5.pdf, id=144, 893.67758pt x 528.69125pt>
File: ./Figures/Figure5.pdf Graphic file (type pdf)
<use ./Figures/Figure5.pdf>
Package pdftex.def Info: ./Figures/Figure5.pdf  used on input line 462.
(pdftex.def)             Requested size: 239.39438pt x 141.61914pt.

Underfull \vbox (badness 1137) has occurred while \output is active []

 [5]
[6 <./Figures/Figure4.pdf> <./Figures/Figure6.pdf> <./Figures/Figure5.pdf>]
Overfull \hbox (7.63475pt too wide) in paragraph at lines 561--573
 [][] 
 []

[7] [8

]
No file aaai24_changed.bbl.

Package natbib Warning: There were undefined citations.

(aaai24_changed.aux)
 ***********
LaTeX2e <2023-06-01> patch level 1
L3 programming layer <2023-08-29>
 ***********
 ) 
Here is how much of TeX's memory you used:
 6818 strings out of 475247
 109831 string characters out of 5757792
 1946801 words of memory out of 5000000
 28246 multiletter control sequences out of 15000+600000
 581579 words of font info for 91 fonts, out of 8000000 for 9000
 1141 hyphenation exceptions out of 8191
 57i,9n,65p,1503b,349s stack positions out of 10000i,1000n,20000p,200000b,200000s
<C:/Users/orfuc/AppData/Local/Programs/MiKTeX/fonts/type1/public/amsfonts/cm/
cmmi10.pfb><C:/Users/orfuc/AppData/Local/Programs/MiKTeX/fonts/type1/public/ams
fonts/cm/cmmi7.pfb><C:/Users/orfuc/AppData/Local/Programs/MiKTeX/fonts/type1/pu
blic/amsfonts/cm/cmr10.pfb><C:/Users/orfuc/AppData/Local/Programs/MiKTeX/fonts/
type1/public/amsfonts/cm/cmr7.pfb><C:/Users/orfuc/AppData/Local/Programs/MiKTeX
/fonts/type1/public/amsfonts/cm/cmsy10.pfb><C:/Users/orfuc/AppData/Local/Progra
ms/MiKTeX/fonts/type1/public/amsfonts/cm/cmsy7.pfb><C:/Users/orfuc/AppData/Loca
l/Programs/MiKTeX/fonts/type1/urw/times/utmb8a.pfb><C:/Users/orfuc/AppData/Loca
l/Programs/MiKTeX/fonts/type1/urw/times/utmr8a.pfb>
Output written on aaai24_changed.pdf (8 pages, 1355806 bytes).
PDF statistics:
 270 PDF objects out of 1000 (max. 8388607)
 0 named destinations out of 1000 (max. 500000)
 31 words of extra memory for PDF output out of 10000 (max. 10000000)

