This is pdfTeX, Version 3.141592653-2.6-1.40.25 (MiKTeX 23.9) (preloaded format=pdflatex 2023.9.22)  19 JAN 2024 13:24
entering extended mode
 restricted \write18 enabled.
 %&-line parsing enabled.
**./aaai24_changed.tex
(aaai24_changed.tex
LaTeX2e <2023-06-01> patch level 1
L3 programming layer <2023-08-29>
(C:\Users\micha\AppData\Local\Programs\MiKTeX\tex/latex/base\article.cls
Document Class: article 2023/05/17 v1.4n Standard LaTeX document class
(C:\Users\micha\AppData\Local\Programs\MiKTeX\tex/latex/base\size10.clo
File: size10.clo 2023/05/17 v1.4n Standard LaTeX file (size option)
)
\c@part=\count185
\c@section=\count186
\c@subsection=\count187
\c@subsubsection=\count188
\c@paragraph=\count189
\c@subparagraph=\count190
\c@figure=\count191
\c@table=\count192
\abovecaptionskip=\skip48
\belowcaptionskip=\skip49
\bibindent=\dimen140
)
(aaai24.sty
Package: aaai24 2023/06/26 AAAI 2024 Submission format

Conference Style for AAAI for LaTeX 2e -- version for submission
\titlebox=\skip50
) (C:\Users\micha\AppData\Local\Programs\MiKTeX\tex/latex/psnfss\times.sty
Package: times 2020/03/25 PSNFSS-v9.3 (SPQR) 
)
(C:\Users\micha\AppData\Local\Programs\MiKTeX\tex/latex/psnfss\helvet.sty
Package: helvet 2020/03/25 PSNFSS-v9.3 (WaS) 

(C:\Users\micha\AppData\Local\Programs\MiKTeX\tex/latex/graphics\keyval.sty
Package: keyval 2022/05/29 v1.15 key=value parser (DPC)
\KV@toks@=\toks17
))
(C:\Users\micha\AppData\Local\Programs\MiKTeX\tex/latex/psnfss\courier.sty
Package: courier 2020/03/25 PSNFSS-v9.3 (WaS) 
)
(C:\Users\micha\AppData\Local\Programs\MiKTeX\tex/latex/url\url.sty
\Urlmuskip=\muskip16
Package: url 2013/09/16  ver 3.4  Verb mode for urls, etc.
)
(C:\Users\micha\AppData\Local\Programs\MiKTeX\tex/latex/graphics\graphicx.sty
Package: graphicx 2021/09/16 v1.2d Enhanced LaTeX Graphics (DPC,SPQR)

(C:\Users\micha\AppData\Local\Programs\MiKTeX\tex/latex/graphics\graphics.sty
Package: graphics 2022/03/10 v1.4e Standard LaTeX Graphics (DPC,SPQR)

(C:\Users\micha\AppData\Local\Programs\MiKTeX\tex/latex/graphics\trig.sty
Package: trig 2021/08/11 v1.11 sin cos tan (DPC)
)
(C:\Users\micha\AppData\Local\Programs\MiKTeX\tex/latex/graphics-cfg\graphics.c
fg
File: graphics.cfg 2016/06/04 v1.11 sample graphics configuration
)
Package graphics Info: Driver file: pdftex.def on input line 107.

(C:\Users\micha\AppData\Local\Programs\MiKTeX\tex/latex/graphics-def\pdftex.def
File: pdftex.def 2022/09/22 v1.2b Graphics/color driver for pdftex
))
\Gin@req@height=\dimen141
\Gin@req@width=\dimen142
) (C:\Users\micha\AppData\Local\Programs\MiKTeX\tex/latex/natbib\natbib.sty
Package: natbib 2010/09/13 8.31b (PWD, AO)
\bibhang=\skip51
\bibsep=\skip52
LaTeX Info: Redefining \cite on input line 694.
\c@NAT@ctr=\count193
)
(C:\Users\micha\AppData\Local\Programs\MiKTeX\tex/latex/xcolor\xcolor.sty
Package: xcolor 2022/06/12 v2.14 LaTeX color extensions (UK)

(C:\Users\micha\AppData\Local\Programs\MiKTeX\tex/latex/graphics-cfg\color.cfg
File: color.cfg 2016/01/02 v1.6 sample color configuration
)
Package xcolor Info: Driver file: pdftex.def on input line 227.
(C:\Users\micha\AppData\Local\Programs\MiKTeX\tex/latex/graphics\mathcolor.ltx)
Package xcolor Info: Model `cmy' substituted by `cmy0' on input line 1353.
Package xcolor Info: Model `hsb' substituted by `rgb' on input line 1357.
Package xcolor Info: Model `RGB' extended on input line 1369.
Package xcolor Info: Model `HTML' substituted by `rgb' on input line 1371.
Package xcolor Info: Model `Hsb' substituted by `hsb' on input line 1372.
Package xcolor Info: Model `tHsb' substituted by `hsb' on input line 1373.
Package xcolor Info: Model `HSB' substituted by `hsb' on input line 1374.
Package xcolor Info: Model `Gray' substituted by `gray' on input line 1375.
Package xcolor Info: Model `wave' substituted by `hsb' on input line 1376.
) (C:\Users\micha\AppData\Local\Programs\MiKTeX\tex/latex/caption\caption.sty
Package: caption 2023/07/31 v3.6n Customizing captions (AR)

(C:\Users\micha\AppData\Local\Programs\MiKTeX\tex/latex/caption\caption3.sty
Package: caption3 2023/07/31 v2.4d caption3 kernel (AR)
\caption@tempdima=\dimen143
\captionmargin=\dimen144
\caption@leftmargin=\dimen145
\caption@rightmargin=\dimen146
\caption@width=\dimen147
\caption@indent=\dimen148
\caption@parindent=\dimen149
\caption@hangindent=\dimen150
Package caption Info: Standard document class detected.
)
\c@caption@flags=\count194
\c@continuedfloat=\count195
)
(C:\Users\micha\AppData\Local\Programs\MiKTeX\tex/latex/algorithms\algorithm.st
y
Package: algorithm 2009/08/24 v0.1 Document Style `algorithm' - floating enviro
nment
 (C:\Users\micha\AppData\Local\Programs\MiKTeX\tex/latex/float\float.sty
Package: float 2001/11/08 v1.3d Float enhancements (AL)
\c@float@type=\count196
\float@exts=\toks18
\float@box=\box51
\@float@everytoks=\toks19
\@floatcapt=\box52
)
(C:\Users\micha\AppData\Local\Programs\MiKTeX\tex/latex/base\ifthen.sty
Package: ifthen 2022/04/13 v1.1d Standard LaTeX ifthen package (DPC)
)
\@float@every@algorithm=\toks20
\c@algorithm=\count197
)
(C:\Users\micha\AppData\Local\Programs\MiKTeX\tex/latex/algorithms\algorithmic.
sty
Package: algorithmic 2009/08/24 v0.1 Document Style `algorithmic'
\c@ALC@unique=\count198
\c@ALC@line=\count199
\c@ALC@rem=\count266
\c@ALC@depth=\count267
\ALC@tlm=\skip53
\algorithmicindent=\skip54
)
(C:\Users\micha\AppData\Local\Programs\MiKTeX\tex/latex/caption\subcaption.sty
Package: subcaption 2023/07/28 v1.6b Sub-captions (AR)
Package caption Info: New subtype `subfigure' on input line 238.
\c@subfigure=\count268
Package caption Info: New subtype `subtable' on input line 238.
\c@subtable=\count269
) (C:\Users\micha\AppData\Local\Programs\MiKTeX\tex/latex/tools\array.sty
Package: array 2022/09/04 v2.5g Tabular extension package (FMi)
\col@sep=\dimen151
\ar@mcellbox=\box53
\extrarowheight=\dimen152
\NC@list=\toks21
\extratabsurround=\skip55
\backup@length=\skip56
\ar@cellbox=\box54
)
(C:\Users\micha\AppData\Local\Programs\MiKTeX\tex/latex/diagbox\diagbox.sty
Package: diagbox 2020/02/09 v2.3 Making table heads with diagonal lines

(C:\Users\micha\AppData\Local\Programs\MiKTeX\tex/latex/pict2e\pict2e.sty
Package: pict2e 2020/09/30 v0.4b Improved picture commands (HjG,RN,JT)

(C:\Users\micha\AppData\Local\Programs\MiKTeX\tex/latex/pict2e\pict2e.cfg
File: pict2e.cfg 2016/02/05 v0.1u pict2e configuration for teTeX/TeXLive
)
Package pict2e Info: Driver file: pdftex.def on input line 112.
Package pict2e Info: Driver file for pict2e: p2e-pdftex.def on input line 114.

(C:\Users\micha\AppData\Local\Programs\MiKTeX\tex/latex/pict2e\p2e-pdftex.def
File: p2e-pdftex.def 2016/02/05 v0.1u Driver-dependant file (RN,HjG,JT)
)
\pIIe@GRAPH=\toks22
\@arclen=\dimen153
\@arcrad=\dimen154
\pIIe@tempdima=\dimen155
\pIIe@tempdimb=\dimen156
\pIIe@tempdimc=\dimen157
\pIIe@tempdimd=\dimen158
\pIIe@tempdime=\dimen159
\pIIe@tempdimf=\dimen160
) (C:\Users\micha\AppData\Local\Programs\MiKTeX\tex/latex/tools\calc.sty
Package: calc 2017/05/25 v4.3 Infix arithmetic (KKT,FJ)
\calc@Acount=\count270
\calc@Bcount=\count271
\calc@Adimen=\dimen161
\calc@Bdimen=\dimen162
\calc@Askip=\skip57
\calc@Bskip=\skip58
LaTeX Info: Redefining \setlength on input line 80.
LaTeX Info: Redefining \addtolength on input line 81.
\calc@Ccount=\count272
\calc@Cskip=\skip59
)
\diagbox@boxa=\box55
\diagbox@boxb=\box56
\diagbox@boxm=\box57
\diagbox@wd=\dimen163
\diagbox@ht=\dimen164
\diagbox@insepl=\dimen165
\diagbox@insepr=\dimen166
\diagbox@outsepl=\dimen167
\diagbox@outsepr=\dimen168
)
(C:\Users\micha\AppData\Local\Programs\MiKTeX\tex/latex/multirow\multirow.sty
Package: multirow 2021/03/15 v2.8 Span multiple rows of a table
\multirow@colwidth=\skip60
\multirow@cntb=\count273
\multirow@dima=\skip61
\bigstrutjot=\dimen169
)
(C:\Users\micha\AppData\Local\Programs\MiKTeX\tex/latex/makecell\makecell.sty
Package: makecell 2009/08/03 V0.1e Managing of Tab Column Heads and Cells
\rotheadsize=\dimen170
\c@nlinenum=\count274
\TeXr@lab=\toks23
)
(C:\Users\micha\AppData\Local\Programs\MiKTeX\tex/latex/booktabs\booktabs.sty
Package: booktabs 2020/01/12 v1.61803398 Publication quality tables
\heavyrulewidth=\dimen171
\lightrulewidth=\dimen172
\cmidrulewidth=\dimen173
\belowrulesep=\dimen174
\belowbottomsep=\dimen175
\aboverulesep=\dimen176
\abovetopsep=\dimen177
\cmidrulesep=\dimen178
\cmidrulekern=\dimen179
\defaultaddspace=\dimen180
\@cmidla=\count275
\@cmidlb=\count276
\@aboverulesep=\dimen181
\@belowrulesep=\dimen182
\@thisruleclass=\count277
\@lastruleclass=\count278
\@thisrulewidth=\dimen183
)
(C:\Users\micha\AppData\Local\Programs\MiKTeX\tex/latex/amsmath\amsmath.sty
Package: amsmath 2023/05/13 v2.17o AMS math features
\@mathmargin=\skip62

For additional information on amsmath, use the `?' option.
(C:\Users\micha\AppData\Local\Programs\MiKTeX\tex/latex/amsmath\amstext.sty
Package: amstext 2021/08/26 v2.01 AMS text

(C:\Users\micha\AppData\Local\Programs\MiKTeX\tex/latex/amsmath\amsgen.sty
File: amsgen.sty 1999/11/30 v2.0 generic functions
\@emptytoks=\toks24
\ex@=\dimen184
))
(C:\Users\micha\AppData\Local\Programs\MiKTeX\tex/latex/amsmath\amsbsy.sty
Package: amsbsy 1999/11/29 v1.2d Bold Symbols
\pmbraise@=\dimen185
)
(C:\Users\micha\AppData\Local\Programs\MiKTeX\tex/latex/amsmath\amsopn.sty
Package: amsopn 2022/04/08 v2.04 operator names
)
\inf@bad=\count279
LaTeX Info: Redefining \frac on input line 234.
\uproot@=\count280
\leftroot@=\count281
LaTeX Info: Redefining \overline on input line 399.
LaTeX Info: Redefining \colon on input line 410.
\classnum@=\count282
\DOTSCASE@=\count283
LaTeX Info: Redefining \ldots on input line 496.
LaTeX Info: Redefining \dots on input line 499.
LaTeX Info: Redefining \cdots on input line 620.
\Mathstrutbox@=\box58
\strutbox@=\box59
LaTeX Info: Redefining \big on input line 722.
LaTeX Info: Redefining \Big on input line 723.
LaTeX Info: Redefining \bigg on input line 724.
LaTeX Info: Redefining \Bigg on input line 725.
\big@size=\dimen186
LaTeX Font Info:    Redeclaring font encoding OML on input line 743.
LaTeX Font Info:    Redeclaring font encoding OMS on input line 744.
\macc@depth=\count284
LaTeX Info: Redefining \bmod on input line 905.
LaTeX Info: Redefining \pmod on input line 910.
LaTeX Info: Redefining \smash on input line 940.
LaTeX Info: Redefining \relbar on input line 970.
LaTeX Info: Redefining \Relbar on input line 971.
\c@MaxMatrixCols=\count285
\dotsspace@=\muskip17
\c@parentequation=\count286
\dspbrk@lvl=\count287
\tag@help=\toks25
\row@=\count288
\column@=\count289
\maxfields@=\count290
\andhelp@=\toks26
\eqnshift@=\dimen187
\alignsep@=\dimen188
\tagshift@=\dimen189
\tagwidth@=\dimen190
\totwidth@=\dimen191
\lineht@=\dimen192
\@envbody=\toks27
\multlinegap=\skip63
\multlinetaggap=\skip64
\mathdisplay@stack=\toks28
LaTeX Info: Redefining \[ on input line 2953.
LaTeX Info: Redefining \] on input line 2954.
)
(C:\Users\micha\AppData\Local\Programs\MiKTeX\tex/latex/amsfonts\amsfonts.sty
Package: amsfonts 2013/01/14 v3.01 Basic AMSFonts support
\symAMSa=\mathgroup4
\symAMSb=\mathgroup5
LaTeX Font Info:    Redeclaring math symbol \hbar on input line 98.
LaTeX Font Info:    Overwriting math alphabet `\mathfrak' in version `bold'
(Font)                  U/euf/m/n --> U/euf/b/n on input line 106.
)
(C:\Users\micha\AppData\Local\Programs\MiKTeX\tex/latex/newfloat\newfloat.sty
Package: newfloat 2023/10/01 v1.2 Defining new floating environments (AR)
)
(C:\Users\micha\AppData\Local\Programs\MiKTeX\tex/latex/listings\listings.sty
\lst@mode=\count291
\lst@gtempboxa=\box60
\lst@token=\toks29
\lst@length=\count292
\lst@currlwidth=\dimen193
\lst@column=\count293
\lst@pos=\count294
\lst@lostspace=\dimen194
\lst@width=\dimen195
\lst@newlines=\count295
\lst@lineno=\count296
\lst@maxwidth=\dimen196

(C:\Users\micha\AppData\Local\Programs\MiKTeX\tex/latex/listings\lstmisc.sty
File: lstmisc.sty 2023/02/27 1.9 (Carsten Heinz)
\c@lstnumber=\count297
\lst@skipnumbers=\count298
\lst@framebox=\box61
)
(C:\Users\micha\AppData\Local\Programs\MiKTeX\tex/latex/listings\listings.cfg
File: listings.cfg 2023/02/27 1.9 listings configuration
))
Package: listings 2023/02/27 1.9 (Carsten Heinz)
\@float@every@listing=\toks30
\c@listing=\count299
LaTeX Font Info:    Trying to load font information for OT1+ptm on input line 8
1.
(C:\Users\micha\AppData\Local\Programs\MiKTeX\tex/latex/psnfss\ot1ptm.fd
File: ot1ptm.fd 2001/06/04 font definitions for OT1/ptm.
)
(C:\Users\micha\AppData\Local\Programs\MiKTeX\tex/latex/l3backend\l3backend-pdf
tex.def
File: l3backend-pdftex.def 2023-04-19 L3 backend support: PDF output (pdfTeX)
\l__color_backend_stack_int=\count300
\l__pdf_internal_box=\box62
)
No file aaai24_changed.aux.
\openout1 = `aaai24_changed.aux'.

LaTeX Font Info:    Checking defaults for OML/cmm/m/it on input line 81.
LaTeX Font Info:    ... okay on input line 81.
LaTeX Font Info:    Checking defaults for OMS/cmsy/m/n on input line 81.
LaTeX Font Info:    ... okay on input line 81.
LaTeX Font Info:    Checking defaults for OT1/cmr/m/n on input line 81.
LaTeX Font Info:    ... okay on input line 81.
LaTeX Font Info:    Checking defaults for T1/cmr/m/n on input line 81.
LaTeX Font Info:    ... okay on input line 81.
LaTeX Font Info:    Checking defaults for TS1/cmr/m/n on input line 81.
LaTeX Font Info:    ... okay on input line 81.
LaTeX Font Info:    Checking defaults for OMX/cmex/m/n on input line 81.
LaTeX Font Info:    ... okay on input line 81.
LaTeX Font Info:    Checking defaults for U/cmr/m/n on input line 81.
LaTeX Font Info:    ... okay on input line 81.

(C:\Users\micha\AppData\Local\Programs\MiKTeX\tex/context/base/mkii\supp-pdf.mk
ii
[Loading MPS to PDF converter (version 2006.09.02).]
\scratchcounter=\count301
\scratchdimen=\dimen197
\scratchbox=\box63
\nofMPsegments=\count302
\nofMParguments=\count303
\everyMPshowfont=\toks31
\MPscratchCnt=\count304
\MPscratchDim=\dimen198
\MPnumerator=\count305
\makeMPintoPDFobject=\count306
\everyMPtoPDFconversion=\toks32
)
(C:\Users\micha\AppData\Local\Programs\MiKTeX\tex/latex/epstopdf-pkg\epstopdf-b
ase.sty
Package: epstopdf-base 2020-01-24 v2.11 Base part for package epstopdf
Package epstopdf-base Info: Redefining graphics rule for `.eps' on input line 4
85.

(C:\Users\micha\AppData\Local\Programs\MiKTeX\tex/latex/00miktex\epstopdf-sys.c
fg
File: epstopdf-sys.cfg 2021/03/18 v2.0 Configuration of epstopdf for MiKTeX
))
Package caption Info: Begin \AtBeginDocument code.
Package caption Info: float package is loaded.
Package caption Info: listings package is loaded.
Package caption Info: End \AtBeginDocument code.
Package newfloat Info: `float' package detected.
\c@lstlisting=\count307
\c@eqfn=\count308
\titlearea=\box64
LaTeX Font Info:    Trying to load font information for U+msa on input line 82.

 (C:\Users\micha\AppData\Local\Programs\MiKTeX\tex/latex/amsfonts\umsa.fd
File: umsa.fd 2013/01/14 v3.01 AMS symbols A
)
LaTeX Font Info:    Trying to load font information for U+msb on input line 82.


(C:\Users\micha\AppData\Local\Programs\MiKTeX\tex/latex/amsfonts\umsb.fd
File: umsb.fd 2013/01/14 v3.01 AMS symbols B
)
LaTeX Font Info:    Trying to load font information for OMS+ptm on input line 8
2.

(C:\Users\micha\AppData\Local\Programs\MiKTeX\tex/latex/psnfss\omsptm.fd
File: omsptm.fd 
)
LaTeX Font Info:    Font shape `OMS/ptm/m/n' in size <10> not available
(Font)              Font shape `OMS/cmsy/m/n' tried instead on input line 82.
\actualheight=\skip65
LaTeX Font Info:    Trying to load font information for TS1+ptm on input line 8
2.

(C:\Users\micha\AppData\Local\Programs\MiKTeX\tex/latex/psnfss\ts1ptm.fd
File: ts1ptm.fd 2001/06/04 font definitions for TS1/ptm.
)

pdfTeX warning: pdflatex.exe (file ./introduction.pdf): PDF inclusion: found PD
F version <1.6>, but at most version <1.5> allowed
<introduction.pdf, id=1, 551.96214pt x 483.66696pt>
File: introduction.pdf Graphic file (type pdf)
<use introduction.pdf>
Package pdftex.def Info: introduction.pdf  used on input line 101.
(pdftex.def)             Requested size: 239.39438pt x 209.77348pt.

Package natbib Warning: Citation `wang2020incremental' on page 1 undefined on i
nput line 107.


Package natbib Warning: Citation `wang2018learning' on page 1 undefined on inpu
t line 107.


Package natbib Warning: Citation `wang2020reimagining' on page 1 undefined on i
nput line 107.


Package natbib Warning: Citation `qureshi2021equitable' on page 1 undefined on 
input line 107.


Package natbib Warning: Citation `antoniou2012human' on page 1 undefined on inp
ut line 107.


LaTeX Warning: Reference `fig1' on page 1 undefined on input line 111.


Package natbib Warning: Citation `DBLP:conf/www/WangYCHWZH20' on page 1 undefin
ed on input line 119.


Package natbib Warning: Citation `zhao2020go' on page 1 undefined on input line
 119.


Package natbib Warning: Citation `lian2020geography' on page 1 undefined on inp
ut line 121.


Package natbib Warning: Citation `DBLP:conf/www/LuoLL21' on page 1 undefined on
 input line 121.


Package natbib Warning: Citation `wang2019adversarial' on page 1 undefined on i
nput line 123.


Package natbib Warning: Citation `yang2019revisiting' on page 1 undefined on in
put line 123.


Package natbib Warning: Citation `wang2020exploiting' on page 1 undefined on in
put line 123.


Package natbib Warning: Citation `wang2022learning' on page 1 undefined on inpu
t line 123.


Package natbib Warning: Citation `wang2023reinforced' on page 1 undefined on in
put line 123.


Underfull \vbox (badness 3525) has occurred while \output is active []

 [1{C:/Users/micha/AppData/Local/MiKTeX/fonts/map/pdftex/pdftex.map}{C:/Users/m
icha/AppData/Local/Programs/MiKTeX/fonts/enc/dvips/base/8r.enc}



 <./introduction.pdf>]
Underfull \hbox (badness 1137) in paragraph at lines 140--141
[]\OT1/ptm/m/n/10 To pre-serve the multi-faceted se-man-tics of mo-bil-ity
 []



pdfTeX warning: pdflatex.exe (file ./hypergraph.pdf): PDF inclusion: found PDF 
version <1.6>, but at most version <1.5> allowed
<hypergraph.pdf, id=23, 593.69803pt x 432.47571pt>
File: hypergraph.pdf Graphic file (type pdf)
<use hypergraph.pdf>
Package pdftex.def Info: hypergraph.pdf  used on input line 149.
(pdftex.def)             Requested size: 239.39438pt x 174.3862pt.

LaTeX Warning: Reference `fig:mobility hypergraph' on page 2 undefined on input
 line 173.

<frame88.pdf, id=24, 2344.38432pt x 742.99579pt>
File: frame88.pdf Graphic file (type pdf)
<use frame88.pdf>
Package pdftex.def Info: frame88.pdf  used on input line 177.
(pdftex.def)             Requested size: 505.89pt x 160.31917pt.
[2 <./hypergraph.pdf>]
Underfull \hbox (badness 1997) in paragraph at lines 243--246
[]\OT1/ptm/m/n/10 The ho-mo-ge-neous hy-per-edge em-bed-ding $\OT1/cmr/bx/n/10 
q$ \OT1/ptm/m/n/10 cap-tures
 []

[3 <./frame88.pdf>]

Package natbib Warning: Citation `bojanowski2017enriching' on page 4 undefined 
on input line 284.


Overfull \vbox (3.0pt too high) detected at line 336
 []


Overfull \hbox (1.98772pt too wide) in paragraph at lines 351--351
[]|\OT1/ptm/m/n/9 0.0037| 
 []


Overfull \hbox (1.98772pt too wide) in paragraph at lines 351--351
[]|\OT1/ptm/m/n/9 0.0075| 
 []


Overfull \hbox (1.98772pt too wide) in paragraph at lines 351--351
[]|\OT1/ptm/m/n/9 0.0121| 
 []


Overfull \hbox (1.98772pt too wide) in paragraph at lines 351--351
[]|\OT1/ptm/m/n/9 0.0012| 
 []


Overfull \hbox (1.98772pt too wide) in paragraph at lines 351--351
[]|\OT1/ptm/m/n/9 0.0013| 
 []


Overfull \hbox (1.98772pt too wide) in paragraph at lines 351--351
[]|\OT1/ptm/m/n/9 0.0011| 
 []


Overfull \hbox (1.98772pt too wide) in paragraph at lines 351--351
[]|\OT1/ptm/m/n/9 0.0017| 
 []


Overfull \hbox (1.98772pt too wide) in paragraph at lines 351--351
[]|\OT1/ptm/m/n/9 0.0022| 
 []


Overfull \hbox (1.98772pt too wide) in paragraph at lines 351--351
[]|\OT1/ptm/m/n/9 0.0025| 
 []


Overfull \hbox (1.98772pt too wide) in paragraph at lines 351--351
[]|\OT1/ptm/m/n/9 0.0022| 
 []


Overfull \hbox (1.98772pt too wide) in paragraph at lines 351--351
[]|\OT1/ptm/m/n/9 0.0037| 
 []


Overfull \hbox (1.98772pt too wide) in paragraph at lines 351--352
[]|\OT1/ptm/m/n/9 0.0045| 
 []


Overfull \hbox (1.98772pt too wide) in paragraph at lines 352--352
[]|\OT1/ptm/m/n/9 0.3857| 
 []


Overfull \hbox (1.98772pt too wide) in paragraph at lines 352--352
[]|\OT1/ptm/m/n/9 0.4724| 
 []


Overfull \hbox (1.98772pt too wide) in paragraph at lines 352--352
[]|\OT1/ptm/m/n/9 0.5462| 
 []


Overfull \hbox (1.98772pt too wide) in paragraph at lines 352--352
[]|\OT1/ptm/m/n/9 0.1285| 
 []


Overfull \hbox (1.98772pt too wide) in paragraph at lines 352--352
[]|\OT1/ptm/m/n/9 0.0859| 
 []


Overfull \hbox (1.98772pt too wide) in paragraph at lines 352--352
[]|\OT1/ptm/m/n/9 0.0520| 
 []


Overfull \hbox (1.98772pt too wide) in paragraph at lines 352--352
[]|\OT1/ptm/m/n/9 0.2501| 
 []


Overfull \hbox (1.98772pt too wide) in paragraph at lines 352--352
[]|\OT1/ptm/m/n/9 0.2618| 
 []


Overfull \hbox (1.98772pt too wide) in paragraph at lines 352--352
[]|\OT1/ptm/m/n/9 0.2670| 
 []


Overfull \hbox (1.98772pt too wide) in paragraph at lines 352--352
[]|\OT1/ptm/m/n/9 0.2839| 
 []


Overfull \hbox (1.98772pt too wide) in paragraph at lines 352--352
[]|\OT1/ptm/m/n/9 0.3120| 
 []


Overfull \hbox (1.98772pt too wide) in paragraph at lines 352--353
[]|\OT1/ptm/m/n/9 0.3308| 
 []


Overfull \hbox (1.98772pt too wide) in paragraph at lines 353--353
[]|\OT1/ptm/m/n/9 0.4039| 
 []


Overfull \hbox (1.98772pt too wide) in paragraph at lines 353--353
[]|\OT1/ptm/m/n/9 0.5064| 
 []


Overfull \hbox (1.98772pt too wide) in paragraph at lines 353--353
[]|\OT1/ptm/m/n/9 0.5958| 
 []


Overfull \hbox (1.98772pt too wide) in paragraph at lines 353--353
[]|\OT1/ptm/m/n/9 0.1346| 
 []


Overfull \hbox (1.98772pt too wide) in paragraph at lines 353--353
[]|\OT1/ptm/m/n/9 0.0920| 
 []


Overfull \hbox (1.98772pt too wide) in paragraph at lines 353--353
[]|\OT1/ptm/m/n/9 0.0567| 
 []


Overfull \hbox (1.98772pt too wide) in paragraph at lines 353--353
[]|\OT1/ptm/m/n/9 0.2698| 
 []


Overfull \hbox (1.98772pt too wide) in paragraph at lines 353--353
[]|\OT1/ptm/m/n/9 0.2836| 
 []


Overfull \hbox (1.98772pt too wide) in paragraph at lines 353--353
[]|\OT1/ptm/m/n/9 0.2989| 
 []


Overfull \hbox (1.98772pt too wide) in paragraph at lines 353--353
[]|\OT1/ptm/m/n/9 0.3232| 
 []


Overfull \hbox (1.98772pt too wide) in paragraph at lines 353--353
[]|\OT1/ptm/m/n/9 0.3364| 
 []


Overfull \hbox (1.98772pt too wide) in paragraph at lines 353--354
[]|\OT1/ptm/m/n/9 0.3591| 
 []


Overfull \hbox (1.98772pt too wide) in paragraph at lines 354--354
[]|\OT1/ptm/m/n/9 0.3158| 
 []


Overfull \hbox (1.98772pt too wide) in paragraph at lines 354--354
[]|\OT1/ptm/m/n/9 0.3795| 
 []


Overfull \hbox (1.98772pt too wide) in paragraph at lines 354--354
[]|\OT1/ptm/m/n/9 0.4345| 
 []


Overfull \hbox (1.98772pt too wide) in paragraph at lines 354--354
[]|\OT1/ptm/m/n/9 0.1025| 
 []


Overfull \hbox (1.98772pt too wide) in paragraph at lines 354--354
[]|\OT1/ptm/m/n/9 0.0690| 
 []


Overfull \hbox (1.98772pt too wide) in paragraph at lines 354--354
[]|\OT1/ptm/m/n/9 0.0413| 
 []


Overfull \hbox (1.98772pt too wide) in paragraph at lines 354--354
[]|\OT1/ptm/m/n/9 0.2139| 
 []


Overfull \hbox (1.98772pt too wide) in paragraph at lines 354--354
[]|\OT1/ptm/m/n/9 0.2225| 
 []


Overfull \hbox (1.98772pt too wide) in paragraph at lines 354--354
[]|\OT1/ptm/m/n/9 0.2264| 
 []


Overfull \hbox (1.98772pt too wide) in paragraph at lines 354--354
[]|\OT1/ptm/m/n/9 0.2393| 
 []


Overfull \hbox (1.98772pt too wide) in paragraph at lines 354--354
[]|\OT1/ptm/m/n/9 0.2600| 
 []


Overfull \hbox (1.98772pt too wide) in paragraph at lines 354--355
[]|\OT1/ptm/m/n/9 0.2740| 
 []


Overfull \hbox (1.98772pt too wide) in paragraph at lines 355--355
[]|\OT1/ptm/m/n/9 0.2754| 
 []


Overfull \hbox (1.98772pt too wide) in paragraph at lines 355--355
[]|\OT1/ptm/m/n/9 0.3742| 
 []


Overfull \hbox (1.98772pt too wide) in paragraph at lines 355--355
[]|\OT1/ptm/m/n/9 0.4688| 
 []


Overfull \hbox (1.98772pt too wide) in paragraph at lines 355--355
[]|\OT1/ptm/m/n/9 0.0918| 
 []


Overfull \hbox (1.98772pt too wide) in paragraph at lines 355--355
[]|\OT1/ptm/m/n/9 0.0680| 
 []


Overfull \hbox (1.98772pt too wide) in paragraph at lines 355--355
[]|\OT1/ptm/m/n/9 0.0446| 
 []


Overfull \hbox (1.98772pt too wide) in paragraph at lines 355--355
[]|\OT1/ptm/m/n/9 0.1619| 
 []


Overfull \hbox (1.98772pt too wide) in paragraph at lines 355--355
[]|\OT1/ptm/m/n/9 0.1751| 
 []


Overfull \hbox (1.98772pt too wide) in paragraph at lines 355--355
[]|\OT1/ptm/m/n/9 0.1817| 
 []


Overfull \hbox (1.98772pt too wide) in paragraph at lines 355--355
[]|\OT1/ptm/m/n/9 0.1900| 
 []


Overfull \hbox (1.98772pt too wide) in paragraph at lines 355--355
[]|\OT1/ptm/m/n/9 0.2220| 
 []


Overfull \hbox (1.98772pt too wide) in paragraph at lines 355--356
[]|\OT1/ptm/m/n/9 0.2460| 
 []


Overfull \hbox (1.98772pt too wide) in paragraph at lines 356--356
[]|\OT1/ptm/m/n/9 0.3559| 
 []


Overfull \hbox (1.98772pt too wide) in paragraph at lines 356--356
[]|\OT1/ptm/m/n/9 0.4250| 
 []


Overfull \hbox (1.98772pt too wide) in paragraph at lines 356--356
[]|\OT1/ptm/m/n/9 0.4544| 
 []


Overfull \hbox (1.98772pt too wide) in paragraph at lines 356--356
[]|\OT1/ptm/m/n/9 0.0846| 
 []


Overfull \hbox (1.98772pt too wide) in paragraph at lines 356--356
[]|\OT1/ptm/m/n/9 0.0622| 
 []


Overfull \hbox (1.98772pt too wide) in paragraph at lines 356--356
[]|\OT1/ptm/m/n/9 0.0408| 
 []


Overfull \hbox (1.98772pt too wide) in paragraph at lines 356--356
[]|\OT1/ptm/m/n/9 0.2041| 
 []


Overfull \hbox (1.98772pt too wide) in paragraph at lines 356--356
[]|\OT1/ptm/m/n/9 0.2282| 
 []


Overfull \hbox (1.98772pt too wide) in paragraph at lines 356--356
[]|\OT1/ptm/m/n/9 0.2551| 
 []


Overfull \hbox (1.98772pt too wide) in paragraph at lines 356--356
[]|\OT1/ptm/m/n/9 0.2599| 
 []


Overfull \hbox (1.98772pt too wide) in paragraph at lines 356--356
[]|\OT1/ptm/m/n/9 0.2815| 
 []


Overfull \hbox (1.98772pt too wide) in paragraph at lines 356--357
[]|\OT1/ptm/m/n/9 0.3122| 
 []


Overfull \hbox (1.98772pt too wide) in paragraph at lines 357--357
[]|\OT1/ptm/m/n/9 0.2556| 
 []


Overfull \hbox (1.98772pt too wide) in paragraph at lines 357--357
[]|\OT1/ptm/m/n/9 0.3437| 
 []


Overfull \hbox (1.98772pt too wide) in paragraph at lines 357--357
[]|\OT1/ptm/m/n/9 0.4361| 
 []


Overfull \hbox (1.98772pt too wide) in paragraph at lines 357--357
[]|\OT1/ptm/m/n/9 0.0852| 
 []


Overfull \hbox (1.98772pt too wide) in paragraph at lines 357--357
[]|\OT1/ptm/m/n/9 0.0624| 
 []


Overfull \hbox (1.98772pt too wide) in paragraph at lines 357--357
[]|\OT1/ptm/m/n/9 0.0415| 
 []


Overfull \hbox (1.98772pt too wide) in paragraph at lines 357--357
[]|\OT1/ptm/m/n/9 0.1524| 
 []


Overfull \hbox (1.98772pt too wide) in paragraph at lines 357--357
[]|\OT1/ptm/m/n/9 0.1642| 
 []


Overfull \hbox (1.98772pt too wide) in paragraph at lines 357--357
[]|\OT1/ptm/m/n/9 0.1706| 
 []


Overfull \hbox (1.98772pt too wide) in paragraph at lines 357--357
[]|\OT1/ptm/m/n/9 0.1780| 
 []


Overfull \hbox (1.98772pt too wide) in paragraph at lines 357--357
[]|\OT1/ptm/m/n/9 0.2064| 
 []


Overfull \hbox (1.98772pt too wide) in paragraph at lines 357--358
[]|\OT1/ptm/m/n/9 0.2298| 
 []


Overfull \hbox (1.98772pt too wide) in paragraph at lines 358--358
[]|\OT1/ptm/m/n/9 0.2045| 
 []


Overfull \hbox (1.98772pt too wide) in paragraph at lines 358--358
[]|\OT1/ptm/m/n/9 0.2552| 
 []


Overfull \hbox (1.98772pt too wide) in paragraph at lines 358--358
[]|\OT1/ptm/m/n/9 0.2778| 
 []


Overfull \hbox (1.98772pt too wide) in paragraph at lines 358--358
[]|\OT1/ptm/m/n/9 0.1414| 
 []


Overfull \hbox (1.98772pt too wide) in paragraph at lines 358--358
[]|\OT1/ptm/m/n/9 0.0717| 
 []


Overfull \hbox (1.98772pt too wide) in paragraph at lines 358--358
[]|\OT1/ptm/m/n/9 0.0466| 
 []


Overfull \hbox (1.98772pt too wide) in paragraph at lines 358--358
[]|\OT1/ptm/m/n/9 0.1644| 
 []


Overfull \hbox (1.98772pt too wide) in paragraph at lines 358--358
[]|\OT1/ptm/m/n/9 0.1944| 
 []


Overfull \hbox (1.98772pt too wide) in paragraph at lines 358--358
[]|\OT1/ptm/m/n/9 0.2478| 
 []


Overfull \hbox (1.98772pt too wide) in paragraph at lines 358--358
[]|\OT1/ptm/m/n/9 0.2522| 
 []


Overfull \hbox (1.98772pt too wide) in paragraph at lines 358--358
[]|\OT1/ptm/m/n/9 0.2841| 
 []


Overfull \hbox (1.98772pt too wide) in paragraph at lines 358--359
[]|\OT1/ptm/m/n/9 0.3015| 
 []


Overfull \hbox (1.98772pt too wide) in paragraph at lines 360--360
[]|\OT1/ptm/b/n/9 0.4268| 
 []


Overfull \hbox (1.98772pt too wide) in paragraph at lines 360--360
[]|\OT1/ptm/b/n/9 0.5227| 
 []


Overfull \hbox (1.98772pt too wide) in paragraph at lines 360--360
[]|\OT1/ptm/b/n/9 0.6298| 
 []


Overfull \hbox (1.98772pt too wide) in paragraph at lines 360--360
[]|\OT1/ptm/b/n/9 0.1467| 
 []


Overfull \hbox (1.98772pt too wide) in paragraph at lines 360--360
[]|\OT1/ptm/b/n/9 0.1104| 
 []


Overfull \hbox (1.98772pt too wide) in paragraph at lines 360--360
[]|\OT1/ptm/b/n/9 0.0638| 
 []


Overfull \hbox (1.98772pt too wide) in paragraph at lines 360--360
[]|\OT1/ptm/b/n/9 0.2930| 
 []


Overfull \hbox (1.98772pt too wide) in paragraph at lines 360--360
[]|\OT1/ptm/b/n/9 0.3066| 
 []


Overfull \hbox (1.98772pt too wide) in paragraph at lines 360--360
[]|\OT1/ptm/b/n/9 0.3275| 
 []


Overfull \hbox (1.98772pt too wide) in paragraph at lines 360--360
[]|\OT1/ptm/b/n/9 0.3444| 
 []


Overfull \hbox (1.98772pt too wide) in paragraph at lines 360--360
[]|\OT1/ptm/b/n/9 0.3685| 
 []


Overfull \hbox (1.98772pt too wide) in paragraph at lines 360--361
[]|\OT1/ptm/b/n/9 0.4018| 
 []


Overfull \hbox (0.93051pt too wide) in paragraph at lines 363--363
 []|\OT1/ptm/b/n/9 Improvement| 
 []


Overfull \hbox (1.98772pt too wide) in paragraph at lines 364--364
[]|\OT1/ptm/b/n/9 5.67%| 
 []


Overfull \hbox (1.98772pt too wide) in paragraph at lines 364--364
[]|\OT1/ptm/b/n/9 3.22%| 
 []


Overfull \hbox (1.98772pt too wide) in paragraph at lines 364--364
[]|\OT1/ptm/b/n/9 5.71%| 
 []


Overfull \hbox (1.98772pt too wide) in paragraph at lines 365--365
[]|\OT1/ptm/b/n/9 8.90%| 
 []


Overfull \hbox (1.98772pt too wide) in paragraph at lines 365--365
[]|\OT1/ptm/b/n/9 13.5%| 
 []


Overfull \hbox (6.48772pt too wide) in paragraph at lines 365--365
[]|\OT1/ptm/b/n/9 12.52%| 
 []


Overfull \hbox (1.98772pt too wide) in paragraph at lines 366--366
[]|\OT1/ptm/b/n/9 8.60%| 
 []


Overfull \hbox (1.98772pt too wide) in paragraph at lines 366--366
[]|\OT1/ptm/b/n/9 8.11%| 
 []


Overfull \hbox (1.98772pt too wide) in paragraph at lines 366--366
[]|\OT1/ptm/b/n/9 9.57%| 
 []


Overfull \hbox (1.98772pt too wide) in paragraph at lines 367--367
[]|\OT1/ptm/b/n/9 6.56%| 
 []


Overfull \hbox (1.98772pt too wide) in paragraph at lines 367--367
[]|\OT1/ptm/b/n/9 8.71%| 
 []


Overfull \hbox (6.48772pt too wide) in paragraph at lines 367--368
[]|\OT1/ptm/b/n/9 10.36%| 
 []


Overfull \hbox (1.98772pt too wide) in paragraph at lines 372--372
[]|\OT1/ptm/m/n/9 0.0044| 
 []


Overfull \hbox (1.98772pt too wide) in paragraph at lines 372--372
[]|\OT1/ptm/m/n/9 0.0068| 
 []


Overfull \hbox (1.98772pt too wide) in paragraph at lines 372--372
[]|\OT1/ptm/m/n/9 0.0085| 
 []


Overfull \hbox (1.98772pt too wide) in paragraph at lines 372--372
[]|\OT1/ptm/m/n/9 0.0014| 
 []


Overfull \hbox (1.98772pt too wide) in paragraph at lines 372--372
[]|\OT1/ptm/m/n/9 0.0012| 
 []


Overfull \hbox (1.98772pt too wide) in paragraph at lines 372--372
[]|\OT1/ptm/m/n/9 0.0008| 
 []


Overfull \hbox (1.98772pt too wide) in paragraph at lines 372--372
[]|\OT1/ptm/m/n/9 0.0021| 
 []


Overfull \hbox (1.98772pt too wide) in paragraph at lines 372--372
[]|\OT1/ptm/m/n/9 0.0024| 
 []


Overfull \hbox (1.98772pt too wide) in paragraph at lines 372--372
[]|\OT1/ptm/m/n/9 0.0025| 
 []


Overfull \hbox (1.98772pt too wide) in paragraph at lines 372--372
[]|\OT1/ptm/m/n/9 0.0027| 
 []


Overfull \hbox (1.98772pt too wide) in paragraph at lines 372--372
[]|\OT1/ptm/m/n/9 0.0034| 
 []


Overfull \hbox (1.98772pt too wide) in paragraph at lines 372--373
[]|\OT1/ptm/m/n/9 0.0039| 
 []


Overfull \hbox (1.98772pt too wide) in paragraph at lines 373--373
[]|\OT1/ptm/m/n/9 0.4124| 
 []


Overfull \hbox (1.98772pt too wide) in paragraph at lines 373--373
[]|\OT1/ptm/m/n/9 0.4879| 
 []


Overfull \hbox (1.98772pt too wide) in paragraph at lines 373--373
[]|\OT1/ptm/m/n/9 0.5510| 
 []


Overfull \hbox (1.98772pt too wide) in paragraph at lines 373--373
[]|\OT1/ptm/m/n/9 0.1374| 
 []


Overfull \hbox (1.98772pt too wide) in paragraph at lines 373--373
[]|\OT1/ptm/m/n/9 0.0887| 
 []


Overfull \hbox (1.98772pt too wide) in paragraph at lines 373--373
[]|\OT1/ptm/m/n/9 0.0524| 
 []


Overfull \hbox (1.98772pt too wide) in paragraph at lines 373--373
[]|\OT1/ptm/m/n/9 0.2832| 
 []


Overfull \hbox (1.98772pt too wide) in paragraph at lines 373--373
[]|\OT1/ptm/m/n/9 0.2935| 
 []


Overfull \hbox (1.98772pt too wide) in paragraph at lines 373--373
[]|\OT1/ptm/m/n/9 0.2979| 
 []


Overfull \hbox (1.98772pt too wide) in paragraph at lines 373--373
[]|\OT1/ptm/m/n/9 0.3155| 
 []


Overfull \hbox (1.98772pt too wide) in paragraph at lines 373--373
[]|\OT1/ptm/m/n/9 0.3401| 
 []


Overfull \hbox (1.98772pt too wide) in paragraph at lines 373--374
[]|\OT1/ptm/m/n/9 0.3561| 
 []


Overfull \hbox (1.98772pt too wide) in paragraph at lines 374--374
[]|\OT1/ptm/m/n/9 0.4046| 
 []


Overfull \hbox (1.98772pt too wide) in paragraph at lines 374--374
[]|\OT1/ptm/m/n/9 0.4864| 
 []


Overfull \hbox (1.98772pt too wide) in paragraph at lines 374--374
[]|\OT1/ptm/m/n/9 0.5614| 
 []


Overfull \hbox (1.98772pt too wide) in paragraph at lines 374--374
[]|\OT1/ptm/m/n/9 0.1348| 
 []


Overfull \hbox (1.98772pt too wide) in paragraph at lines 374--374
[]|\OT1/ptm/m/n/9 0.0884| 
 []


Overfull \hbox (1.98772pt too wide) in paragraph at lines 374--374
[]|\OT1/ptm/m/n/9 0.0534| 
 []


Overfull \hbox (1.98772pt too wide) in paragraph at lines 374--374
[]|\OT1/ptm/m/n/9 0.2789| 
 []


Overfull \hbox (1.98772pt too wide) in paragraph at lines 374--374
[]|\OT1/ptm/m/n/9 0.2899| 
 []


Overfull \hbox (1.98772pt too wide) in paragraph at lines 374--374
[]|\OT1/ptm/m/n/9 0.2951| 
 []


Overfull \hbox (1.98772pt too wide) in paragraph at lines 374--374
[]|\OT1/ptm/m/n/9 0.3102| 
 []


Overfull \hbox (1.98772pt too wide) in paragraph at lines 374--374
[]|\OT1/ptm/m/n/9 0.3367| 
 []


Overfull \hbox (1.98772pt too wide) in paragraph at lines 375--375
[]|\OT1/ptm/m/n/9 0.3090| 
 []


Overfull \hbox (1.98772pt too wide) in paragraph at lines 375--375
[]|\OT1/ptm/m/n/9 0.3783| 
 []


Overfull \hbox (1.98772pt too wide) in paragraph at lines 375--375
[]|\OT1/ptm/m/n/9 0.4462| 
 []


Overfull \hbox (1.98772pt too wide) in paragraph at lines 375--375
[]|\OT1/ptm/m/n/9 0.1030| 
 []


Overfull \hbox (1.98772pt too wide) in paragraph at lines 375--375
[]|\OT1/ptm/m/n/9 0.0687| 
 []


Overfull \hbox (1.98772pt too wide) in paragraph at lines 375--375
[]|\OT1/ptm/m/n/9 0.0424| 
 []


Overfull \hbox (1.98772pt too wide) in paragraph at lines 375--375
[]|\OT1/ptm/m/n/9 0.2137| 
 []


Overfull \hbox (1.98772pt too wide) in paragraph at lines 375--375
[]|\OT1/ptm/m/n/9 0.2229| 
 []


Overfull \hbox (1.98772pt too wide) in paragraph at lines 375--375
[]|\OT1/ptm/m/n/9 0.2276| 
 []


Overfull \hbox (1.98772pt too wide) in paragraph at lines 375--375
[]|\OT1/ptm/m/n/9 0.2374| 
 []


Overfull \hbox (1.98772pt too wide) in paragraph at lines 375--375
[]|\OT1/ptm/m/n/9 0.2598| 
 []


Overfull \hbox (1.98772pt too wide) in paragraph at lines 375--376
[]|\OT1/ptm/m/n/9 0.2769| 
 []


Overfull \hbox (1.98772pt too wide) in paragraph at lines 376--376
[]|\OT1/ptm/m/n/9 0.1990| 
 []


Overfull \hbox (1.98772pt too wide) in paragraph at lines 376--376
[]|\OT1/ptm/m/n/9 0.2574| 
 []


Overfull \hbox (1.98772pt too wide) in paragraph at lines 376--376
[]|\OT1/ptm/m/n/9 0.3196| 
 []


Overfull \hbox (1.98772pt too wide) in paragraph at lines 376--376
[]|\OT1/ptm/m/n/9 0.0663| 
 []


Overfull \hbox (1.98772pt too wide) in paragraph at lines 376--376
[]|\OT1/ptm/m/n/9 0.0468| 
 []


Overfull \hbox (1.98772pt too wide) in paragraph at lines 376--376
[]|\OT1/ptm/m/n/9 0.0304| 
 []


Overfull \hbox (1.98772pt too wide) in paragraph at lines 376--376
[]|\OT1/ptm/m/n/9 0.1300| 
 []


Overfull \hbox (1.98772pt too wide) in paragraph at lines 376--376
[]|\OT1/ptm/m/n/9 0.1378| 
 []


Overfull \hbox (1.98772pt too wide) in paragraph at lines 376--376
[]|\OT1/ptm/m/n/9 0.1421| 
 []


Overfull \hbox (1.98772pt too wide) in paragraph at lines 376--376
[]|\OT1/ptm/m/n/9 0.1471| 
 []


Overfull \hbox (1.98772pt too wide) in paragraph at lines 376--376
[]|\OT1/ptm/m/n/9 0.1660| 
 []


Overfull \hbox (1.98772pt too wide) in paragraph at lines 376--377
[]|\OT1/ptm/m/n/9 0.1817| 
 []


Overfull \hbox (1.98772pt too wide) in paragraph at lines 377--377
[]|\OT1/ptm/m/n/9 0.3551| 
 []


Overfull \hbox (1.98772pt too wide) in paragraph at lines 377--377
[]|\OT1/ptm/m/n/9 0.4122| 
 []


Overfull \hbox (1.98772pt too wide) in paragraph at lines 377--377
[]|\OT1/ptm/m/n/9 0.4753| 
 []


Overfull \hbox (1.98772pt too wide) in paragraph at lines 377--377
[]|\OT1/ptm/m/n/9 0.0944| 
 []


Overfull \hbox (1.98772pt too wide) in paragraph at lines 377--377
[]|\OT1/ptm/m/n/9 0.0713| 
 []


Overfull \hbox (1.98772pt too wide) in paragraph at lines 377--377
[]|\OT1/ptm/m/n/9 0.0412| 
 []


Overfull \hbox (1.98772pt too wide) in paragraph at lines 377--377
[]|\OT1/ptm/m/n/9 0.2274| 
 []


Overfull \hbox (1.98772pt too wide) in paragraph at lines 377--377
[]|\OT1/ptm/m/n/9 0.2589| 
 []


Overfull \hbox (1.98772pt too wide) in paragraph at lines 377--377
[]|\OT1/ptm/m/n/9 0.2637| 
 []


Overfull \hbox (1.98772pt too wide) in paragraph at lines 377--377
[]|\OT1/ptm/m/n/9 0.2476| 
 []


Overfull \hbox (1.98772pt too wide) in paragraph at lines 377--377
[]|\OT1/ptm/m/n/9 0.2664| 
 []


Overfull \hbox (1.98772pt too wide) in paragraph at lines 377--378
[]|\OT1/ptm/m/n/9 0.3067| 
 []


Overfull \hbox (1.98772pt too wide) in paragraph at lines 378--378
[]|\OT1/ptm/m/n/9 0.1086| 
 []


Overfull \hbox (1.98772pt too wide) in paragraph at lines 378--378
[]|\OT1/ptm/m/n/9 0.1557| 
 []


Overfull \hbox (1.98772pt too wide) in paragraph at lines 378--378
[]|\OT1/ptm/m/n/9 0.2209| 
 []


Overfull \hbox (1.98772pt too wide) in paragraph at lines 378--378
[]|\OT1/ptm/m/n/9 0.0362| 
 []


Overfull \hbox (1.98772pt too wide) in paragraph at lines 378--378
[]|\OT1/ptm/m/n/9 0.0283| 
 []


Overfull \hbox (1.98772pt too wide) in paragraph at lines 378--378
[]|\OT1/ptm/m/n/9 0.0210| 
 []


Overfull \hbox (1.98772pt too wide) in paragraph at lines 378--378
[]|\OT1/ptm/m/n/9 0.0623| 
 []


Overfull \hbox (1.98772pt too wide) in paragraph at lines 378--378
[]|\OT1/ptm/m/n/9 0.0684| 
 []


Overfull \hbox (1.98772pt too wide) in paragraph at lines 378--378
[]|\OT1/ptm/m/n/9 0.0729| 
 []


Overfull \hbox (1.98772pt too wide) in paragraph at lines 378--378
[]|\OT1/ptm/m/n/9 0.0737| 
 []


Overfull \hbox (1.98772pt too wide) in paragraph at lines 378--378
[]|\OT1/ptm/m/n/9 0.0888| 
 []


Overfull \hbox (1.98772pt too wide) in paragraph at lines 378--379
[]|\OT1/ptm/m/n/9 0.1052| 
 []


Overfull \hbox (1.98772pt too wide) in paragraph at lines 379--379
[]|\OT1/ptm/m/n/9 0.2388| 
 []


Overfull \hbox (1.98772pt too wide) in paragraph at lines 379--379
[]|\OT1/ptm/m/n/9 0.2842| 
 []


Overfull \hbox (1.98772pt too wide) in paragraph at lines 379--379
[]|\OT1/ptm/m/n/9 0.3104| 
 []


Overfull \hbox (1.98772pt too wide) in paragraph at lines 379--379
[]|\OT1/ptm/m/n/9 0.0947| 
 []


Overfull \hbox (1.98772pt too wide) in paragraph at lines 379--379
[]|\OT1/ptm/m/n/9 0.0764| 
 []


Overfull \hbox (1.98772pt too wide) in paragraph at lines 379--379
[]|\OT1/ptm/m/n/9 0.0573| 
 []


Overfull \hbox (1.98772pt too wide) in paragraph at lines 379--379
[]|\OT1/ptm/m/n/9 0.1441| 
 []


Overfull \hbox (1.98772pt too wide) in paragraph at lines 379--379
[]|\OT1/ptm/m/n/9 0.1951| 
 []


Overfull \hbox (1.98772pt too wide) in paragraph at lines 379--379
[]|\OT1/ptm/m/n/9 0.2174| 
 []


Overfull \hbox (1.98772pt too wide) in paragraph at lines 379--379
[]|\OT1/ptm/m/n/9 0.2006| 
 []


Overfull \hbox (1.98772pt too wide) in paragraph at lines 379--379
[]|\OT1/ptm/m/n/9 0.2504| 
 []


Overfull \hbox (1.98772pt too wide) in paragraph at lines 379--380
[]|\OT1/ptm/m/n/9 0.2894| 
 []


Overfull \hbox (1.98772pt too wide) in paragraph at lines 381--381
[]|\OT1/ptm/b/n/9 0.4425| 
 []


Overfull \hbox (1.98772pt too wide) in paragraph at lines 381--381
[]|\OT1/ptm/b/n/9 0.5150| 
 []


Overfull \hbox (1.98772pt too wide) in paragraph at lines 381--381
[]|\OT1/ptm/b/n/9 0.5904| 
 []


Overfull \hbox (1.98772pt too wide) in paragraph at lines 381--381
[]|\OT1/ptm/b/n/9 0.1552| 
 []


Overfull \hbox (1.98772pt too wide) in paragraph at lines 381--381
[]|\OT1/ptm/b/n/9 0.1005| 
 []


Overfull \hbox (1.98772pt too wide) in paragraph at lines 381--381
[]|\OT1/ptm/b/n/9 0.0608| 
 []


Overfull \hbox (1.98772pt too wide) in paragraph at lines 381--381
[]|\OT1/ptm/b/n/9 0.3031| 
 []


Overfull \hbox (1.98772pt too wide) in paragraph at lines 381--381
[]|\OT1/ptm/b/n/9 0.3277| 
 []


Overfull \hbox (1.98772pt too wide) in paragraph at lines 381--381
[]|\OT1/ptm/b/n/9 0.3349| 
 []


Overfull \hbox (1.98772pt too wide) in paragraph at lines 381--381
[]|\OT1/ptm/b/n/9 0.3361| 
 []


Overfull \hbox (1.98772pt too wide) in paragraph at lines 381--381
[]|\OT1/ptm/b/n/9 0.3615| 
 []


Overfull \hbox (1.98772pt too wide) in paragraph at lines 381--382
[]|\OT1/ptm/b/n/9 0.3991| 
 []


Overfull \hbox (0.93051pt too wide) in paragraph at lines 384--384
 []|\OT1/ptm/b/n/9 Improvement| 
 []


Overfull \hbox (1.98772pt too wide) in paragraph at lines 385--385
[]|\OT1/ptm/b/n/9 7.30%| 
 []


Overfull \hbox (1.98772pt too wide) in paragraph at lines 385--385
[]|\OT1/ptm/b/n/9 5.55%| 
 []


Overfull \hbox (1.98772pt too wide) in paragraph at lines 385--385
[]|\OT1/ptm/b/n/9 5.17%| 
 []


Overfull \hbox (6.48772pt too wide) in paragraph at lines 386--386
[]|\OT1/ptm/b/n/9 13.10%| 
 []


Overfull \hbox (6.48772pt too wide) in paragraph at lines 386--386
[]|\OT1/ptm/b/n/9 13.30%| 
 []


Overfull \hbox (6.48772pt too wide) in paragraph at lines 386--386
[]|\OT1/ptm/b/n/9 13.86%| 
 []


Overfull \hbox (1.98772pt too wide) in paragraph at lines 387--387
[]|\OT1/ptm/b/n/9 7.03%| 
 []


Overfull \hbox (6.48772pt too wide) in paragraph at lines 387--387
[]|\OT1/ptm/b/n/9 11.65%| 
 []


Overfull \hbox (6.48772pt too wide) in paragraph at lines 387--387
[]|\OT1/ptm/b/n/9 12.42%| 
 []


Overfull \hbox (1.98772pt too wide) in paragraph at lines 387--387
[]|\OT1/ptm/b/n/9 6.53%| 
 []


Overfull \hbox (1.98772pt too wide) in paragraph at lines 387--387
[]|\OT1/ptm/b/n/9 6.29%| 
 []


Overfull \hbox (6.48772pt too wide) in paragraph at lines 387--388
[]|\OT1/ptm/b/n/9 12.08%| 
 []


Package natbib Warning: Citation `agarwal2020optimality' on page 4 undefined on
 input line 418.


Underfull \hbox (badness 1648) in paragraph at lines 415--419
\OT1/ptm/b/n/10 Optimization.  \OT1/ptm/m/n/10 We im-ple-ment Multi-layer Per-c
ep-trons
 []

[4]

LaTeX Warning: Reference `equ: high level state' on page 5 undefined on input l
ine 445.


LaTeX Warning: Reference `equ: high-level reward' on page 5 undefined on input 
line 445.


LaTeX Warning: Reference `equ: high level policy' on page 5 undefined on input 
line 445.


Package natbib Warning: Citation `yang2014modeling' on page 5 undefined on inpu
t line 462.

<4_nyc.pdf, id=98, 431.45189pt x 359.66371pt>
File: 4_nyc.pdf Graphic file (type pdf)
<use 4_nyc.pdf>
Package pdftex.def Info: 4_nyc.pdf  used on input line 470.
(pdftex.def)             Requested size: 121.41637pt x 101.21004pt.
<4_tky.pdf, id=99, 431.45189pt x 359.66371pt>
File: 4_tky.pdf Graphic file (type pdf)
<use 4_tky.pdf>
Package pdftex.def Info: 4_tky.pdf  used on input line 475.
(pdftex.def)             Requested size: 121.41637pt x 101.21004pt.

Overfull \hbox (3.43835pt too wide) in paragraph at lines 468--478
 [][][] 
 []

<5_nyc.pdf, id=100, 722.7pt x 578.16pt>
File: 5_nyc.pdf Graphic file (type pdf)
<use 5_nyc.pdf>
Package pdftex.def Info: 5_nyc.pdf  used on input line 487.
(pdftex.def)             Requested size: 121.41637pt x 97.13022pt.
<5_tky.pdf, id=101, 722.7pt x 578.16pt>
File: 5_tky.pdf Graphic file (type pdf)
<use 5_tky.pdf>
Package pdftex.def Info: 5_tky.pdf  used on input line 492.
(pdftex.def)             Requested size: 121.41637pt x 97.13022pt.

Overfull \hbox (3.43835pt too wide) in paragraph at lines 485--495
 [][][] 
 []


Package natbib Warning: Citation `liu2016predicting' on page 5 undefined on inp
ut line 502.


Package natbib Warning: Citation `feng2018deepmove' on page 5 undefined on inpu
t line 502.


Package natbib Warning: Citation `sun2020go' on page 5 undefined on input line 
502.


Package natbib Warning: Citation `DBLP:conf/ijcai/Kong018' on page 5 undefined 
on input line 502.


Package natbib Warning: Citation `DBLP:conf/www/LuoLL21' on page 5 undefined on
 input line 502.


Package natbib Warning: Citation `yang2019revisiting' on page 5 undefined on in
put line 502.


Package natbib Warning: Citation `rendle2010factorizing' on page 5 undefined on
 input line 502.


Package natbib Warning: Citation `sanz2019simple' on page 5 undefined on input 
line 502.


Underfull \hbox (badness 1360) in paragraph at lines 501--504
\OT1/ptm/m/n/10 line al-go-rithms, in-clud-ing (1) \OT1/ptm/b/n/10 ST-RNN \OT1/
ptm/m/n/10 (\OT1/ptm/b/n/10 ?\OT1/ptm/m/n/10 ), (2) \OT1/ptm/b/n/10 Deep-
 []


Underfull \hbox (badness 2080) in paragraph at lines 501--504
\OT1/ptm/b/n/10 Move \OT1/ptm/m/n/10 (\OT1/ptm/b/n/10 ?\OT1/ptm/m/n/10 ), (3) \
OT1/ptm/b/n/10 LSTPM \OT1/ptm/m/n/10 (\OT1/ptm/b/n/10 ?\OT1/ptm/m/n/10 ), (4) \
OT1/ptm/b/n/10 HST-LSTM \OT1/ptm/m/n/10 (\OT1/ptm/b/n/10 ?\OT1/ptm/m/n/10 ), (5
)
 []


Package natbib Warning: Citation `diederik2014adam' on page 5 undefined on inpu
t line 507.

[5]

LaTeX Warning: Reference `Experment_Table' on page 6 undefined on input line 51
3.

<6_nyc.pdf, id=106, 431.6125pt x 361.35pt>
File: 6_nyc.pdf Graphic file (type pdf)
<use 6_nyc.pdf>
Package pdftex.def Info: 6_nyc.pdf  used on input line 523.
(pdftex.def)             Requested size: 121.41637pt x 101.64598pt.
<6_tky.pdf, id=107, 431.6125pt x 361.35pt>
File: 6_tky.pdf Graphic file (type pdf)
<use 6_tky.pdf>
Package pdftex.def Info: 6_tky.pdf  used on input line 528.
(pdftex.def)             Requested size: 121.41637pt x 101.64598pt.

Overfull \hbox (3.43835pt too wide) in paragraph at lines 521--531
 [][][] 
 []

<7_nyc.pdf, id=108, 431.6125pt x 361.35pt>
File: 7_nyc.pdf Graphic file (type pdf)
<use 7_nyc.pdf>
Package pdftex.def Info: 7_nyc.pdf  used on input line 539.
(pdftex.def)             Requested size: 121.41637pt x 101.64598pt.
<7_tky.pdf, id=109, 431.6125pt x 361.35pt>
File: 7_tky.pdf Graphic file (type pdf)
<use 7_tky.pdf>
Package pdftex.def Info: 7_tky.pdf  used on input line 544.
(pdftex.def)             Requested size: 121.41637pt x 101.64598pt.

Overfull \hbox (3.43835pt too wide) in paragraph at lines 537--547
 [][][] 
 []


LaTeX Warning: Reference `fig: spatial-temporal factors' on page 6 undefined on
 input line 553.


LaTeX Warning: Reference `Fig: ablation study on agents' on page 6 undefined on
 input line 559.

<fig8_nyc.pdf, id=110, 722.7pt x 722.7pt>
File: fig8_nyc.pdf Graphic file (type pdf)
<use fig8_nyc.pdf>
Package pdftex.def Info: fig8_nyc.pdf  used on input line 567.
(pdftex.def)             Requested size: 121.41637pt x 121.41277pt.
<fig8_tokyo.pdf, id=111, 722.7pt x 722.7pt>
File: fig8_tokyo.pdf Graphic file (type pdf)
<use fig8_tokyo.pdf>
Package pdftex.def Info: fig8_tokyo.pdf  used on input line 572.
(pdftex.def)             Requested size: 121.41637pt x 121.41277pt.

Overfull \hbox (3.43835pt too wide) in paragraph at lines 565--575
 [][][] 
 []

<fig9_nyc.pdf, id=112, 404.51125pt x 332.24126pt>
File: fig9_nyc.pdf Graphic file (type pdf)
<use fig9_nyc.pdf>
Package pdftex.def Info: fig9_nyc.pdf  used on input line 583.
(pdftex.def)             Requested size: 121.41637pt x 99.72383pt.
<fig9_tky.pdf, id=113, 404.51125pt x 332.24126pt>
File: fig9_tky.pdf Graphic file (type pdf)
<use fig9_tky.pdf>
Package pdftex.def Info: fig9_tky.pdf  used on input line 588.
(pdftex.def)             Requested size: 121.41637pt x 99.72383pt.

Overfull \hbox (3.43835pt too wide) in paragraph at lines 581--591
 [][][] 
 []


LaTeX Warning: Reference `fig:ablation study on hypergarph' on page 6 undefined
 on input line 597.


Underfull \vbox (badness 1558) has occurred while \output is active []

 [6 <./4_nyc.pdf> <./4_tky.pdf

pdfTeX warning: pdflatex.exe (file ./4_tky.pdf): PDF inclusion: multiple pdfs w
ith page group included in a single page
> <./5_nyc.pdf> <./5_tky.pdf> <./6_nyc.pdf> <./6_tky.pdf> <./7_nyc.pdf> <./7_tk
y.pdf> <./fig8_nyc.pdf

pdfTeX warning: pdflatex.exe (file ./fig8_nyc.pdf): PDF inclusion: multiple pdf
s with page group included in a single page
> <./fig8_tokyo.pdf

pdfTeX warning: pdflatex.exe (file ./fig8_tokyo.pdf): PDF inclusion: multiple p
dfs with page group included in a single page
>]

LaTeX Warning: Reference `fig:ablation study on hyperedges' on page 7 undefined
 on input line 603.


LaTeX Warning: Reference `fig: spatial reward' on page 7 undefined on input lin
e 612.


LaTeX Warning: Reference `fig: temporal reward' on page 7 undefined on input li
ne 615.


Package natbib Warning: Citation `liu2016predicting' on page 7 undefined on inp
ut line 619.


Package natbib Warning: Citation `yang2020location' on page 7 undefined on inpu
t line 619.


Package natbib Warning: Citation `lian2020geography' on page 7 undefined on inp
ut line 619.


Package natbib Warning: Citation `DBLP:conf/www/LuoLL21' on page 7 undefined on
 input line 619.


Underfull \vbox (badness 4378) has occurred while \output is active []



Package natbib Warning: Citation `dong2023temporal' on page 7 undefined on inpu
t line 622.


Package natbib Warning: Citation `DBLP:conf/aaai/00070WWY23' on page 7 undefine
d on input line 622.


Package natbib Warning: Citation `dong2023adaptive' on page 7 undefined on inpu
t line 622.


Package natbib Warning: Citation `yang2019revisiting' on page 7 undefined on in
put line 623.


Package natbib Warning: Citation `liu2022hypergraph' on page 7 undefined on inp
ut line 623.


Package natbib Warning: Citation `yan2023spatio' on page 7 undefined on input l
ine 623.


Package natbib Warning: Citation `yang2022getnext' on page 7 undefined on input
 line 623.


Package natbib Warning: Citation `mnih2015human' on page 7 undefined on input l
ine 626.


Package natbib Warning: Citation `jiang2023reinforced' on page 7 undefined on i
nput line 626.


Package natbib Warning: Citation `zhang2019hierarchical' on page 7 undefined on
 input line 630.


Package natbib Warning: Citation `yu2020expanrl' on page 7 undefined on input l
ine 630.


Package natbib Warning: Citation `xie2021hierarchical' on page 7 undefined on i
nput line 630.


Package natbib Warning: Citation `du2022denoising' on page 7 undefined on input
 line 630.


Package natbib Warning: Citation `DBLP:journals/tmc/WangDYJMSZQW22' on page 7 u
ndefined on input line 630.


Underfull \hbox (badness 1077) in paragraph at lines 642--644
\OT1/ptm/m/n/10 MYRG2022-00048-IOTSC). This work is sup-ported by
 []

[7 <./fig9_nyc.pdf> <./fig9_tky.pdf

pdfTeX warning: pdflatex.exe (file ./fig9_tky.pdf): PDF inclusion: multiple pdf
s with page group included in a single page
>] [8

]
No file aaai24_changed.bbl.

Package natbib Warning: There were undefined citations.

(aaai24_changed.aux)
 ***********
LaTeX2e <2023-06-01> patch level 1
L3 programming layer <2023-08-29>
 ***********


LaTeX Warning: There were undefined references.


LaTeX Warning: Label(s) may have changed. Rerun to get cross-references right.

 ) 
Here is how much of TeX's memory you used:
 7438 strings out of 475247
 119490 string characters out of 5757792
 1990801 words of memory out of 5000000
 28844 multiletter control sequences out of 15000+600000
 587363 words of font info for 102 fonts, out of 8000000 for 9000
 1141 hyphenation exceptions out of 8191
 57i,19n,65p,618b,462s stack positions out of 10000i,1000n,20000p,200000b,200000s
<C:/Users/micha/AppData/Local/Programs/MiKTeX/fonts/type1/public/amsfonts/cm/
cmbx10.pfb><C:/Users/micha/AppData/Local/Programs/MiKTeX/fonts/type1/public/ams
fonts/cm/cmbx7.pfb><C:/Users/micha/AppData/Local/Programs/MiKTeX/fonts/type1/pu
blic/amsfonts/cm/cmex10.pfb><C:/Users/micha/AppData/Local/Programs/MiKTeX/fonts
/type1/public/amsfonts/cm/cmmi10.pfb><C:/Users/micha/AppData/Local/Programs/MiK
TeX/fonts/type1/public/amsfonts/cm/cmmi5.pfb><C:/Users/micha/AppData/Local/Prog
rams/MiKTeX/fonts/type1/public/amsfonts/cm/cmmi7.pfb><C:/Users/micha/AppData/Lo
cal/Programs/MiKTeX/fonts/type1/public/amsfonts/cm/cmr10.pfb><C:/Users/micha/Ap
pData/Local/Programs/MiKTeX/fonts/type1/public/amsfonts/cm/cmr7.pfb><C:/Users/m
icha/AppData/Local/Programs/MiKTeX/fonts/type1/public/amsfonts/cm/cmsy10.pfb><C
:/Users/micha/AppData/Local/Programs/MiKTeX/fonts/type1/public/amsfonts/cm/cmsy
5.pfb><C:/Users/micha/AppData/Local/Programs/MiKTeX/fonts/type1/public/amsfonts
/cm/cmsy7.pfb><C:/Users/micha/AppData/Local/Programs/MiKTeX/fonts/type1/public/
amsfonts/symbols/msbm10.pfb><C:/Users/micha/AppData/Local/Programs/MiKTeX/fonts
/type1/urw/times/utmb8a.pfb><C:/Users/micha/AppData/Local/Programs/MiKTeX/fonts
/type1/urw/times/utmr8a.pfb>
Output written on aaai24_changed.pdf (8 pages, 4755023 bytes).
PDF statistics:
 577 PDF objects out of 1000 (max. 8388607)
 0 named destinations out of 1000 (max. 500000)
 76 words of extra memory for PDF output out of 10000 (max. 10000000)

