This is pdfTeX, Version 3.141592653-2.6-1.40.25 (MiKTeX 23.5) (preloaded format=pdflatex 2023.9.8)  16 SEP 2023 14:38
entering extended mode
 restricted \write18 enabled.
 %&-line parsing enabled.
**"./AAAI submission_changed.tex"
(AAAI submission_changed.tex
LaTeX2e <2023-06-01> patch level 1
L3 programming layer <2023-08-29>
(C:\Users\orfuc\AppData\Local\Programs\MiKTeX\tex/latex/base\article.cls
Document Class: article 2023/05/17 v1.4n Standard LaTeX document class
(C:\Users\orfuc\AppData\Local\Programs\MiKTeX\tex/latex/base\size10.clo
File: size10.clo 2023/05/17 v1.4n Standard LaTeX file (size option)
)
\c@part=\count185
\c@section=\count186
\c@subsection=\count187
\c@subsubsection=\count188
\c@paragraph=\count189
\c@subparagraph=\count190
\c@figure=\count191
\c@table=\count192
\abovecaptionskip=\skip48
\belowcaptionskip=\skip49
\bibindent=\dimen140
)
(aaai24.sty
Package: aaai24 2023/06/26 AAAI 2024 Submission format

Conference Style for AAAI for LaTeX 2e -- version for submission
\titlebox=\skip50
) (C:\Users\orfuc\AppData\Local\Programs\MiKTeX\tex/latex/psnfss\times.sty
Package: times 2020/03/25 PSNFSS-v9.3 (SPQR) 
)
(C:\Users\orfuc\AppData\Local\Programs\MiKTeX\tex/latex/psnfss\helvet.sty
Package: helvet 2020/03/25 PSNFSS-v9.3 (WaS) 

(C:\Users\orfuc\AppData\Local\Programs\MiKTeX\tex/latex/graphics\keyval.sty
Package: keyval 2022/05/29 v1.15 key=value parser (DPC)
\KV@toks@=\toks17
))
(C:\Users\orfuc\AppData\Local\Programs\MiKTeX\tex/latex/psnfss\courier.sty
Package: courier 2020/03/25 PSNFSS-v9.3 (WaS) 
)
(C:\Users\orfuc\AppData\Local\Programs\MiKTeX\tex/latex/url\url.sty
\Urlmuskip=\muskip16
Package: url 2013/09/16  ver 3.4  Verb mode for urls, etc.
)
(C:\Users\orfuc\AppData\Local\Programs\MiKTeX\tex/latex/graphics\graphicx.sty
Package: graphicx 2021/09/16 v1.2d Enhanced LaTeX Graphics (DPC,SPQR)

(C:\Users\orfuc\AppData\Local\Programs\MiKTeX\tex/latex/graphics\graphics.sty
Package: graphics 2022/03/10 v1.4e Standard LaTeX Graphics (DPC,SPQR)

(C:\Users\orfuc\AppData\Local\Programs\MiKTeX\tex/latex/graphics\trig.sty
Package: trig 2021/08/11 v1.11 sin cos tan (DPC)
)
(C:\Users\orfuc\AppData\Local\Programs\MiKTeX\tex/latex/graphics-cfg\graphics.c
fg
File: graphics.cfg 2016/06/04 v1.11 sample graphics configuration
)
Package graphics Info: Driver file: pdftex.def on input line 107.

(C:\Users\orfuc\AppData\Local\Programs\MiKTeX\tex/latex/graphics-def\pdftex.def
File: pdftex.def 2022/09/22 v1.2b Graphics/color driver for pdftex
))
\Gin@req@height=\dimen141
\Gin@req@width=\dimen142
) (C:\Users\orfuc\AppData\Local\Programs\MiKTeX\tex/latex/natbib\natbib.sty
Package: natbib 2010/09/13 8.31b (PWD, AO)
\bibhang=\skip51
\bibsep=\skip52
LaTeX Info: Redefining \cite on input line 694.
\c@NAT@ctr=\count193
)
(C:\Users\orfuc\AppData\Local\Programs\MiKTeX\tex/latex/caption\caption.sty
Package: caption 2023/07/31 v3.6n Customizing captions (AR)

(C:\Users\orfuc\AppData\Local\Programs\MiKTeX\tex/latex/caption\caption3.sty
Package: caption3 2023/07/31 v2.4d caption3 kernel (AR)
\caption@tempdima=\dimen143
\captionmargin=\dimen144
\caption@leftmargin=\dimen145
\caption@rightmargin=\dimen146
\caption@width=\dimen147
\caption@indent=\dimen148
\caption@parindent=\dimen149
\caption@hangindent=\dimen150
Package caption Info: Standard document class detected.
)
\c@caption@flags=\count194
\c@continuedfloat=\count195
)
(C:\Users\orfuc\AppData\Local\Programs\MiKTeX\tex/latex/caption\subcaption.sty
Package: subcaption 2023/07/28 v1.6b Sub-captions (AR)
Package caption Info: New subtype `subfigure' on input line 238.
\c@subfigure=\count196
Package caption Info: New subtype `subtable' on input line 238.
\c@subtable=\count197
)
(C:\Users\orfuc\AppData\Local\Programs\MiKTeX\tex/latex/algorithms\algorithm.st
y
Package: algorithm 2009/08/24 v0.1 Document Style `algorithm' - floating enviro
nment
 (C:\Users\orfuc\AppData\Local\Programs\MiKTeX\tex/latex/float\float.sty
Package: float 2001/11/08 v1.3d Float enhancements (AL)
\c@float@type=\count198
\float@exts=\toks18
\float@box=\box51
\@float@everytoks=\toks19
\@floatcapt=\box52
)
(C:\Users\orfuc\AppData\Local\Programs\MiKTeX\tex/latex/base\ifthen.sty
Package: ifthen 2022/04/13 v1.1d Standard LaTeX ifthen package (DPC)
)
\@float@every@algorithm=\toks20
\c@algorithm=\count199
)
(C:\Users\orfuc\AppData\Local\Programs\MiKTeX\tex/latex/algorithmicx\algpseudoc
ode.sty
Package: algpseudocode 

(C:\Users\orfuc\AppData\Local\Programs\MiKTeX\tex/latex/algorithmicx\algorithmi
cx.sty
Package: algorithmicx 2005/04/27 v1.2 Algorithmicx

Document Style algorithmicx 1.2 - a greatly improved `algorithmic' style
\c@ALG@line=\count266
\c@ALG@rem=\count267
\c@ALG@nested=\count268
\ALG@tlm=\skip53
\ALG@thistlm=\skip54
\c@ALG@Lnr=\count269
\c@ALG@blocknr=\count270
\c@ALG@storecount=\count271
\c@ALG@tmpcounter=\count272
\ALG@tmplength=\skip55
)
Document Style - pseudocode environments for use with the `algorithmicx' style
) (C:\Users\orfuc\AppData\Local\Programs\MiKTeX\tex/latex/graphics\color.sty
Package: color 2022/01/06 v1.3d Standard LaTeX Color (DPC)

(C:\Users\orfuc\AppData\Local\Programs\MiKTeX\tex/latex/graphics-cfg\color.cfg
File: color.cfg 2016/01/02 v1.6 sample color configuration
)
Package color Info: Driver file: pdftex.def on input line 149.
(C:\Users\orfuc\AppData\Local\Programs\MiKTeX\tex/latex/graphics\mathcolor.ltx)
) (C:\Users\orfuc\AppData\Local\Programs\MiKTeX\tex/latex/amsmath\amsmath.sty
Package: amsmath 2023/05/13 v2.17o AMS math features
\@mathmargin=\skip56

For additional information on amsmath, use the `?' option.
(C:\Users\orfuc\AppData\Local\Programs\MiKTeX\tex/latex/amsmath\amstext.sty
Package: amstext 2021/08/26 v2.01 AMS text

(C:\Users\orfuc\AppData\Local\Programs\MiKTeX\tex/latex/amsmath\amsgen.sty
File: amsgen.sty 1999/11/30 v2.0 generic functions
\@emptytoks=\toks21
\ex@=\dimen151
))
(C:\Users\orfuc\AppData\Local\Programs\MiKTeX\tex/latex/amsmath\amsbsy.sty
Package: amsbsy 1999/11/29 v1.2d Bold Symbols
\pmbraise@=\dimen152
)
(C:\Users\orfuc\AppData\Local\Programs\MiKTeX\tex/latex/amsmath\amsopn.sty
Package: amsopn 2022/04/08 v2.04 operator names
)
\inf@bad=\count273
LaTeX Info: Redefining \frac on input line 234.
\uproot@=\count274
\leftroot@=\count275
LaTeX Info: Redefining \overline on input line 399.
LaTeX Info: Redefining \colon on input line 410.
\classnum@=\count276
\DOTSCASE@=\count277
LaTeX Info: Redefining \ldots on input line 496.
LaTeX Info: Redefining \dots on input line 499.
LaTeX Info: Redefining \cdots on input line 620.
\Mathstrutbox@=\box53
\strutbox@=\box54
LaTeX Info: Redefining \big on input line 722.
LaTeX Info: Redefining \Big on input line 723.
LaTeX Info: Redefining \bigg on input line 724.
LaTeX Info: Redefining \Bigg on input line 725.
\big@size=\dimen153
LaTeX Font Info:    Redeclaring font encoding OML on input line 743.
LaTeX Font Info:    Redeclaring font encoding OMS on input line 744.
\macc@depth=\count278
LaTeX Info: Redefining \bmod on input line 905.
LaTeX Info: Redefining \pmod on input line 910.
LaTeX Info: Redefining \smash on input line 940.
LaTeX Info: Redefining \relbar on input line 970.
LaTeX Info: Redefining \Relbar on input line 971.
\c@MaxMatrixCols=\count279
\dotsspace@=\muskip17
\c@parentequation=\count280
\dspbrk@lvl=\count281
\tag@help=\toks22
\row@=\count282
\column@=\count283
\maxfields@=\count284
\andhelp@=\toks23
\eqnshift@=\dimen154
\alignsep@=\dimen155
\tagshift@=\dimen156
\tagwidth@=\dimen157
\totwidth@=\dimen158
\lineht@=\dimen159
\@envbody=\toks24
\multlinegap=\skip57
\multlinetaggap=\skip58
\mathdisplay@stack=\toks25
LaTeX Info: Redefining \[ on input line 2953.
LaTeX Info: Redefining \] on input line 2954.
)
(C:\Users\orfuc\AppData\Local\Programs\MiKTeX\tex/latex/amscls\amsthm.sty
Package: amsthm 2020/05/29 v2.20.6
\thm@style=\toks26
\thm@bodyfont=\toks27
\thm@headfont=\toks28
\thm@notefont=\toks29
\thm@headpunct=\toks30
\thm@preskip=\skip59
\thm@postskip=\skip60
\thm@headsep=\skip61
\dth@everypar=\toks31
)
(C:\Users\orfuc\AppData\Local\Programs\MiKTeX\tex/latex/amsfonts\amsfonts.sty
Package: amsfonts 2013/01/14 v3.01 Basic AMSFonts support
\symAMSa=\mathgroup4
\symAMSb=\mathgroup5
LaTeX Font Info:    Redeclaring math symbol \hbar on input line 98.
LaTeX Font Info:    Overwriting math alphabet `\mathfrak' in version `bold'
(Font)                  U/euf/m/n --> U/euf/b/n on input line 106.
)
\c@observation=\count285

(C:\Users\orfuc\AppData\Local\Programs\MiKTeX\tex/latex/units\nicefrac.sty
Package: nicefrac 1998/08/04 v0.9b Nice fractions
\L@UnitsRaiseDisplaystyle=\skip62
\L@UnitsRaiseTextstyle=\skip63
\L@UnitsRaiseScriptstyle=\skip64
)
(C:\Users\orfuc\AppData\Local\Programs\MiKTeX\tex/latex/newfloat\newfloat.sty
Package: newfloat 2019/09/02 v1.1l Defining new floating environments (AR)
)
(C:\Users\orfuc\AppData\Local\Programs\MiKTeX\tex/latex/listings\listings.sty
\lst@mode=\count286
\lst@gtempboxa=\box55
\lst@token=\toks32
\lst@length=\count287
\lst@currlwidth=\dimen160
\lst@column=\count288
\lst@pos=\count289
\lst@lostspace=\dimen161
\lst@width=\dimen162
\lst@newlines=\count290
\lst@lineno=\count291
\lst@maxwidth=\dimen163

(C:\Users\orfuc\AppData\Local\Programs\MiKTeX\tex/latex/listings\lstmisc.sty
File: lstmisc.sty 2023/02/27 1.9 (Carsten Heinz)
\c@lstnumber=\count292
\lst@skipnumbers=\count293
\lst@framebox=\box56
)
(C:\Users\orfuc\AppData\Local\Programs\MiKTeX\tex/latex/listings\listings.cfg
File: listings.cfg 2023/02/27 1.9 listings configuration
))
Package: listings 2023/02/27 1.9 (Carsten Heinz)
\@float@every@listing=\toks33
\c@listing=\count294
LaTeX Font Info:    Trying to load font information for OT1+ptm on input line 1
77.
(C:\Users\orfuc\AppData\Local\Programs\MiKTeX\tex/latex/psnfss\ot1ptm.fd
File: ot1ptm.fd 2001/06/04 font definitions for OT1/ptm.
)
(C:\Users\orfuc\AppData\Local\Programs\MiKTeX\tex/latex/l3backend\l3backend-pdf
tex.def
File: l3backend-pdftex.def 2023-04-19 L3 backend support: PDF output (pdfTeX)
\l__color_backend_stack_int=\count295
\l__pdf_internal_box=\box57
) (AAAI submission_changed.aux)
\openout1 = `"AAAI submission_changed.aux"'.

LaTeX Font Info:    Checking defaults for OML/cmm/m/it on input line 177.
LaTeX Font Info:    ... okay on input line 177.
LaTeX Font Info:    Checking defaults for OMS/cmsy/m/n on input line 177.
LaTeX Font Info:    ... okay on input line 177.
LaTeX Font Info:    Checking defaults for OT1/cmr/m/n on input line 177.
LaTeX Font Info:    ... okay on input line 177.
LaTeX Font Info:    Checking defaults for T1/cmr/m/n on input line 177.
LaTeX Font Info:    ... okay on input line 177.
LaTeX Font Info:    Checking defaults for TS1/cmr/m/n on input line 177.
LaTeX Font Info:    ... okay on input line 177.
LaTeX Font Info:    Checking defaults for OMX/cmex/m/n on input line 177.
LaTeX Font Info:    ... okay on input line 177.
LaTeX Font Info:    Checking defaults for U/cmr/m/n on input line 177.
LaTeX Font Info:    ... okay on input line 177.

(C:\Users\orfuc\AppData\Local\Programs\MiKTeX\tex/context/base/mkii\supp-pdf.mk
ii
[Loading MPS to PDF converter (version 2006.09.02).]
\scratchcounter=\count296
\scratchdimen=\dimen164
\scratchbox=\box58
\nofMPsegments=\count297
\nofMParguments=\count298
\everyMPshowfont=\toks34
\MPscratchCnt=\count299
\MPscratchDim=\dimen165
\MPnumerator=\count300
\makeMPintoPDFobject=\count301
\everyMPtoPDFconversion=\toks35
)
(C:\Users\orfuc\AppData\Local\Programs\MiKTeX\tex/latex/epstopdf-pkg\epstopdf-b
ase.sty
Package: epstopdf-base 2020-01-24 v2.11 Base part for package epstopdf
Package epstopdf-base Info: Redefining graphics rule for `.eps' on input line 4
85.

(C:\Users\orfuc\AppData\Local\Programs\MiKTeX\tex/latex/00miktex\epstopdf-sys.c
fg
File: epstopdf-sys.cfg 2021/03/18 v2.0 Configuration of epstopdf for MiKTeX
))
Package caption Info: Begin \AtBeginDocument code.
Package caption Info: float package is loaded.
Package caption Info: listings package is loaded.
Package caption Info: End \AtBeginDocument code.
Package newfloat Info: `float' package detected.
\c@lstlisting=\count302
\c@eqfn=\count303
\titlearea=\box59
\actualheight=\skip65
LaTeX Font Info:    Trying to load font information for U+msa on input line 182
.
 (C:\Users\orfuc\AppData\Local\Programs\MiKTeX\tex/latex/amsfonts\umsa.fd
File: umsa.fd 2013/01/14 v3.01 AMS symbols A
)
LaTeX Font Info:    Trying to load font information for U+msb on input line 182
.

(C:\Users\orfuc\AppData\Local\Programs\MiKTeX\tex/latex/amsfonts\umsb.fd
File: umsb.fd 2013/01/14 v3.01 AMS symbols B
)

Package natbib Warning: Citation `AFPT11' on page 1 undefined on input line 193
.


Package natbib Warning: Citation `Law22' on page 1 undefined on input line 195.



Package natbib Warning: Citation `LMNZCNR22' on page 1 undefined on input line 
195.

[1{C:/Users/orfuc/AppData/Local/MiKTeX/fonts/map/pdftex/pdftex.map}{C:/Users/or
fuc/AppData/Local/Programs/MiKTeX/fonts/enc/dvips/base/8r.enc}



]

Package natbib Warning: Citation `MS09' on page 2 undefined on input line 211.


Package natbib Warning: Citation `Sha22' on page 2 undefined on input line 211.



Underfull \hbox (badness 2503) in paragraph at lines 211--212
\OT1/ptm/m/n/10 The AI com-mu-nity's at-ten-tion to peer-evaluation was
 []


Package natbib Warning: Citation `AFPT11' on page 2 undefined on input line 213
.


Package natbib Warning: Citation `HM13a' on page 2 undefined on input line 213.



Package natbib Warning: Citation `HM13a' on page 2 undefined on input line 213.



Package natbib Warning: Citation `FK15' on page 2 undefined on input line 213.


Package natbib Warning: Citation `BNV14' on page 2 undefined on input line 213.



Package natbib Warning: Citation `BFK17' on page 2 undefined on input line 213.



Package natbib Warning: Citation `XZSS19' on page 2 undefined on input line 213
.


Package natbib Warning: Citation `ALMRW16' on page 2 undefined on input line 21
3.


Package natbib Warning: Citation `ALMRW19' on page 2 undefined on input line 21
3.


Package natbib Warning: Citation `KLMP15' on page 2 undefined on input line 215
.


Package natbib Warning: Citation `GWL19' on page 2 undefined on input line 215.



Package natbib Warning: Citation `MTZ20' on page 2 undefined on input line 215.



Package natbib Warning: Citation `LMTZ23' on page 2 undefined on input line 215
.


Package natbib Warning: Citation `Wal14' on page 2 undefined on input line 215.



Package natbib Warning: Citation `NSP19' on page 2 undefined on input line 215.



Package natbib Warning: Citation `SSS19' on page 2 undefined on input line 215.



Package natbib Warning: Citation `WS19' on page 2 undefined on input line 215.


Package natbib Warning: Citation `Mal57' on page 2 undefined on input line 217.



Package natbib Warning: Citation `ALMRW16' on page 2 undefined on input line 21
7.


Package natbib Warning: Citation `ALMRW19' on page 2 undefined on input line 21
7.


Package natbib Warning: Citation `MTZ20' on page 2 undefined on input line 217.



Package natbib Warning: Citation `LMTZ23' on page 2 undefined on input line 217
.


Underfull \hbox (badness 1527) in paragraph at lines 221--222
\OT1/ptm/m/n/10 Our peer-evaluation agents will be de-noted by $\OML/cmm/m/it/1
0 N \OT1/cmr/m/n/10 =
 []


Package natbib Warning: Citation `ALMRW16' on page 2 undefined on input line 22
7.


Package natbib Warning: Citation `ALMRW19' on page 2 undefined on input line 22
7.


Package natbib Warning: Citation `AFPT11' on page 2 undefined on input line 230
.


Package natbib Warning: Citation `ALMRW16' on page 2 undefined on input line 23
1.


Package natbib Warning: Citation `ALMRW19' on page 2 undefined on input line 23
1.


Package natbib Warning: Citation `LMTZ23' on page 2 undefined on input line 231
.

[2]
Underfull \hbox (badness 10000) in paragraph at lines 308--322
\OML/cmm/m/it/9 Reviewer\OT1/cmr/m/n/9 2\OML/cmm/m/it/9 Agents\OT1/cmr/m/n/9 (\
OML/cmm/m/it/9 C[]; C[]; H; L; AgentReviewed; m[]\OT1/cmr/m/n/9 )$ \OT1/ptm/m/n
/9 a
 []


Underfull \hbox (badness 10000) in paragraph at lines 308--322

 []


Overfull \hbox (1.87839pt too wide) in paragraph at lines 331--332
[] $\OML/cmm/m/it/9 Reviewer\OT1/cmr/m/n/9 2\OML/cmm/m/it/9 Agents\OT1/cmr/m/n/
9 (\OML/cmm/m/it/9 C[]; C[]; W; L; AgentReviewed; m[]\OT1/cmr/m/n/9 )$ 
 []

[3]
Underfull \hbox (badness 10000) in paragraph at lines 383--396
\OML/cmm/m/it/9 Reviewer\OT1/cmr/m/n/9 2\OML/cmm/m/it/9 Agents\OT1/cmr/m/n/9 (\
OML/cmm/m/it/9 C[]; C[]; H; L; AgentReviewed; m[]\OT1/cmr/m/n/9 )$ \OT1/ptm/m/n
/9 a
 []


Underfull \hbox (badness 10000) in paragraph at lines 383--396

 []


Overfull \hbox (1.25339pt too wide) in paragraph at lines 404--405
[] $\OML/cmm/m/it/9 Reviewer\OT1/cmr/m/n/9 2\OML/cmm/m/it/9 Agents\OT1/cmr/m/n/
9 (\OML/cmm/m/it/9 C[]; C[]; H; L; AgentReviewed; m[]\OT1/cmr/m/n/9 )$ 
 []


Package natbib Warning: Citation `ALMRW19' on page 4 undefined on input line 44
6.


Package natbib Warning: Citation `LMTZ23' on page 4 undefined on input line 446
.


Package natbib Warning: Citation `AFPT11' on page 4 undefined on input line 467
.

<./images/candidates_results_18_winners_phi_0_85_last_new_new_new_new.png, id=2
7, 1586.3265pt x 1072.4868pt>
File: ./images/candidates_results_18_winners_phi_0_85_last_new_new_new_new.png 
Graphic file (type png)
<use ./images/candidates_results_18_winners_phi_0_85_last_new_new_new_new.png>
Package pdftex.def Info: ./images/candidates_results_18_winners_phi_0_85_last_n
ew_new_new_new.png  used on input line 491.
(pdftex.def)             Requested size: 239.39438pt x 161.84796pt.
<./images/improve_in_candidates_review_5_winner_12_new_new_new.png, id=29, 1567
.5363pt x 1072.4868pt>
File: ./images/improve_in_candidates_review_5_winner_12_new_new_new.png Graphic
 file (type png)
<use ./images/improve_in_candidates_review_5_winner_12_new_new_new.png>
Package pdftex.def Info: ./images/improve_in_candidates_review_5_winner_12_new_
new_new.png  used on input line 501.
(pdftex.def)             Requested size: 191.51622pt x 131.01666pt.
[4]
<./images/recall_compare_1_step_partition_with_phi_new_new.png, id=33, 1567.536
3pt x 1086.2181pt>
File: ./images/recall_compare_1_step_partition_with_phi_new_new.png Graphic fil
e (type png)
<use ./images/recall_compare_1_step_partition_with_phi_new_new.png>
Package pdftex.def Info: ./images/recall_compare_1_step_partition_with_phi_new_
new.png  used on input line 519.
(pdftex.def)             Requested size: 121.41637pt x 84.1313pt.
<./images/recall_compare_1_step_partition_reviews_with_phi_new_new.png, id=34, 
1567.5363pt x 1086.2181pt>
File: ./images/recall_compare_1_step_partition_reviews_with_phi_new_new.png Gra
phic file (type png)
<use ./images/recall_compare_1_step_partition_reviews_with_phi_new_new.png>
Package pdftex.def Info: ./images/recall_compare_1_step_partition_reviews_with_
phi_new_new.png  used on input line 526.
(pdftex.def)             Requested size: 121.41637pt x 84.1313pt.
<./images/recall_compare_1_step_partition_with_phi_2_algo_new_new.png, id=35, 1
567.5363pt x 1072.4868pt>
File: ./images/recall_compare_1_step_partition_with_phi_2_algo_new_new.png Grap
hic file (type png)
<use ./images/recall_compare_1_step_partition_with_phi_2_algo_new_new.png>
Package pdftex.def Info: ./images/recall_compare_1_step_partition_with_phi_2_al
go_new_new.png  used on input line 534.
(pdftex.def)             Requested size: 121.41637pt x 83.06776pt.
<./images/recall_compare_1_step_partition_reviews_with_phi_2_algo_new_new_new.p
ng, id=36, 1567.5363pt x 1072.4868pt>
File: ./images/recall_compare_1_step_partition_reviews_with_phi_2_algo_new_new_
new.png Graphic file (type png)
<use ./images/recall_compare_1_step_partition_reviews_with_phi_2_algo_new_new_n
ew.png>
Package pdftex.def Info: ./images/recall_compare_1_step_partition_reviews_with_
phi_2_algo_new_new_new.png  used on input line 541.
(pdftex.def)             Requested size: 121.41637pt x 83.06776pt.


LaTeX Warning: Reference `fig:candidates-performances_per_candidates_in_winning
_group' on page 5 undefined on input line 552.

<./images/First_step_loser_phi_0_85_split_per_0_2_win_group_0_m_12_new.png, id=
37, 1579.0995pt x 1086.2181pt>
File: ./images/First_step_loser_phi_0_85_split_per_0_2_win_group_0_m_12_new.png
 Graphic file (type png)
<use ./images/First_step_loser_phi_0_85_split_per_0_2_win_group_0_m_12_new.png>

Package pdftex.def Info: ./images/First_step_loser_phi_0_85_split_per_0_2_win_g
roup_0_m_12_new.png  used on input line 560.
(pdftex.def)             Requested size: 191.51622pt x 131.73279pt.
<./images/percentage_of_low_rank_group_for_num_of_winners_with_phi_new_new.png,
 id=38, 1510.443pt x 1082.6046pt>
File: ./images/percentage_of_low_rank_group_for_num_of_winners_with_phi_new_new
.png Graphic file (type png)
<use ./images/percentage_of_low_rank_group_for_num_of_winners_with_phi_new_new.
png>
Package pdftex.def Info: ./images/percentage_of_low_rank_group_for_num_of_winne
rs_with_phi_new_new.png  used on input line 577.
(pdftex.def)             Requested size: 121.41637pt x 87.02312pt.

Underfull \hbox (badness 2326) in paragraph at lines 579--579
[]\OT1/ptm/m/n/9 (a) |Best per-form-ing size of $\OML/cmm/m/it/9 l$
 []

<./images/size_of_high_rank_group_for_num_of_reviews_with_phi_new_new.png, id=3
9, 1487.3166pt x 1072.4868pt>
File: ./images/size_of_high_rank_group_for_num_of_reviews_with_phi_new_new.png 
Graphic file (type png)
<use ./images/size_of_high_rank_group_for_num_of_reviews_with_phi_new_new.png>
Package pdftex.def Info: ./images/size_of_high_rank_group_for_num_of_reviews_wi
th_phi_new_new.png  used on input line 584.
(pdftex.def)             Requested size: 121.41637pt x 87.55173pt.

Underfull \hbox (badness 1418) in paragraph at lines 586--586
[]\OT1/ptm/m/n/9 (b) |Best per-form-ing size of $\OML/cmm/m/it/9 h$
 []

<./images/percentage_of_low_rank_group_for_num_of_reviews_with_phi_new_new.png,
 id=40, 1510.443pt x 1072.4868pt>
File: ./images/percentage_of_low_rank_group_for_num_of_reviews_with_phi_new_new
.png Graphic file (type png)
<use ./images/percentage_of_low_rank_group_for_num_of_reviews_with_phi_new_new.
png>
Package pdftex.def Info: ./images/percentage_of_low_rank_group_for_num_of_revie
ws_with_phi_new_new.png  used on input line 591.
(pdftex.def)             Requested size: 121.41637pt x 86.20981pt.

Underfull \hbox (badness 2326) in paragraph at lines 592--592
[]\OT1/ptm/m/n/9 (c) |Best per-form-ing size of $\OML/cmm/m/it/9 l$
 []

<./images/size_of_high_rank_group_for_num_of_winners_with_phi_new_new.png, id=4
1, 1487.3166pt x 1072.4868pt>
File: ./images/size_of_high_rank_group_for_num_of_winners_with_phi_new_new.png 
Graphic file (type png)
<use ./images/size_of_high_rank_group_for_num_of_winners_with_phi_new_new.png>
Package pdftex.def Info: ./images/size_of_high_rank_group_for_num_of_winners_wi
th_phi_new_new.png  used on input line 597.
(pdftex.def)             Requested size: 121.41637pt x 87.55173pt.

Underfull \hbox (badness 1418) in paragraph at lines 599--599
[]\OT1/ptm/m/n/9 (d) |Best per-form-ing size of $\OML/cmm/m/it/9 h$
 []

<./images/First_step_win_phi_0_85_split_per_0_2_loser_0_7_m_12_new.png, id=42, 
1567.5363pt x 1086.2181pt>
File: ./images/First_step_win_phi_0_85_split_per_0_2_loser_0_7_m_12_new.png Gra
phic file (type png)
<use ./images/First_step_win_phi_0_85_split_per_0_2_loser_0_7_m_12_new.png>
Package pdftex.def Info: ./images/First_step_win_phi_0_85_split_per_0_2_loser_0
_7_m_12_new.png  used on input line 610.
(pdftex.def)             Requested size: 167.57533pt x 116.11977pt.
[5 <./images/candidates_results_18_winners_phi_0_85_last_new_new_new_new.png> <
./images/improve_in_candidates_review_5_winner_12_new_new_new.png>]
<./images/split_per_phi_0_85_loser_0_7_0_2_win_group_0_m_12_new.png, id=48, 154
5.1326pt x 1086.2181pt>
File: ./images/split_per_phi_0_85_loser_0_7_0_2_win_group_0_m_12_new.png Graphi
c file (type png)
<use ./images/split_per_phi_0_85_loser_0_7_0_2_win_group_0_m_12_new.png>
Package pdftex.def Info: ./images/split_per_phi_0_85_loser_0_7_0_2_win_group_0_
m_12_new.png  used on input line 620.
(pdftex.def)             Requested size: 167.57533pt x 117.79378pt.


Package natbib Warning: Citation `LMNZCNR22' on page 6 undefined on input line 
627.

[6 <./images/recall_compare_1_step_partition_with_phi_new_new.png> <./images/re
call_compare_1_step_partition_reviews_with_phi_new_new.png> <./images/recall_co
mpare_1_step_partition_with_phi_2_algo_new_new.png> <./images/recall_compare_1_
step_partition_reviews_with_phi_2_algo_new_new_new.png> <./images/First_step_lo
ser_phi_0_85_split_per_0_2_win_group_0_m_12_new.png>]
Underfull \vbox (badness 10000) has occurred while \output is active []

 [7 <./images/percentage_of_low_rank_group_for_num_of_winners_with_phi_new_new.
png> <./images/size_of_high_rank_group_for_num_of_reviews_with_phi_new_new.png>
 <./images/percentage_of_low_rank_group_for_num_of_reviews_with_phi_new_new.png
> <./images/size_of_high_rank_group_for_num_of_winners_with_phi_new_new.png> <.
/images/First_step_win_phi_0_85_split_per_0_2_loser_0_7_m_12_new.png> <./images
/split_per_phi_0_85_loser_0_7_0_2_win_group_0_m_12_new.png>] [8

]
No file "AAAI submission_changed".bbl.

Package natbib Warning: There were undefined citations.

(AAAI submission_changed.aux)
 ***********
LaTeX2e <2023-06-01> patch level 1
L3 programming layer <2023-08-29>
 ***********


LaTeX Warning: There were undefined references.

 ) 
Here is how much of TeX's memory you used:
 6721 strings out of 475247
 117471 string characters out of 5757793
 1949801 words of memory out of 5000000
 28163 multiletter control sequences out of 15000+600000
 582229 words of font info for 81 fonts, out of 8000000 for 9000
 1141 hyphenation exceptions out of 8191
 57i,9n,65p,2428b,477s stack positions out of 10000i,1000n,20000p,200000b,200000s
<C:/Users/orfuc/AppData/Local/Programs/MiKTeX/fonts/type1/public/amsfonts/cm/
cmmi10.pfb><C:/Users/orfuc/AppData/Local/Programs/MiKTeX/fonts/type1/public/ams
fonts/cm/cmmi6.pfb><C:/Users/orfuc/AppData/Local/Programs/MiKTeX/fonts/type1/pu
blic/amsfonts/cm/cmmi7.pfb><C:/Users/orfuc/AppData/Local/Programs/MiKTeX/fonts/
type1/public/amsfonts/cm/cmmi9.pfb><C:/Users/orfuc/AppData/Local/Programs/MiKTe
X/fonts/type1/public/amsfonts/cm/cmr10.pfb><C:/Users/orfuc/AppData/Local/Progra
ms/MiKTeX/fonts/type1/public/amsfonts/cm/cmr6.pfb><C:/Users/orfuc/AppData/Local
/Programs/MiKTeX/fonts/type1/public/amsfonts/cm/cmr7.pfb><C:/Users/orfuc/AppDat
a/Local/Programs/MiKTeX/fonts/type1/public/amsfonts/cm/cmr9.pfb><C:/Users/orfuc
/AppData/Local/Programs/MiKTeX/fonts/type1/public/amsfonts/cm/cmsy10.pfb><C:/Us
ers/orfuc/AppData/Local/Programs/MiKTeX/fonts/type1/public/amsfonts/cm/cmsy6.pf
b><C:/Users/orfuc/AppData/Local/Programs/MiKTeX/fonts/type1/public/amsfonts/cm/
cmsy7.pfb><C:/Users/orfuc/AppData/Local/Programs/MiKTeX/fonts/type1/public/amsf
onts/cm/cmsy9.pfb><C:/Users/orfuc/AppData/Local/Programs/MiKTeX/fonts/type1/pub
lic/amsfonts/symbols/msbm10.pfb><C:/Users/orfuc/AppData/Local/Programs/MiKTeX/f
onts/type1/urw/times/utmb8a.pfb><C:/Users/orfuc/AppData/Local/Programs/MiKTeX/f
onts/type1/urw/times/utmr8a.pfb><C:/Users/orfuc/AppData/Local/Programs/MiKTeX/f
onts/type1/urw/times/utmri8a.pfb>
Output written on "AAAI submission_changed.pdf" (8 pages, 2327614 bytes).
PDF statistics:
 137 PDF objects out of 1000 (max. 8388607)
 0 named destinations out of 1000 (max. 500000)
 66 words of extra memory for PDF output out of 10000 (max. 10000000)

