This is pdfTeX, Version 3.141592653-2.6-1.40.25 (MiKTeX 23.5) (preloaded format=pdflatex 2024.1.12)  3 MAR 2024 12:43
entering extended mode
 restricted \write18 enabled.
 %&-line parsing enabled.
**./main_changed.tex
(main_changed.tex
LaTeX2e <2023-06-01> patch level 1
L3 programming layer <2023-08-29>
(C:\Users\orfuc\AppData\Local\Programs\MiKTeX\tex/latex/base\article.cls
Document Class: article 2023/05/17 v1.4n Standard LaTeX document class
(C:\Users\orfuc\AppData\Local\Programs\MiKTeX\tex/latex/base\size10.clo
File: size10.clo 2023/05/17 v1.4n Standard LaTeX file (size option)
)
\c@part=\count185
\c@section=\count186
\c@subsection=\count187
\c@subsubsection=\count188
\c@paragraph=\count189
\c@subparagraph=\count190
\c@figure=\count191
\c@table=\count192
\abovecaptionskip=\skip48
\belowcaptionskip=\skip49
\bibindent=\dimen140
)
(aaai22.sty
Conference Style for AAAI for LaTeX 2e -- version for the AAAI-22 conference
\titlebox=\skip50
) (C:\Users\orfuc\AppData\Local\Programs\MiKTeX\tex/latex/psnfss\times.sty
Package: times 2020/03/25 PSNFSS-v9.3 (SPQR) 
)
(C:\Users\orfuc\AppData\Local\Programs\MiKTeX\tex/latex/psnfss\helvet.sty
Package: helvet 2020/03/25 PSNFSS-v9.3 (WaS) 

(C:\Users\orfuc\AppData\Local\Programs\MiKTeX\tex/latex/graphics\keyval.sty
Package: keyval 2022/05/29 v1.15 key=value parser (DPC)
\KV@toks@=\toks17
))
(C:\Users\orfuc\AppData\Local\Programs\MiKTeX\tex/latex/psnfss\courier.sty
Package: courier 2020/03/25 PSNFSS-v9.3 (WaS) 
)
(C:\Users\orfuc\AppData\Local\Programs\MiKTeX\tex/latex/url\url.sty
\Urlmuskip=\muskip16
Package: url 2013/09/16  ver 3.4  Verb mode for urls, etc.
)
(C:\Users\orfuc\AppData\Local\Programs\MiKTeX\tex/latex/graphics\graphicx.sty
Package: graphicx 2021/09/16 v1.2d Enhanced LaTeX Graphics (DPC,SPQR)

(C:\Users\orfuc\AppData\Local\Programs\MiKTeX\tex/latex/graphics\graphics.sty
Package: graphics 2022/03/10 v1.4e Standard LaTeX Graphics (DPC,SPQR)

(C:\Users\orfuc\AppData\Local\Programs\MiKTeX\tex/latex/graphics\trig.sty
Package: trig 2021/08/11 v1.11 sin cos tan (DPC)
)
(C:\Users\orfuc\AppData\Local\Programs\MiKTeX\tex/latex/graphics-cfg\graphics.c
fg
File: graphics.cfg 2016/06/04 v1.11 sample graphics configuration
)
Package graphics Info: Driver file: pdftex.def on input line 107.

(C:\Users\orfuc\AppData\Local\Programs\MiKTeX\tex/latex/graphics-def\pdftex.def
File: pdftex.def 2022/09/22 v1.2b Graphics/color driver for pdftex
))
\Gin@req@height=\dimen141
\Gin@req@width=\dimen142
) (C:\Users\orfuc\AppData\Local\Programs\MiKTeX\tex/latex/natbib\natbib.sty
Package: natbib 2010/09/13 8.31b (PWD, AO)
\bibhang=\skip51
\bibsep=\skip52
LaTeX Info: Redefining \cite on input line 694.
\c@NAT@ctr=\count193
)
(C:\Users\orfuc\AppData\Local\Programs\MiKTeX\tex/latex/caption\caption.sty
Package: caption 2023/07/31 v3.6n Customizing captions (AR)

(C:\Users\orfuc\AppData\Local\Programs\MiKTeX\tex/latex/caption\caption3.sty
Package: caption3 2023/07/31 v2.4d caption3 kernel (AR)
\caption@tempdima=\dimen143
\captionmargin=\dimen144
\caption@leftmargin=\dimen145
\caption@rightmargin=\dimen146
\caption@width=\dimen147
\caption@indent=\dimen148
\caption@parindent=\dimen149
\caption@hangindent=\dimen150
Package caption Info: Standard document class detected.
)
\c@caption@flags=\count194
\c@continuedfloat=\count195
)
(C:\Users\orfuc\AppData\Local\Programs\MiKTeX\tex/latex/booktabs\booktabs.sty
Package: booktabs 2020/01/12 v1.61803398 Publication quality tables
\heavyrulewidth=\dimen151
\lightrulewidth=\dimen152
\cmidrulewidth=\dimen153
\belowrulesep=\dimen154
\belowbottomsep=\dimen155
\aboverulesep=\dimen156
\abovetopsep=\dimen157
\cmidrulesep=\dimen158
\cmidrulekern=\dimen159
\defaultaddspace=\dimen160
\@cmidla=\count196
\@cmidlb=\count197
\@aboverulesep=\dimen161
\@belowrulesep=\dimen162
\@thisruleclass=\count198
\@lastruleclass=\count199
\@thisrulewidth=\dimen163
)
(C:\Users\orfuc\AppData\Local\Programs\MiKTeX\tex/latex/algorithms\algorithm.st
y
Package: algorithm 2009/08/24 v0.1 Document Style `algorithm' - floating enviro
nment
 (C:\Users\orfuc\AppData\Local\Programs\MiKTeX\tex/latex/float\float.sty
Package: float 2001/11/08 v1.3d Float enhancements (AL)
\c@float@type=\count266
\float@exts=\toks18
\float@box=\box51
\@float@everytoks=\toks19
\@floatcapt=\box52
)
(C:\Users\orfuc\AppData\Local\Programs\MiKTeX\tex/latex/base\ifthen.sty
Package: ifthen 2022/04/13 v1.1d Standard LaTeX ifthen package (DPC)
)
\@float@every@algorithm=\toks20
\c@algorithm=\count267
)
(C:\Users\orfuc\AppData\Local\Programs\MiKTeX\tex/latex/algorithms\algorithmic.
sty
Package: algorithmic 2009/08/24 v0.1 Document Style `algorithmic'
\c@ALC@unique=\count268
\c@ALC@line=\count269
\c@ALC@rem=\count270
\c@ALC@depth=\count271
\ALC@tlm=\skip53
\algorithmicindent=\skip54
)
(C:\Users\orfuc\AppData\Local\Programs\MiKTeX\tex/latex/multirow\multirow.sty
Package: multirow 2021/03/15 v2.8 Span multiple rows of a table
\multirow@colwidth=\skip55
\multirow@cntb=\count272
\multirow@dima=\skip56
\bigstrutjot=\dimen164
)
(C:\Users\orfuc\AppData\Local\Programs\MiKTeX\tex/latex/xcolor\xcolor.sty
Package: xcolor 2022/06/12 v2.14 LaTeX color extensions (UK)

(C:\Users\orfuc\AppData\Local\Programs\MiKTeX\tex/latex/graphics-cfg\color.cfg
File: color.cfg 2016/01/02 v1.6 sample color configuration
)
Package xcolor Info: Driver file: pdftex.def on input line 227.
(C:\Users\orfuc\AppData\Local\Programs\MiKTeX\tex/latex/graphics\mathcolor.ltx)
Package xcolor Info: Model `cmy' substituted by `cmy0' on input line 1353.
Package xcolor Info: Model `hsb' substituted by `rgb' on input line 1357.
Package xcolor Info: Model `RGB' extended on input line 1369.
Package xcolor Info: Model `HTML' substituted by `rgb' on input line 1371.
Package xcolor Info: Model `Hsb' substituted by `hsb' on input line 1372.
Package xcolor Info: Model `tHsb' substituted by `hsb' on input line 1373.
Package xcolor Info: Model `HSB' substituted by `hsb' on input line 1374.
Package xcolor Info: Model `Gray' substituted by `gray' on input line 1375.
Package xcolor Info: Model `wave' substituted by `hsb' on input line 1376.
) (C:\Users\orfuc\AppData\Local\Programs\MiKTeX\tex/latex/newfloat\newfloat.sty
Package: newfloat 2019/09/02 v1.1l Defining new floating environments (AR)
) (C:\Users\orfuc\AppData\Local\Programs\MiKTeX\tex/latex/listings\listings.sty
\lst@mode=\count273
\lst@gtempboxa=\box53
\lst@token=\toks21
\lst@length=\count274
\lst@currlwidth=\dimen165
\lst@column=\count275
\lst@pos=\count276
\lst@lostspace=\dimen166
\lst@width=\dimen167
\lst@newlines=\count277
\lst@lineno=\count278
\lst@maxwidth=\dimen168
(C:\Users\orfuc\AppData\Local\Programs\MiKTeX\tex/latex/listings\lstmisc.sty
File: lstmisc.sty 2023/02/27 1.9 (Carsten Heinz)
\c@lstnumber=\count279
\lst@skipnumbers=\count280
\lst@framebox=\box54
)
(C:\Users\orfuc\AppData\Local\Programs\MiKTeX\tex/latex/listings\listings.cfg
File: listings.cfg 2023/02/27 1.9 listings configuration
))
Package: listings 2023/02/27 1.9 (Carsten Heinz)
\@float@every@listing=\toks22
\c@listing=\count281
LaTeX Font Info:    Trying to load font information for OT1+ptm on input line 1
22.
(C:\Users\orfuc\AppData\Local\Programs\MiKTeX\tex/latex/psnfss\ot1ptm.fd
File: ot1ptm.fd 2001/06/04 font definitions for OT1/ptm.
)
(C:\Users\orfuc\AppData\Local\Programs\MiKTeX\tex/latex/l3backend\l3backend-pdf
tex.def
File: l3backend-pdftex.def 2023-04-19 L3 backend support: PDF output (pdfTeX)
\l__color_backend_stack_int=\count282
\l__pdf_internal_box=\box55
) (main_changed.aux)
\openout1 = `main_changed.aux'.

LaTeX Font Info:    Checking defaults for OML/cmm/m/it on input line 122.
LaTeX Font Info:    ... okay on input line 122.
LaTeX Font Info:    Checking defaults for OMS/cmsy/m/n on input line 122.
LaTeX Font Info:    ... okay on input line 122.
LaTeX Font Info:    Checking defaults for OT1/cmr/m/n on input line 122.
LaTeX Font Info:    ... okay on input line 122.
LaTeX Font Info:    Checking defaults for T1/cmr/m/n on input line 122.
LaTeX Font Info:    ... okay on input line 122.
LaTeX Font Info:    Checking defaults for TS1/cmr/m/n on input line 122.
LaTeX Font Info:    ... okay on input line 122.
LaTeX Font Info:    Checking defaults for OMX/cmex/m/n on input line 122.
LaTeX Font Info:    ... okay on input line 122.
LaTeX Font Info:    Checking defaults for U/cmr/m/n on input line 122.
LaTeX Font Info:    ... okay on input line 122.

(C:\Users\orfuc\AppData\Local\Programs\MiKTeX\tex/context/base/mkii\supp-pdf.mk
ii
[Loading MPS to PDF converter (version 2006.09.02).]
\scratchcounter=\count283
\scratchdimen=\dimen169
\scratchbox=\box56
\nofMPsegments=\count284
\nofMParguments=\count285
\everyMPshowfont=\toks23
\MPscratchCnt=\count286
\MPscratchDim=\dimen170
\MPnumerator=\count287
\makeMPintoPDFobject=\count288
\everyMPtoPDFconversion=\toks24
)
(C:\Users\orfuc\AppData\Local\Programs\MiKTeX\tex/latex/epstopdf-pkg\epstopdf-b
ase.sty
Package: epstopdf-base 2020-01-24 v2.11 Base part for package epstopdf
Package epstopdf-base Info: Redefining graphics rule for `.eps' on input line 4
85.

(C:\Users\orfuc\AppData\Local\Programs\MiKTeX\tex/latex/00miktex\epstopdf-sys.c
fg
File: epstopdf-sys.cfg 2021/03/18 v2.0 Configuration of epstopdf for MiKTeX
))
Package caption Info: Begin \AtBeginDocument code.
Package caption Info: float package is loaded.
Package caption Info: listings package is loaded.
Package caption Info: End \AtBeginDocument code.
Package newfloat Info: `float' package detected.
\c@lstlisting=\count289
\c@eqfn=\count290
\titlearea=\box57
LaTeX Font Info:    External font `cmex10' loaded for size
(Font)              <12> on input line 124.
LaTeX Font Info:    External font `cmex10' loaded for size
(Font)              <8> on input line 124.
LaTeX Font Info:    External font `cmex10' loaded for size
(Font)              <6> on input line 124.
LaTeX Font Info:    External font `cmex10' loaded for size
(Font)              <7> on input line 124.
LaTeX Font Info:    External font `cmex10' loaded for size
(Font)              <5> on input line 124.
LaTeX Font Info:    Trying to load font information for OMS+ptm on input line 1
24.
 (C:\Users\orfuc\AppData\Local\Programs\MiKTeX\tex/latex/psnfss\omsptm.fd
File: omsptm.fd 
)
LaTeX Font Info:    Font shape `OMS/ptm/m/n' in size <10> not available
(Font)              Font shape `OMS/cmsy/m/n' tried instead on input line 124.
\actualheight=\skip57
LaTeX Font Info:    Trying to load font information for TS1+ptm on input line 1
24.

(C:\Users\orfuc\AppData\Local\Programs\MiKTeX\tex/latex/psnfss\ts1ptm.fd
File: ts1ptm.fd 2001/06/04 font definitions for TS1/ptm.
)
LaTeX Font Info:    External font `cmex10' loaded for size
(Font)              <9> on input line 124.


Package natbib Warning: Citation `mihaylov2018can' on page 1 undefined on input
 line 133.


Package natbib Warning: Citation `khot2020qasc' on page 1 undefined on input li
ne 133.


Package natbib Warning: Citation `jhamtani-clark-2020-learning' on page 1 undef
ined on input line 133.


Package natbib Warning: Citation `banerjee2020knowledge' on page 1 undefined on
 input line 133.


Package natbib Warning: Citation `jhamtani-clark-2020-learning' on page 1 undef
ined on input line 133.


Package natbib Warning: Citation `lin-etal-2019-kagnet' on page 1 undefined on 
input line 147.


Package natbib Warning: Citation `ji-etal-2020-language' on page 1 undefined on
 input line 147.


Package natbib Warning: Citation `yasunaga-etal-2021-qa' on page 1 undefined on
 input line 147.


Package natbib Warning: Citation `zhang-etal-2019-ernie' on page 1 undefined on
 input line 148.


Package natbib Warning: Citation `chen-etal-2020-improving' on page 1 undefined
 on input line 148.


Package natbib Warning: Citation `xu-etal-2021-fusing' on page 1 undefined on i
nput line 148.


Package natbib Warning: Citation `wang-etal-2020-connecting' on page 1 undefine
d on input line 149.


Package natbib Warning: Citation `sap2019atomic' on page 1 undefined on input l
ine 149.


Package natbib Warning: Citation `bosselut-etal-2019-comet' on page 1 undefined
 on input line 149.


Package natbib Warning: Citation `mostafazadeh-etal-2020-glucose' on page 1 und
efined on input line 149.


Package natbib Warning: Citation `Hwang2020COMETATOMIC' on page 1 undefined on 
input line 149.


Package natbib Warning: Citation `shwartz-etal-2020-unsupervised' on page 1 und
efined on input line 149.


Package natbib Warning: Citation `Bosselut2019DynamicKG' on page 1 undefined on
 input line 149.


Package natbib Warning: Citation `jhamtani-clark-2020-learning' on page 1 undef
ined on input line 151.


Package natbib Warning: Citation `dhingra2020differentiable' on page 1 undefine
d on input line 151.


Package natbib Warning: Citation `lin-etal-2021-differentiable' on page 1 undef
ined on input line 151.


Package natbib Warning: Citation `yadav-etal-2021-want' on page 1 undefined on 
input line 152.


Package natbib Warning: Citation `biran2017explanation' on page 1 undefined on 
input line 165.

[1{C:/Users/orfuc/AppData/Local/MiKTeX/fonts/map/pdftex/pdftex.map}{C:/Users/or
fuc/AppData/Local/Programs/MiKTeX/fonts/enc/dvips/base/8r.enc}



]

Package natbib Warning: Citation `khot2020qasc' on page 2 undefined on input li
ne 180.


Package natbib Warning: Citation `jhamtani-clark-2020-learning' on page 2 undef
ined on input line 184.


Underfull \hbox (badness 1205) in paragraph at lines 184--187
[]\OT1/ptm/m/n/10 Meanwhile, the Ex-plain-able QASC (eQASC) dataset
 []


Underfull \hbox (badness 1533) in paragraph at lines 184--187
\OT1/ptm/m/n/10 adds 10 au-to-mat-i-cally gen-er-ated ex-pla-na-tions for each
 []


Package natbib Warning: Citation `jhamtani-clark-2020-learning' on page 2 undef
ined on input line 193.


Underfull \hbox (badness 4886) in paragraph at lines 192--194
\OT1/ptm/m/n/10 Syntactic in-for-ma-tion re-trieval meth-ods en-able quick
 []

<syntactic_pipeline.pdf, id=8, 549.05125pt x 202.7575pt>
File: syntactic_pipeline.pdf Graphic file (type pdf)
<use syntactic_pipeline.pdf>
Package pdftex.def Info: syntactic_pipeline.pdf  used on input line 197.
(pdftex.def)             Requested size: 202.3529pt x 74.72517pt.

Package natbib Warning: Citation `karpukhin-etal-2020-dense' on page 2 undefine
d on input line 211.

<semantic_pipeline.pdf, id=9, 776.9025pt x 238.8925pt>
File: semantic_pipeline.pdf Graphic file (type pdf)
<use semantic_pipeline.pdf>
Package pdftex.def Info: semantic_pipeline.pdf  used on input line 218.
(pdftex.def)             Requested size: 354.12144pt x 108.89308pt.

Package natbib Warning: Citation `lin-etal-2021-differentiable' on page 2 undef
ined on input line 228.

[2 <./syntactic_pipeline.pdf>]

Package natbib Warning: Citation `devlin-etal-2019-bert' on page 3 undefined on
 input line 232.


Package natbib Warning: Citation `liu2019roberta' on page 3 undefined on input 
line 232.


Underfull \hbox (badness 1028) in paragraph at lines 232--233
\OT1/ptm/m/n/10 tems can quickly pro-pose can-di-date ex-pla-na-tion chains
 []


Package natbib Warning: Citation `devlin-etal-2019-bert' on page 3 undefined on
 input line 261.

[3 <./semantic_pipeline.pdf>]

Package natbib Warning: Citation `devlin-etal-2019-bert' on page 4 undefined on
 input line 315.


Package natbib Warning: Citation `liu2019roberta' on page 4 undefined on input 
line 315.


Underfull \hbox (badness 10000) in paragraph at lines 315--318
 \OT1/ptm/b/n/10 Train-ing de-tails. \OT1/ptm/m/n/10 Us-ing the re-ranking ap-p
roach
 []


Underfull \hbox (badness 7064) in paragraph at lines 315--318
\OT1/ptm/m/n/10 de-scribed ear-lier, we fine-tune the \OT1/ptm/m/sc/10 BERT \OT
1/ptm/m/n/10 (\OT1/ptm/b/n/10 ?\OT1/ptm/m/n/10 ) and
 []


Underfull \hbox (badness 3439) in paragraph at lines 315--318
\OT1/ptm/m/sc/10 RoBERTa \OT1/ptm/m/n/10 (\OT1/ptm/b/n/10 ?\OT1/ptm/m/n/10 ) pr
e-trained lan-guage mod-els.[] Mod-els
 []

[4]
No file main_changed.bbl.

Package natbib Warning: There were undefined citations.

[5

] (main_changed.aux)
 ***********
LaTeX2e <2023-06-01> patch level 1
L3 programming layer <2023-08-29>
 ***********
 ) 
Here is how much of TeX's memory you used:
 5770 strings out of 475247
 94686 string characters out of 5757792
 1940801 words of memory out of 5000000
 27235 multiletter control sequences out of 15000+600000
 586492 words of font info for 82 fonts, out of 8000000 for 9000
 1141 hyphenation exceptions out of 8191
 57i,9n,65p,1177b,313s stack positions out of 10000i,1000n,20000p,200000b,200000s
<C:/Users/orfuc/AppData/Local/Programs/MiKTeX/fonts/type1/public/amsfonts/cm/
cmmi10.pfb><C:/Users/orfuc/AppData/Local/Programs/MiKTeX/fonts/type1/public/ams
fonts/cm/cmmi7.pfb><C:/Users/orfuc/AppData/Local/Programs/MiKTeX/fonts/type1/pu
blic/amsfonts/cm/cmr10.pfb><C:/Users/orfuc/AppData/Local/Programs/MiKTeX/fonts/
type1/public/amsfonts/cm/cmr7.pfb><C:/Users/orfuc/AppData/Local/Programs/MiKTeX
/fonts/type1/public/amsfonts/cm/cmsy10.pfb><C:/Users/orfuc/AppData/Local/Progra
ms/MiKTeX/fonts/type1/urw/times/utmb8a.pfb><C:/Users/orfuc/AppData/Local/Progra
ms/MiKTeX/fonts/type1/urw/times/utmr8a.pfb><C:/Users/orfuc/AppData/Local/Progra
ms/MiKTeX/fonts/type1/urw/times/utmri8a.pfb>
Output written on main_changed.pdf (5 pages, 230643 bytes).
PDF statistics:
 113 PDF objects out of 1000 (max. 8388607)
 0 named destinations out of 1000 (max. 500000)
 11 words of extra memory for PDF output out of 10000 (max. 10000000)

