This is pdfTeX, Version 3.141592653-2.6-1.40.25 (MiKTeX 23.9) (preloaded format=pdflatex 2023.9.22)  19 JAN 2024 11:41
entering extended mode
 restricted \write18 enabled.
 %&-line parsing enabled.
**./aaai24_changed.tex
(aaai24_changed.tex
LaTeX2e <2023-06-01> patch level 1
L3 programming layer <2023-08-29>
(C:\Users\micha\AppData\Local\Programs\MiKTeX\tex/latex/base\article.cls
Document Class: article 2023/05/17 v1.4n Standard LaTeX document class
(C:\Users\micha\AppData\Local\Programs\MiKTeX\tex/latex/base\size10.clo
File: size10.clo 2023/05/17 v1.4n Standard LaTeX file (size option)
)
\c@part=\count185
\c@section=\count186
\c@subsection=\count187
\c@subsubsection=\count188
\c@paragraph=\count189
\c@subparagraph=\count190
\c@figure=\count191
\c@table=\count192
\abovecaptionskip=\skip48
\belowcaptionskip=\skip49
\bibindent=\dimen140
)
(aaai24.sty
Package: aaai24 2023/06/26 AAAI 2024 Submission format

Conference Style for AAAI for LaTeX 2e -- version for submission
\titlebox=\skip50
) (C:\Users\micha\AppData\Local\Programs\MiKTeX\tex/latex/psnfss\times.sty
Package: times 2020/03/25 PSNFSS-v9.3 (SPQR) 
)
(C:\Users\micha\AppData\Local\Programs\MiKTeX\tex/latex/psnfss\helvet.sty
Package: helvet 2020/03/25 PSNFSS-v9.3 (WaS) 

(C:\Users\micha\AppData\Local\Programs\MiKTeX\tex/latex/graphics\keyval.sty
Package: keyval 2022/05/29 v1.15 key=value parser (DPC)
\KV@toks@=\toks17
))
(C:\Users\micha\AppData\Local\Programs\MiKTeX\tex/latex/psnfss\courier.sty
Package: courier 2020/03/25 PSNFSS-v9.3 (WaS) 
)
(C:\Users\micha\AppData\Local\Programs\MiKTeX\tex/latex/url\url.sty
\Urlmuskip=\muskip16
Package: url 2013/09/16  ver 3.4  Verb mode for urls, etc.
)
(C:\Users\micha\AppData\Local\Programs\MiKTeX\tex/latex/graphics\graphicx.sty
Package: graphicx 2021/09/16 v1.2d Enhanced LaTeX Graphics (DPC,SPQR)

(C:\Users\micha\AppData\Local\Programs\MiKTeX\tex/latex/graphics\graphics.sty
Package: graphics 2022/03/10 v1.4e Standard LaTeX Graphics (DPC,SPQR)

(C:\Users\micha\AppData\Local\Programs\MiKTeX\tex/latex/graphics\trig.sty
Package: trig 2021/08/11 v1.11 sin cos tan (DPC)
)
(C:\Users\micha\AppData\Local\Programs\MiKTeX\tex/latex/graphics-cfg\graphics.c
fg
File: graphics.cfg 2016/06/04 v1.11 sample graphics configuration
)
Package graphics Info: Driver file: pdftex.def on input line 107.

(C:\Users\micha\AppData\Local\Programs\MiKTeX\tex/latex/graphics-def\pdftex.def
File: pdftex.def 2022/09/22 v1.2b Graphics/color driver for pdftex
))
\Gin@req@height=\dimen141
\Gin@req@width=\dimen142
) (C:\Users\micha\AppData\Local\Programs\MiKTeX\tex/latex/natbib\natbib.sty
Package: natbib 2010/09/13 8.31b (PWD, AO)
\bibhang=\skip51
\bibsep=\skip52
LaTeX Info: Redefining \cite on input line 694.
\c@NAT@ctr=\count193
)
(C:\Users\micha\AppData\Local\Programs\MiKTeX\tex/latex/caption\caption.sty
Package: caption 2023/07/31 v3.6n Customizing captions (AR)

(C:\Users\micha\AppData\Local\Programs\MiKTeX\tex/latex/caption\caption3.sty
Package: caption3 2023/07/31 v2.4d caption3 kernel (AR)
\caption@tempdima=\dimen143
\captionmargin=\dimen144
\caption@leftmargin=\dimen145
\caption@rightmargin=\dimen146
\caption@width=\dimen147
\caption@indent=\dimen148
\caption@parindent=\dimen149
\caption@hangindent=\dimen150
Package caption Info: Standard document class detected.
)
\c@caption@flags=\count194
\c@continuedfloat=\count195
)
(C:\Users\micha\AppData\Local\Programs\MiKTeX\tex/latex/algorithms\algorithm.st
y
Package: algorithm 2009/08/24 v0.1 Document Style `algorithm' - floating enviro
nment
 (C:\Users\micha\AppData\Local\Programs\MiKTeX\tex/latex/float\float.sty
Package: float 2001/11/08 v1.3d Float enhancements (AL)
\c@float@type=\count196
\float@exts=\toks18
\float@box=\box51
\@float@everytoks=\toks19
\@floatcapt=\box52
)
(C:\Users\micha\AppData\Local\Programs\MiKTeX\tex/latex/base\ifthen.sty
Package: ifthen 2022/04/13 v1.1d Standard LaTeX ifthen package (DPC)
)
\@float@every@algorithm=\toks20
\c@algorithm=\count197
)
(C:\Users\micha\AppData\Local\Programs\MiKTeX\tex/latex/algorithms\algorithmic.
sty
Package: algorithmic 2009/08/24 v0.1 Document Style `algorithmic'
\c@ALC@unique=\count198
\c@ALC@line=\count199
\c@ALC@rem=\count266
\c@ALC@depth=\count267
\ALC@tlm=\skip53
\algorithmicindent=\skip54
)
(C:\Users\micha\AppData\Local\Programs\MiKTeX\tex/latex/newfloat\newfloat.sty
Package: newfloat 2023/10/01 v1.2 Defining new floating environments (AR)
)
(C:\Users\micha\AppData\Local\Programs\MiKTeX\tex/latex/listings\listings.sty
\lst@mode=\count268
\lst@gtempboxa=\box53
\lst@token=\toks21
\lst@length=\count269
\lst@currlwidth=\dimen151
\lst@column=\count270
\lst@pos=\count271
\lst@lostspace=\dimen152
\lst@width=\dimen153
\lst@newlines=\count272
\lst@lineno=\count273
\lst@maxwidth=\dimen154

(C:\Users\micha\AppData\Local\Programs\MiKTeX\tex/latex/listings\lstmisc.sty
File: lstmisc.sty 2023/02/27 1.9 (Carsten Heinz)
\c@lstnumber=\count274
\lst@skipnumbers=\count275
\lst@framebox=\box54
)
(C:\Users\micha\AppData\Local\Programs\MiKTeX\tex/latex/listings\listings.cfg
File: listings.cfg 2023/02/27 1.9 listings configuration
))
Package: listings 2023/02/27 1.9 (Carsten Heinz)
\@float@every@listing=\toks22
\c@listing=\count276
(C:\Users\micha\AppData\Local\Programs\MiKTeX\tex/latex/tools\array.sty
Package: array 2022/09/04 v2.5g Tabular extension package (FMi)
\col@sep=\dimen155
\ar@mcellbox=\box55
\extrarowheight=\dimen156
\NC@list=\toks23
\extratabsurround=\skip55
\backup@length=\skip56
\ar@cellbox=\box56
)
(C:\Users\micha\AppData\Local\Programs\MiKTeX\tex/latex/multirow\multirow.sty
Package: multirow 2021/03/15 v2.8 Span multiple rows of a table
\multirow@colwidth=\skip57
\multirow@cntb=\count277
\multirow@dima=\skip58
\bigstrutjot=\dimen157
)
(C:\Users\micha\AppData\Local\Programs\MiKTeX\tex/latex/tools\tabularx.sty
Package: tabularx 2020/01/15 v2.11c `tabularx' package (DPC)
\TX@col@width=\dimen158
\TX@old@table=\dimen159
\TX@old@col=\dimen160
\TX@target=\dimen161
\TX@delta=\dimen162
\TX@cols=\count278
\TX@ftn=\toks24
)
(C:\Users\micha\AppData\Local\Programs\MiKTeX\tex/latex/amsmath\amsmath.sty
Package: amsmath 2023/05/13 v2.17o AMS math features
\@mathmargin=\skip59

For additional information on amsmath, use the `?' option.
(C:\Users\micha\AppData\Local\Programs\MiKTeX\tex/latex/amsmath\amstext.sty
Package: amstext 2021/08/26 v2.01 AMS text

(C:\Users\micha\AppData\Local\Programs\MiKTeX\tex/latex/amsmath\amsgen.sty
File: amsgen.sty 1999/11/30 v2.0 generic functions
\@emptytoks=\toks25
\ex@=\dimen163
))
(C:\Users\micha\AppData\Local\Programs\MiKTeX\tex/latex/amsmath\amsbsy.sty
Package: amsbsy 1999/11/29 v1.2d Bold Symbols
\pmbraise@=\dimen164
)
(C:\Users\micha\AppData\Local\Programs\MiKTeX\tex/latex/amsmath\amsopn.sty
Package: amsopn 2022/04/08 v2.04 operator names
)
\inf@bad=\count279
LaTeX Info: Redefining \frac on input line 234.
\uproot@=\count280
\leftroot@=\count281
LaTeX Info: Redefining \overline on input line 399.
LaTeX Info: Redefining \colon on input line 410.
\classnum@=\count282
\DOTSCASE@=\count283
LaTeX Info: Redefining \ldots on input line 496.
LaTeX Info: Redefining \dots on input line 499.
LaTeX Info: Redefining \cdots on input line 620.
\Mathstrutbox@=\box57
\strutbox@=\box58
LaTeX Info: Redefining \big on input line 722.
LaTeX Info: Redefining \Big on input line 723.
LaTeX Info: Redefining \bigg on input line 724.
LaTeX Info: Redefining \Bigg on input line 725.
\big@size=\dimen165
LaTeX Font Info:    Redeclaring font encoding OML on input line 743.
LaTeX Font Info:    Redeclaring font encoding OMS on input line 744.
\macc@depth=\count284
LaTeX Info: Redefining \bmod on input line 905.
LaTeX Info: Redefining \pmod on input line 910.
LaTeX Info: Redefining \smash on input line 940.
LaTeX Info: Redefining \relbar on input line 970.
LaTeX Info: Redefining \Relbar on input line 971.
\c@MaxMatrixCols=\count285
\dotsspace@=\muskip17
\c@parentequation=\count286
\dspbrk@lvl=\count287
\tag@help=\toks26
\row@=\count288
\column@=\count289
\maxfields@=\count290
\andhelp@=\toks27
\eqnshift@=\dimen166
\alignsep@=\dimen167
\tagshift@=\dimen168
\tagwidth@=\dimen169
\totwidth@=\dimen170
\lineht@=\dimen171
\@envbody=\toks28
\multlinegap=\skip60
\multlinetaggap=\skip61
\mathdisplay@stack=\toks29
LaTeX Info: Redefining \[ on input line 2953.
LaTeX Info: Redefining \] on input line 2954.
)
(C:\Users\micha\AppData\Local\Programs\MiKTeX\tex/latex/xcolor\xcolor.sty
Package: xcolor 2022/06/12 v2.14 LaTeX color extensions (UK)

(C:\Users\micha\AppData\Local\Programs\MiKTeX\tex/latex/graphics-cfg\color.cfg
File: color.cfg 2016/01/02 v1.6 sample color configuration
)
Package xcolor Info: Driver file: pdftex.def on input line 227.
(C:\Users\micha\AppData\Local\Programs\MiKTeX\tex/latex/graphics\mathcolor.ltx)
Package xcolor Info: Model `cmy' substituted by `cmy0' on input line 1353.
Package xcolor Info: Model `hsb' substituted by `rgb' on input line 1357.
Package xcolor Info: Model `RGB' extended on input line 1369.
Package xcolor Info: Model `HTML' substituted by `rgb' on input line 1371.
Package xcolor Info: Model `Hsb' substituted by `hsb' on input line 1372.
Package xcolor Info: Model `tHsb' substituted by `hsb' on input line 1373.
Package xcolor Info: Model `HSB' substituted by `hsb' on input line 1374.
Package xcolor Info: Model `Gray' substituted by `gray' on input line 1375.
Package xcolor Info: Model `wave' substituted by `hsb' on input line 1376.
) (C:\Users\micha\AppData\Local\Programs\MiKTeX\tex/latex/amsfonts\amssymb.sty
Package: amssymb 2013/01/14 v3.01 AMS font symbols

(C:\Users\micha\AppData\Local\Programs\MiKTeX\tex/latex/amsfonts\amsfonts.sty
Package: amsfonts 2013/01/14 v3.01 Basic AMSFonts support
\symAMSa=\mathgroup4
\symAMSb=\mathgroup5
LaTeX Font Info:    Redeclaring math symbol \hbar on input line 98.
LaTeX Font Info:    Overwriting math alphabet `\mathfrak' in version `bold'
(Font)                  U/euf/m/n --> U/euf/b/n on input line 106.
)) (C:\Users\micha\AppData\Local\Programs\MiKTeX\tex/latex/jknappen\mathrsfs.st
y
Package: mathrsfs 1996/01/01 Math RSFS package v1.0 (jk)
\symrsfs=\mathgroup6
)
LaTeX Font Info:    Trying to load font information for OT1+ptm on input line 1
13.
(C:\Users\micha\AppData\Local\Programs\MiKTeX\tex/latex/psnfss\ot1ptm.fd
File: ot1ptm.fd 2001/06/04 font definitions for OT1/ptm.
)
(C:\Users\micha\AppData\Local\Programs\MiKTeX\tex/latex/l3backend\l3backend-pdf
tex.def
File: l3backend-pdftex.def 2023-04-19 L3 backend support: PDF output (pdfTeX)
\l__color_backend_stack_int=\count291
\l__pdf_internal_box=\box59
) (aaai24_changed.aux)
\openout1 = `aaai24_changed.aux'.

LaTeX Font Info:    Checking defaults for OML/cmm/m/it on input line 113.
LaTeX Font Info:    ... okay on input line 113.
LaTeX Font Info:    Checking defaults for OMS/cmsy/m/n on input line 113.
LaTeX Font Info:    ... okay on input line 113.
LaTeX Font Info:    Checking defaults for OT1/cmr/m/n on input line 113.
LaTeX Font Info:    ... okay on input line 113.
LaTeX Font Info:    Checking defaults for T1/cmr/m/n on input line 113.
LaTeX Font Info:    ... okay on input line 113.
LaTeX Font Info:    Checking defaults for TS1/cmr/m/n on input line 113.
LaTeX Font Info:    ... okay on input line 113.
LaTeX Font Info:    Checking defaults for OMX/cmex/m/n on input line 113.
LaTeX Font Info:    ... okay on input line 113.
LaTeX Font Info:    Checking defaults for U/cmr/m/n on input line 113.
LaTeX Font Info:    ... okay on input line 113.

(C:\Users\micha\AppData\Local\Programs\MiKTeX\tex/context/base/mkii\supp-pdf.mk
ii
[Loading MPS to PDF converter (version 2006.09.02).]
\scratchcounter=\count292
\scratchdimen=\dimen172
\scratchbox=\box60
\nofMPsegments=\count293
\nofMParguments=\count294
\everyMPshowfont=\toks30
\MPscratchCnt=\count295
\MPscratchDim=\dimen173
\MPnumerator=\count296
\makeMPintoPDFobject=\count297
\everyMPtoPDFconversion=\toks31
)
(C:\Users\micha\AppData\Local\Programs\MiKTeX\tex/latex/epstopdf-pkg\epstopdf-b
ase.sty
Package: epstopdf-base 2020-01-24 v2.11 Base part for package epstopdf
Package epstopdf-base Info: Redefining graphics rule for `.eps' on input line 4
85.

(C:\Users\micha\AppData\Local\Programs\MiKTeX\tex/latex/00miktex\epstopdf-sys.c
fg
File: epstopdf-sys.cfg 2021/03/18 v2.0 Configuration of epstopdf for MiKTeX
))
Package caption Info: Begin \AtBeginDocument code.
Package caption Info: float package is loaded.
Package caption Info: listings package is loaded.
Package caption Info: End \AtBeginDocument code.
Package newfloat Info: `float' package detected.
\c@lstlisting=\count298
\c@eqfn=\count299
\titlearea=\box61
LaTeX Font Info:    Trying to load font information for OMS+ptm on input line 1
15.
 (C:\Users\micha\AppData\Local\Programs\MiKTeX\tex/latex/psnfss\omsptm.fd
File: omsptm.fd 
)
LaTeX Font Info:    Font shape `OMS/ptm/m/n' in size <10> not available
(Font)              Font shape `OMS/cmsy/m/n' tried instead on input line 115.
\actualheight=\skip62
LaTeX Font Info:    Trying to load font information for U+msa on input line 115
.

(C:\Users\micha\AppData\Local\Programs\MiKTeX\tex/latex/amsfonts\umsa.fd
File: umsa.fd 2013/01/14 v3.01 AMS symbols A
)
LaTeX Font Info:    Trying to load font information for U+msb on input line 115
.

(C:\Users\micha\AppData\Local\Programs\MiKTeX\tex/latex/amsfonts\umsb.fd
File: umsb.fd 2013/01/14 v3.01 AMS symbols B
)
LaTeX Font Info:    Trying to load font information for U+rsfs on input line 11
5.

(C:\Users\micha\AppData\Local\Programs\MiKTeX\tex/latex/jknappen\ursfs.fd
File: ursfs.fd 1998/03/24 rsfs font definition file (jk)
)
LaTeX Font Info:    Trying to load font information for TS1+ptm on input line 1
15.

(C:\Users\micha\AppData\Local\Programs\MiKTeX\tex/latex/psnfss\ts1ptm.fd
File: ts1ptm.fd 2001/06/04 font definitions for TS1/ptm.
)
(contents/0_Abstract.tex) (contents/1_Introduction.tex

Package natbib Warning: Citation `h8' on page 1 undefined on input line 5.


Package natbib Warning: Citation `2018cell' on page 1 undefined on input line 5
.


Package natbib Warning: Citation `2016animal' on page 1 undefined on input line
 5.


Package natbib Warning: Citation `2016cars' on page 1 undefined on input line 5
.

<figs/intro_v3.pdf, id=1, 1492.57625pt x 459.7175pt>
File: figs/intro_v3.pdf Graphic file (type pdf)
<use figs/intro_v3.pdf>
Package pdftex.def Info: figs/intro_v3.pdf  used on input line 13.
(pdftex.def)             Requested size: 239.39438pt x 73.73166pt.

Underfull \hbox (badness 1635) in paragraph at lines 19--19
[]\OT1/ptm/m/n/10 Figure 1: |Com-par-i-son be-tween two-stage pipeline and
 []


Underfull \hbox (badness 3635) in paragraph at lines 19--19
\OT1/ptm/m/n/10 one-stage pipeline (ours). The two-stage pipeline re-
 []


Package natbib Warning: Citation `2022BMNet' on page 1 undefined on input line 
26.


Package natbib Warning: Citation `2021FAMNet' on page 1 undefined on input line
 26.


Package natbib Warning: Citation `2022RepRPN' on page 1 undefined on input line
 27.


Package natbib Warning: Citation `2023zsc' on page 1 undefined on input line 28
.


Package natbib Warning: Citation `nag2022zero' on page 1 undefined on input lin
e 30.


Package natbib Warning: Citation `2021clip' on page 1 undefined on input line 3
7.


Package natbib Warning: Citation `2022maskclip' on page 1 undefined on input li
ne 38.


Package natbib Warning: Citation `li2023clipsurgery' on page 1 undefined on inp
ut line 38.


Package natbib Warning: Citation `2021FAMNet' on page 1 undefined on input line
 48.


Package natbib Warning: Citation `2017drone' on page 1 undefined on input line 
49.

[1{C:/Users/micha/AppData/Local/MiKTeX/fonts/map/pdftex/pdftex.map}{C:/Users/mi
cha/AppData/Local/Programs/MiKTeX/fonts/enc/dvips/base/8r.enc}



 <./figs/intro_v3.pdf>]) (contents/2_Related_works.tex

Package natbib Warning: Citation `h0' on page 2 undefined on input line 8.


Package natbib Warning: Citation `h1' on page 2 undefined on input line 8.


Package natbib Warning: Citation `h2' on page 2 undefined on input line 8.


Package natbib Warning: Citation `h3' on page 2 undefined on input line 8.


Package natbib Warning: Citation `2016cars' on page 2 undefined on input line 8
.


Package natbib Warning: Citation `2017drone' on page 2 undefined on input line 
8.


Package natbib Warning: Citation `2016animal' on page 2 undefined on input line
 8.


Package natbib Warning: Citation `2018cell' on page 2 undefined on input line 8
.


Package natbib Warning: Citation `d0' on page 2 undefined on input line 9.


Package natbib Warning: Citation `2017drone' on page 2 undefined on input line 
9.


Package natbib Warning: Citation `d1' on page 2 undefined on input line 9.


Package natbib Warning: Citation `r0' on page 2 undefined on input line 9.


Package natbib Warning: Citation `r1' on page 2 undefined on input line 9.


Package natbib Warning: Citation `r2' on page 2 undefined on input line 9.


Package natbib Warning: Citation `r3' on page 2 undefined on input line 9.


Package natbib Warning: Citation `2019GMN' on page 2 undefined on input line 10
.


Package natbib Warning: Citation `2019GMN' on page 2 undefined on input line 16
.


Package natbib Warning: Citation `2021CFOCNet' on page 2 undefined on input lin
e 18.


Package natbib Warning: Citation `2022BMNet' on page 2 undefined on input line 
18.


Package natbib Warning: Citation `2021FAMNet' on page 2 undefined on input line
 20.


Package natbib Warning: Citation `gong2022class' on page 2 undefined on input l
ine 20.


Underfull \hbox (badness 2961) in paragraph at lines 15--22
\OT1/ptm/m/n/10 Match-ing Net-work (GMN) (\OT1/ptm/b/n/10 ?\OT1/ptm/m/n/10 ) fi
rst for-mal-ized class-
 []


Package natbib Warning: Citation `2022RepRPN' on page 2 undefined on input line
 26.


Package natbib Warning: Citation `2023zsc' on page 2 undefined on input line 28
.


Underfull \hbox (badness 5008) in paragraph at lines 26--32
 \OT1/ptm/b/n/10 Zero-shot Ob-ject Count-ing \OT1/ptm/m/n/10 has been pro-posed
 by
 []


Package natbib Warning: Citation `wang2022learning' on page 2 undefined on inpu
t line 37.


Package natbib Warning: Citation `gu2021ppt' on page 2 undefined on input line 
37.


Package natbib Warning: Citation `2020lp' on page 2 undefined on input line 37.



Package natbib Warning: Citation `2022vpt' on page 2 undefined on input line 37
.


Package natbib Warning: Citation `li2021prefix' on page 2 undefined on input li
ne 38.


Package natbib Warning: Citation `2022vpt' on page 2 undefined on input line 38
.

) (contents/3.0_Preliminaries.tex
<figs/VLCounter_overview.pdf, id=45, 2737.22626pt x 713.66624pt>
File: figs/VLCounter_overview.pdf Graphic file (type pdf)
<use figs/VLCounter_overview.pdf>
Package pdftex.def Info: figs/VLCounter_overview.pdf  used on input line 4.
(pdftex.def)             Requested size: 505.89pt x 131.89551pt.


Package natbib Warning: Citation `2022maskclip' on page 2 undefined on input li
ne 39.


Package natbib Warning: Citation `li2023clipsurgery' on page 2 undefined on inp
ut line 39.


Package natbib Warning: Citation `li2022languagedriven' on page 2 undefined on 
input line 40.


Package natbib Warning: Citation `rao2022denseclip' on page 2 undefined on inpu
t line 40.


Package natbib Warning: Citation `luddecke2022image' on page 2 undefined on inp
ut line 40.

[2]) (contents/3.1_Method.tex
Underfull \hbox (badness 4940) in paragraph at lines 2--7
\OT1/ptm/m/n/10 This sec-tion presents Visual-Language Counter (VL-
 []


Underfull \hbox (badness 1092) in paragraph at lines 13--16
\OT1/ptm/m/n/10 VLBase is a stan-dalone base-line, elim-i-nat-ing the need
 []


Package natbib Warning: Citation `2022maskclip' on page 3 undefined on input li
ne 23.


Package natbib Warning: Citation `li2023clipsurgery' on page 3 undefined on inp
ut line 23.

<figs/SPT.pdf, id=58, 1195.46625pt x 620.3175pt>
File: figs/SPT.pdf Graphic file (type pdf)
<use figs/SPT.pdf>
Package pdftex.def Info: figs/SPT.pdf  used on input line 48.
(pdftex.def)             Requested size: 239.39438pt x 124.21274pt.

Package natbib Warning: Citation `2022vpt' on page 3 undefined on input line 61
.

[3 <./figs/VLCounter_overview.pdf> <./figs/SPT.pdf>]

Package natbib Warning: Citation `2022vpt' on page 4 undefined on input line 79
.

<figs/SaSC.pdf, id=216, 1304.875pt x 835.12pt>
File: figs/SaSC.pdf Graphic file (type pdf)
<use figs/SaSC.pdf>
Package pdftex.def Info: figs/SaSC.pdf  used on input line 103.
(pdftex.def)             Requested size: 239.39438pt x 153.20775pt.

Underfull \hbox (badness 2376) in paragraph at lines 108--108
[]\OT1/ptm/m/n/10 Figure 4: |The flow of Semantic-aware Skip Con-nec-
 []


Package natbib Warning: Citation `2019GMN' on page 4 undefined on input line 13
6.


Package natbib Warning: Citation `2021FAMNet' on page 4 undefined on input line
 137.


Package natbib Warning: Citation `2022BMNet' on page 4 undefined on input line 
138.


Package natbib Warning: Citation `2022BMNet' on page 4 undefined on input line 
139.


Package natbib Warning: Citation `2022RepRPN' on page 4 undefined on input line
 144.


Package natbib Warning: Citation `2023zsc' on page 4 undefined on input line 14
6.


Package natbib Warning: Citation `hoffmann2022ranking' on page 4 undefined on i
nput line 176.


Package natbib Warning: Citation `moon2023query' on page 4 undefined on input l
ine 176.


Underfull \hbox (badness 2229) in paragraph at lines 176--183
\OT1/ptm/m/n/10 In ad-di-tion to the count-ing loss de-scribed in Eq. 4[],
 []


Underfull \hbox (badness 1286) in paragraph at lines 176--183
\OT1/ptm/m/n/10 VL-Counter ad-di-tion-ally em-ploys rank-aware con-trastive
 []

[4 <./figs/SaSC.pdf>]) (contents/4_Experiments.tex
Underfull \hbox (badness 3088) in paragraph at lines 31--31
[]\OT1/ptm/m/n/10 Table 2: |Cross-dataset val-i-da-tion per-for-mance on the
 []


Package natbib Warning: Citation `2017adamw' on page 5 undefined on input line 
47.


Package natbib Warning: Citation `2021FAMNet' on page 5 undefined on input line
 52.


Package natbib Warning: Citation `2017drone' on page 5 undefined on input line 
54.

[5]

Package natbib Warning: Citation `2021FAMNet' on page 6 undefined on input line
 110.


Package natbib Warning: Citation `2022BMNet' on page 6 undefined on input line 
110.


Package natbib Warning: Citation `li2023clipsurgery' on page 6 undefined on inp
ut line 128.

<figs/qualitative.pdf, id=278, 2028.57875pt x 1584.92125pt>
File: figs/qualitative.pdf Graphic file (type pdf)
<use figs/qualitative.pdf>
Package pdftex.def Info: figs/qualitative.pdf  used on input line 191.
(pdftex.def)             Requested size: 480.59395pt x 375.47954pt.

Package natbib Warning: Citation `2021clip' on page 6 undefined on input line 2
02.

) (contents/5_Conclusion.tex [6])
Underfull \hbox (badness 1596) in paragraph at lines 125--125
\OT1/ptm/m/n/10 modi facere.Rerum ex-erci-ta-tionem ac-cusamus in-ven-tore
 []


Underfull \hbox (badness 1024) in paragraph at lines 125--125
\OT1/ptm/m/n/10 as-sumenda mol-li-tia vero in-ven-tore ali-quam quasi atque
 []


Underfull \vbox (badness 10000) has occurred while \output is active []

 [7 <./figs/qualitative.pdf>]
Underfull \vbox (badness 10000) has occurred while \output is active []


Underfull \vbox (badness 10000) has occurred while \output is active []

 [8]
Underfull \vbox (badness 10000) has occurred while \output is active []


Underfull \vbox (badness 10000) has occurred while \output is active []

 [9]
Underfull \vbox (badness 10000) has occurred while \output is active []


Underfull \vbox (badness 10000) has occurred while \output is active []

 [10]
Underfull \vbox (badness 10000) has occurred while \output is active []


Underfull \vbox (badness 10000) has occurred while \output is active []

 [11]
Underfull \vbox (badness 10000) has occurred while \output is active []


Underfull \vbox (badness 10000) has occurred while \output is active []

 [12]
Underfull \vbox (badness 10000) has occurred while \output is active []


Underfull \vbox (badness 10000) has occurred while \output is active []

 [13]
Underfull \vbox (badness 10000) has occurred while \output is active []


Underfull \vbox (badness 10000) has occurred while \output is active []

 [14]
Underfull \vbox (badness 10000) has occurred while \output is active []


Underfull \vbox (badness 10000) has occurred while \output is active []

 [15]
[16

]
No file aaai24_changed.bbl.
(contents/supplementary.tex
<figs/SPT_ablation.pdf, id=386, 650.43pt x 469.755pt>
File: figs/SPT_ablation.pdf Graphic file (type pdf)
<use figs/SPT_ablation.pdf>
Package pdftex.def Info: figs/SPT_ablation.pdf  used on input line 29.
(pdftex.def)             Requested size: 239.39438pt x 172.8963pt.
<figs/LAT.png, id=387, 361.35pt x 361.35pt>
File: figs/LAT.png Graphic file (type png)
<use figs/LAT.png>
Package pdftex.def Info: figs/LAT.png  used on input line 68.
(pdftex.def)             Requested size: 239.39438pt x 239.396pt.
 [17


 <./figs/SPT_ablation.pdf> <./figs/LAT.png>]
<figs/SaSC_ablation.pdf, id=439, 650.43pt x 397.485pt>
File: figs/SaSC_ablation.pdf Graphic file (type pdf)
<use figs/SaSC_ablation.pdf>
Package pdftex.def Info: figs/SaSC_ablation.pdf  used on input line 82.
(pdftex.def)             Requested size: 239.39438pt x 146.29688pt.


Package natbib Warning: Citation `li2023clipsurgery' on page 18 undefined on in
put line 91.


Underfull \hbox (badness 10000) in paragraph at lines 98--114

 []


Underfull \hbox (badness 10000) in paragraph at lines 115--127

 []

<figs/qualitative_suppl.pdf, id=440, 2015.53pt x 2149.02875pt>
File: figs/qualitative_suppl.pdf Graphic file (type pdf)
<use figs/qualitative_suppl.pdf>
Package pdftex.def Info: figs/qualitative_suppl.pdf  used on input line 135.
(pdftex.def)             Requested size: 505.89pt x 539.38731pt.

Package natbib Warning: Citation `jiang2023clip' on page 18 undefined on input 
line 146.

)

Package natbib Warning: There were undefined citations.

[18 <./figs/SaSC_ablation.pdf>] [19 <./figs/qualitative_suppl.pdf>]
(aaai24_changed.aux)
 ***********
LaTeX2e <2023-06-01> patch level 1
L3 programming layer <2023-08-29>
 ***********


LaTeX Warning: Label(s) may have changed. Rerun to get cross-references right.

 ) 
Here is how much of TeX's memory you used:
 7288 strings out of 475247
 117241 string characters out of 5757792
 2026801 words of memory out of 5000000
 28671 multiletter control sequences out of 15000+600000
 592353 words of font info for 113 fonts, out of 8000000 for 9000
 1141 hyphenation exceptions out of 8191
 57i,11n,65p,55662b,323s stack positions out of 10000i,1000n,20000p,200000b,200000s
<C:/Users/micha/AppData/Local/Programs/MiKTeX/fonts/type1/public/amsfonts/cm/
cmex10.pfb><C:/Users/micha/AppData/Local/Programs/MiKTeX/fonts/type1/public/ams
fonts/cm/cmmi10.pfb><C:/Users/micha/AppData/Local/Programs/MiKTeX/fonts/type1/p
ublic/amsfonts/cm/cmmi5.pfb><C:/Users/micha/AppData/Local/Programs/MiKTeX/fonts
/type1/public/amsfonts/cm/cmmi7.pfb><C:/Users/micha/AppData/Local/Programs/MiKT
eX/fonts/type1/public/amsfonts/cm/cmmi9.pfb><C:/Users/micha/AppData/Local/Progr
ams/MiKTeX/fonts/type1/public/amsfonts/cm/cmr10.pfb><C:/Users/micha/AppData/Loc
al/Programs/MiKTeX/fonts/type1/public/amsfonts/cm/cmr5.pfb><C:/Users/micha/AppD
ata/Local/Programs/MiKTeX/fonts/type1/public/amsfonts/cm/cmr7.pfb><C:/Users/mic
ha/AppData/Local/Programs/MiKTeX/fonts/type1/public/amsfonts/cm/cmr9.pfb><C:/Us
ers/micha/AppData/Local/Programs/MiKTeX/fonts/type1/public/amsfonts/cm/cmss8.pf
b><C:/Users/micha/AppData/Local/Programs/MiKTeX/fonts/type1/public/amsfonts/cm/
cmsy10.pfb><C:/Users/micha/AppData/Local/Programs/MiKTeX/fonts/type1/public/ams
fonts/cm/cmsy6.pfb><C:/Users/micha/AppData/Local/Programs/MiKTeX/fonts/type1/pu
blic/amsfonts/cm/cmsy7.pfb><C:/Users/micha/AppData/Local/Programs/MiKTeX/fonts/
type1/public/amsfonts/cm/cmsy9.pfb><C:/Users/micha/AppData/Local/Programs/MiKTe
X/fonts/type1/public/amsfonts/symbols/msam10.pfb><C:/Users/micha/AppData/Local/
Programs/MiKTeX/fonts/type1/public/amsfonts/symbols/msbm10.pfb><C:/Users/micha/
AppData/Local/Programs/MiKTeX/fonts/type1/public/amsfonts/symbols/msbm7.pfb><C:
/Users/micha/AppData/Local/Programs/MiKTeX/fonts/type1/urw/times/utmb8a.pfb><C:
/Users/micha/AppData/Local/Programs/MiKTeX/fonts/type1/urw/times/utmbi8a.pfb><C
:/Users/micha/AppData/Local/Programs/MiKTeX/fonts/type1/urw/times/utmr8a.pfb><C
:/Users/micha/AppData/Local/Programs/MiKTeX/fonts/type1/urw/times/utmri8a.pfb>
Output written on aaai24_changed.pdf (19 pages, 6085794 bytes).
PDF statistics:
 668 PDF objects out of 1000 (max. 8388607)
 0 named destinations out of 1000 (max. 500000)
 46 words of extra memory for PDF output out of 10000 (max. 10000000)

