This is pdfTeX, Version 3.141592653-2.6-1.40.25 (MiKTeX 23.5) (preloaded format=pdflatex 2024.1.12)  3 MAR 2024 16:52
entering extended mode
 restricted \write18 enabled.
 %&-line parsing enabled.
**./main_changed.tex
(main_changed.tex
LaTeX2e <2023-06-01> patch level 1
L3 programming layer <2023-08-29>
(C:\Users\orfuc\AppData\Local\Programs\MiKTeX\tex/latex/base\article.cls
Document Class: article 2023/05/17 v1.4n Standard LaTeX document class
(C:\Users\orfuc\AppData\Local\Programs\MiKTeX\tex/latex/base\size10.clo
File: size10.clo 2023/05/17 v1.4n Standard LaTeX file (size option)
)
\c@part=\count185
\c@section=\count186
\c@subsection=\count187
\c@subsubsection=\count188
\c@paragraph=\count189
\c@subparagraph=\count190
\c@figure=\count191
\c@table=\count192
\abovecaptionskip=\skip48
\belowcaptionskip=\skip49
\bibindent=\dimen140
)
(aaai.sty
Conference Style for AAAI for LaTeX 2e -- version of 1 December 2013
\titlebox=\skip50
) (C:\Users\orfuc\AppData\Local\Programs\MiKTeX\tex/latex/psnfss\times.sty
Package: times 2020/03/25 PSNFSS-v9.3 (SPQR) 
)
(C:\Users\orfuc\AppData\Local\Programs\MiKTeX\tex/latex/psnfss\helvet.sty
Package: helvet 2020/03/25 PSNFSS-v9.3 (WaS) 

(C:\Users\orfuc\AppData\Local\Programs\MiKTeX\tex/latex/graphics\keyval.sty
Package: keyval 2022/05/29 v1.15 key=value parser (DPC)
\KV@toks@=\toks17
))
(C:\Users\orfuc\AppData\Local\Programs\MiKTeX\tex/latex/xcolor\xcolor.sty
Package: xcolor 2022/06/12 v2.14 LaTeX color extensions (UK)

(C:\Users\orfuc\AppData\Local\Programs\MiKTeX\tex/latex/graphics-cfg\color.cfg
File: color.cfg 2016/01/02 v1.6 sample color configuration
)
Package xcolor Info: Driver file: pdftex.def on input line 227.

(C:\Users\orfuc\AppData\Local\Programs\MiKTeX\tex/latex/graphics-def\pdftex.def
File: pdftex.def 2022/09/22 v1.2b Graphics/color driver for pdftex
)
(C:\Users\orfuc\AppData\Local\Programs\MiKTeX\tex/latex/graphics\mathcolor.ltx)
Package xcolor Info: Model `cmy' substituted by `cmy0' on input line 1353.
Package xcolor Info: Model `hsb' substituted by `rgb' on input line 1357.
Package xcolor Info: Model `RGB' extended on input line 1369.
Package xcolor Info: Model `HTML' substituted by `rgb' on input line 1371.
Package xcolor Info: Model `Hsb' substituted by `hsb' on input line 1372.
Package xcolor Info: Model `tHsb' substituted by `hsb' on input line 1373.
Package xcolor Info: Model `HSB' substituted by `hsb' on input line 1374.
Package xcolor Info: Model `Gray' substituted by `gray' on input line 1375.
Package xcolor Info: Model `wave' substituted by `hsb' on input line 1376.
(C:\Users\orfuc\AppData\Local\Programs\MiKTeX\tex/latex/graphics\dvipsnam.def
File: dvipsnam.def 2016/06/17 v3.0m Driver-dependent file (DPC,SPQR)
)) (C:\Users\orfuc\AppData\Local\Programs\MiKTeX\tex/latex/hyperref\hyperref.st
y
Package: hyperref 2023-07-08 v7.01b Hypertext links for LaTeX

(C:\Users\orfuc\AppData\Local\Programs\MiKTeX\tex/generic/ltxcmds\ltxcmds.sty
Package: ltxcmds 2020-05-10 v1.25 LaTeX kernel commands for general use (HO)
)
(C:\Users\orfuc\AppData\Local\Programs\MiKTeX\tex/generic/iftex\iftex.sty
Package: iftex 2022/02/03 v1.0f TeX engine tests
)
(C:\Users\orfuc\AppData\Local\Programs\MiKTeX\tex/generic/pdftexcmds\pdftexcmds
.sty
Package: pdftexcmds 2020-06-27 v0.33 Utility functions of pdfTeX for LuaTeX (HO
)

(C:\Users\orfuc\AppData\Local\Programs\MiKTeX\tex/generic/infwarerr\infwarerr.s
ty
Package: infwarerr 2019/12/03 v1.5 Providing info/warning/error messages (HO)
)
Package pdftexcmds Info: \pdf@primitive is available.
Package pdftexcmds Info: \pdf@ifprimitive is available.
Package pdftexcmds Info: \pdfdraftmode found.
)
(C:\Users\orfuc\AppData\Local\Programs\MiKTeX\tex/latex/kvsetkeys\kvsetkeys.sty
Package: kvsetkeys 2022-10-05 v1.19 Key value parser (HO)
)
(C:\Users\orfuc\AppData\Local\Programs\MiKTeX\tex/generic/kvdefinekeys\kvdefine
keys.sty
Package: kvdefinekeys 2019-12-19 v1.6 Define keys (HO)
)
(C:\Users\orfuc\AppData\Local\Programs\MiKTeX\tex/generic/pdfescape\pdfescape.s
ty
Package: pdfescape 2019/12/09 v1.15 Implements pdfTeX's escape features (HO)
) (C:\Users\orfuc\AppData\Local\Programs\MiKTeX\tex/latex/hycolor\hycolor.sty
Package: hycolor 2020-01-27 v1.10 Color options for hyperref/bookmark (HO)
)
(C:\Users\orfuc\AppData\Local\Programs\MiKTeX\tex/latex/letltxmacro\letltxmacro
.sty
Package: letltxmacro 2019/12/03 v1.6 Let assignment for LaTeX macros (HO)
)
(C:\Users\orfuc\AppData\Local\Programs\MiKTeX\tex/latex/auxhook\auxhook.sty
Package: auxhook 2019-12-17 v1.6 Hooks for auxiliary files (HO)
)
(C:\Users\orfuc\AppData\Local\Programs\MiKTeX\tex/latex/hyperref\nameref.sty
Package: nameref 2023-08-07 v2.53 Cross-referencing by name of section

(C:\Users\orfuc\AppData\Local\Programs\MiKTeX\tex/latex/refcount\refcount.sty
Package: refcount 2019/12/15 v3.6 Data extraction from label references (HO)
)
(C:\Users\orfuc\AppData\Local\Programs\MiKTeX\tex/generic/gettitlestring\gettit
lestring.sty
Package: gettitlestring 2019/12/15 v1.6 Cleanup title references (HO)

(C:\Users\orfuc\AppData\Local\Programs\MiKTeX\tex/latex/kvoptions\kvoptions.sty
Package: kvoptions 2022-06-15 v3.15 Key value format for package options (HO)
))
\c@section@level=\count193
)
(C:\Users\orfuc\AppData\Local\Programs\MiKTeX\tex/latex/etoolbox\etoolbox.sty
Package: etoolbox 2020/10/05 v2.5k e-TeX tools for LaTeX (JAW)
\etb@tempcnta=\count194
)
\@linkdim=\dimen141
\Hy@linkcounter=\count195
\Hy@pagecounter=\count196

(C:\Users\orfuc\AppData\Local\Programs\MiKTeX\tex/latex/hyperref\pd1enc.def
File: pd1enc.def 2023-07-08 v7.01b Hyperref: PDFDocEncoding definition (HO)
Now handling font encoding PD1 ...
... no UTF-8 mapping file for font encoding PD1
)
(C:\Users\orfuc\AppData\Local\Programs\MiKTeX\tex/generic/intcalc\intcalc.sty
Package: intcalc 2019/12/15 v1.3 Expandable calculations with integers (HO)
)
\Hy@SavedSpaceFactor=\count197

(C:\Users\orfuc\AppData\Local\Programs\MiKTeX\tex/latex/hyperref\puenc.def
File: puenc.def 2023-07-08 v7.01b Hyperref: PDF Unicode definition (HO)
Now handling font encoding PU ...
... no UTF-8 mapping file for font encoding PU
)
Package hyperref Info: Hyper figures OFF on input line 4167.
Package hyperref Info: Link nesting OFF on input line 4172.
Package hyperref Info: Hyper index ON on input line 4175.
Package hyperref Info: Plain pages OFF on input line 4182.
Package hyperref Info: Backreferencing OFF on input line 4187.
Package hyperref Info: Implicit mode ON; LaTeX internals redefined.
Package hyperref Info: Bookmarks ON on input line 4434.
\c@Hy@tempcnt=\count198

(C:\Users\orfuc\AppData\Local\Programs\MiKTeX\tex/latex/url\url.sty
\Urlmuskip=\muskip16
Package: url 2013/09/16  ver 3.4  Verb mode for urls, etc.
)
LaTeX Info: Redefining \url on input line 4772.
\XeTeXLinkMargin=\dimen142

(C:\Users\orfuc\AppData\Local\Programs\MiKTeX\tex/generic/bitset\bitset.sty
Package: bitset 2019/12/09 v1.3 Handle bit-vector datatype (HO)

(C:\Users\orfuc\AppData\Local\Programs\MiKTeX\tex/generic/bigintcalc\bigintcalc
.sty
Package: bigintcalc 2019/12/15 v1.5 Expandable calculations on big integers (HO
)
))
\Fld@menulength=\count199
\Field@Width=\dimen143
\Fld@charsize=\dimen144
Package hyperref Info: Hyper figures OFF on input line 6051.
Package hyperref Info: Link nesting OFF on input line 6056.
Package hyperref Info: Hyper index ON on input line 6059.
Package hyperref Info: backreferencing OFF on input line 6066.
Package hyperref Info: Link coloring OFF on input line 6071.
Package hyperref Info: Link coloring with OCG OFF on input line 6076.
Package hyperref Info: PDF/A mode OFF on input line 6081.

(C:\Users\orfuc\AppData\Local\Programs\MiKTeX\tex/latex/base\atbegshi-ltx.sty
Package: atbegshi-ltx 2021/01/10 v1.0c Emulation of the original atbegshi
package with kernel methods
)
\Hy@abspage=\count266
\c@Item=\count267
\c@Hfootnote=\count268
)
Package hyperref Info: Driver (autodetected): hpdftex.
(C:\Users\orfuc\AppData\Local\Programs\MiKTeX\tex/latex/hyperref\hpdftex.def
File: hpdftex.def 2023-07-08 v7.01b Hyperref driver for pdfTeX

(C:\Users\orfuc\AppData\Local\Programs\MiKTeX\tex/latex/base\atveryend-ltx.sty
Package: atveryend-ltx 2020/08/19 v1.0a Emulation of the original atveryend pac
kage
with kernel methods
)
\Fld@listcount=\count269
\c@bookmark@seq@number=\count270

(C:\Users\orfuc\AppData\Local\Programs\MiKTeX\tex/latex/rerunfilecheck\rerunfil
echeck.sty
Package: rerunfilecheck 2022-07-10 v1.10 Rerun checks for auxiliary files (HO)

(C:\Users\orfuc\AppData\Local\Programs\MiKTeX\tex/generic/uniquecounter\uniquec
ounter.sty
Package: uniquecounter 2019/12/15 v1.4 Provide unlimited unique counter (HO)
)
Package uniquecounter Info: New unique counter `rerunfilecheck' on input line 2
85.
)
\Hy@SectionHShift=\skip51
)
(C:\Users\orfuc\AppData\Local\Programs\MiKTeX\tex/latex/subfigure\subfigure.sty
Package: subfigure 2002/07/30 v2.1.4 subfigure package
\subfigtopskip=\skip52
\subfigcapskip=\skip53
\subfigcaptopadj=\dimen145
\subfigbottomskip=\skip54
\subfigcapmargin=\dimen146
\subfiglabelskip=\skip55
\c@subfigure=\count271
\c@lofdepth=\count272
\c@subtable=\count273
\c@lotdepth=\count274
****************************************
* Local config file subfigure.cfg used *
****************************************

(C:\Users\orfuc\AppData\Local\Programs\MiKTeX\tex/latex/subfigure\subfigure.cfg
)
\subfig@top=\skip56
\subfig@bottom=\skip57
)
(C:\Users\orfuc\AppData\Local\Programs\MiKTeX\tex/latex/algorithm2e\algorithm2e
.sty
Package: algorithm2e 2017/07/18 v5.2 algorithms environments
\c@AlgoLine=\count275
 (C:\Users\orfuc\AppData\Local\Programs\MiKTeX\tex/latex/base\ifthen.sty
Package: ifthen 2022/04/13 v1.1d Standard LaTeX ifthen package (DPC)
)
\algocf@hangindent=\skip58

(C:\Users\orfuc\AppData\Local\Programs\MiKTeX\tex/latex/ifoddpage\ifoddpage.sty
Package: ifoddpage 2022/10/18 v1.2 Conditionals for odd/even page detection
\c@checkoddpage=\count276
) (C:\Users\orfuc\AppData\Local\Programs\MiKTeX\tex/latex/tools\xspace.sty
Package: xspace 2014/10/28 v1.13 Space after command names (DPC,MH)
)
(C:\Users\orfuc\AppData\Local\Programs\MiKTeX\tex/latex/relsize\relsize.sty
Package: relsize 2013/03/29 ver 4.1
)
\skiptotal=\skip59
\skiplinenumber=\skip60
\skiprule=\skip61
\skiphlne=\skip62
\skiptext=\skip63
\skiplength=\skip64
\algomargin=\skip65
\skipalgocfslide=\skip66
\algowidth=\dimen147
\inoutsize=\dimen148
\inoutindent=\dimen149
\interspacetitleruled=\dimen150
\interspacealgoruled=\dimen151
\interspacetitleboxruled=\dimen152
\algocf@ruledwidth=\skip67
\algocf@inoutbox=\box51
\algocf@inputbox=\box52
\AlCapSkip=\skip68
\AlCapHSkip=\skip69
\algoskipindent=\skip70
\algocf@nlbox=\box53
\algocf@hangingbox=\box54
\algocf@untilbox=\box55
\algocf@skipuntil=\skip71
\algocf@capbox=\box56
\algocf@lcaptionbox=\skip72
\algoheightruledefault=\skip73
\algoheightrule=\skip74
\algotitleheightruledefault=\skip75
\algotitleheightrule=\skip76
\c@algocfline=\count277
\c@algocfproc=\count278
\c@algocf=\count279
\algocf@algoframe=\box57
\algocf@algobox=\box58
)
(C:\Users\orfuc\AppData\Local\Programs\MiKTeX\tex/latex/amsmath\amsmath.sty
Package: amsmath 2023/05/13 v2.17o AMS math features
\@mathmargin=\skip77

For additional information on amsmath, use the `?' option.
(C:\Users\orfuc\AppData\Local\Programs\MiKTeX\tex/latex/amsmath\amstext.sty
Package: amstext 2021/08/26 v2.01 AMS text

(C:\Users\orfuc\AppData\Local\Programs\MiKTeX\tex/latex/amsmath\amsgen.sty
File: amsgen.sty 1999/11/30 v2.0 generic functions
\@emptytoks=\toks18
\ex@=\dimen153
))
(C:\Users\orfuc\AppData\Local\Programs\MiKTeX\tex/latex/amsmath\amsbsy.sty
Package: amsbsy 1999/11/29 v1.2d Bold Symbols
\pmbraise@=\dimen154
)
(C:\Users\orfuc\AppData\Local\Programs\MiKTeX\tex/latex/amsmath\amsopn.sty
Package: amsopn 2022/04/08 v2.04 operator names
)
\inf@bad=\count280
LaTeX Info: Redefining \frac on input line 234.
\uproot@=\count281
\leftroot@=\count282
LaTeX Info: Redefining \overline on input line 399.
LaTeX Info: Redefining \colon on input line 410.
\classnum@=\count283
\DOTSCASE@=\count284
LaTeX Info: Redefining \ldots on input line 496.
LaTeX Info: Redefining \dots on input line 499.
LaTeX Info: Redefining \cdots on input line 620.
\Mathstrutbox@=\box59
\strutbox@=\box60
LaTeX Info: Redefining \big on input line 722.
LaTeX Info: Redefining \Big on input line 723.
LaTeX Info: Redefining \bigg on input line 724.
LaTeX Info: Redefining \Bigg on input line 725.
\big@size=\dimen155
LaTeX Font Info:    Redeclaring font encoding OML on input line 743.
LaTeX Font Info:    Redeclaring font encoding OMS on input line 744.
\macc@depth=\count285
LaTeX Info: Redefining \bmod on input line 905.
LaTeX Info: Redefining \pmod on input line 910.
LaTeX Info: Redefining \smash on input line 940.
LaTeX Info: Redefining \relbar on input line 970.
LaTeX Info: Redefining \Relbar on input line 971.
\c@MaxMatrixCols=\count286
\dotsspace@=\muskip17
\c@parentequation=\count287
\dspbrk@lvl=\count288
\tag@help=\toks19
\row@=\count289
\column@=\count290
\maxfields@=\count291
\andhelp@=\toks20
\eqnshift@=\dimen156
\alignsep@=\dimen157
\tagshift@=\dimen158
\tagwidth@=\dimen159
\totwidth@=\dimen160
\lineht@=\dimen161
\@envbody=\toks21
\multlinegap=\skip78
\multlinetaggap=\skip79
\mathdisplay@stack=\toks22
LaTeX Info: Redefining \[ on input line 2953.
LaTeX Info: Redefining \] on input line 2954.
)
(C:\Users\orfuc\AppData\Local\Programs\MiKTeX\tex/latex/multirow\multirow.sty
Package: multirow 2021/03/15 v2.8 Span multiple rows of a table
\multirow@colwidth=\skip80
\multirow@cntb=\count292
\multirow@dima=\skip81
\bigstrutjot=\dimen162
)
(C:\Users\orfuc\AppData\Local\Programs\MiKTeX\tex/latex/tools\multicol.sty
Package: multicol 2023/03/30 v1.9f multicolumn formatting (FMi)
\c@tracingmulticols=\count293
\mult@box=\box61
\multicol@leftmargin=\dimen163
\c@unbalance=\count294
\c@collectmore=\count295
\doublecol@number=\count296
\multicoltolerance=\count297
\multicolpretolerance=\count298
\full@width=\dimen164
\page@free=\dimen165
\premulticols=\dimen166
\postmulticols=\dimen167
\multicolsep=\skip82
\multicolbaselineskip=\skip83
\partial@page=\box62
\last@line=\box63
\mc@boxedresult=\box64
\maxbalancingoverflow=\dimen168
\mult@rightbox=\box65
\mult@grightbox=\box66
\mult@firstbox=\box67
\mult@gfirstbox=\box68
\@tempa=\box69
\@tempa=\box70
\@tempa=\box71
\@tempa=\box72
\@tempa=\box73
\@tempa=\box74
\@tempa=\box75
\@tempa=\box76
\@tempa=\box77
\@tempa=\box78
\@tempa=\box79
\@tempa=\box80
\@tempa=\box81
\@tempa=\box82
\@tempa=\box83
\@tempa=\box84
\@tempa=\box85
\@tempa=\box86
\@tempa=\box87
\@tempa=\box88
\@tempa=\box89
\@tempa=\box90
\@tempa=\box91
\@tempa=\box92
\@tempa=\box93
\@tempa=\box94
\@tempa=\box95
\@tempa=\box96
\@tempa=\box97
\@tempa=\box98
\@tempa=\box99
\@tempa=\box100
\@tempa=\box101
\@tempa=\box102
\@tempa=\box103
\@tempa=\box104
\c@minrows=\count299
\c@columnbadness=\count300
\c@finalcolumnbadness=\count301
\last@try=\dimen169
\multicolovershoot=\dimen170
\multicolundershoot=\dimen171
\mult@nat@firstbox=\box105
\colbreak@box=\box106
\mc@col@check@num=\count302
)
(C:\Users\orfuc\AppData\Local\Programs\MiKTeX\tex/latex/makecell\makecell.sty
Package: makecell 2009/08/03 V0.1e Managing of Tab Column Heads and Cells

(C:\Users\orfuc\AppData\Local\Programs\MiKTeX\tex/latex/tools\array.sty
Package: array 2022/09/04 v2.5g Tabular extension package (FMi)
\col@sep=\dimen172
\ar@mcellbox=\box107
\extrarowheight=\dimen173
\NC@list=\toks23
\extratabsurround=\skip84
\backup@length=\skip85
\ar@cellbox=\box108
)
\rotheadsize=\dimen174
\c@nlinenum=\count303
\TeXr@lab=\toks24
)
(C:\Users\orfuc\AppData\Local\Programs\MiKTeX\tex/latex/graphics\graphicx.sty
Package: graphicx 2021/09/16 v1.2d Enhanced LaTeX Graphics (DPC,SPQR)

(C:\Users\orfuc\AppData\Local\Programs\MiKTeX\tex/latex/graphics\graphics.sty
Package: graphics 2022/03/10 v1.4e Standard LaTeX Graphics (DPC,SPQR)

(C:\Users\orfuc\AppData\Local\Programs\MiKTeX\tex/latex/graphics\trig.sty
Package: trig 2021/08/11 v1.11 sin cos tan (DPC)
)
(C:\Users\orfuc\AppData\Local\Programs\MiKTeX\tex/latex/graphics-cfg\graphics.c
fg
File: graphics.cfg 2016/06/04 v1.11 sample graphics configuration
)
Package graphics Info: Driver file: pdftex.def on input line 107.
)
\Gin@req@height=\dimen175
\Gin@req@width=\dimen176
)
(C:\Users\orfuc\AppData\Local\Programs\MiKTeX\tex/latex/psnfss\courier.sty
Package: courier 2020/03/25 PSNFSS-v9.3 (WaS) 
)
(C:\Users\orfuc\AppData\Local\Programs\MiKTeX\tex/latex/booktabs\booktabs.sty
Package: booktabs 2020/01/12 v1.61803398 Publication quality tables
\heavyrulewidth=\dimen177
\lightrulewidth=\dimen178
\cmidrulewidth=\dimen179
\belowrulesep=\dimen180
\belowbottomsep=\dimen181
\aboverulesep=\dimen182
\abovetopsep=\dimen183
\cmidrulesep=\dimen184
\cmidrulekern=\dimen185
\defaultaddspace=\dimen186
\@cmidla=\count304
\@cmidlb=\count305
\@aboverulesep=\dimen187
\@belowrulesep=\dimen188
\@thisruleclass=\count306
\@lastruleclass=\count307
\@thisrulewidth=\dimen189
)
LaTeX Font Info:    Trying to load font information for OT1+ptm on input line 2
5.

(C:\Users\orfuc\AppData\Local\Programs\MiKTeX\tex/latex/psnfss\ot1ptm.fd
File: ot1ptm.fd 2001/06/04 font definitions for OT1/ptm.
)
(C:\Users\orfuc\AppData\Local\Programs\MiKTeX\tex/latex/l3backend\l3backend-pdf
tex.def
File: l3backend-pdftex.def 2023-04-19 L3 backend support: PDF output (pdfTeX)
\l__color_backend_stack_int=\count308
\l__pdf_internal_box=\box109
) (main_changed.aux)
\openout1 = `main_changed.aux'.

LaTeX Font Info:    Checking defaults for OML/cmm/m/it on input line 25.
LaTeX Font Info:    ... okay on input line 25.
LaTeX Font Info:    Checking defaults for OMS/cmsy/m/n on input line 25.
LaTeX Font Info:    ... okay on input line 25.
LaTeX Font Info:    Checking defaults for OT1/cmr/m/n on input line 25.
LaTeX Font Info:    ... okay on input line 25.
LaTeX Font Info:    Checking defaults for T1/cmr/m/n on input line 25.
LaTeX Font Info:    ... okay on input line 25.
LaTeX Font Info:    Checking defaults for TS1/cmr/m/n on input line 25.
LaTeX Font Info:    ... okay on input line 25.
LaTeX Font Info:    Checking defaults for OMX/cmex/m/n on input line 25.
LaTeX Font Info:    ... okay on input line 25.
LaTeX Font Info:    Checking defaults for U/cmr/m/n on input line 25.
LaTeX Font Info:    ... okay on input line 25.
LaTeX Font Info:    Checking defaults for PD1/pdf/m/n on input line 25.
LaTeX Font Info:    ... okay on input line 25.
LaTeX Font Info:    Checking defaults for PU/pdf/m/n on input line 25.
LaTeX Font Info:    ... okay on input line 25.

(C:\Users\orfuc\AppData\Local\Programs\MiKTeX\tex/context/base/mkii\supp-pdf.mk
ii
[Loading MPS to PDF converter (version 2006.09.02).]
\scratchcounter=\count309
\scratchdimen=\dimen190
\scratchbox=\box110
\nofMPsegments=\count310
\nofMParguments=\count311
\everyMPshowfont=\toks25
\MPscratchCnt=\count312
\MPscratchDim=\dimen191
\MPnumerator=\count313
\makeMPintoPDFobject=\count314
\everyMPtoPDFconversion=\toks26
)
(C:\Users\orfuc\AppData\Local\Programs\MiKTeX\tex/latex/epstopdf-pkg\epstopdf-b
ase.sty
Package: epstopdf-base 2020-01-24 v2.11 Base part for package epstopdf
Package epstopdf-base Info: Redefining graphics rule for `.eps' on input line 4
85.

(C:\Users\orfuc\AppData\Local\Programs\MiKTeX\tex/latex/00miktex\epstopdf-sys.c
fg
File: epstopdf-sys.cfg 2021/03/18 v2.0 Configuration of epstopdf for MiKTeX
))
Package hyperref Info: Link coloring OFF on input line 25.
 (main_changed.out) (main_changed.out)
\@outlinefile=\write3
\openout3 = `main_changed.out'.

LaTeX Font Info:    Trying to load font information for TS1+ptm on input line 6
8.

(C:\Users\orfuc\AppData\Local\Programs\MiKTeX\tex/latex/psnfss\ts1ptm.fd
File: ts1ptm.fd 2001/06/04 font definitions for TS1/ptm.
)
LaTeX Font Info:    Trying to load font information for OT1+pcr on input line 7
0.

(C:\Users\orfuc\AppData\Local\Programs\MiKTeX\tex/latex/psnfss\ot1pcr.fd
File: ot1pcr.fd 2001/06/04 font definitions for OT1/pcr.
)

LaTeX Warning: Citation `corr_ct_pcr' on page 1 undefined on input line 77.


LaTeX Warning: Citation `Singh2020' on page 1 undefined on input line 80.


LaTeX Warning: Citation `Ardakani2020' on page 1 undefined on input line 80.


LaTeX Warning: Citation `Alom' on page 1 undefined on input line 80.


LaTeX Warning: Citation `cell_covid' on page 1 undefined on input line 80.


LaTeX Warning: Citation `mosmeddata' on page 1 undefined on input line 80.


LaTeX Warning: Citation `covid-ctset' on page 1 undefined on input line 80.


LaTeX Warning: Citation `Ghoshal2020' on page 1 undefined on input line 134.


LaTeX Warning: Citation `Zhang2020' on page 1 undefined on input line 134.


LaTeX Warning: Citation `Narin2020' on page 1 undefined on input line 134.


LaTeX Warning: Citation `Singh2020' on page 1 undefined on input line 134.


LaTeX Warning: Citation `Ardakani2020' on page 1 undefined on input line 134.


LaTeX Warning: Citation `Alom' on page 1 undefined on input line 134.


LaTeX Warning: Citation `He2020' on page 1 undefined on input line 134.


LaTeX Warning: Citation `Mobiny2020' on page 1 undefined on input line 134.


LaTeX Warning: Citation `covid-ctset' on page 1 undefined on input line 134.


LaTeX Warning: Citation `Zheng2020' on page 1 undefined on input line 134.


LaTeX Warning: Citation `li2020artificial' on page 1 undefined on input line 13
4.


LaTeX Warning: Citation `mosmeddata' on page 1 undefined on input line 134.


LaTeX Warning: Citation `cell_covid' on page 1 undefined on input line 134.


LaTeX Warning: Citation `enas' on page 1 undefined on input line 139.


LaTeX Warning: Citation `darts' on page 1 undefined on input line 139.


LaTeX Warning: Citation `nasnet_zoph17' on page 1 undefined on input line 139.


LaTeX Warning: Citation `mnasnet' on page 1 undefined on input line 139.


LaTeX Warning: Citation `Gumbel_Softmax' on page 1 undefined on input line 139.



LaTeX Warning: Citation `cell_covid' on page 1 undefined on input line 139.


LaTeX Warning: Citation `mosmeddata' on page 1 undefined on input line 139.


LaTeX Warning: Citation `covid-ctset' on page 1 undefined on input line 139.


LaTeX Warning: Citation `cam' on page 1 undefined on input line 139.

[1{C:/Users/orfuc/AppData/Local/MiKTeX/fonts/map/pdftex/pdftex.map}{C:/Users/or
fuc/AppData/Local/Programs/MiKTeX/fonts/enc/dvips/base/8r.enc}



]

LaTeX Warning: Citation `cam' on page 2 undefined on input line 143.


LaTeX Warning: Citation `Litjens2017' on page 2 undefined on input line 210.


LaTeX Warning: Citation `cohen2020covid' on page 2 undefined on input line 218.



LaTeX Warning: Citation `zhao2020covidctdataset' on page 2 undefined on input l
ine 218.


Underfull \hbox (badness 3646) in paragraph at lines 218--219
 []\OT1/ptm/b/n/10 Pre-pandemic Datasets[] \OT1/ptm/m/n/10 In the pre-pandemic 
pe-riod,
 []


LaTeX Warning: Citation `cell_covid' on page 2 undefined on input line 221.


LaTeX Warning: Citation `covid-ctset' on page 2 undefined on input line 221.


LaTeX Warning: Citation `COVID-19-CT-Seg-Dataset' on page 2 undefined on input 
line 221.


LaTeX Warning: Citation `mosmeddata' on page 2 undefined on input line 221.


LaTeX Warning: Citation `He2020' on page 2 undefined on input line 236.


LaTeX Warning: Citation `Mobiny2020' on page 2 undefined on input line 236.


LaTeX Warning: Citation `Singh2020' on page 2 undefined on input line 236.


LaTeX Warning: Citation `Ardakani2020' on page 2 undefined on input line 236.


LaTeX Warning: Citation `li2020artificial' on page 2 undefined on input line 23
6.


LaTeX Warning: Citation `Zheng2020' on page 2 undefined on input line 236.


LaTeX Warning: Citation `Narin2020' on page 2 undefined on input line 236.


LaTeX Warning: Citation `Zhang2020' on page 2 undefined on input line 236.


LaTeX Warning: Citation `Ghoshal2020' on page 2 undefined on input line 236.


LaTeX Warning: Citation `Alom' on page 2 undefined on input line 236.


LaTeX Warning: Citation `automl_survey' on page 2 undefined on input line 239.


LaTeX Warning: Citation `nas_survey' on page 2 undefined on input line 239.


LaTeX Warning: Citation `nas2016' on page 2 undefined on input line 239.


LaTeX Warning: Citation `nasnet_zoph17' on page 2 undefined on input line 239.


LaTeX Warning: Citation `amoebanet' on page 2 undefined on input line 240.


LaTeX Warning: Citation `pnas_liu18' on page 2 undefined on input line 240.


LaTeX Warning: Citation `darts' on page 2 undefined on input line 240.


LaTeX Warning: Citation `gdas' on page 2 undefined on input line 240.


LaTeX Warning: Citation `gdas' on page 2 undefined on input line 240.


LaTeX Warning: Citation `fbnet' on page 2 undefined on input line 240.


LaTeX Warning: Citation `Gumbel_Softmax' on page 2 undefined on input line 240.


[2]

LaTeX Warning: Citation `deng2009imagenet' on page 3 undefined on input line 24
2.


LaTeX Warning: Citation `scalableNAS' on page 3 undefined on input line 242.


LaTeX Warning: Citation `Faes2019' on page 3 undefined on input line 242.


LaTeX Warning: Citation `Gumbel_Softmax' on page 3 undefined on input line 259.



LaTeX Warning: Citation `gdas' on page 3 undefined on input line 259.

<images/mnasnet_new.pdf, id=103, 276.22598pt x 296.75568pt>
File: images/mnasnet_new.pdf Graphic file (type pdf)
<use images/mnasnet_new.pdf>
Package pdftex.def Info: images/mnasnet_new.pdf  used on input line 264.
(pdftex.def)             Requested size: 202.35559pt x 227.65128pt.

LaTeX Warning: Citation `enas' on page 3 undefined on input line 275.


LaTeX Warning: Citation `darts' on page 3 undefined on input line 275.


LaTeX Warning: Citation `mobilenetv2' on page 3 undefined on input line 275.


LaTeX Warning: Citation `mnasnet' on page 3 undefined on input line 275.


LaTeX Warning: Citation `fbnet' on page 3 undefined on input line 275.


LaTeX Warning: Citation `mobilenetv2' on page 3 undefined on input line 275.


LaTeX Warning: Citation `cam' on page 3 undefined on input line 277.


LaTeX Warning: Citation `mobilenetv2' on page 3 undefined on input line 277.


LaTeX Warning: Citation `relu6' on page 3 undefined on input line 277.

[3 <./images/mnasnet_new.pdf

pdfTeX warning: pdflatex (file ./images/mnasnet_new.pdf): PDF inclusion: invali
d other resource which is no dict (key 'ProcSets', type <array>); ignored.
>]

LaTeX Warning: Citation `automl_survey' on page 4 undefined on input line 300.


LaTeX Warning: Citation `gdas' on page 4 undefined on input line 300.


LaTeX Warning: Citation `fbnet' on page 4 undefined on input line 300.


LaTeX Warning: Citation `Gumbel_Softmax' on page 4 undefined on input line 300.



LaTeX Warning: Citation `darts' on page 4 undefined on input line 304.


LaTeX Warning: Citation `darts' on page 4 undefined on input line 304.


LaTeX Warning: Citation `gdas' on page 4 undefined on input line 324.

<images/dag.pdf, id=144, 150.91783pt x 140.14357pt>
File: images/dag.pdf Graphic file (type pdf)
<use images/dag.pdf>
Package pdftex.def Info: images/dag.pdf  used on input line 328.
(pdftex.def)             Requested size: 126.47304pt x 126.47444pt.
<images/covid_pipeline.pdf, id=145, 474.1389pt x 168.25822pt>
File: images/covid_pipeline.pdf Graphic file (type pdf)
<use images/covid_pipeline.pdf>
Package pdftex.def Info: images/covid_pipeline.pdf  used on input line 336.
(pdftex.def)             Requested size: 414.84157pt x 126.47832pt.

LaTeX Warning: Citation `Gumbel_Softmax' on page 4 undefined on input line 342.



LaTeX Warning: Citation `cell_covid' on page 4 undefined on input line 380.


LaTeX Warning: Citation `mosmeddata' on page 4 undefined on input line 380.


LaTeX Warning: Citation `covid-ctset' on page 4 undefined on input line 380.

[4 <./images/dag.pdf

pdfTeX warning: pdflatex (file ./images/dag.pdf): PDF inclusion: invalid other 
resource which is no dict (key 'ProcSets', type <array>); ignored.
>]

LaTeX Warning: No positions in optional float specifier.
               Default added (so using `tbp') on input line 557.


LaTeX Warning: Citation `densenet3d' on page 5 undefined on input line 585.


LaTeX Warning: Citation `videoresnet' on page 5 undefined on input line 585.


LaTeX Warning: Citation `videoresnet' on page 5 undefined on input line 585.


LaTeX Warning: Citation `adam' on page 5 undefined on input line 585.


Underfull \hbox (badness 2644) in paragraph at lines 606--607
\OT1/ptm/m/n/10 scale and large-scale, where the num-ber of chan-nels
 []


Underfull \hbox (badness 2418) in paragraph at lines 606--607
\OT1/cmr/m/n/10 [32\OML/cmm/m/it/10 ; \OT1/cmr/m/n/10 64\OML/cmm/m/it/10 ; \OT1
/cmr/m/n/10 128\OML/cmm/m/it/10 ; \OT1/cmr/m/n/10 256\OML/cmm/m/it/10 ; \OT1/cm
r/m/n/10 512\OML/cmm/m/it/10 ; \OT1/cmr/m/n/10 1024]$\OT1/ptm/m/n/10 , re-spec-
tively. We name the
 []


LaTeX Warning: Citation `adam' on page 5 undefined on input line 608.

[5 <./images/covid_pipeline.pdf

pdfTeX warning: pdflatex (file ./images/covid_pipeline.pdf): PDF inclusion: inv
alid other resource which is no dict (key 'ProcSets', type <array>); ignored.
>]
<images/gdas.pdf, id=214, 235.79622pt x 236.50056pt>
File: images/gdas.pdf Graphic file (type pdf)
<use images/gdas.pdf>
Package pdftex.def Info: images/gdas.pdf  used on input line 613.
(pdftex.def)             Requested size: 227.64894pt x 228.3407pt.


LaTeX Warning: Citation `adam' on page 6 undefined on input line 621.


LaTeX Warning: Citation `cosineannealinglr' on page 6 undefined on input line 6
21.

<images/heatmap.png, id=220, 1155.31625pt x 618.31pt>
File: images/heatmap.png Graphic file (type png)
<use images/heatmap.png>
Package pdftex.def Info: images/heatmap.png  used on input line 703.
(pdftex.def)             Requested size: 227.64894pt x 121.82948pt.

LaTeX Warning: Citation `cam' on page 6 undefined on input line 710.

[6 <./images/gdas.pdf

pdfTeX warning: pdflatex (file ./images/gdas.pdf): PDF inclusion: invalid other
 resource which is no dict (key 'ProcSets', type <array>); ignored.
>]

LaTeX Warning: Citation `radio-chestCT' on page 7 undefined on input line 712.

[7 <./images/heatmap.png>] [8

]
No file main_changed.bbl.
(main_changed.aux)
 ***********
LaTeX2e <2023-06-01> patch level 1
L3 programming layer <2023-08-29>
 ***********
Package rerunfilecheck Info: File `main_changed.out' has not changed.
(rerunfilecheck)             Checksum: 805948B4BD466EC72E05E8477B7049E4;3130.
 ) 
Here is how much of TeX's memory you used:
 11672 strings out of 475247
 182961 string characters out of 5757792
 1961801 words of memory out of 5000000
 32964 multiletter control sequences out of 15000+600000
 584608 words of font info for 86 fonts, out of 8000000 for 9000
 1141 hyphenation exceptions out of 8191
 75i,18n,79p,1638b,461s stack positions out of 10000i,1000n,20000p,200000b,200000s
<C:/Users/orfuc/AppData/Local/Programs/MiKTeX/fonts/type1/public/amsfonts/cm/
cmex10.pfb><C:/Users/orfuc/AppData/Local/Programs/MiKTeX/fonts/type1/public/ams
fonts/cmextra/cmex7.pfb><C:/Users/orfuc/AppData/Local/Programs/MiKTeX/fonts/typ
e1/public/amsfonts/cm/cmmi10.pfb><C:/Users/orfuc/AppData/Local/Programs/MiKTeX/
fonts/type1/public/amsfonts/cm/cmmi5.pfb><C:/Users/orfuc/AppData/Local/Programs
/MiKTeX/fonts/type1/public/amsfonts/cm/cmmi7.pfb><C:/Users/orfuc/AppData/Local/
Programs/MiKTeX/fonts/type1/public/amsfonts/cm/cmr10.pfb><C:/Users/orfuc/AppDat
a/Local/Programs/MiKTeX/fonts/type1/public/amsfonts/cm/cmr5.pfb><C:/Users/orfuc
/AppData/Local/Programs/MiKTeX/fonts/type1/public/amsfonts/cm/cmr7.pfb><C:/User
s/orfuc/AppData/Local/Programs/MiKTeX/fonts/type1/public/amsfonts/cm/cmsy10.pfb
><C:/Users/orfuc/AppData/Local/Programs/MiKTeX/fonts/type1/public/amsfonts/cm/c
msy7.pfb><C:/Users/orfuc/AppData/Local/Programs/MiKTeX/fonts/type1/public/amsfo
nts/cm/cmsy8.pfb><C:/Users/orfuc/AppData/Local/Programs/MiKTeX/fonts/type1/urw/
courier/ucrr8a.pfb><C:/Users/orfuc/AppData/Local/Programs/MiKTeX/fonts/type1/ur
w/times/utmb8a.pfb><C:/Users/orfuc/AppData/Local/Programs/MiKTeX/fonts/type1/ur
w/times/utmr8a.pfb><C:/Users/orfuc/AppData/Local/Programs/MiKTeX/fonts/type1/ur
w/times/utmri8a.pfb>
Output written on main_changed.pdf (8 pages, 1897355 bytes).
PDF statistics:
 328 PDF objects out of 1000 (max. 8388607)
 52 named destinations out of 1000 (max. 500000)
 178 words of extra memory for PDF output out of 10000 (max. 10000000)

