This is pdfTeX, Version 3.141592653-2.6-1.40.25 (MiKTeX 23.5) (preloaded format=pdflatex 2023.9.8)  9 SEP 2023 16:46
entering extended mode
 restricted \write18 enabled.
 %&-line parsing enabled.
**./aiide2023_changed.tex
(aiide2023_changed.tex
LaTeX2e <2023-06-01> patch level 1
L3 programming layer <2023-08-29>
(C:\Users\orfuc\AppData\Local\Programs\MiKTeX\tex/latex/base\article.cls
Document Class: article 2023/05/17 v1.4n Standard LaTeX document class
(C:\Users\orfuc\AppData\Local\Programs\MiKTeX\tex/latex/base\size10.clo
File: size10.clo 2023/05/17 v1.4n Standard LaTeX file (size option)
)
\c@part=\count185
\c@section=\count186
\c@subsection=\count187
\c@subsubsection=\count188
\c@paragraph=\count189
\c@subparagraph=\count190
\c@figure=\count191
\c@table=\count192
\abovecaptionskip=\skip48
\belowcaptionskip=\skip49
\bibindent=\dimen140
)
(aaai23.sty
Package: aaai23 2023/06/27 AAAI 2023 Submission format

Conference Style for AAAI for LaTeX 2e -- version for submission
\titlebox=\skip50
) (C:\Users\orfuc\AppData\Local\Programs\MiKTeX\tex/latex/psnfss\times.sty
Package: times 2020/03/25 PSNFSS-v9.3 (SPQR) 
)
(C:\Users\orfuc\AppData\Local\Programs\MiKTeX\tex/latex/psnfss\helvet.sty
Package: helvet 2020/03/25 PSNFSS-v9.3 (WaS) 

(C:\Users\orfuc\AppData\Local\Programs\MiKTeX\tex/latex/graphics\keyval.sty
Package: keyval 2022/05/29 v1.15 key=value parser (DPC)
\KV@toks@=\toks17
))
(C:\Users\orfuc\AppData\Local\Programs\MiKTeX\tex/latex/psnfss\courier.sty
Package: courier 2020/03/25 PSNFSS-v9.3 (WaS) 
)
(C:\Users\orfuc\AppData\Local\Programs\MiKTeX\tex/latex/url\url.sty
\Urlmuskip=\muskip16
Package: url 2013/09/16  ver 3.4  Verb mode for urls, etc.
)
(C:\Users\orfuc\AppData\Local\Programs\MiKTeX\tex/latex/graphics\graphicx.sty
Package: graphicx 2021/09/16 v1.2d Enhanced LaTeX Graphics (DPC,SPQR)

(C:\Users\orfuc\AppData\Local\Programs\MiKTeX\tex/latex/graphics\graphics.sty
Package: graphics 2022/03/10 v1.4e Standard LaTeX Graphics (DPC,SPQR)

(C:\Users\orfuc\AppData\Local\Programs\MiKTeX\tex/latex/graphics\trig.sty
Package: trig 2021/08/11 v1.11 sin cos tan (DPC)
)
(C:\Users\orfuc\AppData\Local\Programs\MiKTeX\tex/latex/graphics-cfg\graphics.c
fg
File: graphics.cfg 2016/06/04 v1.11 sample graphics configuration
)
Package graphics Info: Driver file: pdftex.def on input line 107.

(C:\Users\orfuc\AppData\Local\Programs\MiKTeX\tex/latex/graphics-def\pdftex.def
File: pdftex.def 2022/09/22 v1.2b Graphics/color driver for pdftex
))
\Gin@req@height=\dimen141
\Gin@req@width=\dimen142
) (C:\Users\orfuc\AppData\Local\Programs\MiKTeX\tex/latex/natbib\natbib.sty
Package: natbib 2010/09/13 8.31b (PWD, AO)
\bibhang=\skip51
\bibsep=\skip52
LaTeX Info: Redefining \cite on input line 694.
\c@NAT@ctr=\count193
)
(C:\Users\orfuc\AppData\Local\Programs\MiKTeX\tex/latex/caption\caption.sty
Package: caption 2023/07/31 v3.6n Customizing captions (AR)

(C:\Users\orfuc\AppData\Local\Programs\MiKTeX\tex/latex/caption\caption3.sty
Package: caption3 2023/07/31 v2.4d caption3 kernel (AR)
\caption@tempdima=\dimen143
\captionmargin=\dimen144
\caption@leftmargin=\dimen145
\caption@rightmargin=\dimen146
\caption@width=\dimen147
\caption@indent=\dimen148
\caption@parindent=\dimen149
\caption@hangindent=\dimen150
Package caption Info: Standard document class detected.
)
\c@caption@flags=\count194
\c@continuedfloat=\count195
)
(C:\Users\orfuc\AppData\Local\Programs\MiKTeX\tex/latex/graphics\rotating.sty
Package: rotating 2016/08/11 v2.16d rotated objects in LaTeX

(C:\Users\orfuc\AppData\Local\Programs\MiKTeX\tex/latex/base\ifthen.sty
Package: ifthen 2022/04/13 v1.1d Standard LaTeX ifthen package (DPC)
)
\c@r@tfl@t=\count196
\rotFPtop=\skip53
\rotFPbot=\skip54
\rot@float@box=\box51
\rot@mess@toks=\toks18
)
(C:\Users\orfuc\AppData\Local\Programs\MiKTeX\tex/latex/multirow\multirow.sty
Package: multirow 2021/03/15 v2.8 Span multiple rows of a table
\multirow@colwidth=\skip55
\multirow@cntb=\count197
\multirow@dima=\skip56
\bigstrutjot=\dimen151
)
(C:\Users\orfuc\AppData\Local\Programs\MiKTeX\tex/latex/footmisc\footmisc.sty
Package: footmisc 2023/07/05 v6.0f a miscellany of footnote facilities
\FN@temptoken=\toks19
\footnotemargin=\dimen152
\@outputbox@depth=\dimen153
Package footmisc Info: Declaring symbol style bringhurst on input line 696.
Package footmisc Info: Declaring symbol style chicago on input line 704.
Package footmisc Info: Declaring symbol style wiley on input line 713.
Package footmisc Info: Declaring symbol style lamport-robust on input line 724.

Package footmisc Info: Declaring symbol style lamport* on input line 744.
Package footmisc Info: Declaring symbol style lamport*-robust on input line 765
.
)
(C:\Users\orfuc\AppData\Local\Programs\MiKTeX\tex/latex/algorithm2e\algorithm2e
.sty
Package: algorithm2e 2017/07/18 v5.2 algorithms environments
\c@AlgoLine=\count198
\algocf@hangindent=\skip57

(C:\Users\orfuc\AppData\Local\Programs\MiKTeX\tex/latex/ifoddpage\ifoddpage.sty
Package: ifoddpage 2022/10/18 v1.2 Conditionals for odd/even page detection
\c@checkoddpage=\count199
) (C:\Users\orfuc\AppData\Local\Programs\MiKTeX\tex/latex/tools\xspace.sty
Package: xspace 2014/10/28 v1.13 Space after command names (DPC,MH)
)
(C:\Users\orfuc\AppData\Local\Programs\MiKTeX\tex/latex/relsize\relsize.sty
Package: relsize 2013/03/29 ver 4.1
)
\skiptotal=\skip58
\skiplinenumber=\skip59
\skiprule=\skip60
\skiphlne=\skip61
\skiptext=\skip62
\skiplength=\skip63
\algomargin=\skip64
\skipalgocfslide=\skip65
\algowidth=\dimen154
\inoutsize=\dimen155
\inoutindent=\dimen156
\interspacetitleruled=\dimen157
\interspacealgoruled=\dimen158
\interspacetitleboxruled=\dimen159
\algocf@ruledwidth=\skip66
\algocf@inoutbox=\box52
\algocf@inputbox=\box53
\AlCapSkip=\skip67
\AlCapHSkip=\skip68
\algoskipindent=\skip69
\algocf@nlbox=\box54
\algocf@hangingbox=\box55
\algocf@untilbox=\box56
\algocf@skipuntil=\skip70
\algocf@capbox=\box57
\algocf@lcaptionbox=\skip71
\algoheightruledefault=\skip72
\algoheightrule=\skip73
\algotitleheightruledefault=\skip74
\algotitleheightrule=\skip75
\c@algocfline=\count266
\c@algocfproc=\count267
\c@algocf=\count268
\algocf@algoframe=\box58
\algocf@algobox=\box59
)
(C:\Users\orfuc\AppData\Local\Programs\MiKTeX\tex/latex/amsmath\amsmath.sty
Package: amsmath 2023/05/13 v2.17o AMS math features
\@mathmargin=\skip76

For additional information on amsmath, use the `?' option.
(C:\Users\orfuc\AppData\Local\Programs\MiKTeX\tex/latex/amsmath\amstext.sty
Package: amstext 2021/08/26 v2.01 AMS text

(C:\Users\orfuc\AppData\Local\Programs\MiKTeX\tex/latex/amsmath\amsgen.sty
File: amsgen.sty 1999/11/30 v2.0 generic functions
\@emptytoks=\toks20
\ex@=\dimen160
))
(C:\Users\orfuc\AppData\Local\Programs\MiKTeX\tex/latex/amsmath\amsbsy.sty
Package: amsbsy 1999/11/29 v1.2d Bold Symbols
\pmbraise@=\dimen161
)
(C:\Users\orfuc\AppData\Local\Programs\MiKTeX\tex/latex/amsmath\amsopn.sty
Package: amsopn 2022/04/08 v2.04 operator names
)
\inf@bad=\count269
LaTeX Info: Redefining \frac on input line 234.
\uproot@=\count270
\leftroot@=\count271
LaTeX Info: Redefining \overline on input line 399.
LaTeX Info: Redefining \colon on input line 410.
\classnum@=\count272
\DOTSCASE@=\count273
LaTeX Info: Redefining \ldots on input line 496.
LaTeX Info: Redefining \dots on input line 499.
LaTeX Info: Redefining \cdots on input line 620.
\Mathstrutbox@=\box60
\strutbox@=\box61
LaTeX Info: Redefining \big on input line 722.
LaTeX Info: Redefining \Big on input line 723.
LaTeX Info: Redefining \bigg on input line 724.
LaTeX Info: Redefining \Bigg on input line 725.
\big@size=\dimen162
LaTeX Font Info:    Redeclaring font encoding OML on input line 743.
LaTeX Font Info:    Redeclaring font encoding OMS on input line 744.
\macc@depth=\count274
LaTeX Info: Redefining \bmod on input line 905.
LaTeX Info: Redefining \pmod on input line 910.
LaTeX Info: Redefining \smash on input line 940.
LaTeX Info: Redefining \relbar on input line 970.
LaTeX Info: Redefining \Relbar on input line 971.
\c@MaxMatrixCols=\count275
\dotsspace@=\muskip17
\c@parentequation=\count276
\dspbrk@lvl=\count277
\tag@help=\toks21
\row@=\count278
\column@=\count279
\maxfields@=\count280
\andhelp@=\toks22
\eqnshift@=\dimen163
\alignsep@=\dimen164
\tagshift@=\dimen165
\tagwidth@=\dimen166
\totwidth@=\dimen167
\lineht@=\dimen168
\@envbody=\toks23
\multlinegap=\skip77
\multlinetaggap=\skip78
\mathdisplay@stack=\toks24
LaTeX Info: Redefining \[ on input line 2953.
LaTeX Info: Redefining \] on input line 2954.
)
(C:\Users\orfuc\AppData\Local\Programs\MiKTeX\tex/latex/amsfonts\amssymb.sty
Package: amssymb 2013/01/14 v3.01 AMS font symbols

(C:\Users\orfuc\AppData\Local\Programs\MiKTeX\tex/latex/amsfonts\amsfonts.sty
Package: amsfonts 2013/01/14 v3.01 Basic AMSFonts support
\symAMSa=\mathgroup4
\symAMSb=\mathgroup5
LaTeX Font Info:    Redeclaring math symbol \hbar on input line 98.
LaTeX Font Info:    Overwriting math alphabet `\mathfrak' in version `bold'
(Font)                  U/euf/m/n --> U/euf/b/n on input line 106.
)) (C:\Users\orfuc\AppData\Local\Programs\MiKTeX\tex/latex/booktabs\booktabs.st
y
Package: booktabs 2020/01/12 v1.61803398 Publication quality tables
\heavyrulewidth=\dimen169
\lightrulewidth=\dimen170
\cmidrulewidth=\dimen171
\belowrulesep=\dimen172
\belowbottomsep=\dimen173
\aboverulesep=\dimen174
\abovetopsep=\dimen175
\cmidrulesep=\dimen176
\cmidrulekern=\dimen177
\defaultaddspace=\dimen178
\@cmidla=\count281
\@cmidlb=\count282
\@aboverulesep=\dimen179
\@belowrulesep=\dimen180
\@thisruleclass=\count283
\@lastruleclass=\count284
\@thisrulewidth=\dimen181
) (C:\Users\orfuc\AppData\Local\Programs\MiKTeX\tex/latex/base\latexsym.sty
Package: latexsym 1998/08/17 v2.2e Standard LaTeX package (lasy symbols)
\symlasy=\mathgroup6
LaTeX Font Info:    Overwriting symbol font `lasy' in version `bold'
(Font)                  U/lasy/m/n --> U/lasy/b/n on input line 52.
)
(C:\Users\orfuc\AppData\Local\Programs\MiKTeX\tex/latex/units\units.sty
Package: units 1998/08/04 v0.9b Typesetting units

(C:\Users\orfuc\AppData\Local\Programs\MiKTeX\tex/latex/units\nicefrac.sty
Package: nicefrac 1998/08/04 v0.9b Nice fractions
\L@UnitsRaiseDisplaystyle=\skip79
\L@UnitsRaiseTextstyle=\skip80
\L@UnitsRaiseScriptstyle=\skip81
))
(C:\Users\orfuc\AppData\Local\Programs\MiKTeX\tex/latex/mnsymbol\MnSymbol.sty
Package: MnSymbol 2007/01/21 v1.4 support for the MnSymbol font

(C:\Users\orfuc\AppData\Local\Programs\MiKTeX\tex/latex/base\textcomp.sty
Package: textcomp 2020/02/02 v2.0n Standard LaTeX package
)
LaTeX Info: Redefining \dagger on input line 84.
LaTeX Info: Redefining \ddagger on input line 84.
LaTeX Info: Redefining \mathparagraph on input line 84.
LaTeX Info: Redefining \mathsection on input line 84.
LaTeX Info: Redefining \mathdollar on input line 84.
LaTeX Info: Redefining \mathsterling on input line 84.
LaTeX Info: Redefining \yen on input line 84.
LaTeX Info: Redefining \circledR on input line 84.
LaTeX Info: Redefining \circledS on input line 84.
LaTeX Info: Redefining \Re on input line 84.
LaTeX Info: Redefining \Im on input line 84.
LaTeX Info: Redefining \dotplus on input line 84.
LaTeX Info: Redefining \thicksim on input line 84.
LaTeX Info: Redefining \thickapprox on input line 84.
LaTeX Info: Redefining \veebar on input line 84.
LaTeX Info: Redefining \barwedge on input line 84.
LaTeX Info: Redefining \doublebarwedge on input line 84.
LaTeX Info: Redefining \centerdot on input line 84.
LaTeX Info: Redefining \divideontimes on input line 84.
\symMnSyA=\mathgroup7
\symMnSyB=\mathgroup8
\symMnSyC=\mathgroup9
\symMnSyD=\mathgroup10
LaTeX Font Info:    Redeclaring symbol font `largesymbols' on input line 119.
LaTeX Font Info:    Overwriting symbol font `largesymbols' in version `normal'
(Font)                  OMX/cmex/m/n --> OMX/MnSymbolE/m/n on input line 119.
LaTeX Font Info:    Overwriting symbol font `largesymbols' in version `bold'
(Font)                  OMX/cmex/m/n --> OMX/MnSymbolE/m/n on input line 119.
LaTeX Font Info:    Redeclaring symbol font `symbols' on input line 120.
LaTeX Font Info:    Encoding `OMS' has changed to `U' for symbol font
(Font)              `symbols' in the math version `normal' on input line 120.
LaTeX Font Info:    Overwriting symbol font `symbols' in version `normal'
(Font)                  OMS/cmsy/m/n --> U/MnSymbolF/m/n on input line 120.
LaTeX Font Info:    Encoding `OMS' has changed to `U' for symbol font
(Font)              `symbols' in the math version `bold' on input line 120.
LaTeX Font Info:    Overwriting symbol font `symbols' in version `bold'
(Font)                  OMS/cmsy/b/n --> U/MnSymbolF/m/n on input line 120.
LaTeX Font Info:    Overwriting symbol font `MnSyA' in version `bold'
(Font)                  U/MnSymbolA/m/n --> U/MnSymbolA/b/n on input line 121.
LaTeX Font Info:    Overwriting symbol font `MnSyB' in version `bold'
(Font)                  U/MnSymbolB/m/n --> U/MnSymbolB/b/n on input line 122.
LaTeX Font Info:    Overwriting symbol font `MnSyC' in version `bold'
(Font)                  U/MnSymbolC/m/n --> U/MnSymbolC/b/n on input line 123.
LaTeX Font Info:    Overwriting symbol font `MnSyD' in version `bold'
(Font)                  U/MnSymbolD/m/n --> U/MnSymbolD/b/n on input line 124.
LaTeX Font Info:    Overwriting symbol font `largesymbols' in version `bold'
(Font)                  OMX/MnSymbolE/m/n --> OMX/MnSymbolE/b/n on input line 1
25.
LaTeX Font Info:    Overwriting symbol font `symbols' in version `bold'
(Font)                  U/MnSymbolF/m/n --> U/MnSymbolF/b/n on input line 126.
LaTeX Font Info:    Redeclaring math alphabet \mathcal on input line 241.
LaTeX Font Info:    Overwriting math alphabet `\mathcal' in version `bold'
(Font)                  OMS/MnSymbolS/m/n --> OMS/MnSymbolS/b/n on input line 2
41.
LaTeX Info: Redefining \longrightarrow on input line 548.
LaTeX Info: Redefining \longleftarrow on input line 549.
LaTeX Info: Redefining \longleftrightarrow on input line 550.
LaTeX Info: Redefining \Longrightarrow on input line 551.
LaTeX Info: Redefining \Longleftarrow on input line 552.
LaTeX Info: Redefining \Longleftrightarrow on input line 553.
LaTeX Info: Redefining \longmapsto on input line 554.
LaTeX Info: Redefining \vdots on input line 868.
LaTeX Font Info:    Redeclaring math symbol \braceld on input line 1721.
LaTeX Font Info:    Redeclaring math symbol \bracelu on input line 1722.
LaTeX Font Info:    Redeclaring math symbol \bracerd on input line 1723.
LaTeX Font Info:    Redeclaring math symbol \braceru on input line 1724.
LaTeX Info: Redefining \downbracefill on input line 1799.
LaTeX Info: Redefining \upbracefill on input line 1800.
LaTeX Info: Redefining \overbrace on input line 1819.
LaTeX Info: Redefining \underbrace on input line 1820.
LaTeX Info: Redefining \surd on input line 1843.
LaTeX Font Info:    Redeclaring math accent \widehat on input line 1845.
LaTeX Font Info:    Redeclaring math accent \widetilde on input line 1846.
LaTeX Font Info:    Redeclaring math accent \vec on input line 1848.
)
(C:\Users\orfuc\AppData\Local\Programs\MiKTeX\tex/latex/comment\comment.sty
\CommentStream=\write3

Excluding comment 'comment')
(C:\Users\orfuc\AppData\Local\Programs\MiKTeX\tex/latex/diagbox\diagbox.sty
Package: diagbox 2020/02/09 v2.3 Making table heads with diagonal lines

(C:\Users\orfuc\AppData\Local\Programs\MiKTeX\tex/latex/pict2e\pict2e.sty
Package: pict2e 2020/09/30 v0.4b Improved picture commands (HjG,RN,JT)

(C:\Users\orfuc\AppData\Local\Programs\MiKTeX\tex/latex/pict2e\pict2e.cfg
File: pict2e.cfg 2016/02/05 v0.1u pict2e configuration for teTeX/TeXLive
)
Package pict2e Info: Driver file: pdftex.def on input line 112.
Package pict2e Info: Driver file for pict2e: p2e-pdftex.def on input line 114.

(C:\Users\orfuc\AppData\Local\Programs\MiKTeX\tex/latex/pict2e\p2e-pdftex.def
File: p2e-pdftex.def 2016/02/05 v0.1u Driver-dependant file (RN,HjG,JT)
)
\pIIe@GRAPH=\toks25
\@arclen=\dimen182
\@arcrad=\dimen183
\pIIe@tempdima=\dimen184
\pIIe@tempdimb=\dimen185
\pIIe@tempdimc=\dimen186
\pIIe@tempdimd=\dimen187
\pIIe@tempdime=\dimen188
\pIIe@tempdimf=\dimen189
) (C:\Users\orfuc\AppData\Local\Programs\MiKTeX\tex/latex/tools\calc.sty
Package: calc 2017/05/25 v4.3 Infix arithmetic (KKT,FJ)
\calc@Acount=\count285
\calc@Bcount=\count286
\calc@Adimen=\dimen190
\calc@Bdimen=\dimen191
\calc@Askip=\skip82
\calc@Bskip=\skip83
LaTeX Info: Redefining \setlength on input line 80.
LaTeX Info: Redefining \addtolength on input line 81.
\calc@Ccount=\count287
\calc@Cskip=\skip84
)
(C:\Users\orfuc\AppData\Local\Programs\MiKTeX\tex/latex/tools\array.sty
Package: array 2022/09/04 v2.5g Tabular extension package (FMi)
\col@sep=\dimen192
\ar@mcellbox=\box62
\extrarowheight=\dimen193
\NC@list=\toks26
\extratabsurround=\skip85
\backup@length=\skip86
\ar@cellbox=\box63
)
\diagbox@boxa=\box64
\diagbox@boxb=\box65
\diagbox@boxm=\box66
\diagbox@wd=\dimen194
\diagbox@ht=\dimen195
\diagbox@insepl=\dimen196
\diagbox@insepr=\dimen197
\diagbox@outsepl=\dimen198
\diagbox@outsepr=\dimen199
)
(C:\Users\orfuc\AppData\Local\Programs\MiKTeX\tex/latex/qtree\qtree.sty
Package: 2008/12/12 v.3.1bQtree: tree-drawing for linguistics
Package: qtree 2008/12/12 v.3.1bQtree: tree-drawing for linguistics
\c@treecount=\count288
\c@branchcount=\count289
\parentbox=\box67
\treebox=\box68
\treeboxone=\box69
\treeboxtwo=\box70
\treeboxthree=\box71
\treeboxfour=\box72
\treeboxfive=\box73
\treeboxsix=\box74
\treeboxseven=\box75
\treeboxeight=\box76
\treeboxnine=\box77
\treeboxten=\box78
\treeboxeleven=\box79
\treeboxtwelve=\box80
\treeboxthirteen=\box81
\treeboxfourteen=\box82
\treeboxfifteen=\box83
\treeboxsixteen=\box84
\treeboxseventeen=\box85
\treeboxeighteen=\box86
\treeboxnineteen=\box87
\treeboxtwenty=\box88
\treeoffsetone=\skip87
\treeoffsettwo=\skip88
\treeoffsetthree=\skip89
\treeoffsetfour=\skip90
\treeoffsetfive=\skip91
\treeoffsetsix=\skip92
\treeoffsetseven=\skip93
\treeoffseteight=\skip94
\treeoffsetnine=\skip95
\treeoffsetten=\skip96
\treeoffseteleven=\skip97
\treeoffsettwelve=\skip98
\treeoffsetthirteen=\skip99
\treeoffsetfourteen=\skip100
\treeoffsetfifteen=\skip101
\treeoffsetsixteen=\skip102
\treeoffsetseventeen=\skip103
\treeoffseteighteen=\skip104
\treeoffsetnineteen=\skip105
\treeoffsettwenty=\skip106
\treeshiftone=\skip107
\treeshifttwo=\skip108
\treeshiftthree=\skip109
\treeshiftfour=\skip110
\treeshiftfive=\skip111
\treeshiftsix=\skip112
\treeshiftseven=\skip113
\treeshifteight=\skip114
\treeshiftnine=\skip115
\treeshiftten=\skip116
\treeshifteleven=\skip117
\treeshifttwelve=\skip118
\treeshiftthirteen=\skip119
\treeshiftfourteen=\skip120
\treeshiftfifteen=\skip121
\treeshiftsixteen=\skip122
\treeshiftseventeen=\skip123
\treeshifteighteen=\skip124
\treeshiftnineteen=\skip125
\treeshifttwenty=\skip126
\treewidthone=\skip127
\treewidthtwo=\skip128
\treewidththree=\skip129
\treewidthfour=\skip130
\treewidthfive=\skip131
\treewidthsix=\skip132
\treewidthseven=\skip133
\treewidtheight=\skip134
\treewidthnine=\skip135
\treewidthten=\skip136
\treewidtheleven=\skip137
\treewidthtwelve=\skip138
\treewidththirteen=\skip139
\treewidthfourteen=\skip140
\treewidthfifteen=\skip141
\treewidthsixteen=\skip142
\treewidthseventeen=\skip143
\treewidtheighteen=\skip144
\treewidthnineteen=\skip145
\treewidthtwenty=\skip146
\daughteroffsetone=\skip147
\daughteroffsettwo=\skip148
\daughteroffsetthree=\skip149
\daughteroffsetfour=\skip150
\branchwidthone=\skip151
\branchwidthtwo=\skip152
\branchwidththree=\skip153
\branchwidthfour=\skip154
\parentoffset=\skip155
\treeoffset=\skip156
\daughteroffset=\skip157
\branchwidth=\skip158
\parentwidth=\skip159
\treewidth=\skip160
\qta=\toks27
\qtb=\toks28
\nbranches=\count290
\qroofx=\count291
\qroofy=\count292
\@qrscratchbox=\box89
) (C:\Users\orfuc\AppData\Local\Programs\MiKTeX\tex/latex/graphics\color.sty
Package: color 2022/01/06 v1.3d Standard LaTeX Color (DPC)

(C:\Users\orfuc\AppData\Local\Programs\MiKTeX\tex/latex/graphics-cfg\color.cfg
File: color.cfg 2016/01/02 v1.6 sample color configuration
)
Package color Info: Driver file: pdftex.def on input line 149.
(C:\Users\orfuc\AppData\Local\Programs\MiKTeX\tex/latex/graphics\mathcolor.ltx)
) (C:\Users\orfuc\AppData\Local\Programs\MiKTeX\tex/latex/xcolor\xcolor.sty
Package: xcolor 2022/06/12 v2.14 LaTeX color extensions (UK)

(C:\Users\orfuc\AppData\Local\Programs\MiKTeX\tex/latex/graphics-cfg\color.cfg
File: color.cfg 2016/01/02 v1.6 sample color configuration
)
Package xcolor Info: Driver file: pdftex.def on input line 227.
LaTeX Info: Redefining \color on input line 711.
(C:\Users\orfuc\AppData\Local\Programs\MiKTeX\tex/latex/graphics\mathcolor.ltx)
Package xcolor Info: Model `cmy' substituted by `cmy0' on input line 1353.
Package xcolor Info: Model `hsb' substituted by `rgb' on input line 1357.
Package xcolor Info: Model `RGB' extended on input line 1369.
Package xcolor Info: Model `HTML' substituted by `rgb' on input line 1371.
Package xcolor Info: Model `Hsb' substituted by `hsb' on input line 1372.
Package xcolor Info: Model `tHsb' substituted by `hsb' on input line 1373.
Package xcolor Info: Model `HSB' substituted by `hsb' on input line 1374.
Package xcolor Info: Model `Gray' substituted by `gray' on input line 1375.
Package xcolor Info: Model `wave' substituted by `hsb' on input line 1376.
(C:\Users\orfuc\AppData\Local\Programs\MiKTeX\tex/latex/graphics\dvipsnam.def
File: dvipsnam.def 2016/06/17 v3.0m Driver-dependent file (DPC,SPQR)
))
\c@df=\count293
\c@notation=\count294
\c@theorem=\count295
\c@lemma=\count296
\c@col=\count297
\c@remark=\count298
\c@proposition=\count299
LaTeX Font Info:    Trying to load font information for OT1+ptm on input line 1
68.
(C:\Users\orfuc\AppData\Local\Programs\MiKTeX\tex/latex/psnfss\ot1ptm.fd
File: ot1ptm.fd 2001/06/04 font definitions for OT1/ptm.
)
(C:\Users\orfuc\AppData\Local\Programs\MiKTeX\tex/latex/l3backend\l3backend-pdf
tex.def
File: l3backend-pdftex.def 2023-04-19 L3 backend support: PDF output (pdfTeX)
\l__color_backend_stack_int=\count300
\l__pdf_internal_box=\box90
) (aiide2023_changed.aux)
\openout1 = `aiide2023_changed.aux'.

LaTeX Font Info:    Checking defaults for OML/cmm/m/it on input line 168.
LaTeX Font Info:    ... okay on input line 168.
LaTeX Font Info:    Checking defaults for OMS/cmsy/m/n on input line 168.
LaTeX Font Info:    ... okay on input line 168.
LaTeX Font Info:    Checking defaults for OT1/cmr/m/n on input line 168.
LaTeX Font Info:    ... okay on input line 168.
LaTeX Font Info:    Checking defaults for T1/cmr/m/n on input line 168.
LaTeX Font Info:    ... okay on input line 168.
LaTeX Font Info:    Checking defaults for TS1/cmr/m/n on input line 168.
LaTeX Font Info:    ... okay on input line 168.
LaTeX Font Info:    Checking defaults for OMX/cmex/m/n on input line 168.
LaTeX Font Info:    ... okay on input line 168.
LaTeX Font Info:    Checking defaults for U/cmr/m/n on input line 168.
LaTeX Font Info:    ... okay on input line 168.

(C:\Users\orfuc\AppData\Local\Programs\MiKTeX\tex/context/base/mkii\supp-pdf.mk
ii
[Loading MPS to PDF converter (version 2006.09.02).]
\scratchcounter=\count301
\scratchdimen=\dimen256
\scratchbox=\box91
\nofMPsegments=\count302
\nofMParguments=\count303
\everyMPshowfont=\toks29
\MPscratchCnt=\count304
\MPscratchDim=\dimen257
\MPnumerator=\count305
\makeMPintoPDFobject=\count306
\everyMPtoPDFconversion=\toks30
)
(C:\Users\orfuc\AppData\Local\Programs\MiKTeX\tex/latex/epstopdf-pkg\epstopdf-b
ase.sty
Package: epstopdf-base 2020-01-24 v2.11 Base part for package epstopdf

(C:\Users\orfuc\AppData\Local\Programs\MiKTeX\tex/generic/infwarerr\infwarerr.s
ty
Package: infwarerr 2019/12/03 v1.5 Providing info/warning/error messages (HO)
) (C:\Users\orfuc\AppData\Local\Programs\MiKTeX\tex/latex/grfext\grfext.sty
Package: grfext 2019/12/03 v1.3 Manage graphics extensions (HO)

(C:\Users\orfuc\AppData\Local\Programs\MiKTeX\tex/generic/kvdefinekeys\kvdefine
keys.sty
Package: kvdefinekeys 2019-12-19 v1.6 Define keys (HO)
))
(C:\Users\orfuc\AppData\Local\Programs\MiKTeX\tex/latex/kvoptions\kvoptions.sty
Package: kvoptions 2022-06-15 v3.15 Key value format for package options (HO)
(C:\Users\orfuc\AppData\Local\Programs\MiKTeX\tex/generic/ltxcmds\ltxcmds.sty
Package: ltxcmds 2020-05-10 v1.25 LaTeX kernel commands for general use (HO)
)
(C:\Users\orfuc\AppData\Local\Programs\MiKTeX\tex/latex/kvsetkeys\kvsetkeys.sty
Package: kvsetkeys 2022-10-05 v1.19 Key value parser (HO)
))
(C:\Users\orfuc\AppData\Local\Programs\MiKTeX\tex/generic/pdftexcmds\pdftexcmds
.sty
Package: pdftexcmds 2020-06-27 v0.33 Utility functions of pdfTeX for LuaTeX (HO
)
 (C:\Users\orfuc\AppData\Local\Programs\MiKTeX\tex/generic/iftex\iftex.sty
Package: iftex 2022/02/03 v1.0f TeX engine tests
)
Package pdftexcmds Info: \pdf@primitive is available.
Package pdftexcmds Info: \pdf@ifprimitive is available.
Package pdftexcmds Info: \pdfdraftmode found.
)
Package epstopdf-base Info: Redefining graphics rule for `.eps' on input line 4
85.
Package grfext Info: Graphics extension search list:
(grfext)             [.pdf,.png,.jpg,.mps,.jpeg,.jbig2,.jb2,.PDF,.PNG,.JPG,.JPE
G,.JBIG2,.JB2,.eps]
(grfext)             \AppendGraphicsExtensions on input line 504.

(C:\Users\orfuc\AppData\Local\Programs\MiKTeX\tex/latex/00miktex\epstopdf-sys.c
fg
File: epstopdf-sys.cfg 2021/03/18 v2.0 Configuration of epstopdf for MiKTeX
))
Package caption Info: Begin \AtBeginDocument code.
Package caption Info: rotating package is loaded.
Package caption Info: End \AtBeginDocument code.
\c@eqfn=\count307
\titlearea=\box92
LaTeX Font Info:    Trying to load font information for OMS+ptm on input line 1
70.
 (C:\Users\orfuc\AppData\Local\Programs\MiKTeX\tex/latex/psnfss\omsptm.fd
File: omsptm.fd 
)
LaTeX Font Info:    Font shape `OMS/ptm/m/n' in size <10> not available
(Font)              Font shape `OMS/cmsy/m/n' tried instead on input line 170.
\actualheight=\skip161
LaTeX Font Info:    Trying to load font information for TS1+ptm on input line 1
70.

(C:\Users\orfuc\AppData\Local\Programs\MiKTeX\tex/latex/psnfss\ts1ptm.fd
File: ts1ptm.fd 2001/06/04 font definitions for TS1/ptm.
)

Package natbib Warning: Citation `yu2013structure' on page 1 undefined on input
 line 182.


Package natbib Warning: Citation `surynek2010optimization' on page 1 undefined 
on input line 182.


Package natbib Warning: Citation `ma2016multi' on page 1 undefined on input lin
e 182.


Package natbib Warning: Citation `ma2017feasibility' on page 1 undefined on inp
ut line 182.


Package natbib Warning: Citation `wurman2008coordinating' on page 1 undefined o
n input line 182.


Package natbib Warning: Citation `Koen20r' on page 1 undefined on input line 18
2.


Package natbib Warning: Citation `Koen23e' on page 1 undefined on input line 18
2.


Package natbib Warning: Citation `Koen23g' on page 1 undefined on input line 18
2.


Package natbib Warning: Citation `latombe1991multiple' on page 1 undefined on i
nput line 184.


Package natbib Warning: Citation `bennewitz2002finding' on page 1 undefined on 
input line 184.


Package natbib Warning: Citation `silver2005cooperative' on page 1 undefined on
 input line 184.


Package natbib Warning: Citation `van2005prioritized' on page 1 undefined on in
put line 184.


Package natbib Warning: Citation `van2005prioritized' on page 1 undefined on in
put line 186.


Package natbib Warning: Citation `wang2019new' on page 1 undefined on input lin
e 186.


Package natbib Warning: Citation `wu2020multi' on page 1 undefined on input lin
e 186.


Package natbib Warning: Citation `buckley1988fast' on page 1 undefined on input
 line 186.


Package natbib Warning: Citation `li2019coupling' on page 1 undefined on input 
line 186.


Package natbib Warning: Citation `zhang2022learning' on page 1 undefined on inp
ut line 186.


Package natbib Warning: Citation `bulitko2022portability' on page 1 undefined o
n input line 188.


Package natbib Warning: Citation `zhang2022learning' on page 1 undefined on inp
ut line 188.


Underfull \hbox (badness 3108) in paragraph at lines 188--189
[]\OT1/ptm/m/n/10 In this pa-per we at-tempt to com-bine the human-
 []

[1{C:/Users/orfuc/AppData/Local/MiKTeX/fonts/map/pdftex/pdftex.map}{C:/Users/or
fuc/AppData/Local/Programs/MiKTeX/fonts/enc/dvips/base/8r.enc}



]
LaTeX Font Info:    Trying to load font information for U+msa on input line 198
.

(C:\Users\orfuc\AppData\Local\Programs\MiKTeX\tex/latex/amsfonts\umsa.fd
File: umsa.fd 2013/01/14 v3.01 AMS symbols A
)
LaTeX Font Info:    Trying to load font information for U+msb on input line 198
.

(C:\Users\orfuc\AppData\Local\Programs\MiKTeX\tex/latex/amsfonts\umsb.fd
File: umsb.fd 2013/01/14 v3.01 AMS symbols B
)
LaTeX Font Info:    Trying to load font information for U+lasy on input line 19
8.

(C:\Users\orfuc\AppData\Local\Programs\MiKTeX\tex/latex/base\ulasy.fd
File: ulasy.fd 1998/08/17 v2.2e LaTeX symbol font definitions
)

Package natbib Warning: Citation `AStar' on page 2 undefined on input line 200.



Package natbib Warning: Citation `zhang2022learning' on page 2 undefined on inp
ut line 217.


Package natbib Warning: Citation `stern2019multi' on page 2 undefined on input 
line 223.


Package natbib Warning: Citation `morag2022online' on page 2 undefined on input
 line 229.


Package natbib Warning: Citation `silver2005cooperative' on page 2 undefined on
 input line 229.


Package natbib Warning: Citation `li2021lifelong' on page 2 undefined on input 
line 229.


Package natbib Warning: Citation `bennewitz2002finding' on page 2 undefined on 
input line 231.


Package natbib Warning: Citation `ma2019searching' on page 2 undefined on input
 line 231.


Package natbib Warning: Citation `van2005prioritized' on page 2 undefined on in
put line 233.


Package natbib Warning: Citation `bnaya2014conflict' on page 2 undefined on inp
ut line 233.

[2{C:/Users/orfuc/AppData/Local/Programs/MiKTeX/fonts/enc/dvips/mnsymbol/MnSymb
olE.enc}{C:/Users/orfuc/AppData/Local/Programs/MiKTeX/fonts/enc/dvips/mnsymbol/
MnSymbolS.enc}{C:/Users/orfuc/AppData/Local/Programs/MiKTeX/fonts/enc/dvips/mns
ymbol/MnSymbolD.enc}{C:/Users/orfuc/AppData/Local/Programs/MiKTeX/fonts/enc/dvi
ps/mnsymbol/MnSymbolC.enc}{C:/Users/orfuc/AppData/Local/Programs/MiKTeX/fonts/e
nc/dvips/mnsymbol/MnSymbolA.enc}{C:/Users/orfuc/AppData/Local/Programs/MiKTeX/f
onts/enc/dvips/mnsymbol/MnSymbolF.enc}]

Package natbib Warning: Citation `sigurdson2019automatic' on page 3 undefined o
n input line 236.


Package natbib Warning: Citation `ren2021mapfast' on page 3 undefined on input 
line 236.


Package natbib Warning: Citation `alkazzi2022mapfaster' on page 3 undefined on 
input line 236.


Package natbib Warning: Citation `kaduri2020algorithm' on page 3 undefined on i
nput line 236.


Package natbib Warning: Citation `huang2022anytime' on page 3 undefined on inpu
t line 236.


Package natbib Warning: Citation `huang2021learning2' on page 3 undefined on in
put line 236.


Package natbib Warning: Citation `huang2021learning' on page 3 undefined on inp
ut line 236.


Package natbib Warning: Citation `sharon2015conflict' on page 3 undefined on in
put line 236.


Package natbib Warning: Citation `barer2014suboptimal' on page 3 undefined on i
nput line 236.


Package natbib Warning: Citation `zhang2022learning' on page 3 undefined on inp
ut line 236.


Package natbib Warning: Citation `cog2020' on page 3 undefined on input line 23
9.


Package natbib Warning: Citation `bulitko2021fast' on page 3 undefined on input
 line 239.


Package natbib Warning: Citation `sergio2021' on page 3 undefined on input line
 239.


Package natbib Warning: Citation `bulitko2022portability' on page 3 undefined o
n input line 239.


Package natbib Warning: Citation `acs2020' on page 3 undefined on input line 23
9.


Package natbib Warning: Citation `bulitko2022portability' on page 3 undefined o
n input line 245.


Package natbib Warning: Citation `bulitko2022portability' on page 3 undefined o
n input line 245.


Package natbib Warning: Citation `zhang2022learning' on page 3 undefined on inp
ut line 246.


Package natbib Warning: Citation `zhang2022learning' on page 3 undefined on inp
ut line 246.


Package natbib Warning: Citation `zhang2022learning' on page 3 undefined on inp
ut line 252.


Package natbib Warning: Citation `zhang2022learning' on page 3 undefined on inp
ut line 252.


Package natbib Warning: Citation `sharon2013increasing' on page 3 undefined on 
input line 252.


Package natbib Warning: Citation `sharon2013increasing' on page 3 undefined on 
input line 252.


Package natbib Warning: Citation `zhang2022learning' on page 3 undefined on inp
ut line 252.


Package natbib Warning: Citation `zhang2022learning' on page 3 undefined on inp
ut line 252.


Package natbib Warning: Citation `sharon2013increasing' on page 3 undefined on 
input line 252.


Package natbib Warning: Citation `sharon2013increasing' on page 3 undefined on 
input line 252.


Package natbib Warning: Citation `bulitko2022portability' on page 3 undefined o
n input line 281.


Package natbib Warning: Citation `bulitko2022portability' on page 3 undefined o
n input line 281.

LaTeX Font Info:    Trying to load font information for OT1+lmvtt on input line
 293.
(C:\Users\orfuc\AppData\Local\Programs\MiKTeX\tex/latex/lm\ot1lmvtt.fd
File: ot1lmvtt.fd 2015/05/01 v1.6.1 Font defs for Latin Modern
)

Package natbib Warning: Citation `bulitko2022portability' on page 3 undefined o
n input line 298.


Package natbib Warning: Citation `bulitko2022portability' on page 3 undefined o
n input line 298.


Package natbib Warning: Citation `bulitko2022portability' on page 3 undefined o
n input line 300.


Package natbib Warning: Citation `bulitko2022portability' on page 3 undefined o
n input line 300.


Package natbib Warning: Citation `bulitko2022portability' on page 3 undefined o
n input line 309.


Package natbib Warning: Citation `bulitko2022portability' on page 3 undefined o
n input line 309.


Package natbib Warning: Citation `bulitko2022portability' on page 3 undefined o
n input line 346.


Package natbib Warning: Citation `bulitko2022portability' on page 3 undefined o
n input line 346.


Underfull \hbox (badness 3088) in paragraph at lines 348--349
[]\OT1/ptm/m/n/10 From now on we use $\OML/cmm/m/it/10 x[]$ \OT1/ptm/m/n/10 as 
a short-hand for
 []

[3{C:/Users/orfuc/AppData/Local/Programs/MiKTeX/fonts/enc/dvips/lm/lm-rm.enc}]

Package natbib Warning: Citation `zhang2022learning' on page 4 undefined on inp
ut line 358.


Package natbib Warning: Citation `stern2019multi' on page 4 undefined on input 
line 358.


Package natbib Warning: Citation `van2005prioritized' on page 4 undefined on in
put line 358.


Package natbib Warning: Citation `ma2019searching' on page 4 undefined on input
 line 358.


Package natbib Warning: Citation `bennewitz2002finding' on page 4 undefined on 
input line 358.


Package natbib Warning: Citation `zhang2022learning' on page 4 undefined on inp
ut line 358.


Package natbib Warning: Citation `zhang2022learning' on page 4 undefined on inp
ut line 358.


Package natbib Warning: Citation `zhang2022learning' on page 4 undefined on inp
ut line 360.


Package natbib Warning: Citation `zhang2022learning' on page 4 undefined on inp
ut line 362.


Package natbib Warning: Citation `zhang2022learning' on page 4 undefined on inp
ut line 362.


Package natbib Warning: Citation `zhang2022learning' on page 4 undefined on inp
ut line 366.


Package natbib Warning: Citation `bulitko2022portability' on page 4 undefined o
n input line 376.

[4]

Package natbib Warning: Citation `zhang2022learning' on page 5 undefined on inp
ut line 385.


Package natbib Warning: Citation `zhang2022learning' on page 5 undefined on inp
ut line 391.


Package natbib Warning: Citation `zhang2022learning' on page 5 undefined on inp
ut line 528.


Package natbib Warning: Citation `zhang2022learning' on page 5 undefined on inp
ut line 530.


Overfull \hbox (6.30124pt too wide) in paragraph at lines 543--601
 [][] 
 []


Package natbib Warning: Citation `zhang2022learning' on page 5 undefined on inp
ut line 603.

[5]
<figs/succRankPortability.png, id=48, 629.35126pt x 90.3375pt>
File: figs/succRankPortability.png Graphic file (type png)
<use figs/succRankPortability.png>
Package pdftex.def Info: figs/succRankPortability.png  used on input line 615.
(pdftex.def)             Requested size: 239.39438pt x 34.36305pt.
 [6]

Package natbib Warning: Citation `bulitko2022portability' on page 7 undefined o
n input line 625.


Package natbib Warning: Citation `shah2022near' on page 7 undefined on input li
ne 625.


Package natbib Warning: Citation `mapElites' on page 7 undefined on input line 
625.


Package natbib Warning: Citation `Gallotta_2022' on page 7 undefined on input l
ine 625.


Package natbib Warning: Citation `FI2Pop' on page 7 undefined on input line 625
.


Package natbib Warning: Citation `bulitko2022portability' on page 7 undefined o
n input line 631.


Underfull \vbox (badness 10000) has occurred while \output is active []

 [7 <./figs/succRankPortability.png>]
Underfull \vbox (badness 10000) has occurred while \output is active []

 [8]
[9

]
No file aiide2023_changed.bbl.

Package natbib Warning: There were undefined citations.

(aiide2023_changed.aux)
 ***********
LaTeX2e <2023-06-01> patch level 1
L3 programming layer <2023-08-29>
 ***********
 ) 
Here is how much of TeX's memory you used:
 10361 strings out of 475247
 163196 string characters out of 5757793
 2057801 words of memory out of 5000000
 31657 multiletter control sequences out of 15000+600000
 608888 words of font info for 132 fonts, out of 8000000 for 9000
 1141 hyphenation exceptions out of 8191
 61i,16n,69p,3867b,603s stack positions out of 10000i,1000n,20000p,200000b,200000s
<C:/Users/orfuc/AppData/Local/Programs/MiKTeX/fonts/type1/public/mnsymbol/MnS
ymbol10.pfb><C:/Users/orfuc/AppData/Local/Programs/MiKTeX/fonts/type1/public/mn
symbol/MnSymbol6.pfb><C:/Users/orfuc/AppData/Local/Programs/MiKTeX/fonts/type1/
public/mnsymbol/MnSymbol7.pfb><C:/Users/orfuc/AppData/Local/Programs/MiKTeX/fon
ts/type1/public/mnsymbol/MnSymbol9.pfb><C:/Users/orfuc/AppData/Local/Programs/M
iKTeX/fonts/type1/public/amsfonts/cm/cmbx10.pfb><C:/Users/orfuc/AppData/Local/P
rograms/MiKTeX/fonts/type1/public/amsfonts/cm/cmbx9.pfb><C:/Users/orfuc/AppData
/Local/Programs/MiKTeX/fonts/type1/public/amsfonts/cm/cmmi10.pfb><C:/Users/orfu
c/AppData/Local/Programs/MiKTeX/fonts/type1/public/amsfonts/cm/cmmi5.pfb><C:/Us
ers/orfuc/AppData/Local/Programs/MiKTeX/fonts/type1/public/amsfonts/cm/cmmi6.pf
b><C:/Users/orfuc/AppData/Local/Programs/MiKTeX/fonts/type1/public/amsfonts/cm/
cmmi7.pfb><C:/Users/orfuc/AppData/Local/Programs/MiKTeX/fonts/type1/public/amsf
onts/cm/cmmi9.pfb><C:/Users/orfuc/AppData/Local/Programs/MiKTeX/fonts/type1/pub
lic/amsfonts/cm/cmr10.pfb><C:/Users/orfuc/AppData/Local/Programs/MiKTeX/fonts/t
ype1/public/amsfonts/cm/cmr5.pfb><C:/Users/orfuc/AppData/Local/Programs/MiKTeX/
fonts/type1/public/amsfonts/cm/cmr6.pfb><C:/Users/orfuc/AppData/Local/Programs/
MiKTeX/fonts/type1/public/amsfonts/cm/cmr7.pfb><C:/Users/orfuc/AppData/Local/Pr
ograms/MiKTeX/fonts/type1/public/amsfonts/cm/cmr9.pfb><C:/Users/orfuc/AppData/L
ocal/Programs/MiKTeX/fonts/type1/public/amsfonts/cm/cmsy10.pfb><C:/Users/orfuc/
AppData/Local/Programs/MiKTeX/fonts/type1/public/lm/lmvtt10.pfb><C:/Users/orfuc
/AppData/Local/Programs/MiKTeX/fonts/type1/public/amsfonts/symbols/msbm10.pfb><
C:/Users/orfuc/AppData/Local/Programs/MiKTeX/fonts/type1/urw/times/utmb8a.pfb><
C:/Users/orfuc/AppData/Local/Programs/MiKTeX/fonts/type1/urw/times/utmr8a.pfb><
C:/Users/orfuc/AppData/Local/Programs/MiKTeX/fonts/type1/urw/times/utmri8a.pfb>

Output written on aiide2023_changed.pdf (9 pages, 384955 bytes).
PDF statistics:
 186 PDF objects out of 1000 (max. 8388607)
 0 named destinations out of 1000 (max. 500000)
 6 words of extra memory for PDF output out of 10000 (max. 10000000)

