This is pdfTeX, Version 3.141592653-2.6-1.40.25 (MiKTeX 23.9) (preloaded format=pdflatex 2023.9.22)  20 JAN 2024 14:54
entering extended mode
 restricted \write18 enabled.
 %&-line parsing enabled.
**./aaai24_changed.tex
(aaai24_changed.tex
LaTeX2e <2023-06-01> patch level 1
L3 programming layer <2023-08-29>
(C:\Users\micha\AppData\Local\Programs\MiKTeX\tex/latex/base\article.cls
Document Class: article 2023/05/17 v1.4n Standard LaTeX document class
(C:\Users\micha\AppData\Local\Programs\MiKTeX\tex/latex/base\size10.clo
File: size10.clo 2023/05/17 v1.4n Standard LaTeX file (size option)
)
\c@part=\count185
\c@section=\count186
\c@subsection=\count187
\c@subsubsection=\count188
\c@paragraph=\count189
\c@subparagraph=\count190
\c@figure=\count191
\c@table=\count192
\abovecaptionskip=\skip48
\belowcaptionskip=\skip49
\bibindent=\dimen140
)
(aaai24.sty
Package: aaai24 2023/06/26 AAAI 2024 Submission format

Conference Style for AAAI for LaTeX 2e -- version for submission
\titlebox=\skip50
) (C:\Users\micha\AppData\Local\Programs\MiKTeX\tex/latex/psnfss\times.sty
Package: times 2020/03/25 PSNFSS-v9.3 (SPQR) 
)
(C:\Users\micha\AppData\Local\Programs\MiKTeX\tex/latex/psnfss\helvet.sty
Package: helvet 2020/03/25 PSNFSS-v9.3 (WaS) 

(C:\Users\micha\AppData\Local\Programs\MiKTeX\tex/latex/graphics\keyval.sty
Package: keyval 2022/05/29 v1.15 key=value parser (DPC)
\KV@toks@=\toks17
))
(C:\Users\micha\AppData\Local\Programs\MiKTeX\tex/latex/psnfss\courier.sty
Package: courier 2020/03/25 PSNFSS-v9.3 (WaS) 
)
(C:\Users\micha\AppData\Local\Programs\MiKTeX\tex/latex/url\url.sty
\Urlmuskip=\muskip16
Package: url 2013/09/16  ver 3.4  Verb mode for urls, etc.
)
(C:\Users\micha\AppData\Local\Programs\MiKTeX\tex/latex/graphics\graphicx.sty
Package: graphicx 2021/09/16 v1.2d Enhanced LaTeX Graphics (DPC,SPQR)

(C:\Users\micha\AppData\Local\Programs\MiKTeX\tex/latex/graphics\graphics.sty
Package: graphics 2022/03/10 v1.4e Standard LaTeX Graphics (DPC,SPQR)

(C:\Users\micha\AppData\Local\Programs\MiKTeX\tex/latex/graphics\trig.sty
Package: trig 2021/08/11 v1.11 sin cos tan (DPC)
)
(C:\Users\micha\AppData\Local\Programs\MiKTeX\tex/latex/graphics-cfg\graphics.c
fg
File: graphics.cfg 2016/06/04 v1.11 sample graphics configuration
)
Package graphics Info: Driver file: pdftex.def on input line 107.

(C:\Users\micha\AppData\Local\Programs\MiKTeX\tex/latex/graphics-def\pdftex.def
File: pdftex.def 2022/09/22 v1.2b Graphics/color driver for pdftex
))
\Gin@req@height=\dimen141
\Gin@req@width=\dimen142
) (C:\Users\micha\AppData\Local\Programs\MiKTeX\tex/latex/natbib\natbib.sty
Package: natbib 2010/09/13 8.31b (PWD, AO)
\bibhang=\skip51
\bibsep=\skip52
LaTeX Info: Redefining \cite on input line 694.
\c@NAT@ctr=\count193
)
(C:\Users\micha\AppData\Local\Programs\MiKTeX\tex/latex/caption\caption.sty
Package: caption 2023/07/31 v3.6n Customizing captions (AR)

(C:\Users\micha\AppData\Local\Programs\MiKTeX\tex/latex/caption\caption3.sty
Package: caption3 2023/07/31 v2.4d caption3 kernel (AR)
\caption@tempdima=\dimen143
\captionmargin=\dimen144
\caption@leftmargin=\dimen145
\caption@rightmargin=\dimen146
\caption@width=\dimen147
\caption@indent=\dimen148
\caption@parindent=\dimen149
\caption@hangindent=\dimen150
Package caption Info: Standard document class detected.
)
\c@caption@flags=\count194
\c@continuedfloat=\count195
)
(C:\Users\micha\AppData\Local\Programs\MiKTeX\tex/latex/algorithms\algorithm.st
y
Package: algorithm 2009/08/24 v0.1 Document Style `algorithm' - floating enviro
nment
 (C:\Users\micha\AppData\Local\Programs\MiKTeX\tex/latex/float\float.sty
Package: float 2001/11/08 v1.3d Float enhancements (AL)
\c@float@type=\count196
\float@exts=\toks18
\float@box=\box51
\@float@everytoks=\toks19
\@floatcapt=\box52
)
(C:\Users\micha\AppData\Local\Programs\MiKTeX\tex/latex/base\ifthen.sty
Package: ifthen 2022/04/13 v1.1d Standard LaTeX ifthen package (DPC)
)
\@float@every@algorithm=\toks20
\c@algorithm=\count197
)
(C:\Users\micha\AppData\Local\Programs\MiKTeX\tex/latex/algorithms\algorithmic.
sty
Package: algorithmic 2009/08/24 v0.1 Document Style `algorithmic'
\c@ALC@unique=\count198
\c@ALC@line=\count199
\c@ALC@rem=\count266
\c@ALC@depth=\count267
\ALC@tlm=\skip53
\algorithmicindent=\skip54
) (C:\Users\micha\AppData\Local\Programs\MiKTeX\tex/latex/base\latexsym.sty
Package: latexsym 1998/08/17 v2.2e Standard LaTeX package (lasy symbols)
\symlasy=\mathgroup4
LaTeX Font Info:    Overwriting symbol font `lasy' in version `bold'
(Font)                  U/lasy/m/n --> U/lasy/b/n on input line 52.
) (C:\Users\micha\AppData\Local\Programs\MiKTeX\tex/latex/amsmath\amsmath.sty
Package: amsmath 2023/05/13 v2.17o AMS math features
\@mathmargin=\skip55

For additional information on amsmath, use the `?' option.
(C:\Users\micha\AppData\Local\Programs\MiKTeX\tex/latex/amsmath\amstext.sty
Package: amstext 2021/08/26 v2.01 AMS text

(C:\Users\micha\AppData\Local\Programs\MiKTeX\tex/latex/amsmath\amsgen.sty
File: amsgen.sty 1999/11/30 v2.0 generic functions
\@emptytoks=\toks21
\ex@=\dimen151
))
(C:\Users\micha\AppData\Local\Programs\MiKTeX\tex/latex/amsmath\amsbsy.sty
Package: amsbsy 1999/11/29 v1.2d Bold Symbols
\pmbraise@=\dimen152
)
(C:\Users\micha\AppData\Local\Programs\MiKTeX\tex/latex/amsmath\amsopn.sty
Package: amsopn 2022/04/08 v2.04 operator names
)
\inf@bad=\count268
LaTeX Info: Redefining \frac on input line 234.
\uproot@=\count269
\leftroot@=\count270
LaTeX Info: Redefining \overline on input line 399.
LaTeX Info: Redefining \colon on input line 410.
\classnum@=\count271
\DOTSCASE@=\count272
LaTeX Info: Redefining \ldots on input line 496.
LaTeX Info: Redefining \dots on input line 499.
LaTeX Info: Redefining \cdots on input line 620.
\Mathstrutbox@=\box53
\strutbox@=\box54
LaTeX Info: Redefining \big on input line 722.
LaTeX Info: Redefining \Big on input line 723.
LaTeX Info: Redefining \bigg on input line 724.
LaTeX Info: Redefining \Bigg on input line 725.
\big@size=\dimen153
LaTeX Font Info:    Redeclaring font encoding OML on input line 743.
LaTeX Font Info:    Redeclaring font encoding OMS on input line 744.
\macc@depth=\count273
LaTeX Info: Redefining \bmod on input line 905.
LaTeX Info: Redefining \pmod on input line 910.
LaTeX Info: Redefining \smash on input line 940.
LaTeX Info: Redefining \relbar on input line 970.
LaTeX Info: Redefining \Relbar on input line 971.
\c@MaxMatrixCols=\count274
\dotsspace@=\muskip17
\c@parentequation=\count275
\dspbrk@lvl=\count276
\tag@help=\toks22
\row@=\count277
\column@=\count278
\maxfields@=\count279
\andhelp@=\toks23
\eqnshift@=\dimen154
\alignsep@=\dimen155
\tagshift@=\dimen156
\tagwidth@=\dimen157
\totwidth@=\dimen158
\lineht@=\dimen159
\@envbody=\toks24
\multlinegap=\skip56
\multlinetaggap=\skip57
\mathdisplay@stack=\toks25
LaTeX Info: Redefining \[ on input line 2953.
LaTeX Info: Redefining \] on input line 2954.
)
(C:\Users\micha\AppData\Local\Programs\MiKTeX\tex/latex/amsfonts\amssymb.sty
Package: amssymb 2013/01/14 v3.01 AMS font symbols

(C:\Users\micha\AppData\Local\Programs\MiKTeX\tex/latex/amsfonts\amsfonts.sty
Package: amsfonts 2013/01/14 v3.01 Basic AMSFonts support
\symAMSa=\mathgroup5
\symAMSb=\mathgroup6
LaTeX Font Info:    Redeclaring math symbol \hbar on input line 98.
LaTeX Font Info:    Overwriting math alphabet `\mathfrak' in version `bold'
(Font)                  U/euf/m/n --> U/euf/b/n on input line 106.
)) (C:\Users\micha\AppData\Local\Programs\MiKTeX\tex/latex/caption\subcaption.s
ty
Package: subcaption 2023/07/28 v1.6b Sub-captions (AR)
Package caption Info: New subtype `subfigure' on input line 238.
\c@subfigure=\count280
Package caption Info: New subtype `subtable' on input line 238.
\c@subtable=\count281
) (C:\Users\micha\AppData\Local\Programs\MiKTeX\tex/latex/svg\svg.sty
Package: svg 2020/11/26 v2.02k (include SVG pictures)

(C:\Users\micha\AppData\Local\Programs\MiKTeX\tex/generic/iftex\iftex.sty
Package: iftex 2022/02/03 v1.0f TeX engine tests
)
(C:\Users\micha\AppData\Local\Programs\MiKTeX\tex/latex/koma-script\scrbase.sty
Package: scrbase 2023/07/07 v3.41 KOMA-Script package (KOMA-Script-independent 
basics and keyval usage)

(C:\Users\micha\AppData\Local\Programs\MiKTeX\tex/latex/koma-script\scrlfile.st
y
Package: scrlfile 2023/07/07 v3.41 KOMA-Script package (file load hooks)

(C:\Users\micha\AppData\Local\Programs\MiKTeX\tex/latex/koma-script\scrlfile-ho
ok.sty
Package: scrlfile-hook 2023/07/07 v3.41 KOMA-Script package (using LaTeX hooks)


(C:\Users\micha\AppData\Local\Programs\MiKTeX\tex/latex/koma-script\scrlogo.sty
Package: scrlogo 2023/07/07 v3.41 KOMA-Script package (logo)
)))
Applying: [2021/05/01] Usage of raw or classic option list on input line 252.
Already applied: [0000/00/00] Usage of raw or classic option list on input line
 368.
)
(C:\Users\micha\AppData\Local\Programs\MiKTeX\tex/generic/pdftexcmds\pdftexcmds
.sty
Package: pdftexcmds 2020-06-27 v0.33 Utility functions of pdfTeX for LuaTeX (HO
)

(C:\Users\micha\AppData\Local\Programs\MiKTeX\tex/generic/infwarerr\infwarerr.s
ty
Package: infwarerr 2019/12/03 v1.5 Providing info/warning/error messages (HO)
)
(C:\Users\micha\AppData\Local\Programs\MiKTeX\tex/generic/ltxcmds\ltxcmds.sty
Package: ltxcmds 2023-12-04 v1.26 LaTeX kernel commands for general use (HO)
)
Package pdftexcmds Info: \pdf@primitive is available.
Package pdftexcmds Info: \pdf@ifprimitive is available.
Package pdftexcmds Info: \pdfdraftmode found.
)
(C:\Users\micha\AppData\Local\Programs\MiKTeX\tex/latex/trimspaces\trimspaces.s
ty
Package: trimspaces 2009/09/17 v1.1 Trim spaces around a token list
) (C:\Users\micha\AppData\Local\Programs\MiKTeX\tex/latex/tools\shellesc.sty
Package: shellesc 2023/04/15 v1.0d unified shell escape interface for LaTeX
Package shellesc Info: Restricted shell escape enabled on input line 77.
)
\c@svg@param@lastpage=\count282
\svg@box=\box55
\c@svg@param@currpage=\count283
) (C:\Users\micha\AppData\Local\Programs\MiKTeX\tex/latex/xcolor\xcolor.sty
Package: xcolor 2022/06/12 v2.14 LaTeX color extensions (UK)

(C:\Users\micha\AppData\Local\Programs\MiKTeX\tex/latex/graphics-cfg\color.cfg
File: color.cfg 2016/01/02 v1.6 sample color configuration
)
Package xcolor Info: Driver file: pdftex.def on input line 227.
(C:\Users\micha\AppData\Local\Programs\MiKTeX\tex/latex/graphics\mathcolor.ltx)
Package xcolor Info: Model `cmy' substituted by `cmy0' on input line 1353.
Package xcolor Info: Model `hsb' substituted by `rgb' on input line 1357.
Package xcolor Info: Model `RGB' extended on input line 1369.
Package xcolor Info: Model `HTML' substituted by `rgb' on input line 1371.
Package xcolor Info: Model `Hsb' substituted by `hsb' on input line 1372.
Package xcolor Info: Model `tHsb' substituted by `hsb' on input line 1373.
Package xcolor Info: Model `HSB' substituted by `hsb' on input line 1374.
Package xcolor Info: Model `Gray' substituted by `gray' on input line 1375.
Package xcolor Info: Model `wave' substituted by `hsb' on input line 1376.
)
(C:\Users\micha\AppData\Local\Programs\MiKTeX\tex/latex/transparent\transparent
.sty
Package: transparent 2022-10-27 v1.5 Transparency with color stacks

(C:\Users\micha\AppData\Local\Programs\MiKTeX\tex/latex/transparent\transparent
-nometadata.sty
Package: transparent-nometadata 2022-10-27 v1.5 Transparency via pdfTeX's color
 stack (HO)

(C:\Users\micha\AppData\Local\Programs\MiKTeX\tex/latex/auxhook\auxhook.sty
Package: auxhook 2019-12-17 v1.6 Hooks for auxiliary files (HO)
)))
(C:\Users\micha\AppData\Local\Programs\MiKTeX\tex/latex/pgf/systemlayer\pgfsys.
sty
(C:\Users\micha\AppData\Local\Programs\MiKTeX\tex/latex/pgf/utilities\pgfrcs.st
y
(C:\Users\micha\AppData\Local\Programs\MiKTeX\tex/generic/pgf/utilities\pgfutil
-common.tex
\pgfutil@everybye=\toks26
\pgfutil@tempdima=\dimen160
\pgfutil@tempdimb=\dimen161
)
(C:\Users\micha\AppData\Local\Programs\MiKTeX\tex/generic/pgf/utilities\pgfutil
-latex.def
\pgfutil@abb=\box56
)
(C:\Users\micha\AppData\Local\Programs\MiKTeX\tex/generic/pgf/utilities\pgfrcs.
code.tex
(C:\Users\micha\AppData\Local\Programs\MiKTeX\tex/generic/pgf\pgf.revision.tex)
Package: pgfrcs 2023-01-15 v3.1.10 (3.1.10)
))
(C:\Users\micha\AppData\Local\Programs\MiKTeX\tex/generic/pgf/systemlayer\pgfsy
s.code.tex
Package: pgfsys 2023-01-15 v3.1.10 (3.1.10)

(C:\Users\micha\AppData\Local\Programs\MiKTeX\tex/generic/pgf/utilities\pgfkeys
.code.tex
\pgfkeys@pathtoks=\toks27
\pgfkeys@temptoks=\toks28

(C:\Users\micha\AppData\Local\Programs\MiKTeX\tex/generic/pgf/utilities\pgfkeys
libraryfiltered.code.tex
\pgfkeys@tmptoks=\toks29
))
\pgf@x=\dimen162
\pgf@y=\dimen163
\pgf@xa=\dimen164
\pgf@ya=\dimen165
\pgf@xb=\dimen166
\pgf@yb=\dimen167
\pgf@xc=\dimen168
\pgf@yc=\dimen169
\pgf@xd=\dimen170
\pgf@yd=\dimen171
\w@pgf@writea=\write3
\r@pgf@reada=\read2
\c@pgf@counta=\count284
\c@pgf@countb=\count285
\c@pgf@countc=\count286
\c@pgf@countd=\count287
\t@pgf@toka=\toks30
\t@pgf@tokb=\toks31
\t@pgf@tokc=\toks32
\pgf@sys@id@count=\count288

(C:\Users\micha\AppData\Local\Programs\MiKTeX\tex/generic/pgf/systemlayer\pgf.c
fg
File: pgf.cfg 2023-01-15 v3.1.10 (3.1.10)
)
Driver file for pgf: pgfsys-pdftex.def

(C:\Users\micha\AppData\Local\Programs\MiKTeX\tex/generic/pgf/systemlayer\pgfsy
s-pdftex.def
File: pgfsys-pdftex.def 2023-01-15 v3.1.10 (3.1.10)

(C:\Users\micha\AppData\Local\Programs\MiKTeX\tex/generic/pgf/systemlayer\pgfsy
s-common-pdf.def
File: pgfsys-common-pdf.def 2023-01-15 v3.1.10 (3.1.10)
)))
(C:\Users\micha\AppData\Local\Programs\MiKTeX\tex/generic/pgf/systemlayer\pgfsy
ssoftpath.code.tex
File: pgfsyssoftpath.code.tex 2023-01-15 v3.1.10 (3.1.10)
\pgfsyssoftpath@smallbuffer@items=\count289
\pgfsyssoftpath@bigbuffer@items=\count290
)
(C:\Users\micha\AppData\Local\Programs\MiKTeX\tex/generic/pgf/systemlayer\pgfsy
sprotocol.code.tex
File: pgfsysprotocol.code.tex 2023-01-15 v3.1.10 (3.1.10)
))
(C:\Users\micha\AppData\Local\Programs\MiKTeX\tex/latex/multirow\multirow.sty
Package: multirow 2021/03/15 v2.8 Span multiple rows of a table
\multirow@colwidth=\skip58
\multirow@cntb=\count291
\multirow@dima=\skip59
\bigstrutjot=\dimen172
)
\c@theorem=\count292

(C:\Users\micha\AppData\Local\Programs\MiKTeX\tex/latex/amscls\amsthm.sty
Package: amsthm 2020/05/29 v2.20.6
\thm@style=\toks33
\thm@bodyfont=\toks34
\thm@headfont=\toks35
\thm@notefont=\toks36
\thm@headpunct=\toks37
\thm@preskip=\skip60
\thm@postskip=\skip61
\thm@headsep=\skip62
\dth@everypar=\toks38
)
\c@proposition=\count293

(C:\Users\micha\AppData\Local\Programs\MiKTeX\tex/latex/tools\tabularx.sty
Package: tabularx 2020/01/15 v2.11c `tabularx' package (DPC)

(C:\Users\micha\AppData\Local\Programs\MiKTeX\tex/latex/tools\array.sty
Package: array 2022/09/04 v2.5g Tabular extension package (FMi)
\col@sep=\dimen173
\ar@mcellbox=\box57
\extrarowheight=\dimen174
\NC@list=\toks39
\extratabsurround=\skip63
\backup@length=\skip64
\ar@cellbox=\box58
)
\TX@col@width=\dimen175
\TX@old@table=\dimen176
\TX@old@col=\dimen177
\TX@target=\dimen178
\TX@delta=\dimen179
\TX@cols=\count294
\TX@ftn=\toks40
)
\c@definition=\count295

(C:\Users\micha\AppData\Local\Programs\MiKTeX\tex/latex/newfloat\newfloat.sty
Package: newfloat 2023/10/01 v1.2 Defining new floating environments (AR)
)
(C:\Users\micha\AppData\Local\Programs\MiKTeX\tex/latex/listings\listings.sty
\lst@mode=\count296
\lst@gtempboxa=\box59
\lst@token=\toks41
\lst@length=\count297
\lst@currlwidth=\dimen180
\lst@column=\count298
\lst@pos=\count299
\lst@lostspace=\dimen181
\lst@width=\dimen182
\lst@newlines=\count300
\lst@lineno=\count301
\lst@maxwidth=\dimen183

(C:\Users\micha\AppData\Local\Programs\MiKTeX\tex/latex/listings\lstmisc.sty
File: lstmisc.sty 2023/02/27 1.9 (Carsten Heinz)
\c@lstnumber=\count302
\lst@skipnumbers=\count303
\lst@framebox=\box60
)
(C:\Users\micha\AppData\Local\Programs\MiKTeX\tex/latex/listings\listings.cfg
File: listings.cfg 2023/02/27 1.9 listings configuration
))
Package: listings 2023/02/27 1.9 (Carsten Heinz)
\@float@every@listing=\toks42
\c@listing=\count304
(C:\Users\micha\AppData\Local\Programs\MiKTeX\tex/latex/natbib\bibentry.sty
Package: bibentry 2007/10/30 1.5 (PWD)
)
LaTeX Font Info:    Trying to load font information for OT1+ptm on input line 1
81.

(C:\Users\micha\AppData\Local\Programs\MiKTeX\tex/latex/psnfss\ot1ptm.fd
File: ot1ptm.fd 2001/06/04 font definitions for OT1/ptm.
)
(C:\Users\micha\AppData\Local\Programs\MiKTeX\tex/latex/l3backend\l3backend-pdf
tex.def
File: l3backend-pdftex.def 2023-04-19 L3 backend support: PDF output (pdfTeX)
\l__color_backend_stack_int=\count305
\l__pdf_internal_box=\box61
) (aaai24_changed.aux

LaTeX Warning: Label `th1:tempevolv' multiply defined.


LaTeX Warning: Label `th1:tempsym' multiply defined.


LaTeX Warning: Label `th1:tempinv' multiply defined.


LaTeX Warning: Label `th1:tempevolv' multiply defined.


LaTeX Warning: Label `th1:tempevolv' multiply defined.

)
\openout1 = `aaai24_changed.aux'.

LaTeX Font Info:    Checking defaults for OML/cmm/m/it on input line 181.
LaTeX Font Info:    ... okay on input line 181.
LaTeX Font Info:    Checking defaults for OMS/cmsy/m/n on input line 181.
LaTeX Font Info:    ... okay on input line 181.
LaTeX Font Info:    Checking defaults for OT1/cmr/m/n on input line 181.
LaTeX Font Info:    ... okay on input line 181.
LaTeX Font Info:    Checking defaults for T1/cmr/m/n on input line 181.
LaTeX Font Info:    ... okay on input line 181.
LaTeX Font Info:    Checking defaults for TS1/cmr/m/n on input line 181.
LaTeX Font Info:    ... okay on input line 181.
LaTeX Font Info:    Checking defaults for OMX/cmex/m/n on input line 181.
LaTeX Font Info:    ... okay on input line 181.
LaTeX Font Info:    Checking defaults for U/cmr/m/n on input line 181.
LaTeX Font Info:    ... okay on input line 181.

(C:\Users\micha\AppData\Local\Programs\MiKTeX\tex/context/base/mkii\supp-pdf.mk
ii
[Loading MPS to PDF converter (version 2006.09.02).]
\scratchcounter=\count306
\scratchdimen=\dimen184
\scratchbox=\box62
\nofMPsegments=\count307
\nofMParguments=\count308
\everyMPshowfont=\toks43
\MPscratchCnt=\count309
\MPscratchDim=\dimen185
\MPnumerator=\count310
\makeMPintoPDFobject=\count311
\everyMPtoPDFconversion=\toks44
)
(C:\Users\micha\AppData\Local\Programs\MiKTeX\tex/latex/epstopdf-pkg\epstopdf-b
ase.sty
Package: epstopdf-base 2020-01-24 v2.11 Base part for package epstopdf
Package epstopdf-base Info: Redefining graphics rule for `.eps' on input line 4
85.

(C:\Users\micha\AppData\Local\Programs\MiKTeX\tex/latex/00miktex\epstopdf-sys.c
fg
File: epstopdf-sys.cfg 2021/03/18 v2.0 Configuration of epstopdf for MiKTeX
))
Package caption Info: Begin \AtBeginDocument code.
Package caption Info: float package is loaded.
Package caption Info: listings package is loaded.
Package caption Info: End \AtBeginDocument code.
Package newfloat Info: `float' package detected.
\c@lstlisting=\count312
\c@eqfn=\count313
\titlearea=\box63
LaTeX Font Info:    Trying to load font information for U+lasy on input line 18
3.
 (C:\Users\micha\AppData\Local\Programs\MiKTeX\tex/latex/base\ulasy.fd
File: ulasy.fd 1998/08/17 v2.2e LaTeX symbol font definitions
)
LaTeX Font Info:    Trying to load font information for U+msa on input line 183
.

(C:\Users\micha\AppData\Local\Programs\MiKTeX\tex/latex/amsfonts\umsa.fd
File: umsa.fd 2013/01/14 v3.01 AMS symbols A
)
LaTeX Font Info:    Trying to load font information for U+msb on input line 183
.

(C:\Users\micha\AppData\Local\Programs\MiKTeX\tex/latex/amsfonts\umsb.fd
File: umsb.fd 2013/01/14 v3.01 AMS symbols B
)
\actualheight=\skip65
LaTeX Font Info:    Trying to load font information for TS1+ptm on input line 1
83.

(C:\Users\micha\AppData\Local\Programs\MiKTeX\tex/latex/psnfss\ts1ptm.fd
File: ts1ptm.fd 2001/06/04 font definitions for TS1/ptm.
)
Underfull \hbox (badness 7631) in paragraph at lines 186--193
[]\OT1/ptm/m/n/9 Temporal knowl-edge graphs rep-re-sent tem-po-ral facts
 []


Package natbib Warning: Citation `hogan2021knowledge' on page 1 undefined on in
put line 196.

<metaENew.pdf, id=4, 722.7pt x 542.025pt>
File: metaENew.pdf Graphic file (type pdf)
<use metaENew.pdf>
Package pdftex.def Info: metaENew.pdf  used on input line 201.
(pdftex.def)             Requested size: 242.82503pt x 182.11916pt.

Overfull \hbox (3.43065pt too wide) in paragraph at lines 201--208
 [][] 
 []


Package natbib Warning: Citation `xu2020tero' on page 1 undefined on input line
 224.


Package natbib Warning: Citation `chen2022rotateqvs' on page 1 undefined on inp
ut line 224.


Package natbib Warning: Citation `tltcomplexzhang2022along' on page 1 undefined
 on input line 224.


Package natbib Warning: Citation `chami2020low' on page 1 undefined on input li
ne 224.


Package natbib Warning: Citation `balazevic2019multi' on page 1 undefined on in
put line 224.


Package natbib Warning: Citation `herculemontella2021hyperbolic' on page 1 unde
fined on input line 224.


Package natbib Warning: Citation `han2020dyernie' on page 1 undefined on input 
line 224.


Package natbib Warning: Citation `han2020dyernie' on page 1 undefined on input 
line 225.

[1{C:/Users/micha/AppData/Local/MiKTeX/fonts/map/pdftex/pdftex.map}{C:/Users/mi
cha/AppData/Local/Programs/MiKTeX/fonts/enc/dvips/base/8r.enc}



 <./metaENew.pdf>]

Package natbib Warning: Citation `xu2020tero' on page 2 undefined on input line
 233.


Package natbib Warning: Citation `tcomplexlacroix2020tensor' on page 2 undefine
d on input line 251.


Package natbib Warning: Citation `xu2020tero' on page 2 undefined on input line
 251.


Package natbib Warning: Citation `tltcomplexzhang2022along' on page 2 undefined
 on input line 251.


Underfull \hbox (badness 1867) in paragraph at lines 256--259
[]\OT1/ptm/m/n/10 Our the-o-ret-i-cal anal-y-sis shows that our em-bed-ding
 []


Package natbib Warning: Citation `allen1983maintaining' on page 2 undefined on 
input line 285.


Package natbib Warning: Citation `singh2023neustip' on page 2 undefined on inpu
t line 285.


Package natbib Warning: Citation `tltcomplexzhang2022along' on page 2 undefined
 on input line 322.


Package natbib Warning: Citation `tcomplexlacroix2020tensor' on page 2 undefine
d on input line 322.

<HGE_model.pdf, id=91, 451.6875pt x 205.76875pt>
File: HGE_model.pdf Graphic file (type pdf)
<use HGE_model.pdf>
Package pdftex.def Info: HGE_model.pdf  used on input line 330.
(pdftex.def)             Requested size: 505.89pt x 230.47511pt.
LaTeX Font Info:    Font shape `U/lasy/b/n' in size <7> not available
(Font)              Font shape `U/lasy/m/n' tried instead on input line 340.
LaTeX Font Info:    Font shape `U/lasy/b/n' in size <5> not available
(Font)              Font shape `U/lasy/m/n' tried instead on input line 340.
[2]

Package natbib Warning: Citation `harkin2004geometry' on page 3 undefined on in
put line 351.


Package natbib Warning: Citation `metahelzer2000special' on page 3 undefined on
 input line 351.


Package natbib Warning: Citation `tltcomplexzhang2022along' on page 3 undefined
 on input line 352.


Package natbib Warning: Citation `tcomplexlacroix2020tensor' on page 3 undefine
d on input line 352.


Package natbib Warning: Citation `xu2020tero' on page 3 undefined on input line
 352.


Package natbib Warning: Citation `harkin2004geometry' on page 3 undefined on in
put line 369.


Package natbib Warning: Citation `metahelzer2000special' on page 3 undefined on
 input line 369.


Package natbib Warning: Citation `dualangeles1998application' on page 3 undefin
ed on input line 381.


Package natbib Warning: Citation `metahelzer2000special' on page 3 undefined on
 input line 381.


Package natbib Warning: Citation `han2020dyernie' on page 3 undefined on input 
line 408.

[3 <./HGE_model.pdf>]

Package natbib Warning: Citation `han2020dyernie' on page 4 undefined on input 
line 411.


Package natbib Warning: Citation `tcomplexlacroix2020tensor' on page 4 undefine
d on input line 425.


Package natbib Warning: Citation `xu2020tero' on page 4 undefined on input line
 451.


Package natbib Warning: Citation `lacroix2019tensor' on page 4 undefined on inp
ut line 451.

LaTeX Font Info:    Font shape `U/lasy/b/n' in size <9> not available
(Font)              Font shape `U/lasy/m/n' tried instead on input line 451.
LaTeX Font Info:    Font shape `U/lasy/b/n' in size <6> not available
(Font)              Font shape `U/lasy/m/n' tried instead on input line 451.

Overfull \hbox (4.45808pt too wide) detected at line 468
[]
 []


Underfull \vbox (badness 3557) has occurred while \output is active []


Underfull \hbox (badness 1383) in paragraph at lines 487--488
 \OT1/ptm/b/n/10 Temporal-geometric At-ten-tion \OT1/ptm/m/n/10 Scor-ing vec-to
rs rep-re-
 []


Package natbib Warning: Citation `chen2022rotateqvs' on page 4 undefined on inp
ut line 536.


Package natbib Warning: Citation `xu2020tero' on page 4 undefined on input line
 536.

[4]

Package natbib Warning: Citation `garcia2018learning' on page 5 undefined on in
put line 680.


Package natbib Warning: Citation `garcia2018learning' on page 5 undefined on in
put line 680.


Package natbib Warning: Citation `trivedi2017know' on page 5 undefined on input
 line 680.


Package natbib Warning: Citation `tcomplexlacroix2020tensor' on page 5 undefine
d on input line 680.


Package natbib Warning: Citation `lautenschlager2015icews' on page 5 undefined 
on input line 680.


Package natbib Warning: Citation `gao2020rotate3d' on page 5 undefined on input
 line 680.


Package natbib Warning: Citation `erxleben2014introducing' on page 5 undefined 
on input line 680.


Package natbib Warning: Citation `xu2020tero' on page 5 undefined on input line
 696.


Package natbib Warning: Citation `tcomplexlacroix2020tensor' on page 5 undefine
d on input line 696.


Package natbib Warning: Citation `tltcomplexzhang2022along' on page 5 undefined
 on input line 696.


Package natbib Warning: Citation `garcia2018learning' on page 5 undefined on in
put line 704.


Package natbib Warning: Citation `leblay2018deriving' on page 5 undefined on in
put line 704.


Package natbib Warning: Citation `chen2022rotateqvs' on page 5 undefined on inp
ut line 704.


Package natbib Warning: Citation `messner2022temporal' on page 5 undefined on i
nput line 704.


Package natbib Warning: Citation `niu2022logic' on page 5 undefined on input li
ne 704.


Package natbib Warning: Citation `xu2020tero' on page 5 undefined on input line
 710.


Package natbib Warning: Citation `lacroix2019tensor' on page 5 undefined on inp
ut line 710.


Package natbib Warning: Citation `goel2020diachronic' on page 5 undefined on in
put line 710.

[5]
Overfull \hbox (13.55101pt too wide) in paragraph at lines 778--794
 [][] 
 []


Package natbib Warning: Citation `han2020dyernie' on page 6 undefined on input 
line 801.


Underfull \hbox (badness 1990) in paragraph at lines 803--804
\OT1/ptm/m/n/10 a-nism con-tributes more per-for-mance gain on GDELT.
 []


Package natbib Warning: Citation `han2020dyernie' on page 6 undefined on input 
line 811.


Package natbib Warning: Citation `han2020dyernie' on page 6 undefined on input 
line 811.


Overfull \hbox (13.5589pt too wide) in paragraph at lines 813--835
 [][] 
 []

<MetaE_case_study.pdf, id=171, 492.2173pt x 241.65959pt>
File: MetaE_case_study.pdf Graphic file (type pdf)
<use MetaE_case_study.pdf>
Package pdftex.def Info: MetaE_case_study.pdf  used on input line 842.
(pdftex.def)             Requested size: 227.64894pt x 111.76949pt.

Package natbib Warning: Citation `leblay2018deriving' on page 6 undefined on in
put line 876.


Package natbib Warning: Citation `garcia2018learning' on page 6 undefined on in
put line 876.


Package natbib Warning: Citation `xu2020tero' on page 6 undefined on input line
 877.


Package natbib Warning: Citation `lacroix2019tensor' on page 6 undefined on inp
ut line 881.


Package natbib Warning: Citation `xu2021temporal' on page 6 undefined on input 
line 883.


Package natbib Warning: Citation `xu2020tero' on page 6 undefined on input line
 885.


Package natbib Warning: Citation `chen2022rotateqvs' on page 6 undefined on inp
ut line 885.


Package natbib Warning: Citation `messner2022temporal' on page 6 undefined on i
nput line 886.


Package natbib Warning: Citation `abboud2020boxe' on page 6 undefined on input 
line 886.


Package natbib Warning: Citation `tltcomplexzhang2022along' on page 6 undefined
 on input line 887.


Package natbib Warning: Citation `niu2022logic' on page 6 undefined on input li
ne 888.

[6 <./MetaE_case_study.pdf>]

Package natbib Warning: Citation `herculemontella2021hyperbolic' on page 7 unde
fined on input line 892.


Package natbib Warning: Citation `han2020dyernie' on page 7 undefined on input 
line 892.


Package natbib Warning: Citation `herculemontella2021hyperbolic' on page 7 unde
fined on input line 893.


Package natbib Warning: Citation `chami2020low' on page 7 undefined on input li
ne 893.


Package natbib Warning: Citation `han2020dyernie' on page 7 undefined on input 
line 895.


Underfull \hbox (badness 1152) in paragraph at lines 904--905
\OT1/ptm/m/n/10 via two tem-po-ral at-ten-tion mech-a-nisms. The temporal-
 []

[7]
No file aaai24_changed.bbl.
<allen.pdf, id=213, 328.22626pt x 303.1325pt>
File: allen.pdf Graphic file (type pdf)
<use allen.pdf>
Package pdftex.def Info: allen.pdf  used on input line 942.
(pdftex.def)             Requested size: 252.94499pt x 233.60701pt.

Overfull \hbox (13.55061pt too wide) in paragraph at lines 942--943
 [][] 
 []


Package natbib Warning: Citation `xu2020tero' on page 8 undefined on input line
 949.


Package natbib Warning: Citation `xu2020tero' on page 8 undefined on input line
 949.


Package natbib Warning: Citation `tltcomplexzhang2022along' on page 8 undefined
 on input line 959.


Underfull \hbox (badness 2205) in paragraph at lines 977--978
\OT1/ptm/m/n/10 Keeping other set-tings fixed, we train 3 model vari-
 []


Underfull \hbox (badness 1297) in paragraph at lines 977--978
\OT1/ptm/m/n/10 ants TNT-Com-plEx+complex, TNT-Com-plEx+split, TNT-
 []


Package caption Warning: \label without proper reference on input line 1017.
See the caption package documentation for explanation.


LaTeX Warning: Reference `fig:cosine_similarity' on page 8 undefined on input l
ine 983.

<complex_split.png, id=214, 462.528pt x 346.896pt>
File: complex_split.png Graphic file (type png)
<use complex_split.png>
Package pdftex.def Info: complex_split.png  used on input line 990.
(pdftex.def)             Requested size: 242.82503pt x 182.12312pt.
<complex_dual.png, id=216, 462.528pt x 346.896pt>
File: complex_dual.png Graphic file (type png)
<use complex_dual.png>
Package pdftex.def Info: complex_dual.png  used on input line 997.
(pdftex.def)             Requested size: 242.82503pt x 182.12312pt.
<split_dual.png, id=217, 462.528pt x 346.896pt>
File: split_dual.png Graphic file (type png)
<use split_dual.png>
Package pdftex.def Info: split_dual.png  used on input line 1004.
(pdftex.def)             Requested size: 242.82503pt x 182.12312pt.

Overfull \hbox (3.43065pt too wide) in paragraph at lines 988--1016
 [][] 
 []


Overfull \hbox (3.43065pt too wide) in paragraph at lines 988--1016
 [] 
 []


Overfull \hbox (3.43065pt too wide) in paragraph at lines 988--1016
 [] 
 []


Underfull \hbox (badness 1622) in paragraph at lines 1074--1077
\OT1/ptm/m/n/10 con-di-tion for mod-el-ing this pat-tern is $\OML/cmm/m/it/10 S
\OT1/cmr/m/n/10 (\OML/cmm/m/it/10 s; p; []; ^^\\OT1/cmr/m/n/10 ) =
 []

[8


 <./allen.pdf>]
Overfull \hbox (13.54948pt too wide) in paragraph at lines 1171--1188
 [][] 
 []

[9]
Underfull \hbox (badness 1577) in paragraph at lines 1193--1196
\OT1/ptm/m/it/10 iff $\OMS/cmsy/m/n/10 8\OML/cmm/m/it/10 s \OT1/cmr/m/n/10 : \O
MS/cmsy/m/n/10 9\OML/cmm/m/it/10 o[]; ^^\[] [] ; o[]; ^^\[] \OT1/cmr/m/n/10 : \
OML/cmm/m/it/10 Precedes\OT1/cmr/m/n/10 (\OML/cmm/m/it/10 ^^\[]; ^^\[]\OT1/cmr/
m/n/10 )  &
 []


LaTeX Warning: `h' float specifier changed to `ht'.


Package natbib Warning: Citation `niu2022logic' on page 10 undefined on input l
ine 1322.


LaTeX Warning: `!h' float specifier changed to `!ht'.


Package natbib Warning: Citation `niu2022logic' on page 10 undefined on input l
ine 1331.


Package natbib Warning: Citation `niu2022logic' on page 10 undefined on input l
ine 1331.


Package natbib Warning: Citation `han2020dyernie' on page 10 undefined on input
 line 1333.


Package natbib Warning: Citation `ren2023hierarchical' on page 10 undefined on 
input line 1335.

[10 <./complex_split.png> <./complex_dual.png> <./split_dual.png>] [11

]

Package natbib Warning: There were undefined citations.

(aaai24_changed.aux)
 ***********
LaTeX2e <2023-06-01> patch level 1
L3 programming layer <2023-08-29>
 ***********


LaTeX Warning: There were undefined references.


LaTeX Warning: There were multiply-defined labels.

 ) 
Here is how much of TeX's memory you used:
 9860 strings out of 475247
 172954 string characters out of 5757792
 1958801 words of memory out of 5000000
 31156 multiletter control sequences out of 15000+600000
 591816 words of font info for 119 fonts, out of 8000000 for 9000
 1141 hyphenation exceptions out of 8191
 94i,21n,93p,1165b,469s stack positions out of 10000i,1000n,20000p,200000b,200000s
<C:/Users/micha/AppData/Local/Programs/MiKTeX/fonts/type1/public/amsfonts/cm/
cmbx10.pfb><C:/Users/micha/AppData/Local/Programs/MiKTeX/fonts/type1/public/ams
fonts/cm/cmex10.pfb><C:/Users/micha/AppData/Local/Programs/MiKTeX/fonts/type1/p
ublic/amsfonts/cm/cmmi10.pfb><C:/Users/micha/AppData/Local/Programs/MiKTeX/font
s/type1/public/amsfonts/cm/cmmi5.pfb><C:/Users/micha/AppData/Local/Programs/MiK
TeX/fonts/type1/public/amsfonts/cm/cmmi6.pfb><C:/Users/micha/AppData/Local/Prog
rams/MiKTeX/fonts/type1/public/amsfonts/cm/cmmi7.pfb><C:/Users/micha/AppData/Lo
cal/Programs/MiKTeX/fonts/type1/public/amsfonts/cm/cmmi9.pfb><C:/Users/micha/Ap
pData/Local/Programs/MiKTeX/fonts/type1/public/amsfonts/cm/cmmib10.pfb><C:/User
s/micha/AppData/Local/Programs/MiKTeX/fonts/type1/public/amsfonts/cmextra/cmmib
5.pfb><C:/Users/micha/AppData/Local/Programs/MiKTeX/fonts/type1/public/amsfonts
/cmextra/cmmib7.pfb><C:/Users/micha/AppData/Local/Programs/MiKTeX/fonts/type1/p
ublic/amsfonts/cmextra/cmmib9.pfb><C:/Users/micha/AppData/Local/Programs/MiKTeX
/fonts/type1/public/amsfonts/cm/cmr10.pfb><C:/Users/micha/AppData/Local/Program
s/MiKTeX/fonts/type1/public/amsfonts/cm/cmr5.pfb><C:/Users/micha/AppData/Local/
Programs/MiKTeX/fonts/type1/public/amsfonts/cm/cmr7.pfb><C:/Users/micha/AppData
/Local/Programs/MiKTeX/fonts/type1/public/amsfonts/cm/cmr9.pfb><C:/Users/micha/
AppData/Local/Programs/MiKTeX/fonts/type1/public/amsfonts/cm/cmsy10.pfb><C:/Use
rs/micha/AppData/Local/Programs/MiKTeX/fonts/type1/public/amsfonts/cm/cmsy7.pfb
><C:/Users/micha/AppData/Local/Programs/MiKTeX/fonts/type1/public/amsfonts/symb
ols/msbm10.pfb><C:/Users/micha/AppData/Local/Programs/MiKTeX/fonts/type1/public
/amsfonts/symbols/msbm7.pfb><C:/Users/micha/AppData/Local/Programs/MiKTeX/fonts
/type1/urw/times/utmb8a.pfb><C:/Users/micha/AppData/Local/Programs/MiKTeX/fonts
/type1/urw/times/utmr8a.pfb><C:/Users/micha/AppData/Local/Programs/MiKTeX/fonts
/type1/urw/times/utmri8a.pfb>
Output written on aaai24_changed.pdf (11 pages, 5634225 bytes).
PDF statistics:
 328 PDF objects out of 1000 (max. 8388607)
 0 named destinations out of 1000 (max. 500000)
 48 words of extra memory for PDF output out of 10000 (max. 10000000)

