This is pdfTeX, Version 3.141592653-2.6-1.40.25 (MiKTeX 23.5) (preloaded format=pdflatex 2024.1.12)  3 MAR 2024 15:15
entering extended mode
 restricted \write18 enabled.
 %&-line parsing enabled.
**./AAAI-ZhangQ.171_changed.tex
(AAAI-ZhangQ.171_changed.tex
LaTeX2e <2023-06-01> patch level 1
L3 programming layer <2023-08-29>
(C:\Users\orfuc\AppData\Local\Programs\MiKTeX\tex/latex/base\article.cls
Document Class: article 2023/05/17 v1.4n Standard LaTeX document class
(C:\Users\orfuc\AppData\Local\Programs\MiKTeX\tex/latex/base\size10.clo
File: size10.clo 2023/05/17 v1.4n Standard LaTeX file (size option)
)
\c@part=\count185
\c@section=\count186
\c@subsection=\count187
\c@subsubsection=\count188
\c@paragraph=\count189
\c@subparagraph=\count190
\c@figure=\count191
\c@table=\count192
\abovecaptionskip=\skip48
\belowcaptionskip=\skip49
\bibindent=\dimen140
)
(aaai20.sty
Conference Style for AAAI for LaTeX 2e -- version for the AAAI-20 conference
\titlebox=\skip50
) (C:\Users\orfuc\AppData\Local\Programs\MiKTeX\tex/latex/psnfss\times.sty
Package: times 2020/03/25 PSNFSS-v9.3 (SPQR) 
)
(C:\Users\orfuc\AppData\Local\Programs\MiKTeX\tex/latex/psnfss\helvet.sty
Package: helvet 2020/03/25 PSNFSS-v9.3 (WaS) 

(C:\Users\orfuc\AppData\Local\Programs\MiKTeX\tex/latex/graphics\keyval.sty
Package: keyval 2022/05/29 v1.15 key=value parser (DPC)
\KV@toks@=\toks17
))
(C:\Users\orfuc\AppData\Local\Programs\MiKTeX\tex/latex/psnfss\courier.sty
Package: courier 2020/03/25 PSNFSS-v9.3 (WaS) 
)
(C:\Users\orfuc\AppData\Local\Programs\MiKTeX\tex/latex/url\url.sty
\Urlmuskip=\muskip16
Package: url 2013/09/16  ver 3.4  Verb mode for urls, etc.
)
(C:\Users\orfuc\AppData\Local\Programs\MiKTeX\tex/latex/graphics\graphicx.sty
Package: graphicx 2021/09/16 v1.2d Enhanced LaTeX Graphics (DPC,SPQR)

(C:\Users\orfuc\AppData\Local\Programs\MiKTeX\tex/latex/graphics\graphics.sty
Package: graphics 2022/03/10 v1.4e Standard LaTeX Graphics (DPC,SPQR)

(C:\Users\orfuc\AppData\Local\Programs\MiKTeX\tex/latex/graphics\trig.sty
Package: trig 2021/08/11 v1.11 sin cos tan (DPC)
)
(C:\Users\orfuc\AppData\Local\Programs\MiKTeX\tex/latex/graphics-cfg\graphics.c
fg
File: graphics.cfg 2016/06/04 v1.11 sample graphics configuration
)
Package graphics Info: Driver file: pdftex.def on input line 107.

(C:\Users\orfuc\AppData\Local\Programs\MiKTeX\tex/latex/graphics-def\pdftex.def
File: pdftex.def 2022/09/22 v1.2b Graphics/color driver for pdftex
))
\Gin@req@height=\dimen141
\Gin@req@width=\dimen142
) (C:\Users\orfuc\AppData\Local\Programs\MiKTeX\tex/latex/graphics\epsfig.sty
Package: epsfig 2017/06/25 v1.7b (e)psfig emulation (SPQR)
\epsfxsize=\dimen143
\epsfysize=\dimen144
) (C:\Users\orfuc\AppData\Local\Programs\MiKTeX\tex/latex/amsmath\amsmath.sty
Package: amsmath 2023/05/13 v2.17o AMS math features
\@mathmargin=\skip51

For additional information on amsmath, use the `?' option.
(C:\Users\orfuc\AppData\Local\Programs\MiKTeX\tex/latex/amsmath\amstext.sty
Package: amstext 2021/08/26 v2.01 AMS text

(C:\Users\orfuc\AppData\Local\Programs\MiKTeX\tex/latex/amsmath\amsgen.sty
File: amsgen.sty 1999/11/30 v2.0 generic functions
\@emptytoks=\toks18
\ex@=\dimen145
))
(C:\Users\orfuc\AppData\Local\Programs\MiKTeX\tex/latex/amsmath\amsbsy.sty
Package: amsbsy 1999/11/29 v1.2d Bold Symbols
\pmbraise@=\dimen146
)
(C:\Users\orfuc\AppData\Local\Programs\MiKTeX\tex/latex/amsmath\amsopn.sty
Package: amsopn 2022/04/08 v2.04 operator names
)
\inf@bad=\count193
LaTeX Info: Redefining \frac on input line 234.
\uproot@=\count194
\leftroot@=\count195
LaTeX Info: Redefining \overline on input line 399.
LaTeX Info: Redefining \colon on input line 410.
\classnum@=\count196
\DOTSCASE@=\count197
LaTeX Info: Redefining \ldots on input line 496.
LaTeX Info: Redefining \dots on input line 499.
LaTeX Info: Redefining \cdots on input line 620.
\Mathstrutbox@=\box51
\strutbox@=\box52
LaTeX Info: Redefining \big on input line 722.
LaTeX Info: Redefining \Big on input line 723.
LaTeX Info: Redefining \bigg on input line 724.
LaTeX Info: Redefining \Bigg on input line 725.
\big@size=\dimen147
LaTeX Font Info:    Redeclaring font encoding OML on input line 743.
LaTeX Font Info:    Redeclaring font encoding OMS on input line 744.
\macc@depth=\count198
LaTeX Info: Redefining \bmod on input line 905.
LaTeX Info: Redefining \pmod on input line 910.
LaTeX Info: Redefining \smash on input line 940.
LaTeX Info: Redefining \relbar on input line 970.
LaTeX Info: Redefining \Relbar on input line 971.
\c@MaxMatrixCols=\count199
\dotsspace@=\muskip17
\c@parentequation=\count266
\dspbrk@lvl=\count267
\tag@help=\toks19
\row@=\count268
\column@=\count269
\maxfields@=\count270
\andhelp@=\toks20
\eqnshift@=\dimen148
\alignsep@=\dimen149
\tagshift@=\dimen150
\tagwidth@=\dimen151
\totwidth@=\dimen152
\lineht@=\dimen153
\@envbody=\toks21
\multlinegap=\skip52
\multlinetaggap=\skip53
\mathdisplay@stack=\toks22
LaTeX Info: Redefining \[ on input line 2953.
LaTeX Info: Redefining \] on input line 2954.
)
(C:\Users\orfuc\AppData\Local\Programs\MiKTeX\tex/latex/amsfonts\amssymb.sty
Package: amssymb 2013/01/14 v3.01 AMS font symbols

(C:\Users\orfuc\AppData\Local\Programs\MiKTeX\tex/latex/amsfonts\amsfonts.sty
Package: amsfonts 2013/01/14 v3.01 Basic AMSFonts support
\symAMSa=\mathgroup4
\symAMSb=\mathgroup5
LaTeX Font Info:    Redeclaring math symbol \hbar on input line 98.
LaTeX Font Info:    Overwriting math alphabet `\mathfrak' in version `bold'
(Font)                  U/euf/m/n --> U/euf/b/n on input line 106.
)) (C:\Users\orfuc\AppData\Local\Programs\MiKTeX\tex/latex/bbm\bbm.sty
Package: bbm 1999/03/15 V 1.2 provides fonts for set symbols - TH
LaTeX Font Info:    Overwriting math alphabet `\mathbbm' in version `bold'
(Font)                  U/bbm/m/n --> U/bbm/bx/n on input line 33.
LaTeX Font Info:    Overwriting math alphabet `\mathbbmss' in version `bold'
(Font)                  U/bbmss/m/n --> U/bbmss/bx/n on input line 35.
)
(C:\Users\orfuc\AppData\Local\Programs\MiKTeX\tex/latex/booktabs\booktabs.sty
Package: booktabs 2020/01/12 v1.61803398 Publication quality tables
\heavyrulewidth=\dimen154
\lightrulewidth=\dimen155
\cmidrulewidth=\dimen156
\belowrulesep=\dimen157
\belowbottomsep=\dimen158
\aboverulesep=\dimen159
\abovetopsep=\dimen160
\cmidrulesep=\dimen161
\cmidrulekern=\dimen162
\defaultaddspace=\dimen163
\@cmidla=\count271
\@cmidlb=\count272
\@aboverulesep=\dimen164
\@belowrulesep=\dimen165
\@thisruleclass=\count273
\@lastruleclass=\count274
\@thisrulewidth=\dimen166
)
(C:\Users\orfuc\AppData\Local\Programs\MiKTeX\tex/latex/multirow\multirow.sty
Package: multirow 2021/03/15 v2.8 Span multiple rows of a table
\multirow@colwidth=\skip54
\multirow@cntb=\count275
\multirow@dima=\skip55
\bigstrutjot=\dimen167
)
(C:\Users\orfuc\AppData\Local\Programs\MiKTeX\tex/latex/xcolor\xcolor.sty
Package: xcolor 2022/06/12 v2.14 LaTeX color extensions (UK)

(C:\Users\orfuc\AppData\Local\Programs\MiKTeX\tex/latex/graphics-cfg\color.cfg
File: color.cfg 2016/01/02 v1.6 sample color configuration
)
Package xcolor Info: Driver file: pdftex.def on input line 227.
(C:\Users\orfuc\AppData\Local\Programs\MiKTeX\tex/latex/graphics\mathcolor.ltx)
Package xcolor Info: Model `cmy' substituted by `cmy0' on input line 1353.
Package xcolor Info: Model `hsb' substituted by `rgb' on input line 1357.
Package xcolor Info: Model `RGB' extended on input line 1369.
Package xcolor Info: Model `HTML' substituted by `rgb' on input line 1371.
Package xcolor Info: Model `Hsb' substituted by `hsb' on input line 1372.
Package xcolor Info: Model `tHsb' substituted by `hsb' on input line 1373.
Package xcolor Info: Model `HSB' substituted by `hsb' on input line 1374.
Package xcolor Info: Model `Gray' substituted by `gray' on input line 1375.
Package xcolor Info: Model `wave' substituted by `hsb' on input line 1376.
) (C:\Users\orfuc\AppData\Local\Programs\MiKTeX\tex/latex/paralist\paralist.sty
Package: paralist 2017/01/22 v2.7 Extended list environments
\pltopsep=\skip56
\plpartopsep=\skip57
\plitemsep=\skip58
\plparsep=\skip59
\pl@lab=\toks23
)
LaTeX Font Info:    Trying to load font information for OT1+ptm on input line 1
48.
 (C:\Users\orfuc\AppData\Local\Programs\MiKTeX\tex/latex/psnfss\ot1ptm.fd
File: ot1ptm.fd 2001/06/04 font definitions for OT1/ptm.
)
(C:\Users\orfuc\AppData\Local\Programs\MiKTeX\tex/latex/l3backend\l3backend-pdf
tex.def
File: l3backend-pdftex.def 2023-04-19 L3 backend support: PDF output (pdfTeX)
\l__color_backend_stack_int=\count276
\l__pdf_internal_box=\box53
) (AAAI-ZhangQ.171_changed.aux)
\openout1 = `AAAI-ZhangQ.171_changed.aux'.

LaTeX Font Info:    Checking defaults for OML/cmm/m/it on input line 148.
LaTeX Font Info:    ... okay on input line 148.
LaTeX Font Info:    Checking defaults for OMS/cmsy/m/n on input line 148.
LaTeX Font Info:    ... okay on input line 148.
LaTeX Font Info:    Checking defaults for OT1/cmr/m/n on input line 148.
LaTeX Font Info:    ... okay on input line 148.
LaTeX Font Info:    Checking defaults for T1/cmr/m/n on input line 148.
LaTeX Font Info:    ... okay on input line 148.
LaTeX Font Info:    Checking defaults for TS1/cmr/m/n on input line 148.
LaTeX Font Info:    ... okay on input line 148.
LaTeX Font Info:    Checking defaults for OMX/cmex/m/n on input line 148.
LaTeX Font Info:    ... okay on input line 148.
LaTeX Font Info:    Checking defaults for U/cmr/m/n on input line 148.
LaTeX Font Info:    ... okay on input line 148.

(C:\Users\orfuc\AppData\Local\Programs\MiKTeX\tex/context/base/mkii\supp-pdf.mk
ii
[Loading MPS to PDF converter (version 2006.09.02).]
\scratchcounter=\count277
\scratchdimen=\dimen168
\scratchbox=\box54
\nofMPsegments=\count278
\nofMParguments=\count279
\everyMPshowfont=\toks24
\MPscratchCnt=\count280
\MPscratchDim=\dimen169
\MPnumerator=\count281
\makeMPintoPDFobject=\count282
\everyMPtoPDFconversion=\toks25
)
(C:\Users\orfuc\AppData\Local\Programs\MiKTeX\tex/latex/epstopdf-pkg\epstopdf-b
ase.sty
Package: epstopdf-base 2020-01-24 v2.11 Base part for package epstopdf
Package epstopdf-base Info: Redefining graphics rule for `.eps' on input line 4
85.

(C:\Users\orfuc\AppData\Local\Programs\MiKTeX\tex/latex/00miktex\epstopdf-sys.c
fg
File: epstopdf-sys.cfg 2021/03/18 v2.0 Configuration of epstopdf for MiKTeX
))
LaTeX Font Info:    Trying to load font information for U+msa on input line 150
.
 (C:\Users\orfuc\AppData\Local\Programs\MiKTeX\tex/latex/amsfonts\umsa.fd
File: umsa.fd 2013/01/14 v3.01 AMS symbols A
)
LaTeX Font Info:    Trying to load font information for U+msb on input line 150
.

(C:\Users\orfuc\AppData\Local\Programs\MiKTeX\tex/latex/amsfonts\umsb.fd
File: umsb.fd 2013/01/14 v3.01 AMS symbols B
)
LaTeX Font Info:    Trying to load font information for TS1+ptm on input line 1
50.

(C:\Users\orfuc\AppData\Local\Programs\MiKTeX\tex/latex/psnfss\ts1ptm.fd
File: ts1ptm.fd 2001/06/04 font definitions for TS1/ptm.
)
<Fig_3examples.pdf, id=1, 578.35274pt x 366.24931pt>
File: Fig_3examples.pdf Graphic file (type pdf)
<use Fig_3examples.pdf>
Package pdftex.def Info: Fig_3examples.pdf  used on input line 167.
(pdftex.def)             Requested size: 227.42392pt x 144.01582pt.


LaTeX Warning: Citation `zhang2015cross' on page 1 undefined on input line 170.



LaTeX Warning: Citation `zhang2015cross' on page 1 undefined on input line 170.


<Fig_pipeline.pdf, id=2, 639.80908pt x 330.61937pt>
File: Fig_pipeline.pdf Graphic file (type pdf)
<use Fig_pipeline.pdf>
Package pdftex.def Info: Fig_pipeline.pdf  used on input line 176.
(pdftex.def)             Requested size: 354.12144pt x 182.99648pt.

LaTeX Warning: Citation `zhang2015cross' on page 1 undefined on input line 182.



LaTeX Warning: Citation `Idrees2013Multi' on page 1 undefined on input line 182
.


LaTeX Warning: Citation `zhang2016single' on page 1 undefined on input line 182
.


LaTeX Warning: Citation `Chan2008Privacy' on page 1 undefined on input line 182
.


LaTeX Warning: Citation `Chen2012Feature' on page 1 undefined on input line 182
.


LaTeX Warning: Citation `idrees2018composition' on page 1 undefined on input li
ne 182.


LaTeX Warning: Citation `li2012people' on page 1 undefined on input line 184.


LaTeX Warning: Citation `Ryan2014Scene' on page 1 undefined on input line 184.


LaTeX Warning: Citation `Tang2014Cross' on page 1 undefined on input line 184.


LaTeX Warning: Citation `Ge2010Crowd' on page 1 undefined on input line 184.


LaTeX Warning: Citation `zhang2019wide' on page 1 undefined on input line 185.


LaTeX Warning: Citation `zhang2019wide' on page 1 undefined on input line 189.

[1{C:/Users/orfuc/AppData/Local/MiKTeX/fonts/map/pdftex/pdftex.map}{C:/Users/or
fuc/AppData/Local/Programs/MiKTeX/fonts/enc/dvips/base/8r.enc}



 <./Fig_3examples.pdf, page is rotated 90 degrees>]
Underfull \vbox (badness 1418) has occurred while \output is active []


Underfull \hbox (badness 1237) in paragraph at lines 209--211
[]\OT1/ptm/m/n/10 The pro-jec-tion con-sis-tency be-tween the camera-view
 []


LaTeX Warning: Citation `zhang2015cross' on page 2 undefined on input line 220.



LaTeX Warning: Citation `zhang2015cross' on page 2 undefined on input line 220.



LaTeX Warning: Citation `boominathan2016crowdnet' on page 2 undefined on input 
line 222.


LaTeX Warning: Citation `zhang2016single' on page 2 undefined on input line 222
.


LaTeX Warning: Citation `sam2017switching' on page 2 undefined on input line 22
2.


LaTeX Warning: Citation `Kang2018Crowd' on page 2 undefined on input line 222.


LaTeX Warning: Citation `onoro2016towards' on page 2 undefined on input line 22
2.


LaTeX Warning: Citation `sindagi2017generating' on page 2 undefined on input li
ne 225.


LaTeX Warning: Citation `sindagi2017generating' on page 2 undefined on input li
ne 225.


LaTeX Warning: Citation `idrees2018composition' on page 2 undefined on input li
ne 225.


LaTeX Warning: Citation `Wang2019Learning' on page 2 undefined on input line 22
5.


LaTeX Warning: Citation `ranjan2018iterative' on page 2 undefined on input line
 225.


LaTeX Warning: Citation `cao2018scale' on page 2 undefined on input line 225.


LaTeX Warning: Citation `li2018csrnet' on page 2 undefined on input line 225.


LaTeX Warning: Citation `liu2018decidenet' on page 2 undefined on input line 22
5.


LaTeX Warning: Citation `shen2018crowd' on page 2 undefined on input line 225.


LaTeX Warning: Citation `Jiang2019Crowd' on page 2 undefined on input line 225.



LaTeX Warning: Citation `Liu2019Context' on page 2 undefined on input line 225.



LaTeX Warning: Citation `kang2017incorporating' on page 2 undefined on input li
ne 226.


LaTeX Warning: Citation `kang2017incorporating' on page 2 undefined on input li
ne 226.


LaTeX Warning: Citation `shi2019revisiting' on page 2 undefined on input line 2
27.


LaTeX Warning: Citation `shi2019revisiting' on page 2 undefined on input line 2
27.


LaTeX Warning: Citation `Lian2019Density' on page 2 undefined on input line 228
.


LaTeX Warning: Citation `Lian2019Density' on page 2 undefined on input line 228
.


LaTeX Warning: Citation `Liu2019Recurrent' on page 2 undefined on input line 23
0.


LaTeX Warning: Citation `Liu2019Recurrent' on page 2 undefined on input line 23
0.

[2 <./Fig_pipeline.pdf, page is rotated 90 degrees>]

LaTeX Warning: Citation `dittrich2017people' on page 3 undefined on input line 
237.


LaTeX Warning: Citation `li2012people' on page 3 undefined on input line 237.


LaTeX Warning: Citation `ma2012reliable' on page 3 undefined on input line 237.



LaTeX Warning: Citation `Maddalena2014people' on page 3 undefined on input line
 237.


LaTeX Warning: Citation `Ryan2014Scene' on page 3 undefined on input line 237.


LaTeX Warning: Citation `Tang2014Cross' on page 3 undefined on input line 237.


LaTeX Warning: Citation `Ge2010Crowd' on page 3 undefined on input line 237.


LaTeX Warning: Citation `ferryman2009pets2009' on page 3 undefined on input lin
e 237.


LaTeX Warning: Citation `zhang2019wide' on page 3 undefined on input line 239.


LaTeX Warning: Citation `zhang2019wide' on page 3 undefined on input line 239.


LaTeX Warning: Citation `yan2016perspective' on page 3 undefined on input line 
246.


LaTeX Warning: Citation `yan2016perspective' on page 3 undefined on input line 
246.


LaTeX Warning: Citation `choy20163d' on page 3 undefined on input line 248.


LaTeX Warning: Citation `choy20163d' on page 3 undefined on input line 248.


LaTeX Warning: Citation `kar2017learning' on page 3 undefined on input line 250
.


LaTeX Warning: Citation `kar2017learning' on page 3 undefined on input line 250
.


LaTeX Warning: Citation `huang2018deepmvs' on page 3 undefined on input line 25
2.


LaTeX Warning: Citation `huang2018deepmvs' on page 3 undefined on input line 25
2.


LaTeX Warning: Citation `Iskakov2019Learnable' on page 3 undefined on input lin
e 254.


LaTeX Warning: Citation `Iskakov2019Learnable' on page 3 undefined on input lin
e 254.


LaTeX Warning: Citation `chang2015shapenet' on page 3 undefined on input line 2
57.


LaTeX Warning: Citation `lpt2013ikea' on page 3 undefined on input line 257.


LaTeX Warning: Citation `zhang2019wide' on page 3 undefined on input line 263.


LaTeX Warning: Citation `zhang2019wide' on page 3 undefined on input line 263.


LaTeX Warning: Citation `zhang2019wide' on page 3 undefined on input line 263.


LaTeX Warning: Citation `zhang2019wide' on page 3 undefined on input line 263.


LaTeX Warning: Citation `zhang2019wide' on page 3 undefined on input line 326.


LaTeX Warning: Citation `zhang2019wide' on page 3 undefined on input line 326.


LaTeX Warning: Citation `girdhar2016learning' on page 3 undefined on input line
 327.


LaTeX Warning: Citation `girdhar2016learning' on page 3 undefined on input line
 327.

[3]
<Fig_3dprojection.pdf, id=86, 536.52214pt x 266.49483pt>
File: Fig_3dprojection.pdf Graphic file (type pdf)
<use Fig_3dprojection.pdf>
Package pdftex.def Info: Fig_3dprojection.pdf  used on input line 340.
(pdftex.def)             Requested size: 227.42392pt x 112.96397pt.


LaTeX Warning: Citation `Jaderberg2015Spatial' on page 4 undefined on input lin
e 353.


LaTeX Warning: Citation `zhang2019wide' on page 4 undefined on input line 365.


LaTeX Warning: Citation `zhang2019wide' on page 4 undefined on input line 365.

<Fig_pcm.pdf, id=87, 1068.81462pt x 542.9836pt>
File: Fig_pcm.pdf Graphic file (type pdf)
<use Fig_pcm.pdf>
Package pdftex.def Info: Fig_pcm.pdf  used on input line 389.
(pdftex.def)             Requested size: 227.42392pt x 115.53783pt.

Underfull \hbox (badness 2478) in paragraph at lines 393--393
[]\OT1/ptm/m/n/10 Figure 4: Ex-am-ple of pro-jec-tion con-sis-tency mea-sure
 []

[4 <./Fig_3dprojection.pdf, page is rotated 90 degrees>]

LaTeX Warning: Citation `zhang2019wide' on page 5 undefined on input line 453.


LaTeX Warning: Citation `zhang2019wide' on page 5 undefined on input line 454.


LaTeX Warning: Citation `zhang2019wide' on page 5 undefined on input line 455.


Underfull \hbox (badness 1590) in paragraph at lines 498--499
\OT1/ptm/b/n/10 3D ground-truth gen-er-a-tion. \OT1/ptm/m/n/10 The 3D ground-tr
uth is
 []


LaTeX Warning: Citation `ferryman2009pets2009' on page 5 undefined on input lin
e 521.


LaTeX Warning: Citation `ristani2016MTMC' on page 5 undefined on input line 521
.


LaTeX Warning: Citation `zhang2019wide' on page 5 undefined on input line 521.


LaTeX Warning: Citation `zhang2019wide' on page 5 undefined on input line 521.


LaTeX Warning: Citation `zhang2019wide' on page 5 undefined on input line 521.


LaTeX Warning: Citation `ristani2016MTMC' on page 5 undefined on input line 527
.


LaTeX Warning: Citation `zhang2019wide' on page 5 undefined on input line 530.

[5 <./Fig_pcm.pdf>]

LaTeX Warning: Citation `li2018csrnet' on page 6 undefined on input line 534.


LaTeX Warning: Citation `ren2015faster' on page 6 undefined on input line 535.


LaTeX Warning: Citation `liao2015person' on page 6 undefined on input line 535.



LaTeX Warning: Citation `zhang2019wide' on page 6 undefined on input line 536.


LaTeX Warning: Citation `zhang2019wide' on page 6 undefined on input line 537.


LaTeX Warning: Citation `zhang2019wide' on page 6 undefined on input line 538.

<Fig_results.pdf, id=170, 892.87213pt x 479.59988pt>
File: Fig_results.pdf Graphic file (type pdf)
<use Fig_results.pdf>
Package pdftex.def Info: Fig_results.pdf  used on input line 549.
(pdftex.def)             Requested size: 430.00958pt x 230.98105pt.

LaTeX Warning: Citation `zhang2019wide' on page 6 undefined on input line 566.


LaTeX Warning: Citation `zhang2019wide' on page 6 undefined on input line 566.


LaTeX Warning: Citation `zhang2019wide' on page 6 undefined on input line 566.


LaTeX Warning: Citation `zhang2019wide' on page 6 undefined on input line 567.

[6] [7 <./Fig_results.pdf, page is rotated 90 degrees>] [8

]
No file AAAI-ZhangQ.171_changed.bbl.
(AAAI-ZhangQ.171_changed.aux)
 ***********
LaTeX2e <2023-06-01> patch level 1
L3 programming layer <2023-08-29>
 ***********
 ) 
Here is how much of TeX's memory you used:
 3718 strings out of 475247
 56098 string characters out of 5757792
 1949801 words of memory out of 5000000
 25183 multiletter control sequences out of 15000+600000
 580095 words of font info for 80 fonts, out of 8000000 for 9000
 1141 hyphenation exceptions out of 8191
 57i,15n,65p,1939b,305s stack positions out of 10000i,1000n,20000p,200000b,200000s
<C:/Users/orfuc/AppData/Local/Programs/MiKTeX/fonts/type1/public/amsfonts/cm/
cmex10.pfb><C:/Users/orfuc/AppData/Local/Programs/MiKTeX/fonts/type1/public/ams
fonts/cm/cmmi10.pfb><C:/Users/orfuc/AppData/Local/Programs/MiKTeX/fonts/type1/p
ublic/amsfonts/cm/cmmi7.pfb><C:/Users/orfuc/AppData/Local/Programs/MiKTeX/fonts
/type1/public/amsfonts/cm/cmmi9.pfb><C:/Users/orfuc/AppData/Local/Programs/MiKT
eX/fonts/type1/public/amsfonts/cm/cmr10.pfb><C:/Users/orfuc/AppData/Local/Progr
ams/MiKTeX/fonts/type1/public/amsfonts/cm/cmr7.pfb><C:/Users/orfuc/AppData/Loca
l/Programs/MiKTeX/fonts/type1/public/amsfonts/cm/cmr9.pfb><C:/Users/orfuc/AppDa
ta/Local/Programs/MiKTeX/fonts/type1/public/amsfonts/cm/cmsy10.pfb><C:/Users/or
fuc/AppData/Local/Programs/MiKTeX/fonts/type1/public/amsfonts/cm/cmsy5.pfb><C:/
Users/orfuc/AppData/Local/Programs/MiKTeX/fonts/type1/public/amsfonts/cm/cmsy7.
pfb><C:/Users/orfuc/AppData/Local/Programs/MiKTeX/fonts/type1/public/amsfonts/c
m/cmsy9.pfb><C:/Users/orfuc/AppData/Local/Programs/MiKTeX/fonts/type1/urw/times
/utmb8a.pfb><C:/Users/orfuc/AppData/Local/Programs/MiKTeX/fonts/type1/urw/times
/utmr8a.pfb><C:/Users/orfuc/AppData/Local/Programs/MiKTeX/fonts/type1/urw/times
/utmri8a.pfb>
Output written on AAAI-ZhangQ.171_changed.pdf (8 pages, 1212409 bytes).
PDF statistics:
 279 PDF objects out of 1000 (max. 8388607)
 0 named destinations out of 1000 (max. 500000)
 26 words of extra memory for PDF output out of 10000 (max. 10000000)

