This is pdfTeX, Version 3.141592653-2.6-1.40.25 (MiKTeX 23.5) (preloaded format=pdflatex 2024.1.12)  3 MAR 2024 13:15
entering extended mode
 restricted \write18 enabled.
 %&-line parsing enabled.
**./main_changed.tex
(main_changed.tex
LaTeX2e <2023-06-01> patch level 1
L3 programming layer <2023-08-29>
(C:\Users\orfuc\AppData\Local\Programs\MiKTeX\tex/latex/base\article.cls
Document Class: article 2023/05/17 v1.4n Standard LaTeX document class
(C:\Users\orfuc\AppData\Local\Programs\MiKTeX\tex/latex/base\size10.clo
File: size10.clo 2023/05/17 v1.4n Standard LaTeX file (size option)
)
\c@part=\count185
\c@section=\count186
\c@subsection=\count187
\c@subsubsection=\count188
\c@paragraph=\count189
\c@subparagraph=\count190
\c@figure=\count191
\c@table=\count192
\abovecaptionskip=\skip48
\belowcaptionskip=\skip49
\bibindent=\dimen140
)
(aaai21.sty
Conference Style for AAAI for LaTeX 2e -- version for the AAAI-21 conference - 
MODIFIED
\titlebox=\skip50
) (C:\Users\orfuc\AppData\Local\Programs\MiKTeX\tex/latex/psnfss\times.sty
Package: times 2020/03/25 PSNFSS-v9.3 (SPQR) 
)
(C:\Users\orfuc\AppData\Local\Programs\MiKTeX\tex/latex/psnfss\helvet.sty
Package: helvet 2020/03/25 PSNFSS-v9.3 (WaS) 

(C:\Users\orfuc\AppData\Local\Programs\MiKTeX\tex/latex/graphics\keyval.sty
Package: keyval 2022/05/29 v1.15 key=value parser (DPC)
\KV@toks@=\toks17
))
(C:\Users\orfuc\AppData\Local\Programs\MiKTeX\tex/latex/psnfss\courier.sty
Package: courier 2020/03/25 PSNFSS-v9.3 (WaS) 
)
(C:\Users\orfuc\AppData\Local\Programs\MiKTeX\tex/latex/url\url.sty
\Urlmuskip=\muskip16
Package: url 2013/09/16  ver 3.4  Verb mode for urls, etc.
)
(C:\Users\orfuc\AppData\Local\Programs\MiKTeX\tex/latex/graphics\graphicx.sty
Package: graphicx 2021/09/16 v1.2d Enhanced LaTeX Graphics (DPC,SPQR)

(C:\Users\orfuc\AppData\Local\Programs\MiKTeX\tex/latex/graphics\graphics.sty
Package: graphics 2022/03/10 v1.4e Standard LaTeX Graphics (DPC,SPQR)

(C:\Users\orfuc\AppData\Local\Programs\MiKTeX\tex/latex/graphics\trig.sty
Package: trig 2021/08/11 v1.11 sin cos tan (DPC)
)
(C:\Users\orfuc\AppData\Local\Programs\MiKTeX\tex/latex/graphics-cfg\graphics.c
fg
File: graphics.cfg 2016/06/04 v1.11 sample graphics configuration
)
Package graphics Info: Driver file: pdftex.def on input line 107.

(C:\Users\orfuc\AppData\Local\Programs\MiKTeX\tex/latex/graphics-def\pdftex.def
File: pdftex.def 2022/09/22 v1.2b Graphics/color driver for pdftex
))
\Gin@req@height=\dimen141
\Gin@req@width=\dimen142
) (C:\Users\orfuc\AppData\Local\Programs\MiKTeX\tex/latex/natbib\natbib.sty
Package: natbib 2010/09/13 8.31b (PWD, AO)
\bibhang=\skip51
\bibsep=\skip52
LaTeX Info: Redefining \cite on input line 694.
\c@NAT@ctr=\count193
)
(C:\Users\orfuc\AppData\Local\Programs\MiKTeX\tex/latex/caption\caption.sty
Package: caption 2023/07/31 v3.6n Customizing captions (AR)

(C:\Users\orfuc\AppData\Local\Programs\MiKTeX\tex/latex/caption\caption3.sty
Package: caption3 2023/07/31 v2.4d caption3 kernel (AR)
\caption@tempdima=\dimen143
\captionmargin=\dimen144
\caption@leftmargin=\dimen145
\caption@rightmargin=\dimen146
\caption@width=\dimen147
\caption@indent=\dimen148
\caption@parindent=\dimen149
\caption@hangindent=\dimen150
Package caption Info: Standard document class detected.
)
\c@caption@flags=\count194
\c@continuedfloat=\count195
)
(C:\Users\orfuc\AppData\Local\Programs\MiKTeX\tex/latex/amsmath\amsmath.sty
Package: amsmath 2023/05/13 v2.17o AMS math features
\@mathmargin=\skip53

For additional information on amsmath, use the `?' option.
(C:\Users\orfuc\AppData\Local\Programs\MiKTeX\tex/latex/amsmath\amstext.sty
Package: amstext 2021/08/26 v2.01 AMS text

(C:\Users\orfuc\AppData\Local\Programs\MiKTeX\tex/latex/amsmath\amsgen.sty
File: amsgen.sty 1999/11/30 v2.0 generic functions
\@emptytoks=\toks18
\ex@=\dimen151
))
(C:\Users\orfuc\AppData\Local\Programs\MiKTeX\tex/latex/amsmath\amsbsy.sty
Package: amsbsy 1999/11/29 v1.2d Bold Symbols
\pmbraise@=\dimen152
)
(C:\Users\orfuc\AppData\Local\Programs\MiKTeX\tex/latex/amsmath\amsopn.sty
Package: amsopn 2022/04/08 v2.04 operator names
)
\inf@bad=\count196
LaTeX Info: Redefining \frac on input line 234.
\uproot@=\count197
\leftroot@=\count198
LaTeX Info: Redefining \overline on input line 399.
LaTeX Info: Redefining \colon on input line 410.
\classnum@=\count199
\DOTSCASE@=\count266
LaTeX Info: Redefining \ldots on input line 496.
LaTeX Info: Redefining \dots on input line 499.
LaTeX Info: Redefining \cdots on input line 620.
\Mathstrutbox@=\box51
\strutbox@=\box52
LaTeX Info: Redefining \big on input line 722.
LaTeX Info: Redefining \Big on input line 723.
LaTeX Info: Redefining \bigg on input line 724.
LaTeX Info: Redefining \Bigg on input line 725.
\big@size=\dimen153
LaTeX Font Info:    Redeclaring font encoding OML on input line 743.
LaTeX Font Info:    Redeclaring font encoding OMS on input line 744.
\macc@depth=\count267
LaTeX Info: Redefining \bmod on input line 905.
LaTeX Info: Redefining \pmod on input line 910.
LaTeX Info: Redefining \smash on input line 940.
LaTeX Info: Redefining \relbar on input line 970.
LaTeX Info: Redefining \Relbar on input line 971.
\c@MaxMatrixCols=\count268
\dotsspace@=\muskip17
\c@parentequation=\count269
\dspbrk@lvl=\count270
\tag@help=\toks19
\row@=\count271
\column@=\count272
\maxfields@=\count273
\andhelp@=\toks20
\eqnshift@=\dimen154
\alignsep@=\dimen155
\tagshift@=\dimen156
\tagwidth@=\dimen157
\totwidth@=\dimen158
\lineht@=\dimen159
\@envbody=\toks21
\multlinegap=\skip54
\multlinetaggap=\skip55
\mathdisplay@stack=\toks22
LaTeX Info: Redefining \[ on input line 2953.
LaTeX Info: Redefining \] on input line 2954.
)
(C:\Users\orfuc\AppData\Local\Programs\MiKTeX\tex/latex/amsfonts\amssymb.sty
Package: amssymb 2013/01/14 v3.01 AMS font symbols

(C:\Users\orfuc\AppData\Local\Programs\MiKTeX\tex/latex/amsfonts\amsfonts.sty
Package: amsfonts 2013/01/14 v3.01 Basic AMSFonts support
\symAMSa=\mathgroup4
\symAMSb=\mathgroup5
LaTeX Font Info:    Redeclaring math symbol \hbar on input line 98.
LaTeX Font Info:    Overwriting math alphabet `\mathfrak' in version `bold'
(Font)                  U/euf/m/n --> U/euf/b/n on input line 106.
)) (C:\Users\orfuc\AppData\Local\Programs\MiKTeX\tex/latex/cleveref\cleveref.st
y
Package: cleveref 2018/03/27 v0.21.4 Intelligent cross-referencing
) (C:\Users\orfuc\AppData\Local\Programs\MiKTeX\tex/latex/xcolor\xcolor.sty
Package: xcolor 2022/06/12 v2.14 LaTeX color extensions (UK)

(C:\Users\orfuc\AppData\Local\Programs\MiKTeX\tex/latex/graphics-cfg\color.cfg
File: color.cfg 2016/01/02 v1.6 sample color configuration
)
Package xcolor Info: Package option `usenames' ignored on input line 218.
Package xcolor Info: Driver file: pdftex.def on input line 227.
(C:\Users\orfuc\AppData\Local\Programs\MiKTeX\tex/latex/graphics\mathcolor.ltx)
Package xcolor Info: Model `cmy' substituted by `cmy0' on input line 1353.
Package xcolor Info: Model `hsb' substituted by `rgb' on input line 1357.
Package xcolor Info: Model `RGB' extended on input line 1369.
Package xcolor Info: Model `HTML' substituted by `rgb' on input line 1371.
Package xcolor Info: Model `Hsb' substituted by `hsb' on input line 1372.
Package xcolor Info: Model `tHsb' substituted by `hsb' on input line 1373.
Package xcolor Info: Model `HSB' substituted by `hsb' on input line 1374.
Package xcolor Info: Model `Gray' substituted by `gray' on input line 1375.
Package xcolor Info: Model `wave' substituted by `hsb' on input line 1376.
(C:\Users\orfuc\AppData\Local\Programs\MiKTeX\tex/latex/graphics\dvipsnam.def
File: dvipsnam.def 2016/06/17 v3.0m Driver-dependent file (DPC,SPQR)
)) (C:\Users\orfuc\AppData\Local\Programs\MiKTeX\tex/latex/base\ifthen.sty
Package: ifthen 2022/04/13 v1.1d Standard LaTeX ifthen package (DPC)
)
LaTeX Font Info:    Trying to load font information for OT1+ptm on input line 1
24.

(C:\Users\orfuc\AppData\Local\Programs\MiKTeX\tex/latex/psnfss\ot1ptm.fd
File: ot1ptm.fd 2001/06/04 font definitions for OT1/ptm.
)
(C:\Users\orfuc\AppData\Local\Programs\MiKTeX\tex/latex/l3backend\l3backend-pdf
tex.def
File: l3backend-pdftex.def 2023-04-19 L3 backend support: PDF output (pdfTeX)
\l__color_backend_stack_int=\count274
\l__pdf_internal_box=\box53
) (main_changed.aux)
\openout1 = `main_changed.aux'.

LaTeX Font Info:    Checking defaults for OML/cmm/m/it on input line 124.
LaTeX Font Info:    ... okay on input line 124.
LaTeX Font Info:    Checking defaults for OMS/cmsy/m/n on input line 124.
LaTeX Font Info:    ... okay on input line 124.
LaTeX Font Info:    Checking defaults for OT1/cmr/m/n on input line 124.
LaTeX Font Info:    ... okay on input line 124.
LaTeX Font Info:    Checking defaults for T1/cmr/m/n on input line 124.
LaTeX Font Info:    ... okay on input line 124.
LaTeX Font Info:    Checking defaults for TS1/cmr/m/n on input line 124.
LaTeX Font Info:    ... okay on input line 124.
LaTeX Font Info:    Checking defaults for OMX/cmex/m/n on input line 124.
LaTeX Font Info:    ... okay on input line 124.
LaTeX Font Info:    Checking defaults for U/cmr/m/n on input line 124.
LaTeX Font Info:    ... okay on input line 124.

(C:\Users\orfuc\AppData\Local\Programs\MiKTeX\tex/context/base/mkii\supp-pdf.mk
ii
[Loading MPS to PDF converter (version 2006.09.02).]
\scratchcounter=\count275
\scratchdimen=\dimen160
\scratchbox=\box54
\nofMPsegments=\count276
\nofMParguments=\count277
\everyMPshowfont=\toks23
\MPscratchCnt=\count278
\MPscratchDim=\dimen161
\MPnumerator=\count279
\makeMPintoPDFobject=\count280
\everyMPtoPDFconversion=\toks24
)
(C:\Users\orfuc\AppData\Local\Programs\MiKTeX\tex/latex/epstopdf-pkg\epstopdf-b
ase.sty
Package: epstopdf-base 2020-01-24 v2.11 Base part for package epstopdf
Package epstopdf-base Info: Redefining graphics rule for `.eps' on input line 4
85.

(C:\Users\orfuc\AppData\Local\Programs\MiKTeX\tex/latex/00miktex\epstopdf-sys.c
fg
File: epstopdf-sys.cfg 2021/03/18 v2.0 Configuration of epstopdf for MiKTeX
))
Package caption Info: Begin \AtBeginDocument code.
Package caption Info: End \AtBeginDocument code.
\titlearea=\box55
LaTeX Font Info:    Trying to load font information for U+msa on input line 126
.
 (C:\Users\orfuc\AppData\Local\Programs\MiKTeX\tex/latex/amsfonts\umsa.fd
File: umsa.fd 2013/01/14 v3.01 AMS symbols A
)
LaTeX Font Info:    Trying to load font information for U+msb on input line 126
.

(C:\Users\orfuc\AppData\Local\Programs\MiKTeX\tex/latex/amsfonts\umsb.fd
File: umsb.fd 2013/01/14 v3.01 AMS symbols B
)
LaTeX Font Info:    Trying to load font information for TS1+ptm on input line 1
26.

(C:\Users\orfuc\AppData\Local\Programs\MiKTeX\tex/latex/psnfss\ts1ptm.fd
File: ts1ptm.fd 2001/06/04 font definitions for TS1/ptm.
)
\actualheight=\skip56

Underfull \vbox (badness 10000) detected at line 126
 []


Package natbib Warning: Citation `Saunders2017' on page 1 undefined on input li
ne 135.


Package natbib Warning: Citation `garcia2015comprehensive' on page 1 undefined 
on input line 136.


Package natbib Warning: Citation `krakovnaspecification' on page 1 undefined on
 input line 138.


Package natbib Warning: Citation `Shah2018' on page 1 undefined on input line 1
40.


Package natbib Warning: Citation `mccarthy1969some' on page 1 undefined on inpu
t line 140.


Package natbib Warning: Citation `Shah2018' on page 1 undefined on input line 1
42.


Package natbib Warning: Citation `armstrong2017low' on page 1 undefined on inpu
t line 144.


Package natbib Warning: Citation `krakovna2018penalizing' on page 1 undefined o
n input line 144.


Package natbib Warning: Citation `turner2020conservative' on page 1 undefined o
n input line 144.

[1{C:/Users/orfuc/AppData/Local/MiKTeX/fonts/map/pdftex/pdftex.map}{C:/Users/or
fuc/AppData/Local/Programs/MiKTeX/fonts/enc/dvips/base/8r.enc}



]

Package natbib Warning: Citation `krakovna2018penalizing' on page 2 undefined o
n input line 159.


Package natbib Warning: Citation `amodei2016concrete' on page 2 undefined on in
put line 169.


Package natbib Warning: Citation `armstrong2017low' on page 2 undefined on inpu
t line 170.


Package natbib Warning: Citation `armstrong2017low' on page 2 undefined on inpu
t line 170.


Package natbib Warning: Citation `armstrong2017low' on page 2 undefined on inpu
t line 170.


Package natbib Warning: Citation `armstrong2017low' on page 2 undefined on inpu
t line 171.


Package natbib Warning: Citation `krakovna2018penalizing' on page 2 undefined o
n input line 171.


Package natbib Warning: Citation `eysenbach2017leave' on page 2 undefined on in
put line 171.


Package natbib Warning: Citation `turner2020conservative' on page 2 undefined o
n input line 173.


Package natbib Warning: Citation `krakovna2018penalizing' on page 2 undefined o
n input line 173.


Package natbib Warning: Citation `turner2020conservative' on page 2 undefined o
n input line 178.


Package natbib Warning: Citation `turner2020avoiding' on page 2 undefined on in
put line 178.


Package natbib Warning: Citation `krakovna2020avoiding' on page 2 undefined on 
input line 180.


Package natbib Warning: Citation `eysenbach2017leave' on page 2 undefined on in
put line 180.


Package natbib Warning: Citation `krakovna2020avoiding' on page 2 undefined on 
input line 180.


Package natbib Warning: Citation `rahaman2019learning' on page 2 undefined on i
nput line 182.


Package natbib Warning: Citation `zhang2018minimax' on page 2 undefined on inpu
t line 182.


Package natbib Warning: Citation `zhang2020querying' on page 2 undefined on inp
ut line 182.


Package natbib Warning: Citation `Shah2018' on page 2 undefined on input line 1
82.


Package natbib Warning: Citation `saisubramanian2020multi' on page 2 undefined 
on input line 182.


Package natbib Warning: Citation `saisubramanian2020avoiding' on page 2 undefin
ed on input line 182.


Package natbib Warning: Citation `turner2020conservative' on page 2 undefined o
n input line 188.


Package natbib Warning: Citation `turner2020conservative' on page 2 undefined o
n input line 188.


Package natbib Warning: Citation `krakovna2020avoiding' on page 2 undefined on 
input line 188.

[2]

Package natbib Warning: Citation `krakovna2018penalizing' on page 3 undefined o
n input line 199.


Package natbib Warning: Citation `turner2020conservative' on page 3 undefined o
n input line 199.


Package natbib Warning: Citation `krakovna2018penalizing' on page 3 undefined o
n input line 200.


Package natbib Warning: Citation `turner2020avoiding' on page 3 undefined on in
put line 201.


Package natbib Warning: Citation `krakovna2020avoiding' on page 3 undefined on 
input line 204.


Package natbib Warning: Citation `krakovna2020avoiding' on page 3 undefined on 
input line 206.


Package natbib Warning: Citation `hadfield2017off' on page 3 undefined on input
 line 206.


Package natbib Warning: Citation `armstrong2017low' on page 3 undefined on inpu
t line 214.

[3]

Package natbib Warning: Citation `armstrong2017low' on page 4 undefined on inpu
t line 219.


Package natbib Warning: Citation `krakovna2018penalizing' on page 4 undefined o
n input line 226.


Package natbib Warning: Citation `turner2020conservative' on page 4 undefined o
n input line 226.


Package natbib Warning: Citation `krakovna2020avoiding' on page 4 undefined on 
input line 226.


Package natbib Warning: Citation `Shah2018' on page 4 undefined on input line 2
29.


Package natbib Warning: Citation `krakovna2018penalizing' on page 4 undefined o
n input line 230.


Package natbib Warning: Citation `turner2020conservative' on page 4 undefined o
n input line 230.


Package natbib Warning: Citation `turner2020conservative' on page 4 undefined o
n input line 242.

[4]

Package natbib Warning: Citation `turner2020conservative' on page 5 undefined o
n input line 245.


Package natbib Warning: Citation `turner2020conservative' on page 5 undefined o
n input line 245.


Package natbib Warning: Citation `turner2020conservative' on page 5 undefined o
n input line 250.


Package natbib Warning: Citation `krakovna2018penalizing' on page 5 undefined o
n input line 252.


Package natbib Warning: Citation `turner2020conservative' on page 5 undefined o
n input line 252.


Package natbib Warning: Citation `ray2019benchmarking' on page 5 undefined on i
nput line 254.


Package natbib Warning: Citation `armstrong2017low' on page 5 undefined on inpu
t line 256.


Package natbib Warning: Citation `pearl2009causality' on page 5 undefined on in
put line 266.


Package natbib Warning: Citation `everitt2019understanding' on page 5 undefined
 on input line 268.


Package natbib Warning: Citation `armstrong2017low' on page 5 undefined on inpu
t line 271.

[5]

Package natbib Warning: Citation `leike2018scalable' on page 6 undefined on inp
ut line 275.


Package natbib Warning: Citation `amodei2016concrete' on page 6 undefined on in
put line 275.


Package natbib Warning: Citation `gilpin2018explaining' on page 6 undefined on 
input line 277.


Package natbib Warning: Citation `huang2017safety' on page 6 undefined on input
 line 277.


Package natbib Warning: Citation `christiano2017deep' on page 6 undefined on in
put line 280.


Package natbib Warning: Citation `zhang2018minimax' on page 6 undefined on inpu
t line 280.

No file main_changed.bbl.
[6]

Package natbib Warning: There were undefined citations.

[7

] (main_changed.aux)
 ***********
LaTeX2e <2023-06-01> patch level 1
L3 programming layer <2023-08-29>
 ***********
 ) 
Here is how much of TeX's memory you used:
 6867 strings out of 475247
 120143 string characters out of 5757792
 1939801 words of memory out of 5000000
 28324 multiletter control sequences out of 15000+600000
 587500 words of font info for 99 fonts, out of 8000000 for 9000
 1141 hyphenation exceptions out of 8191
 57i,18n,65p,1638b,426s stack positions out of 10000i,1000n,20000p,200000b,200000s
<C:/Users/orfuc/AppData/Local/Programs/MiKTeX/fonts/type1/public/amsfonts/cm/
cmex10.pfb><C:/Users/orfuc/AppData/Local/Programs/MiKTeX/fonts/type1/public/ams
fonts/cm/cmmi10.pfb><C:/Users/orfuc/AppData/Local/Programs/MiKTeX/fonts/type1/p
ublic/amsfonts/cm/cmmi7.pfb><C:/Users/orfuc/AppData/Local/Programs/MiKTeX/fonts
/type1/public/amsfonts/cm/cmmi9.pfb><C:/Users/orfuc/AppData/Local/Programs/MiKT
eX/fonts/type1/public/amsfonts/cm/cmr10.pfb><C:/Users/orfuc/AppData/Local/Progr
ams/MiKTeX/fonts/type1/public/amsfonts/cm/cmr7.pfb><C:/Users/orfuc/AppData/Loca
l/Programs/MiKTeX/fonts/type1/public/amsfonts/cm/cmsy10.pfb><C:/Users/orfuc/App
Data/Local/Programs/MiKTeX/fonts/type1/public/amsfonts/cm/cmsy7.pfb><C:/Users/o
rfuc/AppData/Local/Programs/MiKTeX/fonts/type1/urw/times/utmb8a.pfb><C:/Users/o
rfuc/AppData/Local/Programs/MiKTeX/fonts/type1/urw/times/utmr8a.pfb><C:/Users/o
rfuc/AppData/Local/Programs/MiKTeX/fonts/type1/urw/times/utmri8a.pfb>
Output written on main_changed.pdf (7 pages, 166532 bytes).
PDF statistics:
 82 PDF objects out of 1000 (max. 8388607)
 0 named destinations out of 1000 (max. 500000)
 1 words of extra memory for PDF output out of 10000 (max. 10000000)

