This is pdfTeX, Version 3.14159265-2.6-1.40.20 (TeX Live 2019) (preloaded format=pdflatex 2019.5.8)  9 OCT 2020 16:34
entering extended mode
 restricted \write18 enabled.
 %&-line parsing enabled.
**aaai20.sty
(./aaai20.sty
LaTeX2e <2018-12-01>
Conference Style for AAAI for LaTeX 2e -- version for the AAAI-20 conference
\titlebox=\skip41

! LaTeX Error: Environment abstract undefined.

See the LaTeX manual or LaTeX Companion for explanation.
Type  H <return>  for immediate help.
 ...                                              
                                                  
l.78 \renewenvironment{abstract}
                                {\centerline{\bf
Try typing  <return>  to proceed.
If that doesn't work, type  X <return>  to quit.

)
! Emergency stop.
<*> aaai20.sty
              
*** (job aborted, no legal \end found)

 
Here is how much of TeX's memory you used:
 35 strings out of 492616
 351 string characters out of 6129482
 57323 words of memory out of 5000000
 4054 multiletter control sequences out of 15000+600000
 3640 words of font info for 14 fonts, out of 8000000 for 9000
 1141 hyphenation exceptions out of 8191
 8i,0n,13p,103b,14s stack positions out of 5000i,500n,10000p,200000b,80000s
!  ==> Fatal error occurred, no output PDF file produced!
