This is pdfTeX, Version 3.141592653-2.6-1.40.25 (MiKTeX 23.5) (preloaded format=pdflatex 2024.1.12)  3 MAR 2024 12:46
entering extended mode
 restricted \write18 enabled.
 %&-line parsing enabled.
**./main_changed.tex
(main_changed.tex
LaTeX2e <2023-06-01> patch level 1
L3 programming layer <2023-08-29>
(C:\Users\orfuc\AppData\Local\Programs\MiKTeX\tex/latex/base\article.cls
Document Class: article 2023/05/17 v1.4n Standard LaTeX document class
(C:\Users\orfuc\AppData\Local\Programs\MiKTeX\tex/latex/base\size10.clo
File: size10.clo 2023/05/17 v1.4n Standard LaTeX file (size option)
)
\c@part=\count185
\c@section=\count186
\c@subsection=\count187
\c@subsubsection=\count188
\c@paragraph=\count189
\c@subparagraph=\count190
\c@figure=\count191
\c@table=\count192
\abovecaptionskip=\skip48
\belowcaptionskip=\skip49
\bibindent=\dimen140
)
(aaai23.sty
Package: aaai23 2023/06/27 AAAI 2023 Submission format

Conference Style for AAAI for LaTeX 2e -- version for submission
\titlebox=\skip50
) (C:\Users\orfuc\AppData\Local\Programs\MiKTeX\tex/latex/psnfss\times.sty
Package: times 2020/03/25 PSNFSS-v9.3 (SPQR) 
)
(C:\Users\orfuc\AppData\Local\Programs\MiKTeX\tex/latex/psnfss\helvet.sty
Package: helvet 2020/03/25 PSNFSS-v9.3 (WaS) 

(C:\Users\orfuc\AppData\Local\Programs\MiKTeX\tex/latex/graphics\keyval.sty
Package: keyval 2022/05/29 v1.15 key=value parser (DPC)
\KV@toks@=\toks17
))
(C:\Users\orfuc\AppData\Local\Programs\MiKTeX\tex/latex/psnfss\courier.sty
Package: courier 2020/03/25 PSNFSS-v9.3 (WaS) 
)
(C:\Users\orfuc\AppData\Local\Programs\MiKTeX\tex/latex/url\url.sty
\Urlmuskip=\muskip16
Package: url 2013/09/16  ver 3.4  Verb mode for urls, etc.
)
(C:\Users\orfuc\AppData\Local\Programs\MiKTeX\tex/latex/graphics\graphicx.sty
Package: graphicx 2021/09/16 v1.2d Enhanced LaTeX Graphics (DPC,SPQR)

(C:\Users\orfuc\AppData\Local\Programs\MiKTeX\tex/latex/graphics\graphics.sty
Package: graphics 2022/03/10 v1.4e Standard LaTeX Graphics (DPC,SPQR)

(C:\Users\orfuc\AppData\Local\Programs\MiKTeX\tex/latex/graphics\trig.sty
Package: trig 2021/08/11 v1.11 sin cos tan (DPC)
)
(C:\Users\orfuc\AppData\Local\Programs\MiKTeX\tex/latex/graphics-cfg\graphics.c
fg
File: graphics.cfg 2016/06/04 v1.11 sample graphics configuration
)
Package graphics Info: Driver file: pdftex.def on input line 107.

(C:\Users\orfuc\AppData\Local\Programs\MiKTeX\tex/latex/graphics-def\pdftex.def
File: pdftex.def 2022/09/22 v1.2b Graphics/color driver for pdftex
))
\Gin@req@height=\dimen141
\Gin@req@width=\dimen142
) (C:\Users\orfuc\AppData\Local\Programs\MiKTeX\tex/latex/natbib\natbib.sty
Package: natbib 2010/09/13 8.31b (PWD, AO)
\bibhang=\skip51
\bibsep=\skip52
LaTeX Info: Redefining \cite on input line 694.
\c@NAT@ctr=\count193
)
(C:\Users\orfuc\AppData\Local\Programs\MiKTeX\tex/latex/caption\caption.sty
Package: caption 2023/07/31 v3.6n Customizing captions (AR)

(C:\Users\orfuc\AppData\Local\Programs\MiKTeX\tex/latex/caption\caption3.sty
Package: caption3 2023/07/31 v2.4d caption3 kernel (AR)
\caption@tempdima=\dimen143
\captionmargin=\dimen144
\caption@leftmargin=\dimen145
\caption@rightmargin=\dimen146
\caption@width=\dimen147
\caption@indent=\dimen148
\caption@parindent=\dimen149
\caption@hangindent=\dimen150
Package caption Info: Standard document class detected.
)
\c@caption@flags=\count194
\c@continuedfloat=\count195
)
(C:\Users\orfuc\AppData\Local\Programs\MiKTeX\tex/latex/algorithms\algorithm.st
y
Package: algorithm 2009/08/24 v0.1 Document Style `algorithm' - floating enviro
nment
 (C:\Users\orfuc\AppData\Local\Programs\MiKTeX\tex/latex/float\float.sty
Package: float 2001/11/08 v1.3d Float enhancements (AL)
\c@float@type=\count196
\float@exts=\toks18
\float@box=\box51
\@float@everytoks=\toks19
\@floatcapt=\box52
)
(C:\Users\orfuc\AppData\Local\Programs\MiKTeX\tex/latex/base\ifthen.sty
Package: ifthen 2022/04/13 v1.1d Standard LaTeX ifthen package (DPC)
)
\@float@every@algorithm=\toks20
\c@algorithm=\count197
)
(C:\Users\orfuc\AppData\Local\Programs\MiKTeX\tex/latex/newfloat\newfloat.sty
Package: newfloat 2019/09/02 v1.1l Defining new floating environments (AR)
)
(C:\Users\orfuc\AppData\Local\Programs\MiKTeX\tex/latex/listings\listings.sty
\lst@mode=\count198
\lst@gtempboxa=\box53
\lst@token=\toks21
\lst@length=\count199
\lst@currlwidth=\dimen151
\lst@column=\count266
\lst@pos=\count267
\lst@lostspace=\dimen152
\lst@width=\dimen153
\lst@newlines=\count268
\lst@lineno=\count269
\lst@maxwidth=\dimen154

(C:\Users\orfuc\AppData\Local\Programs\MiKTeX\tex/latex/listings\lstmisc.sty
File: lstmisc.sty 2023/02/27 1.9 (Carsten Heinz)
\c@lstnumber=\count270
\lst@skipnumbers=\count271
\lst@framebox=\box54
)
(C:\Users\orfuc\AppData\Local\Programs\MiKTeX\tex/latex/listings\listings.cfg
File: listings.cfg 2023/02/27 1.9 listings configuration
))
Package: listings 2023/02/27 1.9 (Carsten Heinz)
\@float@every@listing=\toks22
\c@listing=\count272
(C:\Users\orfuc\AppData\Local\Programs\MiKTeX\tex/latex/booktabs\booktabs.sty
Package: booktabs 2020/01/12 v1.61803398 Publication quality tables
\heavyrulewidth=\dimen155
\lightrulewidth=\dimen156
\cmidrulewidth=\dimen157
\belowrulesep=\dimen158
\belowbottomsep=\dimen159
\aboverulesep=\dimen160
\abovetopsep=\dimen161
\cmidrulesep=\dimen162
\cmidrulekern=\dimen163
\defaultaddspace=\dimen164
\@cmidla=\count273
\@cmidlb=\count274
\@aboverulesep=\dimen165
\@belowrulesep=\dimen166
\@thisruleclass=\count275
\@lastruleclass=\count276
\@thisrulewidth=\dimen167
)
(C:\Users\orfuc\AppData\Local\Programs\MiKTeX\tex/latex/amsfonts\amssymb.sty
Package: amssymb 2013/01/14 v3.01 AMS font symbols

(C:\Users\orfuc\AppData\Local\Programs\MiKTeX\tex/latex/amsfonts\amsfonts.sty
Package: amsfonts 2013/01/14 v3.01 Basic AMSFonts support
\@emptytoks=\toks23
\symAMSa=\mathgroup4
\symAMSb=\mathgroup5
LaTeX Font Info:    Redeclaring math symbol \hbar on input line 98.
LaTeX Font Info:    Overwriting math alphabet `\mathfrak' in version `bold'
(Font)                  U/euf/m/n --> U/euf/b/n on input line 106.
)) (C:\Users\orfuc\AppData\Local\Programs\MiKTeX\tex/latex/amsmath\amsmath.sty
Package: amsmath 2023/05/13 v2.17o AMS math features
\@mathmargin=\skip53

For additional information on amsmath, use the `?' option.
(C:\Users\orfuc\AppData\Local\Programs\MiKTeX\tex/latex/amsmath\amstext.sty
Package: amstext 2021/08/26 v2.01 AMS text

(C:\Users\orfuc\AppData\Local\Programs\MiKTeX\tex/latex/amsmath\amsgen.sty
File: amsgen.sty 1999/11/30 v2.0 generic functions
\@emptytoks=\toks24
\ex@=\dimen168
))
(C:\Users\orfuc\AppData\Local\Programs\MiKTeX\tex/latex/amsmath\amsbsy.sty
Package: amsbsy 1999/11/29 v1.2d Bold Symbols
\pmbraise@=\dimen169
)
(C:\Users\orfuc\AppData\Local\Programs\MiKTeX\tex/latex/amsmath\amsopn.sty
Package: amsopn 2022/04/08 v2.04 operator names
)
\inf@bad=\count277
LaTeX Info: Redefining \frac on input line 234.
\uproot@=\count278
\leftroot@=\count279
LaTeX Info: Redefining \overline on input line 399.
LaTeX Info: Redefining \colon on input line 410.
\classnum@=\count280
\DOTSCASE@=\count281
LaTeX Info: Redefining \ldots on input line 496.
LaTeX Info: Redefining \dots on input line 499.
LaTeX Info: Redefining \cdots on input line 620.
\Mathstrutbox@=\box55
\strutbox@=\box56
LaTeX Info: Redefining \big on input line 722.
LaTeX Info: Redefining \Big on input line 723.
LaTeX Info: Redefining \bigg on input line 724.
LaTeX Info: Redefining \Bigg on input line 725.
\big@size=\dimen170
LaTeX Font Info:    Redeclaring font encoding OML on input line 743.
LaTeX Font Info:    Redeclaring font encoding OMS on input line 744.
\macc@depth=\count282
LaTeX Info: Redefining \bmod on input line 905.
LaTeX Info: Redefining \pmod on input line 910.
LaTeX Info: Redefining \smash on input line 940.
LaTeX Info: Redefining \relbar on input line 970.
LaTeX Info: Redefining \Relbar on input line 971.
\c@MaxMatrixCols=\count283
\dotsspace@=\muskip17
\c@parentequation=\count284
\dspbrk@lvl=\count285
\tag@help=\toks25
\row@=\count286
\column@=\count287
\maxfields@=\count288
\andhelp@=\toks26
\eqnshift@=\dimen171
\alignsep@=\dimen172
\tagshift@=\dimen173
\tagwidth@=\dimen174
\totwidth@=\dimen175
\lineht@=\dimen176
\@envbody=\toks27
\multlinegap=\skip54
\multlinetaggap=\skip55
\mathdisplay@stack=\toks28
LaTeX Info: Redefining \[ on input line 2953.
LaTeX Info: Redefining \] on input line 2954.
)
(C:\Users\orfuc\AppData\Local\Programs\MiKTeX\tex/latex/tools\bm.sty
Package: bm 2022/01/05 v1.2f Bold Symbol Support (DPC/FMi)
\symboldoperators=\mathgroup6
\symboldletters=\mathgroup7
\symboldsymbols=\mathgroup8
Package bm Info: No bold for \OMX/cmex/m/n, using \pmb.
Package bm Info: No bold for \U/msa/m/n, using \pmb.
Package bm Info: No bold for \U/msb/m/n, using \pmb.
LaTeX Font Info:    Redeclaring math alphabet \mathbf on input line 149.
)
(C:\Users\orfuc\AppData\Local\Programs\MiKTeX\tex/latex/multirow\multirow.sty
Package: multirow 2021/03/15 v2.8 Span multiple rows of a table
\multirow@colwidth=\skip56
\multirow@cntb=\count289
\multirow@dima=\skip57
\bigstrutjot=\dimen177
)
LaTeX Font Info:    Trying to load font information for OT1+ptm on input line 1
86.

(C:\Users\orfuc\AppData\Local\Programs\MiKTeX\tex/latex/psnfss\ot1ptm.fd
File: ot1ptm.fd 2001/06/04 font definitions for OT1/ptm.
)
(C:\Users\orfuc\AppData\Local\Programs\MiKTeX\tex/latex/l3backend\l3backend-pdf
tex.def
File: l3backend-pdftex.def 2023-04-19 L3 backend support: PDF output (pdfTeX)
\l__color_backend_stack_int=\count290
\l__pdf_internal_box=\box57
) (main_changed.aux)
\openout1 = `main_changed.aux'.

LaTeX Font Info:    Checking defaults for OML/cmm/m/it on input line 186.
LaTeX Font Info:    ... okay on input line 186.
LaTeX Font Info:    Checking defaults for OMS/cmsy/m/n on input line 186.
LaTeX Font Info:    ... okay on input line 186.
LaTeX Font Info:    Checking defaults for OT1/cmr/m/n on input line 186.
LaTeX Font Info:    ... okay on input line 186.
LaTeX Font Info:    Checking defaults for T1/cmr/m/n on input line 186.
LaTeX Font Info:    ... okay on input line 186.
LaTeX Font Info:    Checking defaults for TS1/cmr/m/n on input line 186.
LaTeX Font Info:    ... okay on input line 186.
LaTeX Font Info:    Checking defaults for OMX/cmex/m/n on input line 186.
LaTeX Font Info:    ... okay on input line 186.
LaTeX Font Info:    Checking defaults for U/cmr/m/n on input line 186.
LaTeX Font Info:    ... okay on input line 186.

(C:\Users\orfuc\AppData\Local\Programs\MiKTeX\tex/context/base/mkii\supp-pdf.mk
ii
[Loading MPS to PDF converter (version 2006.09.02).]
\scratchcounter=\count291
\scratchdimen=\dimen178
\scratchbox=\box58
\nofMPsegments=\count292
\nofMParguments=\count293
\everyMPshowfont=\toks29
\MPscratchCnt=\count294
\MPscratchDim=\dimen179
\MPnumerator=\count295
\makeMPintoPDFobject=\count296
\everyMPtoPDFconversion=\toks30
)
(C:\Users\orfuc\AppData\Local\Programs\MiKTeX\tex/latex/epstopdf-pkg\epstopdf-b
ase.sty
Package: epstopdf-base 2020-01-24 v2.11 Base part for package epstopdf
Package epstopdf-base Info: Redefining graphics rule for `.eps' on input line 4
85.

(C:\Users\orfuc\AppData\Local\Programs\MiKTeX\tex/latex/00miktex\epstopdf-sys.c
fg
File: epstopdf-sys.cfg 2021/03/18 v2.0 Configuration of epstopdf for MiKTeX
))
Package caption Info: Begin \AtBeginDocument code.
Package caption Info: float package is loaded.
Package caption Info: listings package is loaded.
Package caption Info: End \AtBeginDocument code.
Package newfloat Info: `float' package detected.
\c@lstlisting=\count297
\c@eqfn=\count298
\titlearea=\box59
LaTeX Font Info:    Trying to load font information for U+msa on input line 188
.
 (C:\Users\orfuc\AppData\Local\Programs\MiKTeX\tex/latex/amsfonts\umsa.fd
File: umsa.fd 2013/01/14 v3.01 AMS symbols A
)
LaTeX Font Info:    Trying to load font information for U+msb on input line 188
.

(C:\Users\orfuc\AppData\Local\Programs\MiKTeX\tex/latex/amsfonts\umsb.fd
File: umsb.fd 2013/01/14 v3.01 AMS symbols B
)
LaTeX Font Info:    Trying to load font information for OMS+ptm on input line 1
88.

(C:\Users\orfuc\AppData\Local\Programs\MiKTeX\tex/latex/psnfss\omsptm.fd
File: omsptm.fd 
)
LaTeX Font Info:    Font shape `OMS/ptm/m/n' in size <10> not available
(Font)              Font shape `OMS/cmsy/m/n' tried instead on input line 188.
\actualheight=\skip58
LaTeX Font Info:    Trying to load font information for TS1+ptm on input line 1
88.

(C:\Users\orfuc\AppData\Local\Programs\MiKTeX\tex/latex/psnfss\ts1ptm.fd
File: ts1ptm.fd 2001/06/04 font definitions for TS1/ptm.
)
Underfull \hbox (badness 1122) in paragraph at lines 191--193
\OT1/ptm/m/n/9 si-fi-ca-tion is to learn fea-ture rep-re-sen-ta-tions with high
er
 []



pdfTeX warning: pdflatex (file ./figures/1.1.pdf): PDF inclusion: found PDF ver
sion <1.7>, but at most version <1.5> allowed
<figures/1.1.pdf, id=1, 585.98122pt x 274.00868pt>
File: figures/1.1.pdf Graphic file (type pdf)
<use figures/1.1.pdf>
Package pdftex.def Info: figures/1.1.pdf  used on input line 199.
(pdftex.def)             Requested size: 203.48668pt x 95.15187pt.

Package natbib Warning: Citation `muhammad2020eigen' on page 1 undefined on inp
ut line 200.


Package natbib Warning: Citation `NIPS2017_cb8da676' on page 1 undefined on inp
ut line 200.


Package natbib Warning: Citation `Wertheimer_2021_CVPR' on page 1 undefined on 
input line 200.


Package natbib Warning: Citation `muhammad2020eigen' on page 1 undefined on inp
ut line 200.


Package natbib Warning: Citation `NIPS2017_cb8da676' on page 1 undefined on inp
ut line 200.


Package natbib Warning: Citation `Wertheimer_2021_CVPR' on page 1 undefined on 
input line 200.


Underfull \hbox (badness 1389) in paragraph at lines 200--200
\OT1/ptm/m/n/10 from Eigen-CAM (\OT1/ptm/b/n/10 ?\OT1/ptm/m/n/10 ) based on a P
ro-toNet (\OT1/ptm/b/n/10 ?\OT1/ptm/m/n/10 ) model
 []


Package natbib Warning: Citation `Huang2021LowRankPA' on page 1 undefined on in
put line 206.


Package natbib Warning: Citation `9293172' on page 1 undefined on input line 20
6.


Package natbib Warning: Citation `3401454f29a841a29142c97833857e78' on page 1 u
ndefined on input line 206.


Package natbib Warning: Citation `NIPS2017_cb8da676' on page 1 undefined on inp
ut line 208.


Package natbib Warning: Citation `WelinderEtal2010' on page 1 undefined on inpu
t line 208.


Package natbib Warning: Citation `Huang2021LowRankPA' on page 1 undefined on in
put line 212.


Package natbib Warning: Citation `sun2020few' on page 1 undefined on input line
 212.


Package natbib Warning: Citation `zhu2020multi' on page 1 undefined on input li
ne 212.


Package natbib Warning: Citation `Wertheimer_2021_CVPR' on page 1 undefined on 
input line 212.


Package natbib Warning: Citation `NEURIPS2020_fa28c6cd' on page 1 undefined on 
input line 212.


Package natbib Warning: Citation `Wertheimer_2021_CVPR' on page 1 undefined on 
input line 212.


Package natbib Warning: Citation `NIPS2017_cb8da676' on page 1 undefined on inp
ut line 212.



pdfTeX warning: pdflatex (file ./figures/1.2.pdf): PDF inclusion: found PDF ver
sion <1.7>, but at most version <1.5> allowed
<figures/1.2.pdf, id=2, 556.6717pt x 199.1711pt>
File: figures/1.2.pdf Graphic file (type pdf)
<use figures/1.2.pdf>
Package pdftex.def Info: figures/1.2.pdf  used on input line 217.
(pdftex.def)             Requested size: 404.71353pt x 144.8041pt.

Package natbib Warning: Citation `Wertheimer_2021_CVPR' on page 1 undefined on 
input line 218.


Package natbib Warning: Citation `Wertheimer_2021_CVPR' on page 1 undefined on 
input line 218.


Package natbib Warning: Citation `Wertheimer_2021_CVPR' on page 1 undefined on 
input line 223.


Package natbib Warning: Citation `NEURIPS2020_fa28c6cd' on page 1 undefined on 
input line 223.

[1{C:/Users/orfuc/AppData/Local/MiKTeX/fonts/map/pdftex/pdftex.map}{C:/Users/or
fuc/AppData/Local/Programs/MiKTeX/fonts/enc/dvips/base/8r.enc}



 <./figures/1.1.pdf>]

Package natbib Warning: Citation `Wertheimer_2021_CVPR' on page 2 undefined on 
input line 234.


Underfull \hbox (badness 4582) in paragraph at lines 234--235
[]\OT1/ptm/m/n/10 Our bi-directional fea-ture re-con-struc-tion frame-work
 []


Package natbib Warning: Citation `Li2021DeepML' on page 2 undefined on input li
ne 252.


Package natbib Warning: Citation `NIPS2017_cb8da676' on page 2 undefined on inp
ut line 253.


Package natbib Warning: Citation `DBLP:conf/nips/VinyalsBLKW16' on page 2 undef
ined on input line 253.


Package natbib Warning: Citation `8578229' on page 2 undefined on input line 25
3.


Package natbib Warning: Citation `garcia2018fewshot' on page 2 undefined on inp
ut line 254.


Package natbib Warning: Citation `Kim_2019_CVPR' on page 2 undefined on input l
ine 254.


Package natbib Warning: Citation `Yang_2020_CVPR' on page 2 undefined on input 
line 254.


Package natbib Warning: Citation `8953758' on page 2 undefined on input line 25
6.


Package natbib Warning: Citation `9293172' on page 2 undefined on input line 25
6.


Package natbib Warning: Citation `Zhang2021NDPNetAN' on page 2 undefined on inp
ut line 257.


Package natbib Warning: Citation `Wu_2019_ICCV' on page 2 undefined on input li
ne 265.


Package natbib Warning: Citation `Hao2019CollectAS' on page 2 undefined on inpu
t line 266.


Package natbib Warning: Citation `Zhang_2020_CVPR' on page 2 undefined on input
 line 267.


Package natbib Warning: Citation `NEURIPS2020_fa28c6cd' on page 2 undefined on 
input line 269.


Package natbib Warning: Citation `Wertheimer_2021_CVPR' on page 2 undefined on 
input line 270.

[2 <./figures/1.2.pdf>]

Package natbib Warning: Citation `NIPS2017_3f5ee243' on page 3 undefined on inp
ut line 278.


Package natbib Warning: Citation `NIPS2017_3f5ee243' on page 3 undefined on inp
ut line 279.


Package natbib Warning: Citation `Devlin2019BERTPO' on page 3 undefined on inpu
t line 279.


Package natbib Warning: Citation `brown2020language' on page 3 undefined on inp
ut line 279.


Package natbib Warning: Citation `dosovitskiy2021an' on page 3 undefined on inp
ut line 279.


Package natbib Warning: Citation `hassani2021escaping' on page 3 undefined on i
nput line 279.


Package natbib Warning: Citation `Chen2021CrossViTCM' on page 3 undefined on in
put line 279.


Package natbib Warning: Citation `Ye_2020_CVPR' on page 3 undefined on input li
ne 280.


Package natbib Warning: Citation `NEURIPS2020_fa28c6cd' on page 3 undefined on 
input line 281.


Package natbib Warning: Citation `Finn2017ModelAgnosticMF' on page 3 undefined 
on input line 301.


Package natbib Warning: Citation `ye2022how' on page 3 undefined on input line 
301.


Underfull \hbox (badness 10000) in paragraph at lines 301--303
[]\OT1/ptm/m/n/10 Many few-shot meth-ods adopt the meta-learning
 []



pdfTeX warning: pdflatex (file ./figures/3.1.pdf): PDF inclusion: found PDF ver
sion <1.7>, but at most version <1.5> allowed
<figures/3.1.pdf, id=82, 663.22781pt x 202.50656pt>
File: figures/3.1.pdf Graphic file (type pdf)
<use figures/3.1.pdf>
Package pdftex.def Info: figures/3.1.pdf  used on input line 308.
(pdftex.def)             Requested size: 455.2979pt x 139.01895pt.


pdfTeX warning: pdflatex (file ./figures/3.2.pdf): PDF inclusion: found PDF ver
sion <1.7>, but at most version <1.5> allowed
<figures/3.2.pdf, id=83, 255.20343pt x 92.345pt>
File: figures/3.2.pdf Graphic file (type pdf)
<use figures/3.2.pdf>
Package pdftex.def Info: figures/3.2.pdf  used on input line 336.
(pdftex.def)             Requested size: 203.48668pt x 73.63513pt.

Underfull \hbox (badness 2790) in paragraph at lines 341--343
\OT1/ptm/m/n/10 We con-structed the fea-ture self-reconstruction mod-ule
 []

[3]

Package natbib Warning: Citation `dosovitskiy2021an' on page 4 undefined on inp
ut line 344.


Package natbib Warning: Citation `NIPS2017_3f5ee243' on page 4 undefined on inp
ut line 344.


Package natbib Warning: Citation `NIPS2017_3f5ee243' on page 4 undefined on inp
ut line 346.



pdfTeX warning: pdflatex (file ./figures/3.3.pdf): PDF inclusion: found PDF ver
sion <1.7>, but at most version <1.5> allowed
<figures/3.3.pdf, id=92, 837.57858pt x 427.22119pt>
File: figures/3.3.pdf Graphic file (type pdf)
<use figures/3.3.pdf>
Package pdftex.def Info: figures/3.3.pdf  used on input line 365.
(pdftex.def)             Requested size: 191.51622pt x 97.68513pt.

Underfull \hbox (badness 7486) in paragraph at lines 376--378
\OT1/ptm/m/n/10 We pro-pose Fea-ture Mu-tual Re-con-struc-tion Mod-ule
 []

[4 <./figures/3.1.pdf> <./figures/3.2.pdf

pdfTeX warning: pdflatex (file ./figures/3.2.pdf): PDF inclusion: multiple pdfs
 with page group included in a single page
> <./figures/3.3.pdf

pdfTeX warning: pdflatex (file ./figures/3.3.pdf): PDF inclusion: multiple pdfs
 with page group included in a single page
>]

Package natbib Warning: Citation `Wertheimer_2021_CVPR' on page 5 undefined on 
input line 428.


Package natbib Warning: Citation `Ye_2020_CVPR' on page 5 undefined on input li
ne 428.


Package natbib Warning: Citation `Chen2020ANM' on page 5 undefined on input lin
e 428.


Package natbib Warning: Citation `Gidaris2018DynamicFV' on page 5 undefined on 
input line 428.


Package natbib Warning: Citation `WelinderEtal2010' on page 5 undefined on inpu
t line 522.


Package natbib Warning: Citation `Zhang_2020_CVPR' on page 5 undefined on input
 line 522.


Package natbib Warning: Citation `Ye_2020_CVPR' on page 5 undefined on input li
ne 522.


Package natbib Warning: Citation `KhoslaYaoJayadevaprakashFeiFei_FGVC2011' on p
age 5 undefined on input line 523.


Package natbib Warning: Citation `6755945' on page 5 undefined on input line 52
4.


Package natbib Warning: Citation `zhu2020multi' on page 5 undefined on input li
ne 525.


Package natbib Warning: Citation `Wertheimer_2021_CVPR' on page 5 undefined on 
input line 534.


Package natbib Warning: Citation `Ye_2020_CVPR' on page 5 undefined on input li
ne 534.


Package natbib Warning: Citation `Paszke2019PyTorchAI' on page 5 undefined on i
nput line 535.


Underfull \hbox (badness 1681) in paragraph at lines 533--540
[]\OT1/ptm/b/n/10 Implementation De-tails: \OT1/ptm/m/n/10 We con-ducted ex-per
-i-ments
 []


Package natbib Warning: Citation `8578229' on page 5 undefined on input line 85
7.


Package natbib Warning: Citation `8953758' on page 5 undefined on input line 85
7.


Package natbib Warning: Citation `9293172' on page 5 undefined on input line 85
7.


Package natbib Warning: Citation `9293172' on page 5 undefined on input line 85
7.


Package natbib Warning: Citation `Hao2019CollectAS' on page 5 undefined on inpu
t line 857.


Package natbib Warning: Citation `Zhang_2020_CVPR' on page 5 undefined on input
 line 857.


Package natbib Warning: Citation `Cao2022AFF' on page 5 undefined on input line
 857.


Package natbib Warning: Citation `Huang2021LowRankPA' on page 5 undefined on in
put line 857.


Package natbib Warning: Citation `zhu2020multi' on page 5 undefined on input li
ne 857.


Package natbib Warning: Citation `NIPS2017_cb8da676' on page 5 undefined on inp
ut line 857.


Package natbib Warning: Citation `Wu_2019_ICCV' on page 5 undefined on input li
ne 857.


Package natbib Warning: Citation `NEURIPS2020_fa28c6cd' on page 5 undefined on 
input line 857.


Package natbib Warning: Citation `Wertheimer_2021_CVPR' on page 5 undefined on 
input line 857.


Package natbib Warning: Citation `lee2022task' on page 5 undefined on input lin
e 857.


Package natbib Warning: Citation `Zhang_2020_CVPR' on page 5 undefined on input
 line 857.



pdfTeX warning: pdflatex (file ./figures/5.pdf): PDF inclusion: found PDF versi
on <1.7>, but at most version <1.5> allowed
<figures/5.pdf, id=217, 963.6pt x 289.83281pt>
File: figures/5.pdf Graphic file (type pdf)
<use figures/5.pdf>
Package pdftex.def Info: figures/5.pdf  used on input line 959.
(pdftex.def)             Requested size: 404.71353pt x 121.72894pt.

Package natbib Warning: Citation `KhoslaYaoJayadevaprakashFeiFei_FGVC2011' on p
age 5 undefined on input line 966.


Package natbib Warning: Citation `NIPS2017_cb8da676' on page 5 undefined on inp
ut line 987.


Underfull \hbox (badness 7433) in paragraph at lines 992--995
[]\OT1/ptm/b/n/10 The Ef-fec-tive-ness of Mu-tual Re-con-struc-tion in
 []

[5]
Underfull \vbox (badness 10000) has occurred while \output is active []


Underfull \vbox (badness 10000) has occurred while \output is active []

 [6]
No file main_changed.bbl.
[7 <./figures/5.pdf>]

Package natbib Warning: There were undefined citations.

[8

] (main_changed.aux)
 ***********
LaTeX2e <2023-06-01> patch level 1
L3 programming layer <2023-08-29>
 ***********
 ) 
Here is how much of TeX's memory you used:
 6560 strings out of 475247
 104367 string characters out of 5757792
 1959801 words of memory out of 5000000
 27980 multiletter control sequences out of 15000+600000
 592731 words of font info for 118 fonts, out of 8000000 for 9000
 1141 hyphenation exceptions out of 8191
 57i,10n,65p,1837b,355s stack positions out of 10000i,1000n,20000p,200000b,200000s
<C:/Users/orfuc/AppData/Local/Programs/MiKTeX/fonts/type1/public/amsfonts/cm/
cmex10.pfb><C:/Users/orfuc/AppData/Local/Programs/MiKTeX/fonts/type1/public/ams
fonts/cm/cmmi10.pfb><C:/Users/orfuc/AppData/Local/Programs/MiKTeX/fonts/type1/p
ublic/amsfonts/cm/cmmi5.pfb><C:/Users/orfuc/AppData/Local/Programs/MiKTeX/fonts
/type1/public/amsfonts/cm/cmmi7.pfb><C:/Users/orfuc/AppData/Local/Programs/MiKT
eX/fonts/type1/public/amsfonts/cm/cmr10.pfb><C:/Users/orfuc/AppData/Local/Progr
ams/MiKTeX/fonts/type1/public/amsfonts/cm/cmr7.pfb><C:/Users/orfuc/AppData/Loca
l/Programs/MiKTeX/fonts/type1/public/amsfonts/cm/cmsy10.pfb><C:/Users/orfuc/App
Data/Local/Programs/MiKTeX/fonts/type1/public/amsfonts/cm/cmsy7.pfb><C:/Users/o
rfuc/AppData/Local/Programs/MiKTeX/fonts/type1/public/amsfonts/symbols/msbm10.p
fb><C:/Users/orfuc/AppData/Local/Programs/MiKTeX/fonts/type1/urw/times/utmb8a.p
fb><C:/Users/orfuc/AppData/Local/Programs/MiKTeX/fonts/type1/urw/times/utmr8a.p
fb><C:/Users/orfuc/AppData/Local/Programs/MiKTeX/fonts/type1/urw/times/utmri8a.
pfb>
Output written on main_changed.pdf (8 pages, 562557 bytes).
PDF statistics:
 298 PDF objects out of 1000 (max. 8388607)
 0 named destinations out of 1000 (max. 500000)
 31 words of extra memory for PDF output out of 10000 (max. 10000000)

