This is pdfTeX, Version 3.141592653-2.6-1.40.25 (MiKTeX 23.9) (preloaded format=pdflatex 2023.9.22)  19 JAN 2024 14:02
entering extended mode
 restricted \write18 enabled.
 %&-line parsing enabled.
**./main_changed.tex
(main_changed.tex
LaTeX2e <2023-06-01> patch level 1
L3 programming layer <2023-08-29>
(C:\Users\micha\AppData\Local\Programs\MiKTeX\tex/latex/base\article.cls
Document Class: article 2023/05/17 v1.4n Standard LaTeX document class
(C:\Users\micha\AppData\Local\Programs\MiKTeX\tex/latex/base\size10.clo
File: size10.clo 2023/05/17 v1.4n Standard LaTeX file (size option)
)
\c@part=\count185
\c@section=\count186
\c@subsection=\count187
\c@subsubsection=\count188
\c@paragraph=\count189
\c@subparagraph=\count190
\c@figure=\count191
\c@table=\count192
\abovecaptionskip=\skip48
\belowcaptionskip=\skip49
\bibindent=\dimen140
)
(aaai24.sty
Package: aaai24 2023/06/26 AAAI 2024 Submission format

Conference Style for AAAI for LaTeX 2e -- version for submission
\titlebox=\skip50
) (C:\Users\micha\AppData\Local\Programs\MiKTeX\tex/latex/psnfss\times.sty
Package: times 2020/03/25 PSNFSS-v9.3 (SPQR) 
)
(C:\Users\micha\AppData\Local\Programs\MiKTeX\tex/latex/psnfss\helvet.sty
Package: helvet 2020/03/25 PSNFSS-v9.3 (WaS) 

(C:\Users\micha\AppData\Local\Programs\MiKTeX\tex/latex/graphics\keyval.sty
Package: keyval 2022/05/29 v1.15 key=value parser (DPC)
\KV@toks@=\toks17
))
(C:\Users\micha\AppData\Local\Programs\MiKTeX\tex/latex/psnfss\courier.sty
Package: courier 2020/03/25 PSNFSS-v9.3 (WaS) 
)
(C:\Users\micha\AppData\Local\Programs\MiKTeX\tex/latex/url\url.sty
\Urlmuskip=\muskip16
Package: url 2013/09/16  ver 3.4  Verb mode for urls, etc.
)
(C:\Users\micha\AppData\Local\Programs\MiKTeX\tex/latex/graphics\graphicx.sty
Package: graphicx 2021/09/16 v1.2d Enhanced LaTeX Graphics (DPC,SPQR)

(C:\Users\micha\AppData\Local\Programs\MiKTeX\tex/latex/graphics\graphics.sty
Package: graphics 2022/03/10 v1.4e Standard LaTeX Graphics (DPC,SPQR)

(C:\Users\micha\AppData\Local\Programs\MiKTeX\tex/latex/graphics\trig.sty
Package: trig 2021/08/11 v1.11 sin cos tan (DPC)
)
(C:\Users\micha\AppData\Local\Programs\MiKTeX\tex/latex/graphics-cfg\graphics.c
fg
File: graphics.cfg 2016/06/04 v1.11 sample graphics configuration
)
Package graphics Info: Driver file: pdftex.def on input line 107.

(C:\Users\micha\AppData\Local\Programs\MiKTeX\tex/latex/graphics-def\pdftex.def
File: pdftex.def 2022/09/22 v1.2b Graphics/color driver for pdftex
))
\Gin@req@height=\dimen141
\Gin@req@width=\dimen142
) (C:\Users\micha\AppData\Local\Programs\MiKTeX\tex/latex/natbib\natbib.sty
Package: natbib 2010/09/13 8.31b (PWD, AO)
\bibhang=\skip51
\bibsep=\skip52
LaTeX Info: Redefining \cite on input line 694.
\c@NAT@ctr=\count193
)
(C:\Users\micha\AppData\Local\Programs\MiKTeX\tex/latex/caption\caption.sty
Package: caption 2023/07/31 v3.6n Customizing captions (AR)

(C:\Users\micha\AppData\Local\Programs\MiKTeX\tex/latex/caption\caption3.sty
Package: caption3 2023/07/31 v2.4d caption3 kernel (AR)
\caption@tempdima=\dimen143
\captionmargin=\dimen144
\caption@leftmargin=\dimen145
\caption@rightmargin=\dimen146
\caption@width=\dimen147
\caption@indent=\dimen148
\caption@parindent=\dimen149
\caption@hangindent=\dimen150
Package caption Info: Standard document class detected.
)
\c@caption@flags=\count194
\c@continuedfloat=\count195
)
(C:\Users\micha\AppData\Local\Programs\MiKTeX\tex/latex/algorithms\algorithm.st
y
Package: algorithm 2009/08/24 v0.1 Document Style `algorithm' - floating enviro
nment
 (C:\Users\micha\AppData\Local\Programs\MiKTeX\tex/latex/float\float.sty
Package: float 2001/11/08 v1.3d Float enhancements (AL)
\c@float@type=\count196
\float@exts=\toks18
\float@box=\box51
\@float@everytoks=\toks19
\@floatcapt=\box52
)
(C:\Users\micha\AppData\Local\Programs\MiKTeX\tex/latex/base\ifthen.sty
Package: ifthen 2022/04/13 v1.1d Standard LaTeX ifthen package (DPC)
)
\@float@every@algorithm=\toks20
\c@algorithm=\count197
)
(C:\Users\micha\AppData\Local\Programs\MiKTeX\tex/latex/algorithms\algorithmic.
sty
Package: algorithmic 2009/08/24 v0.1 Document Style `algorithmic'
\c@ALC@unique=\count198
\c@ALC@line=\count199
\c@ALC@rem=\count266
\c@ALC@depth=\count267
\ALC@tlm=\skip53
\algorithmicindent=\skip54
)
(C:\Users\micha\AppData\Local\Programs\MiKTeX\tex/latex/multirow\multirow.sty
Package: multirow 2021/03/15 v2.8 Span multiple rows of a table
\multirow@colwidth=\skip55
\multirow@cntb=\count268
\multirow@dima=\skip56
\bigstrutjot=\dimen151
)
(C:\Users\micha\AppData\Local\Programs\MiKTeX\tex/latex/booktabs\booktabs.sty
Package: booktabs 2020/01/12 v1.61803398 Publication quality tables
\heavyrulewidth=\dimen152
\lightrulewidth=\dimen153
\cmidrulewidth=\dimen154
\belowrulesep=\dimen155
\belowbottomsep=\dimen156
\aboverulesep=\dimen157
\abovetopsep=\dimen158
\cmidrulesep=\dimen159
\cmidrulekern=\dimen160
\defaultaddspace=\dimen161
\@cmidla=\count269
\@cmidlb=\count270
\@aboverulesep=\dimen162
\@belowrulesep=\dimen163
\@thisruleclass=\count271
\@lastruleclass=\count272
\@thisrulewidth=\dimen164
)
(C:\Users\micha\AppData\Local\Programs\MiKTeX\tex/latex/amsfonts\amssymb.sty
Package: amssymb 2013/01/14 v3.01 AMS font symbols

(C:\Users\micha\AppData\Local\Programs\MiKTeX\tex/latex/amsfonts\amsfonts.sty
Package: amsfonts 2013/01/14 v3.01 Basic AMSFonts support
\@emptytoks=\toks21
\symAMSa=\mathgroup4
\symAMSb=\mathgroup5
LaTeX Font Info:    Redeclaring math symbol \hbar on input line 98.
LaTeX Font Info:    Overwriting math alphabet `\mathfrak' in version `bold'
(Font)                  U/euf/m/n --> U/euf/b/n on input line 106.
)) (C:\Users\micha\AppData\Local\Programs\MiKTeX\tex/latex/amsmath\amsmath.sty
Package: amsmath 2023/05/13 v2.17o AMS math features
\@mathmargin=\skip57

For additional information on amsmath, use the `?' option.
(C:\Users\micha\AppData\Local\Programs\MiKTeX\tex/latex/amsmath\amstext.sty
Package: amstext 2021/08/26 v2.01 AMS text

(C:\Users\micha\AppData\Local\Programs\MiKTeX\tex/latex/amsmath\amsgen.sty
File: amsgen.sty 1999/11/30 v2.0 generic functions
\@emptytoks=\toks22
\ex@=\dimen165
))
(C:\Users\micha\AppData\Local\Programs\MiKTeX\tex/latex/amsmath\amsbsy.sty
Package: amsbsy 1999/11/29 v1.2d Bold Symbols
\pmbraise@=\dimen166
)
(C:\Users\micha\AppData\Local\Programs\MiKTeX\tex/latex/amsmath\amsopn.sty
Package: amsopn 2022/04/08 v2.04 operator names
)
\inf@bad=\count273
LaTeX Info: Redefining \frac on input line 234.
\uproot@=\count274
\leftroot@=\count275
LaTeX Info: Redefining \overline on input line 399.
LaTeX Info: Redefining \colon on input line 410.
\classnum@=\count276
\DOTSCASE@=\count277
LaTeX Info: Redefining \ldots on input line 496.
LaTeX Info: Redefining \dots on input line 499.
LaTeX Info: Redefining \cdots on input line 620.
\Mathstrutbox@=\box53
\strutbox@=\box54
LaTeX Info: Redefining \big on input line 722.
LaTeX Info: Redefining \Big on input line 723.
LaTeX Info: Redefining \bigg on input line 724.
LaTeX Info: Redefining \Bigg on input line 725.
\big@size=\dimen167
LaTeX Font Info:    Redeclaring font encoding OML on input line 743.
LaTeX Font Info:    Redeclaring font encoding OMS on input line 744.
\macc@depth=\count278
LaTeX Info: Redefining \bmod on input line 905.
LaTeX Info: Redefining \pmod on input line 910.
LaTeX Info: Redefining \smash on input line 940.
LaTeX Info: Redefining \relbar on input line 970.
LaTeX Info: Redefining \Relbar on input line 971.
\c@MaxMatrixCols=\count279
\dotsspace@=\muskip17
\c@parentequation=\count280
\dspbrk@lvl=\count281
\tag@help=\toks23
\row@=\count282
\column@=\count283
\maxfields@=\count284
\andhelp@=\toks24
\eqnshift@=\dimen168
\alignsep@=\dimen169
\tagshift@=\dimen170
\tagwidth@=\dimen171
\totwidth@=\dimen172
\lineht@=\dimen173
\@envbody=\toks25
\multlinegap=\skip58
\multlinetaggap=\skip59
\mathdisplay@stack=\toks26
LaTeX Info: Redefining \[ on input line 2953.
LaTeX Info: Redefining \] on input line 2954.
)
(C:\Users\micha\AppData\Local\Programs\MiKTeX\tex/latex/newfloat\newfloat.sty
Package: newfloat 2023/10/01 v1.2 Defining new floating environments (AR)
)
(C:\Users\micha\AppData\Local\Programs\MiKTeX\tex/latex/listings\listings.sty
\lst@mode=\count285
\lst@gtempboxa=\box55
\lst@token=\toks27
\lst@length=\count286
\lst@currlwidth=\dimen174
\lst@column=\count287
\lst@pos=\count288
\lst@lostspace=\dimen175
\lst@width=\dimen176
\lst@newlines=\count289
\lst@lineno=\count290
\lst@maxwidth=\dimen177

(C:\Users\micha\AppData\Local\Programs\MiKTeX\tex/latex/listings\lstmisc.sty
File: lstmisc.sty 2023/02/27 1.9 (Carsten Heinz)
\c@lstnumber=\count291
\lst@skipnumbers=\count292
\lst@framebox=\box56
)
(C:\Users\micha\AppData\Local\Programs\MiKTeX\tex/latex/listings\listings.cfg
File: listings.cfg 2023/02/27 1.9 listings configuration
))
Package: listings 2023/02/27 1.9 (Carsten Heinz)
\@float@every@listing=\toks28
\c@listing=\count293
(C:\Users\micha\AppData\Local\Programs\MiKTeX\tex/latex/natbib\bibentry.sty
Package: bibentry 2007/10/30 1.5 (PWD)
)
LaTeX Font Info:    Trying to load font information for OT1+ptm on input line 1
49.

(C:\Users\micha\AppData\Local\Programs\MiKTeX\tex/latex/psnfss\ot1ptm.fd
File: ot1ptm.fd 2001/06/04 font definitions for OT1/ptm.
)
(C:\Users\micha\AppData\Local\Programs\MiKTeX\tex/latex/l3backend\l3backend-pdf
tex.def
File: l3backend-pdftex.def 2023-04-19 L3 backend support: PDF output (pdfTeX)
\l__color_backend_stack_int=\count294
\l__pdf_internal_box=\box57
) (main_changed.aux)
\openout1 = `main_changed.aux'.

LaTeX Font Info:    Checking defaults for OML/cmm/m/it on input line 149.
LaTeX Font Info:    ... okay on input line 149.
LaTeX Font Info:    Checking defaults for OMS/cmsy/m/n on input line 149.
LaTeX Font Info:    ... okay on input line 149.
LaTeX Font Info:    Checking defaults for OT1/cmr/m/n on input line 149.
LaTeX Font Info:    ... okay on input line 149.
LaTeX Font Info:    Checking defaults for T1/cmr/m/n on input line 149.
LaTeX Font Info:    ... okay on input line 149.
LaTeX Font Info:    Checking defaults for TS1/cmr/m/n on input line 149.
LaTeX Font Info:    ... okay on input line 149.
LaTeX Font Info:    Checking defaults for OMX/cmex/m/n on input line 149.
LaTeX Font Info:    ... okay on input line 149.
LaTeX Font Info:    Checking defaults for U/cmr/m/n on input line 149.
LaTeX Font Info:    ... okay on input line 149.

(C:\Users\micha\AppData\Local\Programs\MiKTeX\tex/context/base/mkii\supp-pdf.mk
ii
[Loading MPS to PDF converter (version 2006.09.02).]
\scratchcounter=\count295
\scratchdimen=\dimen178
\scratchbox=\box58
\nofMPsegments=\count296
\nofMParguments=\count297
\everyMPshowfont=\toks29
\MPscratchCnt=\count298
\MPscratchDim=\dimen179
\MPnumerator=\count299
\makeMPintoPDFobject=\count300
\everyMPtoPDFconversion=\toks30
)
(C:\Users\micha\AppData\Local\Programs\MiKTeX\tex/latex/epstopdf-pkg\epstopdf-b
ase.sty
Package: epstopdf-base 2020-01-24 v2.11 Base part for package epstopdf
Package epstopdf-base Info: Redefining graphics rule for `.eps' on input line 4
85.

(C:\Users\micha\AppData\Local\Programs\MiKTeX\tex/latex/00miktex\epstopdf-sys.c
fg
File: epstopdf-sys.cfg 2021/03/18 v2.0 Configuration of epstopdf for MiKTeX
))
Package caption Info: Begin \AtBeginDocument code.
Package caption Info: float package is loaded.
Package caption Info: listings package is loaded.
Package caption Info: End \AtBeginDocument code.
Package newfloat Info: `float' package detected.
\c@lstlisting=\count301
\c@eqfn=\count302
\titlearea=\box59
LaTeX Font Info:    Trying to load font information for U+msa on input line 151
.
 (C:\Users\micha\AppData\Local\Programs\MiKTeX\tex/latex/amsfonts\umsa.fd
File: umsa.fd 2013/01/14 v3.01 AMS symbols A
)
LaTeX Font Info:    Trying to load font information for U+msb on input line 151
.

(C:\Users\micha\AppData\Local\Programs\MiKTeX\tex/latex/amsfonts\umsb.fd
File: umsb.fd 2013/01/14 v3.01 AMS symbols B
)
\actualheight=\skip60
LaTeX Font Info:    Trying to load font information for TS1+ptm on input line 1
51.

(C:\Users\micha\AppData\Local\Programs\MiKTeX\tex/latex/psnfss\ts1ptm.fd
File: ts1ptm.fd 2001/06/04 font definitions for TS1/ptm.
)

pdfTeX warning: pdflatex.exe (file ./methods_compare.pdf): PDF inclusion: found
 PDF version <1.7>, but at most version <1.5> allowed
<methods_compare.pdf, id=1, 3154.58556pt x 1993.2066pt>
File: methods_compare.pdf Graphic file (type pdf)
<use methods_compare.pdf>
Package pdftex.def Info: methods_compare.pdf  used on input line 160.
(pdftex.def)             Requested size: 227.42392pt x 143.675pt.

Package natbib Warning: Citation `long2022pc2' on page 1 undefined on input lin
e 161.


Package natbib Warning: Citation `he2023grad' on page 1 undefined on input line
 161.


Package natbib Warning: Citation `long2022pc2' on page 1 undefined on input lin
e 161.


Package natbib Warning: Citation `he2023grad' on page 1 undefined on input line
 161.


Package natbib Warning: Citation `zhang2019review' on page 1 undefined on input
 line 166.


Package natbib Warning: Citation `chen2023unsupervised' on page 1 undefined on 
input line 166.


Package natbib Warning: Citation `dai2020neural' on page 1 undefined on input l
ine 166.


Package natbib Warning: Citation `yu2018pu' on page 1 undefined on input line 1
69.


Package natbib Warning: Citation `li2019pu' on page 1 undefined on input line 1
69.


Package natbib Warning: Citation `qian2021pu' on page 1 undefined on input line
 169.


Package natbib Warning: Citation `feng2022neural' on page 1 undefined on input 
line 169.


Package natbib Warning: Citation `li2021point' on page 1 undefined on input lin
e 169.


Package natbib Warning: Citation `luo2021pu' on page 1 undefined on input line 
169.


Package natbib Warning: Citation `qian2021deep' on page 1 undefined on input li
ne 169.


Package natbib Warning: Citation `he2023grad' on page 1 undefined on input line
 169.


Package natbib Warning: Citation `zhao2023self' on page 1 undefined on input li
ne 169.


Underfull \vbox (badness 1117) has occurred while \output is active []

 [1{C:/Users/micha/AppData/Local/MiKTeX/fonts/map/pdftex/pdftex.map}{C:/Users/m
icha/AppData/Local/Programs/MiKTeX/fonts/enc/dvips/base/8r.enc}



 <./methods_compare.pdf>]

Package natbib Warning: Citation `alexa2003computing' on page 2 undefined on in
put line 189.


Package natbib Warning: Citation `huang2009consolidation' on page 2 undefined o
n input line 189.


Package natbib Warning: Citation `huang2013edge' on page 2 undefined on input l
ine 189.


Package natbib Warning: Citation `lipman2007parameterization' on page 2 undefin
ed on input line 189.


Package natbib Warning: Citation `wu2015deep' on page 2 undefined on input line
 189.


Package natbib Warning: Citation `yu2018pu' on page 2 undefined on input line 1
93.


Package natbib Warning: Citation `qian2020pugeo' on page 2 undefined on input l
ine 193.


Package natbib Warning: Citation `luo2021pu' on page 2 undefined on input line 
193.


Package natbib Warning: Citation `liu2022spu' on page 2 undefined on input line
 193.


Package natbib Warning: Citation `feng2022neural' on page 2 undefined on input 
line 193.


Package natbib Warning: Citation `yu2018pu' on page 2 undefined on input line 1
93.


Package natbib Warning: Citation `li2019pu' on page 2 undefined on input line 1
93.


Package natbib Warning: Citation `goodfellow2014generative' on page 2 undefined
 on input line 193.


Package natbib Warning: Citation `qian2021pu' on page 2 undefined on input line
 193.


Package natbib Warning: Citation `long2022pc2' on page 2 undefined on input lin
e 193.


Package natbib Warning: Citation `ye2021meta' on page 2 undefined on input line
 193.


Package natbib Warning: Citation `dell2022arbitrary' on page 2 undefined on inp
ut line 193.


Package natbib Warning: Citation `he2023grad' on page 2 undefined on input line
 193.


Package natbib Warning: Citation `zhao2023self' on page 2 undefined on input li
ne 193.



pdfTeX warning: pdflatex.exe (file ./overview_part1.pdf): PDF inclusion: found 
PDF version <1.7>, but at most version <1.5> allowed
<overview_part1.pdf, id=45, 1311.70055pt x 768.35052pt>
File: overview_part1.pdf Graphic file (type pdf)
<use overview_part1.pdf>
Package pdftex.def Info: overview_part1.pdf  used on input line 197.
(pdftex.def)             Requested size: 227.42392pt x 133.20888pt.

Package natbib Warning: Citation `zhang2023fast' on page 2 undefined on input l
ine 203.


Package natbib Warning: Citation `ma2023towards' on page 2 undefined on input l
ine 203.


Package natbib Warning: Citation `mescheder2019occupancy' on page 2 undefined o
n input line 203.


Package natbib Warning: Citation `chen2019learning' on page 2 undefined on inpu
t line 203.


Package natbib Warning: Citation `park2019deepsdf' on page 2 undefined on input
 line 203.


Package natbib Warning: Citation `michalkiewicz2019implicit' on page 2 undefine
d on input line 203.


Package natbib Warning: Citation `mildenhall2021nerf' on page 2 undefined on in
put line 203.


Package natbib Warning: Citation `ma2022reconstructing' on page 2 undefined on 
input line 203.


Package natbib Warning: Citation `zhou2023levelset' on page 2 undefined on inpu
t line 203.


Package natbib Warning: Citation `jin2023multi' on page 2 undefined on input li
ne 203.


Package natbib Warning: Citation `chen2023gridpull' on page 2 undefined on inpu
t line 203.


Package natbib Warning: Citation `ma2022reconstructing' on page 2 undefined on 
input line 203.


Package natbib Warning: Citation `zhao2022self' on page 2 undefined on input li
ne 204.


Package natbib Warning: Citation `zhao2023self' on page 2 undefined on input li
ne 204.

[2 <./overview_part1.pdf>]

Package natbib Warning: Citation `long2022pc2' on page 3 undefined on input lin
e 212.


Package natbib Warning: Citation `he2023grad' on page 3 undefined on input line
 212.



pdfTeX warning: pdflatex.exe (file ./overview_part2.pdf): PDF inclusion: found 
PDF version <1.7>, but at most version <1.5> allowed
<overview_part2.pdf, id=68, 1539.23053pt x 654.40488pt>
File: overview_part2.pdf Graphic file (type pdf)
<use overview_part2.pdf>
Package pdftex.def Info: overview_part2.pdf  used on input line 215.
(pdftex.def)             Requested size: 239.39438pt x 101.77121pt.


pdfTeX warning: pdflatex.exe (file ./attention_vis.pdf): PDF inclusion: found P
DF version <1.7>, but at most version <1.5> allowed
<attention_vis.pdf, id=69, 2134.0127pt x 682.95152pt>
File: attention_vis.pdf Graphic file (type pdf)
<use attention_vis.pdf>
Package pdftex.def Info: attention_vis.pdf  used on input line 240.
(pdftex.def)             Requested size: 239.39438pt x 76.60468pt.

Package natbib Warning: Citation `ma2021neural' on page 3 undefined on input li
ne 247.

[3 <./overview_part2.pdf> <./attention_vis.pdf

pdfTeX warning: pdflatex.exe (file ./attention_vis.pdf): PDF inclusion: multipl
e pdfs with page group included in a single page
>]

Package natbib Warning: Citation `ma2022reconstructing' on page 4 undefined on 
input line 274.


Package natbib Warning: Citation `eldar1997farthest' on page 4 undefined on inp
ut line 290.


Package natbib Warning: Citation `he2023grad' on page 4 undefined on input line
 294.


Package natbib Warning: Citation `zhou2022learning' on page 4 undefined on inpu
t line 294.


Package natbib Warning: Citation `he2023grad' on page 4 undefined on input line
 296.


Package natbib Warning: Citation `huang2017densely' on page 4 undefined on inpu
t line 296.


Package natbib Warning: Citation `park2019deepsdf' on page 4 undefined on input
 line 297.



pdfTeX warning: pdflatex.exe (file ./pugan_compare.pdf): PDF inclusion: found P
DF version <1.7>, but at most version <1.5> allowed
<pugan_compare.pdf, id=114, 3894.26892pt x 1224.73564pt>
File: pugan_compare.pdf Graphic file (type pdf)
<use pugan_compare.pdf>
Package pdftex.def Info: pugan_compare.pdf  used on input line 303.
(pdftex.def)             Requested size: 505.89pt x 159.09041pt.

Package natbib Warning: Citation `li2019pu' on page 4 undefined on input line 3
09.


Package natbib Warning: Citation `qian2021pu' on page 4 undefined on input line
 309.


Package natbib Warning: Citation `he2023grad' on page 4 undefined on input line
 309.


Package natbib Warning: Citation `he2023grad' on page 4 undefined on input line
 365.

[4]

Package natbib Warning: Citation `yu2018pu' on page 5 undefined on input line 3
69.


Package natbib Warning: Citation `yifan2019patch' on page 5 undefined on input 
line 369.


Package natbib Warning: Citation `li2019pu' on page 5 undefined on input line 3
69.


Package natbib Warning: Citation `li2021point' on page 5 undefined on input lin
e 369.


Package natbib Warning: Citation `qian2021pu' on page 5 undefined on input line
 369.


Package natbib Warning: Citation `long2022pc2' on page 5 undefined on input lin
e 369.


Package natbib Warning: Citation `qiu2022pu' on page 5 undefined on input line 
369.


Package natbib Warning: Citation `qian2021deep' on page 5 undefined on input li
ne 369.


Package natbib Warning: Citation `feng2022neural' on page 5 undefined on input 
line 369.


Package natbib Warning: Citation `dell2022arbitrary' on page 5 undefined on inp
ut line 369.


Package natbib Warning: Citation `he2023grad' on page 5 undefined on input line
 369.


Package natbib Warning: Citation `yu2018pu' on page 5 undefined on input line 3
74.


Package natbib Warning: Citation `yifan2019patch' on page 5 undefined on input 
line 374.


Package natbib Warning: Citation `li2019pu' on page 5 undefined on input line 3
74.


Package natbib Warning: Citation `li2021point' on page 5 undefined on input lin
e 374.


Package natbib Warning: Citation `qian2021pu' on page 5 undefined on input line
 374.


Package natbib Warning: Citation `feng2022neural' on page 5 undefined on input 
line 374.


Package natbib Warning: Citation `dell2022arbitrary' on page 5 undefined on inp
ut line 374.


Package natbib Warning: Citation `long2022pc2' on page 5 undefined on input lin
e 374.


Package natbib Warning: Citation `qian2021deep' on page 5 undefined on input li
ne 374.


Package natbib Warning: Citation `he2023grad' on page 5 undefined on input line
 374.



pdfTeX warning: pdflatex.exe (file ./real_scan_kitti.pdf): PDF inclusion: found
 PDF version <1.7>, but at most version <1.5> allowed
<real_scan_kitti.pdf, id=119, 2443.08731pt x 1139.5774pt>
File: real_scan_kitti.pdf Graphic file (type pdf)
<use real_scan_kitti.pdf>
Package pdftex.def Info: real_scan_kitti.pdf  used on input line 378.
(pdftex.def)             Requested size: 239.39438pt x 111.65173pt.

Overfull \hbox (0.86116pt too wide) in paragraph at lines 386--409
 [][] 
 []



pdfTeX warning: pdflatex.exe (file ./various_input_size.pdf): PDF inclusion: fo
und PDF version <1.7>, but at most version <1.5> allowed
<various_input_size.pdf, id=120, 3727.32515pt x 1395.77466pt>
File: various_input_size.pdf Graphic file (type pdf)
<use various_input_size.pdf>
Package pdftex.def Info: various_input_size.pdf  used on input line 415.
(pdftex.def)             Requested size: 239.39438pt x 89.64235pt.


pdfTeX warning: pdflatex.exe (file ./scanobject.pdf): PDF inclusion: found PDF 
version <1.7>, but at most version <1.5> allowed
<scanobject.pdf, id=121, 2361.54266pt x 2048.61356pt>
File: scanobject.pdf Graphic file (type pdf)
<use scanobject.pdf>
Package pdftex.def Info: scanobject.pdf  used on input line 423.
(pdftex.def)             Requested size: 239.39438pt x 207.65543pt.


pdfTeX warning: pdflatex.exe (file ./robustness_noise.pdf): PDF inclusion: foun
d PDF version <1.7>, but at most version <1.5> allowed
<robustness_noise.pdf, id=122, 2869.96214pt x 2163.8843pt>
File: robustness_noise.pdf Graphic file (type pdf)
<use robustness_noise.pdf>
Package pdftex.def Info: robustness_noise.pdf  used on input line 432.
(pdftex.def)             Requested size: 239.39438pt x 180.47733pt.

Package natbib Warning: Citation `yu2018pu' on page 5 undefined on input line 4
38.


Package natbib Warning: Citation `yifan2019patch' on page 5 undefined on input 
line 438.


Package natbib Warning: Citation `qian2021pu' on page 5 undefined on input line
 438.


Package natbib Warning: Citation `li2021point' on page 5 undefined on input lin
e 438.


Package natbib Warning: Citation `qiu2022pu' on page 5 undefined on input line 
438.


Package natbib Warning: Citation `dell2022arbitrary' on page 5 undefined on inp
ut line 438.


Package natbib Warning: Citation `he2023grad' on page 5 undefined on input line
 438.

[5 <./pugan_compare.pdf>] [6 <./real_scan_kitti.pdf> <./various_input_size.pdf

pdfTe