This is pdfTeX, Version 3.141592653-2.6-1.40.25 (MiKTeX 23.5) (preloaded format=pdflatex 2024.1.12)  3 MAR 2024 15:52
entering extended mode
 restricted \write18 enabled.
 %&-line parsing enabled.
**./main_changed.tex
(main_changed.tex
LaTeX2e <2023-06-01> patch level 1
L3 programming layer <2023-08-29>
(C:\Users\orfuc\AppData\Local\Programs\MiKTeX\tex/latex/base\article.cls
Document Class: article 2023/05/17 v1.4n Standard LaTeX document class
(C:\Users\orfuc\AppData\Local\Programs\MiKTeX\tex/latex/base\size10.clo
File: size10.clo 2023/05/17 v1.4n Standard LaTeX file (size option)
)
\c@part=\count185
\c@section=\count186
\c@subsection=\count187
\c@subsubsection=\count188
\c@paragraph=\count189
\c@subparagraph=\count190
\c@figure=\count191
\c@table=\count192
\abovecaptionskip=\skip48
\belowcaptionskip=\skip49
\bibindent=\dimen140
)
(aaai18.sty
Conference Style for AAAI for LaTeX 2e -- version for the AAAI-18 conference
\titlebox=\skip50
) (C:\Users\orfuc\AppData\Local\Programs\MiKTeX\tex/latex/psnfss\times.sty
Package: times 2020/03/25 PSNFSS-v9.3 (SPQR) 
)
(C:\Users\orfuc\AppData\Local\Programs\MiKTeX\tex/latex/psnfss\helvet.sty
Package: helvet 2020/03/25 PSNFSS-v9.3 (WaS) 

(C:\Users\orfuc\AppData\Local\Programs\MiKTeX\tex/latex/graphics\keyval.sty
Package: keyval 2022/05/29 v1.15 key=value parser (DPC)
\KV@toks@=\toks17
))
(C:\Users\orfuc\AppData\Local\Programs\MiKTeX\tex/latex/psnfss\courier.sty
Package: courier 2020/03/25 PSNFSS-v9.3 (WaS) 
)
(C:\Users\orfuc\AppData\Local\Programs\MiKTeX\tex/latex/url\url.sty
\Urlmuskip=\muskip16
Package: url 2013/09/16  ver 3.4  Verb mode for urls, etc.
)
(C:\Users\orfuc\AppData\Local\Programs\MiKTeX\tex/latex/graphics\graphicx.sty
Package: graphicx 2021/09/16 v1.2d Enhanced LaTeX Graphics (DPC,SPQR)

(C:\Users\orfuc\AppData\Local\Programs\MiKTeX\tex/latex/graphics\graphics.sty
Package: graphics 2022/03/10 v1.4e Standard LaTeX Graphics (DPC,SPQR)

(C:\Users\orfuc\AppData\Local\Programs\MiKTeX\tex/latex/graphics\trig.sty
Package: trig 2021/08/11 v1.11 sin cos tan (DPC)
)
(C:\Users\orfuc\AppData\Local\Programs\MiKTeX\tex/latex/graphics-cfg\graphics.c
fg
File: graphics.cfg 2016/06/04 v1.11 sample graphics configuration
)
Package graphics Info: Driver file: pdftex.def on input line 107.

(C:\Users\orfuc\AppData\Local\Programs\MiKTeX\tex/latex/graphics-def\pdftex.def
File: pdftex.def 2022/09/22 v1.2b Graphics/color driver for pdftex
))
\Gin@req@height=\dimen141
\Gin@req@width=\dimen142
) (C:\Users\orfuc\AppData\Local\Programs\MiKTeX\tex/latex/base\latexsym.sty
Package: latexsym 1998/08/17 v2.2e Standard LaTeX package (lasy symbols)
\symlasy=\mathgroup4
LaTeX Font Info:    Overwriting symbol font `lasy' in version `bold'
(Font)                  U/lasy/m/n --> U/lasy/b/n on input line 52.
)
(C:\Users\orfuc\AppData\Local\Programs\MiKTeX\tex/latex/amsmath\amsmath.sty
Package: amsmath 2023/05/13 v2.17o AMS math features
\@mathmargin=\skip51

For additional information on amsmath, use the `?' option.
(C:\Users\orfuc\AppData\Local\Programs\MiKTeX\tex/latex/amsmath\amstext.sty
Package: amstext 2021/08/26 v2.01 AMS text

(C:\Users\orfuc\AppData\Local\Programs\MiKTeX\tex/latex/amsmath\amsgen.sty
File: amsgen.sty 1999/11/30 v2.0 generic functions
\@emptytoks=\toks18
\ex@=\dimen143
))
(C:\Users\orfuc\AppData\Local\Programs\MiKTeX\tex/latex/amsmath\amsbsy.sty
Package: amsbsy 1999/11/29 v1.2d Bold Symbols
\pmbraise@=\dimen144
)
(C:\Users\orfuc\AppData\Local\Programs\MiKTeX\tex/latex/amsmath\amsopn.sty
Package: amsopn 2022/04/08 v2.04 operator names
)
\inf@bad=\count193
LaTeX Info: Redefining \frac on input line 234.
\uproot@=\count194
\leftroot@=\count195
LaTeX Info: Redefining \overline on input line 399.
LaTeX Info: Redefining \colon on input line 410.
\classnum@=\count196
\DOTSCASE@=\count197
LaTeX Info: Redefining \ldots on input line 496.
LaTeX Info: Redefining \dots on input line 499.
LaTeX Info: Redefining \cdots on input line 620.
\Mathstrutbox@=\box51
\strutbox@=\box52
LaTeX Info: Redefining \big on input line 722.
LaTeX Info: Redefining \Big on input line 723.
LaTeX Info: Redefining \bigg on input line 724.
LaTeX Info: Redefining \Bigg on input line 725.
\big@size=\dimen145
LaTeX Font Info:    Redeclaring font encoding OML on input line 743.
LaTeX Font Info:    Redeclaring font encoding OMS on input line 744.
\macc@depth=\count198
LaTeX Info: Redefining \bmod on input line 905.
LaTeX Info: Redefining \pmod on input line 910.
LaTeX Info: Redefining \smash on input line 940.
LaTeX Info: Redefining \relbar on input line 970.
LaTeX Info: Redefining \Relbar on input line 971.
\c@MaxMatrixCols=\count199
\dotsspace@=\muskip17
\c@parentequation=\count266
\dspbrk@lvl=\count267
\tag@help=\toks19
\row@=\count268
\column@=\count269
\maxfields@=\count270
\andhelp@=\toks20
\eqnshift@=\dimen146
\alignsep@=\dimen147
\tagshift@=\dimen148
\tagwidth@=\dimen149
\totwidth@=\dimen150
\lineht@=\dimen151
\@envbody=\toks21
\multlinegap=\skip52
\multlinetaggap=\skip53
\mathdisplay@stack=\toks22
LaTeX Info: Redefining \[ on input line 2953.
LaTeX Info: Redefining \] on input line 2954.
)
(C:\Users\orfuc\AppData\Local\Programs\MiKTeX\tex/latex/amsfonts\amsfonts.sty
Package: amsfonts 2013/01/14 v3.01 Basic AMSFonts support
\symAMSa=\mathgroup5
\symAMSb=\mathgroup6
LaTeX Font Info:    Redeclaring math symbol \hbar on input line 98.
LaTeX Font Info:    Overwriting math alphabet `\mathfrak' in version `bold'
(Font)                  U/euf/m/n --> U/euf/b/n on input line 106.
)
(C:\Users\orfuc\AppData\Local\Programs\MiKTeX\tex/latex/jknappen\mathrsfs.sty
Package: mathrsfs 1996/01/01 Math RSFS package v1.0 (jk)
\symrsfs=\mathgroup7
)
(C:\Users\orfuc\AppData\Local\Programs\MiKTeX\tex/latex/tools\xspace.sty
Package: xspace 2014/10/28 v1.13 Space after command names (DPC,MH)
)
(C:\Users\orfuc\AppData\Local\Programs\MiKTeX\tex/latex/booktabs\booktabs.sty
Package: booktabs 2020/01/12 v1.61803398 Publication quality tables
\heavyrulewidth=\dimen152
\lightrulewidth=\dimen153
\cmidrulewidth=\dimen154
\belowrulesep=\dimen155
\belowbottomsep=\dimen156
\aboverulesep=\dimen157
\abovetopsep=\dimen158
\cmidrulesep=\dimen159
\cmidrulekern=\dimen160
\defaultaddspace=\dimen161
\@cmidla=\count271
\@cmidlb=\count272
\@aboverulesep=\dimen162
\@belowrulesep=\dimen163
\@thisruleclass=\count273
\@lastruleclass=\count274
\@thisrulewidth=\dimen164
)
(C:\Users\orfuc\AppData\Local\Programs\MiKTeX\tex/latex/tools\enumerate.sty
Package: enumerate 2015/07/23 v3.00 enumerate extensions (DPC)
\@enLab=\toks23
)
LaTeX Font Info:    Trying to load font information for OT1+ptm on input line 5
9.

(C:\Users\orfuc\AppData\Local\Programs\MiKTeX\tex/latex/psnfss\ot1ptm.fd
File: ot1ptm.fd 2001/06/04 font definitions for OT1/ptm.
)
(C:\Users\orfuc\AppData\Local\Programs\MiKTeX\tex/latex/l3backend\l3backend-pdf
tex.def
File: l3backend-pdftex.def 2023-04-19 L3 backend support: PDF output (pdfTeX)
\l__color_backend_stack_int=\count275
\l__pdf_internal_box=\box53
) (main_changed.aux)
\openout1 = `main_changed.aux'.

LaTeX Font Info:    Checking defaults for OML/cmm/m/it on input line 59.
LaTeX Font Info:    ... okay on input line 59.
LaTeX Font Info:    Checking defaults for OMS/cmsy/m/n on input line 59.
LaTeX Font Info:    ... okay on input line 59.
LaTeX Font Info:    Checking defaults for OT1/cmr/m/n on input line 59.
LaTeX Font Info:    ... okay on input line 59.
LaTeX Font Info:    Checking defaults for T1/cmr/m/n on input line 59.
LaTeX Font Info:    ... okay on input line 59.
LaTeX Font Info:    Checking defaults for TS1/cmr/m/n on input line 59.
LaTeX Font Info:    ... okay on input line 59.
LaTeX Font Info:    Checking defaults for OMX/cmex/m/n on input line 59.
LaTeX Font Info:    ... okay on input line 59.
LaTeX Font Info:    Checking defaults for U/cmr/m/n on input line 59.
LaTeX Font Info:    ... okay on input line 59.

(C:\Users\orfuc\AppData\Local\Programs\MiKTeX\tex/context/base/mkii\supp-pdf.mk
ii
[Loading MPS to PDF converter (version 2006.09.02).]
\scratchcounter=\count276
\scratchdimen=\dimen165
\scratchbox=\box54
\nofMPsegments=\count277
\nofMParguments=\count278
\everyMPshowfont=\toks24
\MPscratchCnt=\count279
\MPscratchDim=\dimen166
\MPnumerator=\count280
\makeMPintoPDFobject=\count281
\everyMPtoPDFconversion=\toks25
)
(C:\Users\orfuc\AppData\Local\Programs\MiKTeX\tex/latex/epstopdf-pkg\epstopdf-b
ase.sty
Package: epstopdf-base 2020-01-24 v2.11 Base part for package epstopdf
Package epstopdf-base Info: Redefining graphics rule for `.eps' on input line 4
85.

(C:\Users\orfuc\AppData\Local\Programs\MiKTeX\tex/latex/00miktex\epstopdf-sys.c
fg
File: epstopdf-sys.cfg 2021/03/18 v2.0 Configuration of epstopdf for MiKTeX
))
LaTeX Font Info:    Trying to load font information for U+lasy on input line 60
.
 (C:\Users\orfuc\AppData\Local\Programs\MiKTeX\tex/latex/base\ulasy.fd
File: ulasy.fd 1998/08/17 v2.2e LaTeX symbol font definitions
)
LaTeX Font Info:    Trying to load font information for U+msa on input line 60.


(C:\Users\orfuc\AppData\Local\Programs\MiKTeX\tex/latex/amsfonts\umsa.fd
File: umsa.fd 2013/01/14 v3.01 AMS symbols A
)
LaTeX Font Info:    Trying to load font information for U+msb on input line 60.


(C:\Users\orfuc\AppData\Local\Programs\MiKTeX\tex/latex/amsfonts\umsb.fd
File: umsb.fd 2013/01/14 v3.01 AMS symbols B
)
LaTeX Font Info:    Trying to load font information for U+rsfs on input line 60
.

(C:\Users\orfuc\AppData\Local\Programs\MiKTeX\tex/latex/jknappen\ursfs.fd
File: ursfs.fd 1998/03/24 rsfs font definition file (jk)
)
LaTeX Font Info:    Trying to load font information for TS1+ptm on input line 6
0.

(C:\Users\orfuc\AppData\Local\Programs\MiKTeX\tex/latex/psnfss\ts1ptm.fd
File: ts1ptm.fd 2001/06/04 font definitions for TS1/ptm.
)
LaTeX Font Info:    Trying to load font information for OT1+pcr on input line 6
0.

(C:\Users\orfuc\AppData\Local\Programs\MiKTeX\tex/latex/psnfss\ot1pcr.fd
File: ot1pcr.fd 2001/06/04 font definitions for OT1/pcr.
)

LaTeX Warning: Citation `ritter2011data' on page 1 undefined on input line 90.


LaTeX Warning: Citation `sordoni2015' on page 1 undefined on input line 90.


LaTeX Warning: Citation `shang2015neural' on page 1 undefined on input line 90.



LaTeX Warning: Citation `vinyals2015neural' on page 1 undefined on input line 9
0.


LaTeX Warning: Citation `serban2015hierarchical' on page 1 undefined on input l
ine 90.

<kusakabe.png, id=1, 1310.64656pt x 718.93594pt>
File: kusakabe.png Graphic file (type png)
<use kusakabe.png>
Package pdftex.def Info: kusakabe.png  used on input line 99.
(pdftex.def)             Requested size: 227.62204pt x 124.85031pt.

LaTeX Warning: Citation `hochreiter1997long' on page 1 undefined on input line 
141.


LaTeX Warning: Citation `sutskever2014sequence' on page 1 undefined on input li
ne 141.


LaTeX Warning: Citation `Caruana:1997' on page 1 undefined on input line 141.


LaTeX Warning: Citation `liu-EtAl:2015' on page 1 undefined on input line 141.


LaTeX Warning: Citation `sordoni2015' on page 1 undefined on input line 142.


Underfull \hbox (badness 1735) in paragraph at lines 141--146
\OT1/ptm/m/n/10 grounded neu-ral con-ver-sa-tion model aimed at pro-duc-
 []

[1{C:/Users/orfuc/AppData/Local/MiKTeX/fonts/map/pdftex/pdftex.map}{C:/Users/or
fuc/AppData/Local/Programs/MiKTeX/fonts/enc/dvips/base/8r.enc}



 <./kusakabe.png>]

LaTeX Warning: Citation `ritter2011data' on page 2 undefined on input line 149.



LaTeX Warning: Citation `sordoni2015' on page 2 undefined on input line 149.


LaTeX Warning: Citation `serban2015hierarchical' on page 2 undefined on input l
ine 149.


LaTeX Warning: Citation `shang2015neural' on page 2 undefined on input line 149
.


LaTeX Warning: Citation `vinyals2015neural' on page 2 undefined on input line 1
49.


LaTeX Warning: Citation `li2016diversity' on page 2 undefined on input line 149
.


LaTeX Warning: Citation `sordoni2015' on page 2 undefined on input line 150.


LaTeX Warning: Citation `hoang2016incorporating' on page 2 undefined on input l
ine 151.


LaTeX Warning: Citation `huang2016attention' on page 2 undefined on input line 
151.


LaTeX Warning: Citation `delbrouck2017visually' on page 2 undefined on input li
ne 151.


LaTeX Warning: Citation `HeHeP17-1162' on page 2 undefined on input line 152.


LaTeX Warning: Citation `Caruana:1997' on page 2 undefined on input line 153.


LaTeX Warning: Citation `dong2015multi' on page 2 undefined on input line 153.


LaTeX Warning: Citation `liu-EtAl:2015' on page 2 undefined on input line 153.


LaTeX Warning: Citation `luong2015multi' on page 2 undefined on input line 153.



Underfull \hbox (badness 1205) in paragraph at lines 149--155
\OT1/ptm/m/n/10 The present work sit-u-ates it-self within the data-driven
 []


LaTeX Warning: Citation `wen-EtAl2015' on page 2 undefined on input line 158.


LaTeX Warning: Citation `DBLP:journals/corr/WenGMRSVY16' on page 2 undefined on
 input line 158.


LaTeX Warning: Citation `Wen2017Latent' on page 2 undefined on input line 158.


LaTeX Warning: Citation `Zhao2017ACL' on page 2 undefined on input line 158.


LaTeX Warning: Citation `OhRudnicky2000' on page 2 undefined on input line 160.



LaTeX Warning: Citation `Ratnaparkhi2002' on page 2 undefined on input line 160
.


LaTeX Warning: Citation `BanchsLi2012' on page 2 undefined on input line 160.


LaTeX Warning: Citation `AmeixaCoheurEtAl2014' on page 2 undefined on input lin
e 160.


LaTeX Warning: Citation `BordesW16' on page 2 undefined on input line 163.


LaTeX Warning: Citation `DBLP:conf/eacl/LiuP17a' on page 2 undefined on input l
ine 164.


LaTeX Warning: Citation `corpora:2015' on page 2 undefined on input line 173.


LaTeX Warning: Citation `ritter2011data' on page 2 undefined on input line 173.


<facts-emb.pdf, id=15, 963.6pt x 542.025pt>
File: facts-emb.pdf Graphic file (type pdf)
<use facts-emb.pdf>
Package pdftex.def Info: facts-emb.pdf  used on input line 185.
(pdftex.def)             Requested size: 236.15796pt x 132.8345pt.
[2]

LaTeX Warning: Citation `Caruana:1997' on page 3 undefined on input line 205.


LaTeX Warning: Citation `luong2015multi' on page 3 undefined on input line 205.



Underfull \hbox (badness 10000) in paragraph at lines 211--212
[]\OT1/ptm/m/n/10 the other task ex-poses the full model with
 []


LaTeX Warning: Citation `hochreiter1997long' on page 3 undefined on input line 
220.


LaTeX Warning: Citation `sutskever2014sequence' on page 3 undefined on input li
ne 220.


LaTeX Warning: Citation `sordoni2015' on page 3 undefined on input line 220.


LaTeX Warning: Citation `vinyals2015neural' on page 3 undefined on input line 2
20.


LaTeX Warning: Citation `li2016diversity' on page 3 undefined on input line 220
.


LaTeX Warning: Citation `gru:2014' on page 3 undefined on input line 220.


LaTeX Warning: Citation `hochreiter1997long' on page 3 undefined on input line 
220.


LaTeX Warning: Citation `weston2014' on page 3 undefined on input line 224.


LaTeX Warning: Citation `sukhbaatar2015' on page 3 undefined on input line 224.



LaTeX Warning: Citation `weston2015' on page 3 undefined on input line 229.


LaTeX Warning: Citation `sukhbaatar2015' on page 3 undefined on input line 239.


[3 <./facts-emb.pdf>]

LaTeX Warning: Citation `weston2014' on page 4 undefined on input line 250.


Underfull \hbox (badness 10000) in paragraph at lines 310--311
[]\OT1/ptm/m/sc/10 Facts \OT1/ptm/m/n/10 task: We ex-pose the full model to
 []

[4]
Underfull \hbox (badness 1163) in paragraph at lines 320--321
\OT1/ptm/m/n/10 dataset, and the \OT1/ptm/m/sc/10 Facts \OT1/ptm/m/n/10 task wi
th the 1M grounded
 []


LaTeX Warning: Citation `luong2015multi' on page 5 undefined on input line 339.



LaTeX Warning: Citation `sutskever2014sequence' on page 5 undefined on input li
ne 343.


LaTeX Warning: Citation `li2016diversity' on page 5 undefined on input line 344
.


LaTeX Warning: Citation `li2016diversity' on page 5 undefined on input line 346
.


LaTeX Warning: Citation `mert' on page 5 undefined on input line 354.


LaTeX Warning: Citation `sordoni2015' on page 5 undefined on input line 359.


LaTeX Warning: Citation `li2016diversity' on page 5 undefined on input line 359
.


LaTeX Warning: Citation `Wen2017Latent' on page 5 undefined on input line 359.


LaTeX Warning: Citation `notbleu:2016' on page 5 undefined on input line 359.


LaTeX Warning: Citation `graham-baldwin-mathur:2015:NAACL-HLT' on page 5 undefi
ned on input line 359.


LaTeX Warning: Citation `MetricsMATR:2008' on page 5 undefined on input line 35
9.


LaTeX Warning: Citation `galley2015' on page 5 undefined on input line 359.


LaTeX Warning: Citation `Papineni2002BLEU' on page 5 undefined on input line 40
5.


Underfull \hbox (badness 2529) in paragraph at lines 405--407
 \OT1/ptm/b/n/10 Au-to-matic Eval-u-a-tion: \OT1/ptm/m/n/10 We com-puted per-pl
ex-ity and
 []

[5]

LaTeX Warning: Citation `li2016diversity' on page 6 undefined on input line 408
.


LaTeX Warning: Citation `li2016persona' on page 6 undefined on input line 408.

LaTeX Font Info:    Trying to load font information for OML+ptm on input line 4
45.
(C:\Users\orfuc\AppData\Local\Programs\MiKTeX\tex/latex/psnfss\omlptm.fd
File: omlptm.fd 
)
LaTeX Font Info:    Font shape `OML/ptm/m/n' in size <10> not available
(Font)              Font shape `OML/cmm/m/it' tried instead on input line 445.
<mem-tweets-app-emb.pdf, id=93, 963.6pt x 542.025pt>
File: mem-tweets-app-emb.pdf Graphic file (type pdf)
<use mem-tweets-app-emb.pdf>
Package pdftex.def Info: mem-tweets-app-emb.pdf  used on input line 466.
(pdftex.def)             Requested size: 212.47287pt x 119.51051pt.
<mem-tweets-inf-emb.pdf, id=94, 963.6pt x 542.025pt>
File: mem-tweets-inf-emb.pdf Graphic file (type pdf)
<use mem-tweets-inf-emb.pdf>
Package pdftex.def Info: mem-tweets-inf-emb.pdf  used on input line 473.
(pdftex.def)             Requested size: 212.47287pt x 119.51051pt.


LaTeX Warning: Citation `sordoni2015' on page 6 undefined on input line 521.


LaTeX Warning: Citation `vinyals2015neural' on page 6 undefined on input line 5
21.

[6 <./mem-tweets-app-emb.pdf> <./mem-tweets-inf-emb.pdf>] [7] [8

]
No file main_changed.bbl.
(main_changed.aux)
 ***********
LaTeX2e <2023-06-01> patch level 1
L3 programming layer <2023-08-29>
 ***********
 ) 
Here is how much of TeX's memory you used:
 2791 strings out of 475247
 45814 string characters out of 5757792
 1942801 words of memory out of 5000000
 24232 multiletter control sequences out of 15000+600000
 599633 words of font info for 132 fonts, out of 8000000 for 9000
 1141 hyphenation exceptions out of 8191
 57i,17n,65p,1898b,404s stack positions out of 10000i,1000n,20000p,200000b,200000s
<C:/Users/orfuc/AppData/Local/Programs/MiKTeX/fonts/type1/public/amsfonts/cm/
cmex10.pfb><C:/Users/orfuc/AppData/Local/Programs/MiKTeX/fonts/type1/public/ams
fonts/cm/cmmi10.pfb><C:/Users/orfuc/AppData/Local/Programs/MiKTeX/fonts/type1/p
ublic/amsfonts/cm/cmmi6.pfb><C:/Users/orfuc/AppData/Local/Programs/MiKTeX/fonts
/type1/public/amsfonts/cm/cmmi7.pfb><C:/Users/orfuc/AppData/Local/Programs/MiKT
eX/fonts/type1/public/amsfonts/cm/cmmi9.pfb><C:/Users/orfuc/AppData/Local/Progr
ams/MiKTeX/fonts/type1/public/amsfonts/cm/cmr10.pfb><C:/Users/orfuc/AppData/Loc
al/Programs/MiKTeX/fonts/type1/public/amsfonts/cm/cmr7.pfb><C:/Users/orfuc/AppD
ata/Local/Programs/MiKTeX/fonts/type1/public/amsfonts/cm/cmsy10.pfb><C:/Users/o
rfuc/AppData/Local/Programs/MiKTeX/fonts/type1/public/amsfonts/cm/cmsy6.pfb><C:
/Users/orfuc/AppData/Local/Programs/MiKTeX/fonts/type1/public/amsfonts/cm/cmsy7
.pfb><C:/Users/orfuc/AppData/Local/Programs/MiKTeX/fonts/type1/public/amsfonts/
cm/cmsy9.pfb><C:/Users/orfuc/AppData/Local/Programs/MiKTeX/fonts/type1/public/a
msfonts/symbols/msbm10.pfb><C:/Users/orfuc/AppData/Local/Programs/MiKTeX/fonts/
type1/urw/courier/ucrr8a.pfb><C:/Users/orfuc/AppData/Local/Programs/MiKTeX/font
s/type1/urw/times/utmb8a.pfb><C:/Users/orfuc/AppData/Local/Programs/MiKTeX/font
s/type1/urw/times/utmbi8a.pfb><C:/Users/orfuc/AppData/Local/Programs/MiKTeX/fon
ts/type1/urw/times/utmr8a.pfb><C:/Users/orfuc/AppData/Local/Programs/MiKTeX/fon
ts/type1/urw/times/utmri8a.pfb>
Output written on main_changed.pdf (8 pages, 1061033 bytes).
PDF statistics:
 189 PDF objects out of 1000 (max. 8388607)
 0 named destinations out of 1000 (max. 500000)
 21 words of extra memory for PDF output out of 10000 (max. 10000000)

