This is pdfTeX, Version 3.141592653-2.6-1.40.25 (MiKTeX 23.5) (preloaded format=pdflatex 2024.1.12)  3 MAR 2024 12:53
entering extended mode
 restricted \write18 enabled.
 %&-line parsing enabled.
**./AAAI-SongK.4445_changed.tex
(AAAI-SongK.4445_changed.tex
LaTeX2e <2023-06-01> patch level 1
L3 programming layer <2023-08-29>
(C:\Users\orfuc\AppData\Local\Programs\MiKTeX\tex/latex/base\article.cls
Document Class: article 2023/05/17 v1.4n Standard LaTeX document class
(C:\Users\orfuc\AppData\Local\Programs\MiKTeX\tex/latex/base\size10.clo
File: size10.clo 2023/05/17 v1.4n Standard LaTeX file (size option)
)
\c@part=\count185
\c@section=\count186
\c@subsection=\count187
\c@subsubsection=\count188
\c@paragraph=\count189
\c@subparagraph=\count190
\c@figure=\count191
\c@table=\count192
\abovecaptionskip=\skip48
\belowcaptionskip=\skip49
\bibindent=\dimen140
)
(aaai20.sty
Conference Style for AAAI for LaTeX 2e -- version for the AAAI-20 conference
\titlebox=\skip50
) (C:\Users\orfuc\AppData\Local\Programs\MiKTeX\tex/latex/psnfss\times.sty
Package: times 2020/03/25 PSNFSS-v9.3 (SPQR) 
)
(C:\Users\orfuc\AppData\Local\Programs\MiKTeX\tex/latex/psnfss\helvet.sty
Package: helvet 2020/03/25 PSNFSS-v9.3 (WaS) 

(C:\Users\orfuc\AppData\Local\Programs\MiKTeX\tex/latex/graphics\keyval.sty
Package: keyval 2022/05/29 v1.15 key=value parser (DPC)
\KV@toks@=\toks17
))
(C:\Users\orfuc\AppData\Local\Programs\MiKTeX\tex/latex/psnfss\courier.sty
Package: courier 2020/03/25 PSNFSS-v9.3 (WaS) 
)
(C:\Users\orfuc\AppData\Local\Programs\MiKTeX\tex/latex/url\url.sty
\Urlmuskip=\muskip16
Package: url 2013/09/16  ver 3.4  Verb mode for urls, etc.
)
(C:\Users\orfuc\AppData\Local\Programs\MiKTeX\tex/latex/graphics\graphicx.sty
Package: graphicx 2021/09/16 v1.2d Enhanced LaTeX Graphics (DPC,SPQR)

(C:\Users\orfuc\AppData\Local\Programs\MiKTeX\tex/latex/graphics\graphics.sty
Package: graphics 2022/03/10 v1.4e Standard LaTeX Graphics (DPC,SPQR)

(C:\Users\orfuc\AppData\Local\Programs\MiKTeX\tex/latex/graphics\trig.sty
Package: trig 2021/08/11 v1.11 sin cos tan (DPC)
)
(C:\Users\orfuc\AppData\Local\Programs\MiKTeX\tex/latex/graphics-cfg\graphics.c
fg
File: graphics.cfg 2016/06/04 v1.11 sample graphics configuration
)
Package graphics Info: Driver file: pdftex.def on input line 107.

(C:\Users\orfuc\AppData\Local\Programs\MiKTeX\tex/latex/graphics-def\pdftex.def
File: pdftex.def 2022/09/22 v1.2b Graphics/color driver for pdftex
))
\Gin@req@height=\dimen141
\Gin@req@width=\dimen142
) (C:\Users\orfuc\AppData\Local\Programs\MiKTeX\tex/latex/graphics\color.sty
Package: color 2022/01/06 v1.3d Standard LaTeX Color (DPC)

(C:\Users\orfuc\AppData\Local\Programs\MiKTeX\tex/latex/graphics-cfg\color.cfg
File: color.cfg 2016/01/02 v1.6 sample color configuration
)
Package color Info: Driver file: pdftex.def on input line 149.
(C:\Users\orfuc\AppData\Local\Programs\MiKTeX\tex/latex/graphics\mathcolor.ltx)
) (C:\Users\orfuc\AppData\Local\Programs\MiKTeX\tex/latex/booktabs\booktabs.sty
Package: booktabs 2020/01/12 v1.61803398 Publication quality tables
\heavyrulewidth=\dimen143
\lightrulewidth=\dimen144
\cmidrulewidth=\dimen145
\belowrulesep=\dimen146
\belowbottomsep=\dimen147
\aboverulesep=\dimen148
\abovetopsep=\dimen149
\cmidrulesep=\dimen150
\cmidrulekern=\dimen151
\defaultaddspace=\dimen152
\@cmidla=\count193
\@cmidlb=\count194
\@aboverulesep=\dimen153
\@belowrulesep=\dimen154
\@thisruleclass=\count195
\@lastruleclass=\count196
\@thisrulewidth=\dimen155
) (C:\Users\orfuc\AppData\Local\Programs\MiKTeX\tex/latex/amsfonts\amsfonts.sty
Package: amsfonts 2013/01/14 v3.01 Basic AMSFonts support
\@emptytoks=\toks18
\symAMSa=\mathgroup4
\symAMSb=\mathgroup5
LaTeX Font Info:    Redeclaring math symbol \hbar on input line 98.
LaTeX Font Info:    Overwriting math alphabet `\mathfrak' in version `bold'
(Font)                  U/euf/m/n --> U/euf/b/n on input line 106.
) (C:\Users\orfuc\AppData\Local\Programs\MiKTeX\tex/latex/base\latexsym.sty
Package: latexsym 1998/08/17 v2.2e Standard LaTeX package (lasy symbols)
\symlasy=\mathgroup6
LaTeX Font Info:    Overwriting symbol font `lasy' in version `bold'
(Font)                  U/lasy/m/n --> U/lasy/b/n on input line 52.
)
(C:\Users\orfuc\AppData\Local\Programs\MiKTeX\tex/latex/tools\array.sty
Package: array 2022/09/04 v2.5g Tabular extension package (FMi)
\col@sep=\dimen156
\ar@mcellbox=\box51
\extrarowheight=\dimen157
\NC@list=\toks19
\extratabsurround=\skip51
\backup@length=\skip52
\ar@cellbox=\box52
)
(C:\Users\orfuc\AppData\Local\Programs\MiKTeX\tex/latex/amsmath\amsmath.sty
Package: amsmath 2023/05/13 v2.17o AMS math features
\@mathmargin=\skip53

For additional information on amsmath, use the `?' option.
(C:\Users\orfuc\AppData\Local\Programs\MiKTeX\tex/latex/amsmath\amstext.sty
Package: amstext 2021/08/26 v2.01 AMS text

(C:\Users\orfuc\AppData\Local\Programs\MiKTeX\tex/latex/amsmath\amsgen.sty
File: amsgen.sty 1999/11/30 v2.0 generic functions
\@emptytoks=\toks20
\ex@=\dimen158
))
(C:\Users\orfuc\AppData\Local\Programs\MiKTeX\tex/latex/amsmath\amsbsy.sty
Package: amsbsy 1999/11/29 v1.2d Bold Symbols
\pmbraise@=\dimen159
)
(C:\Users\orfuc\AppData\Local\Programs\MiKTeX\tex/latex/amsmath\amsopn.sty
Package: amsopn 2022/04/08 v2.04 operator names
)
\inf@bad=\count197
LaTeX Info: Redefining \frac on input line 234.
\uproot@=\count198
\leftroot@=\count199
LaTeX Info: Redefining \overline on input line 399.
LaTeX Info: Redefining \colon on input line 410.
\classnum@=\count266
\DOTSCASE@=\count267
LaTeX Info: Redefining \ldots on input line 496.
LaTeX Info: Redefining \dots on input line 499.
LaTeX Info: Redefining \cdots on input line 620.
\Mathstrutbox@=\box53
\strutbox@=\box54
LaTeX Info: Redefining \big on input line 722.
LaTeX Info: Redefining \Big on input line 723.
LaTeX Info: Redefining \bigg on input line 724.
LaTeX Info: Redefining \Bigg on input line 725.
\big@size=\dimen160
LaTeX Font Info:    Redeclaring font encoding OML on input line 743.
LaTeX Font Info:    Redeclaring font encoding OMS on input line 744.
\macc@depth=\count268
LaTeX Info: Redefining \bmod on input line 905.
LaTeX Info: Redefining \pmod on input line 910.
LaTeX Info: Redefining \smash on input line 940.
LaTeX Info: Redefining \relbar on input line 970.
LaTeX Info: Redefining \Relbar on input line 971.
\c@MaxMatrixCols=\count269
\dotsspace@=\muskip17
\c@parentequation=\count270
\dspbrk@lvl=\count271
\tag@help=\toks21
\row@=\count272
\column@=\count273
\maxfields@=\count274
\andhelp@=\toks22
\eqnshift@=\dimen161
\alignsep@=\dimen162
\tagshift@=\dimen163
\tagwidth@=\dimen164
\totwidth@=\dimen165
\lineht@=\dimen166
\@envbody=\toks23
\multlinegap=\skip54
\multlinetaggap=\skip55
\mathdisplay@stack=\toks24
LaTeX Info: Redefining \[ on input line 2953.
LaTeX Info: Redefining \] on input line 2954.
)
(C:\Users\orfuc\AppData\Local\Programs\MiKTeX\tex/latex/siunitx\siunitx.sty
Package: siunitx 2024-02-15 v3.3.12 A comprehensive (SI) units package
\l__siunitx_number_uncert_offset_int=\count275
\l__siunitx_number_exponent_fixed_int=\count276
\l__siunitx_number_min_decimal_int=\count277
\l__siunitx_number_min_integer_int=\count278
\l__siunitx_number_round_precision_int=\count279
\l__siunitx_number_lower_threshold_int=\count280
\l__siunitx_number_upper_threshold_int=\count281
\l__siunitx_number_group_first_int=\count282
\l__siunitx_number_group_size_int=\count283
\l__siunitx_number_group_minimum_int=\count284
\l__siunitx_angle_tmp_dim=\dimen167
\l__siunitx_angle_marker_box=\box55
\l__siunitx_angle_unit_box=\box56
\l__siunitx_compound_count_int=\count285

(C:\Users\orfuc\AppData\Local\Programs\MiKTeX\tex/latex/translations\translatio
ns.sty
Package: translations 2022/02/05 v1.12 internationalization of LaTeX2e packages
 (CN)

(C:\Users\orfuc\AppData\Local\Programs\MiKTeX\tex/latex/etoolbox\etoolbox.sty
Package: etoolbox 2020/10/05 v2.5k e-TeX tools for LaTeX (JAW)
\etb@tempcnta=\count286
)
(C:\Users\orfuc\AppData\Local\Programs\MiKTeX\tex/generic/pdftexcmds\pdftexcmds
.sty
Package: pdftexcmds 2020-06-27 v0.33 Utility functions of pdfTeX for LuaTeX (HO
)

(C:\Users\orfuc\AppData\Local\Programs\MiKTeX\tex/generic/infwarerr\infwarerr.s
ty
Package: infwarerr 2019/12/03 v1.5 Providing info/warning/error messages (HO)
) (C:\Users\orfuc\AppData\Local\Programs\MiKTeX\tex/generic/iftex\iftex.sty
Package: iftex 2022/02/03 v1.0f TeX engine tests
)
(C:\Users\orfuc\AppData\Local\Programs\MiKTeX\tex/generic/ltxcmds\ltxcmds.sty
Package: ltxcmds 2020-05-10 v1.25 LaTeX kernel commands for general use (HO)
)
Package pdftexcmds Info: \pdf@primitive is available.
Package pdftexcmds Info: \pdf@ifprimitive is available.
Package pdftexcmds Info: \pdfdraftmode found.
))
\l__siunitx_table_tmp_box=\box57
\l__siunitx_table_tmp_dim=\dimen168
\l__siunitx_table_column_width_dim=\dimen169
\l__siunitx_table_integer_box=\box58
\l__siunitx_table_decimal_box=\box59
\l__siunitx_table_uncert_box=\box60
\l__siunitx_table_before_box=\box61
\l__siunitx_table_after_box=\box62
\l__siunitx_table_before_dim=\dimen170
\l__siunitx_table_carry_dim=\dimen171
\l__siunitx_unit_tmp_int=\count287
\l__siunitx_unit_position_int=\count288
\l__siunitx_unit_total_int=\count289
)
(C:\Users\orfuc\AppData\Local\Programs\MiKTeX\tex/latex/caption\subcaption.sty
Package: subcaption 2023/07/28 v1.6b Sub-captions (AR)

(C:\Users\orfuc\AppData\Local\Programs\MiKTeX\tex/latex/caption\caption.sty
Package: caption 2023/07/31 v3.6n Customizing captions (AR)

(C:\Users\orfuc\AppData\Local\Programs\MiKTeX\tex/latex/caption\caption3.sty
Package: caption3 2023/07/31 v2.4d caption3 kernel (AR)
\caption@tempdima=\dimen172
\captionmargin=\dimen173
\caption@leftmargin=\dimen174
\caption@rightmargin=\dimen175
\caption@width=\dimen176
\caption@indent=\dimen177
\caption@parindent=\dimen178
\caption@hangindent=\dimen179
Package caption Info: Standard document class detected.
)
\c@caption@flags=\count290
\c@continuedfloat=\count291
)
Package caption Info: New subtype `subfigure' on input line 238.
\c@subfigure=\count292
Package caption Info: New subtype `subtable' on input line 238.
\c@subtable=\count293
)
(C:\Users\orfuc\AppData\Local\Programs\MiKTeX\tex/latex/algorithm2e\algorithm2e
.sty
Package: algorithm2e 2017/07/18 v5.2 algorithms environments
\c@AlgoLine=\count294
 (C:\Users\orfuc\AppData\Local\Programs\MiKTeX\tex/latex/base\ifthen.sty
Package: ifthen 2022/04/13 v1.1d Standard LaTeX ifthen package (DPC)
)
\algocf@hangindent=\skip56

(C:\Users\orfuc\AppData\Local\Programs\MiKTeX\tex/latex/ifoddpage\ifoddpage.sty
Package: ifoddpage 2022/10/18 v1.2 Conditionals for odd/even page detection
\c@checkoddpage=\count295
) (C:\Users\orfuc\AppData\Local\Programs\MiKTeX\tex/latex/tools\xspace.sty
Package: xspace 2014/10/28 v1.13 Space after command names (DPC,MH)
)
(C:\Users\orfuc\AppData\Local\Programs\MiKTeX\tex/latex/relsize\relsize.sty
Package: relsize 2013/03/29 ver 4.1
)
\skiptotal=\skip57
\skiplinenumber=\skip58
\skiprule=\skip59
\skiphlne=\skip60
\skiptext=\skip61
\skiplength=\skip62
\algomargin=\skip63
\skipalgocfslide=\skip64
\algowidth=\dimen180
\inoutsize=\dimen181
\inoutindent=\dimen182
\interspacetitleruled=\dimen183
\interspacealgoruled=\dimen184
\interspacetitleboxruled=\dimen185
\algocf@ruledwidth=\skip65
\algocf@inoutbox=\box63
\algocf@inputbox=\box64
\AlCapSkip=\skip66
\AlCapHSkip=\skip67
\algoskipindent=\skip68
\algocf@nlbox=\box65
\algocf@hangingbox=\box66
\algocf@untilbox=\box67
\algocf@skipuntil=\skip69
\algocf@capbox=\box68
\algocf@lcaptionbox=\skip70
\algoheightruledefault=\skip71
\algoheightrule=\skip72
\algotitleheightruledefault=\skip73
\algotitleheightrule=\skip74
\c@algocfline=\count296
\c@algocfproc=\count297
\c@algocf=\count298
\algocf@algoframe=\box69
\algocf@algobox=\box70
)
(C:\Users\orfuc\AppData\Local\Programs\MiKTeX\tex/latex/mathtools\mathtools.sty
Package: mathtools 2022/06/29 v1.29 mathematical typesetting tools
(C:\Users\orfuc\AppData\Local\Programs\MiKTeX\tex/latex/tools\calc.sty
Package: calc 2017/05/25 v4.3 Infix arithmetic (KKT,FJ)
\calc@Acount=\count299
\calc@Bcount=\count300
\calc@Adimen=\dimen186
\calc@Bdimen=\dimen187
\calc@Askip=\skip75
\calc@Bskip=\skip76
LaTeX Info: Redefining \setlength on input line 80.
LaTeX Info: Redefining \addtolength on input line 81.
\calc@Ccount=\count301
\calc@Cskip=\skip77
)
(C:\Users\orfuc\AppData\Local\Programs\MiKTeX\tex/latex/mathtools\mhsetup.sty
Package: mhsetup 2021/03/18 v1.4 programming setup (MH)
)
\g_MT_multlinerow_int=\count302
\l_MT_multwidth_dim=\dimen188
\origjot=\skip78
\l_MT_shortvdotswithinadjustabove_dim=\dimen189
\l_MT_shortvdotswithinadjustbelow_dim=\dimen190
\l_MT_above_intertext_sep=\dimen191
\l_MT_below_intertext_sep=\dimen192
\l_MT_above_shortintertext_sep=\dimen193
\l_MT_below_shortintertext_sep=\dimen194
\xmathstrut@box=\box71
\xmathstrut@dim=\dimen195
) (C:\Users\orfuc\AppData\Local\Programs\MiKTeX\tex/latex/cleveref\cleveref.sty
Package: cleveref 2018/03/27 v0.21.4 Intelligent cross-referencing
Package cleveref Info: `algorithm2e' support loaded on input line 3147.
) (C:\Users\orfuc\AppData\Local\Programs\MiKTeX\tex/latex/tools\tabularx.sty
Package: tabularx 2020/01/15 v2.11c `tabularx' package (DPC)
\TX@col@width=\dimen196
\TX@old@table=\dimen197
\TX@old@col=\dimen198
\TX@target=\dimen199
\TX@delta=\dimen256
\TX@cols=\count303
\TX@ftn=\toks25
)
(C:\Users\orfuc\AppData\Local\Programs\MiKTeX\tex/latex/amscls\amsthm.sty
Package: amsthm 2020/05/29 v2.20.6
\thm@style=\toks26
\thm@bodyfont=\toks27
\thm@headfont=\toks28
\thm@notefont=\toks29
\thm@headpunct=\toks30
\thm@preskip=\skip79
\thm@postskip=\skip80
\thm@headsep=\skip81
\dth@everypar=\toks31
)
\c@theorem=\count304
\c@proposition=\count305
\c@lemma=\count306
Package translations Info: No language package found. I am going to use `englis
h' as default language. on input line 113.
LaTeX Font Info:    Trying to load font information for OT1+ptm on input line 1
13.

(C:\Users\orfuc\AppData\Local\Programs\MiKTeX\tex/latex/psnfss\ot1ptm.fd
File: ot1ptm.fd 2001/06/04 font definitions for OT1/ptm.
)
(C:\Users\orfuc\AppData\Local\Programs\MiKTeX\tex/latex/l3backend\l3backend-pdf
tex.def
File: l3backend-pdftex.def 2023-04-19 L3 backend support: PDF output (pdfTeX)
\l__color_backend_stack_int=\count307
\l__pdf_internal_box=\box72
) (AAAI-SongK.4445_changed.aux)
\openout1 = `AAAI-SongK.4445_changed.aux'.

LaTeX Font Info:    Checking defaults for OML/cmm/m/it on input line 113.
LaTeX Font Info:    ... okay on input line 113.
LaTeX Font Info:    Checking defaults for OMS/cmsy/m/n on input line 113.
LaTeX Font Info:    ... okay on input line 113.
LaTeX Font Info:    Checking defaults for OT1/cmr/m/n on input line 113.
LaTeX Font Info:    ... okay on input line 113.
LaTeX Font Info:    Checking defaults for T1/cmr/m/n on input line 113.
LaTeX Font Info:    ... okay on input line 113.
LaTeX Font Info:    Checking defaults for TS1/cmr/m/n on input line 113.
LaTeX Font Info:    ... okay on input line 113.
LaTeX Font Info:    Checking defaults for OMX/cmex/m/n on input line 113.
LaTeX Font Info:    ... okay on input line 113.
LaTeX Font Info:    Checking defaults for U/cmr/m/n on input line 113.
LaTeX Font Info:    ... okay on input line 113.

(C:\Users\orfuc\AppData\Local\Programs\MiKTeX\tex/context/base/mkii\supp-pdf.mk
ii
[Loading MPS to PDF converter (version 2006.09.02).]
\scratchcounter=\count308
\scratchdimen=\dimen257
\scratchbox=\box73
\nofMPsegments=\count309
\nofMParguments=\count310
\everyMPshowfont=\toks32
\MPscratchCnt=\count311
\MPscratchDim=\dimen258
\MPnumerator=\count312
\makeMPintoPDFobject=\count313
\everyMPtoPDFconversion=\toks33
)
(C:\Users\orfuc\AppData\Local\Programs\MiKTeX\tex/latex/epstopdf-pkg\epstopdf-b
ase.sty
Package: epstopdf-base 2020-01-24 v2.11 Base part for package epstopdf
Package epstopdf-base Info: Redefining graphics rule for `.eps' on input line 4
85.

(C:\Users\orfuc\AppData\Local\Programs\MiKTeX\tex/latex/00miktex\epstopdf-sys.c
fg
File: epstopdf-sys.cfg 2021/03/18 v2.0 Configuration of epstopdf for MiKTeX
))
(C:\Users\orfuc\AppData\Local\Programs\MiKTeX\tex/latex/translations/dicts\tran
slations-basic-dictionary-english.trsl
File: translations-basic-dictionary-english.trsl (english translation file `tra
nslations-basic-dictionary')
)
Package translations Info: loading dictionary `translations-basic-dictionary' f
or `english'. on input line 113.
Package caption Info: Begin \AtBeginDocument code.
Package caption Info: End \AtBeginDocument code.
LaTeX Font Info:    Trying to load font information for U+msa on input line 123
.

(C:\Users\orfuc\AppData\Local\Programs\MiKTeX\tex/latex/amsfonts\umsa.fd
File: umsa.fd 2013/01/14 v3.01 AMS symbols A
)
LaTeX Font Info:    Trying to load font information for U+msb on input line 123
.

(C:\Users\orfuc\AppData\Local\Programs\MiKTeX\tex/latex/amsfonts\umsb.fd
File: umsb.fd 2013/01/14 v3.01 AMS symbols B
)
LaTeX Font Info:    Trying to load font information for U+lasy on input line 12
3.

(C:\Users\orfuc\AppData\Local\Programs\MiKTeX\tex/latex/base\ulasy.fd
File: ulasy.fd 1998/08/17 v2.2e LaTeX symbol font definitions
)
LaTeX Font Info:    Trying to load font information for OMS+ptm on input line 1
23.

(C:\Users\orfuc\AppData\Local\Programs\MiKTeX\tex/latex/psnfss\omsptm.fd
File: omsptm.fd 
)
LaTeX Font Info:    Font shape `OMS/ptm/m/n' in size <10> not available
(Font)              Font shape `OMS/cmsy/m/n' tried instead on input line 123.
LaTeX Font Info:    Trying to load font information for TS1+ptm on input line 1
23.

(C:\Users\orfuc\AppData\Local\Programs\MiKTeX\tex/latex/psnfss\ts1ptm.fd
File: ts1ptm.fd 2001/06/04 font definitions for TS1/ptm.
)

LaTeX Warning: Citation `hochreiter1997long' on page 1 undefined on input line 
133.


LaTeX Warning: Citation `li2018towards' on page 1 undefined on input line 140.


LaTeX Warning: Citation `li2018towards' on page 1 undefined on input line 140.


LaTeX Warning: Citation `li2018towards' on page 1 undefined on input line 141.

<intro_fig2.png, id=1, 450.9648pt x 290.5254pt>
File: intro_fig2.png Graphic file (type png)
<use intro_fig2.png>
Package pdftex.def Info: intro_fig2.png  used on input line 146.
(pdftex.def)             Requested size: 114.90826pt x 74.02757pt.
<intro_fig1.png, id=3, 450.9648pt x 297.2706pt>
File: intro_fig1.png Graphic file (type png)
<use intro_fig1.png>
Package pdftex.def Info: intro_fig1.png  used on input line 149.
(pdftex.def)             Requested size: 114.90826pt x 75.74629pt.

LaTeX Warning: Citation `greff2017lstm' on page 1 undefined on input line 157.


LaTeX Warning: Citation `greff2017lstm' on page 1 undefined on input line 157.


LaTeX Warning: Citation `harabagiu2004incremental' on page 1 undefined on input
 line 160.


LaTeX Warning: Citation `kampffmeyer2019connnet' on page 1 undefined on input l
ine 160.


LaTeX Warning: Citation `battaglia2018relational' on page 1 undefined on input 
line 160.

[1{C:/Users/orfuc/AppData/Local/MiKTeX/fonts/map/pdftex/pdftex.map}{C:/Users/or
fuc/AppData/Local/Programs/MiKTeX/fonts/enc/dvips/base/8r.enc}



 <./intro_fig2.png> <./intro_fig1.png>]
<CIFGLSTM_cell.png, id=16, 304.4976pt x 189.3474pt>
File: CIFGLSTM_cell.png Graphic file (type png)
<use CIFGLSTM_cell.png>
Package pdftex.def Info: CIFGLSTM_cell.png  used on input line 180.
(pdftex.def)             Requested size: 114.90826pt x 71.45291pt.
<G2LSTM_cell.png, id=17, 304.4976pt x 189.3474pt>
File: G2LSTM_cell.png Graphic file (type png)
<use G2LSTM_cell.png>
Package pdftex.def Info: G2LSTM_cell.png  used on input line 186.
(pdftex.def)             Requested size: 114.90826pt x 71.45291pt.


LaTeX Warning: Citation `gal2016theoretically' on page 2 undefined on input lin
e 222.


LaTeX Warning: Citation `DBLP:journals/corr/abs-1904-09816' on page 2 undefined
 on input line 222.


LaTeX Warning: Citation `chung2015recurrent' on page 2 undefined on input line 
222.


LaTeX Warning: Citation `serban2017hierarchical' on page 2 undefined on input l
ine 222.


LaTeX Warning: Citation `sru' on page 2 undefined on input line 225.


LaTeX Warning: Citation `NIPS2018_8253' on page 2 undefined on input line 225.


LaTeX Warning: Citation `greff2017lstm' on page 2 undefined on input line 225.


LaTeX Warning: Citation `li2018towards' on page 2 undefined on input line 229.

<BLSTM_cell.png, id=18, 304.4976pt x 189.8292pt>
File: BLSTM_cell.png Graphic file (type png)
<use BLSTM_cell.png>
Package pdftex.def Info: BLSTM_cell.png  used on input line 274.
(pdftex.def)             Requested size: 114.90826pt x 71.63474pt.
<bBLSTM_3G_cell.png, id=19, 304.9794pt x 189.8292pt>
File: bBLSTM_3G_cell.png Graphic file (type png)
<use bBLSTM_3G_cell.png>
Package pdftex.def Info: bBLSTM_3G_cell.png  used on input line 279.
(pdftex.def)             Requested size: 114.90826pt x 71.52176pt.
<bBLSTM_5G_cell.png, id=20, 304.4976pt x 189.3474pt>
File: bBLSTM_5G_cell.png Graphic file (type png)
<use bBLSTM_5G_cell.png>
Package pdftex.def Info: bBLSTM_5G_cell.png  used on input line 284.
(pdftex.def)             Requested size: 114.90826pt x 71.45291pt.
<bBLSTM_5G_prior_cell.png, id=21, 304.9794pt x 189.3474pt>
File: bBLSTM_5G_prior_cell.png Graphic file (type png)
<use bBLSTM_5G_prior_cell.png>
Package pdftex.def Info: bBLSTM_5G_prior_cell.png  used on input line 289.
(pdftex.def)             Requested size: 114.90826pt x 71.34024pt.
[2 <./CIFGLSTM_cell.png> <./G2LSTM_cell.png>]

LaTeX Warning: Citation `jankowiak2018pathwise' on page 3 undefined on input li
ne 306.


LaTeX Warning: Citation `OLKIN2003407' on page 3 undefined on input line 314.


LaTeX Warning: Citation `OLKIN2003407' on page 3 undefined on input line 321.


LaTeX Warning: Citation `ARNOLD20111194' on page 3 undefined on input line 326.



Underfull \hbox (badness 1681) in paragraph at lines 326--330
[]\OT1/ptm/m/n/10 We ex-tend the bi-vari-ate Beta dis-tri-bu-tion in bBeta-
 []


LaTeX Warning: Citation `dieng2018noisin' on page 3 undefined on input line 344
.

[3 <./BLSTM_cell.png> <./bBLSTM_3G_cell.png> <./bBLSTM_5G_cell.png> <./bBLSTM_5
G_prior_cell.png>]

LaTeX Warning: Citation `VAE2014' on page 4 undefined on input line 355.


LaTeX Warning: Citation `blei2003latent' on page 4 undefined on input line 369.



Underfull \vbox (badness 1708) has occurred while \output is active []

<accuracy_cr0_LDA_glove.png, id=43, 387.1263pt x 286.1892pt>
File: accuracy_cr0_LDA_glove.png Graphic file (type png)
<use accuracy_cr0_LDA_glove.png>
Package pdftex.def Info: accuracy_cr0_LDA_glove.png  used on input line 383.
(pdftex.def)             Requested size: 114.90826pt x 84.94473pt.
<cr_tr_GBetalstm_corr.png, id=44, 407.8437pt x 268.6035pt>
File: cr_tr_GBetalstm_corr.png Graphic file (type png)
<use cr_tr_GBetalstm_corr.png>
Package pdftex.def Info: cr_tr_GBetalstm_corr.png  used on input line 386.
(pdftex.def)             Requested size: 114.90826pt x 75.67569pt.


LaTeX Warning: `!h' float specifier changed to `!ht'.

<sample_cr_tr_input_LSTM.png, id=45, 396.5214pt x 268.6035pt>
File: sample_cr_tr_input_LSTM.png Graphic file (type png)
<use sample_cr_tr_input_LSTM.png>
Package pdftex.def Info: sample_cr_tr_input_LSTM.png  used on input line 437.
(pdftex.def)             Requested size: 114.90826pt x 77.83974pt.
<sample_cr_tr_input_CIFGLSTM.png, id=46, 409.2891pt x 268.6035pt>
File: sample_cr_tr_input_CIFGLSTM.png Graphic file (type png)
<use sample_cr_tr_input_CIFGLSTM.png>
Package pdftex.def Info: sample_cr_tr_input_CIFGLSTM.png  used on input line 44
2.
(pdftex.def)             Requested size: 114.90826pt x 75.40929pt.
<sample_cr_tr_input_G2LSTM.png, id=47, 403.0257pt x 268.6035pt>
File: sample_cr_tr_input_G2LSTM.png Graphic file (type png)
<use sample_cr_tr_input_G2LSTM.png>
Package pdftex.def Info: sample_cr_tr_input_G2LSTM.png  used on input line 447.

(pdftex.def)             Requested size: 114.90826pt x 76.58148pt.
<sample_cr_tr_input_bBLSTM_5G.png, id=48, 403.0257pt x 268.6035pt>
File: sample_cr_tr_input_bBLSTM_5G.png Graphic file (type png)
<use sample_cr_tr_input_bBLSTM_5G.png>
Package pdftex.def Info: sample_cr_tr_input_bBLSTM_5G.png  used on input line 4
52.
(pdftex.def)             Requested size: 114.90826pt x 76.58148pt.

LaTeX Warning: `h' float specifier changed to `ht'.


LaTeX Warning: Citation `sru' on page 4 undefined on input line 461.


LaTeX Warning: Citation `wang2019rtransf' on page 4 undefined on input line 461
.


LaTeX Warning: Citation `cooijmans2016recurrent' on page 4 undefined on input l
ine 461.


LaTeX Warning: Citation `hdetach2019' on page 4 undefined on input line 461.


Underfull \hbox (badness 1087) in paragraph at lines 461--467
\OT1/ptm/m/n/10 We com-pare our mod-els and base-lines, LSTM, CIFG-
 []

[4 <./accuracy_cr0_LDA_glove.png> <./cr_tr_GBetalstm_corr.png>]

LaTeX Warning: Citation `sru' on page 5 undefined on input line 470.

<mr_1467_case.png, id=56, 971.3088pt x 330.033pt>
File: mr_1467_case.png Graphic file (type png)
<use mr_1467_case.png>
Package pdftex.def Info: mr_1467_case.png  used on input line 479.
(pdftex.def)             Requested size: 505.89pt x 171.89511pt.

Overfull \hbox (25.96443pt too wide) in paragraph at lines 513--530
 [][] 
 []


Underfull \hbox (badness 1377) in paragraph at lines 470--538
\OT1/ptm/m/n/10 re-views (MR), ques-tion type (TREC), opin-ion po-lar-ity
 []


LaTeX Warning: `!h' float specifier changed to `!ht'.


Underfull \vbox (badness 10000) has occurred while \output is active []

 [5 <./sample_cr_tr_input_LSTM.png> <./sample_cr_tr_input_CIFGLSTM.png> <./samp
le_cr_tr_input_G2LSTM.png> <./sample_cr_tr_input_bBLSTM_5G.png>]

LaTeX Warning: Citation `wang2019rtransf' on page 6 undefined on input line 552
.


Underfull \hbox (badness 3780) in paragraph at lines 547--553
\OT1/ptm/m/n/10 We use four poly-phonic mu-sic mod-el-ing bench-mark
 []

<average_gradient_norm.png, id=64, 407.121pt x 263.7855pt>
File: average_gradient_norm.png Graphic file (type png)
<use average_gradient_norm.png>
Package pdftex.def Info: average_gradient_norm.png  used on input line 560.
(pdftex.def)             Requested size: 114.90826pt x 74.45111pt.
<pMNIST_val_error.png, id=65, 394.3533pt x 266.6763pt>
File: pMNIST_val_error.png Graphic file (type png)
<use pMNIST_val_error.png>
Package pdftex.def Info: pMNIST_val_error.png  used on input line 565.
(pdftex.def)             Requested size: 114.90826pt x 77.70444pt.

Underfull \hbox (badness 1783) in paragraph at lines 568--568
[]\OT1/ptm/m/n/10 Figure 7: |Av-er-age gra-di-ent norm, $\OMS/cmsy/m/n/10 k[]k$
 \OT1/ptm/m/n/10 for loss
 []


Underfull \hbox (badness 2005) in paragraph at lines 568--568
\OML/cmm/m/it/10 L[]$ \OT1/ptm/m/n/10 over each time step. Beta-LSTM and bBeta-

 []


LaTeX Warning: Citation `karpathy2015deep' on page 6 undefined on input line 57
9.


LaTeX Warning: Citation `you2016image' on page 6 undefined on input line 580.


LaTeX Warning: Citation `vinyals2015show' on page 6 undefined on input line 581
.


LaTeX Warning: Citation `xu2015show' on page 6 undefined on input line 582.


LaTeX Warning: Citation `xu2015show' on page 6 undefined on input line 583.


LaTeX Warning: Citation `yao2017boosting' on page 6 undefined on input line 584
.


LaTeX Warning: Citation `hdetach2019' on page 6 undefined on input line 591.


LaTeX Warning: Citation `hdetach2019' on page 6 undefined on input line 595.


LaTeX Warning: `!h' float specifier changed to `!ht'.


Underfull \vbox (badness 10000) has occurred while \output is active []

 [6 <./mr_1467_case.png> <./average_gradient_norm.png> <./pMNIST_val_error.png>
]

LaTeX Warning: Citation `MSCOCO2014' on page 7 undefined on input line 618.


LaTeX Warning: Citation `karpathy2015deep' on page 7 undefined on input line 61
8.


LaTeX Warning: Citation `vinyals2015show' on page 7 undefined on input line 620
.


LaTeX Warning: Citation `xu2015show' on page 7 undefined on input line 620.


LaTeX Warning: Citation `hdetach2019' on page 7 undefined on input line 622.

[7] [8

]
No file AAAI-SongK.4445_changed.bbl.
(AAAI-SongK.4445_changed.aux)
 ***********
LaTeX2e <2023-06-01> patch level 1
L3 programming layer <2023-08-29>
 ***********
 ) 
Here is how much of TeX's memory you used:
 12146 strings out of 475247
 272552 string characters out of 5757792
 1946801 words of memory out of 5000000
 33533 multiletter control sequences out of 15000+600000
 581940 words of font info for 86 fonts, out of 8000000 for 9000
 1141 hyphenation exceptions out of 8191
 73i,13n,80p,1254b,541s stack positions out of 10000i,1000n,20000p,200000b,200000s
<C:/Users/orfuc/AppData/Local/Programs/MiKTeX/fonts/type1/public/amsfonts/cm/
cmex10.pfb><C:/Users/orfuc/AppData/Local/Programs/MiKTeX/fonts/type1/public/ams
fonts/cm/cmmi10.pfb><C:/Users/orfuc/AppData/Local/Programs/MiKTeX/fonts/type1/p
ublic/amsfonts/cm/cmmi5.pfb><C:/Users/orfuc/AppData/Local/Programs/MiKTeX/fonts
/type1/public/amsfonts/cm/cmmi7.pfb><C:/Users/orfuc/AppData/Local/Programs/MiKT
eX/fonts/type1/public/amsfonts/cm/cmmi9.pfb><C:/Users/orfuc/AppData/Local/Progr
ams/MiKTeX/fonts/type1/public/amsfonts/cm/cmr10.pfb><C:/Users/orfuc/AppData/Loc
al/Programs/MiKTeX/fonts/type1/public/amsfonts/cm/cmr5.pfb><C:/Users/orfuc/AppD
ata/Local/Programs/MiKTeX/fonts/type1/public/amsfonts/cm/cmr6.pfb><C:/Users/orf
uc/AppData/Local/Programs/MiKTeX/fonts/type1/public/amsfonts/cm/cmr7.pfb><C:/Us
ers/orfuc/AppData/Local/Programs/MiKTeX/fonts/type1/public/amsfonts/cm/cmsy10.p
fb><C:/Users/orfuc/AppData/Local/Programs/MiKTeX/fonts/type1/public/amsfonts/cm
/cmsy5.pfb><C:/Users/orfuc/AppData/Local/Programs/MiKTeX/fonts/type1/public/ams
fonts/cm/cmsy7.pfb><C:/Users/orfuc/AppData/Local/Programs/MiKTeX/fonts/type1/pu
blic/amsfonts/cm/cmsy9.pfb><C:/Users/orfuc/AppData/Local/Programs/MiKTeX/fonts/
type1/public/amsfonts/symbols/msbm10.pfb><C:/Users/orfuc/AppData/Local/Programs
/MiKTeX/fonts/type1/urw/times/utmb8a.pfb><C:/Users/orfuc/AppData/Local/Programs
/MiKTeX/fonts/type1/urw/times/utmbi8a.pfb><C:/Users/orfuc/AppData/Local/Program
s/MiKTeX/fonts/type1/urw/times/utmr8a.pfb><C:/Users/orfuc/AppData/Local/Program
s/MiKTeX/fonts/type1/urw/times/utmri8a.pfb>
Output written on AAAI-SongK.4445_changed.pdf (8 pages, 1362626 bytes).
PDF statistics:
 155 PDF objects out of 1000 (max. 8388607)
 0 named destinations out of 1000 (max. 500000)
 86 words of extra memory for PDF output out of 10000 (max. 10000000)

