This is pdfTeX, Version 3.141592653-2.6-1.40.25 (MiKTeX 23.5) (preloaded format=pdflatex 2024.1.12)  3 MAR 2024 15:44
entering extended mode
 restricted \write18 enabled.
 %&-line parsing enabled.
**./main_changed.tex
(main_changed.tex
LaTeX2e <2023-06-01> patch level 1
L3 programming layer <2023-08-29>
(C:\Users\orfuc\AppData\Local\Programs\MiKTeX\tex/latex/base\article.cls
Document Class: article 2023/05/17 v1.4n Standard LaTeX document class
(C:\Users\orfuc\AppData\Local\Programs\MiKTeX\tex/latex/base\size10.clo
File: size10.clo 2023/05/17 v1.4n Standard LaTeX file (size option)
)
\c@part=\count185
\c@section=\count186
\c@subsection=\count187
\c@subsubsection=\count188
\c@paragraph=\count189
\c@subparagraph=\count190
\c@figure=\count191
\c@table=\count192
\abovecaptionskip=\skip48
\belowcaptionskip=\skip49
\bibindent=\dimen140
)
(aaai19.sty
Conference Style for AAAI for LaTeX 2e -- version for the AAAI-19 conference
\titlebox=\skip50
) (C:\Users\orfuc\AppData\Local\Programs\MiKTeX\tex/latex/psnfss\times.sty
Package: times 2020/03/25 PSNFSS-v9.3 (SPQR) 
)
(C:\Users\orfuc\AppData\Local\Programs\MiKTeX\tex/latex/psnfss\helvet.sty
Package: helvet 2020/03/25 PSNFSS-v9.3 (WaS) 

(C:\Users\orfuc\AppData\Local\Programs\MiKTeX\tex/latex/graphics\keyval.sty
Package: keyval 2022/05/29 v1.15 key=value parser (DPC)
\KV@toks@=\toks17
))
(C:\Users\orfuc\AppData\Local\Programs\MiKTeX\tex/latex/psnfss\courier.sty
Package: courier 2020/03/25 PSNFSS-v9.3 (WaS) 
)
(C:\Users\orfuc\AppData\Local\Programs\MiKTeX\tex/latex/url\url.sty
\Urlmuskip=\muskip16
Package: url 2013/09/16  ver 3.4  Verb mode for urls, etc.
)
(C:\Users\orfuc\AppData\Local\Programs\MiKTeX\tex/latex/graphics\graphicx.sty
Package: graphicx 2021/09/16 v1.2d Enhanced LaTeX Graphics (DPC,SPQR)

(C:\Users\orfuc\AppData\Local\Programs\MiKTeX\tex/latex/graphics\graphics.sty
Package: graphics 2022/03/10 v1.4e Standard LaTeX Graphics (DPC,SPQR)

(C:\Users\orfuc\AppData\Local\Programs\MiKTeX\tex/latex/graphics\trig.sty
Package: trig 2021/08/11 v1.11 sin cos tan (DPC)
)
(C:\Users\orfuc\AppData\Local\Programs\MiKTeX\tex/latex/graphics-cfg\graphics.c
fg
File: graphics.cfg 2016/06/04 v1.11 sample graphics configuration
)
Package graphics Info: Driver file: pdftex.def on input line 107.

(C:\Users\orfuc\AppData\Local\Programs\MiKTeX\tex/latex/graphics-def\pdftex.def
File: pdftex.def 2022/09/22 v1.2b Graphics/color driver for pdftex
))
\Gin@req@height=\dimen141
\Gin@req@width=\dimen142
) (C:\Users\orfuc\AppData\Local\Programs\MiKTeX\tex/latex/tools\bm.sty
Package: bm 2022/01/05 v1.2f Bold Symbol Support (DPC/FMi)
\symboldoperators=\mathgroup4
\symboldletters=\mathgroup5
\symboldsymbols=\mathgroup6
Package bm Info: No bold for \OMX/cmex/m/n, using \pmb.
LaTeX Font Info:    Redeclaring math alphabet \mathbf on input line 149.
)
(C:\Users\orfuc\AppData\Local\Programs\MiKTeX\tex/latex/amsmath\amsmath.sty
Package: amsmath 2023/05/13 v2.17o AMS math features
\@mathmargin=\skip51

For additional information on amsmath, use the `?' option.
(C:\Users\orfuc\AppData\Local\Programs\MiKTeX\tex/latex/amsmath\amstext.sty
Package: amstext 2021/08/26 v2.01 AMS text

(C:\Users\orfuc\AppData\Local\Programs\MiKTeX\tex/latex/amsmath\amsgen.sty
File: amsgen.sty 1999/11/30 v2.0 generic functions
\@emptytoks=\toks18
\ex@=\dimen143
))
(C:\Users\orfuc\AppData\Local\Programs\MiKTeX\tex/latex/amsmath\amsbsy.sty
Package: amsbsy 1999/11/29 v1.2d Bold Symbols
LaTeX Info: Redefining \boldsymbol on input line 28.
\pmbraise@=\dimen144
)
(C:\Users\orfuc\AppData\Local\Programs\MiKTeX\tex/latex/amsmath\amsopn.sty
Package: amsopn 2022/04/08 v2.04 operator names
)
\inf@bad=\count193
LaTeX Info: Redefining \frac on input line 234.
\uproot@=\count194
\leftroot@=\count195
LaTeX Info: Redefining \overline on input line 399.
LaTeX Info: Redefining \colon on input line 410.
\classnum@=\count196
\DOTSCASE@=\count197
LaTeX Info: Redefining \ldots on input line 496.
LaTeX Info: Redefining \dots on input line 499.
LaTeX Info: Redefining \cdots on input line 620.
\Mathstrutbox@=\box51
\strutbox@=\box52
LaTeX Info: Redefining \big on input line 722.
LaTeX Info: Redefining \Big on input line 723.
LaTeX Info: Redefining \bigg on input line 724.
LaTeX Info: Redefining \Bigg on input line 725.
\big@size=\dimen145
LaTeX Font Info:    Redeclaring font encoding OML on input line 743.
LaTeX Font Info:    Redeclaring font encoding OMS on input line 744.
\macc@depth=\count198
LaTeX Info: Redefining \bmod on input line 905.
LaTeX Info: Redefining \pmod on input line 910.
LaTeX Info: Redefining \smash on input line 940.
LaTeX Info: Redefining \relbar on input line 970.
LaTeX Info: Redefining \Relbar on input line 971.
\c@MaxMatrixCols=\count199
\dotsspace@=\muskip17
\c@parentequation=\count266
\dspbrk@lvl=\count267
\tag@help=\toks19
\row@=\count268
\column@=\count269
\maxfields@=\count270
\andhelp@=\toks20
\eqnshift@=\dimen146
\alignsep@=\dimen147
\tagshift@=\dimen148
\tagwidth@=\dimen149
\totwidth@=\dimen150
\lineht@=\dimen151
\@envbody=\toks21
\multlinegap=\skip52
\multlinetaggap=\skip53
\mathdisplay@stack=\toks22
LaTeX Info: Redefining \[ on input line 2953.
LaTeX Info: Redefining \] on input line 2954.
)
(C:\Users\orfuc\AppData\Local\Programs\MiKTeX\tex/latex/amsfonts\amssymb.sty
Package: amssymb 2013/01/14 v3.01 AMS font symbols

(C:\Users\orfuc\AppData\Local\Programs\MiKTeX\tex/latex/amsfonts\amsfonts.sty
Package: amsfonts 2013/01/14 v3.01 Basic AMSFonts support
\symAMSa=\mathgroup7
\symAMSb=\mathgroup8
LaTeX Font Info:    Redeclaring math symbol \hbar on input line 98.
LaTeX Font Info:    Overwriting math alphabet `\mathfrak' in version `bold'
(Font)                  U/euf/m/n --> U/euf/b/n on input line 106.
))
(C:\Users\orfuc\AppData\Local\Programs\MiKTeX\tex/latex/algorithms\algorithm.st
y
Package: algorithm 2009/08/24 v0.1 Document Style `algorithm' - floating enviro
nment
 (C:\Users\orfuc\AppData\Local\Programs\MiKTeX\tex/latex/float\float.sty
Package: float 2001/11/08 v1.3d Float enhancements (AL)
\c@float@type=\count271
\float@exts=\toks23
\float@box=\box53
\@float@everytoks=\toks24
\@floatcapt=\box54
)
(C:\Users\orfuc\AppData\Local\Programs\MiKTeX\tex/latex/base\ifthen.sty
Package: ifthen 2022/04/13 v1.1d Standard LaTeX ifthen package (DPC)
)
\@float@every@algorithm=\toks25
\c@algorithm=\count272
)
(C:\Users\orfuc\AppData\Local\Programs\MiKTeX\tex/latex/algorithms\algorithmic.
sty
Package: algorithmic 2009/08/24 v0.1 Document Style `algorithmic'
\c@ALC@unique=\count273
\c@ALC@line=\count274
\c@ALC@rem=\count275
\c@ALC@depth=\count276
\ALC@tlm=\skip54
\algorithmicindent=\skip55
)
(C:\Users\orfuc\AppData\Local\Programs\MiKTeX\tex/latex/multirow\multirow.sty
Package: multirow 2021/03/15 v2.8 Span multiple rows of a table
\multirow@colwidth=\skip56
\multirow@cntb=\count277
\multirow@dima=\skip57
\bigstrutjot=\dimen152
)
(C:\Users\orfuc\AppData\Local\Programs\MiKTeX\tex/latex/booktabs\booktabs.sty
Package: booktabs 2020/01/12 v1.61803398 Publication quality tables
\heavyrulewidth=\dimen153
\lightrulewidth=\dimen154
\cmidrulewidth=\dimen155
\belowrulesep=\dimen156
\belowbottomsep=\dimen157
\aboverulesep=\dimen158
\abovetopsep=\dimen159
\cmidrulesep=\dimen160
\cmidrulekern=\dimen161
\defaultaddspace=\dimen162
\@cmidla=\count278
\@cmidlb=\count279
\@aboverulesep=\dimen163
\@belowrulesep=\dimen164
\@thisruleclass=\count280
\@lastruleclass=\count281
\@thisrulewidth=\dimen165
)
(C:\Users\orfuc\AppData\Local\Programs\MiKTeX\tex/latex/tools\tabularx.sty
Package: tabularx 2020/01/15 v2.11c `tabularx' package (DPC)

(C:\Users\orfuc\AppData\Local\Programs\MiKTeX\tex/latex/tools\array.sty
Package: array 2022/09/04 v2.5g Tabular extension package (FMi)
\col@sep=\dimen166
\ar@mcellbox=\box55
\extrarowheight=\dimen167
\NC@list=\toks26
\extratabsurround=\skip58
\backup@length=\skip59
\ar@cellbox=\box56
)
\TX@col@width=\dimen168
\TX@old@table=\dimen169
\TX@old@col=\dimen170
\TX@target=\dimen171
\TX@delta=\dimen172
\TX@cols=\count282
\TX@ftn=\toks27
)
LaTeX Font Info:    Trying to load font information for OT1+ptm on input line 2
4.

(C:\Users\orfuc\AppData\Local\Programs\MiKTeX\tex/latex/psnfss\ot1ptm.fd
File: ot1ptm.fd 2001/06/04 font definitions for OT1/ptm.
)
(C:\Users\orfuc\AppData\Local\Programs\MiKTeX\tex/latex/l3backend\l3backend-pdf
tex.def
File: l3backend-pdftex.def 2023-04-19 L3 backend support: PDF output (pdfTeX)
\l__color_backend_stack_int=\count283
\l__pdf_internal_box=\box57
) (main_changed.aux)
\openout1 = `main_changed.aux'.

LaTeX Font Info:    Checking defaults for OML/cmm/m/it on input line 24.
LaTeX Font Info:    ... okay on input line 24.
LaTeX Font Info:    Checking defaults for OMS/cmsy/m/n on input line 24.
LaTeX Font Info:    ... okay on input line 24.
LaTeX Font Info:    Checking defaults for OT1/cmr/m/n on input line 24.
LaTeX Font Info:    ... okay on input line 24.
LaTeX Font Info:    Checking defaults for T1/cmr/m/n on input line 24.
LaTeX Font Info:    ... okay on input line 24.
LaTeX Font Info:    Checking defaults for TS1/cmr/m/n on input line 24.
LaTeX Font Info:    ... okay on input line 24.
LaTeX Font Info:    Checking defaults for OMX/cmex/m/n on input line 24.
LaTeX Font Info:    ... okay on input line 24.
LaTeX Font Info:    Checking defaults for U/cmr/m/n on input line 24.
LaTeX Font Info:    ... okay on input line 24.

(C:\Users\orfuc\AppData\Local\Programs\MiKTeX\tex/context/base/mkii\supp-pdf.mk
ii
[Loading MPS to PDF converter (version 2006.09.02).]
\scratchcounter=\count284
\scratchdimen=\dimen173
\scratchbox=\box58
\nofMPsegments=\count285
\nofMParguments=\count286
\everyMPshowfont=\toks28
\MPscratchCnt=\count287
\MPscratchDim=\dimen174
\MPnumerator=\count288
\makeMPintoPDFobject=\count289
\everyMPtoPDFconversion=\toks29
)
(C:\Users\orfuc\AppData\Local\Programs\MiKTeX\tex/latex/epstopdf-pkg\epstopdf-b
ase.sty
Package: epstopdf-base 2020-01-24 v2.11 Base part for package epstopdf
Package epstopdf-base Info: Redefining graphics rule for `.eps' on input line 4
85.

(C:\Users\orfuc\AppData\Local\Programs\MiKTeX\tex/latex/00miktex\epstopdf-sys.c
fg
File: epstopdf-sys.cfg 2021/03/18 v2.0 Configuration of epstopdf for MiKTeX
))
LaTeX Font Info:    Trying to load font information for U+msa on input line 39.

 (C:\Users\orfuc\AppData\Local\Programs\MiKTeX\tex/latex/amsfonts\umsa.fd
File: umsa.fd 2013/01/14 v3.01 AMS symbols A
)
LaTeX Font Info:    Trying to load font information for U+msb on input line 39.


(C:\Users\orfuc\AppData\Local\Programs\MiKTeX\tex/latex/amsfonts\umsb.fd
File: umsb.fd 2013/01/14 v3.01 AMS symbols B
)
LaTeX Font Info:    Trying to load font information for OMS+ptm on input line 3
9.

(C:\Users\orfuc\AppData\Local\Programs\MiKTeX\tex/latex/psnfss\omsptm.fd
File: omsptm.fd 
)
LaTeX Font Info:    Font shape `OMS/ptm/m/n' in size <10> not available
(Font)              Font shape `OMS/cmsy/m/n' tried instead on input line 39.
LaTeX Font Info:    Trying to load font information for TS1+ptm on input line 3
9.

(C:\Users\orfuc\AppData\Local\Programs\MiKTeX\tex/latex/psnfss\ts1ptm.fd
File: ts1ptm.fd 2001/06/04 font definitions for TS1/ptm.
)

LaTeX Warning: Citation `Fortunato:2010:CommunityDetectionInGraphs' on page 1 u
ndefined on input line 51.


LaTeX Warning: Citation `RossettiEtAl:2017:CommunityDiscoverInDynamicNetworksAS
urvey' on page 1 undefined on input line 51.


LaTeX Warning: Citation `XingEtAl:2010:AStateSpaceMixedMembershipBlockmodelForD
ynamicNetworkTomography' on page 1 undefined on input line 55.


LaTeX Warning: Citation `FouldsEtAl:2011:ADynamicRelationalInfiniteFeatureModel
ForLongitudinalSocialNetworks' on page 1 undefined on input line 55.


LaTeX Warning: Citation `HeaukulaniEtAl:2013:DynamicProbabilisticModelsForLaten
tFeaturePropagationInSocialNetworks' on page 1 undefined on input line 55.


LaTeX Warning: Citation `KimEtAl:2013:NonparametricMultiGroupMembershipModelFor
DynamicNetworks' on page 1 undefined on input line 55.


LaTeX Warning: Citation `XuHero:2014:DynamicStochasticBlockmodelsForTimeEvolvin
gSocialNetworks' on page 1 undefined on input line 55.


LaTeX Warning: Citation `KimEtAl:2013:NonparametricMultiGroupMembershipModelFor
DynamicNetworks' on page 1 undefined on input line 55.


LaTeX Warning: Citation `GuptaEtAl:2018:AGenerativeModelForDynamicNetworksWithA
pplicationsSupplementaryMaterial' on page 1 undefined on input line 57.

[1{C:/Users/orfuc/AppData/Local/MiKTeX/fonts/map/pdftex/pdftex.map}{C:/Users/or
fuc/AppData/Local/Programs/MiKTeX/fonts/enc/dvips/base/8r.enc}



]
<graphical_model.png, id=11, 712.6625pt x 273.02pt>
File: graphical_model.png Graphic file (type png)
<use graphical_model.png>
Package pdftex.def Info: graphical_model.png  used on input line 81.
(pdftex.def)             Requested size: 239.39438pt x 91.70909pt.
 [2 <./graphical_model.png>]
Underfull \hbox (badness 2111) in paragraph at lines 124--126
\OT1/ptm/m/n/10 for gen-er-at-ing syn-thetic data, we use $\OML/cmm/m/it/10 g\O
T1/cmr/m/n/10 (\OML/cmm/m/it/10 x\OT1/cmr/m/n/10 ) = 1 \OMS/cmsy/m/n/10 ^^@
 []

<graphicalmodelselsm.png, id=27, 568.1225pt x 132.495pt>
File: graphicalmodelselsm.png Graphic file (type png)
<use graphicalmodelselsm.png>
Package pdftex.def Info: graphicalmodelselsm.png  used on input line 182.
(pdftex.def)             Requested size: 198.84584pt x 46.37393pt.
[3 <./graphicalmodelselsm.png>]

LaTeX Warning: Citation `BleiEtAl:2017:VariationalInferenceAReviewForStatistici
ans' on page 4 undefined on input line 223.


Underfull \hbox (badness 10000) in paragraph at lines 225--226
[]\OT1/ptm/m/n/10 We ap-prox-i-mate the true pos-te-rior dis-tri-bu-tion
 []


Underfull \hbox (badness 10000) in paragraph at lines 225--226
\OML/cmm/m/it/10 P\OT1/cmr/m/n/10 (\OT1/cmr/bx/n/10 Z[]\OML/cmm/m/it/10 ; \OT1/
cmr/bx/n/10 Z[]\OML/cmm/m/it/10 ; :::; \OT1/cmr/bx/n/10 Z[]\OMS/cmsy/m/n/10 j\O
T1/cmr/bx/n/10 A[]\OML/cmm/m/it/10 ; \OT1/cmr/bx/n/10 A[]\OML/cmm/m/it/10 ; :::
; \OT1/cmr/bx/n/10 A[]\OT1/cmr/m/n/10 )$ \OT1/ptm/m/n/10 us-ing a
 []


Underfull \hbox (badness 1087) in paragraph at lines 225--226
\OML/cmm/m/it/10 Q\OT1/cmr/m/n/10 (\OML/cmm/m/it/10 :; ^^R\OT1/cmr/m/n/10 )$ \O
T1/ptm/m/n/10 be-longs to the mean-field vari-a-tional fam-ily of
 []


LaTeX Warning: Citation `BleiEtAl:2017:VariationalInferenceAReviewForStatistici
ans' on page 4 undefined on input line 235.


LaTeX Warning: Citation `KingmaEtAl:2013:AutoEncodingVariationalBayes' on page 
4 undefined on input line 235.

<network_architecture.png, id=33, 617.30624pt x 395.4775pt>
File: network_architecture.png Graphic file (type png)
<use network_architecture.png>
Package pdftex.def Info: network_architecture.png  used on input line 254.
(pdftex.def)             Requested size: 216.06041pt x 138.41919pt.

LaTeX Warning: Citation `KingmaEtAl:2013:AutoEncodingVariationalBayes' on page 
4 undefined on input line 260.


LaTeX Warning: Citation `KingmaEtAl:2013:AutoEncodingVariationalBayes' on page 
4 undefined on input line 264.

[4]
Underfull \hbox (badness 1242) in paragraph at lines 272--273
[]\OT1/ptm/m/n/10 Recall from (2[]) that: (i) $[]$ has been mod-eled by
 []


Underfull \hbox (badness 1194) in paragraph at lines 274--275
[]\OT1/ptm/m/n/10 This encoder-decoder view of the in-fer-ence net-work
 []


LaTeX Warning: Citation `GolderbergEtAl:2010:ASurveyOfStatisticalNetworkModels'
 on page 5 undefined on input line 280.


LaTeX Warning: Citation `KimEtAl:2017:AReviewOfDynamicNetworkModelsWithLatentVa
riables' on page 5 undefined on input line 280.


LaTeX Warning: Citation `Airoldi:2008:MixedMembershipStochasticBlockmodels' on 
page 5 undefined on input line 282.


LaTeX Warning: Citation `XingEtAl:2010:AStateSpaceMixedMembershipBlockmodelForD
ynamicNetworkTomography' on page 5 undefined on input line 282.


LaTeX Warning: Citation `HoEtAl:2011:EvolvingClusterMixedMembershipBlockmodelfo
rTimeVaryingNetworks' on page 5 undefined on input line 282.


LaTeX Warning: Citation `YangEtAl:2011:DetectingCommunitiesAndTheirEvolutionsIn
DynamicSocialNetworksABayesianapproach' on page 5 undefined on input line 282.


LaTeX Warning: Citation `HollandEtAl:1983:StochasticBlockmodelsFirstSteps' on p
age 5 undefined on input line 282.


LaTeX Warning: Citation `XuHero:2014:DynamicStochasticBlockmodelsForTimeEvolvin
gSocialNetworks' on page 5 undefined on input line 282.


LaTeX Warning: Citation `Xu:2015:StochasticBlockTransitionModelsForDynamicNetwo
rks' on page 5 undefined on input line 282.


LaTeX Warning: Citation `PapadopoulosEtAl:2012:PopularityVsSimilarityInGrowingN
etworks' on page 5 undefined on input line 282.


LaTeX Warning: Citation `SwellEtAl:2015:LatentSpaceModelsForDynamicNetworks' on
 page 5 undefined on input line 284.


LaTeX Warning: Citation `SwellEtAl:2016:LatentSpaceModelsForDynamicNetworksWith
WeightedEdges' on page 5 undefined on input line 284.


LaTeX Warning: Citation `HeaukulaniEtAl:2013:DynamicProbabilisticModelsForLaten
tFeaturePropagationInSocialNetworks' on page 5 undefined on input line 284.


LaTeX Warning: Citation `KimEtAl:2013:NonparametricMultiGroupMembershipModelFor
DynamicNetworks' on page 5 undefined on input line 284.


LaTeX Warning: Citation `Griffiths:2011:TheIndianBuffetProcessAnIntroductionAnd
Review' on page 5 undefined on input line 284.


LaTeX Warning: Citation `MillerEtAl:2009:NonparametricLatentFeatureModelsForLin
kPrediction' on page 5 undefined on input line 284.


LaTeX Warning: Citation `FouldsEtAl:2011:ADynamicRelationalInfiniteFeatureModel
ForLongitudinalSocialNetworks' on page 5 undefined on input line 284.


LaTeX Warning: Citation `HeaukulaniEtAl:2013:DynamicProbabilisticModelsForLaten
tFeaturePropagationInSocialNetworks' on page 5 undefined on input line 286.


LaTeX Warning: Citation `KimEtAl:2013:NonparametricMultiGroupMembershipModelFor
DynamicNetworks' on page 5 undefined on input line 286.


LaTeX Warning: Citation `BleiEtAl:2017:VariationalInferenceAReviewForStatistici
ans' on page 5 undefined on input line 286.


LaTeX Warning: Citation `Luxburg:2007:ATutorialOnSpectralClustering' on page 5 
undefined on input line 299.

[5 <./network_architecture.png>]

LaTeX Warning: Citation `KlimtEtAl:2004:TheEnronCorpus' on page 6 undefined on 
input line 308.


LaTeX Warning: Citation `FouldsEtAl:2011:ADynamicRelationalInfiniteFeatureModel
ForLongitudinalSocialNetworks' on page 6 undefined on input line 308.


LaTeX Warning: Citation `HeaukulaniEtAl:2013:DynamicProbabilisticModelsForLaten
tFeaturePropagationInSocialNetworks' on page 6 undefined on input line 311.


LaTeX Warning: Citation `KimEtAl:2013:NonparametricMultiGroupMembershipModelFor
DynamicNetworks' on page 6 undefined on input line 313.


LaTeX Warning: Citation `Luxburg:2007:ATutorialOnSpectralClustering' on page 6 
undefined on input line 359.


Overfull \hbox (2.58315pt too wide) in paragraph at lines 379--379
 []|\OT1/ptm/m/sc/9 0.874| 
 []


Overfull \hbox (2.58315pt too wide) in paragraph at lines 379--379
 []|\OT1/ptm/m/sc/9 0.585| 
 []


Overfull \hbox (2.58315pt too wide) in paragraph at lines 379--379
 []|\OT1/ptm/m/sc/9 0.698| 
 []


Overfull \hbox (2.58315pt too wide) in paragraph at lines 379--379
 []|\OT1/ptm/m/sc/9 0.317| 
 []


Overfull \hbox (2.58315pt too wide) in paragraph at lines 379--379
 []|\OT1/ptm/m/sc/9 0.703| 
 []


Overfull \hbox (2.58315pt too wide) in paragraph at lines 379--380
 []|\OT1/ptm/m/sc/9 0.161| 
 []


Overfull \hbox (2.58315pt too wide) in paragraph at lines 380--380
 []|\OT1/ptm/m/sc/9 0.777| 
 []


Overfull \hbox (2.58315pt too wide) in paragraph at lines 380--380
 []|\OT1/ptm/m/sc/9 0.312| 
 []


Overfull \hbox (2.58315pt too wide) in paragraph at lines 380--380
 []|\OT1/ptm/m/sc/9 0.640| 
 []


Overfull \hbox (2.58315pt too wide) in paragraph at lines 380--380
 []|\OT1/ptm/m/sc/9 0.248| 
 []


Overfull \hbox (2.58315pt too wide) in paragraph at lines 380--380
 []|\OT1/ptm/m/sc/9 0.398| 
 []


Overfull \hbox (2.58315pt too wide) in paragraph at lines 380--381
 []|\OT1/ptm/m/sc/9 0.011| 
 []


Overfull \hbox (2.58315pt too wide) in paragraph at lines 381--381
 []|\OT1/ptm/m/sc/9 0.910| 
 []


Overfull \hbox (2.58315pt too wide) in paragraph at lines 381--381
 []|\OT1/ptm/m/sc/9 0.578| 
 []


Overfull \hbox (2.58315pt too wide) in paragraph at lines 381--381
 []|\OT1/ptm/m/sc/9 0.782| 
 []


Overfull \hbox (2.58315pt too wide) in paragraph at lines 381--381
 []|\OT1/ptm/m/sc/9 0.381| 
 []


Overfull \hbox (2.58315pt too wide) in paragraph at lines 381--381
 []|\OT1/ptm/m/sc/9 0.672| 
 []


Overfull \hbox (2.58315pt too wide) in paragraph at lines 381--382
 []|\OT1/ptm/m/sc/9 0.084| 
 []


Overfull \hbox (2.58315pt too wide) in paragraph at lines 382--382
 []|\OT1/ptm/m/sc/9 0.804| 
 []


Overfull \hbox (2.58315pt too wide) in paragraph at lines 382--382
 []|\OT1/ptm/m/sc/9 0.392| 
 []


Overfull \hbox (2.58315pt too wide) in paragraph at lines 382--382
 []|\OT1/ptm/m/sc/9 0.732| 
 []


Overfull \hbox (2.58315pt too wide) in paragraph at lines 382--383
 []|\OT1/ptm/m/sc/9 0.196| 
 []


Underfull \hbox (badness 10000) in paragraph at lines 383--383
[]|\OT1/ptm/m/n/9 i\OT1/ptm/m/sc/9 ELSM
 []


Overfull \hbox (2.58315pt too wide) in paragraph at lines 383--383
 []|\OT1/ptm/m/sc/9 0.913| 
 []


Overfull \hbox (2.58315pt too wide) in paragraph at lines 383--383
 []|\OT1/ptm/m/sc/9 0.600| 
 []


Overfull \hbox (2.58315pt too wide) in paragraph at lines 383--383
 []|\OT1/ptm/m/sc/9 0.868| 
 []


Overfull \hbox (2.58315pt too wide) in paragraph at lines 383--383
 []|\OT1/ptm/b/sc/9 0.489| 
 []


Overfull \hbox (2.58315pt too wide) in paragraph at lines 383--383
 []|\OT1/ptm/b/sc/9 0.754| 
 []


Overfull \hbox (2.58315pt too wide) in paragraph at lines 383--384
 []|\OT1/ptm/m/sc/9 0.248| 
 []


Underfull \hbox (badness 10000) in paragraph at lines 384--384
[]|\OT1/ptm/m/sc/9 ELSM
 []


Overfull \hbox (2.58315pt too wide) in paragraph at lines 384--384
 []|\OT1/ptm/b/sc/9 0.911| 
 []


Overfull \hbox (2.58315pt too wide) in paragraph at lines 384--384
 []|\OT1/ptm/b/sc/9 0.596| 
 []


Overfull \hbox (2.58315pt too wide) in paragraph at lines 384--384
 []|\OT1/ptm/b/sc/9 0.871| 
 []


Overfull \hbox (2.58315pt too wide) in paragraph at lines 384--384
 []|\OT1/ptm/b/sc/9 0.489| 
 []


Overfull \hbox (2.58315pt too wide) in paragraph at lines 384--384
 []|\OT1/ptm/m/sc/9 0.742| 
 []


Overfull \hbox (2.58315pt too wide) in paragraph at lines 384--385
 []|\OT1/ptm/b/sc/9 0.251| 
 []

[6]
Underfull \hbox (badness 4913) in paragraph at lines 395--396
[]\OT1/ptm/m/n/10 Formally, given net-work snap-shots up to time $\OML/cmm/m/it
/10 t$\OT1/ptm/m/n/10 ,
 []


LaTeX Warning: Citation `FouldsEtAl:2011:ADynamicRelationalInfiniteFeatureModel
ForLongitudinalSocialNetworks' on page 7 undefined on input line 399.


LaTeX Warning: Citation `MillerEtAl:2009:NonparametricLatentFeatureModelsForLin
kPrediction' on page 7 undefined on input line 399.


LaTeX Warning: Citation `FouldsEtAl:2011:ADynamicRelationalInfiniteFeatureModel
ForLongitudinalSocialNetworks' on page 7 undefined on input line 399.


LaTeX Warning: Citation `KimEtAl:2013:NonparametricMultiGroupMembershipModelFor
DynamicNetworks' on page 7 undefined on input line 399.


LaTeX Warning: Citation `KimEtAl:2013:NonparametricMultiGroupMembershipModelFor
DynamicNetworks' on page 7 undefined on input line 399.

No file main_changed.bbl.
[7] [8

] (main_changed.aux)
 ***********
LaTeX2e <2023-06-01> patch level 1
L3 programming layer <2023-08-29>
 ***********
 ) 
Here is how much of TeX's memory you used:
 3654 strings out of 475247
 56362 string characters out of 5757792
 1948801 words of memory out of 5000000
 25088 multiletter control sequences out of 15000+600000
 591591 words of font info for 114 fonts, out of 8000000 for 9000
 1141 hyphenation exceptions out of 8191
 57i,19n,65p,1369b,493s stack positions out of 10000i,1000n,20000p,200000b,200000s
<C:/Users/orfuc/AppData/Local/Programs/MiKTeX/fonts/type1/public/amsfonts/cm/
cmbx10.pfb><C:/Users/orfuc/AppData/Local/Programs/MiKTeX/fonts/type1/public/ams
fonts/cm/cmbx7.pfb><C:/Users/orfuc/AppData/Local/Programs/MiKTeX/fonts/type1/pu
blic/amsfonts/cm/cmex10.pfb><C:/Users/orfuc/AppData/Local/Programs/MiKTeX/fonts
/type1/public/amsfonts/cm/cmmi10.pfb><C:/Users/orfuc/AppData/Local/Programs/MiK
TeX/fonts/type1/public/amsfonts/cm/cmmi5.pfb><C:/Users/orfuc/AppData/Local/Prog
rams/MiKTeX/fonts/type1/public/amsfonts/cm/cmmi7.pfb><C:/Users/orfuc/AppData/Lo
cal/Programs/MiKTeX/fonts/type1/public/amsfonts/cm/cmmi8.pfb><C:/Users/orfuc/Ap
pData/Local/Programs/MiKTeX/fonts/type1/public/amsfonts/cm/cmmib10.pfb><C:/User
s/orfuc/AppData/Local/Programs/MiKTeX/fonts/type1/public/amsfonts/cm/cmr10.pfb>
<C:/Users/orfuc/AppData/Local/Programs/MiKTeX/fonts/type1/public/amsfonts/cm/cm
r5.pfb><C:/Users/orfuc/AppData/Local/Programs/MiKTeX/fonts/type1/public/amsfont
s/cm/cmr7.pfb><C:/Users/orfuc/AppData/Local/Programs/MiKTeX/fonts/type1/public/
amsfonts/cm/cmr8.pfb><C:/Users/orfuc/AppData/Local/Programs/MiKTeX/fonts/type1/
public/amsfonts/cm/cmsy10.pfb><C:/Users/orfuc/AppData/Local/Programs/MiKTeX/fon
ts/type1/public/amsfonts/cm/cmsy7.pfb><C:/Users/orfuc/AppData/Local/Programs/Mi
KTeX/fonts/type1/public/amsfonts/symbols/msam7.pfb><C:/Users/orfuc/AppData/Loca
l/Programs/MiKTeX/fonts/type1/public/amsfonts/symbols/msbm10.pfb><C:/Users/orfu
c/AppData/Local/Programs/MiKTeX/fonts/type1/urw/times/utmb8a.pfb><C:/Users/orfu
c/AppData/Local/Programs/MiKTeX/fonts/type1/urw/times/utmr8a.pfb><C:/Users/orfu
c/AppData/Local/Programs/MiKTeX/fonts/type1/urw/times/utmri8a.pfb>
Output written on main_changed.pdf (8 pages, 290661 bytes).
PDF statistics:
 132 PDF objects out of 1000 (max. 8388607)
 0 named destinations out of 1000 (max. 500000)
 16 words of extra memory for PDF output out of 10000 (max. 10000000)

