This is pdfTeX, Version 3.141592653-2.6-1.40.25 (MiKTeX 23.5) (preloaded format=pdflatex 2024.1.12)  4 MAR 2024 20:19
entering extended mode
 restricted \write18 enabled.
 %&-line parsing enabled.
**./after_operator7.tex
(after_operator7.tex
LaTeX2e <2023-06-01> patch level 1
L3 programming layer <2023-08-29>
(C:\Users\orfuc\AppData\Local\Programs\MiKTeX\tex/latex/base\article.cls
Document Class: article 2023/05/17 v1.4n Standard LaTeX document class
(C:\Users\orfuc\AppData\Local\Programs\MiKTeX\tex/latex/base\size10.clo
File: size10.clo 2023/05/17 v1.4n Standard LaTeX file (size option)
)
\c@part=\count185
\c@section=\count186
\c@subsection=\count187
\c@subsubsection=\count188
\c@paragraph=\count189
\c@subparagraph=\count190
\c@figure=\count191
\c@table=\count192
\abovecaptionskip=\skip48
\belowcaptionskip=\skip49
\bibindent=\dimen140
)
(C:\Users\orfuc\AppData\Local\Programs\MiKTeX\tex/latex/adjustbox\adjustbox.sty
Package: adjustbox 2022/10/17 v1.3a Adjusting TeX boxes (trim, clip, ...)
(C:\Users\orfuc\AppData\Local\Programs\MiKTeX\tex/latex/xkeyval\xkeyval.sty
Package: xkeyval 2022/06/16 v2.9 package option processing (HA)

(C:\Users\orfuc\AppData\Local\Programs\MiKTeX\tex/generic/xkeyval\xkeyval.tex
(C:\Users\orfuc\AppData\Local\Programs\MiKTeX\tex/generic/xkeyval\xkvutils.tex
\XKV@toks=\toks17
\XKV@tempa@toks=\toks18

(C:\Users\orfuc\AppData\Local\Programs\MiKTeX\tex/generic/xkeyval\keyval.tex))
\XKV@depth=\count193
File: xkeyval.tex 2014/12/03 v2.7a key=value parser (HA)
)) (C:\Users\orfuc\AppData\Local\Programs\MiKTeX\tex/latex/adjustbox\adjcalc.st
y
Package: adjcalc 2012/05/16 v1.1 Provides advanced setlength with multiple back
-ends (calc, etex, pgfmath)
)
(C:\Users\orfuc\AppData\Local\Programs\MiKTeX\tex/latex/adjustbox\trimclip.sty
Package: trimclip 2020/08/19 v1.2 Trim and clip general TeX material

(C:\Users\orfuc\AppData\Local\Programs\MiKTeX\tex/latex/graphics\graphicx.sty
Package: graphicx 2021/09/16 v1.2d Enhanced LaTeX Graphics (DPC,SPQR)

(C:\Users\orfuc\AppData\Local\Programs\MiKTeX\tex/latex/graphics\graphics.sty
Package: graphics 2022/03/10 v1.4e Standard LaTeX Graphics (DPC,SPQR)

(C:\Users\orfuc\AppData\Local\Programs\MiKTeX\tex/latex/graphics\trig.sty
Package: trig 2021/08/11 v1.11 sin cos tan (DPC)
)
(C:\Users\orfuc\AppData\Local\Programs\MiKTeX\tex/latex/graphics-cfg\graphics.c
fg
File: graphics.cfg 2016/06/04 v1.11 sample graphics configuration
)
Package graphics Info: Driver file: pdftex.def on input line 107.

(C:\Users\orfuc\AppData\Local\Programs\MiKTeX\tex/latex/graphics-def\pdftex.def
File: pdftex.def 2022/09/22 v1.2b Graphics/color driver for pdftex
))
\Gin@req@height=\dimen141
\Gin@req@width=\dimen142
)
(C:\Users\orfuc\AppData\Local\Programs\MiKTeX\tex/latex/collectbox\collectbox.s
ty
Package: collectbox 2022/10/17 v0.4c Collect macro arguments as boxes
\collectedbox=\box51
)
\tc@llx=\dimen143
\tc@lly=\dimen144
\tc@urx=\dimen145
\tc@ury=\dimen146
Package trimclip Info: Using driver 'tc-pdftex.def'.

(C:\Users\orfuc\AppData\Local\Programs\MiKTeX\tex/latex/adjustbox\tc-pdftex.def
File: tc-pdftex.def 2019/01/04 v2.2 Clipping driver for pdftex
))
\adjbox@Width=\dimen147
\adjbox@Height=\dimen148
\adjbox@Depth=\dimen149
\adjbox@Totalheight=\dimen150
\adjbox@pwidth=\dimen151
\adjbox@pheight=\dimen152
\adjbox@pdepth=\dimen153
\adjbox@ptotalheight=\dimen154

(C:\Users\orfuc\AppData\Local\Programs\MiKTeX\tex/latex/ifoddpage\ifoddpage.sty
Package: ifoddpage 2022/10/18 v1.2 Conditionals for odd/even page detection
\c@checkoddpage=\count194
) (C:\Users\orfuc\AppData\Local\Programs\MiKTeX\tex/latex/varwidth\varwidth.sty
Package: varwidth 2009/03/30 ver 0.92;  Variable-width minipages
\@vwid@box=\box52
\sift@deathcycles=\count195
\@vwid@loff=\dimen155
\@vwid@roff=\dimen156
)) (aaai21.sty
Conference Style for AAAI for LaTeX 2e -- version for the AAAI-21 conference - 
MODIFIED
\titlebox=\skip50
) (C:\Users\orfuc\AppData\Local\Programs\MiKTeX\tex/latex/psnfss\times.sty
Package: times 2020/03/25 PSNFSS-v9.3 (SPQR) 
)
(C:\Users\orfuc\AppData\Local\Programs\MiKTeX\tex/latex/psnfss\helvet.sty
Package: helvet 2020/03/25 PSNFSS-v9.3 (WaS) 
)
(C:\Users\orfuc\AppData\Local\Programs\MiKTeX\tex/latex/psnfss\courier.sty
Package: courier 2020/03/25 PSNFSS-v9.3 (WaS) 
)
(C:\Users\orfuc\AppData\Local\Programs\MiKTeX\tex/latex/url\url.sty
\Urlmuskip=\muskip16
Package: url 2013/09/16  ver 3.4  Verb mode for urls, etc.
)
(C:\Users\orfuc\AppData\Local\Programs\MiKTeX\tex/latex/natbib\natbib.sty
Package: natbib 2010/09/13 8.31b (PWD, AO)
\bibhang=\skip51
\bibsep=\skip52
LaTeX Info: Redefining \cite on input line 694.
\c@NAT@ctr=\count196
)
(C:\Users\orfuc\AppData\Local\Programs\MiKTeX\tex/latex/caption\caption.sty
Package: caption 2023/07/31 v3.6n Customizing captions (AR)

(C:\Users\orfuc\AppData\Local\Programs\MiKTeX\tex/latex/caption\caption3.sty
Package: caption3 2023/07/31 v2.4d caption3 kernel (AR)
\caption@tempdima=\dimen157
\captionmargin=\dimen158
\caption@leftmargin=\dimen159
\caption@rightmargin=\dimen160
\caption@width=\dimen161
\caption@indent=\dimen162
\caption@parindent=\dimen163
\caption@hangindent=\dimen164
Package caption Info: Standard document class detected.
)
\c@caption@flags=\count197
\c@continuedfloat=\count198
)
(C:\Users\orfuc\AppData\Local\Programs\MiKTeX\tex/latex/multirow\multirow.sty
Package: multirow 2021/03/15 v2.8 Span multiple rows of a table
\multirow@colwidth=\skip53
\multirow@cntb=\count199
\multirow@dima=\skip54
\bigstrutjot=\dimen165
)
(C:\Users\orfuc\AppData\Local\Programs\MiKTeX\tex/latex/tools\tabularx.sty
Package: tabularx 2020/01/15 v2.11c `tabularx' package (DPC)

(C:\Users\orfuc\AppData\Local\Programs\MiKTeX\tex/latex/tools\array.sty
Package: array 2022/09/04 v2.5g Tabular extension package (FMi)
\col@sep=\dimen166
\ar@mcellbox=\box53
\extrarowheight=\dimen167
\NC@list=\toks19
\extratabsurround=\skip55
\backup@length=\skip56
\ar@cellbox=\box54
)
\TX@col@width=\dimen168
\TX@old@table=\dimen169
\TX@old@col=\dimen170
\TX@target=\dimen171
\TX@delta=\dimen172
\TX@cols=\count266
\TX@ftn=\toks20
)
(C:\Users\orfuc\AppData\Local\Programs\MiKTeX\tex/latex/listings\listings.sty
\lst@mode=\count267
\lst@gtempboxa=\box55
\lst@token=\toks21
\lst@length=\count268
\lst@currlwidth=\dimen173
\lst@column=\count269
\lst@pos=\count270
\lst@lostspace=\dimen174
\lst@width=\dimen175
\lst@newlines=\count271
\lst@lineno=\count272
\lst@maxwidth=\dimen176

(C:\Users\orfuc\AppData\Local\Programs\MiKTeX\tex/latex/listings\lstmisc.sty
File: lstmisc.sty 2023/02/27 1.9 (Carsten Heinz)
\c@lstnumber=\count273
\lst@skipnumbers=\count274
\lst@framebox=\box56
)
(C:\Users\orfuc\AppData\Local\Programs\MiKTeX\tex/latex/listings\listings.cfg
File: listings.cfg 2023/02/27 1.9 listings configuration
))
Package: listings 2023/02/27 1.9 (Carsten Heinz)
(C:\Users\orfuc\AppData\Local\Programs\MiKTeX\tex/latex/booktabs\booktabs.sty
Package: booktabs 2020/01/12 v1.61803398 Publication quality tables
\heavyrulewidth=\dimen177
\lightrulewidth=\dimen178
\cmidrulewidth=\dimen179
\belowrulesep=\dimen180
\belowbottomsep=\dimen181
\aboverulesep=\dimen182
\abovetopsep=\dimen183
\cmidrulesep=\dimen184
\cmidrulekern=\dimen185
\defaultaddspace=\dimen186
\@cmidla=\count275
\@cmidlb=\count276
\@aboverulesep=\dimen187
\@belowrulesep=\dimen188
\@thisruleclass=\count277
\@lastruleclass=\count278
\@thisrulewidth=\dimen189
)
(C:\Users\orfuc\AppData\Local\Programs\MiKTeX\tex/latex/lineno\lineno.sty
Package: lineno 2023/05/20 line numbers on paragraphs v5.3

(C:\Users\orfuc\AppData\Local\Programs\MiKTeX\tex/latex/etoolbox\etoolbox.sty
Package: etoolbox 2020/10/05 v2.5k e-TeX tools for LaTeX (JAW)
\etb@tempcnta=\count279
)
(C:\Users\orfuc\AppData\Local\Programs\MiKTeX\tex/latex/kvoptions\kvoptions.sty
Package: kvoptions 2022-06-15 v3.15 Key value format for package options (HO)
(C:\Users\orfuc\AppData\Local\Programs\MiKTeX\tex/generic/ltxcmds\ltxcmds.sty
Package: ltxcmds 2020-05-10 v1.25 LaTeX kernel commands for general use (HO)
)
(C:\Users\orfuc\AppData\Local\Programs\MiKTeX\tex/latex/kvsetkeys\kvsetkeys.sty
Package: kvsetkeys 2022-10-05 v1.19 Key value parser (HO)
))
\linenopenalty=\count280
\output=\toks22
\linenoprevgraf=\count281
\linenumbersep=\dimen190
\linenumberwidth=\dimen191
\c@linenumber=\count282
\c@pagewiselinenumber=\count283
\c@LN@truepage=\count284
\c@internallinenumber=\count285
\c@internallinenumbers=\count286
\quotelinenumbersep=\dimen192
\bframerule=\dimen193
\bframesep=\dimen194
\bframebox=\box57
LaTeX Info: Redefining \\ on input line 3180.
) (C:\Users\orfuc\AppData\Local\Programs\MiKTeX\tex/latex/xcolor\xcolor.sty
Package: xcolor 2022/06/12 v2.14 LaTeX color extensions (UK)

(C:\Users\orfuc\AppData\Local\Programs\MiKTeX\tex/latex/graphics-cfg\color.cfg
File: color.cfg 2016/01/02 v1.6 sample color configuration
)
Package xcolor Info: Driver file: pdftex.def on input line 227.
(C:\Users\orfuc\AppData\Local\Programs\MiKTeX\tex/latex/colortbl\colortbl.sty
Package: colortbl 2022/06/20 v1.0f Color table columns (DPC)
\everycr=\toks23
\minrowclearance=\skip57
\rownum=\count287
)
(C:\Users\orfuc\AppData\Local\Programs\MiKTeX\tex/latex/graphics\mathcolor.ltx)
Package xcolor Info: Model `cmy' substituted by `cmy0' on input line 1353.
Package xcolor Info: Model `hsb' substituted by `rgb' on input line 1357.
Package xcolor Info: Model `RGB' extended on input line 1369.
Package xcolor Info: Model `HTML' substituted by `rgb' on input line 1371.
Package xcolor Info: Model `Hsb' substituted by `hsb' on input line 1372.
Package xcolor Info: Model `tHsb' substituted by `hsb' on input line 1373.
Package xcolor Info: Model `HSB' substituted by `hsb' on input line 1374.
Package xcolor Info: Model `Gray' substituted by `gray' on input line 1375.
Package xcolor Info: Model `wave' substituted by `hsb' on input line 1376.
(C:\Users\orfuc\AppData\Local\Programs\MiKTeX\tex/latex/graphics\dvipsnam.def
File: dvipsnam.def 2016/06/17 v3.0m Driver-dependent file (DPC,SPQR)
))
LaTeX Font Info:    Trying to load font information for OT1+ptm on input line 5
6.
(C:\Users\orfuc\AppData\Local\Programs\MiKTeX\tex/latex/psnfss\ot1ptm.fd
File: ot1ptm.fd 2001/06/04 font definitions for OT1/ptm.
)
(C:\Users\orfuc\AppData\Local\Programs\MiKTeX\tex/latex/l3backend\l3backend-pdf
tex.def
File: l3backend-pdftex.def 2023-04-19 L3 backend support: PDF output (pdfTeX)
\l__color_backend_stack_int=\count288
\l__pdf_internal_box=\box58
)
No file after_operator7.aux.
\openout1 = `after_operator7.aux'.

LaTeX Font Info:    Checking defaults for OML/cmm/m/it on input line 56.
LaTeX Font Info:    ... okay on input line 56.
LaTeX Font Info:    Checking defaults for OMS/cmsy/m/n on input line 56.
LaTeX Font Info:    ... okay on input line 56.
LaTeX Font Info:    Checking defaults for OT1/cmr/m/n on input line 56.
LaTeX Font Info:    ... okay on input line 56.
LaTeX Font Info:    Checking defaults for T1/cmr/m/n on input line 56.
LaTeX Font Info:    ... okay on input line 56.
LaTeX Font Info:    Checking defaults for TS1/cmr/m/n on input line 56.
LaTeX Font Info:    ... okay on input line 56.
LaTeX Font Info:    Checking defaults for OMX/cmex/m/n on input line 56.
LaTeX Font Info:    ... okay on input line 56.
LaTeX Font Info:    Checking defaults for U/cmr/m/n on input line 56.
LaTeX Font Info:    ... okay on input line 56.

(C:\Users\orfuc\AppData\Local\Programs\MiKTeX\tex/context/base/mkii\supp-pdf.mk
ii
[Loading MPS to PDF converter (version 2006.09.02).]
\scratchcounter=\count289
\scratchdimen=\dimen195
\scratchbox=\box59
\nofMPsegments=\count290
\nofMParguments=\count291
\everyMPshowfont=\toks24
\MPscratchCnt=\count292
\MPscratchDim=\dimen196
\MPnumerator=\count293
\makeMPintoPDFobject=\count294
\everyMPtoPDFconversion=\toks25
)
(C:\Users\orfuc\AppData\Local\Programs\MiKTeX\tex/latex/epstopdf-pkg\epstopdf-b
ase.sty
Package: epstopdf-base 2020-01-24 v2.11 Base part for package epstopdf
Package epstopdf-base Info: Redefining graphics rule for `.eps' on input line 4
85.

(C:\Users\orfuc\AppData\Local\Programs\MiKTeX\tex/latex/00miktex\epstopdf-sys.c
fg
File: epstopdf-sys.cfg 2021/03/18 v2.0 Configuration of epstopdf for MiKTeX
))
Package caption Info: Begin \AtBeginDocument code.
Package caption Info: listings package is loaded.
Package caption Info: End \AtBeginDocument code.
\c@lstlisting=\count295
\titlearea=\box60
LaTeX Font Info:    External font `cmex10' loaded for size
(Font)              <7> on input line 60.
LaTeX Font Info:    External font `cmex10' loaded for size
(Font)              <5> on input line 60.
LaTeX Font Info:    External font `cmex10' loaded for size
(Font)              <12> on input line 60.
LaTeX Font Info:    External font `cmex10' loaded for size
(Font)              <8> on input line 60.
LaTeX Font Info:    External font `cmex10' loaded for size
(Font)              <6> on input line 60.
LaTeX Font Info:    Trying to load font information for TS1+ptm on input line 6
0.
 (C:\Users\orfuc\AppData\Local\Programs\MiKTeX\tex/latex/psnfss\ts1ptm.fd
File: ts1ptm.fd 2001/06/04 font definitions for TS1/ptm.
)
LaTeX Font Info:    Trying to load font information for OMS+ptm on input line 6
0.

(C:\Users\orfuc\AppData\Local\Programs\MiKTeX\tex/latex/psnfss\omsptm.fd
File: omsptm.fd 
)
LaTeX Font Info:    Font shape `OMS/ptm/m/n' in size <10> not available
(Font)              Font shape `OMS/cmsy/m/n' tried instead on input line 60.
\actualheight=\skip58

Underfull \vbox (badness 10000) detected at line 60
 []

LaTeX Font Info:    External font `cmex10' loaded for size
(Font)              <9> on input line 60.

Package natbib Warning: Citation `parker1999health' on page 1 undefined on inpu
t line 69.


Package natbib Warning: Citation `howes2004evidence' on page 1 undefined on inp
ut line 69.


Package natbib Warning: Citation `korsch1968gaps' on page 1 undefined on input 
line 69.


Package natbib Warning: Citation `friedman2002two' on page 1 undefined on input
 line 69.


Package natbib Warning: Citation `cao2020expertise' on page 1 undefined on inpu
t line 73.


Package natbib Warning: Citation `allahyari2017text' on page 1 undefined on inp
ut line 75.


Package natbib Warning: Citation `Moradi2019TextSI' on page 1 undefined on inpu
t line 75.


LaTeX Warning: Reference `transformation_case_study' on page 1 undefined on inp
ut line 75.

[1{C:/Users/orfuc/AppData/Local/MiKTeX/fonts/map/pdftex/pdftex.map}{C:/Users/or
fuc/AppData/Local/Programs/MiKTeX/fonts/enc/dvips/base/8r.enc}



]

Package natbib Warning: Citation `nallapati2016abstractive' on page 2 undefined
 on input line 79.


Package natbib Warning: Citation `goldenberg2017probiotics' on page 2 undefined
 on input line 101.


Package natbib Warning: Citation `brok2010ribavirin' on page 2 undefined on inp
ut line 107.


Package natbib Warning: Citation `paravastu2016endovenous' on page 2 undefined 
on input line 113.


Package natbib Warning: Citation `cirocchi2012non' on page 2 undefined on input
 line 119.


Package natbib Warning: Citation `alfirevic2017fetal' on page 2 undefined on in
put line 125.


Package natbib Warning: Citation `Paice1980TheAG' on page 2 undefined on input 
line 148.


Package natbib Warning: Citation `teufel2002summarization' on page 2 undefined 
on input line 148.


Package natbib Warning: Citation `Cohan2018ADA' on page 2 undefined on input li
ne 148.


Package natbib Warning: Citation `Luu2020CitationTG' on page 2 undefined on inp
ut line 148.


Package natbib Warning: Citation `Cachola2020TLDRES' on page 2 undefined on inp
ut line 149.


Package natbib Warning: Citation `Sarkar2011UsingML' on page 2 undefined on inp
ut line 149.


LaTeX Warning: Reference `data_description' on page 2 undefined on input line 1
52.


Package natbib Warning: Citation `Andr2007ASO' on page 2 undefined on input lin
e 154.


Package natbib Warning: Citation `Erkan2004LexRankGC' on page 2 undefined on in
put line 154.


Package natbib Warning: Citation `Cheng2016NeuralSB' on page 2 undefined on inp
ut line 154.


Package natbib Warning: Citation `rush2015abstractive' on page 2 undefined on i
nput line 154.


Package natbib Warning: Citation `nallapati2016abstractive' on page 2 undefined
 on input line 154.


Package natbib Warning: Citation `Altmami2020AutomaticSO' on page 2 undefined o
n input line 154.


Package natbib Warning: Citation `Moradi2019TextSI' on page 2 undefined on inpu
t line 154.


Package natbib Warning: Citation `Shardlow2014ASO' on page 2 undefined on input
 line 156.


Package natbib Warning: Citation `qenam2017text' on page 2 undefined on input l
ine 157.


Package natbib Warning: Citation `habibi2017deep' on page 2 undefined on input 
line 157.


Package natbib Warning: Citation `baumgartner2008concept' on page 2 undefined o
n input line 157.


Package natbib Warning: Citation `jonnalagadda2010towards' on page 2 undefined 
on input line 157.


Package natbib Warning: Citation `jonnalagadda2010towards' on page 2 undefined 
on input line 157.


Package natbib Warning: Citation `miller1995wordnet' on page 2 undefined on inp
ut line 157.


Package natbib Warning: Citation `bodenreider2004unified' on page 2 undefined o
n input line 157.


Package natbib Warning: Citation `zesch2008extracting' on page 2 undefined on i
nput line 157.


Package natbib Warning: Citation `peters2018elmo' on page 2 undefined on input 
line 160.


Package natbib Warning: Citation `Radford2018ImprovingLU' on page 2 undefined o
n input line 160.


Package natbib Warning: Citation `Devlin2019BERTPO' on page 2 undefined on inpu
t line 160.


Package natbib Warning: Citation `brown2020language' on page 2 undefined on inp
ut line 160.


Package natbib Warning: Citation `Hendrycks2020PretrainedTI' on page 2 undefine
d on input line 160.


Package natbib Warning: Citation `Gururangan2020DontSP' on page 2 undefined on 
input line 160.


Package natbib Warning: Citation `Pruksachatkun2020IntermediateTaskTL' on page 
2 undefined on input line 160.


Package natbib Warning: Citation `pivovarov2015automated' on page 2 undefined o
n input line 162.


Package natbib Warning: Citation `feblowitz2011summarization' on page 2 undefin
ed on input line 162.


Package natbib Warning: Citation `molla2011development' on page 2 undefined on 
input line 162.


Package natbib Warning: Citation `goeuriot2020overview' on page 2 undefined on 
input line 162.

[2]

Package natbib Warning: Citation `uman2011systematic' on page 3 undefined on in
put line 171.


Package natbib Warning: Citation `murad2016new' on page 3 undefined on input li
ne 171.


LaTeX Warning: Reference `data_description' on page 3 undefined on input line 2
04.


LaTeX Warning: Reference `evaluation_metrics' on page 3 undefined on input line
 204.

[3]

Package natbib Warning: Citation `mcilwain2014standards' on page 4 undefined on
 input line 208.


LaTeX Warning: Reference `transformation_case_study' on page 4 undefined on inp
ut line 208.


LaTeX Warning: Reference `transformation_case_study' on page 4 undefined on inp
ut line 214.


Underfull \hbox (badness 1286) in paragraph at lines 214--215
\OT1/ptm/m/n/10 as ``ran-dom-ized con-trol tri-als'' in Ta-ble []) can make
 []


Package natbib Warning: Citation `lin2004rouge' on page 4 undefined on input li
ne 227.

LaTeX Font Info:    Trying to load font information for OT1+pcr on input line 2
29.
(C:\Users\orfuc\AppData\Local\Programs\MiKTeX\tex/latex/psnfss\ot1pcr.fd
File: ot1pcr.fd 2001/06/04 font definitions for OT1/pcr.
)
Underfull \hbox (badness 1163) in paragraph at lines 227--230
\OT1/ptm/m/n/10 ROUGE-L mea-sures the longest match-ing se-quence of
 []


Package natbib Warning: Citation `kincaid1975derivation' on page 4 undefined on
 input line 230.


Package natbib Warning: Citation `gunning1952technique' on page 4 undefined on 
input line 230.


Package natbib Warning: Citation `coleman1975computer' on page 4 undefined on i
nput line 230.

[4]

LaTeX Warning: Reference `data_description' on page 5 undefined on input line 2
44.


Package natbib Warning: Citation `liu2019text' on page 5 undefined on input lin
e 299.


Package natbib Warning: Citation `devlin2018bert' on page 5 undefined on input 
line 299.


Package natbib Warning: Citation `see2017get' on page 5 undefined on input line
 301.


Package natbib Warning: Citation `lewis2019bart' on page 5 undefined on input l
ine 301.


Package natbib Warning: Citation `nallapati2016abstractive' on page 5 undefined
 on input line 306.

[5]
Underfull \hbox (badness 10000) in paragraph at lines 310--313
 \OT1/ptm/b/n/10 Train-ing de-tails \OT1/ptm/m/n/10 All ex-per-i-ments were run
 us-
 []


Underfull \hbox (badness 3942) in paragraph at lines 310--313
\OT1/ptm/m/n/10 ing a sin-gle NVIDIA Tesla V-100 GPU. All mod-
 []


Underfull \hbox (badness 10000) in paragraph at lines 310--313
\OT1/ptm/m/n/10 els were de-vel-oped us-ing \OT1/pcr/m/n/10 PyTorch\OT1/ptm/m/n
/10 . We used
 []


Underfull \hbox (badness 10000) in paragraph at lines 310--313
\OT1/pcr/m/n/10 neural-summ-cnndm-pytorch[] \OT1/ptm/m/n/10 to im-ple-ment
 []


LaTeX Warning: Reference `rouge_readability' on page 6 undefined on input line 
339.


LaTeX Warning: Reference `data_description' on page 6 undefined on input line 3
41.


LaTeX Warning: Reference `result_human_evaluation' on page 6 undefined on input
 line 350.


Package natbib Warning: Citation `sen1968estimates' on page 6 undefined on inpu
t line 350.

[6]

LaTeX Warning: Reference `transformation_case_study' on page 7 undefined on inp
ut line 356.

No file after_operator7.bbl.

Package natbib Warning: There were undefined citations.

[7] (after_operator7.aux)
 ***********
LaTeX2e <2023-06-01> patch level 1
L3 programming layer <2023-08-29>
 ***********


LaTeX Warning: There were undefined references.


LaTeX Warning: Label(s) may have changed. Rerun to get cross-references right.

 ) 
Here is how much of TeX's memory you used:
 7670 strings out of 475247
 126553 string characters out of 5757792
 1949801 words of memory out of 5000000
 29084 multiletter control sequences out of 15000+600000
 584893 words of font info for 82 fonts, out of 8000000 for 9000
 1141 hyphenation exceptions out of 8191
 86i,19n,117p,1600b,420s stack positions out of 10000i,1000n,20000p,200000b,200000s
<C:/Users/orfuc/AppData/Local/Programs/MiKTeX/fonts/type1/public/amsfonts/cm/
cmex10.pfb><C:/Users/orfuc/AppData/Local/Programs/MiKTeX/fonts/type1/public/ams
fonts/cm/cmmi10.pfb><C:/Users/orfuc/AppData/Local/Programs/MiKTeX/fonts/type1/p
ublic/amsfonts/cm/cmmi7.pfb><C:/Users/orfuc/AppData/Local/Programs/MiKTeX/fonts
/type1/public/amsfonts/cm/cmr10.pfb><C:/Users/orfuc/AppData/Local/Programs/MiKT
eX/fonts/type1/public/amsfonts/cm/cmr7.pfb><C:/Users/orfuc/AppData/Local/Progra
ms/MiKTeX/fonts/type1/public/amsfonts/cm/cmsy10.pfb><C:/Users/orfuc/AppData/Loc
al/Programs/MiKTeX/fonts/type1/public/amsfonts/cm/cmsy7.pfb><C:/Users/orfuc/App
Data/Local/Programs/MiKTeX/fonts/type1/urw/courier/ucrr8a.pfb><C:/Users/orfuc/A
ppData/Local/Programs/MiKTeX/fonts/type1/urw/times/utmb8a.pfb><C:/Users/orfuc/A
ppData/Local/Programs/MiKTeX/fonts/type1/urw/times/utmr8a.pfb><C:/Users/orfuc/A
ppData/Local/Programs/MiKTeX/fonts/type1/urw/times/utmri8a.pfb>
Output written on after_operator7.pdf (7 pages, 167861 bytes).
PDF statistics:
 82 PDF objects out of 1000 (max. 8388607)
 0 named destinations out of 1000 (max. 500000)
 1 words of extra memory for PDF output out of 10000 (max. 10000000)

