This is pdfTeX, Version 3.141592653-2.6-1.40.25 (MiKTeX 23.5) (preloaded format=pdflatex 2024.1.12)  11 MAR 2024 00:42
entering extended mode
 restricted \write18 enabled.
 %&-line parsing enabled.
**./after_operator5.tex
(after_operator5.tex
LaTeX2e <2023-06-01> patch level 1
L3 programming layer <2023-08-29>
(C:\Users\orfuc\AppData\Local\Programs\MiKTeX\tex/latex/base\article.cls
Document Class: article 2023/05/17 v1.4n Standard LaTeX document class
(C:\Users\orfuc\AppData\Local\Programs\MiKTeX\tex/latex/base\size10.clo
File: size10.clo 2023/05/17 v1.4n Standard LaTeX file (size option)
)
\c@part=\count185
\c@section=\count186
\c@subsection=\count187
\c@subsubsection=\count188
\c@paragraph=\count189
\c@subparagraph=\count190
\c@figure=\count191
\c@table=\count192
\abovecaptionskip=\skip48
\belowcaptionskip=\skip49
\bibindent=\dimen140
)
(aaai21.sty
Conference Style for AAAI for LaTeX 2e -- version for the AAAI-21 conference - 
MODIFIED
\titlebox=\skip50
) (C:\Users\orfuc\AppData\Local\Programs\MiKTeX\tex/latex/psnfss\times.sty
Package: times 2020/03/25 PSNFSS-v9.3 (SPQR) 
)
(C:\Users\orfuc\AppData\Local\Programs\MiKTeX\tex/latex/psnfss\helvet.sty
Package: helvet 2020/03/25 PSNFSS-v9.3 (WaS) 

(C:\Users\orfuc\AppData\Local\Programs\MiKTeX\tex/latex/graphics\keyval.sty
Package: keyval 2022/05/29 v1.15 key=value parser (DPC)
\KV@toks@=\toks17
))
(C:\Users\orfuc\AppData\Local\Programs\MiKTeX\tex/latex/psnfss\courier.sty
Package: courier 2020/03/25 PSNFSS-v9.3 (WaS) 
)
(C:\Users\orfuc\AppData\Local\Programs\MiKTeX\tex/latex/url\url.sty
\Urlmuskip=\muskip16
Package: url 2013/09/16  ver 3.4  Verb mode for urls, etc.
)
(C:\Users\orfuc\AppData\Local\Programs\MiKTeX\tex/latex/graphics\graphicx.sty
Package: graphicx 2021/09/16 v1.2d Enhanced LaTeX Graphics (DPC,SPQR)

(C:\Users\orfuc\AppData\Local\Programs\MiKTeX\tex/latex/graphics\graphics.sty
Package: graphics 2022/03/10 v1.4e Standard LaTeX Graphics (DPC,SPQR)

(C:\Users\orfuc\AppData\Local\Programs\MiKTeX\tex/latex/graphics\trig.sty
Package: trig 2021/08/11 v1.11 sin cos tan (DPC)
)
(C:\Users\orfuc\AppData\Local\Programs\MiKTeX\tex/latex/graphics-cfg\graphics.c
fg
File: graphics.cfg 2016/06/04 v1.11 sample graphics configuration
)
Package graphics Info: Driver file: pdftex.def on input line 107.

(C:\Users\orfuc\AppData\Local\Programs\MiKTeX\tex/latex/graphics-def\pdftex.def
File: pdftex.def 2022/09/22 v1.2b Graphics/color driver for pdftex
))
\Gin@req@height=\dimen141
\Gin@req@width=\dimen142
) (C:\Users\orfuc\AppData\Local\Programs\MiKTeX\tex/latex/natbib\natbib.sty
Package: natbib 2010/09/13 8.31b (PWD, AO)
\bibhang=\skip51
\bibsep=\skip52
LaTeX Info: Redefining \cite on input line 694.
\c@NAT@ctr=\count193
)
(C:\Users\orfuc\AppData\Local\Programs\MiKTeX\tex/latex/caption\caption.sty
Package: caption 2023/07/31 v3.6n Customizing captions (AR)

(C:\Users\orfuc\AppData\Local\Programs\MiKTeX\tex/latex/caption\caption3.sty
Package: caption3 2023/07/31 v2.4d caption3 kernel (AR)
\caption@tempdima=\dimen143
\captionmargin=\dimen144
\caption@leftmargin=\dimen145
\caption@rightmargin=\dimen146
\caption@width=\dimen147
\caption@indent=\dimen148
\caption@parindent=\dimen149
\caption@hangindent=\dimen150
Package caption Info: Standard document class detected.
)
\c@caption@flags=\count194
\c@continuedfloat=\count195
)
(C:\Users\orfuc\AppData\Local\Programs\MiKTeX\tex/latex/multirow\multirow.sty
Package: multirow 2021/03/15 v2.8 Span multiple rows of a table
\multirow@colwidth=\skip53
\multirow@cntb=\count196
\multirow@dima=\skip54
\bigstrutjot=\dimen151
)
(C:\Users\orfuc\AppData\Local\Programs\MiKTeX\tex/latex/tools\tabularx.sty
Package: tabularx 2020/01/15 v2.11c `tabularx' package (DPC)

(C:\Users\orfuc\AppData\Local\Programs\MiKTeX\tex/latex/tools\array.sty
Package: array 2022/09/04 v2.5g Tabular extension package (FMi)
\col@sep=\dimen152
\ar@mcellbox=\box51
\extrarowheight=\dimen153
\NC@list=\toks18
\extratabsurround=\skip55
\backup@length=\skip56
\ar@cellbox=\box52
)
\TX@col@width=\dimen154
\TX@old@table=\dimen155
\TX@old@col=\dimen156
\TX@target=\dimen157
\TX@delta=\dimen158
\TX@cols=\count197
\TX@ftn=\toks19
)
(C:\Users\orfuc\AppData\Local\Programs\MiKTeX\tex/latex/listings\listings.sty
\lst@mode=\count198
\lst@gtempboxa=\box53
\lst@token=\toks20
\lst@length=\count199
\lst@currlwidth=\dimen159
\lst@column=\count266
\lst@pos=\count267
\lst@lostspace=\dimen160
\lst@width=\dimen161
\lst@newlines=\count268
\lst@lineno=\count269
\lst@maxwidth=\dimen162

(C:\Users\orfuc\AppData\Local\Programs\MiKTeX\tex/latex/listings\lstmisc.sty
File: lstmisc.sty 2023/02/27 1.9 (Carsten Heinz)
\c@lstnumber=\count270
\lst@skipnumbers=\count271
\lst@framebox=\box54
)
(C:\Users\orfuc\AppData\Local\Programs\MiKTeX\tex/latex/listings\listings.cfg
File: listings.cfg 2023/02/27 1.9 listings configuration
))
Package: listings 2023/02/27 1.9 (Carsten Heinz)
(C:\Users\orfuc\AppData\Local\Programs\MiKTeX\tex/latex/booktabs\booktabs.sty
Package: booktabs 2020/01/12 v1.61803398 Publication quality tables
\heavyrulewidth=\dimen163
\lightrulewidth=\dimen164
\cmidrulewidth=\dimen165
\belowrulesep=\dimen166
\belowbottomsep=\dimen167
\aboverulesep=\dimen168
\abovetopsep=\dimen169
\cmidrulesep=\dimen170
\cmidrulekern=\dimen171
\defaultaddspace=\dimen172
\@cmidla=\count272
\@cmidlb=\count273
\@aboverulesep=\dimen173
\@belowrulesep=\dimen174
\@thisruleclass=\count274
\@lastruleclass=\count275
\@thisrulewidth=\dimen175
)
(C:\Users\orfuc\AppData\Local\Programs\MiKTeX\tex/latex/lineno\lineno.sty
Package: lineno 2023/05/20 line numbers on paragraphs v5.3

(C:\Users\orfuc\AppData\Local\Programs\MiKTeX\tex/latex/etoolbox\etoolbox.sty
Package: etoolbox 2020/10/05 v2.5k e-TeX tools for LaTeX (JAW)
\etb@tempcnta=\count276
)
(C:\Users\orfuc\AppData\Local\Programs\MiKTeX\tex/latex/kvoptions\kvoptions.sty
Package: kvoptions 2022-06-15 v3.15 Key value format for package options (HO)
(C:\Users\orfuc\AppData\Local\Programs\MiKTeX\tex/generic/ltxcmds\ltxcmds.sty
Package: ltxcmds 2020-05-10 v1.25 LaTeX kernel commands for general use (HO)
)
(C:\Users\orfuc\AppData\Local\Programs\MiKTeX\tex/latex/kvsetkeys\kvsetkeys.sty
Package: kvsetkeys 2022-10-05 v1.19 Key value parser (HO)
))
\linenopenalty=\count277
\output=\toks21
\linenoprevgraf=\count278
\linenumbersep=\dimen176
\linenumberwidth=\dimen177
\c@linenumber=\count279
\c@pagewiselinenumber=\count280
\c@LN@truepage=\count281
\c@internallinenumber=\count282
\c@internallinenumbers=\count283
\quotelinenumbersep=\dimen178
\bframerule=\dimen179
\bframesep=\dimen180
\bframebox=\box55
LaTeX Info: Redefining \\ on input line 3180.
) (C:\Users\orfuc\AppData\Local\Programs\MiKTeX\tex/latex/xcolor\xcolor.sty
Package: xcolor 2022/06/12 v2.14 LaTeX color extensions (UK)

(C:\Users\orfuc\AppData\Local\Programs\MiKTeX\tex/latex/graphics-cfg\color.cfg
File: color.cfg 2016/01/02 v1.6 sample color configuration
)
Package xcolor Info: Driver file: pdftex.def on input line 227.
(C:\Users\orfuc\AppData\Local\Programs\MiKTeX\tex/latex/colortbl\colortbl.sty
Package: colortbl 2022/06/20 v1.0f Color table columns (DPC)
\everycr=\toks22
\minrowclearance=\skip57
\rownum=\count284
)
(C:\Users\orfuc\AppData\Local\Programs\MiKTeX\tex/latex/graphics\mathcolor.ltx)
Package xcolor Info: Model `cmy' substituted by `cmy0' on input line 1353.
Package xcolor Info: Model `hsb' substituted by `rgb' on input line 1357.
Package xcolor Info: Model `RGB' extended on input line 1369.
Package xcolor Info: Model `HTML' substituted by `rgb' on input line 1371.
Package xcolor Info: Model `Hsb' substituted by `hsb' on input line 1372.
Package xcolor Info: Model `tHsb' substituted by `hsb' on input line 1373.
Package xcolor Info: Model `HSB' substituted by `hsb' on input line 1374.
Package xcolor Info: Model `Gray' substituted by `gray' on input line 1375.
Package xcolor Info: Model `wave' substituted by `hsb' on input line 1376.
(C:\Users\orfuc\AppData\Local\Programs\MiKTeX\tex/latex/graphics\dvipsnam.def
File: dvipsnam.def 2016/06/17 v3.0m Driver-dependent file (DPC,SPQR)
))
LaTeX Font Info:    Trying to load font information for OT1+ptm on input line 5
4.
(C:\Users\orfuc\AppData\Local\Programs\MiKTeX\tex/latex/psnfss\ot1ptm.fd
File: ot1ptm.fd 2001/06/04 font definitions for OT1/ptm.
)
(C:\Users\orfuc\AppData\Local\Programs\MiKTeX\tex/latex/l3backend\l3backend-pdf
tex.def
File: l3backend-pdftex.def 2023-04-19 L3 backend support: PDF output (pdfTeX)
\l__color_backend_stack_int=\count285
\l__pdf_internal_box=\box56
) (after_operator5.aux)
\openout1 = `after_operator5.aux'.

LaTeX Font Info:    Checking defaults for OML/cmm/m/it on input line 54.
LaTeX Font Info:    ... okay on input line 54.
LaTeX Font Info:    Checking defaults for OMS/cmsy/m/n on input line 54.
LaTeX Font Info:    ... okay on input line 54.
LaTeX Font Info:    Checking defaults for OT1/cmr/m/n on input line 54.
LaTeX Font Info:    ... okay on input line 54.
LaTeX Font Info:    Checking defaults for T1/cmr/m/n on input line 54.
LaTeX Font Info:    ... okay on input line 54.
LaTeX Font Info:    Checking defaults for TS1/cmr/m/n on input line 54.
LaTeX Font Info:    ... okay on input line 54.
LaTeX Font Info:    Checking defaults for OMX/cmex/m/n on input line 54.
LaTeX Font Info:    ... okay on input line 54.
LaTeX Font Info:    Checking defaults for U/cmr/m/n on input line 54.
LaTeX Font Info:    ... okay on input line 54.

(C:\Users\orfuc\AppData\Local\Programs\MiKTeX\tex/context/base/mkii\supp-pdf.mk
ii
[Loading MPS to PDF converter (version 2006.09.02).]
\scratchcounter=\count286
\scratchdimen=\dimen181
\scratchbox=\box57
\nofMPsegments=\count287
\nofMParguments=\count288
\everyMPshowfont=\toks23
\MPscratchCnt=\count289
\MPscratchDim=\dimen182
\MPnumerator=\count290
\makeMPintoPDFobject=\count291
\everyMPtoPDFconversion=\toks24
)
(C:\Users\orfuc\AppData\Local\Programs\MiKTeX\tex/latex/epstopdf-pkg\epstopdf-b
ase.sty
Package: epstopdf-base 2020-01-24 v2.11 Base part for package epstopdf
Package epstopdf-base Info: Redefining graphics rule for `.eps' on input line 4
85.

(C:\Users\orfuc\AppData\Local\Programs\MiKTeX\tex/latex/00miktex\epstopdf-sys.c
fg
File: epstopdf-sys.cfg 2021/03/18 v2.0 Configuration of epstopdf for MiKTeX
))
Package caption Info: Begin \AtBeginDocument code.
Package caption Info: listings package is loaded.
Package caption Info: End \AtBeginDocument code.
\c@lstlisting=\count292
\titlearea=\box58
LaTeX Font Info:    External font `cmex10' loaded for size
(Font)              <7> on input line 58.
LaTeX Font Info:    External font `cmex10' loaded for size
(Font)              <5> on input line 58.
LaTeX Font Info:    External font `cmex10' loaded for size
(Font)              <12> on input line 58.
LaTeX Font Info:    External font `cmex10' loaded for size
(Font)              <8> on input line 58.
LaTeX Font Info:    External font `cmex10' loaded for size
(Font)              <6> on input line 58.
LaTeX Font Info:    Trying to load font information for TS1+ptm on input line 5
8.
 (C:\Users\orfuc\AppData\Local\Programs\MiKTeX\tex/latex/psnfss\ts1ptm.fd
File: ts1ptm.fd 2001/06/04 font definitions for TS1/ptm.
)
LaTeX Font Info:    Trying to load font information for OMS+ptm on input line 5
8.

(C:\Users\orfuc\AppData\Local\Programs\MiKTeX\tex/latex/psnfss\omsptm.fd
File: omsptm.fd 
)
LaTeX Font Info:    Font shape `OMS/ptm/m/n' in size <10> not available
(Font)              Font shape `OMS/cmsy/m/n' tried instead on input line 58.
\actualheight=\skip58

Underfull \vbox (badness 10000) detected at line 58
 []

LaTeX Font Info:    External font `cmex10' loaded for size
(Font)              <9> on input line 58.

Package natbib Warning: Citation `parker1999health' on page 1 undefined on inpu
t line 67.


Package natbib Warning: Citation `howes2004evidence' on page 1 undefined on inp
ut line 67.


Package natbib Warning: Citation `korsch1968gaps' on page 1 undefined on input 
line 67.


Package natbib Warning: Citation `friedman2002two' on page 1 undefined on input
 line 67.


Package natbib Warning: Citation `cao2020expertise' on page 1 undefined on inpu
t line 71.


Package natbib Warning: Citation `allahyari2017text' on page 1 undefined on inp
ut line 73.


Package natbib Warning: Citation `Moradi2019TextSI' on page 1 undefined on inpu
t line 73.

[1{C:/Users/orfuc/AppData/Local/MiKTeX/fonts/map/pdftex/pdftex.map}{C:/Users/or
fuc/AppData/Local/Programs/MiKTeX/fonts/enc/dvips/base/8r.enc}



]

Package natbib Warning: Citation `nallapati2016abstractive' on page 2 undefined
 on input line 77.


Package natbib Warning: Citation `goldenberg2017probiotics' on page 2 undefined
 on input line 99.


Package natbib Warning: Citation `brok2010ribavirin' on page 2 undefined on inp
ut line 105.


Package natbib Warning: Citation `paravastu2016endovenous' on page 2 undefined 
on input line 111.


Package natbib Warning: Citation `cirocchi2012non' on page 2 undefined on input
 line 117.


Package natbib Warning: Citation `alfirevic2017fetal' on page 2 undefined on in
put line 123.


Package natbib Warning: Citation `Paice1980TheAG' on page 2 undefined on input 
line 146.


Package natbib Warning: Citation `teufel2002summarization' on page 2 undefined 
on input line 146.


Package natbib Warning: Citation `Cohan2018ADA' on page 2 undefined on input li
ne 146.


Package natbib Warning: Citation `Luu2020CitationTG' on page 2 undefined on inp
ut line 146.


Package natbib Warning: Citation `Cachola2020TLDRES' on page 2 undefined on inp
ut line 147.


Package natbib Warning: Citation `Sarkar2011UsingML' on page 2 undefined on inp
ut line 147.


Package natbib Warning: Citation `Andr2007ASO' on page 2 undefined on input lin
e 152.


Package natbib Warning: Citation `Erkan2004LexRankGC' on page 2 undefined on in
put line 152.


Package natbib Warning: Citation `Cheng2016NeuralSB' on page 2 undefined on inp
ut line 152.


Package natbib Warning: Citation `rush2015abstractive' on page 2 undefined on i
nput line 152.


Package natbib Warning: Citation `nallapati2016abstractive' on page 2 undefined
 on input line 152.


Package natbib Warning: Citation `Altmami2020AutomaticSO' on page 2 undefined o
n input line 152.


Package natbib Warning: Citation `Moradi2019TextSI' on page 2 undefined on inpu
t line 152.


Package natbib Warning: Citation `Shardlow2014ASO' on page 2 undefined on input
 line 154.


Package natbib Warning: Citation `qenam2017text' on page 2 undefined on input l
ine 155.


Package natbib Warning: Citation `habibi2017deep' on page 2 undefined on input 
line 155.


Package natbib Warning: Citation `baumgartner2008concept' on page 2 undefined o
n input line 155.


Package natbib Warning: Citation `jonnalagadda2010towards' on page 2 undefined 
on input line 155.


Package natbib Warning: Citation `jonnalagadda2010towards' on page 2 undefined 
on input line 155.


Package natbib Warning: Citation `miller1995wordnet' on page 2 undefined on inp
ut line 155.


Package natbib Warning: Citation `bodenreider2004unified' on page 2 undefined o
n input line 155.


Package natbib Warning: Citation `zesch2008extracting' on page 2 undefined on i
nput line 155.


Package natbib Warning: Citation `peters2018elmo' on page 2 undefined on input 
line 158.


Package natbib Warning: Citation `Radford2018ImprovingLU' on page 2 undefined o
n input line 158.


Package natbib Warning: Citation `Devlin2019BERTPO' on page 2 undefined on inpu
t line 158.


Package natbib Warning: Citation `brown2020language' on page 2 undefined on inp
ut line 158.


Package natbib Warning: Citation `Hendrycks2020PretrainedTI' on page 2 undefine
d on input line 158.


Package natbib Warning: Citation `Gururangan2020DontSP' on page 2 undefined on 
input line 158.


Package natbib Warning: Citation `Pruksachatkun2020IntermediateTaskTL' on page 
2 undefined on input line 158.


Package natbib Warning: Citation `pivovarov2015automated' on page 2 undefined o
n input line 160.


Package natbib Warning: Citation `feblowitz2011summarization' on page 2 undefin
ed on input line 160.


Package natbib Warning: Citation `molla2011development' on page 2 undefined on 
input line 160.


Package natbib Warning: Citation `goeuriot2020overview' on page 2 undefined on 
input line 160.

[2]

Package natbib Warning: Citation `uman2011systematic' on page 3 undefined on in
put line 169.


Package natbib Warning: Citation `murad2016new' on page 3 undefined on input li
ne 169.

[3]

Package natbib Warning: Citation `mcilwain2014standards' on page 4 undefined on
 input line 206.


Package natbib Warning: Citation `lin2004rouge' on page 4 undefined on input li
ne 225.

LaTeX Font Info:    Trying to load font information for OT1+pcr on input line 2
27.
(C:\Users\orfuc\AppData\Local\Programs\MiKTeX\tex/latex/psnfss\ot1pcr.fd
File: ot1pcr.fd 2001/06/04 font definitions for OT1/pcr.
)
Underfull \hbox (badness 1163) in paragraph at lines 225--228
\OT1/ptm/m/n/10 ROUGE-L mea-sures the longest match-ing se-quence of
 []


Package natbib Warning: Citation `kincaid1975derivation' on page 4 undefined on
 input line 228.


Package natbib Warning: Citation `gunning1952technique' on page 4 undefined on 
input line 228.


Package natbib Warning: Citation `coleman1975computer' on page 4 undefined on i
nput line 228.

[4]

Package natbib Warning: Citation `liu2019text' on page 5 undefined on input lin
e 297.


Package natbib Warning: Citation `devlin2018bert' on page 5 undefined on input 
line 297.


Package natbib Warning: Citation `see2017get' on page 5 undefined on input line
 299.


Package natbib Warning: Citation `lewis2019bart' on page 5 undefined on input l
ine 299.


Package natbib Warning: Citation `nallapati2016abstractive' on page 5 undefined
 on input line 304.

[5]
Underfull \hbox (badness 10000) in paragraph at lines 308--311
 \OT1/ptm/b/n/10 Train-ing de-tails \OT1/ptm/m/n/10 All ex-per-i-ments were run
 us-
 []


Underfull \hbox (badness 3942) in paragraph at lines 308--311
\OT1/ptm/m/n/10 ing a sin-gle NVIDIA Tesla V-100 GPU. All mod-
 []


Underfull \hbox (badness 10000) in paragraph at lines 308--311
\OT1/ptm/m/n/10 els were de-vel-oped us-ing \OT1/pcr/m/n/10 PyTorch\OT1/ptm/m/n
/10 . We used
 []


Underfull \hbox (badness 10000) in paragraph at lines 308--311
\OT1/pcr/m/n/10 neural-summ-cnndm-pytorch[] \OT1/ptm/m/n/10 to im-ple-ment
 []


Package natbib Warning: Citation `sen1968estimates' on page 6 undefined on inpu
t line 346.

[6]
No file after_operator5.bbl.

Package natbib Warning: There were undefined citations.

[7] (after_operator5.aux)
 ***********
LaTeX2e <2023-06-01> patch level 1
L3 programming layer <2023-08-29>
 ***********
 ) 
Here is how much of TeX's memory you used:
 6566 strings out of 475247
 106701 string characters out of 5757792
 1949801 words of memory out of 5000000
 28012 multiletter control sequences out of 15000+600000
 584893 words of font info for 82 fonts, out of 8000000 for 9000
 1141 hyphenation exceptions out of 8191
 57i,19n,65p,1600b,420s stack positions out of 10000i,1000n,20000p,200000b,200000s
<C:/Users/orfuc/AppData/Local/Programs/MiKTeX/fonts/type1/public/amsfonts/cm/
cmex10.pfb><C:/Users/orfuc/AppData/Local/Programs/MiKTeX/fonts/type1/public/ams
fonts/cm/cmmi10.pfb><C:/Users/orfuc/AppData/Local/Programs/MiKTeX/fonts/type1/p
ublic/amsfonts/cm/cmmi7.pfb><C:/Users/orfuc/AppData/Local/Programs/MiKTeX/fonts
/type1/public/amsfonts/cm/cmr10.pfb><C:/Users/orfuc/AppData/Local/Programs/MiKT
eX/fonts/type1/public/amsfonts/cm/cmr7.pfb><C:/Users/orfuc/AppData/Local/Progra
ms/MiKTeX/fonts/type1/public/amsfonts/cm/cmsy10.pfb><C:/Users/orfuc/AppData/Loc
al/Programs/MiKTeX/fonts/type1/public/amsfonts/cm/cmsy7.pfb><C:/Users/orfuc/App
Data/Local/Programs/MiKTeX/fonts/type1/urw/courier/ucrr8a.pfb><C:/Users/orfuc/A
ppData/Local/Programs/MiKTeX/fonts/type1/urw/times/utmb8a.pfb><C:/Users/orfuc/A
ppData/Local/Programs/MiKTeX/fonts/type1/urw/times/utmr8a.pfb><C:/Users/orfuc/A
ppData/Local/Programs/MiKTeX/fonts/type1/urw/times/utmri8a.pfb>
Output written on after_operator5.pdf (7 pages, 167657 bytes).
PDF statistics:
 82 PDF objects out of 1000 (max. 8388607)
 0 named destinations out of 1000 (max. 500000)
 1 words of extra memory for PDF output out of 10000 (max. 10000000)

