This is pdfTeX, Version 3.141592653-2.6-1.40.25 (MiKTeX 23.5) (preloaded format=pdflatex 2024.1.12)  3 MAR 2024 13:07
entering extended mode
 restricted \write18 enabled.
 %&-line parsing enabled.
**./arXiv_zeroner_changed.tex
(arXiv_zeroner_changed.tex
LaTeX2e <2023-06-01> patch level 1
L3 programming layer <2023-08-29>
(C:\Users\orfuc\AppData\Local\Programs\MiKTeX\tex/latex/base\article.cls
Document Class: article 2023/05/17 v1.4n Standard LaTeX document class
(C:\Users\orfuc\AppData\Local\Programs\MiKTeX\tex/latex/base\size10.clo
File: size10.clo 2023/05/17 v1.4n Standard LaTeX file (size option)
)
\c@part=\count185
\c@section=\count186
\c@subsection=\count187
\c@subsubsection=\count188
\c@paragraph=\count189
\c@subparagraph=\count190
\c@figure=\count191
\c@table=\count192
\abovecaptionskip=\skip48
\belowcaptionskip=\skip49
\bibindent=\dimen140
)
(aaai23.sty
Package: aaai23 2023/06/27 AAAI 2023 Submission format

Conference Style for AAAI for LaTeX 2e -- version for submission
\titlebox=\skip50
) (C:\Users\orfuc\AppData\Local\Programs\MiKTeX\tex/latex/psnfss\times.sty
Package: times 2020/03/25 PSNFSS-v9.3 (SPQR) 
)
(C:\Users\orfuc\AppData\Local\Programs\MiKTeX\tex/latex/psnfss\helvet.sty
Package: helvet 2020/03/25 PSNFSS-v9.3 (WaS) 

(C:\Users\orfuc\AppData\Local\Programs\MiKTeX\tex/latex/graphics\keyval.sty
Package: keyval 2022/05/29 v1.15 key=value parser (DPC)
\KV@toks@=\toks17
))
(C:\Users\orfuc\AppData\Local\Programs\MiKTeX\tex/latex/psnfss\courier.sty
Package: courier 2020/03/25 PSNFSS-v9.3 (WaS) 
)
(C:\Users\orfuc\AppData\Local\Programs\MiKTeX\tex/latex/url\url.sty
\Urlmuskip=\muskip16
Package: url 2013/09/16  ver 3.4  Verb mode for urls, etc.
)
(C:\Users\orfuc\AppData\Local\Programs\MiKTeX\tex/latex/graphics\graphicx.sty
Package: graphicx 2021/09/16 v1.2d Enhanced LaTeX Graphics (DPC,SPQR)

(C:\Users\orfuc\AppData\Local\Programs\MiKTeX\tex/latex/graphics\graphics.sty
Package: graphics 2022/03/10 v1.4e Standard LaTeX Graphics (DPC,SPQR)

(C:\Users\orfuc\AppData\Local\Programs\MiKTeX\tex/latex/graphics\trig.sty
Package: trig 2021/08/11 v1.11 sin cos tan (DPC)
)
(C:\Users\orfuc\AppData\Local\Programs\MiKTeX\tex/latex/graphics-cfg\graphics.c
fg
File: graphics.cfg 2016/06/04 v1.11 sample graphics configuration
)
Package graphics Info: Driver file: pdftex.def on input line 107.

(C:\Users\orfuc\AppData\Local\Programs\MiKTeX\tex/latex/graphics-def\pdftex.def
File: pdftex.def 2022/09/22 v1.2b Graphics/color driver for pdftex
))
\Gin@req@height=\dimen141
\Gin@req@width=\dimen142
) (C:\Users\orfuc\AppData\Local\Programs\MiKTeX\tex/latex/natbib\natbib.sty
Package: natbib 2010/09/13 8.31b (PWD, AO)
\bibhang=\skip51
\bibsep=\skip52
LaTeX Info: Redefining \cite on input line 694.
\c@NAT@ctr=\count193
)
(C:\Users\orfuc\AppData\Local\Programs\MiKTeX\tex/latex/caption\caption.sty
Package: caption 2023/07/31 v3.6n Customizing captions (AR)

(C:\Users\orfuc\AppData\Local\Programs\MiKTeX\tex/latex/caption\caption3.sty
Package: caption3 2023/07/31 v2.4d caption3 kernel (AR)
\caption@tempdima=\dimen143
\captionmargin=\dimen144
\caption@leftmargin=\dimen145
\caption@rightmargin=\dimen146
\caption@width=\dimen147
\caption@indent=\dimen148
\caption@parindent=\dimen149
\caption@hangindent=\dimen150
Package caption Info: Standard document class detected.
)
\c@caption@flags=\count194
\c@continuedfloat=\count195
)
(C:\Users\orfuc\AppData\Local\Programs\MiKTeX\tex/latex/algorithms\algorithm.st
y
Package: algorithm 2009/08/24 v0.1 Document Style `algorithm' - floating enviro
nment
 (C:\Users\orfuc\AppData\Local\Programs\MiKTeX\tex/latex/float\float.sty
Package: float 2001/11/08 v1.3d Float enhancements (AL)
\c@float@type=\count196
\float@exts=\toks18
\float@box=\box51
\@float@everytoks=\toks19
\@floatcapt=\box52
)
(C:\Users\orfuc\AppData\Local\Programs\MiKTeX\tex/latex/base\ifthen.sty
Package: ifthen 2022/04/13 v1.1d Standard LaTeX ifthen package (DPC)
)
\@float@every@algorithm=\toks20
\c@algorithm=\count197
)
(C:\Users\orfuc\AppData\Local\Programs\MiKTeX\tex/latex/algorithms\algorithmic.
sty
Package: algorithmic 2009/08/24 v0.1 Document Style `algorithmic'
\c@ALC@unique=\count198
\c@ALC@line=\count199
\c@ALC@rem=\count266
\c@ALC@depth=\count267
\ALC@tlm=\skip53
\algorithmicindent=\skip54
) (C:\Users\orfuc\AppData\Local\Programs\MiKTeX\tex/latex/tools\tabularx.sty
Package: tabularx 2020/01/15 v2.11c `tabularx' package (DPC)
(C:\Users\orfuc\AppData\Local\Programs\MiKTeX\tex/latex/tools\array.sty
Package: array 2022/09/04 v2.5g Tabular extension package (FMi)
\col@sep=\dimen151
\ar@mcellbox=\box53
\extrarowheight=\dimen152
\NC@list=\toks21
\extratabsurround=\skip55
\backup@length=\skip56
\ar@cellbox=\box54
)
\TX@col@width=\dimen153
\TX@old@table=\dimen154
\TX@old@col=\dimen155
\TX@target=\dimen156
\TX@delta=\dimen157
\TX@cols=\count268
\TX@ftn=\toks22
)
(C:\Users\orfuc\AppData\Local\Programs\MiKTeX\tex/latex/tools\bm.sty
Package: bm 2022/01/05 v1.2f Bold Symbol Support (DPC/FMi)
\symboldoperators=\mathgroup4
\symboldletters=\mathgroup5
\symboldsymbols=\mathgroup6
Package bm Info: No bold for \OMX/cmex/m/n, using \pmb.
LaTeX Font Info:    Redeclaring math alphabet \mathbf on input line 149.
)
(C:\Users\orfuc\AppData\Local\Programs\MiKTeX\tex/latex/booktabs\booktabs.sty
Package: booktabs 2020/01/12 v1.61803398 Publication quality tables
\heavyrulewidth=\dimen158
\lightrulewidth=\dimen159
\cmidrulewidth=\dimen160
\belowrulesep=\dimen161
\belowbottomsep=\dimen162
\aboverulesep=\dimen163
\abovetopsep=\dimen164
\cmidrulesep=\dimen165
\cmidrulekern=\dimen166
\defaultaddspace=\dimen167
\@cmidla=\count269
\@cmidlb=\count270
\@aboverulesep=\dimen168
\@belowrulesep=\dimen169
\@thisruleclass=\count271
\@lastruleclass=\count272
\@thisrulewidth=\dimen170
)
(C:\Users\orfuc\AppData\Local\Programs\MiKTeX\tex/latex/multirow\multirow.sty
Package: multirow 2021/03/15 v2.8 Span multiple rows of a table
\multirow@colwidth=\skip57
\multirow@cntb=\count273
\multirow@dima=\skip58
\bigstrutjot=\dimen171
)
(C:\Users\orfuc\AppData\Local\Programs\MiKTeX\tex/latex/amsmath\amsmath.sty
Package: amsmath 2023/05/13 v2.17o AMS math features
\@mathmargin=\skip59

For additional information on amsmath, use the `?' option.
(C:\Users\orfuc\AppData\Local\Programs\MiKTeX\tex/latex/amsmath\amstext.sty
Package: amstext 2021/08/26 v2.01 AMS text

(C:\Users\orfuc\AppData\Local\Programs\MiKTeX\tex/latex/amsmath\amsgen.sty
File: amsgen.sty 1999/11/30 v2.0 generic functions
\@emptytoks=\toks23
\ex@=\dimen172
))
(C:\Users\orfuc\AppData\Local\Programs\MiKTeX\tex/latex/amsmath\amsbsy.sty
Package: amsbsy 1999/11/29 v1.2d Bold Symbols
LaTeX Info: Redefining \boldsymbol on input line 28.
\pmbraise@=\dimen173
)
(C:\Users\orfuc\AppData\Local\Programs\MiKTeX\tex/latex/amsmath\amsopn.sty
Package: amsopn 2022/04/08 v2.04 operator names
)
\inf@bad=\count274
LaTeX Info: Redefining \frac on input line 234.
\uproot@=\count275
\leftroot@=\count276
LaTeX Info: Redefining \overline on input line 399.
LaTeX Info: Redefining \colon on input line 410.
\classnum@=\count277
\DOTSCASE@=\count278
LaTeX Info: Redefining \ldots on input line 496.
LaTeX Info: Redefining \dots on input line 499.
LaTeX Info: Redefining \cdots on input line 620.
\Mathstrutbox@=\box55
\strutbox@=\box56
LaTeX Info: Redefining \big on input line 722.
LaTeX Info: Redefining \Big on input line 723.
LaTeX Info: Redefining \bigg on input line 724.
LaTeX Info: Redefining \Bigg on input line 725.
\big@size=\dimen174
LaTeX Font Info:    Redeclaring font encoding OML on input line 743.
LaTeX Font Info:    Redeclaring font encoding OMS on input line 744.
\macc@depth=\count279
LaTeX Info: Redefining \bmod on input line 905.
LaTeX Info: Redefining \pmod on input line 910.
LaTeX Info: Redefining \smash on input line 940.
LaTeX Info: Redefining \relbar on input line 970.
LaTeX Info: Redefining \Relbar on input line 971.
\c@MaxMatrixCols=\count280
\dotsspace@=\muskip17
\c@parentequation=\count281
\dspbrk@lvl=\count282
\tag@help=\toks24
\row@=\count283
\column@=\count284
\maxfields@=\count285
\andhelp@=\toks25
\eqnshift@=\dimen175
\alignsep@=\dimen176
\tagshift@=\dimen177
\tagwidth@=\dimen178
\totwidth@=\dimen179
\lineht@=\dimen180
\@envbody=\toks26
\multlinegap=\skip60
\multlinetaggap=\skip61
\mathdisplay@stack=\toks27
LaTeX Info: Redefining \[ on input line 2953.
LaTeX Info: Redefining \] on input line 2954.
)
(C:\Users\orfuc\AppData\Local\Programs\MiKTeX\tex/latex/footmisc\footmisc.sty
Package: footmisc 2023/07/05 v6.0f a miscellany of footnote facilities
\FN@temptoken=\toks28
\footnotemargin=\dimen181
\@outputbox@depth=\dimen182
Package footmisc Info: Declaring symbol style bringhurst on input line 696.
Package footmisc Info: Declaring symbol style chicago on input line 704.
Package footmisc Info: Declaring symbol style wiley on input line 713.
Package footmisc Info: Declaring symbol style lamport-robust on input line 724.

Package footmisc Info: Declaring symbol style lamport* on input line 744.
Package footmisc Info: Declaring symbol style lamport*-robust on input line 765
.
)
(C:\Users\orfuc\AppData\Local\Programs\MiKTeX\tex/latex/newfloat\newfloat.sty
Package: newfloat 2019/09/02 v1.1l Defining new floating environments (AR)
)
(C:\Users\orfuc\AppData\Local\Programs\MiKTeX\tex/latex/listings\listings.sty
\lst@mode=\count286
\lst@gtempboxa=\box57
\lst@token=\toks29
\lst@length=\count287
\lst@currlwidth=\dimen183
\lst@column=\count288
\lst@pos=\count289
\lst@lostspace=\dimen184
\lst@width=\dimen185
\lst@newlines=\count290
\lst@lineno=\count291
\lst@maxwidth=\dimen186

(C:\Users\orfuc\AppData\Local\Programs\MiKTeX\tex/latex/listings\lstmisc.sty
File: lstmisc.sty 2023/02/27 1.9 (Carsten Heinz)
\c@lstnumber=\count292
\lst@skipnumbers=\count293
\lst@framebox=\box58
)
(C:\Users\orfuc\AppData\Local\Programs\MiKTeX\tex/latex/listings\listings.cfg
File: listings.cfg 2023/02/27 1.9 listings configuration
))
Package: listings 2023/02/27 1.9 (Carsten Heinz)
\@float@every@listing=\toks30
\c@listing=\count294
(C:\Users\orfuc\AppData\Local\Programs\MiKTeX\tex/latex/natbib\bibentry.sty
Package: bibentry 2007/10/30 1.5 (PWD)
)
LaTeX Font Info:    Trying to load font information for OT1+ptm on input line 1
72.

(C:\Users\orfuc\AppData\Local\Programs\MiKTeX\tex/latex/psnfss\ot1ptm.fd
File: ot1ptm.fd 2001/06/04 font definitions for OT1/ptm.
)
(C:\Users\orfuc\AppData\Local\Programs\MiKTeX\tex/latex/l3backend\l3backend-pdf
tex.def
File: l3backend-pdftex.def 2023-04-19 L3 backend support: PDF output (pdfTeX)
\l__color_backend_stack_int=\count295
\l__pdf_internal_box=\box59
) (arXiv_zeroner_changed.aux)
\openout1 = `arXiv_zeroner_changed.aux'.

LaTeX Font Info:    Checking defaults for OML/cmm/m/it on input line 172.
LaTeX Font Info:    ... okay on input line 172.
LaTeX Font Info:    Checking defaults for OMS/cmsy/m/n on input line 172.
LaTeX Font Info:    ... okay on input line 172.
LaTeX Font Info:    Checking defaults for OT1/cmr/m/n on input line 172.
LaTeX Font Info:    ... okay on input line 172.
LaTeX Font Info:    Checking defaults for T1/cmr/m/n on input line 172.
LaTeX Font Info:    ... okay on input line 172.
LaTeX Font Info:    Checking defaults for TS1/cmr/m/n on input line 172.
LaTeX Font Info:    ... okay on input line 172.
LaTeX Font Info:    Checking defaults for OMX/cmex/m/n on input line 172.
LaTeX Font Info:    ... okay on input line 172.
LaTeX Font Info:    Checking defaults for U/cmr/m/n on input line 172.
LaTeX Font Info:    ... okay on input line 172.

(C:\Users\orfuc\AppData\Local\Programs\MiKTeX\tex/context/base/mkii\supp-pdf.mk
ii
[Loading MPS to PDF converter (version 2006.09.02).]
\scratchcounter=\count296
\scratchdimen=\dimen187
\scratchbox=\box60
\nofMPsegments=\count297
\nofMParguments=\count298
\everyMPshowfont=\toks31
\MPscratchCnt=\count299
\MPscratchDim=\dimen188
\MPnumerator=\count300
\makeMPintoPDFobject=\count301
\everyMPtoPDFconversion=\toks32
)
(C:\Users\orfuc\AppData\Local\Programs\MiKTeX\tex/latex/epstopdf-pkg\epstopdf-b
ase.sty
Package: epstopdf-base 2020-01-24 v2.11 Base part for package epstopdf
Package epstopdf-base Info: Redefining graphics rule for `.eps' on input line 4
85.

(C:\Users\orfuc\AppData\Local\Programs\MiKTeX\tex/latex/00miktex\epstopdf-sys.c
fg
File: epstopdf-sys.cfg 2021/03/18 v2.0 Configuration of epstopdf for MiKTeX
))
Package caption Info: Begin \AtBeginDocument code.
Package caption Info: float package is loaded.
Package caption Info: listings package is loaded.
Package caption Info: End \AtBeginDocument code.
Package newfloat Info: `float' package detected.
\c@lstlisting=\count302
\c@eqfn=\count303
\titlearea=\box61
LaTeX Font Info:    Trying to load font information for OMS+ptm on input line 1
74.
 (C:\Users\orfuc\AppData\Local\Programs\MiKTeX\tex/latex/psnfss\omsptm.fd
File: omsptm.fd 
)
LaTeX Font Info:    Font shape `OMS/ptm/m/n' in size <10> not available
(Font)              Font shape `OMS/cmsy/m/n' tried instead on input line 174.
\actualheight=\skip62


Package natbib Warning: Citation `robertson1995okapi' on page 1 undefined on in
put line 194.


Package natbib Warning: Citation `robertson2009probabilistic' on page 1 undefin
ed on input line 194.


Package natbib Warning: Citation `karpukhin-etal-2020-dense' on page 1 undefine
d on input line 195.


Package natbib Warning: Citation `xiong2021approximate' on page 1 undefined on 
input line 195.


Package natbib Warning: Citation `lee-etal-2019-latent' on page 1 undefined on 
input line 197.


Package natbib Warning: Citation `karpukhin-etal-2020-dense' on page 1 undefine
d on input line 199.


Package natbib Warning: Citation `thakur2021beir' on page 1 undefined on input 
line 201.


Package natbib Warning: Citation `sciavolino-etal-2021-simple' on page 1 undefi
ned on input line 201.


Package natbib Warning: Citation `sciavolino-etal-2021-simple' on page 1 undefi
ned on input line 203.


Package natbib Warning: Citation `lewis-etal-2021-paq' on page 1 undefined on i
nput line 203.


Package natbib Warning: Citation `karpukhin-etal-2020-dense' on page 1 undefine
d on input line 214.


Package natbib Warning: Citation `Chen2021SalientPA' on page 1 undefined on inp
ut line 215.


Package natbib Warning: Citation `chen-etal-2020-recall' on page 1 undefined on
 input line 220.

[1{C:/Users/orfuc/AppData/Local/MiKTeX/fonts/map/pdftex/pdftex.map}{C:/Users/or
fuc/AppData/Local/Programs/MiKTeX/fonts/enc/dvips/base/8r.enc}



]

Package natbib Warning: Citation `chen-etal-2017-reading' on page 2 undefined o
n input line 236.


Package natbib Warning: Citation `robertson1995okapi' on page 2 undefined on in
put line 237.


Package natbib Warning: Citation `robertson2009probabilistic' on page 2 undefin
ed on input line 237.


Package natbib Warning: Citation `thakur2021beir' on page 2 undefined on input 
line 240.


Package natbib Warning: Citation `sachan2022improving' on page 2 undefined on i
nput line 241.


Package natbib Warning: Citation `thakur2021beir' on page 2 undefined on input 
line 244.


Package natbib Warning: Citation `sciavolino-etal-2021-simple' on page 2 undefi
ned on input line 245.


Package natbib Warning: Citation `lewis-etal-2021-paq' on page 2 undefined on i
nput line 245.


Package natbib Warning: Citation `sciavolino-etal-2021-simple' on page 2 undefi
ned on input line 247.


Package natbib Warning: Citation `replication_dpr' on page 2 undefined on input
 line 252.


Package natbib Warning: Citation `karpukhin-etal-2020-dense' on page 2 undefine
d on input line 253.


Package natbib Warning: Citation `Chen2021SalientPA' on page 2 undefined on inp
ut line 254.


Underfull \hbox (badness 1168) in paragraph at lines 252--261
 \OT1/ptm/b/n/10 Dif-fer-ence be-tween Dense Re-trieval and Sparse Re-
 []

<figures/overview.pdf, id=9, 3593.50537pt x 1621.8593pt>
File: figures/overview.pdf Graphic file (type pdf)
<use figures/overview.pdf>
Package pdftex.def Info: figures/overview.pdf  used on input line 265.
(pdftex.def)             Requested size: 505.89pt x 228.32088pt.

Package natbib Warning: Citation `zhao-etal-2021-sparta' on page 2 undefined on
 input line 284.


Package natbib Warning: Citation `gao-etal-2021-coil' on page 2 undefined on in
put line 284.


Package natbib Warning: Citation `khattab-etal-2021-relevance' on page 2 undefi
ned on input line 285.


Package natbib Warning: Citation `yamada-etal-2020-luke' on page 2 undefined on
 input line 290.

[2]
Underfull \hbox (badness 10000) in paragraph at lines 321--321
[][][]$\OT1/ptm/m/n/9 https : / / huggingface . co / studio -[] ousia / luke -[
] large -[] ^^Lnetuned -[] conll -[]
 []


Package natbib Warning: Citation `yamada-etal-2020-luke' on page 3 undefined on
 input line 321.


Package natbib Warning: Citation `tjong-kim-sang-de-meulder-2003-introduction' 
on page 3 undefined on input line 322.

LaTeX Font Info:    Trying to load font information for OT1+pcr on input line 3
24.
(C:\Users\orfuc\AppData\Local\Programs\MiKTeX\tex/latex/psnfss\ot1pcr.fd
File: ot1pcr.fd 2001/06/04 font definitions for OT1/pcr.
)

Package natbib Warning: Citation `sciavolino-etal-2021-simple' on page 3 undefi
ned on input line 338.


Package natbib Warning: Citation `roberta' on page 3 undefined on input line 36
2.


Package natbib Warning: Citation `karpukhin-etal-2020-dense' on page 3 undefine
d on input line 374.


Underfull \hbox (badness 3323) in paragraph at lines 373--377
\OT1/ptm/b/n/10 Knowledge Source. \OT1/ptm/m/n/10 We used the Wikipedia pas-sag
e
 []


Underfull \hbox (badness 1199) in paragraph at lines 373--377
\OT1/ptm/m/n/10 splits pre-pro-cessed by \OT1/ptm/b/n/10 ?\OT1/ptm/m/n/10 . The
 pas-sages con-sist of En-
 []


Underfull \hbox (badness 1577) in paragraph at lines 373--377
\OT1/ptm/m/n/10 Wikipedia dump data. The cor-pus con-tains a to-tal of
 []

[3 <./figures/overview.pdf>]

Package natbib Warning: Citation `sciavolino-etal-2021-simple' on page 4 undefi
ned on input line 378.


Package natbib Warning: Citation `vrandevcic2014wikidata' on page 4 undefined o
n input line 379.


Package natbib Warning: Citation `elsahar-etal-2018-rex' on page 4 undefined on
 input line 380.


Package natbib Warning: Citation `robertson2009probabilistic' on page 4 undefin
ed on input line 386.


Package natbib Warning: Citation `anserini_Yang0L17' on page 4 undefined on inp
ut line 387.


Package natbib Warning: Citation `karpukhin-etal-2020-dense' on page 4 undefine
d on input line 389.


Package natbib Warning: Citation `kwiatkowski-etal-2019-natural' on page 4 unde
fined on input line 390.


Package natbib Warning: Citation `kwiatkowski-etal-2019-natural' on page 4 unde
fined on input line 392.


Package natbib Warning: Citation `joshi-etal-2017-triviaqa' on page 4 undefined
 on input line 392.


Package natbib Warning: Citation `berant-etal-2013-semantic' on page 4 undefine
d on input line 392.


Package natbib Warning: Citation `curatedtrec' on page 4 undefined on input lin
e 392.


Package natbib Warning: Citation `lewis-etal-2021-paq' on page 4 undefined on i
nput line 393.


Package natbib Warning: Citation `Chen2021SalientPA' on page 4 undefined on inp
ut line 396.


Package natbib Warning: Citation `lewis-etal-2021-paq' on page 4 undefined on i
nput line 398.


Package natbib Warning: Citation `Chen2021SalientPA' on page 4 undefined on inp
ut line 400.


Package natbib Warning: Citation `contriever' on page 4 undefined on input line
 403.


Package natbib Warning: Citation `wenzek-etal-2020-ccnet' on page 4 undefined o
n input line 403.


Package natbib Warning: Citation `lee-etal-2019-latent' on page 4 undefined on 
input line 404.


Underfull \hbox (badness 1418) in paragraph at lines 403--405
[]\OT1/ptm/b/n/10 Contriever[] \OT1/ptm/m/n/10 (\OT1/ptm/b/n/10 ?\OT1/ptm/m/n/1
0 ) is trained with self-supervised con-
 []


Underfull \hbox (badness 1242) in paragraph at lines 422--426
 \OT1/ptm/b/n/10 Re-trieval Key \OT1/ptm/m/n/10 For Wikipedia pas-sages, fol-lo
w-ing the
 []

[4]

Package natbib Warning: Citation `zhou-srikumar-2022-closer' on page 5 undefine
d on input line 437.

<figures/idf_5_buckets.pdf, id=59, 853.50871pt x 542.025pt>
File: figures/idf_5_buckets.pdf Graphic file (type pdf)
<use figures/idf_5_buckets.pdf>
Package pdftex.def Info: figures/idf_5_buckets.pdf  used on input line 452.
(pdftex.def)             Requested size: 239.39438pt x 152.02235pt.
<figures/embedding_umap.pdf, id=60, 963.6pt x 542.025pt>
File: figures/embedding_umap.pdf Graphic file (type pdf)
<use figures/embedding_umap.pdf>
Package pdftex.def Info: figures/embedding_umap.pdf  used on input line 465.
(pdftex.def)             Requested size: 430.00958pt x 241.87442pt.

Package natbib Warning: Citation `match_your_words' on page 5 undefined on inpu
t line 515.

[5 <./figures/idf_5_buckets.pdf>]

Package natbib Warning: Citation `luan-etal-2021-sparse' on page 6 undefined on
 input line 521.


Package natbib Warning: Citation `umap' on page 6 undefined on input line 525.

<figures/idf_5_buckets_one_key.pdf, id=91, 963.6pt x 542.025pt>
File: figures/idf_5_buckets_one_key.pdf Graphic file (type pdf)
<use figures/idf_5_buckets_one_key.pdf>
Package pdftex.def Info: figures/idf_5_buckets_one_key.pdf  used on input line 
540.
(pdftex.def)             Requested size: 239.39438pt x 134.65404pt.
[6 <./figures/embedding_umap.pdf>] [7 <./figures/idf_5_buckets_one_key.pdf>]
[8

]
No file arXiv_zeroner_changed.bbl.

Package natbib Warning: There were undefined citations.

(arXiv_zeroner_changed.aux)
 ***********
LaTeX2e <2023-06-01> patch level 1
L3 programming layer <2023-08-29>
 ***********
 ) 
Here is how much of TeX's memory you used:
 6412 strings out of 475247
 105117 string characters out of 5757792
 1938801 words of memory out of 5000000
 27845 multiletter control sequences out of 15000+600000
 582987 words of font info for 87 fonts, out of 8000000 for 9000
 1141 hyphenation exceptions out of 8191
 57i,10n,65p,1291b,356s stack positions out of 10000i,1000n,20000p,200000b,200000s
<C:/Users/orfuc/AppData/Local/Programs/MiKTeX/fonts/type1/public/amsfonts/cm/
cmbx10.pfb><C:/Users/orfuc/AppData/Local/Programs/MiKTeX/fonts/type1/public/ams
fonts/cm/cmmi10.pfb><C:/Users/orfuc/AppData/Local/Programs/MiKTeX/fonts/type1/p
ublic/amsfonts/cm/cmmi7.pfb><C:/Users/orfuc/AppData/Local/Programs/MiKTeX/fonts
/type1/public/amsfonts/cm/cmr10.pfb><C:/Users/orfuc/AppData/Local/Programs/MiKT
eX/fonts/type1/public/amsfonts/cm/cmr7.pfb><C:/Users/orfuc/AppData/Local/Progra
ms/MiKTeX/fonts/type1/public/amsfonts/cm/cmsy10.pfb><C:/Users/orfuc/AppData/Loc
al/Programs/MiKTeX/fonts/type1/urw/courier/ucrr8a.pfb><C:/Users/orfuc/AppData/L
ocal/Programs/MiKTeX/fonts/type1/urw/times/utmb8a.pfb><C:/Users/orfuc/AppData/L
ocal/Programs/MiKTeX/fonts/type1/urw/times/utmr8a.pfb><C:/Users/orfuc/AppData/L
ocal/Programs/MiKTeX/fonts/type1/urw/times/utmri8a.pfb>
Output written on arXiv_zeroner_changed.pdf (8 pages, 837256 bytes).
PDF statistics:
 193 PDF objects out of 1000 (max. 8388607)
 0 named destinations out of 1000 (max. 500000)
 21 words of extra memory for PDF output out of 10000 (max. 10000000)

