This is pdfTeX, Version 3.141592653-2.6-1.40.25 (MiKTeX 23.5) (preloaded format=pdflatex 2024.1.12)  3 MAR 2024 22:52
entering extended mode
 restricted \write18 enabled.
 %&-line parsing enabled.
**./after_operator1.tex
(after_operator1.tex
LaTeX2e <2023-06-01> patch level 1
L3 programming layer <2023-08-29>
(C:\Users\orfuc\AppData\Local\Programs\MiKTeX\tex/latex/base\article.cls
Document Class: article 2023/05/17 v1.4n Standard LaTeX document class
(C:\Users\orfuc\AppData\Local\Programs\MiKTeX\tex/latex/base\size10.clo
File: size10.clo 2023/05/17 v1.4n Standard LaTeX file (size option)
)
\c@part=\count185
\c@section=\count186
\c@subsection=\count187
\c@subsubsection=\count188
\c@paragraph=\count189
\c@subparagraph=\count190
\c@figure=\count191
\c@table=\count192
\abovecaptionskip=\skip48
\belowcaptionskip=\skip49
\bibindent=\dimen140
)
(C:\Users\orfuc\AppData\Local\Programs\MiKTeX\tex/latex/adjustbox\adjustbox.sty
Package: adjustbox 2022/10/17 v1.3a Adjusting TeX boxes (trim, clip, ...)
(C:\Users\orfuc\AppData\Local\Programs\MiKTeX\tex/latex/xkeyval\xkeyval.sty
Package: xkeyval 2022/06/16 v2.9 package option processing (HA)

(C:\Users\orfuc\AppData\Local\Programs\MiKTeX\tex/generic/xkeyval\xkeyval.tex
(C:\Users\orfuc\AppData\Local\Programs\MiKTeX\tex/generic/xkeyval\xkvutils.tex
\XKV@toks=\toks17
\XKV@tempa@toks=\toks18

(C:\Users\orfuc\AppData\Local\Programs\MiKTeX\tex/generic/xkeyval\keyval.tex))
\XKV@depth=\count193
File: xkeyval.tex 2014/12/03 v2.7a key=value parser (HA)
)) (C:\Users\orfuc\AppData\Local\Programs\MiKTeX\tex/latex/adjustbox\adjcalc.st
y
Package: adjcalc 2012/05/16 v1.1 Provides advanced setlength with multiple back
-ends (calc, etex, pgfmath)
)
(C:\Users\orfuc\AppData\Local\Programs\MiKTeX\tex/latex/adjustbox\trimclip.sty
Package: trimclip 2020/08/19 v1.2 Trim and clip general TeX material

(C:\Users\orfuc\AppData\Local\Programs\MiKTeX\tex/latex/graphics\graphicx.sty
Package: graphicx 2021/09/16 v1.2d Enhanced LaTeX Graphics (DPC,SPQR)

(C:\Users\orfuc\AppData\Local\Programs\MiKTeX\tex/latex/graphics\graphics.sty
Package: graphics 2022/03/10 v1.4e Standard LaTeX Graphics (DPC,SPQR)

(C:\Users\orfuc\AppData\Local\Programs\MiKTeX\tex/latex/graphics\trig.sty
Package: trig 2021/08/11 v1.11 sin cos tan (DPC)
)
(C:\Users\orfuc\AppData\Local\Programs\MiKTeX\tex/latex/graphics-cfg\graphics.c
fg
File: graphics.cfg 2016/06/04 v1.11 sample graphics configuration
)
Package graphics Info: Driver file: pdftex.def on input line 107.

(C:\Users\orfuc\AppData\Local\Programs\MiKTeX\tex/latex/graphics-def\pdftex.def
File: pdftex.def 2022/09/22 v1.2b Graphics/color driver for pdftex
))
\Gin@req@height=\dimen141
\Gin@req@width=\dimen142
)
(C:\Users\orfuc\AppData\Local\Programs\MiKTeX\tex/latex/collectbox\collectbox.s
ty
Package: collectbox 2022/10/17 v0.4c Collect macro arguments as boxes
\collectedbox=\box51
)
\tc@llx=\dimen143
\tc@lly=\dimen144
\tc@urx=\dimen145
\tc@ury=\dimen146
Package trimclip Info: Using driver 'tc-pdftex.def'.

(C:\Users\orfuc\AppData\Local\Programs\MiKTeX\tex/latex/adjustbox\tc-pdftex.def
File: tc-pdftex.def 2019/01/04 v2.2 Clipping driver for pdftex
))
\adjbox@Width=\dimen147
\adjbox@Height=\dimen148
\adjbox@Depth=\dimen149
\adjbox@Totalheight=\dimen150
\adjbox@pwidth=\dimen151
\adjbox@pheight=\dimen152
\adjbox@pdepth=\dimen153
\adjbox@ptotalheight=\dimen154

(C:\Users\orfuc\AppData\Local\Programs\MiKTeX\tex/latex/ifoddpage\ifoddpage.sty
Package: ifoddpage 2022/10/18 v1.2 Conditionals for odd/even page detection
\c@checkoddpage=\count194
) (C:\Users\orfuc\AppData\Local\Programs\MiKTeX\tex/latex/varwidth\varwidth.sty
Package: varwidth 2009/03/30 ver 0.92;  Variable-width minipages
\@vwid@box=\box52
\sift@deathcycles=\count195
\@vwid@loff=\dimen155
\@vwid@roff=\dimen156
)) (aaai21.sty
Conference Style for AAAI for LaTeX 2e -- version for the AAAI-21 conference - 
MODIFIED
\titlebox=\skip50
) (C:\Users\orfuc\AppData\Local\Programs\MiKTeX\tex/latex/psnfss\times.sty
Package: times 2020/03/25 PSNFSS-v9.3 (SPQR) 
)
(C:\Users\orfuc\AppData\Local\Programs\MiKTeX\tex/latex/psnfss\helvet.sty
Package: helvet 2020/03/25 PSNFSS-v9.3 (WaS) 
)
(C:\Users\orfuc\AppData\Local\Programs\MiKTeX\tex/latex/psnfss\courier.sty
Package: courier 2020/03/25 PSNFSS-v9.3 (WaS) 
)
(C:\Users\orfuc\AppData\Local\Programs\MiKTeX\tex/latex/url\url.sty
\Urlmuskip=\muskip16
Package: url 2013/09/16  ver 3.4  Verb mode for urls, etc.
)
(C:\Users\orfuc\AppData\Local\Programs\MiKTeX\tex/latex/natbib\natbib.sty
Package: natbib 2010/09/13 8.31b (PWD, AO)
\bibhang=\skip51
\bibsep=\skip52
LaTeX Info: Redefining \cite on input line 694.
\c@NAT@ctr=\count196
)
(C:\Users\orfuc\AppData\Local\Programs\MiKTeX\tex/latex/caption\caption.sty
Package: caption 2023/07/31 v3.6n Customizing captions (AR)

(C:\Users\orfuc\AppData\Local\Programs\MiKTeX\tex/latex/caption\caption3.sty
Package: caption3 2023/07/31 v2.4d caption3 kernel (AR)
\caption@tempdima=\dimen157
\captionmargin=\dimen158
\caption@leftmargin=\dimen159
\caption@rightmargin=\dimen160
\caption@width=\dimen161
\caption@indent=\dimen162
\caption@parindent=\dimen163
\caption@hangindent=\dimen164
Package caption Info: Standard document class detected.
)
\c@caption@flags=\count197
\c@continuedfloat=\count198
)
(C:\Users\orfuc\AppData\Local\Programs\MiKTeX\tex/latex/amsmath\amsmath.sty
Package: amsmath 2023/05/13 v2.17o AMS math features
\@mathmargin=\skip53

For additional information on amsmath, use the `?' option.
(C:\Users\orfuc\AppData\Local\Programs\MiKTeX\tex/latex/amsmath\amstext.sty
Package: amstext 2021/08/26 v2.01 AMS text

(C:\Users\orfuc\AppData\Local\Programs\MiKTeX\tex/latex/amsmath\amsgen.sty
File: amsgen.sty 1999/11/30 v2.0 generic functions
\@emptytoks=\toks19
\ex@=\dimen165
))
(C:\Users\orfuc\AppData\Local\Programs\MiKTeX\tex/latex/amsmath\amsbsy.sty
Package: amsbsy 1999/11/29 v1.2d Bold Symbols
\pmbraise@=\dimen166
)
(C:\Users\orfuc\AppData\Local\Programs\MiKTeX\tex/latex/amsmath\amsopn.sty
Package: amsopn 2022/04/08 v2.04 operator names
)
\inf@bad=\count199
LaTeX Info: Redefining \frac on input line 234.
\uproot@=\count266
\leftroot@=\count267
LaTeX Info: Redefining \overline on input line 399.
LaTeX Info: Redefining \colon on input line 410.
\classnum@=\count268
\DOTSCASE@=\count269
LaTeX Info: Redefining \ldots on input line 496.
LaTeX Info: Redefining \dots on input line 499.
LaTeX Info: Redefining \cdots on input line 620.
\Mathstrutbox@=\box53
\strutbox@=\box54
LaTeX Info: Redefining \big on input line 722.
LaTeX Info: Redefining \Big on input line 723.
LaTeX Info: Redefining \bigg on input line 724.
LaTeX Info: Redefining \Bigg on input line 725.
\big@size=\dimen167
LaTeX Font Info:    Redeclaring font encoding OML on input line 743.
LaTeX Font Info:    Redeclaring font encoding OMS on input line 744.
\macc@depth=\count270
LaTeX Info: Redefining \bmod on input line 905.
LaTeX Info: Redefining \pmod on input line 910.
LaTeX Info: Redefining \smash on input line 940.
LaTeX Info: Redefining \relbar on input line 970.
LaTeX Info: Redefining \Relbar on input line 971.
\c@MaxMatrixCols=\count271
\dotsspace@=\muskip17
\c@parentequation=\count272
\dspbrk@lvl=\count273
\tag@help=\toks20
\row@=\count274
\column@=\count275
\maxfields@=\count276
\andhelp@=\toks21
\eqnshift@=\dimen168
\alignsep@=\dimen169
\tagshift@=\dimen170
\tagwidth@=\dimen171
\totwidth@=\dimen172
\lineht@=\dimen173
\@envbody=\toks22
\multlinegap=\skip54
\multlinetaggap=\skip55
\mathdisplay@stack=\toks23
LaTeX Info: Redefining \[ on input line 2953.
LaTeX Info: Redefining \] on input line 2954.
)
LaTeX Font Info:    Trying to load font information for OT1+ptm on input line 7
1.

(C:\Users\orfuc\AppData\Local\Programs\MiKTeX\tex/latex/psnfss\ot1ptm.fd
File: ot1ptm.fd 2001/06/04 font definitions for OT1/ptm.
)
(C:\Users\orfuc\AppData\Local\Programs\MiKTeX\tex/latex/l3backend\l3backend-pdf
tex.def
File: l3backend-pdftex.def 2023-04-19 L3 backend support: PDF output (pdfTeX)
\l__color_backend_stack_int=\count277
\l__pdf_internal_box=\box55
)
No file after_operator1.aux.
\openout1 = `after_operator1.aux'.

LaTeX Font Info:    Checking defaults for OML/cmm/m/it on input line 71.
LaTeX Font Info:    ... okay on input line 71.
LaTeX Font Info:    Checking defaults for OMS/cmsy/m/n on input line 71.
LaTeX Font Info:    ... okay on input line 71.
LaTeX Font Info:    Checking defaults for OT1/cmr/m/n on input line 71.
LaTeX Font Info:    ... okay on input line 71.
LaTeX Font Info:    Checking defaults for T1/cmr/m/n on input line 71.
LaTeX Font Info:    ... okay on input line 71.
LaTeX Font Info:    Checking defaults for TS1/cmr/m/n on input line 71.
LaTeX Font Info:    ... okay on input line 71.
LaTeX Font Info:    Checking defaults for OMX/cmex/m/n on input line 71.
LaTeX Font Info:    ... okay on input line 71.
LaTeX Font Info:    Checking defaults for U/cmr/m/n on input line 71.
LaTeX Font Info:    ... okay on input line 71.

(C:\Users\orfuc\AppData\Local\Programs\MiKTeX\tex/context/base/mkii\supp-pdf.mk
ii
[Loading MPS to PDF converter (version 2006.09.02).]
\scratchcounter=\count278
\scratchdimen=\dimen174
\scratchbox=\box56
\nofMPsegments=\count279
\nofMParguments=\count280
\everyMPshowfont=\toks24
\MPscratchCnt=\count281
\MPscratchDim=\dimen175
\MPnumerator=\count282
\makeMPintoPDFobject=\count283
\everyMPtoPDFconversion=\toks25
)
(C:\Users\orfuc\AppData\Local\Programs\MiKTeX\tex/latex/epstopdf-pkg\epstopdf-b
ase.sty
Package: epstopdf-base 2020-01-24 v2.11 Base part for package epstopdf

(C:\Users\orfuc\AppData\Local\Programs\MiKTeX\tex/generic/infwarerr\infwarerr.s
ty
Package: infwarerr 2019/12/03 v1.5 Providing info/warning/error messages (HO)
) (C:\Users\orfuc\AppData\Local\Programs\MiKTeX\tex/latex/grfext\grfext.sty
Package: grfext 2019/12/03 v1.3 Manage graphics extensions (HO)

(C:\Users\orfuc\AppData\Local\Programs\MiKTeX\tex/generic/kvdefinekeys\kvdefine
keys.sty
Package: kvdefinekeys 2019-12-19 v1.6 Define keys (HO)
))
(C:\Users\orfuc\AppData\Local\Programs\MiKTeX\tex/latex/kvoptions\kvoptions.sty
Package: kvoptions 2022-06-15 v3.15 Key value format for package options (HO)
(C:\Users\orfuc\AppData\Local\Programs\MiKTeX\tex/generic/ltxcmds\ltxcmds.sty
Package: ltxcmds 2020-05-10 v1.25 LaTeX kernel commands for general use (HO)
)
(C:\Users\orfuc\AppData\Local\Programs\MiKTeX\tex/latex/kvsetkeys\kvsetkeys.sty
Package: kvsetkeys 2022-10-05 v1.19 Key value parser (HO)
))
(C:\Users\orfuc\AppData\Local\Programs\MiKTeX\tex/generic/pdftexcmds\pdftexcmds
.sty
Package: pdftexcmds 2020-06-27 v0.33 Utility functions of pdfTeX for LuaTeX (HO
)
 (C:\Users\orfuc\AppData\Local\Programs\MiKTeX\tex/generic/iftex\iftex.sty
Package: iftex 2022/02/03 v1.0f TeX engine tests
)
Package pdftexcmds Info: \pdf@primitive is available.
Package pdftexcmds Info: \pdf@ifprimitive is available.
Package pdftexcmds Info: \pdfdraftmode found.
)
Package epstopdf-base Info: Redefining graphics rule for `.eps' on input line 4
85.
Package grfext Info: Graphics extension search list:
(grfext)             [.pdf,.png,.jpg,.mps,.jpeg,.jbig2,.jb2,.PDF,.PNG,.JPG,.JPE
G,.JBIG2,.JB2,.eps]
(grfext)             \AppendGraphicsExtensions on input line 504.

(C:\Users\orfuc\AppData\Local\Programs\MiKTeX\tex/latex/00miktex\epstopdf-sys.c
fg
File: epstopdf-sys.cfg 2021/03/18 v2.0 Configuration of epstopdf for MiKTeX
))
Package caption Info: Begin \AtBeginDocument code.
Package caption Info: End \AtBeginDocument code.
\titlearea=\box57
LaTeX Font Info:    Trying to load font information for OMS+ptm on input line 7
3.
 (C:\Users\orfuc\AppData\Local\Programs\MiKTeX\tex/latex/psnfss\omsptm.fd
File: omsptm.fd 
)
LaTeX Font Info:    Font shape `OMS/ptm/m/n' in size <10> not available
(Font)              Font shape `OMS/cmsy/m/n' tried instead on input line 73.
\actualheight=\skip56
LaTeX Font Info:    Trying to load font information for TS1+ptm on input line 7
3.

(C:\Users\orfuc\AppData\Local\Programs\MiKTeX\tex/latex/psnfss\ts1ptm.fd
File: ts1ptm.fd 2001/06/04 font definitions for TS1/ptm.
)
Underfull \vbox (badness 10000) detected at line 73
 []


Package natbib Warning: Citation `shirani2019learning' on page 1 undefined on i
nput line 80.


Package natbib Warning: Citation `shirani2020let' on page 1 undefined on input 
line 80.


Package natbib Warning: Citation `shirani-etal-2020-semeval' on page 1 undefine
d on input line 80.


Package natbib Warning: Citation `shirani2021CAD21' on page 1 undefined on inpu
t line 80.

<seo.png, id=1, 781.7205pt x 208.3785pt>
File: seo.png Graphic file (type png)
<use seo.png>
Package pdftex.def Info: seo.png  used on input line 84.
(pdftex.def)             Requested size: 239.39438pt x 63.81447pt.

LaTeX Warning: `!h' float specifier changed to `!ht'.


Package natbib Warning: Citation `liu2019RoBERTa' on page 1 undefined on input 
line 91.


Package natbib Warning: Citation `yang2019XLNet' on page 1 undefined on input l
ine 91.


Package natbib Warning: Citation `singhal2020iitk' on page 1 undefined on input
 line 91.


Package natbib Warning: Citation `anand2020midas' on page 1 undefined on input 
line 91.


Package natbib Warning: Citation `shirani2019learning' on page 1 undefined on i
nput line 93.


Package natbib Warning: Citation `singhal2020iitk' on page 1 undefined on input
 line 93.


Package natbib Warning: Citation `kullback1951information' on page 1 undefined 
on input line 95.


Package natbib Warning: Citation `geng2016label' on page 1 undefined on input l
ine 95.


Package natbib Warning: Citation `shirani2019learning' on page 1 undefined on i
nput line 95.


Package natbib Warning: Citation `augenstein2017semeval' on page 1 undefined on
 input line 98.


Package natbib Warning: Citation `zhang2016keyphrase' on page 1 undefined on in
put line 98.

[1{C:/Users/orfuc/AppData/Local/MiKTeX/fonts/map/pdftex/pdftex.map}{C:/Users/or
fuc/AppData/Local/Programs/MiKTeX/fonts/enc/dvips/base/8r.enc}



 <./seo.png>]

Package natbib Warning: Citation `mishra2012word' on page 2 undefined on input 
line 100.


Package natbib Warning: Citation `chen2017automatic' on page 2 undefined on inp
ut line 100.


Package natbib Warning: Citation `shirani2019learning' on page 2 undefined on i
nput line 100.


Package natbib Warning: Citation `shirani2020let' on page 2 undefined on input 
line 100.


Package natbib Warning: Citation `shirani2019learning' on page 2 undefined on i
nput line 100.


Package natbib Warning: Citation `pennington2014glove' on page 2 undefined on i
nput line 100.


Package natbib Warning: Citation `huang2020ernie' on page 2 undefined on input 
line 102.


Package natbib Warning: Citation `singhal2020iitk' on page 2 undefined on input
 line 104.


Package natbib Warning: Citation `anand2020midas' on page 2 undefined on input 
line 106.


Package natbib Warning: Citation `laws2011active' on page 2 undefined on input 
line 108.


Package natbib Warning: Citation `10.1145/3178876.3186033' on page 2 undefined 
on input line 108.


Package natbib Warning: Citation `rodrigues2017deep' on page 2 undefined on inp
ut line 108.


Package natbib Warning: Citation `Rodrigues2013SequenceLW' on page 2 undefined 
on input line 108.


Package natbib Warning: Citation `shirani2019learning' on page 2 undefined on i
nput line 108.


Package natbib Warning: Citation `geng2016label' on page 2 undefined on input l
ine 108.


Package natbib Warning: Citation `shirani2021CAD21' on page 2 undefined on inpu
t line 130.

<word_cloud.png, id=14, 592.2125pt x 592.2125pt>
File: word_cloud.png Graphic file (type png)
<use word_cloud.png>
Package pdftex.def Info: word_cloud.png  used on input line 193.
(pdftex.def)             Requested size: 191.51622pt x 191.51794pt.
[2]
<LSTM_MODEL.jpg, id=21, 1173.38374pt x 581.17125pt>
File: LSTM_MODEL.jpg Graphic file (type jpg)
<use LSTM_MODEL.jpg>
Package pdftex.def Info: LSTM_MODEL.jpg  used on input line 226.
(pdftex.def)             Requested size: 455.2979pt x 225.50304pt.


Package natbib Warning: Citation `DBLP:journals/corr/abs-1802-05365' on page 3 
undefined on input line 230.


Package natbib Warning: Citation `sahrawat2019keyphrase' on page 3 undefined on
 input line 230.


Underfull \vbox (badness 2088) has occurred while \output is active []


Overfull \hbox (10.88419pt too wide) in paragraph at lines 234--249
 [][] 
 []


Package natbib Warning: Citation `shirani2019learning' on page 3 undefined on i
nput line 255.


Package natbib Warning: Citation `peters2018deep' on page 3 undefined on input 
line 255.


Package natbib Warning: Citation `singhal2020iitk' on page 3 undefined on input
 line 255.


Underfull \hbox (badness 5161) in paragraph at lines 255--256
 \OT1/ptm/b/n/10 BiLSTM-ELMo Ap-proach \OT1/ptm/m/n/10 Our BiLSTM-ELMo ap-
 []


Package natbib Warning: Citation `singhal2020iitk' on page 3 undefined on input
 line 257.

<TRANSFORMER_MODEL.jpg, id=22, 1152.305pt x 459.7175pt>
File: TRANSFORMER_MODEL.jpg Graphic file (type jpg)
<use TRANSFORMER_MODEL.jpg>
Package pdftex.def Info: TRANSFORMER_MODEL.jpg  used on input line 261.
(pdftex.def)             Requested size: 455.2979pt x 181.64604pt.

Underfull \hbox (badness 3989) in paragraph at lines 267--268
 \OT1/ptm/b/n/10 Trans-form-ers Ap-proach \OT1/ptm/m/n/10 Our Trans-form-ers ap
-proach
 []

[3 <./word_cloud.png>]
Underfull \hbox (badness 10000) in paragraph at lines 270--271

 []

[4 <./LSTM_MODEL.jpg>]
Underfull \hbox (badness 10000) in paragraph at lines 288--289

 []


Underfull \hbox (badness 3612) in paragraph at lines 290--291
[]\OT1/ptm/m/n/10 In both the Trans-form-ers and BiLSTM-ELMo ap-
 []


Underfull \hbox (badness 1394) in paragraph at lines 302--303
[]\OT1/ptm/m/n/10 Where $\OML/cmm/m/it/10 Y[]$ \OT1/ptm/m/n/10 is the true prob
-a-bil-ity dis-tri-bu-tion for
 []


Underfull \hbox (badness 10000) in paragraph at lines 302--303

 []


Package natbib Warning: Citation `shirani2019learning' on page 5 undefined on i
nput line 335.


Package natbib Warning: Citation `shirani2019learning' on page 5 undefined on i
nput line 335.


LaTeX Warning: `!h' float specifier changed to `!ht'.


Package natbib Warning: Citation `shirani2020let' on page 5 undefined on input 
line 359.

[5 <./TRANSFORMER_MODEL.jpg>]
<results_ex.png, id=33, 838.332pt x 269.20575pt>
File: results_ex.png Graphic file (type png)
<use results_ex.png>
Package pdftex.def Info: results_ex.png  used on input line 390.
(pdftex.def)             Requested size: 227.64894pt x 73.1014pt.


Package natbib Warning: Citation `luo2019hierarchical' on page 6 undefined on i
nput line 449.

No file after_operator1.bbl.

Package natbib Warning: There were undefined citations.

[6 <./results_ex.png>] (after_operator1.aux)
 ***********
LaTeX2e <2023-06-01> patch level 1
L3 programming layer <2023-08-29>
 ***********


LaTeX Warning: Label(s) may have changed. Rerun to get cross-references right.

 ) 
Here is how much of TeX's memory you used:
 5743 strings out of 475247
 99251 string characters out of 5757792
 1948801 words of memory out of 5000000
 27173 multiletter control sequences out of 15000+600000
 581752 words of font info for 80 fonts, out of 8000000 for 9000
 1141 hyphenation exceptions out of 8191
 86i,21n,117p,1153b,507s stack positions out of 10000i,1000n,20000p,200000b,200000s
<C:/Users/orfuc/AppData/Local/Programs/MiKTeX/fonts/type1/public/amsfonts/cm/
cmex10.pfb><C:/Users/orfuc/AppData/Local/Programs/MiKTeX/fonts/type1/public/ams
fonts/cm/cmmi10.pfb><C:/Users/orfuc/AppData/Local/Programs/MiKTeX/fonts/type1/p
ublic/amsfonts/cm/cmmi7.pfb><C:/Users/orfuc/AppData/Local/Programs/MiKTeX/fonts
/type1/public/amsfonts/cm/cmr10.pfb><C:/Users/orfuc/AppData/Local/Programs/MiKT
eX/fonts/type1/public/amsfonts/cm/cmr7.pfb><C:/Users/orfuc/AppData/Local/Progra
ms/MiKTeX/fonts/type1/public/amsfonts/cm/cmsy10.pfb><C:/Users/orfuc/AppData/Loc
al/Programs/MiKTeX/fonts/type1/public/amsfonts/cm/cmsy7.pfb><C:/Users/orfuc/App
Data/Local/Programs/MiKTeX/fonts/type1/urw/times/utmb8a.pfb><C:/Users/orfuc/App
Data/Local/Programs/MiKTeX/fonts/type1/urw/times/utmr8a.pfb>
Output written on after_operator1.pdf (6 pages, 1091654 bytes).
PDF statistics:
 76 PDF objects out of 1000 (max. 8388607)
 0 named destinations out of 1000 (max. 500000)
 26 words of extra memory for PDF output out of 10000 (max. 10000000)

