This is pdfTeX, Version 3.141592653-2.6-1.40.25 (MiKTeX 23.9) (preloaded format=pdflatex 2023.9.22)  20 JAN 2024 15:17
entering extended mode
 restricted \write18 enabled.
 %&-line parsing enabled.
**./main_changed.tex
(main_changed.tex
LaTeX2e <2023-06-01> patch level 1
L3 programming layer <2023-08-29>
(C:\Users\micha\AppData\Local\Programs\MiKTeX\tex/latex/base\article.cls
Document Class: article 2023/05/17 v1.4n Standard LaTeX document class
(C:\Users\micha\AppData\Local\Programs\MiKTeX\tex/latex/base\size10.clo
File: size10.clo 2023/05/17 v1.4n Standard LaTeX file (size option)
)
\c@part=\count185
\c@section=\count186
\c@subsection=\count187
\c@subsubsection=\count188
\c@paragraph=\count189
\c@subparagraph=\count190
\c@figure=\count191
\c@table=\count192
\abovecaptionskip=\skip48
\belowcaptionskip=\skip49
\bibindent=\dimen140
)
(aaai24.sty
Package: aaai24 2023/06/26 AAAI 2024 Submission format

Conference Style for AAAI for LaTeX 2e -- version for submission
\titlebox=\skip50
) (C:\Users\micha\AppData\Local\Programs\MiKTeX\tex/latex/psnfss\times.sty
Package: times 2020/03/25 PSNFSS-v9.3 (SPQR) 
)
(C:\Users\micha\AppData\Local\Programs\MiKTeX\tex/latex/psnfss\helvet.sty
Package: helvet 2020/03/25 PSNFSS-v9.3 (WaS) 

(C:\Users\micha\AppData\Local\Programs\MiKTeX\tex/latex/graphics\keyval.sty
Package: keyval 2022/05/29 v1.15 key=value parser (DPC)
\KV@toks@=\toks17
))
(C:\Users\micha\AppData\Local\Programs\MiKTeX\tex/latex/psnfss\courier.sty
Package: courier 2020/03/25 PSNFSS-v9.3 (WaS) 
)
(C:\Users\micha\AppData\Local\Programs\MiKTeX\tex/latex/url\url.sty
\Urlmuskip=\muskip16
Package: url 2013/09/16  ver 3.4  Verb mode for urls, etc.
)
(C:\Users\micha\AppData\Local\Programs\MiKTeX\tex/latex/graphics\graphicx.sty
Package: graphicx 2021/09/16 v1.2d Enhanced LaTeX Graphics (DPC,SPQR)

(C:\Users\micha\AppData\Local\Programs\MiKTeX\tex/latex/graphics\graphics.sty
Package: graphics 2022/03/10 v1.4e Standard LaTeX Graphics (DPC,SPQR)

(C:\Users\micha\AppData\Local\Programs\MiKTeX\tex/latex/graphics\trig.sty
Package: trig 2021/08/11 v1.11 sin cos tan (DPC)
)
(C:\Users\micha\AppData\Local\Programs\MiKTeX\tex/latex/graphics-cfg\graphics.c
fg
File: graphics.cfg 2016/06/04 v1.11 sample graphics configuration
)
Package graphics Info: Driver file: pdftex.def on input line 107.

(C:\Users\micha\AppData\Local\Programs\MiKTeX\tex/latex/graphics-def\pdftex.def
File: pdftex.def 2022/09/22 v1.2b Graphics/color driver for pdftex
))
\Gin@req@height=\dimen141
\Gin@req@width=\dimen142
) (C:\Users\micha\AppData\Local\Programs\MiKTeX\tex/latex/natbib\natbib.sty
Package: natbib 2010/09/13 8.31b (PWD, AO)
\bibhang=\skip51
\bibsep=\skip52
LaTeX Info: Redefining \cite on input line 694.
\c@NAT@ctr=\count193
)
(C:\Users\micha\AppData\Local\Programs\MiKTeX\tex/latex/caption\caption.sty
Package: caption 2023/07/31 v3.6n Customizing captions (AR)

(C:\Users\micha\AppData\Local\Programs\MiKTeX\tex/latex/caption\caption3.sty
Package: caption3 2023/07/31 v2.4d caption3 kernel (AR)
\caption@tempdima=\dimen143
\captionmargin=\dimen144
\caption@leftmargin=\dimen145
\caption@rightmargin=\dimen146
\caption@width=\dimen147
\caption@indent=\dimen148
\caption@parindent=\dimen149
\caption@hangindent=\dimen150
Package caption Info: Standard document class detected.
)
\c@caption@flags=\count194
\c@continuedfloat=\count195
)
(C:\Users\micha\AppData\Local\Programs\MiKTeX\tex/latex/algorithms\algorithm.st
y
Package: algorithm 2009/08/24 v0.1 Document Style `algorithm' - floating enviro
nment
 (C:\Users\micha\AppData\Local\Programs\MiKTeX\tex/latex/float\float.sty
Package: float 2001/11/08 v1.3d Float enhancements (AL)
\c@float@type=\count196
\float@exts=\toks18
\float@box=\box51
\@float@everytoks=\toks19
\@floatcapt=\box52
)
(C:\Users\micha\AppData\Local\Programs\MiKTeX\tex/latex/base\ifthen.sty
Package: ifthen 2022/04/13 v1.1d Standard LaTeX ifthen package (DPC)
)
\@float@every@algorithm=\toks20
\c@algorithm=\count197
)
(C:\Users\micha\AppData\Local\Programs\MiKTeX\tex/latex/algorithms\algorithmic.
sty
Package: algorithmic 2009/08/24 v0.1 Document Style `algorithmic'
\c@ALC@unique=\count198
\c@ALC@line=\count199
\c@ALC@rem=\count266
\c@ALC@depth=\count267
\ALC@tlm=\skip53
\algorithmicindent=\skip54
)
(C:\Users\micha\AppData\Local\Programs\MiKTeX\tex/latex/multirow\multirow.sty
Package: multirow 2021/03/15 v2.8 Span multiple rows of a table
\multirow@colwidth=\skip55
\multirow@cntb=\count268
\multirow@dima=\skip56
\bigstrutjot=\dimen151
)
(C:\Users\micha\AppData\Local\Programs\MiKTeX\tex/latex/booktabs\booktabs.sty
Package: booktabs 2020/01/12 v1.61803398 Publication quality tables
\heavyrulewidth=\dimen152
\lightrulewidth=\dimen153
\cmidrulewidth=\dimen154
\belowrulesep=\dimen155
\belowbottomsep=\dimen156
\aboverulesep=\dimen157
\abovetopsep=\dimen158
\cmidrulesep=\dimen159
\cmidrulekern=\dimen160
\defaultaddspace=\dimen161
\@cmidla=\count269
\@cmidlb=\count270
\@aboverulesep=\dimen162
\@belowrulesep=\dimen163
\@thisruleclass=\count271
\@lastruleclass=\count272
\@thisrulewidth=\dimen164
)
(C:\Users\micha\AppData\Local\Programs\MiKTeX\tex/latex/newfloat\newfloat.sty
Package: newfloat 2023/10/01 v1.2 Defining new floating environments (AR)
)
(C:\Users\micha\AppData\Local\Programs\MiKTeX\tex/latex/listings\listings.sty
\lst@mode=\count273
\lst@gtempboxa=\box53
\lst@token=\toks21
\lst@length=\count274
\lst@currlwidth=\dimen165
\lst@column=\count275
\lst@pos=\count276
\lst@lostspace=\dimen166
\lst@width=\dimen167
\lst@newlines=\count277
\lst@lineno=\count278
\lst@maxwidth=\dimen168

(C:\Users\micha\AppData\Local\Programs\MiKTeX\tex/latex/listings\lstmisc.sty
File: lstmisc.sty 2023/02/27 1.9 (Carsten Heinz)
\c@lstnumber=\count279
\lst@skipnumbers=\count280
\lst@framebox=\box54
)
(C:\Users\micha\AppData\Local\Programs\MiKTeX\tex/latex/listings\listings.cfg
File: listings.cfg 2023/02/27 1.9 listings configuration
))
Package: listings 2023/02/27 1.9 (Carsten Heinz)
\@float@every@listing=\toks22
\c@listing=\count281
(C:\Users\micha\AppData\Local\Programs\MiKTeX\tex/latex/psnfss\pifont.sty
Package: pifont 2020/03/25 PSNFSS-v9.3 Pi font support (SPQR) 
LaTeX Font Info:    Trying to load font information for U+pzd on input line 63.


(C:\Users\micha\AppData\Local\Programs\MiKTeX\tex/latex/psnfss\upzd.fd
File: upzd.fd 2001/06/04 font definitions for U/pzd.
)
LaTeX Font Info:    Trying to load font information for U+psy on input line 64.


(C:\Users\micha\AppData\Local\Programs\MiKTeX\tex/latex/psnfss\upsy.fd
File: upsy.fd 2001/06/04 font definitions for U/psy.
))
(C:\Users\micha\AppData\Local\Programs\MiKTeX\tex/latex/xcolor\xcolor.sty
Package: xcolor 2022/06/12 v2.14 LaTeX color extensions (UK)

(C:\Users\micha\AppData\Local\Programs\MiKTeX\tex/latex/graphics-cfg\color.cfg
File: color.cfg 2016/01/02 v1.6 sample color configuration
)
Package xcolor Info: Driver file: pdftex.def on input line 227.
(C:\Users\micha\AppData\Local\Programs\MiKTeX\tex/latex/graphics\mathcolor.ltx)
Package xcolor Info: Model `cmy' substituted by `cmy0' on input line 1353.
Package xcolor Info: Model `hsb' substituted by `rgb' on input line 1357.
Package xcolor Info: Model `RGB' extended on input line 1369.
Package xcolor Info: Model `HTML' substituted by `rgb' on input line 1371.
Package xcolor Info: Model `Hsb' substituted by `hsb' on input line 1372.
Package xcolor Info: Model `tHsb' substituted by `hsb' on input line 1373.
Package xcolor Info: Model `HSB' substituted by `hsb' on input line 1374.
Package xcolor Info: Model `Gray' substituted by `gray' on input line 1375.
Package xcolor Info: Model `wave' substituted by `hsb' on input line 1376.
) (C:\Users\micha\AppData\Local\Programs\MiKTeX\tex/latex/colortbl\colortbl.sty
Package: colortbl 2022/06/20 v1.0f Color table columns (DPC)
(C:\Users\micha\AppData\Local\Programs\MiKTeX\tex/latex/tools\array.sty
Package: array 2022/09/04 v2.5g Tabular extension package (FMi)
\col@sep=\dimen169
\ar@mcellbox=\box55
\extrarowheight=\dimen170
\NC@list=\toks23
\extratabsurround=\skip57
\backup@length=\skip58
\ar@cellbox=\box56
)
\everycr=\toks24
\minrowclearance=\skip59
\rownum=\count282
)
(C:\Users\micha\AppData\Local\Programs\MiKTeX\tex/latex/amsmath\amsmath.sty
Package: amsmath 2023/05/13 v2.17o AMS math features
\@mathmargin=\skip60

For additional information on amsmath, use the `?' option.
(C:\Users\micha\AppData\Local\Programs\MiKTeX\tex/latex/amsmath\amstext.sty
Package: amstext 2021/08/26 v2.01 AMS text

(C:\Users\micha\AppData\Local\Programs\MiKTeX\tex/latex/amsmath\amsgen.sty
File: amsgen.sty 1999/11/30 v2.0 generic functions
\@emptytoks=\toks25
\ex@=\dimen171
))
(C:\Users\micha\AppData\Local\Programs\MiKTeX\tex/latex/amsmath\amsbsy.sty
Package: amsbsy 1999/11/29 v1.2d Bold Symbols
\pmbraise@=\dimen172
)
(C:\Users\micha\AppData\Local\Programs\MiKTeX\tex/latex/amsmath\amsopn.sty
Package: amsopn 2022/04/08 v2.04 operator names
)
\inf@bad=\count283
LaTeX Info: Redefining \frac on input line 234.
\uproot@=\count284
\leftroot@=\count285
LaTeX Info: Redefining \overline on input line 399.
LaTeX Info: Redefining \colon on input line 410.
\classnum@=\count286
\DOTSCASE@=\count287
LaTeX Info: Redefining \ldots on input line 496.
LaTeX Info: Redefining \dots on input line 499.
LaTeX Info: Redefining \cdots on input line 620.
\Mathstrutbox@=\box57
\strutbox@=\box58
LaTeX Info: Redefining \big on input line 722.
LaTeX Info: Redefining \Big on input line 723.
LaTeX Info: Redefining \bigg on input line 724.
LaTeX Info: Redefining \Bigg on input line 725.
\big@size=\dimen173
LaTeX Font Info:    Redeclaring font encoding OML on input line 743.
LaTeX Font Info:    Redeclaring font encoding OMS on input line 744.
\macc@depth=\count288
LaTeX Info: Redefining \bmod on input line 905.
LaTeX Info: Redefining \pmod on input line 910.
LaTeX Info: Redefining \smash on input line 940.
LaTeX Info: Redefining \relbar on input line 970.
LaTeX Info: Redefining \Relbar on input line 971.
\c@MaxMatrixCols=\count289
\dotsspace@=\muskip17
\c@parentequation=\count290
\dspbrk@lvl=\count291
\tag@help=\toks26
\row@=\count292
\column@=\count293
\maxfields@=\count294
\andhelp@=\toks27
\eqnshift@=\dimen174
\alignsep@=\dimen175
\tagshift@=\dimen176
\tagwidth@=\dimen177
\totwidth@=\dimen178
\lineht@=\dimen179
\@envbody=\toks28
\multlinegap=\skip61
\multlinetaggap=\skip62
\mathdisplay@stack=\toks29
LaTeX Info: Redefining \[ on input line 2953.
LaTeX Info: Redefining \] on input line 2954.
)
(C:\Users\micha\AppData\Local\Programs\MiKTeX\tex/latex/amsfonts\amsfonts.sty
Package: amsfonts 2013/01/14 v3.01 Basic AMSFonts support
\symAMSa=\mathgroup4
\symAMSb=\mathgroup5
LaTeX Font Info:    Redeclaring math symbol \hbar on input line 98.
LaTeX Font Info:    Overwriting math alphabet `\mathfrak' in version `bold'
(Font)                  U/euf/m/n --> U/euf/b/n on input line 106.
)
(C:\Users\micha\AppData\Local\Programs\MiKTeX\tex/latex/amsfonts\amssymb.sty
Package: amssymb 2013/01/14 v3.01 AMS font symbols
)
(C:\Users\micha\AppData\Local\Programs\MiKTeX\tex/latex/tools\bm.sty
Package: bm 2022/01/05 v1.2f Bold Symbol Support (DPC/FMi)
\symboldoperators=\mathgroup6
\symboldletters=\mathgroup7
\symboldsymbols=\mathgroup8
Package bm Info: No bold for \OMX/cmex/m/n, using \pmb.
Package bm Info: No bold for \U/msa/m/n, using \pmb.
Package bm Info: No bold for \U/msb/m/n, using \pmb.
LaTeX Font Info:    Redeclaring math alphabet \mathbf on input line 149.
)
(C:\Users\micha\AppData\Local\Programs\MiKTeX\tex/latex/tools\xspace.sty
Package: xspace 2014/10/28 v1.13 Space after command names (DPC,MH)
)
LaTeX Font Info:    Trying to load font information for OT1+ptm on input line 2
15.

(C:\Users\micha\AppData\Local\Programs\MiKTeX\tex/latex/psnfss\ot1ptm.fd
File: ot1ptm.fd 2001/06/04 font definitions for OT1/ptm.
)
(C:\Users\micha\AppData\Local\Programs\MiKTeX\tex/latex/l3backend\l3backend-pdf
tex.def
File: l3backend-pdftex.def 2023-04-19 L3 backend support: PDF output (pdfTeX)
\l__color_backend_stack_int=\count295
\l__pdf_internal_box=\box59
) (main_changed.aux)
\openout1 = `main_changed.aux'.

LaTeX Font Info:    Checking defaults for OML/cmm/m/it on input line 215.
LaTeX Font Info:    ... okay on input line 215.
LaTeX Font Info:    Checking defaults for OMS/cmsy/m/n on input line 215.
LaTeX Font Info:    ... okay on input line 215.
LaTeX Font Info:    Checking defaults for OT1/cmr/m/n on input line 215.
LaTeX Font Info:    ... okay on input line 215.
LaTeX Font Info:    Checking defaults for T1/cmr/m/n on input line 215.
LaTeX Font Info:    ... okay on input line 215.
LaTeX Font Info:    Checking defaults for TS1/cmr/m/n on input line 215.
LaTeX Font Info:    ... okay on input line 215.
LaTeX Font Info:    Checking defaults for OMX/cmex/m/n on input line 215.
LaTeX Font Info:    ... okay on input line 215.
LaTeX Font Info:    Checking defaults for U/cmr/m/n on input line 215.
LaTeX Font Info:    ... okay on input line 215.

(C:\Users\micha\AppData\Local\Programs\MiKTeX\tex/context/base/mkii\supp-pdf.mk
ii
[Loading MPS to PDF converter (version 2006.09.02).]
\scratchcounter=\count296
\scratchdimen=\dimen180
\scratchbox=\box60
\nofMPsegments=\count297
\nofMParguments=\count298
\everyMPshowfont=\toks30
\MPscratchCnt=\count299
\MPscratchDim=\dimen181
\MPnumerator=\count300
\makeMPintoPDFobject=\count301
\everyMPtoPDFconversion=\toks31
)
(C:\Users\micha\AppData\Local\Programs\MiKTeX\tex/latex/epstopdf-pkg\epstopdf-b
ase.sty
Package: epstopdf-base 2020-01-24 v2.11 Base part for package epstopdf
Package epstopdf-base Info: Redefining graphics rule for `.eps' on input line 4
85.

(C:\Users\micha\AppData\Local\Programs\MiKTeX\tex/latex/00miktex\epstopdf-sys.c
fg
File: epstopdf-sys.cfg 2021/03/18 v2.0 Configuration of epstopdf for MiKTeX
))
Package caption Info: Begin \AtBeginDocument code.
Package caption Info: float package is loaded.
Package caption Info: listings package is loaded.
Package caption Info: End \AtBeginDocument code.
Package newfloat Info: `float' package detected.
\c@lstlisting=\count302
\c@eqfn=\count303
\c@eqca=\count304
\titlearea=\box61
LaTeX Font Info:    Trying to load font information for U+msa on input line 216
.
 (C:\Users\micha\AppData\Local\Programs\MiKTeX\tex/latex/amsfonts\umsa.fd
File: umsa.fd 2013/01/14 v3.01 AMS symbols A
)
LaTeX Font Info:    Trying to load font information for U+msb on input line 216
.

(C:\Users\micha\AppData\Local\Programs\MiKTeX\tex/latex/amsfonts\umsb.fd
File: umsb.fd 2013/01/14 v3.01 AMS symbols B
)
LaTeX Font Info:    Trying to load font information for TS1+ptm on input line 2
16.

(C:\Users\micha\AppData\Local\Programs\MiKTeX\tex/latex/psnfss\ts1ptm.fd
File: ts1ptm.fd 2001/06/04 font definitions for TS1/ptm.
)
\actualheight=\skip63
<fig/fig1.pdf, id=1, 266.32298pt x 192.52708pt>
File: fig/fig1.pdf Graphic file (type pdf)
<use fig/fig1.pdf>
Package pdftex.def Info: fig/fig1.pdf  used on input line 225.
(pdftex.def)             Requested size: 239.39438pt x 173.06418pt.


Package natbib Warning: Citation `mcmahan2017communication' on page 1 undefined
 on input line 230.


Package natbib Warning: Citation `li2018federated' on page 1 undefined on input
 line 230.


Package natbib Warning: Citation `karimireddy2019scaffold' on page 1 undefined 
on input line 230.


Package natbib Warning: Citation `zhu2019deep' on page 1 undefined on input lin
e 230.


Package natbib Warning: Citation `li2019fedmd' on page 1 undefined on input lin
e 230.


Package natbib Warning: Citation `gong2022preserving' on page 1 undefined on in
put line 230.


Package natbib Warning: Citation `mcmahan2017communication' on page 1 undefined
 on input line 230.


Package natbib Warning: Citation `li2018federated' on page 1 undefined on input
 line 230.


Package natbib Warning: Citation `karimireddy2019scaffold' on page 1 undefined 
on input line 230.


Package natbib Warning: Citation `zhu2019deep' on page 1 undefined on input lin
e 230.


Package natbib Warning: Citation `li2019fedmd' on page 1 undefined on input lin
e 230.


Package natbib Warning: Citation `gong2022preserving' on page 1 undefined on in
put line 230.


LaTeX Warning: `h' float specifier changed to `ht'.


Package natbib Warning: Citation `mcmahan2017communication' on page 1 undefined
 on input line 241.


Package natbib Warning: Citation `li2018federated' on page 1 undefined on input
 line 241.


Package natbib Warning: Citation `karimireddy2019scaffold' on page 1 undefined 
on input line 241.


Package natbib Warning: Citation `wang2020federated' on page 1 undefined on inp
ut line 241.


Package natbib Warning: Citation `li2019fair' on page 1 undefined on input line
 241.


Package natbib Warning: Citation `hsu2020federated' on page 1 undefined on inpu
t line 241.


Package natbib Warning: Citation `chang2019cronus' on page 1 undefined on input
 line 242.


Package natbib Warning: Citation `zhu2019deep' on page 1 undefined on input lin
e 242.


Package natbib Warning: Citation `geiping2020inverting' on page 1 undefined on 
input line 242.

[1{C:/Users/micha/AppData/Local/MiKTeX/fonts/map/pdftex/pdftex.map}{C:/Users/mi
cha/AppData/Local/Programs/MiKTeX/fonts/enc/dvips/base/8r.enc}



 <./fig/fig1.pdf>]

Package natbib Warning: Citation `li2019fedmd' on page 2 undefined on input lin
e 248.


Package natbib Warning: Citation `lin2020ensemble' on page 2 undefined on input
 line 248.


Package natbib Warning: Citation `gong2022preserving' on page 2 undefined on in
put line 248.


Package natbib Warning: Citation `zhu2021data' on page 2 undefined on input lin
e 251.


Package natbib Warning: Citation `zhang2022fedzkt' on page 2 undefined on input
 line 251.


Package natbib Warning: Citation `zhang2022fine' on page 2 undefined on input l
ine 251.



pdfTeX warning: pdflatex.exe (file ./fig/fig2_new.pdf): PDF inclusion: found PD
F version <1.7>, but at most version <1.5> allowed
<fig/fig2_new.pdf, id=70, 757.51709pt x 293.26463pt>
File: fig/fig2_new.pdf Graphic file (type pdf)
<use fig/fig2_new.pdf>
Package pdftex.def Info: fig/fig2_new.pdf  used on input line 257.
(pdftex.def)             Requested size: 505.89pt x 195.85085pt.

Package natbib Warning: Citation `torkzadehmahani2019dp' on page 2 undefined on
 input line 269.


Package natbib Warning: Citation `chen2020gs' on page 2 undefined on input line
 269.


Package natbib Warning: Citation `zhu2021data' on page 2 undefined on input lin
e 271.


Package natbib Warning: Citation `zhang2022fedzkt' on page 2 undefined on input
 line 271.


Package natbib Warning: Citation `zhang2022fine' on page 2 undefined on input l
ine 271.


Package natbib Warning: Citation `hinton2015distilling' on page 2 undefined on 
input line 291.


Package natbib Warning: Citation `asif2019ensemble' on page 2 undefined on inpu
t line 292.


Package natbib Warning: Citation `xiang2020learning' on page 2 undefined on inp
ut line 292.


Package natbib Warning: Citation `wu2019distilled' on page 2 undefined on input
 line 292.


Package natbib Warning: Citation `fang2019data' on page 2 undefined on input li
ne 292.


Package natbib Warning: Citation `chen2019data' on page 2 undefined on input li
ne 292.


Package natbib Warning: Citation `yin2020dreaming' on page 2 undefined on input
 line 292.


Package natbib Warning: Citation `nayak2019zero' on page 2 undefined on input l
ine 292.


Package natbib Warning: Citation `mcmahan2017communication' on page 2 undefined
 on input line 302.


Package natbib Warning: Citation `hsu2019measuring' on page 2 undefined on inpu
t line 302.


Package natbib Warning: Citation `li2018federated' on page 2 undefined on input
 line 302.


Package natbib Warning: Citation `jeong2018communication' on page 2 undefined o
n input line 302.


Package natbib Warning: Citation `li2019fedmd' on page 2 undefined on input lin
e 302.


Package natbib Warning: Citation `chang2019cronus' on page 2 undefined on input
 line 302.


Package natbib Warning: Citation `li2021practical' on page 2 undefined on input
 line 302.


Package natbib Warning: Citation `lin2020ensemble' on page 2 undefined on input
 line 302.


Package natbib Warning: Citation `gong2022preserving' on page 2 undefined on in
put line 302.


Package natbib Warning: Citation `zhu2021data' on page 2 undefined on input lin
e 303.


Package natbib Warning: Citation `zhang2022fedzkt' on page 2 undefined on input
 line 303.


Package natbib Warning: Citation `zhang2022fine' on page 2 undefined on input l
ine 303.


Package natbib Warning: Citation `gong2022federated' on page 2 undefined on inp
ut line 315.


Package natbib Warning: Citation `li2021practical' on page 2 undefined on input
 line 315.

[2]

Package natbib Warning: Citation `goodfellow2020generative' on page 3 undefined
 on input line 331.


Package natbib Warning: Citation `radford2015unsupervised' on page 3 undefined 
on input line 331.


Underfull \vbox (badness 10000) has occurred while \output is active []

 [3 <./fig/fig2_new.pdf>]

Package natbib Warning: Citation `hinton2015distilling' on page 4 undefined on 
input line 383.


Underfull \hbox (badness 4084) in paragraph at lines 441--443
[] []\OT1/ptm/m/n/10 Update $\OML/cmm/m/it/10 G$ \OT1/ptm/m/n/10 by de-scend-in
g its stochas-tic gra-di-ent
 []


Underfull \hbox (badness 4556) in paragraph at lines 443--445
[] []\OT1/ptm/m/n/10 Update $\OML/cmm/m/it/10 S$ \OT1/ptm/m/n/10 by de-scend-in
g its stochas-tic gra-di-ent
 []


Package natbib Warning: Citation `hinton2015distilling' on page 4 undefined on 
input line 450.

[4]

LaTeX Warning: No positions in optional float specifier.
               Default added (so using `tbp') on input line 536.


Package natbib Warning: Citation `mcmahan2017communication' on page 5 undefined
 on input line 624.


Package natbib Warning: Citation `li2018federated' on page 5 undefined on input
 line 624.


Package natbib Warning: Citation `hsu2019measuring' on page 5 undefined on inpu
t line 624.


Package natbib Warning: Citation `zhu2021data' on page 5 undefined on input lin
e 624.


Package natbib Warning: Citation `lin2020ensemble' on page 5 undefined on input
 line 624.


Package natbib Warning: Citation `li2019fedmd' on page 5 undefined on input lin
e 624.


Package natbib Warning: Citation `gong2022preserving' on page 5 undefined on in
put line 624.


Package natbib Warning: Citation `lin2020ensemble' on page 5 undefined on input
 line 628.


Package natbib Warning: Citation `zhu2021data' on page 5 undefined on input lin
e 628.


Package natbib Warning: Citation `lin2020ensemble' on page 5 undefined on input
 line 628.


Package natbib Warning: Citation `zhu2021data' on page 5 undefined on input lin
e 628.


Package natbib Warning: Citation `hsu2019measuring' on page 5 undefined on inpu
t line 636.


Package natbib Warning: Citation `lin2020ensemble' on page 5 undefined on input
 line 638.


Package natbib Warning: Citation `menze2014multimodal' on page 5 undefined on i
nput line 649.


Package natbib Warning: Citation `bakas2018identifying' on page 5 undefined on 
input line 649.


Package natbib Warning: Citation `chang2020synthetic' on page 5 undefined on in
put line 653.


Package natbib Warning: Citation `chang2020synthetic' on page 5 undefined on in
put line 653.


LaTeX Warning: `h' float specifier changed to `ht'.


Package natbib Warning: Citation `chang2020synthetic' on page 5 undefined on in
put line 684.


Package natbib Warning: Citation `johnson2016perceptual' on page 5 undefined on
 input line 684.


Package natbib Warning: Citation `chang2020synthetic' on page 5 undefined on in
put line 695.


Overfull \hbox (4.11452pt too wide) in paragraph at lines 718--718
[][] 
 []


Package natbib Warning: Citation `chang2020synthetic' on page 5 undefined on in
put line 720.


Package natbib Warning: Citation `chang2020synthetic' on page 5 undefined on in
put line 720.


Package natbib Warning: Citation `kumar2017dataset' on page 5 undefined on inpu
t line 727.


Package natbib Warning: Citation `vu2019methods' on page 5 undefined on input l
ine 727.


Package natbib Warning: Citation `naylor2018segmentation' on page 5 undefined o
n input line 727.


Package natbib Warning: Citation `chang2020synthetic' on page 5 undefined on in
put line 789.


Package natbib Warning: Citation `johnson2016perceptual' on page 5 undefined on
 input line 789.


Package natbib Warning: Citation `chen2016dcan' on page 5 undefined on input li
ne 790.


Package natbib Warning: Citation `vu2019methods' on page 5 undefined on input l
ine 790.

<fig/fig3.pdf, id=150, 685.5833pt x 538.05197pt>
File: fig/fig3.pdf Graphic file (type pdf)
<use fig/fig3.pdf>
Package pdftex.def Info: fig/fig3.pdf  used on input line 813.
(pdftex.def)             Requested size: 239.39438pt x 187.87767pt.

LaTeX Warning: `h' float specifier changed to `ht'.


Package natbib Warning: Citation `chang2020synthetic' on page 5 undefined on in
put line 821.


Package natbib Warning: Citation `chang2020synthetic' on page 5 undefined on in
put line 823.

[5]

Package natbib Warning: Citation `chang2020synthetic' on page 6 undefined on in
put line 830.


Package natbib Warning: Citation `mcmahan2017communication' on page 6 undefined
 on input line 830.


LaTeX Warning: `h' float specifier changed to `ht'.


Package natbib Warning: Citation `torkzadehmahani2019dp' on page 6 undefined on
 input line 862.


Package natbib Warning: Citation `chen2020gs' on page 6 undefined on input line
 862.


Package natbib Warning: Citation `papernot2018scalable' on page 6 undefined on 
input line 862.


Package natbib Warning: Citation `gong2022preserving' on page 6 undefined on in
put line 862.

[6 <./fig/fig3.pdf>]

pdfTeX warning: pdflatex.exe (file ./fig/fig6.pdf): PDF inclusion: found PDF ve
rsion <1.7>, but at most version <1.5> allowed
<fig/fig6.pdf, id=179, 717.59492pt x 255.95625pt>
File: fig/fig6.pdf Graphic file (type pdf)
<use fig/fig6.pdf>
Package pdftex.def Info: fig/fig6.pdf  used on input line 870.
(pdftex.def)             Requested size: 227.42392pt x 81.11874pt.

Package natbib Warning: Citation `zhu2019deep' on page 7 undefined on input lin
e 891.


Package natbib Warning: Citation `mcmahan2017communication' on page 7 undefined
 on input line 892.


Underfull \hbox (badness 1077) in paragraph at lines 905--906
\OT1/ptm/m/n/10 cial Nat-u-ral Sci-ence Foun-da-tion of China un-der Grant
 []


Underfull \hbox (badness 2173) in paragraph at lines 905--906
\OT1/ptm/m/n/10 No. D24F020011, Bei-jing Nat-u-ral Sci-ence Foun-da-tion
 []


Underfull \hbox (badness 1163) in paragraph at lines 907--907
\OT1/ptm/m/n/10 maxime?Pariatur to-tam nesci-unt con-secte-tur, as-sumenda
 []

[7 <./fig/fig6.pdf>]
Underfull \vbox (badness 10000) has occurred while \output is active []


Underfull \vbox (badness 10000) has occurred while \output is active []

 [8]
Underfull \vbox (badness 10000) has occurred while \output is active []


Underfull \vbox (badness 10000) has occurred while \output is active []

 [9]
[10

]
No file main_changed.bbl.

Package natbib Warning: Citation `fang2021mosaicking' on page 11 undefined on i
nput line 923.


Package natbib Warning: Citation `lin2020ensemble' on page 11 undefined on inpu
t line 923.


Package natbib Warning: Citation `szegedy2017inception' on page 11 undefined on
 input line 928.


Package natbib Warning: Citation `deng2009imagenet' on page 11 undefined on inp
ut line 928.


Package natbib Warning: Citation `lin2020ensemble' on page 11 undefined on inpu
t line 949.


Package natbib Warning: Citation `hsu2020federated' on page 11 undefined on inp
ut line 949.


Package natbib Warning: Citation `hinton2015distilling' on page 11 undefined on
 input line 949.


Package natbib Warning: Citation `lin2020ensemble' on page 11 undefined on inpu
t line 949.


Package natbib Warning: Citation `hsu2020federated' on page 11 undefined on inp
ut line 949.


Package natbib Warning: Citation `hinton2015distilling' on page 11 undefined on
 input line 949.


Package natbib Warning: Citation `lin2020ensemble' on page 11 undefined on inpu
t line 972.


Package natbib Warning: Citation `hsu2020federated' on page 11 undefined on inp
ut line 972.


Package natbib Warning: Citation `lin2020ensemble' on page 11 undefined on inpu
t line 972.


Package natbib Warning: Citation `hsu2020federated' on page 11 undefined on inp
ut line 972.

<fig/sfig1.pdf, id=226, 666.13197pt x 685.2635pt>
File: fig/sfig1.pdf Graphic file (type pdf)
<use fig/sfig1.pdf>
Package pdftex.def Info: fig/sfig1.pdf  used on input line 980.
(pdftex.def)             Requested size: 239.39438pt x 246.26596pt.

Package natbib Warning: Citation `chang2020synthetic' on page 11 undefined on i
nput line 982.


Package natbib Warning: Citation `mcmahan2017communication' on page 11 undefine
d on input line 982.


Package natbib Warning: Citation `chang2020synthetic' on page 11 undefined on i
nput line 982.


Package natbib Warning: Citation `mcmahan2017communication' on page 11 undefine
d on input line 982.


Underfull \hbox (badness 1708) in paragraph at lines 982--982
\OT1/ptm/m/n/10 each method's seg-men-ta-tion pre-dic-tion as well as the
 []


LaTeX Warning: `h' float specifier changed to `ht'.


Package natbib Warning: Citation `menze2014multimodal' on page 11 undefined on 
input line 988.


Package natbib Warning: Citation `bakas2018identifying' on page 11 undefined on
 input line 988.


Package natbib Warning: Citation `chang2020synthetic' on page 11 undefined on i
nput line 989.


Package natbib Warning: Citation `chang2020synthetic' on page 11 undefined on i
nput line 989.


Package natbib Warning: Citation `chang2020synthetic' on page 11 undefined on i
nput line 989.


Package natbib Warning: Citation `he2016deep' on page 11 undefined on input lin
e 989.


Package natbib Warning: Citation `isola2017image' on page 11 undefined on input
 line 989.


Package natbib Warning: Citation `ronneberger2015u' on page 11 undefined on inp
ut line 989.


Package natbib Warning: Citation `chang2020synthetic' on page 11 undefined on i
nput line 989.


Package natbib Warning: Citation `chang2020synthetic' on page 11 undefined on i
nput line 992.


Package natbib Warning: Citation `chang2020synthetic' on page 11 undefined on i
nput line 992.


Package natbib Warning: Citation `johnson2016perceptual' on page 11 undefined o
n input line 992.


Package natbib Warning: Citation `mcmahan2017communication' on page 11 undefine
d on input line 1002.


Package natbib Warning: Citation `chang2020synthetic' on page 11 undefined on i
nput line 1002.

[11

]

Package natbib Warning: Citation `kumar2017dataset' on page 12 undefined on inp
ut line 1008.


Package natbib Warning: Citation `vu2019methods' on page 12 undefined on input 
line 1011.


Package natbib Warning: Citation `naylor2018segmentation' on page 12 undefined 
on input line 1014.


Package natbib Warning: Citation `vu2019methods' on page 12 undefined on input 
line 1045.


Package natbib Warning: Citation `kumar2017dataset' on page 12 undefined on inp
ut line 1045.


Package natbib Warning: Citation `naylor2018segmentation' on page 12 undefined 
on input line 1045.


Package natbib Warning: Citation `vu2019methods' on page 12 undefined on input 
line 1045.


Package natbib Warning: Citation `kumar2017dataset' on page 12 undefined on inp
ut line 1045.


Package natbib Warning: Citation `naylor2018segmentation' on page 12 undefined 
on input line 1045.

<fig/sfig2.pdf, id=231, 735.50658pt x 529.9218pt>
File: fig/sfig2.pdf Graphic file (type pdf)
<use fig/sfig2.pdf>
Package pdftex.def Info: fig/sfig2.pdf  used on input line 1052.
(pdftex.def)             Requested size: 239.39438pt x 172.4732pt.

Package natbib Warning: Citation `chang2020synthetic' on page 12 undefined on i
nput line 1054.


Package natbib Warning: Citation `chang2020synthetic' on page 12 undefined on i
nput line 1054.


Package natbib Warning: Citation `chang2020synthetic' on page 12 undefined on i
nput line 1060.


Package natbib Warning: Citation `he2016deep' on page 12 undefined on input lin
e 1060.


Package natbib Warning: Citation `isola2017image' on page 12 undefined on input
 line 1060.


Package natbib Warning: Citation `ronneberger2015u' on page 12 undefined on inp
ut line 1060.


Package natbib Warning: Citation `chang2020synthetic' on page 12 undefined on i
nput line 1060.


Package natbib Warning: Citation `chang2020synthetic' on page 12 undefined on i
nput line 1064.


Package natbib Warning: Citation `johnson2016perceptual' on page 12 undefined o
n input line 1064.


Package natbib Warning: Citation `chang2020synthetic' on page 12 undefined on i
nput line 1067.

[12 <./fig/sfig1.pdf> <./fig/sfig2.pdf>]
<fig/sfig3.pdf, id=273, 891.02325pt x 769.04453pt>
File: fig/sfig3.pdf Graphic file (type pdf)
<use fig/sfig3.pdf>
Package pdftex.def Info: fig/sfig3.pdf  used on input line 1071.
(pdftex.def)             Requested size: 505.89pt x 436.63493pt.


Package natbib Warning: Citation `Guo_2021_CVPR' on page 13 undefined on input 
line 1083.


Package natbib Warning: Citation `gong2022federated' on page 13 undefined on in
put line 1083.


Package natbib Warning: Citation `zbontar2018fastMRI' on page 13 undefined on i
nput line 1083.


Package natbib Warning: Citation `hdtd-5j88-20' on page 13 undefined on input l
ine 1083.


Underfull \hbox (badness 1642) in paragraph at lines 1083--1084
\OT1/ptm/m/n/10 low-ing the prior-art ex-per-i-ment pro-to-col (\OT1/ptm/b/n/10
 ??\OT1/ptm/m/n/10 ), we use
 []


Package natbib Warning: Citation `ronneberger2015u' on page 13 undefined on inp
ut line 1162.


Package natbib Warning: Citation `Guo_2021_CVPR' on page 13 undefined on input 
line 1162.


Package natbib Warning: Citation `gong2022federated' on page 13 undefined on in
put line 1162.


Package natbib Warning: Citation `gong2022federated' on page 13 undefined on in
put line 1164.


Package natbib Warning: Citation `zbontar2018fastMRI' on page 13 undefined on i
nput line 1166.


Package natbib Warning: Citation `hdtd-5j88-20' on page 13 undefined on input l
ine 1168.


Package natbib Warning: Citation `Guo_2021_CVPR' on page 13 undefined on input 
line 1175.


Package natbib Warning: Citation `gong2022federated' on page 13 undefined on in
put line 1177.


Package natbib Warning: Citation `mcmahan2017communication' on page 13 undefine
d on input line 1178.


Package natbib Warning: Citation `Guo_2021_CVPR' on page 13 undefined on input 
line 1178.


Package natbib Warning: Citation `torkzadehmahani2019dp' on page 13 undefined o
n input line 1182.


Package natbib Warning: Citation `chen2020gs' on page 13 undefined on input lin
e 1182.


Package natbib Warning: Citation `papernot2018scalable' on page 13 undefined on
 input line 1182.


Package natbib Warning: Citation `gong2022preserving' on page 13 undefined on i
nput line 1182.

[13] [14 <./fig/sfig3.pdf>]

pdfTeX warning: pdflatex.exe (file ./fig/fig5.pdf): PDF inclusion: found PDF ve
rsion <1.7>, but at most version <1.5> allowed
<fig/fig5.pdf, id=416, 1118.04198pt x 342.29683pt>
File: fig/fig5.pdf Graphic file (type pdf)
<use fig/fig5.pdf>
Package pdftex.def Info: fig/fig5.pdf  used on input line 1220.
(pdftex.def)             Requested size: 239.39438pt x 73.28944pt.

Package natbib Warning: Citation `chang2019cronus' on page 15 undefined on inpu
t line 1229.


Package natbib Warning: Citation `zhu2019deep' on page 15 undefined on input li
ne 1229.


Package natbib Warning: Citation `geiping2020inverting' on page 15 undefined on
 input line 1229.


Package natbib Warning: Citation `zhu2019deep' on page 15 undefined on input li
ne 1230.


Package natbib Warning: Citation `mcmahan2017communication' on page 15 undefine
d on input line 1230.


Package natbib Warning: Citation `mcmahan2017communication' on page 15 undefine
d on input line 1232.


Package natbib Warning: Citation `mcmahan2017communication' on page 15 undefine
d on input line 1232.


Package natbib Warning: There were undefined citations.

[15

 <./fig/fig5.pdf>] (main_changed.aux)
 ***********
LaTeX2e <2023-06-01> patch level 1
L3 programming layer <2023-08-29>
 ***********
 ) 
Here is how much of TeX's memory you used:
 7528 strings out of 475247
 117955 string characters out of 5757792
 1977801 words of memory out of 5000000
 28919 multiletter control sequences out of 15000+600000
 593325 words of font info for 121 fonts, out of 8000000 for 9000
 1141 hyphenation exceptions out of 8191
 57i,20n,65p,16405b,640s stack positions out of 10000i,1000n,20000p,200000b,200000s
<C:/Users/micha/AppData/Local/Programs/MiKTeX/fonts/type1/public/stix/STIXGen
eral-Italic.pfb><C:/Users/micha/AppData/Local/Programs/MiKTeX/fonts/type1/publi
c/stix/STIXGeneral-Regular.pfb><C:/Users/micha/AppData/Local/Programs/MiKTeX/fo
nts/type1/public/amsfonts/cm/cmbx7.pfb><C:/Users/micha/AppData/Local/Programs/M
iKTeX/fonts/type1/public/amsfonts/cm/cmex10.pfb><C:/Users/micha/AppData/Local/P
rograms/MiKTeX/fonts/type1/public/amsfonts/cmextra/cmex7.pfb><C:/Users/micha/Ap
pData/Local/Programs/MiKTeX/fonts/type1/public/amsfonts/cm/cmmi10.pfb><C:/Users
/micha/AppData/Local/Programs/MiKTeX/fonts/type1/public/amsfonts/cm/cmmi5.pfb><
C:/Users/micha/AppData/Local/Programs/MiKTeX/fonts/type1/public/amsfonts/cm/cmm
i7.pfb><C:/Users/micha/AppData/Local/Programs/MiKTeX/fonts/type1/public/amsfont
s/cm/cmmib10.pfb><C:/Users/micha/AppData/Local/Programs/MiKTeX/fonts/type1/publ
ic/amsfonts/cmextra/cmmib7.pfb><C:/Users/micha/AppData/Local/Programs/MiKTeX/fo
nts/type1/public/amsfonts/cm/cmr10.pfb><C:/Users/micha/AppData/Local/Programs/M
iKTeX/fonts/type1/public/amsfonts/cm/cmr5.pfb><C:/Users/micha/AppData/Local/Pro
grams/MiKTeX/fonts/type1/public/amsfonts/cm/cmr7.pfb><C:/Users/micha/AppData/Lo
cal/Programs/MiKTeX/fonts/type1/public/amsfonts/cm/cmsy10.pfb><C:/Users/micha/A
ppData/Local/Programs/MiKTeX/fonts/type1/public/amsfonts/cm/cmsy5.pfb><C:/Users
/micha/AppData/Local/Programs/MiKTeX/fonts/type1/public/amsfonts/cm/cmsy7.pfb><
C:/Users/micha/AppData/Local/Programs/MiKTeX/fonts/type1/public/amsfonts/cm/cms
y9.pfb><C:/Users/micha/AppData/Local/Programs/MiKTeX/fonts/type1/public/amsfont
s/symbols/msam10.pfb><C:/Users/micha/AppData/Local/Programs/MiKTeX/fonts/type1/
public/amsfonts/symbols/msbm10.pfb><C:/Users/micha/AppData/Local/Programs/MiKTe
X/fonts/type1/urw/times/utmb8a.pfb><C:/Users/micha/AppData/Local/Programs/MiKTe
X/fonts/type1/urw/times/utmr8a.pfb><C:/Users/micha/AppData/Local/Programs/MiKTe
X/fonts/type1/urw/times/utmri8a.pfb><C:/Users/micha/AppData/Local/Programs/MiKT
eX/fonts/type1/urw/zapfding/uzdr.pfb>
Output written on main_changed.pdf (15 pages, 8551185 bytes).
PDF statistics:
 606 PDF objects out of 1000 (max. 8388607)
 0 named destinations out of 1000 (max. 500000)
 41 words of extra memory for PDF output out of 10000 (max. 10000000)

