This is pdfTeX, Version 3.141592653-2.6-1.40.25 (MiKTeX 23.9) (preloaded format=pdflatex 2023.9.22)  20 JAN 2024 14:42
entering extended mode
 restricted \write18 enabled.
 %&-line parsing enabled.
**./robust-trees-arXiv_changed.tex
(robust-trees-arXiv_changed.tex
LaTeX2e <2023-06-01> patch level 1
L3 programming layer <2023-08-29>
(C:\Users\micha\AppData\Local\Programs\MiKTeX\tex/latex/base\article.cls
Document Class: article 2023/05/17 v1.4n Standard LaTeX document class
(C:\Users\micha\AppData\Local\Programs\MiKTeX\tex/latex/base\size10.clo
File: size10.clo 2023/05/17 v1.4n Standard LaTeX file (size option)
)
\c@part=\count185
\c@section=\count186
\c@subsection=\count187
\c@subsubsection=\count188
\c@paragraph=\count189
\c@subparagraph=\count190
\c@figure=\count191
\c@table=\count192
\abovecaptionskip=\skip48
\belowcaptionskip=\skip49
\bibindent=\dimen140
)
(aaai24.sty
Package: aaai24 2023/06/26 AAAI 2024 Submission format

Conference Style for AAAI for LaTeX 2e -- version for submission
\titlebox=\skip50
) (C:\Users\micha\AppData\Local\Programs\MiKTeX\tex/latex/psnfss\times.sty
Package: times 2020/03/25 PSNFSS-v9.3 (SPQR) 
)
(C:\Users\micha\AppData\Local\Programs\MiKTeX\tex/latex/psnfss\helvet.sty
Package: helvet 2020/03/25 PSNFSS-v9.3 (WaS) 

(C:\Users\micha\AppData\Local\Programs\MiKTeX\tex/latex/graphics\keyval.sty
Package: keyval 2022/05/29 v1.15 key=value parser (DPC)
\KV@toks@=\toks17
))
(C:\Users\micha\AppData\Local\Programs\MiKTeX\tex/latex/psnfss\courier.sty
Package: courier 2020/03/25 PSNFSS-v9.3 (WaS) 
)
(C:\Users\micha\AppData\Local\Programs\MiKTeX\tex/latex/url\url.sty
\Urlmuskip=\muskip16
Package: url 2013/09/16  ver 3.4  Verb mode for urls, etc.
)
(C:\Users\micha\AppData\Local\Programs\MiKTeX\tex/latex/graphics\graphicx.sty
Package: graphicx 2021/09/16 v1.2d Enhanced LaTeX Graphics (DPC,SPQR)

(C:\Users\micha\AppData\Local\Programs\MiKTeX\tex/latex/graphics\graphics.sty
Package: graphics 2022/03/10 v1.4e Standard LaTeX Graphics (DPC,SPQR)

(C:\Users\micha\AppData\Local\Programs\MiKTeX\tex/latex/graphics\trig.sty
Package: trig 2021/08/11 v1.11 sin cos tan (DPC)
)
(C:\Users\micha\AppData\Local\Programs\MiKTeX\tex/latex/graphics-cfg\graphics.c
fg
File: graphics.cfg 2016/06/04 v1.11 sample graphics configuration
)
Package graphics Info: Driver file: pdftex.def on input line 107.

(C:\Users\micha\AppData\Local\Programs\MiKTeX\tex/latex/graphics-def\pdftex.def
File: pdftex.def 2022/09/22 v1.2b Graphics/color driver for pdftex
))
\Gin@req@height=\dimen141
\Gin@req@width=\dimen142
) (C:\Users\micha\AppData\Local\Programs\MiKTeX\tex/latex/natbib\natbib.sty
Package: natbib 2010/09/13 8.31b (PWD, AO)
\bibhang=\skip51
\bibsep=\skip52
LaTeX Info: Redefining \cite on input line 694.
\c@NAT@ctr=\count193
)
(C:\Users\micha\AppData\Local\Programs\MiKTeX\tex/latex/caption\caption.sty
Package: caption 2023/07/31 v3.6n Customizing captions (AR)

(C:\Users\micha\AppData\Local\Programs\MiKTeX\tex/latex/caption\caption3.sty
Package: caption3 2023/07/31 v2.4d caption3 kernel (AR)
\caption@tempdima=\dimen143
\captionmargin=\dimen144
\caption@leftmargin=\dimen145
\caption@rightmargin=\dimen146
\caption@width=\dimen147
\caption@indent=\dimen148
\caption@parindent=\dimen149
\caption@hangindent=\dimen150
Package caption Info: Standard document class detected.
)
\c@caption@flags=\count194
\c@continuedfloat=\count195
)
(C:\Users\micha\AppData\Local\Programs\MiKTeX\tex/latex/algorithms\algorithm.st
y
Package: algorithm 2009/08/24 v0.1 Document Style `algorithm' - floating enviro
nment
 (C:\Users\micha\AppData\Local\Programs\MiKTeX\tex/latex/float\float.sty
Package: float 2001/11/08 v1.3d Float enhancements (AL)
\c@float@type=\count196
\float@exts=\toks18
\float@box=\box51
\@float@everytoks=\toks19
\@floatcapt=\box52
)
(C:\Users\micha\AppData\Local\Programs\MiKTeX\tex/latex/base\ifthen.sty
Package: ifthen 2022/04/13 v1.1d Standard LaTeX ifthen package (DPC)
)
\@float@every@algorithm=\toks20
\c@algorithm=\count197
)
(C:\Users\micha\AppData\Local\Programs\MiKTeX\tex/latex/algorithms\algorithmic.
sty
Package: algorithmic 2009/08/24 v0.1 Document Style `algorithmic'
\c@ALC@unique=\count198
\c@ALC@line=\count199
\c@ALC@rem=\count266
\c@ALC@depth=\count267
\ALC@tlm=\skip53
\algorithmicindent=\skip54
) (C:\Users\micha\AppData\Local\Programs\MiKTeX\tex/latex/base\inputenc.sty
Package: inputenc 2021/02/14 v1.3d Input encoding file
\inpenc@prehook=\toks21
\inpenc@posthook=\toks22
) (C:\Users\micha\AppData\Local\Programs\MiKTeX\tex/latex/booktabs\booktabs.sty
Package: booktabs 2020/01/12 v1.61803398 Publication quality tables
\heavyrulewidth=\dimen151
\lightrulewidth=\dimen152
\cmidrulewidth=\dimen153
\belowrulesep=\dimen154
\belowbottomsep=\dimen155
\aboverulesep=\dimen156
\abovetopsep=\dimen157
\cmidrulesep=\dimen158
\cmidrulekern=\dimen159
\defaultaddspace=\dimen160
\@cmidla=\count268
\@cmidlb=\count269
\@aboverulesep=\dimen161
\@belowrulesep=\dimen162
\@thisruleclass=\count270
\@lastruleclass=\count271
\@thisrulewidth=\dimen163
) (C:\Users\micha\AppData\Local\Programs\MiKTeX\tex/latex/amsfonts\amsfonts.sty
Package: amsfonts 2013/01/14 v3.01 Basic AMSFonts support
\@emptytoks=\toks23
\symAMSa=\mathgroup4
\symAMSb=\mathgroup5
LaTeX Font Info:    Redeclaring math symbol \hbar on input line 98.
LaTeX Font Info:    Overwriting math alphabet `\mathfrak' in version `bold'
(Font)                  U/euf/m/n --> U/euf/b/n on input line 106.
) (C:\Users\micha\AppData\Local\Programs\MiKTeX\tex/latex/units\nicefrac.sty
Package: nicefrac 1998/08/04 v0.9b Nice fractions
\L@UnitsRaiseDisplaystyle=\skip55
\L@UnitsRaiseTextstyle=\skip56
\L@UnitsRaiseScriptstyle=\skip57
)
(C:\Users\micha\AppData\Local\Programs\MiKTeX\tex/latex/microtype\microtype.sty
Package: microtype 2023/03/13 v3.1a Micro-typographical refinements (RS)
(C:\Users\micha\AppData\Local\Programs\MiKTeX\tex/latex/etoolbox\etoolbox.sty
Package: etoolbox 2020/10/05 v2.5k e-TeX tools for LaTeX (JAW)
\etb@tempcnta=\count272
)
\MT@toks=\toks24
\MT@tempbox=\box53
\MT@count=\count273
LaTeX Info: Redefining \noprotrusionifhmode on input line 1059.
LaTeX Info: Redefining \leftprotrusion on input line 1060.
\MT@prot@toks=\toks25
LaTeX Info: Redefining \rightprotrusion on input line 1078.
LaTeX Info: Redefining \textls on input line 1368.
\MT@outer@kern=\dimen164
LaTeX Info: Redefining \textmicrotypecontext on input line 1988.
\MT@listname@count=\count274

(C:\Users\micha\AppData\Local\Programs\MiKTeX\tex/latex/microtype\microtype-pdf
tex.def
File: microtype-pdftex.def 2023/03/13 v3.1a Definitions specific to pdftex (RS)

LaTeX Info: Redefining \lsstyle on input line 902.
LaTeX Info: Redefining \lslig on input line 902.
\MT@outer@space=\skip58
)
Package microtype Info: Loading configuration file microtype.cfg.

(C:\Users\micha\AppData\Local\Programs\MiKTeX\tex/latex/microtype\microtype.cfg
File: microtype.cfg 2023/03/13 v3.1a microtype main configuration file (RS)
)) (C:\Users\micha\AppData\Local\Programs\MiKTeX\tex/latex/xcolor\xcolor.sty
Package: xcolor 2022/06/12 v2.14 LaTeX color extensions (UK)

(C:\Users\micha\AppData\Local\Programs\MiKTeX\tex/latex/graphics-cfg\color.cfg
File: color.cfg 2016/01/02 v1.6 sample color configuration
)
Package xcolor Info: Driver file: pdftex.def on input line 227.
(C:\Users\micha\AppData\Local\Programs\MiKTeX\tex/latex/graphics\mathcolor.ltx)
Package xcolor Info: Model `cmy' substituted by `cmy0' on input line 1353.
Package xcolor Info: Model `hsb' substituted by `rgb' on input line 1357.
Package xcolor Info: Model `RGB' extended on input line 1369.
Package xcolor Info: Model `HTML' substituted by `rgb' on input line 1371.
Package xcolor Info: Model `Hsb' substituted by `hsb' on input line 1372.
Package xcolor Info: Model `tHsb' substituted by `hsb' on input line 1373.
Package xcolor Info: Model `HSB' substituted by `hsb' on input line 1374.
Package xcolor Info: Model `Gray' substituted by `gray' on input line 1375.
Package xcolor Info: Model `wave' substituted by `hsb' on input line 1376.
) (C:\Users\micha\AppData\Local\Programs\MiKTeX\tex/latex/parskip\parskip.sty
Package: parskip 2021-03-14 v2.0h non-zero parskip adjustments

(C:\Users\micha\AppData\Local\Programs\MiKTeX\tex/latex/kvoptions\kvoptions.sty
Package: kvoptions 2022-06-15 v3.15 Key value format for package options (HO)
(C:\Users\micha\AppData\Local\Programs\MiKTeX\tex/generic/ltxcmds\ltxcmds.sty
Package: ltxcmds 2023-12-04 v1.26 LaTeX kernel commands for general use (HO)
)
(C:\Users\micha\AppData\Local\Programs\MiKTeX\tex/latex/kvsetkeys\kvsetkeys.sty
Package: kvsetkeys 2022-10-05 v1.19 Key value parser (HO)
))) (C:\Users\micha\AppData\Local\Programs\MiKTeX\tex/generic/soul\soul.sty
Package: soul 2023-06-14 v3.1 Permit use of UTF-8 characters in soul (HO)

(C:\Users\micha\AppData\Local\Programs\MiKTeX\tex/generic/soul\soul-ori.sty
Package: soul-ori 2023-06-14 v3.1 letterspacing/underlining (mf)
\SOUL@word=\toks26
\SOUL@lasttoken=\toks27
\SOUL@syllable=\toks28
\SOUL@cmds=\toks29
\SOUL@buffer=\toks30
\SOUL@token=\toks31
\SOUL@syllgoal=\dimen165
\SOUL@syllwidth=\dimen166
\SOUL@charkern=\dimen167
\SOUL@hyphkern=\dimen168
\SOUL@dimen=\dimen169
\SOUL@dimeni=\dimen170
\SOUL@minus=\count275
\SOUL@comma=\count276
\SOUL@apo=\count277
\SOUL@grave=\count278
\SOUL@spaceskip=\skip59
\SOUL@ttwidth=\dimen171
\SOUL@uldp=\dimen172
\SOUL@ulht=\dimen173
)
(C:\Users\micha\AppData\Local\Programs\MiKTeX\tex/generic/infwarerr\infwarerr.s
ty
Package: infwarerr 2019/12/03 v1.5 Providing info/warning/error messages (HO)
)
(C:\Users\micha\AppData\Local\Programs\MiKTeX\tex/generic/etexcmds\etexcmds.sty
Package: etexcmds 2019/12/15 v1.7 Avoid name clashes with e-TeX commands (HO)
(C:\Users\micha\AppData\Local\Programs\MiKTeX\tex/generic/iftex\iftex.sty
Package: iftex 2022/02/03 v1.0f TeX engine tests
)))
(C:\Users\micha\AppData\Local\Programs\MiKTeX\tex/latex/tools\bm.sty
Package: bm 2022/01/05 v1.2f Bold Symbol Support (DPC/FMi)
\symboldoperators=\mathgroup6
\symboldletters=\mathgroup7
\symboldsymbols=\mathgroup8
Package bm Info: No bold for \OMX/cmex/m/n, using \pmb.
Package bm Info: No bold for \U/msa/m/n, using \pmb.
Package bm Info: No bold for \U/msb/m/n, using \pmb.
LaTeX Font Info:    Redeclaring math alphabet \mathbf on input line 149.
)
(C:\Users\micha\AppData\Local\Programs\MiKTeX\tex/latex/amsmath\amsmath.sty
Package: amsmath 2023/05/13 v2.17o AMS math features
\@mathmargin=\skip60

For additional information on amsmath, use the `?' option.
(C:\Users\micha\AppData\Local\Programs\MiKTeX\tex/latex/amsmath\amstext.sty
Package: amstext 2021/08/26 v2.01 AMS text

(C:\Users\micha\AppData\Local\Programs\MiKTeX\tex/latex/amsmath\amsgen.sty
File: amsgen.sty 1999/11/30 v2.0 generic functions
\@emptytoks=\toks32
\ex@=\dimen174
))
(C:\Users\micha\AppData\Local\Programs\MiKTeX\tex/latex/amsmath\amsbsy.sty
Package: amsbsy 1999/11/29 v1.2d Bold Symbols
LaTeX Info: Redefining \boldsymbol on input line 28.
\pmbraise@=\dimen175
)
(C:\Users\micha\AppData\Local\Programs\MiKTeX\tex/latex/amsmath\amsopn.sty
Package: amsopn 2022/04/08 v2.04 operator names
)
\inf@bad=\count279
LaTeX Info: Redefining \frac on input line 234.
\uproot@=\count280
\leftroot@=\count281
LaTeX Info: Redefining \overline on input line 399.
LaTeX Info: Redefining \colon on input line 410.
\classnum@=\count282
\DOTSCASE@=\count283
LaTeX Info: Redefining \ldots on input line 496.
LaTeX Info: Redefining \dots on input line 499.
LaTeX Info: Redefining \cdots on input line 620.
\Mathstrutbox@=\box54
\strutbox@=\box55
LaTeX Info: Redefining \big on input line 722.
LaTeX Info: Redefining \Big on input line 723.
LaTeX Info: Redefining \bigg on input line 724.
LaTeX Info: Redefining \Bigg on input line 725.
\big@size=\dimen176
LaTeX Font Info:    Redeclaring font encoding OML on input line 743.
LaTeX Font Info:    Redeclaring font encoding OMS on input line 744.
\macc@depth=\count284
LaTeX Info: Redefining \bmod on input line 905.
LaTeX Info: Redefining \pmod on input line 910.
LaTeX Info: Redefining \smash on input line 940.
LaTeX Info: Redefining \relbar on input line 970.
LaTeX Info: Redefining \Relbar on input line 971.
\c@MaxMatrixCols=\count285
\dotsspace@=\muskip17
\c@parentequation=\count286
\dspbrk@lvl=\count287
\tag@help=\toks33
\row@=\count288
\column@=\count289
\maxfields@=\count290
\andhelp@=\toks34
\eqnshift@=\dimen177
\alignsep@=\dimen178
\tagshift@=\dimen179
\tagwidth@=\dimen180
\totwidth@=\dimen181
\lineht@=\dimen182
\@envbody=\toks35
\multlinegap=\skip61
\multlinetaggap=\skip62
\mathdisplay@stack=\toks36
LaTeX Info: Redefining \[ on input line 2953.
LaTeX Info: Redefining \] on input line 2954.
)
(C:\Users\micha\AppData\Local\Programs\MiKTeX\tex/latex/amsfonts\amssymb.sty
Package: amssymb 2013/01/14 v3.01 AMS font symbols
)
(C:\Users\micha\AppData\Local\Programs\MiKTeX\tex/latex/doublestroke\dsfont.sty
Package: dsfont 1995/08/01 v0.1 Double stroke roman fonts
) (C:\Users\micha\AppData\Local\Programs\MiKTeX\tex/latex/multirow\multirow.sty
Package: multirow 2021/03/15 v2.8 Span multiple rows of a table
\multirow@colwidth=\skip63
\multirow@cntb=\count291
\multirow@dima=\skip64
\bigstrutjot=\dimen183
) (C:\Users\micha\AppData\Local\Programs\MiKTeX\tex/latex/amscls\amsthm.sty
Package: amsthm 2020/05/29 v2.20.6
\thm@style=\toks37
\thm@bodyfont=\toks38
\thm@headfont=\toks39
\thm@notefont=\toks40
\thm@headpunct=\toks41
\thm@preskip=\skip65
\thm@postskip=\skip66
\thm@headsep=\skip67
\dth@everypar=\toks42
)
(C:\Users\micha\AppData\Local\Programs\MiKTeX\tex/latex/jknappen\mathrsfs.sty
Package: mathrsfs 1996/01/01 Math RSFS package v1.0 (jk)
\symrsfs=\mathgroup9
)
(C:\Users\micha\AppData\Local\Programs\MiKTeX\tex/latex/mathtools\mathtools.sty
Package: mathtools 2022/06/29 v1.29 mathematical typesetting tools
(C:\Users\micha\AppData\Local\Programs\MiKTeX\tex/latex/tools\calc.sty
Package: calc 2017/05/25 v4.3 Infix arithmetic (KKT,FJ)
\calc@Acount=\count292
\calc@Bcount=\count293
\calc@Adimen=\dimen184
\calc@Bdimen=\dimen185
\calc@Askip=\skip68
\calc@Bskip=\skip69
LaTeX Info: Redefining \setlength on input line 80.
LaTeX Info: Redefining \addtolength on input line 81.
\calc@Ccount=\count294
\calc@Cskip=\skip70
)
(C:\Users\micha\AppData\Local\Programs\MiKTeX\tex/latex/mathtools\mhsetup.sty
Package: mhsetup 2021/03/18 v1.4 programming setup (MH)
)
\g_MT_multlinerow_int=\count295
\l_MT_multwidth_dim=\dimen186
\origjot=\skip71
\l_MT_shortvdotswithinadjustabove_dim=\dimen187
\l_MT_shortvdotswithinadjustbelow_dim=\dimen188
\l_MT_above_intertext_sep=\dimen189
\l_MT_below_intertext_sep=\dimen190
\l_MT_above_shortintertext_sep=\dimen191
\l_MT_below_shortintertext_sep=\dimen192
\xmathstrut@box=\box56
\xmathstrut@dim=\dimen193
) (C:\Users\micha\AppData\Local\Programs\MiKTeX\tex/latex/tools\xspace.sty
Package: xspace 2014/10/28 v1.13 Space after command names (DPC,MH)
)
(C:\Users\micha\AppData\Local\Programs\MiKTeX\tex/latex/thmtools\thmtools.sty
Package: thmtools 2023/05/04 v0.76
\thmt@toks=\toks43
\c@thmt@dummyctr=\count296

(C:\Users\micha\AppData\Local\Programs\MiKTeX\tex/latex/thmtools\thm-patch.sty
Package: thm-patch 2023/05/04 v0.76

(C:\Users\micha\AppData\Local\Programs\MiKTeX\tex/latex/thmtools\parseargs.sty
Package: parseargs 2023/05/04 v0.76
\@parsespec=\toks44
)) (C:\Users\micha\AppData\Local\Programs\MiKTeX\tex/latex/thmtools\thm-kv.sty
Package: thm-kv 2023/05/04 v0.76
Package thm-kv Info: Theorem names will be uppercased on input line 42.
Package thm-kv Info: kvsetkeys patch (v1.16 or later) on input line 158.
)
(C:\Users\micha\AppData\Local\Programs\MiKTeX\tex/latex/thmtools\thm-autoref.st
y
Package: thm-autoref 2023/05/04 v0.76
 (C:\Users\micha\AppData\Local\Programs\MiKTeX\tex/latex/thmtools\aliasctr.sty
Package: aliasctr 2023/05/04 v0.76
))
(C:\Users\micha\AppData\Local\Programs\MiKTeX\tex/latex/thmtools\thm-listof.sty
Package: thm-listof 2023/05/04 v0.76
)
(C:\Users\micha\AppData\Local\Programs\MiKTeX\tex/latex/thmtools\thm-restate.st
y
Package: thm-restate 2023/05/04 v0.76
)
(C:\Users\micha\AppData\Local\Programs\MiKTeX\tex/latex/thmtools\thm-amsthm.sty
Package: thm-amsthm 2023/05/04 v0.76
\thmt@style@headstyle=\toks45
))
(C:\Users\micha\AppData\Local\Programs\MiKTeX\tex/latex/cleveref\cleveref.sty
Package: cleveref 2018/03/27 v0.21.4 Intelligent cross-referencing
Package cleveref Info: `amsthm' support loaded on input line 3026.
Package cleveref Info: include cross-reference names in hyperlinks on input lin
e 7836.
Package cleveref Info: include cross-reference names in hyperlinks on input lin
e 7852.
)
\c@defn=\count297
\c@theorem=\count298
\c@proposition=\count299
\c@corollary=\count300

(C:\Users\micha\AppData\Local\Programs\MiKTeX\tex/latex/marginnote\marginnote.s
ty
Package: marginnote 2018/08/09 1.4b non floating margin notes for LaTeX
\c@mn@abspage=\count301
) (C:\Users\micha\AppData\Local\Programs\MiKTeX\tex/latex/relsize\relsize.sty
Package: relsize 2013/03/29 ver 4.1
)
LaTeX Font Info:    Trying to load font information for OT1+ptm on input line 2
89.
 (C:\Users\micha\AppData\Local\Programs\MiKTeX\tex/latex/psnfss\ot1ptm.fd
File: ot1ptm.fd 2001/06/04 font definitions for OT1/ptm.
)
(C:\Users\micha\AppData\Local\Programs\MiKTeX\tex/latex/l3backend\l3backend-pdf
tex.def
File: l3backend-pdftex.def 2023-04-19 L3 backend support: PDF output (pdfTeX)
\l__color_backend_stack_int=\count302
\l__pdf_internal_box=\box57
) (robust-trees-arXiv_changed.aux)
\openout1 = `robust-trees-arXiv_changed.aux'.

LaTeX Font Info:    Checking defaults for OML/cmm/m/it on input line 289.
LaTeX Font Info:    ... okay on input line 289.
LaTeX Font Info:    Checking defaults for OMS/cmsy/m/n on input line 289.
LaTeX Font Info:    ... okay on input line 289.
LaTeX Font Info:    Checking defaults for OT1/cmr/m/n on input line 289.
LaTeX Font Info:    ... okay on input line 289.
LaTeX Font Info:    Checking defaults for T1/cmr/m/n on input line 289.
LaTeX Font Info:    ... okay on input line 289.
LaTeX Font Info:    Checking defaults for TS1/cmr/m/n on input line 289.
LaTeX Font Info:    ... okay on input line 289.
LaTeX Font Info:    Checking defaults for OMX/cmex/m/n on input line 289.
LaTeX Font Info:    ... okay on input line 289.
LaTeX Font Info:    Checking defaults for U/cmr/m/n on input line 289.
LaTeX Font Info:    ... okay on input line 289.

(C:\Users\micha\AppData\Local\Programs\MiKTeX\tex/context/base/mkii\supp-pdf.mk
ii
[Loading MPS to PDF converter (version 2006.09.02).]
\scratchcounter=\count303
\scratchdimen=\dimen194
\scratchbox=\box58
\nofMPsegments=\count304
\nofMParguments=\count305
\everyMPshowfont=\toks46
\MPscratchCnt=\count306
\MPscratchDim=\dimen195
\MPnumerator=\count307
\makeMPintoPDFobject=\count308
\everyMPtoPDFconversion=\toks47
)
(C:\Users\micha\AppData\Local\Programs\MiKTeX\tex/latex/epstopdf-pkg\epstopdf-b
ase.sty
Package: epstopdf-base 2020-01-24 v2.11 Base part for package epstopdf
Package epstopdf-base Info: Redefining graphics rule for `.eps' on input line 4
85.

(C:\Users\micha\AppData\Local\Programs\MiKTeX\tex/latex/00miktex\epstopdf-sys.c
fg
File: epstopdf-sys.cfg 2021/03/18 v2.0 Configuration of epstopdf for MiKTeX
))
Package caption Info: Begin \AtBeginDocument code.
Package caption Info: float package is loaded.
Package caption Info: End \AtBeginDocument code.
LaTeX Info: Redefining \microtypecontext on input line 289.
Package microtype Info: Applying patch `item' on input line 289.
Package microtype Info: Applying patch `toc' on input line 289.
Package microtype Info: Applying patch `eqnum' on input line 289.
Package microtype Info: Applying patch `footnote' on input line 289.
Package microtype Info: Applying patch `verbatim' on input line 289.
Package microtype Info: Generating PDF output.
Package microtype Info: Character protrusion enabled (level 2).
Package microtype Info: Using default protrusion set `alltext'.
Package microtype Info: Automatic font expansion enabled (level 2),
(microtype)             stretch: 20, shrink: 20, step: 1, non-selected.
Package microtype Info: Using default expansion set `alltext-nott'.
LaTeX Info: Redefining \showhyphens on input line 289.
Package microtype Info: No adjustment of tracking.
Package microtype Info: No adjustment of interword spacing.
Package microtype Info: No adjustment of character kerning.

(C:\Users\micha\AppData\Local\Programs\MiKTeX\tex/latex/microtype\mt-ptm.cfg
File: mt-ptm.cfg 2006/04/20 v1.7 microtype config. file: Times (RS)
)
\c@eqfn=\count309
\titlearea=\box59
\actualheight=\skip72
LaTeX Font Info:    Trying to load font information for TS1+ptm on input line 2
91.

(C:\Users\micha\AppData\Local\Programs\MiKTeX\tex/latex/psnfss\ts1ptm.fd
File: ts1ptm.fd 2001/06/04 font definitions for TS1/ptm.
)

Package natbib Warning: Citation `song2022learning' on page 1 undefined on inpu
t line 360.


Package natbib Warning: Citation `brodley1996identifying' on page 1 undefined o
n input line 362.


Package natbib Warning: Citation `tanno2019learning' on page 1 undefined on inp
ut line 363.


Package natbib Warning: Citation `lukasik2020does' on page 1 undefined on input
 line 363.


Package natbib Warning: Citation `manwani2013noise' on page 1 undefined on inpu
t line 364.


Package natbib Warning: Citation `yang2019robust' on page 1 undefined on input 
line 364.


Package natbib Warning: Citation `grinsztajn2022tree' on page 1 undefined on in
put line 371.


Package natbib Warning: Citation `kaggle2021state' on page 1 undefined on input
 line 371.


Package natbib Warning: Citation `ghosh2017robust' on page 1 undefined on input
 line 374.


Package natbib Warning: Citation `zhang2018generalized' on page 1 undefined on 
input line 374.


Package natbib Warning: Citation `yang2019robust' on page 1 undefined on input 
line 380.


Package natbib Warning: Citation `wilton2022positive' on page 1 undefined on in
put line 380.

(C:\Users\micha\AppData\Local\Programs\MiKTeX\tex/latex/microtype\mt-cmr.cfg
File: mt-cmr.cfg 2013/05/19 v2.2 microtype config. file: Computer Modern Roman 
(RS)
)
LaTeX Font Info:    Trying to load font information for U+msa on input line 434
.

(C:\Users\micha\AppData\Local\Programs\MiKTeX\tex/latex/amsfonts\umsa.fd
File: umsa.fd 2013/01/14 v3.01 AMS symbols A
)
(C:\Users\micha\AppData\Local\Programs\MiKTeX\tex/latex/microtype\mt-msa.cfg
File: mt-msa.cfg 2006/02/04 v1.1 microtype config. file: AMS symbols (a) (RS)
)
LaTeX Font Info:    Trying to load font information for U+msb on input line 434
.

(C:\Users\micha\AppData\Local\Programs\MiKTeX\tex/latex/amsfonts\umsb.fd
File: umsb.fd 2013/01/14 v3.01 AMS symbols B
)
(C:\Users\micha\AppData\Local\Programs\MiKTeX\tex/latex/microtype\mt-msb.cfg
File: mt-msb.cfg 2005/06/01 v1.0 microtype config. file: AMS symbols (b) (RS)
)
LaTeX Font Info:    Trying to load font information for U+rsfs on input line 43
4.

(C:\Users\micha\AppData\Local\Programs\MiKTeX\tex/latex/jknappen\ursfs.fd
File: ursfs.fd 1998/03/24 rsfs font definition file (jk)
)

Package natbib Warning: Citation `frenay2013classification' on page 1 undefined
 on input line 444.


Package natbib Warning: Citation `song2022learning' on page 1 undefined on inpu
t line 444.


Package natbib Warning: Citation `natarajan2013learning' on page 1 undefined on
 input line 451.


Package natbib Warning: Citation `patrini2017making' on page 1 undefined on inp
ut line 451.


Package natbib Warning: Citation `manwani2013noise' on page 1 undefined on inpu
t line 457.


Package natbib Warning: Citation `ghosh2015making' on page 1 undefined on input
 line 457.


Package natbib Warning: Citation `ghosh2017robust' on page 1 undefined on input
 line 457.


Package natbib Warning: Citation `zhang2018generalized' on page 1 undefined on 
input line 462.


Package natbib Warning: Citation `kim2019nlnl' on page 1 undefined on input lin
e 463.


Package natbib Warning: Citation `wang2019symmetric' on page 1 undefined on inp
ut line 464.


Package natbib Warning: Citation `Lyu2020Curriculum' on page 1 undefined on inp
ut line 465.


Package natbib Warning: Citation `ma2020normalized' on page 1 undefined on inpu
t line 466.

[1{C:/Users/micha/AppData/Local/MiKTeX/fonts/map/pdftex/pdftex.map}{C:/Users/mi
cha/AppData/Local/Programs/MiKTeX/fonts/enc/dvips/base/8r.enc}



]

Package natbib Warning: Citation `breiman1984classification' on page 2 undefine
d on input line 482.


Package natbib Warning: Citation `breiman2001random' on page 2 undefined on inp
ut line 482.


Package natbib Warning: Citation `geurts2006extremely' on page 2 undefined on i
nput line 482.


Package natbib Warning: Citation `breiman1984classification' on page 2 undefine
d on input line 484.


Package natbib Warning: Citation `mantas2014credal' on page 2 undefined on inpu
t line 485.


Package natbib Warning: Citation `ghosh2017robustness' on page 2 undefined on i
nput line 486.


Package natbib Warning: Citation `zhou2019improving' on page 2 undefined on inp
ut line 487.


Package natbib Warning: Citation `yang2019robust' on page 2 undefined on input 
line 489.

Package microtype Info: Loading generic protrusion settings for font family
(microtype)             `cmss' (encoding: OT1).
(microtype)             For optimal results, create family-specific settings.
(microtype)             See the microtype manual for details.

Package natbib Warning: Citation `manwani2013noise' on page 2 undefined on inpu
t line 550.


Package natbib Warning: Citation `ghosh2015making' on page 2 undefined on input
 line 556.


Package natbib Warning: Citation `ghosh2017robust' on page 2 undefined on input
 line 556.


Package natbib Warning: Citation `ghosh2017robust' on page 2 undefined on input
 line 562.

LaTeX Font Info:    Trying to load font information for U+dsrom on input line 5
63.
(C:\Users\micha\AppData\Local\Programs\MiKTeX\tex/latex/doublestroke\udsrom.fd
File: Udsrom.fd 1995/08/01 v0.1 Double stroke roman font definitions
)
Package microtype Info: Fixing zero \fontdimen 6 for font `U/dsrom/m/n/10'
(microtype)             (new value: 10.0pt) on input line 563.
Package microtype Info: Fixing zero \fontdimen 6 for font `U/dsrom/m/n/7'
(microtype)             (new value: 7.0pt) on input line 563.
Package microtype Info: Fixing zero \fontdimen 6 for font `U/dsrom/m/n/5'
(microtype)             (new value: 5.0pt) on input line 563.

Package natbib Warning: Citation `zhang2018generalized' on page 2 undefined on 
input line 569.


Package natbib Warning: Citation `zhang2018generalized' on page 2 undefined on 
input line 572.

[2]

Package natbib Warning: Citation `yang2019robust' on page 3 undefined on input 
line 626.


Package natbib Warning: Citation `wilton2022positive' on page 3 undefined on in
put line 626.


Package natbib Warning: Citation `breiman1984classification' on page 3 undefine
d on input line 652.


Package natbib Warning: Citation `painsky2018universality' on page 3 undefined 
on input line 652.


Package natbib Warning: Citation `yang2019robust' on page 3 undefined on input 
line 652.


Package natbib Warning: Citation `wilton2022positive' on page 3 undefined on in
put line 652.


Package natbib Warning: Citation `ghosh2017robust' on page 3 undefined on input
 line 688.


Package natbib Warning: Citation `zhang2018generalized' on page 3 undefined on 
input line 695.

[3]

Package natbib Warning: Citation `breiman1984classification' on page 4 undefine
d on input line 856.


Package natbib Warning: Citation `breiman1984classification' on page 4 undefine
d on input line 858.


Underfull \hbox (badness 1158) in paragraph at lines 911--911
\OT1/ptm/m/it/10 (+20) dis-tri-bu-tion $[]\OT1/cmr/m/n/10 (0\OML/cmm/m/it/10 ; 
\OT1/cmr/m/n/10 1)$\OT1/ptm/m/it/10 (+20) ; and the ramp loss $\OML/cmm/m/it/10
 `\OT1/cmr/m/n/10 (\OML/cmm/m/it/10 z\OT1/cmr/m/n/10 ) =
 []

<figs/negexp.pdf, id=28, 417.76076pt x 287.4765pt>
File: figs/negexp.pdf Graphic file (type pdf)
<use figs/negexp.pdf>
Package pdftex.def Info: figs/negexp.pdf  used on input line 978.
(pdftex.def)             Requested size: 93.92836pt x 64.6375pt.
<figs/new_impurities.pdf, id=29, 611.68013pt x 288.54988pt>
File: figs/new_impurities.pdf Graphic file (type pdf)
<use figs/new_impurities.pdf>
Package pdftex.def Info: figs/new_impurities.pdf  used on input line 980.
(pdftex.def)             Requested size: 137.01541pt x 64.6375pt.
[4]

Package natbib Warning: Citation `ghosh2017robustness' on page 5 undefined on i
nput line 1067.


Package natbib Warning: Citation `zhang2018generalized' on page 5 undefined on 
input line 1070.

<figs/binary_classification,DT_classfier.pdf, id=37, 2161.85254pt x 354.23277pt
>
File: figs/binary_classification,DT_classfier.pdf Graphic file (type pdf)
<use figs/binary_classification,DT_classfier.pdf>
Package pdftex.def Info: figs/binary_classification,DT_classfier.pdf  used on i
nput line 1095.
(pdftex.def)             Requested size: 490.71391pt x 80.4016pt.

LaTeX Warning: `!h' float specifier changed to `!ht'.

<figs/multiclass_classification,DT_classfier.pdf, id=38, 1800.28174pt x 354.311
19pt>
File: figs/multiclass_classification,DT_classfier.pdf Graphic file (type pdf)
<use figs/multiclass_classification,DT_classfier.pdf>
Package pdftex.def Info: figs/multiclass_classification,DT_classfier.pdf  used 
on input line 1106.
(pdftex.def)             Requested size: 440.12183pt x 86.62047pt.

LaTeX Warning: `!h' float specifier changed to `!ht'.

<figs/binary_classification,RF_classfier.pdf, id=39, 2161.85254pt x 354.23277pt
>
File: figs/binary_classification,RF_classfier.pdf Graphic file (type pdf)
<use figs/binary_classification,RF_classfier.pdf>
Package pdftex.def Info: figs/binary_classification,RF_classfier.pdf  used on i
nput line 1118.
(pdftex.def)             Requested size: 490.71391pt x 80.4016pt.

LaTeX Warning: `!h' float specifier changed to `!ht'.

<figs/multiclass_classification,RF_classfier.pdf, id=40, 1800.45218pt x 354.311
19pt>
File: figs/multiclass_classification,RF_classfier.pdf Graphic file (type pdf)
<use figs/multiclass_classification,RF_classfier.pdf>
Package pdftex.def Info: figs/multiclass_classification,RF_classfier.pdf  used 
on input line 1131.
(pdftex.def)             Requested size: 440.12183pt x 86.60966pt.

LaTeX Warning: `!h' float specifier changed to `!ht'.


Package natbib Warning: Citation `breiman1984classification' on page 5 undefine
d on input line 1146.


Package natbib Warning: Citation `mantas2014credal' on page 5 undefined on inpu
t line 1147.


Package natbib Warning: Citation `zhang2018generalized' on page 5 undefined on 
input line 1148.


Package natbib Warning: Citation `yang2019robust' on page 5 undefined on input 
line 1149.


Package natbib Warning: Citation `ghosh2017robustness' on page 5 undefined on i
nput line 1151.


Package natbib Warning: Citation `misc_covertype_31' on page 5 undefined on inp
ut line 1160.


Package natbib Warning: Citation `lang1995newsweeder' on page 5 undefined on in
put line 1160.


Package natbib Warning: Citation `misc_mushroom_73' on page 5 undefined on inpu
t line 1160.


Package natbib Warning: Citation `lecun1998gradient' on page 5 undefined on inp
ut line 1160.


Package natbib Warning: Citation `krizhevsky2009learning' on page 5 undefined o
n input line 1160.


Package natbib Warning: Citation `moustafa2015unsw' on page 5 undefined on inpu
t line 1160.


Package natbib Warning: Citation `kiryo2017positive' on page 5 undefined on inp
ut line 1182.


Package natbib Warning: Citation `wilton2022positive' on page 5 undefined on in
put line 1182.


Package natbib Warning: Citation `pennington2014glove' on page 5 undefined on i
nput line 1183.

LaTeX Font Info:    Trying to load font information for OT1+pcr on input line 1
188.
(C:\Users\micha\AppData\Local\Programs\MiKTeX\tex/latex/psnfss\ot1pcr.fd
File: ot1pcr.fd 2001/06/04 font definitions for OT1/pcr.
)
Package microtype Info: Loading generic protrusion settings for font family
(microtype)             `pcr' (encoding: OT1).
(microtype)             For optimal results, create family-specific settings.
(microtype)             See the microtype manual for details.


Package natbib Warning: Citation `collobert2001parallel' on page 5 undefined on
 input line 1190.


Package natbib Warning: Citation `chang2011libsvm' on page 5 undefined on input
 line 1192.

[5 <./figs/negexp.pdf> <./figs/new_impurities.pdf>]
Underfull \vbox (badness 3260) has occurred while \output is active []



Package natbib Warning: Citation `pedregosa2011scikit' on page 6 undefined on i
nput line 1206.


Package natbib Warning: Citation `zhang2018generalized' on page 6 undefined on 
input line 1216.


Package natbib Warning: Citation `mantas2014credal' on page 6 undefined on inpu
t line 1217.


Underfull \vbox (badness 1478) has occurred while \output is active []

 [6 <./figs/binary_classification,DT_classfier.pdf> <./figs/multiclass_classifi
cation,DT_classfier.pdf> <./figs/binary_classification,RF_classfier.pdf> <./fig
s/multiclass_classification,RF_classfier.pdf>]
<figs/threshold_tuning.pdf, id=421, 584.82994pt x 773.092pt>
File: figs/threshold_tuning.pdf Graphic file (type pdf)
<use figs/threshold_tuning.pdf>
Package pdftex.def Info: figs/threshold_tuning.pdf  used on input line 1259.
(pdftex.def)             Requested size: 227.62204pt x 300.89125pt.

No file robust-trees-arXiv_changed.bbl.
No file robust-trees-arXiv_changed.bbl.
[7 <./figs/threshold_tuning.pdf>]

Package natbib Warning: Citation `zhang2018generalized' on page 8 undefined on 
input line 1415.


Underfull \hbox (badness 1038) in paragraph at lines 1435--1466
\OT1/ptm/m/n/10 (+20) We get equal-ity in H[]older's in-equal-ity if and only i
f
 []

[8

]
Underfull \vbox (badness 1072) has occurred while \output is active []

 [9]
Underfull \hbox (badness 3612) in paragraph at lines 1862--1872
[]\OT1/ptm/m/n/10 (+20) We shall use Ho-effd-ing's in-equal-ity to bound each
 []

[10]

Package natbib Warning: Citation `breiman1984classification' on page 11 undefin
ed on input line 2135.


Underfull \hbox (badness 1158) in paragraph at lines 2158--2158
\OT1/ptm/m/it/10 (+20) dis-tri-bu-tion $[]\OT1/cmr/m/n/10 (0\OML/cmm/m/it/10 ; 
\OT1/cmr/m/n/10 1)$\OT1/ptm/m/it/10 (+20) ; and the ramp loss $\OML/cmm/m/it/10
 `\OT1/cmr/m/n/10 (\OML/cmm/m/it/10 z\OT1/cmr/m/n/10 ) =
 []

[11]
<figs/cifar10_pretrained_scaled.pdf, id=481, 1189.0611pt x 435.13567pt>
File: figs/cifar10_pretrained_scaled.pdf Graphic file (type pdf)
<use figs/cifar10_pretrained_scaled.pdf>
Package pdftex.def Info: figs/cifar10_pretrained_scaled.pdf  used on input line
 2221.
(pdftex.def)             Requested size: 398.33858pt x 145.77301pt.


LaTeX Warning: `h' float specifier changed to `ht'.

Package microtype Info: Fixing zero \fontdimen 6 for font `U/dsrom/m/n/9'
(microtype)             (new value: 9.0pt) on input line 2429.
Package microtype Info: Fixing zero \fontdimen 6 for font `U/dsrom/m/n/6'
(microtype)             (new value: 6.0pt) on input line 2429.
[12]
<figs/r2_sqrtgini.pdf, id=485, 405.61436pt x 333.04675pt>
File: figs/r2_sqrtgini.pdf Graphic file (type pdf)
<use figs/r2_sqrtgini.pdf>
Package pdftex.def Info: figs/r2_sqrtgini.pdf  used on input line 2817.
(pdftex.def)             Requested size: 124.74889pt x 102.43008pt.
<figs/r2_misc.pdf, id=486, 354.70543pt x 333.04675pt>
File: figs/r2_misc.pdf Graphic file (type pdf)
<use figs/r2_misc.pdf>
Package pdftex.def Info: figs/r2_misc.pdf  used on input line 2818.
(pdftex.def)             Requested size: 109.09157pt x 102.43008pt.


Package natbib Warning: There were undefined citations.

[13 <./figs/cifar10_pretrained_scaled.pdf> <./figs/r2_sqrtgini.pdf> <./figs/r2_
misc.pdf>] [14] [15] [16] [17] (robust-trees-arXiv_changed.aux)
 ***********
LaTeX2e <2023-06-01> patch level 1
L3 programming layer <2023-08-29>
 ***********
 ) 
Here is how much of TeX's memory you used:
 12642 strings out of 475247
 221883 string characters out of 5757792
 2050801 words of memory out of 5000000
 33570 multiletter control sequences out of 15000+600000
 605480 words of font info for 338 fonts, out of 8000000 for 9000
 1141 hyphenation exceptions out of 8191
 57i,20n,65p,9837b,527s stack positions out of 10000i,1000n,20000p,200000b,200000s
<C:/Users/micha/AppData/Local/Programs/MiKTeX/fonts/type1/public/amsfonts/cm/
cmbx10.pfb><C:/Users/micha/AppData/Local/Programs/MiKTeX/fonts/type1/public/ams
fonts/cm/cmbx7.pfb><C:/Users/micha/AppData/Local/Programs/MiKTeX/fonts/type1/pu
blic/amsfonts/cm/cmex10.pfb><C:/Users/micha/AppData/Local/Programs/MiKTeX/fonts
/type1/public/amsfonts/cmextra/cmex7.pfb><C:/Users/micha/AppData/Local/Programs
/MiKTeX/fonts/type1/public/amsfonts/cm/cmmi10.pfb><C:/Users/micha/AppData/Local
/Programs/MiKTeX/fonts/type1/public/amsfonts/cm/cmmi5.pfb><C:/Users/micha/AppDa
ta/Local/Programs/MiKTeX/fonts/type1/public/amsfonts/cm/cmmi7.pfb><C:/Users/mic
ha/AppData/Local/Programs/MiKTeX/fonts/type1/public/amsfonts/cm/cmmib10.pfb><C:
/Users/micha/AppData/Local/Programs/MiKTeX/fonts/type1/public/amsfonts/cmextra/
cmmib7.pfb><C:/Users/micha/AppData/Local/Programs/MiKTeX/fonts/type1/public/ams
fonts/cm/cmr10.pfb><C:/Users/micha/AppData/Local/Programs/MiKTeX/fonts/type1/pu
blic/amsfonts/cm/cmr5.pfb><C:/Users/micha/AppData/Local/Programs/MiKTeX/fonts/t
ype1/public/amsfonts/cm/cmr7.pfb><C:/Users/micha/AppData/Local/Programs/MiKTeX/
fonts/type1/public/amsfonts/cm/cmss10.pfb><C:/Users/micha/AppData/Local/Program
s/MiKTeX/fonts/type1/public/amsfonts/cm/cmss8.pfb><C:/Users/micha/AppData/Local
/Programs/MiKTeX/fonts/type1/public/amsfonts/cm/cmsy10.pfb><C:/Users/micha/AppD
ata/Local/Programs/MiKTeX/fonts/type1/public/amsfonts/cm/cmsy5.pfb><C:/Users/mi
cha/AppData/Local/Programs/MiKTeX/fonts/type1/public/amsfonts/cm/cmsy7.pfb><C:/
Users/micha/AppData/Local/Programs/MiKTeX/fonts/type1/public/doublestroke/dsrom
10.pfb><C:/Users/micha/AppData/Local/Programs/MiKTeX/fonts/type1/public/amsfont
s/symbols/msbm10.pfb><C:/Users/micha/AppData/Local/Programs/MiKTeX/fonts/type1/
public/amsfonts/symbols/msbm7.pfb><C:/Users/micha/AppData/Local/Programs/MiKTeX
/fonts/type1/public/rsfs/rsfs10.pfb><C:/Users/micha/AppData/Local/Programs/MiKT
eX/fonts/type1/urw/courier/ucrr8a.pfb><C:/Users/micha/AppData/Local/Programs/Mi
KTeX/fonts/type1/urw/times/utmb8a.pfb><C:/Users/micha/AppData/Local/Programs/Mi
KTeX/fonts/type1/urw/times/utmr8a.pfb><C:/Users/micha/AppData/Local/Programs/Mi
KTeX/fonts/type1/urw/times/utmri8a.pfb>
Output written on robust-trees-arXiv_changed.pdf (17 pages, 664693 bytes).
PDF statistics:
 794 PDF objects out of 1000 (max. 8388607)
 0 named destinations out of 1000 (max. 500000)
 65587 words of extra memory for PDF output out of 74296 (max. 10000000)

