This is pdfTeX, Version 3.141592653-2.6-1.40.25 (MiKTeX 23.5) (preloaded format=pdflatex 2024.1.12)  3 MAR 2024 15:19
entering extended mode
 restricted \write18 enabled.
 %&-line parsing enabled.
**./main_changed.tex
(main_changed.tex
LaTeX2e <2023-06-01> patch level 1
L3 programming layer <2023-08-29>
(C:\Users\orfuc\AppData\Local\Programs\MiKTeX\tex/latex/base\article.cls
Document Class: article 2023/05/17 v1.4n Standard LaTeX document class
(C:\Users\orfuc\AppData\Local\Programs\MiKTeX\tex/latex/base\size10.clo
File: size10.clo 2023/05/17 v1.4n Standard LaTeX file (size option)
)
\c@part=\count185
\c@section=\count186
\c@subsection=\count187
\c@subsubsection=\count188
\c@paragraph=\count189
\c@subparagraph=\count190
\c@figure=\count191
\c@table=\count192
\abovecaptionskip=\skip48
\belowcaptionskip=\skip49
\bibindent=\dimen140
)
(aaai18.sty
Conference Style for AAAI for LaTeX 2e -- version for the AAAI-18 conference
\titlebox=\skip50
) (C:\Users\orfuc\AppData\Local\Programs\MiKTeX\tex/latex/psnfss\times.sty
Package: times 2020/03/25 PSNFSS-v9.3 (SPQR) 
)
(C:\Users\orfuc\AppData\Local\Programs\MiKTeX\tex/latex/psnfss\helvet.sty
Package: helvet 2020/03/25 PSNFSS-v9.3 (WaS) 

(C:\Users\orfuc\AppData\Local\Programs\MiKTeX\tex/latex/graphics\keyval.sty
Package: keyval 2022/05/29 v1.15 key=value parser (DPC)
\KV@toks@=\toks17
))
(C:\Users\orfuc\AppData\Local\Programs\MiKTeX\tex/latex/psnfss\courier.sty
Package: courier 2020/03/25 PSNFSS-v9.3 (WaS) 
)
(C:\Users\orfuc\AppData\Local\Programs\MiKTeX\tex/latex/url\url.sty
\Urlmuskip=\muskip16
Package: url 2013/09/16  ver 3.4  Verb mode for urls, etc.
)
(C:\Users\orfuc\AppData\Local\Programs\MiKTeX\tex/latex/graphics\graphicx.sty
Package: graphicx 2021/09/16 v1.2d Enhanced LaTeX Graphics (DPC,SPQR)

(C:\Users\orfuc\AppData\Local\Programs\MiKTeX\tex/latex/graphics\graphics.sty
Package: graphics 2022/03/10 v1.4e Standard LaTeX Graphics (DPC,SPQR)

(C:\Users\orfuc\AppData\Local\Programs\MiKTeX\tex/latex/graphics\trig.sty
Package: trig 2021/08/11 v1.11 sin cos tan (DPC)
)
(C:\Users\orfuc\AppData\Local\Programs\MiKTeX\tex/latex/graphics-cfg\graphics.c
fg
File: graphics.cfg 2016/06/04 v1.11 sample graphics configuration
)
Package graphics Info: Driver file: pdftex.def on input line 107.

(C:\Users\orfuc\AppData\Local\Programs\MiKTeX\tex/latex/graphics-def\pdftex.def
File: pdftex.def 2022/09/22 v1.2b Graphics/color driver for pdftex
))
\Gin@req@height=\dimen141
\Gin@req@width=\dimen142
)
(C:\Users\orfuc\AppData\Local\Programs\MiKTeX\tex/latex/multirow\multirow.sty
Package: multirow 2021/03/15 v2.8 Span multiple rows of a table
\multirow@colwidth=\skip51
\multirow@cntb=\count193
\multirow@dima=\skip52
\bigstrutjot=\dimen143
)
(C:\Users\orfuc\AppData\Local\Programs\MiKTeX\tex/latex/amsfonts\amsfonts.sty
Package: amsfonts 2013/01/14 v3.01 Basic AMSFonts support
\@emptytoks=\toks18
\symAMSa=\mathgroup4
\symAMSb=\mathgroup5
LaTeX Font Info:    Redeclaring math symbol \hbar on input line 98.
LaTeX Font Info:    Overwriting math alphabet `\mathfrak' in version `bold'
(Font)                  U/euf/m/n --> U/euf/b/n on input line 106.
)
(C:\Users\orfuc\AppData\Local\Programs\MiKTeX\tex/latex/caption\caption.sty
Package: caption 2023/07/31 v3.6n Customizing captions (AR)

(C:\Users\orfuc\AppData\Local\Programs\MiKTeX\tex/latex/caption\caption3.sty
Package: caption3 2023/07/31 v2.4d caption3 kernel (AR)
\caption@tempdima=\dimen144
\captionmargin=\dimen145
\caption@leftmargin=\dimen146
\caption@rightmargin=\dimen147
\caption@width=\dimen148
\caption@indent=\dimen149
\caption@parindent=\dimen150
\caption@hangindent=\dimen151
Package caption Info: Standard document class detected.
)
\c@caption@flags=\count194
\c@continuedfloat=\count195
)
(C:\Users\orfuc\AppData\Local\Programs\MiKTeX\tex/latex/caption\subcaption.sty
Package: subcaption 2023/07/28 v1.6b Sub-captions (AR)
Package caption Info: New subtype `subfigure' on input line 238.
\c@subfigure=\count196
Package caption Info: New subtype `subtable' on input line 238.
\c@subtable=\count197
) (C:\Users\orfuc\AppData\Local\Programs\MiKTeX\tex/latex/graphics\color.sty
Package: color 2022/01/06 v1.3d Standard LaTeX Color (DPC)

(C:\Users\orfuc\AppData\Local\Programs\MiKTeX\tex/latex/graphics-cfg\color.cfg
File: color.cfg 2016/01/02 v1.6 sample color configuration
)
Package color Info: Driver file: pdftex.def on input line 149.
(C:\Users\orfuc\AppData\Local\Programs\MiKTeX\tex/latex/graphics\mathcolor.ltx)
)
(C:\Users\orfuc\AppData\Local\Programs\MiKTeX\tex/latex/algorithm2e\algorithm2e
.sty
Package: algorithm2e 2017/07/18 v5.2 algorithms environments
\c@AlgoLine=\count198
 (C:\Users\orfuc\AppData\Local\Programs\MiKTeX\tex/latex/base\ifthen.sty
Package: ifthen 2022/04/13 v1.1d Standard LaTeX ifthen package (DPC)
)
\algocf@hangindent=\skip53

(C:\Users\orfuc\AppData\Local\Programs\MiKTeX\tex/latex/ifoddpage\ifoddpage.sty
Package: ifoddpage 2022/10/18 v1.2 Conditionals for odd/even page detection
\c@checkoddpage=\count199
) (C:\Users\orfuc\AppData\Local\Programs\MiKTeX\tex/latex/tools\xspace.sty
Package: xspace 2014/10/28 v1.13 Space after command names (DPC,MH)
)
(C:\Users\orfuc\AppData\Local\Programs\MiKTeX\tex/latex/relsize\relsize.sty
Package: relsize 2013/03/29 ver 4.1
)
\skiptotal=\skip54
\skiplinenumber=\skip55
\skiprule=\skip56
\skiphlne=\skip57
\skiptext=\skip58
\skiplength=\skip59
\algomargin=\skip60
\skipalgocfslide=\skip61
\algowidth=\dimen152
\inoutsize=\dimen153
\inoutindent=\dimen154
\interspacetitleruled=\dimen155
\interspacealgoruled=\dimen156
\interspacetitleboxruled=\dimen157
\algocf@ruledwidth=\skip62
\algocf@inoutbox=\box51
\algocf@inputbox=\box52
\AlCapSkip=\skip63
\AlCapHSkip=\skip64
\algoskipindent=\skip65
\algocf@nlbox=\box53
\algocf@hangingbox=\box54
\algocf@untilbox=\box55
\algocf@skipuntil=\skip66
\algocf@capbox=\box56
\algocf@lcaptionbox=\skip67
\algoheightruledefault=\skip68
\algoheightrule=\skip69
\algotitleheightruledefault=\skip70
\algotitleheightrule=\skip71
\c@algocfline=\count266
\c@algocfproc=\count267
\c@algocf=\count268
\algocf@algoframe=\box57
\algocf@algobox=\box58
)
LaTeX Font Info:    Trying to load font information for OT1+ptm on input line 7
2.

(C:\Users\orfuc\AppData\Local\Programs\MiKTeX\tex/latex/psnfss\ot1ptm.fd
File: ot1ptm.fd 2001/06/04 font definitions for OT1/ptm.
)
(C:\Users\orfuc\AppData\Local\Programs\MiKTeX\tex/latex/l3backend\l3backend-pdf
tex.def
File: l3backend-pdftex.def 2023-04-19 L3 backend support: PDF output (pdfTeX)
\l__color_backend_stack_int=\count269
\l__pdf_internal_box=\box59
) (main_changed.aux)
\openout1 = `main_changed.aux'.

LaTeX Font Info:    Checking defaults for OML/cmm/m/it on input line 72.
LaTeX Font Info:    ... okay on input line 72.
LaTeX Font Info:    Checking defaults for OMS/cmsy/m/n on input line 72.
LaTeX Font Info:    ... okay on input line 72.
LaTeX Font Info:    Checking defaults for OT1/cmr/m/n on input line 72.
LaTeX Font Info:    ... okay on input line 72.
LaTeX Font Info:    Checking defaults for T1/cmr/m/n on input line 72.
LaTeX Font Info:    ... okay on input line 72.
LaTeX Font Info:    Checking defaults for TS1/cmr/m/n on input line 72.
LaTeX Font Info:    ... okay on input line 72.
LaTeX Font Info:    Checking defaults for OMX/cmex/m/n on input line 72.
LaTeX Font Info:    ... okay on input line 72.
LaTeX Font Info:    Checking defaults for U/cmr/m/n on input line 72.
LaTeX Font Info:    ... okay on input line 72.

(C:\Users\orfuc\AppData\Local\Programs\MiKTeX\tex/context/base/mkii\supp-pdf.mk
ii
[Loading MPS to PDF converter (version 2006.09.02).]
\scratchcounter=\count270
\scratchdimen=\dimen158
\scratchbox=\box60
\nofMPsegments=\count271
\nofMParguments=\count272
\everyMPshowfont=\toks19
\MPscratchCnt=\count273
\MPscratchDim=\dimen159
\MPnumerator=\count274
\makeMPintoPDFobject=\count275
\everyMPtoPDFconversion=\toks20
)
(C:\Users\orfuc\AppData\Local\Programs\MiKTeX\tex/latex/epstopdf-pkg\epstopdf-b
ase.sty
Package: epstopdf-base 2020-01-24 v2.11 Base part for package epstopdf
Package epstopdf-base Info: Redefining graphics rule for `.eps' on input line 4
85.

(C:\Users\orfuc\AppData\Local\Programs\MiKTeX\tex/latex/00miktex\epstopdf-sys.c
fg
File: epstopdf-sys.cfg 2021/03/18 v2.0 Configuration of epstopdf for MiKTeX
))
Package caption Info: Begin \AtBeginDocument code.
Package caption Info: End \AtBeginDocument code.
LaTeX Font Info:    Trying to load font information for U+msa on input line 83.

 (C:\Users\orfuc\AppData\Local\Programs\MiKTeX\tex/latex/amsfonts\umsa.fd
File: umsa.fd 2013/01/14 v3.01 AMS symbols A
)
LaTeX Font Info:    Trying to load font information for U+msb on input line 83.


(C:\Users\orfuc\AppData\Local\Programs\MiKTeX\tex/latex/amsfonts\umsb.fd
File: umsb.fd 2013/01/14 v3.01 AMS symbols B
)
LaTeX Font Info:    Trying to load font information for TS1+ptm on input line 8
3.

(C:\Users\orfuc\AppData\Local\Programs\MiKTeX\tex/latex/psnfss\ts1ptm.fd
File: ts1ptm.fd 2001/06/04 font definitions for TS1/ptm.
)

LaTeX Warning: Citation `hu2008collaborative' on page 1 undefined on input line
 94.


LaTeX Warning: Citation `rendle2009bpr' on page 1 undefined on input line 94.


LaTeX Warning: Citation `he2016fast' on page 1 undefined on input line 94.


LaTeX Warning: Citation `linden2003amazon' on page 1 undefined on input line 94
.


LaTeX Warning: Citation `chen2009make' on page 1 undefined on input line 94.


LaTeX Warning: Citation `liu2014exploiting' on page 1 undefined on input line 9
4.


LaTeX Warning: Citation `rendle2009bpr' on page 1 undefined on input line 97.


LaTeX Warning: Citation `rendle2014improving' on page 1 undefined on input line
 97.


LaTeX Warning: Citation `srebro2005maximum' on page 1 undefined on input line 9
7.


LaTeX Warning: Citation `hidasi2015session' on page 1 undefined on input line 9
7.


LaTeX Warning: Citation `covington2016deep' on page 1 undefined on input line 9
7.


LaTeX Warning: Citation `shi2012tfmap' on page 1 undefined on input line 101.


LaTeX Warning: Citation `shi2012climf' on page 1 undefined on input line 101.


LaTeX Warning: Citation `burges2005learning' on page 1 undefined on input line 
103.


LaTeX Warning: Citation `burges2007learning' on page 1 undefined on input line 
103.


LaTeX Warning: Citation `weston2010large' on page 1 undefined on input line 103
.


LaTeX Warning: Citation `hong2013co' on page 1 undefined on input line 103.


LaTeX Warning: Citation `yuan2016lambdafm' on page 1 undefined on input line 10
3.

[1{C:/Users/orfuc/AppData/Local/MiKTeX/fonts/map/pdftex/pdftex.map}{C:/Users/or
fuc/AppData/Local/Programs/MiKTeX/fonts/enc/dvips/base/8r.enc}



]

LaTeX Warning: Citation `hidasi2015session' on page 2 undefined on input line 1
05.


LaTeX Warning: Citation `covington2016deep' on page 2 undefined on input line 1
05.


Underfull \hbox (badness 2875) in paragraph at lines 111--112
[]\OT1/ptm/m/n/10 We pro-pose smooth loss func-tions that are ``rank-
 []


LaTeX Warning: Citation `usunier2009ranking' on page 2 undefined on input line 
126.


LaTeX Warning: Citation `shi2012tfmap' on page 2 undefined on input line 138.


LaTeX Warning: Citation `shi2012climf' on page 2 undefined on input line 138.


LaTeX Warning: Citation `weston2010large' on page 2 undefined on input line 149
.


LaTeX Warning: Citation `yuan2016lambdafm' on page 2 undefined on input line 14
9.


Underfull \hbox (badness 3503) in paragraph at lines 149--150
\OT1/ptm/m/n/10 An al-ter-na-tive ap-proach used by WARP ( \OT1/ptm/b/n/10 ?\OT
1/ptm/m/n/10 ), Lamb-
 []

[2]

LaTeX Warning: Citation `yager1988ordered' on page 3 undefined on input line 16
8.


LaTeX Warning: Citation `usunier2009ranking' on page 3 undefined on input line 
168.


LaTeX Warning: Citation `covington2016deep' on page 3 undefined on input line 1
91.

<pics/rapp-eps-converted-to.pdf, id=20, 578.16pt x 433.62pt>
File: pics/rapp-eps-converted-to.pdf Graphic file (type pdf)
<use pics/rapp-eps-converted-to.pdf>
Package pdftex.def Info: pics/rapp-eps-converted-to.pdf  used on input line 207
.
(pdftex.def)             Requested size: 125.20845pt x 93.90137pt.
<pics/rsl-eps-converted-to.pdf, id=21, 578.16pt x 433.62pt>
File: pics/rsl-eps-converted-to.pdf Graphic file (type pdf)
<use pics/rsl-eps-converted-to.pdf>
Package pdftex.def Info: pics/rsl-eps-converted-to.pdf  used on input line 213.

(pdftex.def)             Requested size: 125.20845pt x 93.90137pt.

Overfull \hbox (13.5506pt too wide) in paragraph at lines 205--217
 [][][] 
 []

[3 <./pics/rapp-eps-converted-to.pdf> <./pics/rsl-eps-converted-to.pdf>]
<pics/std-eps-converted-to.pdf, id=102, 578.16pt x 433.62pt>
File: pics/std-eps-converted-to.pdf Graphic file (type pdf)
<use pics/std-eps-converted-to.pdf>
Package pdftex.def Info: pics/std-eps-converted-to.pdf  used on input line 273.

(pdftex.def)             Requested size: 213.06084pt x 159.79509pt.

[4 <./pics/std-eps-converted-to.pdf>]

LaTeX Warning: Citation `weimer2008cofi' on page 5 undefined on input line 354.



LaTeX Warning: Citation `taylor2008softrank' on page 5 undefined on input line 
354.


LaTeX Warning: Citation `agarwal2011infinite' on page 5 undefined on input line
 354.


LaTeX Warning: Citation `boyd2012accuracy' on page 5 undefined on input line 35
4.


LaTeX Warning: Citation `burges2005learning' on page 5 undefined on input line 
357.


LaTeX Warning: Citation `burges2007learning' on page 5 undefined on input line 
357.


LaTeX Warning: Citation `wu2010adapting' on page 5 undefined on input line 357.



LaTeX Warning: Citation `burges2007learning' on page 5 undefined on input line 
357.


LaTeX Warning: Citation `wu2010adapting' on page 5 undefined on input line 357.



LaTeX Warning: Citation `hu2008collaborative' on page 5 undefined on input line
 359.


LaTeX Warning: Citation `rendle2009bpr' on page 5 undefined on input line 359.


LaTeX Warning: Citation `rendle2014improving' on page 5 undefined on input line
 359.


LaTeX Warning: Citation `shi2012tfmap' on page 5 undefined on input line 362.


LaTeX Warning: Citation `shi2012climf' on page 5 undefined on input line 362.


LaTeX Warning: Citation `weston2010large' on page 5 undefined on input line 364
.


LaTeX Warning: Citation `yuan2016lambdafm' on page 5 undefined on input line 36
4.


LaTeX Warning: Citation `weston2010large' on page 5 undefined on input line 364
.


LaTeX Warning: Citation `yuan2016lambdafm' on page 5 undefined on input line 36
4.


LaTeX Warning: Citation `burges2005learning' on page 5 undefined on input line 
364.


LaTeX Warning: Citation `he2016fast' on page 5 undefined on input line 379.


LaTeX Warning: Citation `abel2016recsys' on page 5 undefined on input line 381.


LaTeX Font Info:    Trying to load font information for OT1+phv on input line 3
93.
(C:\Users\orfuc\AppData\Local\Programs\MiKTeX\tex/latex/psnfss\ot1phv.fd
File: ot1phv.fd 2020/03/25 scalable font definitions for OT1/phv.
)

LaTeX Warning: Citation `rendle2009bpr' on page 5 undefined on input line 430.


LaTeX Warning: Citation `weston2010large' on page 5 undefined on input line 432
.


LaTeX Warning: Citation `hong2013co' on page 5 undefined on input line 432.


LaTeX Warning: Citation `hidasi2015session' on page 5 undefined on input line 4
33.


LaTeX Warning: Citation `covington2016deep' on page 5 undefined on input line 4
33.

[5]

LaTeX Warning: Citation `kula_metadata_2015' on page 6 undefined on input line 
440.


LaTeX Warning: Citation `shmueli2012care' on page 6 undefined on input line 442
.


Underfull \hbox (badness 1107) in paragraph at lines 442--443
[]\OT1/ptm/m/n/10 We ap-ply the al-go-rithms to hy-brid ma-trix fac-tor-iza-
 []

LaTeX Font Info:    Trying to load font information for OMS+ptm on input line 4
44.
(C:\Users\orfuc\AppData\Local\Programs\MiKTeX\tex/latex/psnfss\omsptm.fd
File: omsptm.fd 
)
LaTeX Font Info:    Font shape `OMS/ptm/m/n' in size <10> not available
(Font)              Font shape `OMS/cmsy/m/n' tried instead on input line 444.
<pics/quality.png, id=156, 578.16pt x 433.62pt>
File: pics/quality.png Graphic file (type png)
<use pics/quality.png>
Package pdftex.def Info: pics/quality.png  used on input line 464.
(pdftex.def)             Requested size: 125.20845pt x 93.90137pt.
<pics/quality200.png, id=158, 578.16pt x 433.62pt>
File: pics/quality200.png Graphic file (type png)
<use pics/quality200.png>
Package pdftex.def Info: pics/quality200.png  used on input line 470.
(pdftex.def)             Requested size: 125.20845pt x 93.90137pt.

Overfull \hbox (13.5506pt too wide) in paragraph at lines 462--474
 [][][] 
 []


Underfull \hbox (badness 10000) in paragraph at lines 483--484
[]\OT1/ptm/m/n/10 Third, the pro-posed meth-ods con-sis-tently out-per-
 []

[6 <./pics/quality.png> <./pics/quality200.png>]
<pics/tconv-eps-converted-to.pdf, id=164, 578.16pt x 433.62pt>
File: pics/tconv-eps-converted-to.pdf Graphic file (type pdf)
<use pics/tconv-eps-converted-to.pdf>
Package pdftex.def Info: pics/tconv-eps-converted-to.pdf  used on input line 53
5.
(pdftex.def)             Requested size: 125.20845pt x 93.90137pt.
<pics/tepoch-eps-converted-to.pdf, id=165, 578.16pt x 433.62pt>
File: pics/tepoch-eps-converted-to.pdf Graphic file (type pdf)
<use pics/tepoch-eps-converted-to.pdf>
Package pdftex.def Info: pics/tepoch-eps-converted-to.pdf  used on input line 5
41.
(pdftex.def)             Requested size: 125.20845pt x 93.90137pt.

Overfull \hbox (13.5506pt too wide) in paragraph at lines 533--545
 [][][] 
 []

No file main_changed.bbl.
[7 <./pics/tconv-eps-converted-to.pdf> <./pics/tepoch-eps-converted-to.pdf>]
[8

] (main_changed.aux)
 ***********
LaTeX2e <2023-06-01> patch level 1
L3 programming layer <2023-08-29>
 ***********
 ) 
Here is how much of TeX's memory you used:
 4581 strings out of 475247
 82341 string characters out of 5757792
 1949801 words of memory out of 5000000
 26045 multiletter control sequences out of 15000+600000
 586417 words of font info for 87 fonts, out of 8000000 for 9000
 1141 hyphenation exceptions out of 8191
 57i,12n,65p,1798b,465s stack positions out of 10000i,1000n,20000p,200000b,200000s
<C:/Users/orfuc/AppData/Local/Programs/MiKTeX/fonts/type1/public/amsfonts/cm/
cmex10.pfb><C:/Users/orfuc/AppData/Local/Programs/MiKTeX/fonts/type1/public/ams
fonts/cm/cmmi10.pfb><C:/Users/orfuc/AppData/Local/Programs/MiKTeX/fonts/type1/p
ublic/amsfonts/cm/cmmi5.pfb><C:/Users/orfuc/AppData/Local/Programs/MiKTeX/fonts
/type1/public/amsfonts/cm/cmmi6.pfb><C:/Users/orfuc/AppData/Local/Programs/MiKT
eX/fonts/type1/public/amsfonts/cm/cmmi7.pfb><C:/Users/orfuc/AppData/Local/Progr
ams/MiKTeX/fonts/type1/public/amsfonts/cm/cmmi9.pfb><C:/Users/orfuc/AppData/Loc
al/Programs/MiKTeX/fonts/type1/public/amsfonts/cm/cmr10.pfb><C:/Users/orfuc/App
Data/Local/Programs/MiKTeX/fonts/type1/public/amsfonts/cm/cmr7.pfb><C:/Users/or
fuc/AppData/Local/Programs/MiKTeX/fonts/type1/public/amsfonts/cm/cmsy10.pfb><C:
/Users/orfuc/AppData/Local/Programs/MiKTeX/fonts/type1/public/amsfonts/cm/cmsy5
.pfb><C:/Users/orfuc/AppData/Local/Programs/MiKTeX/fonts/type1/public/amsfonts/
cm/cmsy7.pfb><C:/Users/orfuc/AppData/Local/Programs/MiKTeX/fonts/type1/public/a
msfonts/cm/cmsy9.pfb><C:/Users/orfuc/AppData/Local/Programs/MiKTeX/fonts/type1/
public/amsfonts/symbols/msbm10.pfb><C:/Users/orfuc/AppData/Local/Programs/MiKTe
X/fonts/type1/urw/helvetic/uhvr8a.pfb><C:/Users/orfuc/AppData/Local/Programs/Mi
KTeX/fonts/type1/urw/times/utmb8a.pfb><C:/Users/orfuc/AppData/Local/Programs/Mi
KTeX/fonts/type1/urw/times/utmr8a.pfb><C:/Users/orfuc/AppData/Local/Programs/Mi
KTeX/fonts/type1/urw/times/utmri8a.pfb>
Output written on main_changed.pdf (8 pages, 397242 bytes).
PDF statistics:
 332 PDF objects out of 1000 (max. 8388607)
 0 named destinations out of 1000 (max. 500000)
 36 words of extra memory for PDF output out of 10000 (max. 10000000)

