This is pdfTeX, Version 3.141592653-2.6-1.40.25 (MiKTeX 23.9) (preloaded format=pdflatex 2023.9.22)  16 JAN 2024 08:52
entering extended mode
 restricted \write18 enabled.
 %&-line parsing enabled.
**./Formatting-Instructions-LaTeX-2024_changed.tex
(Formatting-Instructions-LaTeX-2024_changed.tex
LaTeX2e <2023-06-01> patch level 1
L3 programming layer <2023-08-29>
(C:\Users\micha\AppData\Local\Programs\MiKTeX\tex/latex/base\article.cls
Document Class: article 2023/05/17 v1.4n Standard LaTeX document class
(C:\Users\micha\AppData\Local\Programs\MiKTeX\tex/latex/base\size10.clo
File: size10.clo 2023/05/17 v1.4n Standard LaTeX file (size option)
)
\c@part=\count185
\c@section=\count186
\c@subsection=\count187
\c@subsubsection=\count188
\c@paragraph=\count189
\c@subparagraph=\count190
\c@figure=\count191
\c@table=\count192
\abovecaptionskip=\skip48
\belowcaptionskip=\skip49
\bibindent=\dimen140
)
(aaai24.sty
Package: aaai24 2023/06/26 AAAI 2024 Submission format

Conference Style for AAAI for LaTeX 2e -- version for submission
\titlebox=\skip50
) (C:\Users\micha\AppData\Local\Programs\MiKTeX\tex/latex/psnfss\times.sty
Package: times 2020/03/25 PSNFSS-v9.3 (SPQR) 
)
(C:\Users\micha\AppData\Local\Programs\MiKTeX\tex/latex/psnfss\helvet.sty
Package: helvet 2020/03/25 PSNFSS-v9.3 (WaS) 

(C:\Users\micha\AppData\Local\Programs\MiKTeX\tex/latex/graphics\keyval.sty
Package: keyval 2022/05/29 v1.15 key=value parser (DPC)
\KV@toks@=\toks17
))
(C:\Users\micha\AppData\Local\Programs\MiKTeX\tex/latex/psnfss\courier.sty
Package: courier 2020/03/25 PSNFSS-v9.3 (WaS) 
)
(C:\Users\micha\AppData\Local\Programs\MiKTeX\tex/latex/url\url.sty
\Urlmuskip=\muskip16
Package: url 2013/09/16  ver 3.4  Verb mode for urls, etc.
)
(C:\Users\micha\AppData\Local\Programs\MiKTeX\tex/latex/graphics\graphicx.sty
Package: graphicx 2021/09/16 v1.2d Enhanced LaTeX Graphics (DPC,SPQR)

(C:\Users\micha\AppData\Local\Programs\MiKTeX\tex/latex/graphics\graphics.sty
Package: graphics 2022/03/10 v1.4e Standard LaTeX Graphics (DPC,SPQR)

(C:\Users\micha\AppData\Local\Programs\MiKTeX\tex/latex/graphics\trig.sty
Package: trig 2021/08/11 v1.11 sin cos tan (DPC)
)
(C:\Users\micha\AppData\Local\Programs\MiKTeX\tex/latex/graphics-cfg\graphics.c
fg
File: graphics.cfg 2016/06/04 v1.11 sample graphics configuration
)
Package graphics Info: Driver file: pdftex.def on input line 107.

(C:\Users\micha\AppData\Local\Programs\MiKTeX\tex/latex/graphics-def\pdftex.def
File: pdftex.def 2022/09/22 v1.2b Graphics/color driver for pdftex
))
\Gin@req@height=\dimen141
\Gin@req@width=\dimen142
) (C:\Users\micha\AppData\Local\Programs\MiKTeX\tex/latex/natbib\natbib.sty
Package: natbib 2010/09/13 8.31b (PWD, AO)
\bibhang=\skip51
\bibsep=\skip52
LaTeX Info: Redefining \cite on input line 694.
\c@NAT@ctr=\count193
)
(C:\Users\micha\AppData\Local\Programs\MiKTeX\tex/latex/caption\caption.sty
Package: caption 2023/07/31 v3.6n Customizing captions (AR)

(C:\Users\micha\AppData\Local\Programs\MiKTeX\tex/latex/caption\caption3.sty
Package: caption3 2023/07/31 v2.4d caption3 kernel (AR)
\caption@tempdima=\dimen143
\captionmargin=\dimen144
\caption@leftmargin=\dimen145
\caption@rightmargin=\dimen146
\caption@width=\dimen147
\caption@indent=\dimen148
\caption@parindent=\dimen149
\caption@hangindent=\dimen150
Package caption Info: Standard document class detected.
)
\c@caption@flags=\count194
\c@continuedfloat=\count195
)
(C:\Users\micha\AppData\Local\Programs\MiKTeX\tex/latex/algorithms\algorithm.st
y
Package: algorithm 2009/08/24 v0.1 Document Style `algorithm' - floating enviro
nment
 (C:\Users\micha\AppData\Local\Programs\MiKTeX\tex/latex/float\float.sty
Package: float 2001/11/08 v1.3d Float enhancements (AL)
\c@float@type=\count196
\float@exts=\toks18
\float@box=\box51
\@float@everytoks=\toks19
\@floatcapt=\box52
)
(C:\Users\micha\AppData\Local\Programs\MiKTeX\tex/latex/base\ifthen.sty
Package: ifthen 2022/04/13 v1.1d Standard LaTeX ifthen package (DPC)
)
\@float@every@algorithm=\toks20
\c@algorithm=\count197
)
(C:\Users\micha\AppData\Local\Programs\MiKTeX\tex/latex/algorithms\algorithmic.
sty
Package: algorithmic 2009/08/24 v0.1 Document Style `algorithmic'
\c@ALC@unique=\count198
\c@ALC@line=\count199
\c@ALC@rem=\count266
\c@ALC@depth=\count267
\ALC@tlm=\skip53
\algorithmicindent=\skip54
)
(C:\Users\micha\AppData\Local\Programs\MiKTeX\tex/latex/newfloat\newfloat.sty
Package: newfloat 2023/10/01 v1.2 Defining new floating environments (AR)
)
(C:\Users\micha\AppData\Local\Programs\MiKTeX\tex/latex/listings\listings.sty
\lst@mode=\count268
\lst@gtempboxa=\box53
\lst@token=\toks21
\lst@length=\count269
\lst@currlwidth=\dimen151
\lst@column=\count270
\lst@pos=\count271
\lst@lostspace=\dimen152
\lst@width=\dimen153
\lst@newlines=\count272
\lst@lineno=\count273
\lst@maxwidth=\dimen154

(C:\Users\micha\AppData\Local\Programs\MiKTeX\tex/latex/listings\lstmisc.sty
File: lstmisc.sty 2023/02/27 1.9 (Carsten Heinz)
\c@lstnumber=\count274
\lst@skipnumbers=\count275
\lst@framebox=\box54
)
(C:\Users\micha\AppData\Local\Programs\MiKTeX\tex/latex/listings\listings.cfg
File: listings.cfg 2023/02/27 1.9 listings configuration
))
Package: listings 2023/02/27 1.9 (Carsten Heinz)
\@float@every@listing=\toks22
\c@listing=\count276
(C:\Users\micha\AppData\Local\Programs\MiKTeX\tex/latex/natbib\bibentry.sty
Package: bibentry 2007/10/30 1.5 (PWD)
)
LaTeX Font Info:    Trying to load font information for OT1+ptm on input line 1
19.

(C:\Users\micha\AppData\Local\Programs\MiKTeX\tex/latex/psnfss\ot1ptm.fd
File: ot1ptm.fd 2001/06/04 font definitions for OT1/ptm.
)
(C:\Users\micha\AppData\Local\Programs\MiKTeX\tex/latex/l3backend\l3backend-pdf
tex.def
File: l3backend-pdftex.def 2023-04-19 L3 backend support: PDF output (pdfTeX)
\l__color_backend_stack_int=\count277
\l__pdf_internal_box=\box55
)
No file Formatting-Instructions-LaTeX-2024_changed.aux.
\openout1 = `Formatting-Instructions-LaTeX-2024_changed.aux'.

LaTeX Font Info:    Checking defaults for OML/cmm/m/it on input line 119.
LaTeX Font Info:    ... okay on input line 119.
LaTeX Font Info:    Checking defaults for OMS/cmsy/m/n on input line 119.
LaTeX Font Info:    ... okay on input line 119.
LaTeX Font Info:    Checking defaults for OT1/cmr/m/n on input line 119.
LaTeX Font Info:    ... okay on input line 119.
LaTeX Font Info:    Checking defaults for T1/cmr/m/n on input line 119.
LaTeX Font Info:    ... okay on input line 119.
LaTeX Font Info:    Checking defaults for TS1/cmr/m/n on input line 119.
LaTeX Font Info:    ... okay on input line 119.
LaTeX Font Info:    Checking defaults for OMX/cmex/m/n on input line 119.
LaTeX Font Info:    ... okay on input line 119.
LaTeX Font Info:    Checking defaults for U/cmr/m/n on input line 119.
LaTeX Font Info:    ... okay on input line 119.

(C:\Users\micha\AppData\Local\Programs\MiKTeX\tex/context/base/mkii\supp-pdf.mk
ii
[Loading MPS to PDF converter (version 2006.09.02).]
\scratchcounter=\count278
\scratchdimen=\dimen155
\scratchbox=\box56
\nofMPsegments=\count279
\nofMParguments=\count280
\everyMPshowfont=\toks23
\MPscratchCnt=\count281
\MPscratchDim=\dimen156
\MPnumerator=\count282
\makeMPintoPDFobject=\count283
\everyMPtoPDFconversion=\toks24
)
(C:\Users\micha\AppData\Local\Programs\MiKTeX\tex/latex/epstopdf-pkg\epstopdf-b
ase.sty
Package: epstopdf-base 2020-01-24 v2.11 Base part for package epstopdf
Package epstopdf-base Info: Redefining graphics rule for `.eps' on input line 4
85.

(C:\Users\micha\AppData\Local\Programs\MiKTeX\tex/latex/00miktex\epstopdf-sys.c
fg
File: epstopdf-sys.cfg 2021/03/18 v2.0 Configuration of epstopdf for MiKTeX
))
Package caption Info: Begin \AtBeginDocument code.
Package caption Info: float package is loaded.
Package caption Info: listings package is loaded.
Package caption Info: End \AtBeginDocument code.
Package newfloat Info: `float' package detected.
\c@lstlisting=\count284
\c@eqfn=\count285
\titlearea=\box57
\actualheight=\skip55
LaTeX Font Info:    External font `cmex10' loaded for size
(Font)              <12> on input line 121.
LaTeX Font Info:    External font `cmex10' loaded for size
(Font)              <8> on input line 121.
LaTeX Font Info:    External font `cmex10' loaded for size
(Font)              <6> on input line 121.
LaTeX Font Info:    Trying to load font information for TS1+ptm on input line 1
21.
 (C:\Users\micha\AppData\Local\Programs\MiKTeX\tex/latex/psnfss\ts1ptm.fd
File: ts1ptm.fd 2001/06/04 font definitions for TS1/ptm.
)
LaTeX Font Info:    External font `cmex10' loaded for size
(Font)              <9> on input line 121.
LaTeX Font Info:    External font `cmex10' loaded for size
(Font)              <5> on input line 121.


Package natbib Warning: Citation `Bloom84' on page 1 undefined on input line 13
6.


Package natbib Warning: Citation `democratise2021' on page 1 undefined on input
 line 138.


Package natbib Warning: Citation `bulathwela2022sus' on page 1 undefined on inp
ut line 143.


Package natbib Warning: Citation `corbett1994knowledge' on page 1 undefined on 
input line 167.


Package natbib Warning: Citation `deep_kt' on page 1 undefined on input line 16
7.


Package natbib Warning: Citation `assistments_data' on page 1 undefined on inpu
t line 167.


Package natbib Warning: Citation `choi2020ednet' on page 1 undefined on input l
ine 171.


Package natbib Warning: Citation `wang2020diagnostic' on page 1 undefined on in
put line 171.


Package natbib Warning: Citation `wang2021educational' on page 1 undefined on i
nput line 171.


Package natbib Warning: Citation `yu2020mooccube' on page 1 undefined on input 
line 173.


Package natbib Warning: Citation `deng2023knowledge' on page 1 undefined on inp
ut line 173.


Package natbib Warning: Citation `yu2020spotify' on page 1 undefined on input l
ine 173.

[1{C:/Users/micha/AppData/Local/MiKTeX/fonts/map/pdftex/pdftex.map}{C:/Users/mi
cha/AppData/Local/Programs/MiKTeX/fonts/enc/dvips/base/8r.enc}



]

Package natbib Warning: Citation `assistments_data' on page 2 undefined on inpu
t line 177.


Package natbib Warning: Citation `Apaza2014OnlineCR' on page 2 undefined on inp
ut line 182.


Package natbib Warning: Citation `PANICHELLA2021106411' on page 2 undefined on 
input line 182.


Package natbib Warning: Citation `wikifier' on page 2 undefined on input line 1
83.


Package natbib Warning: Citation `truelearn' on page 2 undefined on input line 
185.


Package natbib Warning: Citation `schenkel2007efficient' on page 2 undefined on
 input line 192.


Package natbib Warning: Citation `videoken' on page 2 undefined on input line 1
92.


Package natbib Warning: Citation `chen2018temporally' on page 2 undefined on in
put line 192.


Package natbib Warning: Citation `non_lin' on page 2 undefined on input line 19
2.


Package natbib Warning: Citation `truelearn' on page 2 undefined on input line 
192.


Package natbib Warning: Citation `wikifier' on page 2 undefined on input line 1
95.


Package natbib Warning: Citation `martin2000design' on page 2 undefined on inpu
t line 224.


Package natbib Warning: Citation `piccioni2013empirical' on page 2 undefined on
 input line 224.


Package natbib Warning: Citation `gamma1995design' on page 2 undefined on input
 line 226.


Package natbib Warning: Citation `nadi2023selecting' on page 2 undefined on inp
ut line 226.


Package natbib Warning: Citation `pedregosa2011scikit' on page 2 undefined on i
nput line 231.


Package natbib Warning: Citation `buitinck2013api' on page 2 undefined on input
 line 231.

LaTeX Font Info:    Trying to load font information for OT1+pcr on input line 2
34.
(C:\Users\micha\AppData\Local\Programs\MiKTeX\tex/latex/psnfss\ot1pcr.fd
File: ot1pcr.fd 2001/06/04 font definitions for OT1/pcr.
)

Package natbib Warning: Citation `psych5030050' on page 2 undefined on input li
ne 234.


Package natbib Warning: Citation `psych5030050' on page 2 undefined on input li
ne 241.


Package natbib Warning: Citation `Rasch1960' on page 2 undefined on input line 
241.


Package natbib Warning: Citation `bishopsnewbook' on page 2 undefined on input 
line 241.


Package natbib Warning: Citation `deep_kt' on page 2 undefined on input line 24
1.


Package natbib Warning: Citation `Schmucker_Wang_Hu_Mitchell_2022' on page 2 un
defined on input line 241.


Package natbib Warning: Citation `truelearn' on page 2 undefined on input line 
243.


Package natbib Warning: Citation `bulathwela2022sus' on page 2 undefined on inp
ut line 243.


Package natbib Warning: Citation `openlearnermodels' on page 2 undefined on inp
ut line 249.


Package natbib Warning: Citation `10.1007/978-3-319-98572-5_40' on page 2 undef
ined on input line 251.


Package natbib Warning: Citation `visualisationscomparison' on page 2 undefined
 on input line 251.


Package natbib Warning: Citation `psych5030050' on page 2 undefined on input li
ne 253.

[2]
LaTeX Font Info:    External font `cmex10' loaded for size
(Font)              <7> on input line 261.


LaTeX Warning: Reference `fig:peek_pipe' on page 3 undefined on input line 279.



Underfull \hbox (badness 6859) in paragraph at lines 279--284
\OT1/ptm/m/n/10 In this sec-tion, we de-scribe how the \OT1/ptm/b/n/10 P\OT1/pt
m/m/n/10 ersonalised
 []

<peek_data_pipe.pdf, id=12, 4320.14pt x 1121.18875pt>
File: peek_data_pipe.pdf Graphic file (type pdf)
<use peek_data_pipe.pdf>
Package pdftex.def Info: peek_data_pipe.pdf  used on input line 300.
(pdftex.def)             Requested size: 455.2979pt x 118.14743pt.

Package natbib Warning: Citation `Guo_vid_prod' on page 3 undefined on input li
ne 315.


Package natbib Warning: Citation `wikifier' on page 3 undefined on input line 3
18.


Package natbib Warning: Citation `wikifier' on page 3 undefined on input line 3
33.


LaTeX Warning: Reference `eq:wiki_sr' on page 3 undefined on input line 337.


Package natbib Warning: Citation `pagerank' on page 3 undefined on input line 3
44.


Package natbib Warning: Citation `truelearn' on page 3 undefined on input line 
347.


LaTeX Warning: Reference `eq:wiki_cos' on page 3 undefined on input line 347.


Package natbib Warning: Citation `wikifier' on page 3 undefined on input line 3
54.


LaTeX Warning: Reference `fig:dataset_stats' on page 3 undefined on input line 
364.


Package natbib Warning: Citation `orcas_dataset' on page 3 undefined on input l
ine 368.

[3]

LaTeX Warning: Reference `fig:peek_pipe' on page 4 undefined on input line 372.



Package natbib Warning: Citation `Covington2016' on page 4 undefined on input l
ine 375.


Package natbib Warning: Citation `beyondviews' on page 4 undefined on input lin
e 375.


Package natbib Warning: Citation `Guo_vid_prod' on page 4 undefined on input li
ne 375.


Package natbib Warning: Citation `truelearn' on page 4 undefined on input line 
375.


LaTeX Warning: Reference `eq:norm_engage' on page 4 undefined on input line 375
.


Package natbib Warning: Citation `truelearn' on page 4 undefined on input line 
381.


LaTeX Warning: Reference `fig:dataset_stats' on page 4 undefined on input line 
385.


LaTeX Warning: Reference `fig:dataset_stats' on page 4 undefined on input line 
385.

<dataset.pdf, id=25, 663.47874pt x 969.6225pt>
File: dataset.pdf Graphic file (type pdf)
<use dataset.pdf>
Package pdftex.def Info: dataset.pdf  used on input line 401.
(pdftex.def)             Requested size: 167.57533pt x 244.89063pt.

LaTeX Warning: No positions in optional float specifier.
               Default added (so using `tbp') on input line 409.

[4 <./peek_data_pipe.pdf> <./dataset.pdf

pdfTeX warning: pdflatex.exe (file ./dataset.pdf): PDF inclusion: multiple pdfs
 with page group included in a single page
>]

Package natbib Warning: Citation `bulathwela2022sus' on page 5 undefined on inp
ut line 482.


Underfull \hbox (badness 1694) in paragraph at lines 478--483
 \OT1/ptm/b/n/10 Learn-ing \OT1/ptm/m/n/10 This mod-ule con-tains ma-chine lear
n-ing al-
 []


Underfull \hbox (badness 2521) in paragraph at lines 478--483
\OT1/ptm/m/n/10 go-rithms that can per-form train-ing and pre-dic-tion of
 []


Underfull \hbox (badness 1484) in paragraph at lines 478--483
\OT1/ptm/m/n/10 learner en-gage-ment with tran-scribed videos. For train-
 []


Package natbib Warning: Citation `truelearn' on page 5 undefined on input line 
485.


Package natbib Warning: Citation `mti6060042' on page 5 undefined on input line
 489.


LaTeX Warning: Reference `fig:bubble' on page 5 undefined on input line 491.


Package natbib Warning: Citation `mti6060042' on page 5 undefined on input line
 499.


Package natbib Warning: Citation `visualisationscomparison' on page 5 undefined
 on input line 504.


LaTeX Warning: Reference `fig:bubble' on page 5 undefined on input line 504.


Underfull \hbox (badness 1728) in paragraph at lines 499--505
\OT1/ptm/m/n/10 Our ap-proach was guided by a thor-ough ex-am-i-na-tion
 []


LaTeX Warning: Reference `fig:bubble' on page 5 undefined on input line 506.


Package natbib Warning: Citation `bulathwela2022sus' on page 5 undefined on inp
ut line 554.


Package natbib Warning: Citation `zarrinkalam2020extracting' on page 5 undefine
d on input line 556.


Package natbib Warning: Citation `bishopsnewbook' on page 5 undefined on input 
line 556.

[5]

LaTeX Warning: Reference `tab:results' on page 6 undefined on input line 572.


LaTeX Warning: No positions in optional float specifier.
               Default added (so using `tbp') on input line 581.


Overfull \hbox (12.3522pt too wide) in paragraph at lines 584--603
[][] 
 []


LaTeX Warning: No positions in optional float specifier.
               Default added (so using `tbp') on input line 610.

<visual_plot.pdf, id=371, 350.2656pt x 267.90991pt>
File: visual_plot.pdf Graphic file (type pdf)
<use visual_plot.pdf>
Package pdftex.def Info: visual_plot.pdf  used on input line 613.
(pdftex.def)             Requested size: 167.57533pt x 128.17831pt.

LaTeX Warning: Reference `fig:dataset_stats' on page 6 undefined on input line 
637.


LaTeX Warning: Reference `tab:results' on page 6 undefined on input line 637.


LaTeX Warning: Reference `fig:peek_pipe' on page 6 undefined on input line 637.



LaTeX Warning: Reference `tab:results' on page 6 undefined on input line 643.


Package natbib Warning: Citation `bulathwela2022sus' on page 6 undefined on inp
ut line 643.


LaTeX Warning: Reference `tab:results' on page 6 undefined on input line 643.


LaTeX Warning: Reference `fig:dataset_stats' on page 6 undefined on input line 
643.


Package natbib Warning: Citation `bull2008metacognition' on page 6 undefined on
 input line 645.


LaTeX Warning: Reference `fig:bubble' on page 6 undefined on input line 645.


Package natbib Warning: Citation `mti6060042' on page 6 undefined on input line
 647.


Package natbib Warning: Citation `buitinck2013api' on page 6 undefined on input
 line 658.

[6 <./visual_plot.pdf>]

Package natbib Warning: Citation `pep8' on page 7 undefined on input line 671.


Package natbib Warning: Citation `x5learn' on page 7 undefined on input line 67
3.


Package natbib Warning: Citation `piccioni2013empirical' on page 7 undefined on
 input line 673.


Package natbib Warning: Citation `nadi2023selecting' on page 7 undefined on inp
ut line 673.


Package natbib Warning: Citation `visualisationscomparison' on page 7 undefined
 on input line 690.


Package natbib Warning: Citation `mti6060042' on page 7 undefined on input line
 690.


Package natbib Warning: Citation `intervention_bkt' on page 7 undefined on inpu
t line 690.


Package natbib Warning: Citation `ensemble_kt' on page 7 undefined on input lin
e 690.


Package natbib Warning: Citation `deep_kt' on page 7 undefined on input line 69
0.


Package natbib Warning: Citation `pardos_serendipity' on page 7 undefined on in
put line 690.


Package natbib Warning: Citation `10.1145/3397482.3450721' on page 7 undefined 
on input line 707.


Package natbib Warning: Citation `bulathwela2023scalable' on page 7 undefined o
n input line 709.


Package natbib Warning: Citation `bulath2023neurips' on page 7 undefined on inp
ut line 709.


Underfull \hbox (badness 7186) in paragraph at lines 714--715
\OT1/ptm/m/n/10 This work is par-tially sup-ported by the Eu-ro-pean
 []

[7]
No file Formatting-Instructions-LaTeX-2024_changed.bbl.
<problem_setting.pdf, id=435, 571.70369pt x 428.64784pt>
File: problem_setting.pdf Graphic file (type pdf)
<use problem_setting.pdf>
Package pdftex.def Info: problem_setting.pdf  used on input line 758.
(pdftex.def)             Requested size: 155.60487pt x 116.66522pt.

LaTeX Warning: Reference `eq:cbf_baseline' on page 8 undefined on input line 77
1.


Underfull \hbox (badness 2744) in paragraph at lines 771--772
 \OT1/ptm/b/n/10 Content-based Sim-i-lar-ity \OT1/ptm/m/n/10 Content-based fil-
ter-ing can
 []


LaTeX Warning: Reference `eq:wiki_cos' on page 8 undefined on input line 783.


LaTeX Warning: Reference `eq:concept_jaccard' on page 8 undefined on input line
 790.


LaTeX Warning: Reference `eq:user_jaccard' on page 8 undefined on input line 79
9.

<results_plot.pdf, id=436, 1453.93004pt x 333.25964pt>
File: results_plot.pdf Graphic file (type pdf)
<use results_plot.pdf>
Package pdftex.def Info: results_plot.pdf  used on input line 818.
(pdftex.def)             Requested size: 263.33527pt x 60.36044pt.

LaTeX Warning: `h' float specifier changed to `ht'.


Overfull \hbox (10.77963pt too wide) in paragraph at lines 829--852
 [][] 
 []


LaTeX Warning: `h' float specifier changed to `ht'.


Overfull \hbox (18.05345pt too wide) in paragraph at lines 861--879
 [][] 
 []


LaTeX Warning: `!h' float specifier changed to `!ht'.


LaTeX Warning: Reference `fig:INK_ACC' on page 8 undefined on input line 889.

<INK_accuracy.pdf, id=437, 872.3969pt x 648.35902pt>
File: INK_accuracy.pdf Graphic file (type pdf)
<use INK_accuracy.pdf>
Package pdftex.def Info: INK_accuracy.pdf  used on input line 894.
(pdftex.def)             Requested size: 239.39438pt x 177.90851pt.
[8

 <./problem_setting.pdf>]

LaTeX Warning: `h' float specifier changed to `ht'.


LaTeX Warning: Reference `fig:INK_MET' on page 9 undefined on input line 903.

<ink_metrics.pdf, id=510, 844.68259pt x 701.37454pt>
File: ink_metrics.pdf Graphic file (type pdf)
<use ink_metrics.pdf>
Package pdftex.def Info: ink_metrics.pdf  used on input line 908.
(pdftex.def)             Requested size: 239.39438pt x 198.7808pt.

LaTeX Warning: `h' float specifier changed to `ht'.

<vis_plots.pdf, id=511, 381.3548pt x 389.94012pt>
File: vis_plots.pdf Graphic file (type pdf)
<use vis_plots.pdf>
Package pdftex.def Info: vis_plots.pdf  used on input line 921.
(pdftex.def)             Requested size: 239.39438pt x 244.78893pt.

LaTeX Warning: `!h' float specifier changed to `!ht'.

<TrueLearn_models.pdf, id=512, 567.48389pt x 281.25833pt>
File: TrueLearn_models.pdf Graphic file (type pdf)
<use TrueLearn_models.pdf>
Package pdftex.def Info: TrueLearn_models.pdf  used on input line 933.
(pdftex.def)             Requested size: 379.4175pt x 188.05154pt.

LaTeX Warning: `h' float specifier changed to `ht'.


LaTeX Warning: Reference `tab:features' on page 9 undefined on input line 944.


LaTeX Warning: `h' float specifier changed to `ht'.


Package natbib Warning: There were undefined citations.

[9 <./results_plot.pdf> <./INK_accuracy.pdf

pdfTeX warning: pdflatex.exe (file ./INK_accuracy.pdf): PDF inclusion: multiple
 pdfs with page group included in a single page
>] [10 <./ink_metrics.pdf> <./vis_plots.pdf

pdfTeX warning: pdflatex.exe (file ./vis_plots.pdf): PDF inclusion: multiple pd
fs with page group included in a single page
>] [11 <./TrueLearn_models.pdf>]
(Formatting-Instructions-LaTeX-2024_changed.aux)
 ***********
LaTeX2e <2023-06-01> patch level 1
L3 programming layer <2023-08-29>
 ***********


LaTeX Warning: There were undefined references.


LaTeX Warning: Label(s) may have changed. Rerun to get cross-references right.

 ) 
Here is how much of TeX's memory you used:
 5282 strings out of 475247
 89122 string characters out of 5757792
 1945801 words of memory out of 5000000
 26760 multiletter control sequences out of 15000+600000
 585148 words of font info for 84 fonts, out of 8000000 for 9000
 1141 hyphenation exceptions out of 8191
 57i,11n,65p,1418b,356s stack positions out of 10000i,1000n,20000p,200000b,200000s
<C:/Users/micha/AppData/Local/Programs/MiKTeX/fonts/type1/public/amsfonts/cm/
cmex10.pfb><C:/Users/micha/AppData/Local/Programs/MiKTeX/fonts/type1/public/ams
fonts/cm/cmmi10.pfb><C:/Users/micha/AppData/Local/Programs/MiKTeX/fonts/type1/p
ublic/amsfonts/cm/cmmi5.pfb><C:/Users/micha/AppData/Local/Programs/MiKTeX/fonts
/type1/public/amsfonts/cm/cmmi6.pfb><C:/Users/micha/AppData/Local/Programs/MiKT
eX/fonts/type1/public/amsfonts/cm/cmmi7.pfb><C:/Users/micha/AppData/Local/Progr
ams/MiKTeX/fonts/type1/public/amsfonts/cm/cmmi9.pfb><C:/Users/micha/AppData/Loc
al/Programs/MiKTeX/fonts/type1/public/amsfonts/cm/cmr10.pfb><C:/Users/micha/App
Data/Local/Programs/MiKTeX/fonts/type1/public/amsfonts/cm/cmr7.pfb><C:/Users/mi
cha/AppData/Local/Programs/MiKTeX/fonts/type1/public/amsfonts/cm/cmr9.pfb><C:/U
sers/micha/AppData/Local/Programs/MiKTeX/fonts/type1/public/amsfonts/cm/cmsy10.
pfb><C:/Users/micha/AppData/Local/Programs/MiKTeX/fonts/type1/public/amsfonts/c
m/cmsy5.pfb><C:/Users/micha/AppData/Local/Programs/MiKTeX/fonts/type1/public/am
sfonts/cm/cmsy6.pfb><C:/Users/micha/AppData/Local/Programs/MiKTeX/fonts/type1/p
ublic/amsfonts/cm/cmsy7.pfb><C:/Users/micha/AppData/Local/Programs/MiKTeX/fonts
/type1/public/amsfonts/cm/cmsy9.pfb><C:/Users/micha/AppData/Local/Programs/MiKT
eX/fonts/type1/urw/courier/ucrb8a.pfb><C:/Users/micha/AppData/Local/Programs/Mi
KTeX/fonts/type1/urw/courier/ucrr8a.pfb><C:/Users/micha/AppData/Local/Programs/
MiKTeX/fonts/type1/urw/times/utmb8a.pfb><C:/Users/micha/AppData/Local/Programs/
MiKTeX/fonts/type1/urw/times/utmr8a.pfb><C:/Users/micha/AppData/Local/Programs/
MiKTeX/fonts/type1/urw/times/utmri8a.pfb>
Output written on Formatting-Instructions-LaTeX-2024_changed.pdf (11 pages, 337
1883 bytes).
PDF statistics:
 881 PDF objects out of 1000 (max. 8388607)
 0 named destinations out of 1000 (max. 500000)
 46 words of extra memory for PDF output out of 10000 (max. 10000000)

