This is pdfTeX, Version 3.141592653-2.6-1.40.25 (MiKTeX 23.5) (preloaded format=pdflatex 2024.1.12)  3 MAR 2024 12:51
entering extended mode
 restricted \write18 enabled.
 %&-line parsing enabled.
**./lra_recirc_changed.tex
(lra_recirc_changed.tex
LaTeX2e <2023-06-01> patch level 1
L3 programming layer <2023-08-29>
(C:\Users\orfuc\AppData\Local\Programs\MiKTeX\tex/latex/base\article.cls
Document Class: article 2023/05/17 v1.4n Standard LaTeX document class
(C:\Users\orfuc\AppData\Local\Programs\MiKTeX\tex/latex/base\size10.clo
File: size10.clo 2023/05/17 v1.4n Standard LaTeX file (size option)
)
\c@part=\count185
\c@section=\count186
\c@subsection=\count187
\c@subsubsection=\count188
\c@paragraph=\count189
\c@subparagraph=\count190
\c@figure=\count191
\c@table=\count192
\abovecaptionskip=\skip48
\belowcaptionskip=\skip49
\bibindent=\dimen140
)
(aaai19.sty
Conference Style for AAAI for LaTeX 2e -- version for the AAAI-19 conference
\titlebox=\skip50
) (C:\Users\orfuc\AppData\Local\Programs\MiKTeX\tex/latex/psnfss\times.sty
Package: times 2020/03/25 PSNFSS-v9.3 (SPQR) 
)
(C:\Users\orfuc\AppData\Local\Programs\MiKTeX\tex/latex/psnfss\helvet.sty
Package: helvet 2020/03/25 PSNFSS-v9.3 (WaS) 

(C:\Users\orfuc\AppData\Local\Programs\MiKTeX\tex/latex/graphics\keyval.sty
Package: keyval 2022/05/29 v1.15 key=value parser (DPC)
\KV@toks@=\toks17
))
(C:\Users\orfuc\AppData\Local\Programs\MiKTeX\tex/latex/psnfss\courier.sty
Package: courier 2020/03/25 PSNFSS-v9.3 (WaS) 
)
(C:\Users\orfuc\AppData\Local\Programs\MiKTeX\tex/latex/url\url.sty
\Urlmuskip=\muskip16
Package: url 2013/09/16  ver 3.4  Verb mode for urls, etc.
)
(C:\Users\orfuc\AppData\Local\Programs\MiKTeX\tex/latex/graphics\graphicx.sty
Package: graphicx 2021/09/16 v1.2d Enhanced LaTeX Graphics (DPC,SPQR)

(C:\Users\orfuc\AppData\Local\Programs\MiKTeX\tex/latex/graphics\graphics.sty
Package: graphics 2022/03/10 v1.4e Standard LaTeX Graphics (DPC,SPQR)

(C:\Users\orfuc\AppData\Local\Programs\MiKTeX\tex/latex/graphics\trig.sty
Package: trig 2021/08/11 v1.11 sin cos tan (DPC)
)
(C:\Users\orfuc\AppData\Local\Programs\MiKTeX\tex/latex/graphics-cfg\graphics.c
fg
File: graphics.cfg 2016/06/04 v1.11 sample graphics configuration
)
Package graphics Info: Driver file: pdftex.def on input line 107.

(C:\Users\orfuc\AppData\Local\Programs\MiKTeX\tex/latex/graphics-def\pdftex.def
File: pdftex.def 2022/09/22 v1.2b Graphics/color driver for pdftex
))
\Gin@req@height=\dimen141
\Gin@req@width=\dimen142
) (C:\Users\orfuc\AppData\Local\Programs\MiKTeX\tex/latex/base\inputenc.sty
Package: inputenc 2021/02/14 v1.3d Input encoding file
\inpenc@prehook=\toks18
\inpenc@posthook=\toks19
)
(C:\Users\orfuc\AppData\Local\Programs\MiKTeX\tex/latex/base\fontenc.sty
Package: fontenc 2021/04/29 v2.0v Standard LaTeX package
LaTeX Font Info:    Trying to load font information for T1+ptm on input line 11
2.

(C:\Users\orfuc\AppData\Local\Programs\MiKTeX\tex/latex/psnfss\t1ptm.fd
File: t1ptm.fd 2001/06/04 font definitions for T1/ptm.
))
(C:\Users\orfuc\AppData\Local\Programs\MiKTeX\tex/latex/booktabs\booktabs.sty
Package: booktabs 2020/01/12 v1.61803398 Publication quality tables
\heavyrulewidth=\dimen143
\lightrulewidth=\dimen144
\cmidrulewidth=\dimen145
\belowrulesep=\dimen146
\belowbottomsep=\dimen147
\aboverulesep=\dimen148
\abovetopsep=\dimen149
\cmidrulesep=\dimen150
\cmidrulekern=\dimen151
\defaultaddspace=\dimen152
\@cmidla=\count193
\@cmidlb=\count194
\@aboverulesep=\dimen153
\@belowrulesep=\dimen154
\@thisruleclass=\count195
\@lastruleclass=\count196
\@thisrulewidth=\dimen155
)
(C:\Users\orfuc\AppData\Local\Programs\MiKTeX\tex/latex/amsfonts\amsfonts.sty
Package: amsfonts 2013/01/14 v3.01 Basic AMSFonts support
\@emptytoks=\toks20
\symAMSa=\mathgroup4
\symAMSb=\mathgroup5
LaTeX Font Info:    Redeclaring math symbol \hbar on input line 98.
LaTeX Font Info:    Overwriting math alphabet `\mathfrak' in version `bold'
(Font)                  U/euf/m/n --> U/euf/b/n on input line 106.
)
(C:\Users\orfuc\AppData\Local\Programs\MiKTeX\tex/latex/units\nicefrac.sty
Package: nicefrac 1998/08/04 v0.9b Nice fractions
\L@UnitsRaiseDisplaystyle=\skip51
\L@UnitsRaiseTextstyle=\skip52
\L@UnitsRaiseScriptstyle=\skip53

(C:\Users\orfuc\AppData\Local\Programs\MiKTeX\tex/latex/base\ifthen.sty
Package: ifthen 2022/04/13 v1.1d Standard LaTeX ifthen package (DPC)
))
(C:\Users\orfuc\AppData\Local\Programs\MiKTeX\tex/latex/microtype\microtype.sty
Package: microtype 2023/03/13 v3.1a Micro-typographical refinements (RS)
(C:\Users\orfuc\AppData\Local\Programs\MiKTeX\tex/latex/etoolbox\etoolbox.sty
Package: etoolbox 2020/10/05 v2.5k e-TeX tools for LaTeX (JAW)
\etb@tempcnta=\count197
)
\MT@toks=\toks21
\MT@tempbox=\box51
\MT@count=\count198
LaTeX Info: Redefining \noprotrusionifhmode on input line 1059.
LaTeX Info: Redefining \leftprotrusion on input line 1060.
\MT@prot@toks=\toks22
LaTeX Info: Redefining \rightprotrusion on input line 1078.
LaTeX Info: Redefining \textls on input line 1368.
\MT@outer@kern=\dimen156
LaTeX Info: Redefining \textmicrotypecontext on input line 1988.
\MT@listname@count=\count199

(C:\Users\orfuc\AppData\Local\Programs\MiKTeX\tex/latex/microtype\microtype-pdf
tex.def
File: microtype-pdftex.def 2023/03/13 v3.1a Definitions specific to pdftex (RS)

LaTeX Info: Redefining \lsstyle on input line 902.
LaTeX Info: Redefining \lslig on input line 902.
\MT@outer@space=\skip54
)
Package microtype Info: Loading configuration file microtype.cfg.

(C:\Users\orfuc\AppData\Local\Programs\MiKTeX\tex/latex/microtype\microtype.cfg
File: microtype.cfg 2023/03/13 v3.1a microtype main configuration file (RS)
))
(C:\Users\orfuc\AppData\Local\Programs\MiKTeX\tex/latex/algorithms\algorithm.st
y
Package: algorithm 2009/08/24 v0.1 Document Style `algorithm' - floating enviro
nment
 (C:\Users\orfuc\AppData\Local\Programs\MiKTeX\tex/latex/float\float.sty
Package: float 2001/11/08 v1.3d Float enhancements (AL)
\c@float@type=\count266
\float@exts=\toks23
\float@box=\box52
\@float@everytoks=\toks24
\@floatcapt=\box53
)
\@float@every@algorithm=\toks25
\c@algorithm=\count267
)
(C:\Users\orfuc\AppData\Local\Programs\MiKTeX\tex/latex/algorithmicx\algorithmi
cx.sty
Package: algorithmicx 2005/04/27 v1.2 Algorithmicx

Document Style algorithmicx 1.2 - a greatly improved `algorithmic' style
\c@ALG@line=\count268
\c@ALG@rem=\count269
\c@ALG@nested=\count270
\ALG@tlm=\skip55
\ALG@thistlm=\skip56
\c@ALG@Lnr=\count271
\c@ALG@blocknr=\count272
\c@ALG@storecount=\count273
\c@ALG@tmpcounter=\count274
\ALG@tmplength=\skip57
)
(C:\Users\orfuc\AppData\Local\Programs\MiKTeX\tex/latex/algorithmicx\algpseudoc
ode.sty
Package: algpseudocode 

Document Style - pseudocode environments for use with the `algorithmicx' style
) (C:\Users\orfuc\AppData\Local\Programs\MiKTeX\tex/latex/amsfonts\amssymb.sty
Package: amssymb 2013/01/14 v3.01 AMS font symbols
) (C:\Users\orfuc\AppData\Local\Programs\MiKTeX\tex/latex/amsmath\amsmath.sty
Package: amsmath 2023/05/13 v2.17o AMS math features
\@mathmargin=\skip58

For additional information on amsmath, use the `?' option.
(C:\Users\orfuc\AppData\Local\Programs\MiKTeX\tex/latex/amsmath\amstext.sty
Package: amstext 2021/08/26 v2.01 AMS text

(C:\Users\orfuc\AppData\Local\Programs\MiKTeX\tex/latex/amsmath\amsgen.sty
File: amsgen.sty 1999/11/30 v2.0 generic functions
\@emptytoks=\toks26
\ex@=\dimen157
))
(C:\Users\orfuc\AppData\Local\Programs\MiKTeX\tex/latex/amsmath\amsbsy.sty
Package: amsbsy 1999/11/29 v1.2d Bold Symbols
\pmbraise@=\dimen158
)
(C:\Users\orfuc\AppData\Local\Programs\MiKTeX\tex/latex/amsmath\amsopn.sty
Package: amsopn 2022/04/08 v2.04 operator names
)
\inf@bad=\count275
LaTeX Info: Redefining \frac on input line 234.
\uproot@=\count276
\leftroot@=\count277
LaTeX Info: Redefining \overline on input line 399.
LaTeX Info: Redefining \colon on input line 410.
\classnum@=\count278
\DOTSCASE@=\count279
LaTeX Info: Redefining \ldots on input line 496.
LaTeX Info: Redefining \dots on input line 499.
LaTeX Info: Redefining \cdots on input line 620.
\Mathstrutbox@=\box54
\strutbox@=\box55
LaTeX Info: Redefining \big on input line 722.
LaTeX Info: Redefining \Big on input line 723.
LaTeX Info: Redefining \bigg on input line 724.
LaTeX Info: Redefining \Bigg on input line 725.
\big@size=\dimen159
LaTeX Font Info:    Redeclaring font encoding OML on input line 743.
LaTeX Font Info:    Redeclaring font encoding OMS on input line 744.
\macc@depth=\count280
LaTeX Info: Redefining \bmod on input line 905.
LaTeX Info: Redefining \pmod on input line 910.
LaTeX Info: Redefining \smash on input line 940.
LaTeX Info: Redefining \relbar on input line 970.
LaTeX Info: Redefining \Relbar on input line 971.
\c@MaxMatrixCols=\count281
\dotsspace@=\muskip17
\c@parentequation=\count282
\dspbrk@lvl=\count283
\tag@help=\toks27
\row@=\count284
\column@=\count285
\maxfields@=\count286
\andhelp@=\toks28
\eqnshift@=\dimen160
\alignsep@=\dimen161
\tagshift@=\dimen162
\tagwidth@=\dimen163
\totwidth@=\dimen164
\lineht@=\dimen165
\@envbody=\toks29
\multlinegap=\skip59
\multlinetaggap=\skip60
\mathdisplay@stack=\toks30
LaTeX Info: Redefining \[ on input line 2953.
LaTeX Info: Redefining \] on input line 2954.
)
(C:\Users\orfuc\AppData\Local\Programs\MiKTeX\tex/latex/subfigure\subfigure.sty
Package: subfigure 2002/07/30 v2.1.4 subfigure package
\subfigtopskip=\skip61
\subfigcapskip=\skip62
\subfigcaptopadj=\dimen166
\subfigbottomskip=\skip63
\subfigcapmargin=\dimen167
\subfiglabelskip=\skip64
\c@subfigure=\count287
\c@lofdepth=\count288
\c@subtable=\count289
\c@lotdepth=\count290
****************************************
* Local config file subfigure.cfg used *
****************************************

(C:\Users\orfuc\AppData\Local\Programs\MiKTeX\tex/latex/subfigure\subfigure.cfg
)
\subfig@top=\skip65
\subfig@bottom=\skip66
)
\myindent=\skip67

(C:\Users\orfuc\AppData\Local\Programs\MiKTeX\tex/latex/l3backend\l3backend-pdf
tex.def
File: l3backend-pdftex.def 2023-04-19 L3 backend support: PDF output (pdfTeX)
\l__color_backend_stack_int=\count291
\l__pdf_internal_box=\box56
) (lra_recirc_changed.aux)
\openout1 = `lra_recirc_changed.aux'.

LaTeX Font Info:    Checking defaults for OML/cmm/m/it on input line 53.
LaTeX Font Info:    ... okay on input line 53.
LaTeX Font Info:    Checking defaults for OMS/cmsy/m/n on input line 53.
LaTeX Font Info:    ... okay on input line 53.
LaTeX Font Info:    Checking defaults for OT1/cmr/m/n on input line 53.
LaTeX Font Info:    ... okay on input line 53.
LaTeX Font Info:    Checking defaults for T1/cmr/m/n on input line 53.
LaTeX Font Info:    ... okay on input line 53.
LaTeX Font Info:    Checking defaults for TS1/cmr/m/n on input line 53.
LaTeX Font Info:    ... okay on input line 53.
LaTeX Font Info:    Checking defaults for OMX/cmex/m/n on input line 53.
LaTeX Font Info:    ... okay on input line 53.
LaTeX Font Info:    Checking defaults for U/cmr/m/n on input line 53.
LaTeX Font Info:    ... okay on input line 53.

(C:\Users\orfuc\AppData\Local\Programs\MiKTeX\tex/context/base/mkii\supp-pdf.mk
ii
[Loading MPS to PDF converter (version 2006.09.02).]
\scratchcounter=\count292
\scratchdimen=\dimen168
\scratchbox=\box57
\nofMPsegments=\count293
\nofMParguments=\count294
\everyMPshowfont=\toks31
\MPscratchCnt=\count295
\MPscratchDim=\dimen169
\MPnumerator=\count296
\makeMPintoPDFobject=\count297
\everyMPtoPDFconversion=\toks32
)
(C:\Users\orfuc\AppData\Local\Programs\MiKTeX\tex/latex/epstopdf-pkg\epstopdf-b
ase.sty
Package: epstopdf-base 2020-01-24 v2.11 Base part for package epstopdf
Package epstopdf-base Info: Redefining graphics rule for `.eps' on input line 4
85.

(C:\Users\orfuc\AppData\Local\Programs\MiKTeX\tex/latex/00miktex\epstopdf-sys.c
fg
File: epstopdf-sys.cfg 2021/03/18 v2.0 Configuration of epstopdf for MiKTeX
))
LaTeX Info: Redefining \microtypecontext on input line 53.
Package microtype Info: Applying patch `item' on input line 53.
Package microtype Info: Applying patch `toc' on input line 53.
Package microtype Info: Applying patch `eqnum' on input line 53.
Package microtype Info: Applying patch `footnote' on input line 53.
Package microtype Info: Applying patch `verbatim' on input line 53.
Package microtype Info: Generating PDF output.
Package microtype Info: Character protrusion enabled (level 2).
Package microtype Info: Using default protrusion set `alltext'.
Package microtype Info: Automatic font expansion enabled (level 2),
(microtype)             stretch: 20, shrink: 20, step: 1, non-selected.
Package microtype Info: Using default expansion set `alltext-nott'.
LaTeX Info: Redefining \showhyphens on input line 53.
Package microtype Info: No adjustment of tracking.
Package microtype Info: No adjustment of interword spacing.
Package microtype Info: No adjustment of character kerning.

(C:\Users\orfuc\AppData\Local\Programs\MiKTeX\tex/latex/microtype\mt-ptm.cfg
File: mt-ptm.cfg 2006/04/20 v1.7 microtype config. file: Times (RS)
)
(C:\Users\orfuc\AppData\Local\Programs\MiKTeX\tex/latex/microtype\mt-cmr.cfg
File: mt-cmr.cfg 2013/05/19 v2.2 microtype config. file: Computer Modern Roman 
(RS)
)
LaTeX Font Info:    Trying to load font information for U+msa on input line 76.


(C:\Users\orfuc\AppData\Local\Programs\MiKTeX\tex/latex/amsfonts\umsa.fd
File: umsa.fd 2013/01/14 v3.01 AMS symbols A
)
(C:\Users\orfuc\AppData\Local\Programs\MiKTeX\tex/latex/microtype\mt-msa.cfg
File: mt-msa.cfg 2006/02/04 v1.1 microtype config. file: AMS symbols (a) (RS)
)
LaTeX Font Info:    Trying to load font information for U+msb on input line 76.


(C:\Users\orfuc\AppData\Local\Programs\MiKTeX\tex/latex/amsfonts\umsb.fd
File: umsb.fd 2013/01/14 v3.01 AMS symbols B
)
(C:\Users\orfuc\AppData\Local\Programs\MiKTeX\tex/latex/microtype\mt-msb.cfg
File: mt-msb.cfg 2005/06/01 v1.0 microtype config. file: AMS symbols (b) (RS)
)
LaTeX Font Info:    Trying to load font information for TS1+ptm on input line 7
6.

(C:\Users\orfuc\AppData\Local\Programs\MiKTeX\tex/latex/psnfss\ts1ptm.fd
File: ts1ptm.fd 2001/06/04 font definitions for TS1/ptm.
)
LaTeX Font Info:    Trying to load font information for T1+pcr on input line 76
.

(C:\Users\orfuc\AppData\Local\Programs\MiKTeX\tex/latex/psnfss\t1pcr.fd
File: t1pcr.fd 2001/06/04 font definitions for T1/pcr.
)
Package microtype Info: Loading generic protrusion settings for font family
(microtype)             `pcr' (encoding: T1).
(microtype)             For optimal results, create family-specific settings.
(microtype)             See the microtype manual for details.


LaTeX Warning: Citation `rumelhart1988backprop' on page 1 undefined on input li
ne 82.


LaTeX Warning: Citation `ororbia2017learning' on page 1 undefined on input line
 87.


LaTeX Warning: Citation `ororbia2018conducting' on page 1 undefined on input li
ne 87.


LaTeX Warning: Citation `grossberg1982does' on page 1 undefined on input line 8
8.


LaTeX Warning: Citation `rao1999predictive' on page 1 undefined on input line 8
8.


LaTeX Warning: Citation `huang2011predictive' on page 1 undefined on input line
 88.


LaTeX Warning: Citation `pascanu2013difficulty' on page 1 undefined on input li
ne 88.


LaTeX Warning: Citation `ororbia2017unifying' on page 1 undefined on input line
 90.


LaTeX Warning: Citation `bengio2015towards' on page 1 undefined on input line 9
0.


LaTeX Warning: Citation `ororbia2017learning' on page 1 undefined on input line
 92.


LaTeX Warning: Citation `ororbia2017learning' on page 1 undefined on input line
 100.


LaTeX Warning: Citation `panichello2013predictive' on page 1 undefined on input
 line 105.


LaTeX Warning: Citation `li2018predictive' on page 1 undefined on input line 10
5.


LaTeX Warning: Citation `feng2018multi' on page 1 undefined on input line 111.

[1{C:/Users/orfuc/AppData/Local/MiKTeX/fonts/map/pdftex/pdftex.map}{C:/Users/or
fuc/AppData/Local/Programs/MiKTeX/fonts/enc/dvips/base/8r.enc}



]

LaTeX Warning: Citation `jaderberg2016decoupled' on page 2 undefined on input l
ine 113.


LaTeX Warning: Citation `balduzzi2015kickback' on page 2 undefined on input lin
e 113.


LaTeX Warning: Citation `whittington2017equivalence' on page 2 undefined on inp
ut line 113.


LaTeX Warning: Citation `bengio_greedy_2007' on page 2 undefined on input line 
113.


LaTeX Warning: Citation `lee_deeply-supervised_2014' on page 2 undefined on inp
ut line 113.


LaTeX Warning: Citation `ororbia_deep_hybrid_2015a' on page 2 undefined on inpu
t line 113.


LaTeX Warning: Citation `ororbia2015online' on page 2 undefined on input line 1
13.


LaTeX Warning: Citation `grossberg_resonance_1987' on page 2 undefined on input
 line 119.


LaTeX Warning: Citation `liao2016important' on page 2 undefined on input line 1
19.


LaTeX Warning: Citation `lillicrap2016random' on page 2 undefined on input line
 119.


LaTeX Warning: Citation `nokland2016direct' on page 2 undefined on input line 1
19.


LaTeX Warning: Citation `ororbia2017learning' on page 2 undefined on input line
 119.


LaTeX Warning: Citation `ororbia2018conducting' on page 2 undefined on input li
ne 119.


LaTeX Warning: Citation `olshausen1997sparse' on page 2 undefined on input line
 145.


LaTeX Warning: Citation `kavukcuoglu2010fast' on page 2 undefined on input line
 145.


LaTeX Warning: Citation `rao1999predictive' on page 2 undefined on input line 1
45.

[2]
Underfull \vbox (badness 2111) has occurred while \output is active []



LaTeX Warning: Citation `hinton1988learning' on page 3 undefined on input line 
200.


LaTeX Warning: Citation `rao1997dynamic' on page 3 undefined on input line 202.



Underfull \hbox (badness 2512) in paragraph at lines 205--206
[]\T1/ptm/m/n/10 (+20) In Al-go-rithm 1[], the equa-tions in this sec-tion are
 []


Underfull \hbox (badness 1776) in paragraph at lines 205--206
\T1/ptm/m/n/10 (+20) com-bined to cre-ate the full pro-ce-dure for train-ing a
 []


Underfull \hbox (badness 1107) in paragraph at lines 205--206
\T1/ptm/m/n/10 (+20) 3-layer MLP (us-ing ei-ther $[]\OT1/cmr/m/n/10 (\OMS/cmsy/
m/n/10 ^^A\OT1/cmr/m/n/10 )$ \T1/ptm/m/n/10 (+20) or
 []

<figs/grad_angles.pdf, id=24, 505.89pt x 505.89pt>
File: figs/grad_angles.pdf Graphic file (type pdf)
<use figs/grad_angles.pdf>
Package pdftex.def Info: figs/grad_angles.pdf  used on input line 210.
(pdftex.def)             Requested size: 162.1807pt x 162.18143pt.
<figs/discrep.pdf, id=25, 505.89pt x 505.89pt>
File: figs/discrep.pdf Graphic file (type pdf)
<use figs/discrep.pdf>
Package pdftex.def Info: figs/discrep.pdf  used on input line 213.
(pdftex.def)             Requested size: 162.1807pt x 162.18143pt.
[3]

LaTeX Warning: Citation `hinton1988learning' on page 4 undefined on input line 
238.


LaTeX Warning: Citation `o1996biologically' on page 4 undefined on input line 2
38.


LaTeX Warning: Citation `ororbia2017learning' on page 4 undefined on input line
 238.


LaTeX Warning: Citation `ororbia2018conducting' on page 4 undefined on input li
ne 238.


LaTeX Warning: Citation `ororbia2018conducting' on page 4 undefined on input li
ne 240.


LaTeX Warning: Citation `adrian' on page 4 undefined on input line 252.


LaTeX Warning: Citation `TOMKO1974405' on page 4 undefined on input line 252.


LaTeX Warning: Citation `TOLHURST1983775' on page 4 undefined on input line 252
.


LaTeX Warning: Citation `pmid9570816' on page 4 undefined on input line 252.


LaTeX Warning: Citation `shu' on page 4 undefined on input line 252.


LaTeX Warning: Citation `Kruglikov' on page 4 undefined on input line 252.


LaTeX Warning: Citation `pmid9570816' on page 4 undefined on input line 252.


LaTeX Warning: Citation `Cordo' on page 4 undefined on input line 252.


LaTeX Warning: Citation `pmid9570816' on page 4 undefined on input line 252.


LaTeX Warning: Citation `faizal' on page 4 undefined on input line 252.


LaTeX Warning: Citation `pmid9570816' on page 4 undefined on input line 252.


LaTeX Warning: Citation `Sarpeshkar' on page 4 undefined on input line 252.


LaTeX Warning: Citation `Laughlin' on page 4 undefined on input line 252.

[4 <./figs/grad_angles.pdf> <./figs/discrep.pdf>]

LaTeX Warning: Citation `lee2015difference' on page 5 undefined on input line 2
62.


LaTeX Warning: Citation `xiao2017fashion' on page 5 undefined on input line 277
.


LaTeX Warning: Citation `srivastava2014dropout' on page 5 undefined on input li
ne 279.


LaTeX Warning: Citation `glorot2010understanding' on page 5 undefined on input 
line 283.


LaTeX Warning: Citation `ororbia2018conducting' on page 5 undefined on input li
ne 283.


LaTeX Warning: Citation `ororbia2018conducting' on page 5 undefined on input li
ne 337.


LaTeX Warning: Citation `lee2015targetprop' on page 5 undefined on input line 3
37.


LaTeX Warning: Citation `tieleman2012rmsprop' on page 5 undefined on input line
 337.

<figs/dfa_z5_embed.pdf, id=46, 505.89pt x 505.89pt>
File: figs/dfa_z5_embed.pdf Graphic file (type pdf)
<use figs/dfa_z5_embed.pdf>
Package pdftex.def Info: figs/dfa_z5_embed.pdf  used on input line 360.
(pdftex.def)             Requested size: 93.89409pt x 93.88922pt.
<figs/eprop_z5_embed.pdf, id=47, 505.89pt x 505.89pt>
File: figs/eprop_z5_embed.pdf Graphic file (type pdf)
<use figs/eprop_z5_embed.pdf>
Package pdftex.def Info: figs/eprop_z5_embed.pdf  used on input line 362.
(pdftex.def)             Requested size: 93.89409pt x 93.88922pt.
<figs/dtp_z5_embed.pdf, id=48, 505.89pt x 505.89pt>
File: figs/dtp_z5_embed.pdf Graphic file (type pdf)
<use figs/dtp_z5_embed.pdf>
Package pdftex.def Info: figs/dtp_z5_embed.pdf  used on input line 364.
(pdftex.def)             Requested size: 93.89409pt x 93.88922pt.
<figs/lra_z5_embed.pdf, id=49, 505.89pt x 505.89pt>
File: figs/lra_z5_embed.pdf Graphic file (type pdf)
<use figs/lra_z5_embed.pdf>
Package pdftex.def Info: figs/lra_z5_embed.pdf  used on input line 366.
(pdftex.def)             Requested size: 93.89409pt x 93.88922pt.

LaTeX Warning: Citation `lillicrap2014random' on page 5 undefined on input line
 371.


LaTeX Warning: Citation `nokland2016direct' on page 5 undefined on input line 3
71.


LaTeX Warning: Citation `scellier2017equilibrium' on page 5 undefined on input 
line 371.


LaTeX Warning: Citation `lee2015difference' on page 5 undefined on input line 3
73.


LaTeX Warning: Citation `lee2015difference' on page 5 undefined on input line 3
75.


LaTeX Warning: Citation `kingma2014adam' on page 5 undefined on input line 375.



LaTeX Warning: Citation `tieleman2012rmsprop' on page 5 undefined on input line
 375.

[5]
<figs/5layer.png, id=54, 602.25pt x 372.39125pt>
File: figs/5layer.png Graphic file (type png)
<use figs/5layer.png>
Package pdftex.def Info: figs/5layer.png  used on input line 382.
(pdftex.def)             Requested size: 207.70511pt x 128.42966pt.
<figs/8layer.png, id=55, 602.25pt x 372.39125pt>
File: figs/8layer.png Graphic file (type png)
<use figs/8layer.png>
Package pdftex.def Info: figs/8layer.png  used on input line 384.
(pdftex.def)             Requested size: 207.70511pt x 128.42966pt.


LaTeX Warning: Citation `maaten2008visualizing' on page 6 undefined on input li
ne 390.


LaTeX Warning: Citation `ororbia2018conducting' on page 6 undefined on input li
ne 392.


Underfull \vbox (badness 4713) has occurred while \output is active []


Underfull \vbox (badness 10000) has occurred while \output is active []

 [6 <./figs/dfa_z5_embed.pdf> <./figs/eprop_z5_embed.pdf> <./figs/dtp_z5_embed.
pdf> <./figs/lra_z5_embed.pdf>]
No file lra_recirc_changed.bbl.

Underfull \vbox (badness 10000) has occurred while \output is active []

 [7 <./figs/5layer.png (PNG copy)> <./figs/8layer.png (PNG copy)>] [8

]
(lra_recirc_changed.aux)
 ***********
LaTeX2e <2023-06-01> patch level 1
L3 programming layer <2023-08-29>
 ***********
 ) 
Here is how much of TeX's memory you used:
 6828 strings out of 475247
 106914 string characters out of 5757792
 1956801 words of memory out of 5000000
 27915 multiletter control sequences out of 15000+600000
 629474 words of font info for 305 fonts, out of 8000000 for 9000
 1141 hyphenation exceptions out of 8191
 57i,15n,65p,4384b,384s stack positions out of 10000i,1000n,20000p,200000b,200000s
<C:/Users/orfuc/AppData/Local/Programs/MiKTeX/fonts/type1/public/amsfonts/cm/
cmbx10.pfb><C:/Users/orfuc/AppData/Local/Programs/MiKTeX/fonts/type1/public/ams
fonts/cm/cmbx7.pfb><C:/Users/orfuc/AppData/Local/Programs/MiKTeX/fonts/type1/pu
blic/amsfonts/cm/cmex10.pfb><C:/Users/orfuc/AppData/Local/Programs/MiKTeX/fonts
/type1/public/amsfonts/cmextra/cmex7.pfb><C:/Users/orfuc/AppData/Local/Programs
/MiKTeX/fonts/type1/public/amsfonts/cm/cmmi10.pfb><C:/Users/orfuc/AppData/Local
/Programs/MiKTeX/fonts/type1/public/amsfonts/cm/cmmi5.pfb><C:/Users/orfuc/AppDa
ta/Local/Programs/MiKTeX/fonts/type1/public/amsfonts/cm/cmmi7.pfb><C:/Users/orf
uc/AppData/Local/Programs/MiKTeX/fonts/type1/public/amsfonts/cm/cmmi9.pfb><C:/U
sers/orfuc/AppData/Local/Programs/MiKTeX/fonts/type1/public/amsfonts/cm/cmr10.p
fb><C:/Users/orfuc/AppData/Local/Programs/MiKTeX/fonts/type1/public/amsfonts/cm
/cmr5.pfb><C:/Users/orfuc/AppData/Local/Programs/MiKTeX/fonts/type1/public/amsf
onts/cm/cmr6.pfb><C:/Users/orfuc/AppData/Local/Programs/MiKTeX/fonts/type1/publ
ic/amsfonts/cm/cmr7.pfb><C:/Users/orfuc/AppData/Local/Programs/MiKTeX/fonts/typ
e1/public/amsfonts/cm/cmr9.pfb><C:/Users/orfuc/AppData/Local/Programs/MiKTeX/fo
nts/type1/public/amsfonts/cm/cmsy10.pfb><C:/Users/orfuc/AppData/Local/Programs/
MiKTeX/fonts/type1/public/amsfonts/cm/cmsy5.pfb><C:/Users/orfuc/AppData/Local/P
rograms/MiKTeX/fonts/type1/public/amsfonts/cm/cmsy7.pfb><C:/Users/orfuc/AppData
/Local/Programs/MiKTeX/fonts/type1/urw/courier/ucrr8a.pfb><C:/Users/orfuc/AppDa
ta/Local/Programs/MiKTeX/fonts/type1/urw/times/utmb8a.pfb><C:/Users/orfuc/AppDa
ta/Local/Programs/MiKTeX/fonts/type1/urw/times/utmr8a.pfb><C:/Users/orfuc/AppDa
ta/Local/Programs/MiKTeX/fonts/type1/urw/times/utmri8a.pfb>
Output written on lra_recirc_changed.pdf (8 pages, 672630 bytes).
PDF statistics:
 161 PDF objects out of 1000 (max. 8388607)
 0 named destinations out of 1000 (max. 500000)
 68137 words of extra memory for PDF output out of 74296 (max. 10000000)

