This is pdfTeX, Version 3.141592653-2.6-1.40.25 (MiKTeX 23.9) (preloaded format=pdflatex 2023.9.22)  16 JAN 2024 17:09
entering extended mode
 restricted \write18 enabled.
 %&-line parsing enabled.
**./0_main_changed.tex
(0_main_changed.tex
LaTeX2e <2023-06-01> patch level 1
L3 programming layer <2023-08-29>
(C:\Users\micha\AppData\Local\Programs\MiKTeX\tex/latex/base\article.cls
Document Class: article 2023/05/17 v1.4n Standard LaTeX document class
(C:\Users\micha\AppData\Local\Programs\MiKTeX\tex/latex/base\size10.clo
File: size10.clo 2023/05/17 v1.4n Standard LaTeX file (size option)
)
\c@part=\count185
\c@section=\count186
\c@subsection=\count187
\c@subsubsection=\count188
\c@paragraph=\count189
\c@subparagraph=\count190
\c@figure=\count191
\c@table=\count192
\abovecaptionskip=\skip48
\belowcaptionskip=\skip49
\bibindent=\dimen140
)
(aaai23.sty
Package: aaai23 2023/06/27 AAAI 2023 Submission format

Conference Style for AAAI for LaTeX 2e -- version for submission
\titlebox=\skip50
) (C:\Users\micha\AppData\Local\Programs\MiKTeX\tex/latex/psnfss\times.sty
Package: times 2020/03/25 PSNFSS-v9.3 (SPQR) 
)
(C:\Users\micha\AppData\Local\Programs\MiKTeX\tex/latex/psnfss\helvet.sty
Package: helvet 2020/03/25 PSNFSS-v9.3 (WaS) 

(C:\Users\micha\AppData\Local\Programs\MiKTeX\tex/latex/graphics\keyval.sty
Package: keyval 2022/05/29 v1.15 key=value parser (DPC)
\KV@toks@=\toks17
))
(C:\Users\micha\AppData\Local\Programs\MiKTeX\tex/latex/psnfss\courier.sty
Package: courier 2020/03/25 PSNFSS-v9.3 (WaS) 
)
(C:\Users\micha\AppData\Local\Programs\MiKTeX\tex/latex/url\url.sty
\Urlmuskip=\muskip16
Package: url 2013/09/16  ver 3.4  Verb mode for urls, etc.
)
(C:\Users\micha\AppData\Local\Programs\MiKTeX\tex/latex/graphics\graphicx.sty
Package: graphicx 2021/09/16 v1.2d Enhanced LaTeX Graphics (DPC,SPQR)

(C:\Users\micha\AppData\Local\Programs\MiKTeX\tex/latex/graphics\graphics.sty
Package: graphics 2022/03/10 v1.4e Standard LaTeX Graphics (DPC,SPQR)

(C:\Users\micha\AppData\Local\Programs\MiKTeX\tex/latex/graphics\trig.sty
Package: trig 2021/08/11 v1.11 sin cos tan (DPC)
)
(C:\Users\micha\AppData\Local\Programs\MiKTeX\tex/latex/graphics-cfg\graphics.c
fg
File: graphics.cfg 2016/06/04 v1.11 sample graphics configuration
)
Package graphics Info: Driver file: pdftex.def on input line 107.

(C:\Users\micha\AppData\Local\Programs\MiKTeX\tex/latex/graphics-def\pdftex.def
File: pdftex.def 2022/09/22 v1.2b Graphics/color driver for pdftex
))
\Gin@req@height=\dimen141
\Gin@req@width=\dimen142
) (C:\Users\micha\AppData\Local\Programs\MiKTeX\tex/latex/natbib\natbib.sty
Package: natbib 2010/09/13 8.31b (PWD, AO)
\bibhang=\skip51
\bibsep=\skip52
LaTeX Info: Redefining \cite on input line 694.
\c@NAT@ctr=\count193
)
(C:\Users\micha\AppData\Local\Programs\MiKTeX\tex/latex/caption\caption.sty
Package: caption 2023/07/31 v3.6n Customizing captions (AR)

(C:\Users\micha\AppData\Local\Programs\MiKTeX\tex/latex/caption\caption3.sty
Package: caption3 2023/07/31 v2.4d caption3 kernel (AR)
\caption@tempdima=\dimen143
\captionmargin=\dimen144
\caption@leftmargin=\dimen145
\caption@rightmargin=\dimen146
\caption@width=\dimen147
\caption@indent=\dimen148
\caption@parindent=\dimen149
\caption@hangindent=\dimen150
Package caption Info: Standard document class detected.
)
\c@caption@flags=\count194
\c@continuedfloat=\count195
)
(C:\Users\micha\AppData\Local\Programs\MiKTeX\tex/latex/algorithms\algorithm.st
y
Package: algorithm 2009/08/24 v0.1 Document Style `algorithm' - floating enviro
nment
 (C:\Users\micha\AppData\Local\Programs\MiKTeX\tex/latex/float\float.sty
Package: float 2001/11/08 v1.3d Float enhancements (AL)
\c@float@type=\count196
\float@exts=\toks18
\float@box=\box51
\@float@everytoks=\toks19
\@floatcapt=\box52
)
(C:\Users\micha\AppData\Local\Programs\MiKTeX\tex/latex/base\ifthen.sty
Package: ifthen 2022/04/13 v1.1d Standard LaTeX ifthen package (DPC)
)
\@float@every@algorithm=\toks20
\c@algorithm=\count197
)
(C:\Users\micha\AppData\Local\Programs\MiKTeX\tex/latex/algorithms\algorithmic.
sty
Package: algorithmic 2009/08/24 v0.1 Document Style `algorithmic'
\c@ALC@unique=\count198
\c@ALC@line=\count199
\c@ALC@rem=\count266
\c@ALC@depth=\count267
\ALC@tlm=\skip53
\algorithmicindent=\skip54
) (C:\Users\micha\AppData\Local\Programs\MiKTeX\tex/latex/base\inputenc.sty
Package: inputenc 2021/02/14 v1.3d Input encoding file
\inpenc@prehook=\toks21
\inpenc@posthook=\toks22
) (C:\Users\micha\AppData\Local\Programs\MiKTeX\tex/latex/amsmath\amsmath.sty
Package: amsmath 2023/05/13 v2.17o AMS math features
\@mathmargin=\skip55

For additional information on amsmath, use the `?' option.
(C:\Users\micha\AppData\Local\Programs\MiKTeX\tex/latex/amsmath\amstext.sty
Package: amstext 2021/08/26 v2.01 AMS text

(C:\Users\micha\AppData\Local\Programs\MiKTeX\tex/latex/amsmath\amsgen.sty
File: amsgen.sty 1999/11/30 v2.0 generic functions
\@emptytoks=\toks23
\ex@=\dimen151
))
(C:\Users\micha\AppData\Local\Programs\MiKTeX\tex/latex/amsmath\amsbsy.sty
Package: amsbsy 1999/11/29 v1.2d Bold Symbols
\pmbraise@=\dimen152
)
(C:\Users\micha\AppData\Local\Programs\MiKTeX\tex/latex/amsmath\amsopn.sty
Package: amsopn 2022/04/08 v2.04 operator names
)
\inf@bad=\count268
LaTeX Info: Redefining \frac on input line 234.
\uproot@=\count269
\leftroot@=\count270
LaTeX Info: Redefining \overline on input line 399.
LaTeX Info: Redefining \colon on input line 410.
\classnum@=\count271
\DOTSCASE@=\count272
LaTeX Info: Redefining \ldots on input line 496.
LaTeX Info: Redefining \dots on input line 499.
LaTeX Info: Redefining \cdots on input line 620.
\Mathstrutbox@=\box53
\strutbox@=\box54
LaTeX Info: Redefining \big on input line 722.
LaTeX Info: Redefining \Big on input line 723.
LaTeX Info: Redefining \bigg on input line 724.
LaTeX Info: Redefining \Bigg on input line 725.
\big@size=\dimen153
LaTeX Font Info:    Redeclaring font encoding OML on input line 743.
LaTeX Font Info:    Redeclaring font encoding OMS on input line 744.
\macc@depth=\count273
LaTeX Info: Redefining \bmod on input line 905.
LaTeX Info: Redefining \pmod on input line 910.
LaTeX Info: Redefining \smash on input line 940.
LaTeX Info: Redefining \relbar on input line 970.
LaTeX Info: Redefining \Relbar on input line 971.
\c@MaxMatrixCols=\count274
\dotsspace@=\muskip17
\c@parentequation=\count275
\dspbrk@lvl=\count276
\tag@help=\toks24
\row@=\count277
\column@=\count278
\maxfields@=\count279
\andhelp@=\toks25
\eqnshift@=\dimen154
\alignsep@=\dimen155
\tagshift@=\dimen156
\tagwidth@=\dimen157
\totwidth@=\dimen158
\lineht@=\dimen159
\@envbody=\toks26
\multlinegap=\skip56
\multlinetaggap=\skip57
\mathdisplay@stack=\toks27
LaTeX Info: Redefining \[ on input line 2953.
LaTeX Info: Redefining \] on input line 2954.
)
(C:\Users\micha\AppData\Local\Programs\MiKTeX\tex/latex/amsfonts\amsfonts.sty
Package: amsfonts 2013/01/14 v3.01 Basic AMSFonts support
\symAMSa=\mathgroup4
\symAMSb=\mathgroup5
LaTeX Font Info:    Redeclaring math symbol \hbar on input line 98.
LaTeX Font Info:    Overwriting math alphabet `\mathfrak' in version `bold'
(Font)                  U/euf/m/n --> U/euf/b/n on input line 106.
)
(C:\Users\micha\AppData\Local\Programs\MiKTeX\tex/latex/multirow\multirow.sty
Package: multirow 2021/03/15 v2.8 Span multiple rows of a table
\multirow@colwidth=\skip58
\multirow@cntb=\count280
\multirow@dima=\skip59
\bigstrutjot=\dimen160
)
(C:\Users\micha\AppData\Local\Programs\MiKTeX\tex/latex/amscls\amsthm.sty
Package: amsthm 2020/05/29 v2.20.6
\thm@style=\toks28
\thm@bodyfont=\toks29
\thm@headfont=\toks30
\thm@notefont=\toks31
\thm@headpunct=\toks32
\thm@preskip=\skip60
\thm@postskip=\skip61
\thm@headsep=\skip62
\dth@everypar=\toks33
)
(C:\Users\micha\AppData\Local\Programs\MiKTeX\tex/latex/subfig\subfig.sty
Package: subfig 2005/06/28 ver: 1.3 subfig package
\c@KVtest=\count281
\sf@farskip=\skip63
\sf@captopadj=\dimen161
\sf@capskip=\skip64
\sf@nearskip=\skip65
\c@subfigure=\count282
\c@subfigure@save=\count283
\c@lofdepth=\count284
\c@subtable=\count285
\c@subtable@save=\count286
\c@lotdepth=\count287
\sf@top=\skip66
\sf@bottom=\skip67
)
\c@definition=\count288
\c@theorem=\count289

(C:\Users\micha\AppData\Local\Programs\MiKTeX\tex/latex/tools\xspace.sty
Package: xspace 2014/10/28 v1.13 Space after command names (DPC,MH)
)
(C:\Users\micha\AppData\Local\Programs\MiKTeX\tex/latex/graphics\color.sty
Package: color 2022/01/06 v1.3d Standard LaTeX Color (DPC)

(C:\Users\micha\AppData\Local\Programs\MiKTeX\tex/latex/graphics-cfg\color.cfg
File: color.cfg 2016/01/02 v1.6 sample color configuration
)
Package color Info: Driver file: pdftex.def on input line 149.
(C:\Users\micha\AppData\Local\Programs\MiKTeX\tex/latex/graphics\mathcolor.ltx)
) (C:\Users\micha\AppData\Local\Programs\MiKTeX\tex/latex/booktabs\booktabs.sty
Package: booktabs 2020/01/12 v1.61803398 Publication quality tables
\heavyrulewidth=\dimen162
\lightrulewidth=\dimen163
\cmidrulewidth=\dimen164
\belowrulesep=\dimen165
\belowbottomsep=\dimen166
\aboverulesep=\dimen167
\abovetopsep=\dimen168
\cmidrulesep=\dimen169
\cmidrulekern=\dimen170
\defaultaddspace=\dimen171
\@cmidla=\count290
\@cmidlb=\count291
\@aboverulesep=\dimen172
\@belowrulesep=\dimen173
\@thisruleclass=\count292
\@lastruleclass=\count293
\@thisrulewidth=\dimen174
) (C:\Users\micha\AppData\Local\Programs\MiKTeX\tex/latex/newfloat\newfloat.sty
Package: newfloat 2023/10/01 v1.2 Defining new floating environments (AR)
) (C:\Users\micha\AppData\Local\Programs\MiKTeX\tex/latex/listings\listings.sty
\lst@mode=\count294
\lst@gtempboxa=\box55
\lst@token=\toks34
\lst@length=\count295
\lst@currlwidth=\dimen175
\lst@column=\count296
\lst@pos=\count297
\lst@lostspace=\dimen176
\lst@width=\dimen177
\lst@newlines=\count298
\lst@lineno=\count299
\lst@maxwidth=\dimen178
(C:\Users\micha\AppData\Local\Programs\MiKTeX\tex/latex/listings\lstmisc.sty
File: lstmisc.sty 2023/02/27 1.9 (Carsten Heinz)
\c@lstnumber=\count300
\lst@skipnumbers=\count301
\lst@framebox=\box56
)
(C:\Users\micha\AppData\Local\Programs\MiKTeX\tex/latex/listings\listings.cfg
File: listings.cfg 2023/02/27 1.9 listings configuration
))
Package: listings 2023/02/27 1.9 (Carsten Heinz)
\@float@every@listing=\toks35
\c@listing=\count302
(C:\Users\micha\AppData\Local\Programs\MiKTeX\tex/latex/natbib\bibentry.sty
Package: bibentry 2007/10/30 1.5 (PWD)
)
LaTeX Font Info:    Trying to load font information for OT1+ptm on input line 1
70.

(C:\Users\micha\AppData\Local\Programs\MiKTeX\tex/latex/psnfss\ot1ptm.fd
File: ot1ptm.fd 2001/06/04 font definitions for OT1/ptm.
)
(C:\Users\micha\AppData\Local\Programs\MiKTeX\tex/latex/l3backend\l3backend-pdf
tex.def
File: l3backend-pdftex.def 2023-04-19 L3 backend support: PDF output (pdfTeX)
\l__color_backend_stack_int=\count303
\l__pdf_internal_box=\box57
) (0_main_changed.aux)
\openout1 = `0_main_changed.aux'.

LaTeX Font Info:    Checking defaults for OML/cmm/m/it on input line 170.
LaTeX Font Info:    ... okay on input line 170.
LaTeX Font Info:    Checking defaults for OMS/cmsy/m/n on input line 170.
LaTeX Font Info:    ... okay on input line 170.
LaTeX Font Info:    Checking defaults for OT1/cmr/m/n on input line 170.
LaTeX Font Info:    ... okay on input line 170.
LaTeX Font Info:    Checking defaults for T1/cmr/m/n on input line 170.
LaTeX Font Info:    ... okay on input line 170.
LaTeX Font Info:    Checking defaults for TS1/cmr/m/n on input line 170.
LaTeX Font Info:    ... okay on input line 170.
LaTeX Font Info:    Checking defaults for OMX/cmex/m/n on input line 170.
LaTeX Font Info:    ... okay on input line 170.
LaTeX Font Info:    Checking defaults for U/cmr/m/n on input line 170.
LaTeX Font Info:    ... okay on input line 170.

(C:\Users\micha\AppData\Local\Programs\MiKTeX\tex/context/base/mkii\supp-pdf.mk
ii
[Loading MPS to PDF converter (version 2006.09.02).]
\scratchcounter=\count304
\scratchdimen=\dimen179
\scratchbox=\box58
\nofMPsegments=\count305
\nofMParguments=\count306
\everyMPshowfont=\toks36
\MPscratchCnt=\count307
\MPscratchDim=\dimen180
\MPnumerator=\count308
\makeMPintoPDFobject=\count309
\everyMPtoPDFconversion=\toks37
)
(C:\Users\micha\AppData\Local\Programs\MiKTeX\tex/latex/epstopdf-pkg\epstopdf-b
ase.sty
Package: epstopdf-base 2020-01-24 v2.11 Base part for package epstopdf
Package epstopdf-base Info: Redefining graphics rule for `.eps' on input line 4
85.

(C:\Users\micha\AppData\Local\Programs\MiKTeX\tex/latex/00miktex\epstopdf-sys.c
fg
File: epstopdf-sys.cfg 2021/03/18 v2.0 Configuration of epstopdf for MiKTeX
))
Package caption Info: Begin \AtBeginDocument code.
Package caption Info: subfig package v1.3 is loaded.
Package caption Info: float package is loaded.
Package caption Info: listings package is loaded.
Package caption Info: End \AtBeginDocument code.
Package newfloat Info: `float' package detected.
\c@lstlisting=\count310
\c@eqfn=\count311
\titlearea=\box59
LaTeX Font Info:    Trying to load font information for U+msa on input line 172
.
 (C:\Users\micha\AppData\Local\Programs\MiKTeX\tex/latex/amsfonts\umsa.fd
File: umsa.fd 2013/01/14 v3.01 AMS symbols A
)
LaTeX Font Info:    Trying to load font information for U+msb on input line 172
.

(C:\Users\micha\AppData\Local\Programs\MiKTeX\tex/latex/amsfonts\umsb.fd
File: umsb.fd 2013/01/14 v3.01 AMS symbols B
)
\actualheight=\skip68
LaTeX Font Info:    Trying to load font information for TS1+ptm on input line 1
72.

(C:\Users\micha\AppData\Local\Programs\MiKTeX\tex/latex/psnfss\ts1ptm.fd
File: ts1ptm.fd 2001/06/04 font definitions for TS1/ptm.
)
Underfull \hbox (badness 1320) in paragraph at lines 176--177
[]\OT1/ptm/m/n/9 The Ev-i-den-tial Re-gres-sion Net-work (ERN) rep-re-sents a
 []

(0_intro.tex

Package natbib Warning: Citation `godard2017unsupervised' on page 1 undefined o
n input line 2.


Package natbib Warning: Citation `he2016deep' on page 1 undefined on input line
 2.


Package natbib Warning: Citation `zhao2023evaluating' on page 1 undefined on in
put line 2.


Package natbib Warning: Citation `devlin2018bert' on page 1 undefined on input 
line 2.


Package natbib Warning: Citation `vaswani2017attention' on page 1 undefined on 
input line 2.


Package natbib Warning: Citation `ye2023bidirectional' on page 1 undefined on i
nput line 2.


Package natbib Warning: Citation `gal2016dropout' on page 1 undefined on input 
line 3.


Package natbib Warning: Citation `guo2017calibration' on page 1 undefined on in
put line 3.


Underfull \hbox (badness 3240) in paragraph at lines 2--4
\OT1/ptm/m/n/10 spec-trum of real-world tasks, in-clud-ing com-puter vi-
 []


Package natbib Warning: Citation `pearce2020uncertainty' on page 1 undefined on
 input line 7.


Package natbib Warning: Citation `lakshminarayanan2017simple' on page 1 undefin
ed on input line 7.


Package natbib Warning: Citation `gal2016dropout' on page 1 undefined on input 
line 7.


Package natbib Warning: Citation `wilson2020bayesian' on page 1 undefined on in
put line 7.


Package natbib Warning: Citation `blundell2015weight' on page 1 undefined on in
put line 7.


Package natbib Warning: Citation `sensoy2018evidential' on page 1 undefined on 
input line 9.


Package natbib Warning: Citation `NEURIPS2020_aab08546' on page 1 undefined on 
input line 9.


Package natbib Warning: Citation `malinin2018predictive' on page 1 undefined on
 input line 9.


Underfull \hbox (badness 1735) in paragraph at lines 6--10
[]\OT1/ptm/m/n/10 Among these, ac-cu-rately quan-ti-fy-ing the un-cer-tainty
 []

<nig_framework.png, id=1, 672.33pt x 251.85pt>
File: nig_framework.png Graphic file (type png)
<use nig_framework.png>
Package pdftex.def Info: nig_framework.png  used on input line 21.
(pdftex.def)             Requested size: 215.45348pt x 80.70508pt.
<nig_distribution.png, id=3, 707.2824pt x 409.53pt>
File: nig_distribution.png Graphic file (type png)
<use nig_distribution.png>
Package pdftex.def Info: nig_distribution.png  used on input line 23.
(pdftex.def)             Requested size: 215.45348pt x 124.75336pt.

Package natbib Warning: Citation `NEURIPS2020_aab08546' on page 1 undefined on 
input line 31.


Package natbib Warning: Citation `shafer1976mathematical' on page 1 undefined o
n input line 31.


Package natbib Warning: Citation `malinin2018predictive' on page 1 undefined on
 input line 31.


Package natbib Warning: Citation `malinin2019reverse' on page 1 undefined on in
put line 31.


Package natbib Warning: Citation `bilovs2019uncertainty' on page 1 undefined on
 input line 31.


Package natbib Warning: Citation `haussmann2019bayesian' on page 1 undefined on
 input line 31.


Package natbib Warning: Citation `malinin2019ensemble' on page 1 undefined on i
nput line 31.


Package natbib Warning: Citation `meinert2021multivariate' on page 1 undefined 
on input line 34.

[1{C:/Users/micha/AppData/Local/MiKTeX/fonts/map/pdftex/pdftex.map}{C:/Users/mi
cha/AppData/Local/Programs/MiKTeX/fonts/enc/dvips/base/8r.enc}



 <./nig_framework.png> <./nig_distribution.png>]

Package natbib Warning: Citation `NEURIPS2020_aab08546' on page 2 undefined on 
input line 36.


Package natbib Warning: Citation `malinin2020regression' on page 2 undefined on
 input line 36.


Package natbib Warning: Citation `charpentier2021natural' on page 2 undefined o
n input line 36.


Package natbib Warning: Citation `oh2022improving' on page 2 undefined on input
 line 36.


Package natbib Warning: Citation `feng2023deep' on page 2 undefined on input li
ne 36.


Package natbib Warning: Citation `mei2023uncertainty' on page 2 undefined on in
put line 36.


Package natbib Warning: Citation `pandey2023learn' on page 2 undefined on input
 line 37.


Package natbib Warning: Citation `pandey2023learn' on page 2 undefined on input
 line 40.

) (0_back.tex

Package natbib Warning: Citation `NEURIPS2020_aab08546' on page 2 undefined on 
input line 11.


Underfull \hbox (badness 1371) in paragraph at lines 18--21
\OT1/ptm/m/n/10 where $\OT1/cmr/m/n/10 ^^@(\OMS/cmsy/m/n/10 ^^A\OT1/cmr/m/n/10 
)$ \OT1/ptm/m/n/10 is the gamma func-tion, pa-ram-e-ters $[] \OT1/cmr/m/n/10 =
 []

[2]

Package natbib Warning: Citation `meinert2021multivariate' on page 3 undefined 
on input line 61.


Package natbib Warning: Citation `meinert2021multivariate' on page 3 undefined 
on input line 61.

) (0_method.tex [3]
<Uncertainty.pdf, id=31, 429.605pt x 280.04625pt>
File: Uncertainty.pdf Graphic file (type pdf)
<use Uncertainty.pdf>
Package pdftex.def Info: Uncertainty.pdf  used on input line 107.
(pdftex.def)             Requested size: 215.45348pt x 140.45009pt.


Package natbib Warning: Citation `NEURIPS2020_aab08546' on page 4 undefined on 
input line 118.


Package natbib Warning: Citation `meinert2021multivariate' on page 4 undefined 
on input line 125.


Package natbib Warning: Citation `meinert2021multivariate' on page 4 undefined 
on input line 128.

[4 <./Uncertainty.pdf>]

Package natbib Warning: Citation `NEURIPS2020_aab08546' on page 5 undefined on 
input line 195.


Package natbib Warning: Citation `meinert2021multivariate' on page 5 undefined 
on input line 195.

) (0_experiment.tex

Package natbib Warning: Citation `NEURIPS2020_aab08546' on page 5 undefined on 
input line 2.


Package natbib Warning: Citation `NEURIPS2020_aab08546' on page 5 undefined on 
input line 8.


Package natbib Warning: Citation `NEURIPS2020_aab08546' on page 5 undefined on 
input line 8.

<toy_dataset.png, id=82, 665.322pt x 396.39pt>
File: toy_dataset.png Graphic file (type png)
<use toy_dataset.png>
Package pdftex.def Info: toy_dataset.png  used on input line 13.
(pdftex.def)             Requested size: 215.45348pt x 128.36554pt.

Underfull \hbox (badness 7925) in paragraph at lines 22--23
 \OT1/ptm/b/n/10 Eval-u-a-tion Met-rics \OT1/ptm/m/n/10 Our pro-posed reg-u-lar
-iza-tion is
 []


Package natbib Warning: Citation `NEURIPS2020_aab08546' on page 5 undefined on 
input line 28.

<depth_HUA_1.png, id=83, 669.483pt x 235.863pt>
File: depth_HUA_1.png Graphic file (type png)
<use depth_HUA_1.png>
Package pdftex.def Info: depth_HUA_1.png  used on input line 36.
(pdftex.def)             Requested size: 252.94499pt x 89.11421pt.
<depth_HUA_21.pdf, id=84, 457.40831pt x 331.46912pt>
File: depth_HUA_21.pdf Graphic file (type pdf)
<use depth_HUA_21.pdf>
Package pdftex.def Info: depth_HUA_21.pdf  used on input line 39.
(pdftex.def)             Requested size: 111.29642pt x 80.65175pt.
<depth_HUA_22.pdf, id=85, 441.3502pt x 331.46912pt>
File: depth_HUA_22.pdf Graphic file (type pdf)
<use depth_HUA_22.pdf>
Package pdftex.def Info: depth_HUA_22.pdf  used on input line 42.
(pdftex.def)             Requested size: 111.29642pt x 83.58528pt.

Package natbib Warning: Citation `kuleshov2018accurate' on page 5 undefined on 
input line 43.


Package natbib Warning: Citation `kuleshov2018accurate' on page 5 undefined on 
input line 43.

[5 <./toy_dataset.png>]
<depth_outside_HUA.jpg, id=90, 4016.00375pt x 726.715pt>
File: depth_outside_HUA.jpg Graphic file (type jpg)
<use depth_outside_HUA.jpg>
Package pdftex.def Info: depth_outside_HUA.jpg  used on input line 49.
(pdftex.def)             Requested size: 480.59395pt x 86.95808pt.


Package natbib Warning: Citation `silberman2012indoor' on page 6 undefined on i
nput line 59.


Package natbib Warning: Citation `NEURIPS2020_aab08546' on page 6 undefined on 
input line 60.


Package natbib Warning: Citation `ronneberger2015u' on page 6 undefined on inpu
t line 60.


Underfull \hbox (badness 1831) in paragraph at lines 59--61
\OT1/ptm/m/n/10 We fur-ther eval-u-ate the per-for-mance of our pro-posed
 []


Package natbib Warning: Citation `NEURIPS2020_aab08546' on page 6 undefined on 
input line 67.


Package natbib Warning: Citation `kuleshov2018accurate' on page 6 undefined on 
input line 67.


Package natbib Warning: Citation `NEURIPS2020_aab08546' on page 6 undefined on 
input line 67.


Package natbib Warning: Citation `NEURIPS2020_aab08546' on page 6 undefined on 
input line 67.


Underfull \hbox (badness 1038) in paragraph at lines 117--118
 \OT1/ptm/b/n/10 Monoc-u-lar Depth Es-ti-ma-tion within HUA \OT1/ptm/m/n/10 As 
il-lus-
 []


Package natbib Warning: Citation `kuleshov2018accurate' on page 6 undefined on 
input line 146.


Package natbib Warning: Citation `meinert2021multivariate' on page 6 undefined 
on input line 182.


Package natbib Warning: Citation `meinert2021multivariate' on page 6 undefined 
on input line 182.


Underfull \hbox (badness 1072) in paragraph at lines 190--192
\OT1/ptm/m/n/10 where $\OML/cmm/m/it/10 ^^P \OMS/cmsy/m/n/10 2 \OT1/cmr/m/n/10 
[0\OML/cmm/m/it/10 ; \OT1/cmr/m/n/10 2\OML/cmm/m/it/10 ^^Y\OT1/cmr/m/n/10 ]$ \O
T1/ptm/m/n/10 is uni-formly dis-tributed and $\OML/cmm/m/it/10 ^^O \OMS/cmsy/m/
n/10 ^^X
 []

<nu_MERN.png, id=91, 442.2924pt x 340.3917pt>
File: nu_MERN.png Graphic file (type png)
<use nu_MERN.png>
Package pdftex.def Info: nu_MERN.png  used on input line 222.
(pdftex.def)             Requested size: 107.72673pt x 82.90585pt.
<nu_URERN.png, id=92, 442.2924pt x 340.3917pt>
File: nu_URERN.png Graphic file (type png)
<use nu_URERN.png>
Package pdftex.def Info: nu_URERN.png  used on input line 226.
(pdftex.def)             Requested size: 107.72673pt x 82.90585pt.

LaTeX Warning: `!h' float specifier changed to `!ht'.

) (0_related.tex

Package natbib Warning: Citation `pearce2020uncertainty' on page 6 undefined on
 input line 6.


Package natbib Warning: Citation `lakshminarayanan2017simple' on page 6 undefin
ed on input line 6.


Package natbib Warning: Citation `gal2016dropout' on page 6 undefined on input 
line 6.


Package natbib Warning: Citation `wilson2020bayesian' on page 6 undefined on in
put line 6.


Package natbib Warning: Citation `blundell2015weight' on page 6 undefined on in
put line 6.


Package natbib Warning: Citation `gal2016dropout' on page 6 undefined on input 
line 6.

[6]

Package natbib Warning: Citation `sensoy2018evidential' on page 7 undefined on 
input line 13.


Package natbib Warning: Citation `NEURIPS2020_aab08546' on page 7 undefined on 
input line 13.


Package natbib Warning: Citation `malinin2018predictive' on page 7 undefined on
 input line 13.


Package natbib Warning: Citation `sensoy2018evidential' on page 7 undefined on 
input line 13.


Package natbib Warning: Citation `NEURIPS2020_aab08546' on page 7 undefined on 
input line 13.


Package natbib Warning: Citation `meinert2021multivariate' on page 7 undefined 
on input line 13.


Package natbib Warning: Citation `pandey2023learn' on page 7 undefined on input
 line 13.


Underfull \hbox (badness 1975) in paragraph at lines 13--14
 \OT1/ptm/b/n/10 Ev-i-den-tial Deep Learn-ing \OT