This is pdfTeX, Version 3.141592653-2.6-1.40.25 (MiKTeX 23.5) (preloaded format=pdflatex 2024.1.12)  3 MAR 2024 15:54
entering extended mode
 restricted \write18 enabled.
 %&-line parsing enabled.
**./AAAI-GretzS.5584_changed.tex
(AAAI-GretzS.5584_changed.tex
LaTeX2e <2023-06-01> patch level 1
L3 programming layer <2023-08-29>
(C:\Users\orfuc\AppData\Local\Programs\MiKTeX\tex/latex/base\article.cls
Document Class: article 2023/05/17 v1.4n Standard LaTeX document class
(C:\Users\orfuc\AppData\Local\Programs\MiKTeX\tex/latex/base\size10.clo
File: size10.clo 2023/05/17 v1.4n Standard LaTeX file (size option)
)
\c@part=\count185
\c@section=\count186
\c@subsection=\count187
\c@subsubsection=\count188
\c@paragraph=\count189
\c@subparagraph=\count190
\c@figure=\count191
\c@table=\count192
\abovecaptionskip=\skip48
\belowcaptionskip=\skip49
\bibindent=\dimen140
)
(aaai20.sty
Conference Style for AAAI for LaTeX 2e -- version for the AAAI-20 conference
\titlebox=\skip50
) (C:\Users\orfuc\AppData\Local\Programs\MiKTeX\tex/latex/psnfss\times.sty
Package: times 2020/03/25 PSNFSS-v9.3 (SPQR) 
)
(C:\Users\orfuc\AppData\Local\Programs\MiKTeX\tex/latex/psnfss\helvet.sty
Package: helvet 2020/03/25 PSNFSS-v9.3 (WaS) 

(C:\Users\orfuc\AppData\Local\Programs\MiKTeX\tex/latex/graphics\keyval.sty
Package: keyval 2022/05/29 v1.15 key=value parser (DPC)
\KV@toks@=\toks17
))
(C:\Users\orfuc\AppData\Local\Programs\MiKTeX\tex/latex/psnfss\courier.sty
Package: courier 2020/03/25 PSNFSS-v9.3 (WaS) 
)
(C:\Users\orfuc\AppData\Local\Programs\MiKTeX\tex/latex/url\url.sty
\Urlmuskip=\muskip16
Package: url 2013/09/16  ver 3.4  Verb mode for urls, etc.
)
(C:\Users\orfuc\AppData\Local\Programs\MiKTeX\tex/latex/graphics\graphicx.sty
Package: graphicx 2021/09/16 v1.2d Enhanced LaTeX Graphics (DPC,SPQR)

(C:\Users\orfuc\AppData\Local\Programs\MiKTeX\tex/latex/graphics\graphics.sty
Package: graphics 2022/03/10 v1.4e Standard LaTeX Graphics (DPC,SPQR)

(C:\Users\orfuc\AppData\Local\Programs\MiKTeX\tex/latex/graphics\trig.sty
Package: trig 2021/08/11 v1.11 sin cos tan (DPC)
)
(C:\Users\orfuc\AppData\Local\Programs\MiKTeX\tex/latex/graphics-cfg\graphics.c
fg
File: graphics.cfg 2016/06/04 v1.11 sample graphics configuration
)
Package graphics Info: Driver file: pdftex.def on input line 107.

(C:\Users\orfuc\AppData\Local\Programs\MiKTeX\tex/latex/graphics-def\pdftex.def
File: pdftex.def 2022/09/22 v1.2b Graphics/color driver for pdftex
))
\Gin@req@height=\dimen141
\Gin@req@width=\dimen142
) (C:\Users\orfuc\AppData\Local\Programs\MiKTeX\tex/latex/tools\array.sty
Package: array 2022/09/04 v2.5g Tabular extension package (FMi)
\col@sep=\dimen143
\ar@mcellbox=\box51
\extrarowheight=\dimen144
\NC@list=\toks18
\extratabsurround=\skip51
\backup@length=\skip52
\ar@cellbox=\box52
)
(C:\Users\orfuc\AppData\Local\Programs\MiKTeX\tex/latex/multirow\multirow.sty
Package: multirow 2021/03/15 v2.8 Span multiple rows of a table
\multirow@colwidth=\skip53
\multirow@cntb=\count193
\multirow@dima=\skip54
\bigstrutjot=\dimen145
)
(C:\Users\orfuc\AppData\Local\Programs\MiKTeX\tex/latex/amsmath\amsmath.sty
Package: amsmath 2023/05/13 v2.17o AMS math features
\@mathmargin=\skip55

For additional information on amsmath, use the `?' option.
(C:\Users\orfuc\AppData\Local\Programs\MiKTeX\tex/latex/amsmath\amstext.sty
Package: amstext 2021/08/26 v2.01 AMS text

(C:\Users\orfuc\AppData\Local\Programs\MiKTeX\tex/latex/amsmath\amsgen.sty
File: amsgen.sty 1999/11/30 v2.0 generic functions
\@emptytoks=\toks19
\ex@=\dimen146
))
(C:\Users\orfuc\AppData\Local\Programs\MiKTeX\tex/latex/amsmath\amsbsy.sty
Package: amsbsy 1999/11/29 v1.2d Bold Symbols
\pmbraise@=\dimen147
)
(C:\Users\orfuc\AppData\Local\Programs\MiKTeX\tex/latex/amsmath\amsopn.sty
Package: amsopn 2022/04/08 v2.04 operator names
)
\inf@bad=\count194
LaTeX Info: Redefining \frac on input line 234.
\uproot@=\count195
\leftroot@=\count196
LaTeX Info: Redefining \overline on input line 399.
LaTeX Info: Redefining \colon on input line 410.
\classnum@=\count197
\DOTSCASE@=\count198
LaTeX Info: Redefining \ldots on input line 496.
LaTeX Info: Redefining \dots on input line 499.
LaTeX Info: Redefining \cdots on input line 620.
\Mathstrutbox@=\box53
\strutbox@=\box54
LaTeX Info: Redefining \big on input line 722.
LaTeX Info: Redefining \Big on input line 723.
LaTeX Info: Redefining \bigg on input line 724.
LaTeX Info: Redefining \Bigg on input line 725.
\big@size=\dimen148
LaTeX Font Info:    Redeclaring font encoding OML on input line 743.
LaTeX Font Info:    Redeclaring font encoding OMS on input line 744.
\macc@depth=\count199
LaTeX Info: Redefining \bmod on input line 905.
LaTeX Info: Redefining \pmod on input line 910.
LaTeX Info: Redefining \smash on input line 940.
LaTeX Info: Redefining \relbar on input line 970.
LaTeX Info: Redefining \Relbar on input line 971.
\c@MaxMatrixCols=\count266
\dotsspace@=\muskip17
\c@parentequation=\count267
\dspbrk@lvl=\count268
\tag@help=\toks20
\row@=\count269
\column@=\count270
\maxfields@=\count271
\andhelp@=\toks21
\eqnshift@=\dimen149
\alignsep@=\dimen150
\tagshift@=\dimen151
\tagwidth@=\dimen152
\totwidth@=\dimen153
\lineht@=\dimen154
\@envbody=\toks22
\multlinegap=\skip56
\multlinetaggap=\skip57
\mathdisplay@stack=\toks23
LaTeX Info: Redefining \[ on input line 2953.
LaTeX Info: Redefining \] on input line 2954.
)
(C:\Users\orfuc\AppData\Local\Programs\MiKTeX\tex/latex/tools\verbatim.sty
Package: verbatim 2022-07-02 v1.5u LaTeX2e package for verbatim enhancements
\every@verbatim=\toks24
\verbatim@line=\toks25
\verbatim@in@stream=\read2
)
LaTeX Font Info:    Trying to load font information for OT1+ptm on input line 1
12.

(C:\Users\orfuc\AppData\Local\Programs\MiKTeX\tex/latex/psnfss\ot1ptm.fd
File: ot1ptm.fd 2001/06/04 font definitions for OT1/ptm.
)
(C:\Users\orfuc\AppData\Local\Programs\MiKTeX\tex/latex/l3backend\l3backend-pdf
tex.def
File: l3backend-pdftex.def 2023-04-19 L3 backend support: PDF output (pdfTeX)
\l__color_backend_stack_int=\count272
\l__pdf_internal_box=\box55
) (AAAI-GretzS.5584_changed.aux)
\openout1 = `AAAI-GretzS.5584_changed.aux'.

LaTeX Font Info:    Checking defaults for OML/cmm/m/it on input line 112.
LaTeX Font Info:    ... okay on input line 112.
LaTeX Font Info:    Checking defaults for OMS/cmsy/m/n on input line 112.
LaTeX Font Info:    ... okay on input line 112.
LaTeX Font Info:    Checking defaults for OT1/cmr/m/n on input line 112.
LaTeX Font Info:    ... okay on input line 112.
LaTeX Font Info:    Checking defaults for T1/cmr/m/n on input line 112.
LaTeX Font Info:    ... okay on input line 112.
LaTeX Font Info:    Checking defaults for TS1/cmr/m/n on input line 112.
LaTeX Font Info:    ... okay on input line 112.
LaTeX Font Info:    Checking defaults for OMX/cmex/m/n on input line 112.
LaTeX Font Info:    ... okay on input line 112.
LaTeX Font Info:    Checking defaults for U/cmr/m/n on input line 112.
LaTeX Font Info:    ... okay on input line 112.

(C:\Users\orfuc\AppData\Local\Programs\MiKTeX\tex/context/base/mkii\supp-pdf.mk
ii
[Loading MPS to PDF converter (version 2006.09.02).]
\scratchcounter=\count273
\scratchdimen=\dimen155
\scratchbox=\box56
\nofMPsegments=\count274
\nofMParguments=\count275
\everyMPshowfont=\toks26
\MPscratchCnt=\count276
\MPscratchDim=\dimen156
\MPnumerator=\count277
\makeMPintoPDFobject=\count278
\everyMPtoPDFconversion=\toks27
)
(C:\Users\orfuc\AppData\Local\Programs\MiKTeX\tex/latex/epstopdf-pkg\epstopdf-b
ase.sty
Package: epstopdf-base 2020-01-24 v2.11 Base part for package epstopdf
Package epstopdf-base Info: Redefining graphics rule for `.eps' on input line 4
85.

(C:\Users\orfuc\AppData\Local\Programs\MiKTeX\tex/latex/00miktex\epstopdf-sys.c
fg
File: epstopdf-sys.cfg 2021/03/18 v2.0 Configuration of epstopdf for MiKTeX
))
LaTeX Font Info:    Trying to load font information for TS1+ptm on input line 1
13.
 (C:\Users\orfuc\AppData\Local\Programs\MiKTeX\tex/latex/psnfss\ts1ptm.fd
File: ts1ptm.fd 2001/06/04 font definitions for TS1/ptm.
)
LaTeX Font Info:    Trying to load font information for OMS+ptm on input line 1
13.

(C:\Users\orfuc\AppData\Local\Programs\MiKTeX\tex/latex/psnfss\omsptm.fd
File: omsptm.fd 
)
LaTeX Font Info:    Font shape `OMS/ptm/m/n' in size <10> not available
(Font)              Font shape `OMS/cmsy/m/n' tried instead on input line 113.


LaTeX Warning: Citation `ACL-16-tutorial' on page 1 undefined on input line 124
.


LaTeX Warning: Citation `LippiTorroni' on page 1 undefined on input line 124.


LaTeX Warning: Citation `ein-dor19' on page 1 undefined on input line 124.


LaTeX Warning: Citation `bar-haim17' on page 1 undefined on input line 124.


LaTeX Warning: Citation `GurevychClustering19' on page 1 undefined on input lin
e 124.


Underfull \hbox (badness 3646) in paragraph at lines 126--126
[][]\OT1/ptm/m/n/9 For more de-tails: $https : / / www . research . ibm . com /
 arti^^Lcial -[]
 []


LaTeX Warning: Citation `Toledo19' on page 1 undefined on input line 128.


LaTeX Warning: Citation `BenchCapon09' on page 1 undefined on input line 128.


LaTeX Warning: Citation `WachsmuthWeb' on page 1 undefined on input line 128.


LaTeX Warning: Citation `stabGurevych14' on page 1 undefined on input line 128.



LaTeX Warning: Citation `Gurevych16' on page 1 undefined on input line 130.


LaTeX Warning: Citation `Gurevych18' on page 1 undefined on input line 130.


LaTeX Warning: Citation `Toledo19' on page 1 undefined on input line 131.


LaTeX Warning: Citation `Toledo19' on page 1 undefined on input line 131.


LaTeX Warning: Citation `Toledo19' on page 1 undefined on input line 137.


LaTeX Warning: Citation `Toledo19' on page 1 undefined on input line 137.


LaTeX Warning: Citation `Toledo19' on page 1 undefined on input line 137.


LaTeX Warning: Citation `Gurevych16' on page 1 undefined on input line 137.


LaTeX Warning: Citation `Toledo19' on page 1 undefined on input line 145.


LaTeX Warning: Citation `Toledo19' on page 1 undefined on input line 145.


LaTeX Warning: Citation `Peters:2018' on page 1 undefined on input line 151.


LaTeX Warning: Citation `BERT18' on page 1 undefined on input line 151.


Underfull \vbox (badness 2478) has occurred while \output is active []

 [1{C:/Users/orfuc/AppData/Local/MiKTeX/fonts/map/pdftex/pdftex.map}{C:/Users/o
rfuc/AppData/Local/Programs/MiKTeX/fonts/enc/dvips/base/8r.enc}



]
Underfull \hbox (badness 1194) in paragraph at lines 164--164
[]|\OT1/ptm/m/n/7 racial pro-fil-ing un-fairly tar-
 []


LaTeX Warning: Citation `Aristotle07' on page 2 undefined on input line 179.


LaTeX Warning: Citation `Walton2008' on page 2 undefined on input line 179.


LaTeX Warning: Citation `perelman69new' on page 2 undefined on input line 179.


LaTeX Warning: Citation `swanson2015argument' on page 2 undefined on input line
 181.


LaTeX Warning: Citation `swanson2015argument' on page 2 undefined on input line
 181.


LaTeX Warning: Citation `Gurevych16' on page 2 undefined on input line 183.


LaTeX Warning: Citation `Gurevych18' on page 2 undefined on input line 183.


LaTeX Warning: Citation `Gurevych16' on page 2 undefined on input line 183.


LaTeX Warning: Citation `Gurevych18' on page 2 undefined on input line 183.


LaTeX Warning: Citation `PotashPairs2017' on page 2 undefined on input line 183
.


LaTeX Warning: Citation `PotashPairs2017' on page 2 undefined on input line 183
.


LaTeX Warning: Citation `gleizeACL2019' on page 2 undefined on input line 183.


LaTeX Warning: Citation `gleizeACL2019' on page 2 undefined on input line 183.


LaTeX Warning: Citation `potashRanking2019' on page 2 undefined on input line 1
83.


LaTeX Warning: Citation `potashRanking2019' on page 2 undefined on input line 1
83.


LaTeX Warning: Citation `Gurevych16' on page 2 undefined on input line 183.


LaTeX Warning: Citation `Gurevych16' on page 2 undefined on input line 183.


LaTeX Warning: Citation `gleizeACL2019' on page 2 undefined on input line 183.


LaTeX Warning: Citation `gleizeACL2019' on page 2 undefined on input line 183.


LaTeX Warning: Citation `Gurevych18' on page 2 undefined on input line 183.


LaTeX Warning: Citation `Gurevych18' on page 2 undefined on input line 183.


LaTeX Warning: Citation `PotashPairs2017' on page 2 undefined on input line 183
.


LaTeX Warning: Citation `PotashPairs2017' on page 2 undefined on input line 183
.


LaTeX Warning: Citation `potashRanking2019' on page 2 undefined on input line 1
83.


LaTeX Warning: Citation `potashRanking2019' on page 2 undefined on input line 1
83.


LaTeX Warning: Citation `Gurevych18' on page 2 undefined on input line 183.


LaTeX Warning: Citation `Gurevych18' on page 2 undefined on input line 183.


LaTeX Warning: Citation `durmus2019' on page 2 undefined on input line 185.


LaTeX Warning: Citation `durmus2019' on page 2 undefined on input line 185.


LaTeX Warning: Citation `durmus2019' on page 2 undefined on input line 185.


LaTeX Warning: Citation `durmus2019' on page 2 undefined on input line 185.


LaTeX Warning: Citation `Toledo19' on page 2 undefined on input line 187.


LaTeX Warning: Citation `Toledo19' on page 2 undefined on input line 187.


LaTeX Warning: Citation `Toledo19' on page 2 undefined on input line 187.


LaTeX Warning: Citation `Toledo19' on page 2 undefined on input line 187.

[2]

LaTeX Warning: Citation `Toledo19' on page 3 undefined on input line 200.


LaTeX Warning: Citation `Toledo19' on page 3 undefined on input line 200.


LaTeX Warning: Citation `Toledo19' on page 3 undefined on input line 202.


LaTeX Warning: Citation `Toledo19' on page 3 undefined on input line 202.


LaTeX Warning: Citation `Toledo19' on page 3 undefined on input line 208.


LaTeX Warning: Citation `Toledo19' on page 3 undefined on input line 208.


LaTeX Warning: Citation `Toledo19' on page 3 undefined on input line 210.


LaTeX Warning: Citation `Toledo19' on page 3 undefined on input line 210.


LaTeX Warning: Citation `Toledo19' on page 3 undefined on input line 215.


LaTeX Warning: Citation `Toledo19' on page 3 undefined on input line 215.


LaTeX Warning: Citation `Toledo19' on page 3 undefined on input line 217.


LaTeX Warning: Citation `Toledo19' on page 3 undefined on input line 217.


LaTeX Warning: Citation `Toledo19' on page 3 undefined on input line 217.


LaTeX Warning: Citation `Toledo19' on page 3 undefined on input line 217.


LaTeX Warning: Citation `Toledo19' on page 3 undefined on input line 217.


LaTeX Warning: Citation `Toledo19' on page 3 undefined on input line 217.


LaTeX Warning: Citation `Gurevych16' on page 3 undefined on input line 239.


LaTeX Warning: Citation `Gurevych16' on page 3 undefined on input line 239.


LaTeX Warning: Citation `hovyMACE' on page 3 undefined on input line 239.

<histograms.pdf, id=19, 451.75053pt x 316.9783pt>
File: histograms.pdf Graphic file (type pdf)
<use histograms.pdf>
Package pdftex.def Info: histograms.pdf  used on input line 255.
(pdftex.def)             Requested size: 227.42392pt x 159.57701pt.
[3]

LaTeX Warning: Citation `Toledo19' on page 4 undefined on input line 274.


LaTeX Warning: Citation `Toledo19' on page 4 undefined on input line 274.


LaTeX Warning: Citation `Toledo19' on page 4 undefined on input line 277.


LaTeX Warning: Citation `Toledo19' on page 4 undefined on input line 277.


LaTeX Warning: Citation `habernal-etal-2018-argument' on page 4 undefined on in
put line 338.


LaTeX Warning: Citation `habernal-etal-2018-argument' on page 4 undefined on in
put line 338.


LaTeX Warning: Citation `habernal-etal-2018-argument' on page 4 undefined on in
put line 342.


LaTeX Warning: Citation `habernal-etal-2018-argument' on page 4 undefined on in
put line 342.

[4 <./histograms.pdf>]

LaTeX Warning: Citation `Wachsmuth2017' on page 5 undefined on input line 355.


LaTeX Warning: Citation `Wachsmuth2017' on page 5 undefined on input line 355.


LaTeX Warning: Citation `Wachsmuth2017' on page 5 undefined on input line 357.


LaTeX Warning: Citation `Wachsmuth2017' on page 5 undefined on input line 357.


LaTeX Warning: Citation `Wachsmuth2017' on page 5 undefined on input line 359.


LaTeX Warning: Citation `Wachsmuth2017' on page 5 undefined on input line 359.


LaTeX Warning: Citation `levy2018' on page 5 undefined on input line 377.


LaTeX Warning: Citation `levy2018' on page 5 undefined on input line 377.


LaTeX Warning: Citation `Pennington14glove' on page 5 undefined on input line 3
77.

LaTeX Font Info:    Trying to load font information for OT1+pcr on input line 3
81.
(C:\Users\orfuc\AppData\Local\Programs\MiKTeX\tex/latex/psnfss\ot1pcr.fd
File: ot1pcr.fd 2001/06/04 font definitions for OT1/pcr.
)
Underfull \hbox (badness 1400) in paragraph at lines 383--383
\OT1/ptm/m/n/9 is adapted from: $https : / / github . com / google -[] research
 / bert / issues /
 []


Underfull \hbox (badness 1005) in paragraph at lines 383--384
\OT1/ptm/m/n/10 fine-tunes BERT's pre-trained model. The of-fi-cial code
 []

[5]

LaTeX Warning: Citation `williams59' on page 6 undefined on input line 394.


LaTeX Warning: Citation `steiger1980tests' on page 6 undefined on input line 39
4.


LaTeX Warning: Citation `Graham14' on page 6 undefined on input line 394.


LaTeX Warning: Citation `Graham15' on page 6 undefined on input line 394.

<pct_pc_sc.pdf, id=52, 174.67688pt x 156.60686pt>
File: pct_pc_sc.pdf Graphic file (type pdf)
<use pct_pc_sc.pdf>
Package pdftex.def Info: pct_pc_sc.pdf  used on input line 429.
(pdftex.def)             Requested size: 174.67645pt x 156.60646pt.

Underfull \hbox (badness 1565) in paragraph at lines 430--430
\OT1/ptm/m/n/10 i-ous cut-off per-centiles for the BERT-FT$[]$ mod-els,
 []


LaTeX Warning: Citation `swanson2015argument' on page 6 undefined on input line
 439.


LaTeX Warning: Citation `swanson2015argument' on page 6 undefined on input line
 439.

[6 <./pct_pc_sc.pdf>]

LaTeX Warning: Citation `swanson2015argument' on page 7 undefined on input line
 443.


LaTeX Warning: Citation `swanson2015argument' on page 7 undefined on input line
 443.


LaTeX Warning: Citation `swanson2015argument' on page 7 undefined on input line
 443.


LaTeX Warning: Citation `swanson2015argument' on page 7 undefined on input line
 443.


LaTeX Warning: Citation `swanson2015argument' on page 7 undefined on input line
 443.


LaTeX Warning: Citation `swanson2015argument' on page 7 undefined on input line
 443.


LaTeX Warning: Citation `swanson2015argument' on page 7 undefined on input line
 444.


LaTeX Warning: Citation `swanson2015argument' on page 7 undefined on input line
 444.


LaTeX Warning: Citation `swanson2015argument' on page 7 undefined on input line
 447.


LaTeX Warning: Citation `swanson2015argument' on page 7 undefined on input line
 447.


LaTeX Warning: Citation `swanson2015argument' on page 7 undefined on input line
 447.


LaTeX Warning: Citation `swanson2015argument' on page 7 undefined on input line
 447.


LaTeX Warning: Citation `swanson2015argument' on page 7 undefined on input line
 465.


LaTeX Warning: Citation `swanson2015argument' on page 7 undefined on input line
 465.


LaTeX Warning: Citation `swanson2015argument' on page 7 undefined on input line
 465.


LaTeX Warning: Citation `swanson2015argument' on page 7 undefined on input line
 465.


LaTeX Warning: Citation `Gurevych18' on page 7 undefined on input line 469.


LaTeX Warning: Citation `Gurevych18' on page 7 undefined on input line 469.


LaTeX Warning: Citation `gleizeACL2019' on page 7 undefined on input line 469.


LaTeX Warning: Citation `gleizeACL2019' on page 7 undefined on input line 469.


LaTeX Warning: Citation `potashRanking2019' on page 7 undefined on input line 4
69.


LaTeX Warning: Citation `potashRanking2019' on page 7 undefined on input line 4
69.


LaTeX Warning: Citation `hartigan1975' on page 7 undefined on input line 506.


LaTeX Warning: Citation `Slonim18297' on page 7 undefined on input line 506.


LaTeX Warning: Citation `vanDerMaaten2008' on page 7 undefined on input line 50
6.

<model_analysis.png, id=82, 90.3375pt x 60.97781pt>
File: model_analysis.png Graphic file (type png)
<use model_analysis.png>
Package pdftex.def Info: model_analysis.png  used on input line 510.
(pdftex.def)             Requested size: 90.33727pt x 60.97765pt.

LaTeX Warning: Citation `Toledo19' on page 7 undefined on input line 521.


LaTeX Warning: Citation `Toledo19' on page 7 undefined on input line 521.

[7]
Underfull \hbox (badness 2582) in paragraph at lines 531--532
\OT1/ptm/m/n/10 We thank Eyal Shnarch, Leshem Choshen, and Elad
 []


Underfull \vbox (badness 10000) has occurred while \output is active []

 [8 <./model_analysis.png>] [9

]
No file AAAI-GretzS.5584_changed.bbl.
(AAAI-GretzS.5584_changed.aux)
 ***********
LaTeX2e <2023-06-01> patch level 1
L3 programming layer <2023-08-29>
 ***********
 ) 
Here is how much of TeX's memory you used:
 2581 strings out of 475247
 41686 string characters out of 5757792
 1945801 words of memory out of 5000000
 24064 multiletter control sequences out of 15000+600000
 592214 words of font info for 96 fonts, out of 8000000 for 9000
 1141 hyphenation exceptions out of 8191
 57i,15n,65p,4998b,367s stack positions out of 10000i,1000n,20000p,200000b,200000s
<C:/Users/orfuc/AppData/Local/Programs/MiKTeX/fonts/type1/public/amsfonts/cm/
cmex10.pfb><C:/Users/orfuc/AppData/Local/Programs/MiKTeX/fonts/type1/public/ams
fonts/cm/cmmi10.pfb><C:/Users/orfuc/AppData/Local/Programs/MiKTeX/fonts/type1/p
ublic/amsfonts/cm/cmmi5.pfb><C:/Users/orfuc/AppData/Local/Programs/MiKTeX/fonts
/type1/public/amsfonts/cm/cmmi7.pfb><C:/Users/orfuc/AppData/Local/Programs/MiKT
eX/fonts/type1/public/amsfonts/cm/cmmi9.pfb><C:/Users/orfuc/AppData/Local/Progr
ams/MiKTeX/fonts/type1/public/amsfonts/cm/cmr10.pfb><C:/Users/orfuc/AppData/Loc
al/Programs/MiKTeX/fonts/type1/public/amsfonts/cm/cmr7.pfb><C:/Users/orfuc/AppD
ata/Local/Programs/MiKTeX/fonts/type1/public/amsfonts/cm/cmr9.pfb><C:/Users/orf
uc/AppData/Local/Programs/MiKTeX/fonts/type1/public/amsfonts/cm/cmsy10.pfb><C:/
Users/orfuc/AppData/Local/Programs/MiKTeX/fonts/type1/public/amsfonts/cm/cmsy7.
pfb><C:/Users/orfuc/AppData/Local/Programs/MiKTeX/fonts/type1/public/amsfonts/c
m/cmsy8.pfb><C:/Users/orfuc/AppData/Local/Programs/MiKTeX/fonts/type1/public/am
sfonts/cm/cmsy9.pfb><C:/Users/orfuc/AppData/Local/Programs/MiKTeX/fonts/type1/u
rw/courier/ucrr8a.pfb><C:/Users/orfuc/AppData/Local/Programs/MiKTeX/fonts/type1
/urw/times/utmb8a.pfb><C:/Users/orfuc/AppData/Local/Programs/MiKTeX/fonts/type1
/urw/times/utmbi8a.pfb><C:/Users/orfuc/AppData/Local/Programs/MiKTeX/fonts/type
1/urw/times/utmr8a.pfb><C:/Users/orfuc/AppData/Local/Programs/MiKTeX/fonts/type
1/urw/times/utmri8a.pfb>
Output written on AAAI-GretzS.5584_changed.pdf (9 pages, 331681 bytes).
PDF statistics:
 164 PDF objects out of 1000 (max. 8388607)
 0 named destinations out of 1000 (max. 500000)
 16 words of extra memory for PDF output out of 10000 (max. 10000000)

