This is pdfTeX, Version 3.141592653-2.6-1.40.25 (MiKTeX 23.5) (preloaded format=pdflatex 2024.1.12)  3 MAR 2024 15:47
entering extended mode
 restricted \write18 enabled.
 %&-line parsing enabled.
**./AAAI-2021_preprint_changed.tex
(AAAI-2021_preprint_changed.tex
LaTeX2e <2023-06-01> patch level 1
L3 programming layer <2023-08-29>
(C:\Users\orfuc\AppData\Local\Programs\MiKTeX\tex/latex/base\article.cls
Document Class: article 2023/05/17 v1.4n Standard LaTeX document class
(C:\Users\orfuc\AppData\Local\Programs\MiKTeX\tex/latex/base\size10.clo
File: size10.clo 2023/05/17 v1.4n Standard LaTeX file (size option)
)
\c@part=\count185
\c@section=\count186
\c@subsection=\count187
\c@subsubsection=\count188
\c@paragraph=\count189
\c@subparagraph=\count190
\c@figure=\count191
\c@table=\count192
\abovecaptionskip=\skip48
\belowcaptionskip=\skip49
\bibindent=\dimen140
)
(aaai21.sty
Conference Style for AAAI for LaTeX 2e -- version for the AAAI-21 conference - 
MODIFIED
\titlebox=\skip50
) (C:\Users\orfuc\AppData\Local\Programs\MiKTeX\tex/latex/psnfss\times.sty
Package: times 2020/03/25 PSNFSS-v9.3 (SPQR) 
)
(C:\Users\orfuc\AppData\Local\Programs\MiKTeX\tex/latex/psnfss\helvet.sty
Package: helvet 2020/03/25 PSNFSS-v9.3 (WaS) 

(C:\Users\orfuc\AppData\Local\Programs\MiKTeX\tex/latex/graphics\keyval.sty
Package: keyval 2022/05/29 v1.15 key=value parser (DPC)
\KV@toks@=\toks17
))
(C:\Users\orfuc\AppData\Local\Programs\MiKTeX\tex/latex/psnfss\courier.sty
Package: courier 2020/03/25 PSNFSS-v9.3 (WaS) 
)
(C:\Users\orfuc\AppData\Local\Programs\MiKTeX\tex/latex/url\url.sty
\Urlmuskip=\muskip16
Package: url 2013/09/16  ver 3.4  Verb mode for urls, etc.
)
(C:\Users\orfuc\AppData\Local\Programs\MiKTeX\tex/latex/graphics\graphicx.sty
Package: graphicx 2021/09/16 v1.2d Enhanced LaTeX Graphics (DPC,SPQR)

(C:\Users\orfuc\AppData\Local\Programs\MiKTeX\tex/latex/graphics\graphics.sty
Package: graphics 2022/03/10 v1.4e Standard LaTeX Graphics (DPC,SPQR)

(C:\Users\orfuc\AppData\Local\Programs\MiKTeX\tex/latex/graphics\trig.sty
Package: trig 2021/08/11 v1.11 sin cos tan (DPC)
)
(C:\Users\orfuc\AppData\Local\Programs\MiKTeX\tex/latex/graphics-cfg\graphics.c
fg
File: graphics.cfg 2016/06/04 v1.11 sample graphics configuration
)
Package graphics Info: Driver file: pdftex.def on input line 107.

(C:\Users\orfuc\AppData\Local\Programs\MiKTeX\tex/latex/graphics-def\pdftex.def
File: pdftex.def 2022/09/22 v1.2b Graphics/color driver for pdftex
))
\Gin@req@height=\dimen141
\Gin@req@width=\dimen142
) (C:\Users\orfuc\AppData\Local\Programs\MiKTeX\tex/latex/natbib\natbib.sty
Package: natbib 2010/09/13 8.31b (PWD, AO)
\bibhang=\skip51
\bibsep=\skip52
LaTeX Info: Redefining \cite on input line 694.
\c@NAT@ctr=\count193
)
(C:\Users\orfuc\AppData\Local\Programs\MiKTeX\tex/latex/caption\caption.sty
Package: caption 2023/07/31 v3.6n Customizing captions (AR)

(C:\Users\orfuc\AppData\Local\Programs\MiKTeX\tex/latex/caption\caption3.sty
Package: caption3 2023/07/31 v2.4d caption3 kernel (AR)
\caption@tempdima=\dimen143
\captionmargin=\dimen144
\caption@leftmargin=\dimen145
\caption@rightmargin=\dimen146
\caption@width=\dimen147
\caption@indent=\dimen148
\caption@parindent=\dimen149
\caption@hangindent=\dimen150
Package caption Info: Standard document class detected.
)
\c@caption@flags=\count194
\c@continuedfloat=\count195
)
(C:\Users\orfuc\AppData\Local\Programs\MiKTeX\tex/latex/amsmath\amstext.sty
Package: amstext 2021/08/26 v2.01 AMS text

(C:\Users\orfuc\AppData\Local\Programs\MiKTeX\tex/latex/amsmath\amsgen.sty
File: amsgen.sty 1999/11/30 v2.0 generic functions
\@emptytoks=\toks18
\ex@=\dimen151
))
(C:\Users\orfuc\AppData\Local\Programs\MiKTeX\tex/latex/lineno\lineno.sty
Package: lineno 2023/05/20 line numbers on paragraphs v5.3

(C:\Users\orfuc\AppData\Local\Programs\MiKTeX\tex/latex/etoolbox\etoolbox.sty
Package: etoolbox 2020/10/05 v2.5k e-TeX tools for LaTeX (JAW)
\etb@tempcnta=\count196
)
(C:\Users\orfuc\AppData\Local\Programs\MiKTeX\tex/latex/kvoptions\kvoptions.sty
Package: kvoptions 2022-06-15 v3.15 Key value format for package options (HO)
(C:\Users\orfuc\AppData\Local\Programs\MiKTeX\tex/generic/ltxcmds\ltxcmds.sty
Package: ltxcmds 2020-05-10 v1.25 LaTeX kernel commands for general use (HO)
)
(C:\Users\orfuc\AppData\Local\Programs\MiKTeX\tex/latex/kvsetkeys\kvsetkeys.sty
Package: kvsetkeys 2022-10-05 v1.19 Key value parser (HO)
))
\linenopenalty=\count197
\output=\toks19
\linenoprevgraf=\count198
\linenumbersep=\dimen152
\linenumberwidth=\dimen153
\c@linenumber=\count199
\c@pagewiselinenumber=\count266
\c@LN@truepage=\count267
\c@internallinenumber=\count268
\c@internallinenumbers=\count269
\quotelinenumbersep=\dimen154
\bframerule=\dimen155
\bframesep=\dimen156
\bframebox=\box51
LaTeX Info: Redefining \\ on input line 3180.
)
(C:\Users\orfuc\AppData\Local\Programs\MiKTeX\tex/latex/placeins\placeins.sty
Package: placeins 2005/04/18  v 2.2
)
LaTeX Font Info:    Trying to load font information for OT1+ptm on input line 1
80.

(C:\Users\orfuc\AppData\Local\Programs\MiKTeX\tex/latex/psnfss\ot1ptm.fd
File: ot1ptm.fd 2001/06/04 font definitions for OT1/ptm.
)
(C:\Users\orfuc\AppData\Local\Programs\MiKTeX\tex/latex/l3backend\l3backend-pdf
tex.def
File: l3backend-pdftex.def 2023-04-19 L3 backend support: PDF output (pdfTeX)
\l__color_backend_stack_int=\count270
\l__pdf_internal_box=\box52
) (AAAI-2021_preprint_changed.aux)
\openout1 = `AAAI-2021_preprint_changed.aux'.

LaTeX Font Info:    Checking defaults for OML/cmm/m/it on input line 180.
LaTeX Font Info:    ... okay on input line 180.
LaTeX Font Info:    Checking defaults for OMS/cmsy/m/n on input line 180.
LaTeX Font Info:    ... okay on input line 180.
LaTeX Font Info:    Checking defaults for OT1/cmr/m/n on input line 180.
LaTeX Font Info:    ... okay on input line 180.
LaTeX Font Info:    Checking defaults for T1/cmr/m/n on input line 180.
LaTeX Font Info:    ... okay on input line 180.
LaTeX Font Info:    Checking defaults for TS1/cmr/m/n on input line 180.
LaTeX Font Info:    ... okay on input line 180.
LaTeX Font Info:    Checking defaults for OMX/cmex/m/n on input line 180.
LaTeX Font Info:    ... okay on input line 180.
LaTeX Font Info:    Checking defaults for U/cmr/m/n on input line 180.
LaTeX Font Info:    ... okay on input line 180.

(C:\Users\orfuc\AppData\Local\Programs\MiKTeX\tex/context/base/mkii\supp-pdf.mk
ii
[Loading MPS to PDF converter (version 2006.09.02).]
\scratchcounter=\count271
\scratchdimen=\dimen157
\scratchbox=\box53
\nofMPsegments=\count272
\nofMParguments=\count273
\everyMPshowfont=\toks20
\MPscratchCnt=\count274
\MPscratchDim=\dimen158
\MPnumerator=\count275
\makeMPintoPDFobject=\count276
\everyMPtoPDFconversion=\toks21
)
(C:\Users\orfuc\AppData\Local\Programs\MiKTeX\tex/latex/epstopdf-pkg\epstopdf-b
ase.sty
Package: epstopdf-base 2020-01-24 v2.11 Base part for package epstopdf

(C:\Users\orfuc\AppData\Local\Programs\MiKTeX\tex/generic/infwarerr\infwarerr.s
ty
Package: infwarerr 2019/12/03 v1.5 Providing info/warning/error messages (HO)
) (C:\Users\orfuc\AppData\Local\Programs\MiKTeX\tex/latex/grfext\grfext.sty
Package: grfext 2019/12/03 v1.3 Manage graphics extensions (HO)

(C:\Users\orfuc\AppData\Local\Programs\MiKTeX\tex/generic/kvdefinekeys\kvdefine
keys.sty
Package: kvdefinekeys 2019-12-19 v1.6 Define keys (HO)
))
(C:\Users\orfuc\AppData\Local\Programs\MiKTeX\tex/generic/pdftexcmds\pdftexcmds
.sty
Package: pdftexcmds 2020-06-27 v0.33 Utility functions of pdfTeX for LuaTeX (HO
)
 (C:\Users\orfuc\AppData\Local\Programs\MiKTeX\tex/generic/iftex\iftex.sty
Package: iftex 2022/02/03 v1.0f TeX engine tests
)
Package pdftexcmds Info: \pdf@primitive is available.
Package pdftexcmds Info: \pdf@ifprimitive is available.
Package pdftexcmds Info: \pdfdraftmode found.
)
Package epstopdf-base Info: Redefining graphics rule for `.eps' on input line 4
85.
Package grfext Info: Graphics extension search list:
(grfext)             [.pdf,.png,.jpg,.mps,.jpeg,.jbig2,.jb2,.PDF,.PNG,.JPG,.JPE
G,.JBIG2,.JB2,.eps]
(grfext)             \AppendGraphicsExtensions on input line 504.

(C:\Users\orfuc\AppData\Local\Programs\MiKTeX\tex/latex/00miktex\epstopdf-sys.c
fg
File: epstopdf-sys.cfg 2021/03/18 v2.0 Configuration of epstopdf for MiKTeX
))
Package caption Info: Begin \AtBeginDocument code.
Package caption Info: End \AtBeginDocument code.
\titlearea=\box54
LaTeX Font Info:    External font `cmex10' loaded for size
(Font)              <7> on input line 182.
LaTeX Font Info:    External font `cmex10' loaded for size
(Font)              <5> on input line 182.
LaTeX Font Info:    External font `cmex10' loaded for size
(Font)              <12> on input line 182.
LaTeX Font Info:    External font `cmex10' loaded for size
(Font)              <8> on input line 182.
LaTeX Font Info:    External font `cmex10' loaded for size
(Font)              <6> on input line 182.
LaTeX Font Info:    Trying to load font information for TS1+ptm on input line 1
82.
 (C:\Users\orfuc\AppData\Local\Programs\MiKTeX\tex/latex/psnfss\ts1ptm.fd
File: ts1ptm.fd 2001/06/04 font definitions for TS1/ptm.
)
LaTeX Font Info:    Trying to load font information for OMS+ptm on input line 1
82.

(C:\Users\orfuc\AppData\Local\Programs\MiKTeX\tex/latex/psnfss\omsptm.fd
File: omsptm.fd 
)
LaTeX Font Info:    Font shape `OMS/ptm/m/n' in size <10> not available
(Font)              Font shape `OMS/cmsy/m/n' tried instead on input line 182.
\actualheight=\skip53

Overfull \hbox (2.5pt too wide) in paragraph at lines 182--182
[][] 
 []


Underfull \vbox (badness 10000) detected at line 182
 []

LaTeX Font Info:    External font `cmex10' loaded for size
(Font)              <9> on input line 182.

Package natbib Warning: Citation `mutual2020' on page 1 undefined on input line
 192.

<example.pdf, id=1, 586.06152pt x 292.54092pt>
File: example.pdf Graphic file (type pdf)
<use example.pdf>
Package pdftex.def Info: example.pdf  used on input line 196.
(pdftex.def)             Requested size: 239.39438pt x 119.49617pt.

Package natbib Warning: Citation `Tao2019' on page 1 undefined on input line 20
2.


Package natbib Warning: Citation `qu2019bert' on page 1 undefined on input line
 202.


Package natbib Warning: Citation `su2019improving' on page 1 undefined on input
 line 202.


Package natbib Warning: Citation `su2019improving' on page 1 undefined on input
 line 202.


Package natbib Warning: Citation `Tao2020' on page 1 undefined on input line 20
2.


Package natbib Warning: Citation `Lu2020' on page 1 undefined on input line 202
.


Package natbib Warning: Citation `Lu2020' on page 1 undefined on input line 202
.


Package natbib Warning: Citation `yeh2019flowdelta' on page 1 undefined on inpu
t line 202.


Package natbib Warning: Citation `2017Variational' on page 1 undefined on input
 line 204.


Package natbib Warning: Citation `xu2019enhancing' on page 1 undefined on input
 line 204.


Package natbib Warning: Citation `Fang2019' on page 1 undefined on input line 2
04.


Package natbib Warning: Citation `Qiu2020' on page 1 undefined on input line 20
4.


Package natbib Warning: Citation `Martin' on page 1 undefined on input line 204
.


Underfull \vbox (badness 3000) has occurred while \output is active []

 [1{C:/Users/orfuc/AppData/Local/MiKTeX/fonts/map/pdftex/pdftex.map}{C:/Users/o
rfuc/AppData/Local/Programs/MiKTeX/fonts/enc/dvips/base/8r.enc}



 <./example.pdf>]

Package natbib Warning: Citation `Lan2020' on page 2 undefined on input line 20
6.


Package natbib Warning: Citation `Tao2019' on page 2 undefined on input line 21
7.


Package natbib Warning: Citation `Tao2020' on page 2 undefined on input line 21
7.


Package natbib Warning: Citation `Lu2020' on page 2 undefined on input line 217
.


Underfull \vbox (badness 7796) has occurred while \output is active []



Package natbib Warning: Citation `Qiu2020' on page 2 undefined on input line 21
9.

<framework.pdf, id=27, 721.08098pt x 386.46844pt>
File: framework.pdf Graphic file (type pdf)
<use framework.pdf>
Package pdftex.def Info: framework.pdf  used on input line 225.
(pdftex.def)             Requested size: 495.77003pt x 265.7141pt.

Underfull \hbox (badness 1009) in paragraph at lines 222--229
\OT1/ptm/m/n/10 ter-ance, $\OML/cmm/m/it/10 R \OT1/cmr/m/n/10 = \OMS/cmsy/m/n/1
0 f\OML/cmm/m/it/10 r[]; r[]; r[]; r[]\OMS/cmsy/m/n/10 g$ \OT1/ptm/m/n/10 and $
\OML/cmm/m/it/10 y \OMS/cmsy/m/n/10 2 f\OML/cmm/m/it/10 a; b; c; d\OMS/cmsy/m/n
/10 g$ \OT1/ptm/m/n/10 is
 []


Underfull \hbox (badness 1874) in paragraph at lines 222--229
\OT1/ptm/m/n/10 a four-category la-bel, in-di-cat-ing which $\OML/cmm/m/it/10 r
[] \OT1/cmr/m/n/10 =
 []


Underfull \hbox (badness 1769) in paragraph at lines 230--232
\OT1/ptm/m/n/10 Figure 2[] shows an overview of GRN, which fol-lows
 []


Underfull \hbox (badness 1354) in paragraph at lines 230--232
\OT1/ptm/m/n/10 the \OT1/ptm/b/n/10 Pretraining-Representation-Reasoning-Aggreg
ation
 []


Underfull \hbox (badness 1184) in paragraph at lines 230--232
\OT1/ptm/m/n/10 frame-work. First of all, we per-form un-su-per-vised pre-
 []

[2]

Package natbib Warning: Citation `Gururangan2020' on page 3 undefined on input 
line 237.


Package natbib Warning: Citation `Gururangan2020' on page 3 undefined on input 
line 240.


Package natbib Warning: Citation `grosz1995centering' on page 3 undefined on in
put line 247.


Package natbib Warning: Citation `kiros2015skip' on page 3 undefined on input l
ine 247.


Package natbib Warning: Citation `hill2016learning' on page 3 undefined on inpu
t line 247.


Package natbib Warning: Citation `gan2017learning' on page 3 undefined on input
 line 247.


Package natbib Warning: Citation `Lan2020' on page 3 undefined on input line 24
7.

[3 <./framework.pdf>]

Package natbib Warning: Citation `devlin2018bert' on page 4 undefined on input 
line 258.


Package natbib Warning: Citation `Qiu2020' on page 4 undefined on input line 25
8.


Package natbib Warning: Citation `Vaswani2017' on page 4 undefined on input lin
e 258.


Package natbib Warning: Citation `Martin' on page 4 undefined on input line 273
.


Package natbib Warning: Citation `Fang2019' on page 4 undefined on input line 2
73.


Package natbib Warning: Citation `Qiu2020' on page 4 undefined on input line 27
3.


Package natbib Warning: Citation `mihalcea_textrank' on page 4 undefined on inp
ut line 280.

<graph.pdf, id=87, 417.7773pt x 142.84668pt>
File: graph.pdf Graphic file (type pdf)
<use graph.pdf>
Package pdftex.def Info: graph.pdf  used on input line 289.
(pdftex.def)             Requested size: 234.60545pt x 80.21808pt.
[4]

Package natbib Warning: Citation `kipf2016semi' on page 5 undefined on input li
ne 310.


Overfull \hbox (3.80804pt too wide) in paragraph at lines 352--352
[]\OT1/ptm/m/n/10 R@1| 
 []


Overfull \hbox (3.80804pt too wide) in paragraph at lines 352--352
[]\OT1/ptm/m/n/10 R@2| 
 []


Overfull \hbox (5.15791pt too wide) in paragraph at lines 352--352
[]\OT1/ptm/m/n/10 MRR| 
 []


Overfull \hbox (3.80804pt too wide) in paragraph at lines 352--352
[]\OT1/ptm/m/n/10 R@1| 
 []


Overfull \hbox (3.80804pt too wide) in paragraph at lines 352--352
[]\OT1/ptm/m/n/10 R@2| 
 []


Overfull \hbox (5.15791pt too wide) in paragraph at lines 352--352
[]\OT1/ptm/m/n/10 MRR| 
 []


Overfull \hbox (1.7695pt too wide) in paragraph at lines 368--368
[]\OT1/ptm/m/n/10 RoBERTaMC| 
 []


Overfull \hbox (1.09662pt too wide) in paragraph at lines 349--372
 [][] 
 []


Package natbib Warning: Citation `mutual2020' on page 5 undefined on input line
 395.


Package natbib Warning: Citation `Ricardo2016' on page 5 undefined on input lin
e 395.


Package natbib Warning: Citation `Vaswani2017' on page 5 undefined on input lin
e 407.


Package natbib Warning: Citation `2015Lowe' on page 5 undefined on input line 4
13.


Package natbib Warning: Citation `Wu2017' on page 5 undefined on input line 413
.


Package natbib Warning: Citation `Zhou2018' on page 5 undefined on input line 4
13.


Package natbib Warning: Citation `Vaswani2017' on page 5 undefined on input lin
e 414.


Package natbib Warning: Citation `yu2018qanet' on page 5 undefined on input lin
e 414.


Package natbib Warning: Citation `seo2017bidirectional' on page 5 undefined on 
input line 414.


Package natbib Warning: Citation `wang2017gated' on page 5 undefined on input l
ine 414.


Package natbib Warning: Citation `devlin2018bert' on page 5 undefined on input 
line 414.


Package natbib Warning: Citation `joshi2020spanbert' on page 5 undefined on inp
ut line 414.


Package natbib Warning: Citation `2019RoBERTa' on page 5 undefined on input lin
e 414.


Package natbib Warning: Citation `Lan2020' on page 5 undefined on input line 41
4.


Package natbib Warning: Citation `Radford2018' on page 5 undefined on input lin
e 414.


Package natbib Warning: Citation `devlin2018bert' on page 5 undefined on input 
line 414.


Package natbib Warning: Citation `devlin2018bert' on page 5 undefined on input 
line 421.

[5 <./graph.pdf>]

Package natbib Warning: Citation `Lan2020' on page 6 undefined on input line 43
0.

[6]

Package natbib Warning: Citation `Lan2020' on page 7 undefined on input line 47
4.



pdfTeX warning: pdflatex (file ./NGCN.pdf): PDF inclusion: found PDF version <1
.7>, but at most version <1.5> allowed
<NGCN.pdf, id=113, 535.43304pt x 283.80528pt>
File: NGCN.pdf Graphic file (type pdf)
<use NGCN.pdf>
Package pdftex.def Info: NGCN.pdf  used on input line 477.
(pdftex.def)             Requested size: 239.39438pt x 126.89272pt.


pdfTeX warning: pdflatex (file ./case_study.pdf): PDF inclusion: found PDF vers
ion <1.7>, but at most version <1.5> allowed
<case_study.pdf, id=114, 903.82608pt x 389.06374pt>
File: case_study.pdf Graphic file (type pdf)
<use case_study.pdf>
Package pdftex.def Info: case_study.pdf  used on input line 483.
(pdftex.def)             Requested size: 495.77003pt x 213.40985pt.

Underfull \hbox (badness 1776) in paragraph at lines 474--487
\OT1/ptm/m/n/10 sults of GRN with dif-fer-ent pre-training meth-ods. As
 []


Package natbib Warning: Citation `klicpera2018predict' on page 7 undefined on i
nput line 488.

<error.pdf, id=115, 466.69698pt x 230.90265pt>
File: error.pdf Graphic file (type pdf)
<use error.pdf>
Package pdftex.def Info: error.pdf  used on input line 497.
(pdftex.def)             Requested size: 239.39438pt x 118.44229pt.
[7 <./NGCN.pdf>]
No file AAAI-2021_preprint_changed.bbl.

Underfull \vbox (badness 2707) has occurred while \output is active []

 [8 <./case_study.pdf> <./error.pdf

pdfTeX warning: pdflatex (file ./error.pdf): PDF inclusion: multiple pdfs with 
page group included in a single page
>]

Package natbib Warning: There were undefined citations.

[9

] (AAAI-2021_preprint_changed.aux)
 ***********
LaTeX2e <2023-06-01> patch level 1
L3 programming layer <2023-08-29>
 ***********
 ) 
Here is how much of TeX's memory you used:
 4644 strings out of 475247
 81682 string characters out of 5757792
 1971801 words of memory out of 5000000
 26104 multiletter control sequences out of 15000+600000
 583259 words of font info for 79 fonts, out of 8000000 for 9000
 1141 hyphenation exceptions out of 8191
 61i,18n,69p,1848b,418s stack positions out of 10000i,1000n,20000p,200000b,200000s
<C:/Users/orfuc/AppData/Local/Programs/MiKTeX/fonts/type1/public/amsfonts/cm/
cmex10.pfb><C:/Users/orfuc/AppData/Local/Programs/MiKTeX/fonts/type1/public/ams
fonts/cm/cmmi10.pfb><C:/Users/orfuc/AppData/Local/Programs/MiKTeX/fonts/type1/p
ublic/amsfonts/cm/cmmi5.pfb><C:/Users/orfuc/AppData/Local/Programs/MiKTeX/fonts
/type1/public/amsfonts/cm/cmmi7.pfb><C:/Users/orfuc/AppData/Local/Programs/MiKT
eX/fonts/type1/public/amsfonts/cm/cmr10.pfb><C:/Users/orfuc/AppData/Local/Progr
ams/MiKTeX/fonts/type1/public/amsfonts/cm/cmr5.pfb><C:/Users/orfuc/AppData/Loca
l/Programs/MiKTeX/fonts/type1/public/amsfonts/cm/cmr7.pfb><C:/Users/orfuc/AppDa
ta/Local/Programs/MiKTeX/fonts/type1/public/amsfonts/cm/cmsy10.pfb><C:/Users/or
fuc/AppData/Local/Programs/MiKTeX/fonts/type1/public/amsfonts/cm/cmsy7.pfb><C:/
Users/orfuc/AppData/Local/Programs/MiKTeX/fonts/type1/urw/times/utmb8a.pfb><C:/
Users/orfuc/AppData/Local/Programs/MiKTeX/fonts/type1/urw/times/utmr8a.pfb><C:/
Users/orfuc/AppData/Local/Programs/MiKTeX/fonts/type1/urw/times/utmri8a.pfb>
Output written on AAAI-2021_preprint_changed.pdf (9 pages, 905695 bytes).
PDF statistics:
 220 PDF objects out of 1000 (max. 8388607)
 0 named destinations out of 1000 (max. 500000)
 31 words of extra memory for PDF output out of 10000 (max. 10000000)

