This is pdfTeX, Version 3.141592653-2.6-1.40.25 (MiKTeX 23.9) (preloaded format=pdflatex 2023.9.22)  16 JAN 2024 11:10
entering extended mode
 restricted \write18 enabled.
 %&-line parsing enabled.
**./main_changed.tex
(main_changed.tex
LaTeX2e <2023-06-01> patch level 1
L3 programming layer <2023-08-29>
(C:\Users\micha\AppData\Local\Programs\MiKTeX\tex/latex/base\article.cls
Document Class: article 2023/05/17 v1.4n Standard LaTeX document class
(C:\Users\micha\AppData\Local\Programs\MiKTeX\tex/latex/base\size10.clo
File: size10.clo 2023/05/17 v1.4n Standard LaTeX file (size option)
)
\c@part=\count185
\c@section=\count186
\c@subsection=\count187
\c@subsubsection=\count188
\c@paragraph=\count189
\c@subparagraph=\count190
\c@figure=\count191
\c@table=\count192
\abovecaptionskip=\skip48
\belowcaptionskip=\skip49
\bibindent=\dimen140
)
(aaai24.sty
Package: aaai24 2023/06/26 AAAI 2024 Submission format

Conference Style for AAAI for LaTeX 2e -- version for submission
\titlebox=\skip50
) (C:\Users\micha\AppData\Local\Programs\MiKTeX\tex/latex/psnfss\times.sty
Package: times 2020/03/25 PSNFSS-v9.3 (SPQR) 
)
(C:\Users\micha\AppData\Local\Programs\MiKTeX\tex/latex/psnfss\helvet.sty
Package: helvet 2020/03/25 PSNFSS-v9.3 (WaS) 

(C:\Users\micha\AppData\Local\Programs\MiKTeX\tex/latex/graphics\keyval.sty
Package: keyval 2022/05/29 v1.15 key=value parser (DPC)
\KV@toks@=\toks17
))
(C:\Users\micha\AppData\Local\Programs\MiKTeX\tex/latex/psnfss\courier.sty
Package: courier 2020/03/25 PSNFSS-v9.3 (WaS) 
)
(C:\Users\micha\AppData\Local\Programs\MiKTeX\tex/latex/url\url.sty
\Urlmuskip=\muskip16
Package: url 2013/09/16  ver 3.4  Verb mode for urls, etc.
)
(C:\Users\micha\AppData\Local\Programs\MiKTeX\tex/latex/graphics\graphicx.sty
Package: graphicx 2021/09/16 v1.2d Enhanced LaTeX Graphics (DPC,SPQR)

(C:\Users\micha\AppData\Local\Programs\MiKTeX\tex/latex/graphics\graphics.sty
Package: graphics 2022/03/10 v1.4e Standard LaTeX Graphics (DPC,SPQR)

(C:\Users\micha\AppData\Local\Programs\MiKTeX\tex/latex/graphics\trig.sty
Package: trig 2021/08/11 v1.11 sin cos tan (DPC)
)
(C:\Users\micha\AppData\Local\Programs\MiKTeX\tex/latex/graphics-cfg\graphics.c
fg
File: graphics.cfg 2016/06/04 v1.11 sample graphics configuration
)
Package graphics Info: Driver file: pdftex.def on input line 107.

(C:\Users\micha\AppData\Local\Programs\MiKTeX\tex/latex/graphics-def\pdftex.def
File: pdftex.def 2022/09/22 v1.2b Graphics/color driver for pdftex
))
\Gin@req@height=\dimen141
\Gin@req@width=\dimen142
) (C:\Users\micha\AppData\Local\Programs\MiKTeX\tex/latex/natbib\natbib.sty
Package: natbib 2010/09/13 8.31b (PWD, AO)
\bibhang=\skip51
\bibsep=\skip52
LaTeX Info: Redefining \cite on input line 694.
\c@NAT@ctr=\count193
)
(C:\Users\micha\AppData\Local\Programs\MiKTeX\tex/latex/caption\caption.sty
Package: caption 2023/07/31 v3.6n Customizing captions (AR)

(C:\Users\micha\AppData\Local\Programs\MiKTeX\tex/latex/caption\caption3.sty
Package: caption3 2023/07/31 v2.4d caption3 kernel (AR)
\caption@tempdima=\dimen143
\captionmargin=\dimen144
\caption@leftmargin=\dimen145
\caption@rightmargin=\dimen146
\caption@width=\dimen147
\caption@indent=\dimen148
\caption@parindent=\dimen149
\caption@hangindent=\dimen150
Package caption Info: Standard document class detected.
)
\c@caption@flags=\count194
\c@continuedfloat=\count195
)
(C:\Users\micha\AppData\Local\Programs\MiKTeX\tex/latex/algorithms\algorithm.st
y
Package: algorithm 2009/08/24 v0.1 Document Style `algorithm' - floating enviro
nment
 (C:\Users\micha\AppData\Local\Programs\MiKTeX\tex/latex/float\float.sty
Package: float 2001/11/08 v1.3d Float enhancements (AL)
\c@float@type=\count196
\float@exts=\toks18
\float@box=\box51
\@float@everytoks=\toks19
\@floatcapt=\box52
)
(C:\Users\micha\AppData\Local\Programs\MiKTeX\tex/latex/base\ifthen.sty
Package: ifthen 2022/04/13 v1.1d Standard LaTeX ifthen package (DPC)
)
\@float@every@algorithm=\toks20
\c@algorithm=\count197
)
(C:\Users\micha\AppData\Local\Programs\MiKTeX\tex/latex/algorithms\algorithmic.
sty
Package: algorithmic 2009/08/24 v0.1 Document Style `algorithmic'
\c@ALC@unique=\count198
\c@ALC@line=\count199
\c@ALC@rem=\count266
\c@ALC@depth=\count267
\ALC@tlm=\skip53
\algorithmicindent=\skip54
) (C:\Users\micha\AppData\Local\Programs\MiKTeX\tex/latex/xcolor\xcolor.sty
Package: xcolor 2022/06/12 v2.14 LaTeX color extensions (UK)

(C:\Users\micha\AppData\Local\Programs\MiKTeX\tex/latex/graphics-cfg\color.cfg
File: color.cfg 2016/01/02 v1.6 sample color configuration
)
Package xcolor Info: Driver file: pdftex.def on input line 227.
(C:\Users\micha\AppData\Local\Programs\MiKTeX\tex/latex/graphics\mathcolor.ltx)
Package xcolor Info: Model `cmy' substituted by `cmy0' on input line 1353.
Package xcolor Info: Model `hsb' substituted by `rgb' on input line 1357.
Package xcolor Info: Model `RGB' extended on input line 1369.
Package xcolor Info: Model `HTML' substituted by `rgb' on input line 1371.
Package xcolor Info: Model `Hsb' substituted by `hsb' on input line 1372.
Package xcolor Info: Model `tHsb' substituted by `hsb' on input line 1373.
Package xcolor Info: Model `HSB' substituted by `hsb' on input line 1374.
Package xcolor Info: Model `Gray' substituted by `gray' on input line 1375.
Package xcolor Info: Model `wave' substituted by `hsb' on input line 1376.
) (C:\Users\micha\AppData\Local\Programs\MiKTeX\tex/latex/amsmath\amsmath.sty
Package: amsmath 2023/05/13 v2.17o AMS math features
\@mathmargin=\skip55

For additional information on amsmath, use the `?' option.
(C:\Users\micha\AppData\Local\Programs\MiKTeX\tex/latex/amsmath\amstext.sty
Package: amstext 2021/08/26 v2.01 AMS text

(C:\Users\micha\AppData\Local\Programs\MiKTeX\tex/latex/amsmath\amsgen.sty
File: amsgen.sty 1999/11/30 v2.0 generic functions
\@emptytoks=\toks21
\ex@=\dimen151
))
(C:\Users\micha\AppData\Local\Programs\MiKTeX\tex/latex/amsmath\amsbsy.sty
Package: amsbsy 1999/11/29 v1.2d Bold Symbols
\pmbraise@=\dimen152
)
(C:\Users\micha\AppData\Local\Programs\MiKTeX\tex/latex/amsmath\amsopn.sty
Package: amsopn 2022/04/08 v2.04 operator names
)
\inf@bad=\count268
LaTeX Info: Redefining \frac on input line 234.
\uproot@=\count269
\leftroot@=\count270
LaTeX Info: Redefining \overline on input line 399.
LaTeX Info: Redefining \colon on input line 410.
\classnum@=\count271
\DOTSCASE@=\count272
LaTeX Info: Redefining \ldots on input line 496.
LaTeX Info: Redefining \dots on input line 499.
LaTeX Info: Redefining \cdots on input line 620.
\Mathstrutbox@=\box53
\strutbox@=\box54
LaTeX Info: Redefining \big on input line 722.
LaTeX Info: Redefining \Big on input line 723.
LaTeX Info: Redefining \bigg on input line 724.
LaTeX Info: Redefining \Bigg on input line 725.
\big@size=\dimen153
LaTeX Font Info:    Redeclaring font encoding OML on input line 743.
LaTeX Font Info:    Redeclaring font encoding OMS on input line 744.
\macc@depth=\count273
LaTeX Info: Redefining \bmod on input line 905.
LaTeX Info: Redefining \pmod on input line 910.
LaTeX Info: Redefining \smash on input line 940.
LaTeX Info: Redefining \relbar on input line 970.
LaTeX Info: Redefining \Relbar on input line 971.
\c@MaxMatrixCols=\count274
\dotsspace@=\muskip17
\c@parentequation=\count275
\dspbrk@lvl=\count276
\tag@help=\toks22
\row@=\count277
\column@=\count278
\maxfields@=\count279
\andhelp@=\toks23
\eqnshift@=\dimen154
\alignsep@=\dimen155
\tagshift@=\dimen156
\tagwidth@=\dimen157
\totwidth@=\dimen158
\lineht@=\dimen159
\@envbody=\toks24
\multlinegap=\skip56
\multlinetaggap=\skip57
\mathdisplay@stack=\toks25
LaTeX Info: Redefining \[ on input line 2953.
LaTeX Info: Redefining \] on input line 2954.
)
(C:\Users\micha\AppData\Local\Programs\MiKTeX\tex/latex/amsfonts\amsfonts.sty
Package: amsfonts 2013/01/14 v3.01 Basic AMSFonts support
\symAMSa=\mathgroup4
\symAMSb=\mathgroup5
LaTeX Font Info:    Redeclaring math symbol \hbar on input line 98.
LaTeX Font Info:    Overwriting math alphabet `\mathfrak' in version `bold'
(Font)                  U/euf/m/n --> U/euf/b/n on input line 106.
)
(C:\Users\micha\AppData\Local\Programs\MiKTeX\tex/latex/newfloat\newfloat.sty
Package: newfloat 2023/10/01 v1.2 Defining new floating environments (AR)
)
(C:\Users\micha\AppData\Local\Programs\MiKTeX\tex/latex/listings\listings.sty
\lst@mode=\count280
\lst@gtempboxa=\box55
\lst@token=\toks26
\lst@length=\count281
\lst@currlwidth=\dimen160
\lst@column=\count282
\lst@pos=\count283
\lst@lostspace=\dimen161
\lst@width=\dimen162
\lst@newlines=\count284
\lst@lineno=\count285
\lst@maxwidth=\dimen163

(C:\Users\micha\AppData\Local\Programs\MiKTeX\tex/latex/listings\lstmisc.sty
File: lstmisc.sty 2023/02/27 1.9 (Carsten Heinz)
\c@lstnumber=\count286
\lst@skipnumbers=\count287
\lst@framebox=\box56
)
(C:\Users\micha\AppData\Local\Programs\MiKTeX\tex/latex/listings\listings.cfg
File: listings.cfg 2023/02/27 1.9 listings configuration
))
Package: listings 2023/02/27 1.9 (Carsten Heinz)
\@float@every@listing=\toks27
\c@listing=\count288
LaTeX Font Info:    Trying to load font information for OT1+ptm on input line 1
24.
(C:\Users\micha\AppData\Local\Programs\MiKTeX\tex/latex/psnfss\ot1ptm.fd
File: ot1ptm.fd 2001/06/04 font definitions for OT1/ptm.
)
(C:\Users\micha\AppData\Local\Programs\MiKTeX\tex/latex/l3backend\l3backend-pdf
tex.def
File: l3backend-pdftex.def 2023-04-19 L3 backend support: PDF output (pdfTeX)
\l__color_backend_stack_int=\count289
\l__pdf_internal_box=\box57
) (main_changed.aux)
\openout1 = `main_changed.aux'.

LaTeX Font Info:    Checking defaults for OML/cmm/m/it on input line 124.
LaTeX Font Info:    ... okay on input line 124.
LaTeX Font Info:    Checking defaults for OMS/cmsy/m/n on input line 124.
LaTeX Font Info:    ... okay on input line 124.
LaTeX Font Info:    Checking defaults for OT1/cmr/m/n on input line 124.
LaTeX Font Info:    ... okay on input line 124.
LaTeX Font Info:    Checking defaults for T1/cmr/m/n on input line 124.
LaTeX Font Info:    ... okay on input line 124.
LaTeX Font Info:    Checking defaults for TS1/cmr/m/n on input line 124.
LaTeX Font Info:    ... okay on input line 124.
LaTeX Font Info:    Checking defaults for OMX/cmex/m/n on input line 124.
LaTeX Font Info:    ... okay on input line 124.
LaTeX Font Info:    Checking defaults for U/cmr/m/n on input line 124.
LaTeX Font Info:    ... okay on input line 124.

(C:\Users\micha\AppData\Local\Programs\MiKTeX\tex/context/base/mkii\supp-pdf.mk
ii
[Loading MPS to PDF converter (version 2006.09.02).]
\scratchcounter=\count290
\scratchdimen=\dimen164
\scratchbox=\box58
\nofMPsegments=\count291
\nofMParguments=\count292
\everyMPshowfont=\toks28
\MPscratchCnt=\count293
\MPscratchDim=\dimen165
\MPnumerator=\count294
\makeMPintoPDFobject=\count295
\everyMPtoPDFconversion=\toks29
)
(C:\Users\micha\AppData\Local\Programs\MiKTeX\tex/latex/epstopdf-pkg\epstopdf-b
ase.sty
Package: epstopdf-base 2020-01-24 v2.11 Base part for package epstopdf
Package epstopdf-base Info: Redefining graphics rule for `.eps' on input line 4
85.

(C:\Users\micha\AppData\Local\Programs\MiKTeX\tex/latex/00miktex\epstopdf-sys.c
fg
File: epstopdf-sys.cfg 2021/03/18 v2.0 Configuration of epstopdf for MiKTeX
))
Package caption Info: Begin \AtBeginDocument code.
Package caption Info: float package is loaded.
Package caption Info: listings package is loaded.
Package caption Info: End \AtBeginDocument code.
Package newfloat Info: `float' package detected.
\c@lstlisting=\count296
\c@eqfn=\count297
\titlearea=\box59
LaTeX Font Info:    Trying to load font information for U+msa on input line 126
.
 (C:\Users\micha\AppData\Local\Programs\MiKTeX\tex/latex/amsfonts\umsa.fd
File: umsa.fd 2013/01/14 v3.01 AMS symbols A
)
LaTeX Font Info:    Trying to load font information for U+msb on input line 126
.

(C:\Users\micha\AppData\Local\Programs\MiKTeX\tex/latex/amsfonts\umsb.fd
File: umsb.fd 2013/01/14 v3.01 AMS symbols B
)
\actualheight=\skip58
LaTeX Font Info:    Trying to load font information for TS1+ptm on input line 1
26.

(C:\Users\micha\AppData\Local\Programs\MiKTeX\tex/latex/psnfss\ts1ptm.fd
File: ts1ptm.fd 2001/06/04 font definitions for TS1/ptm.
)

Package natbib Warning: Citation `freitag-etal-2020-human' on page 1 undefined 
on input line 134.


Package natbib Warning: Citation `NEURIPS2020_d6f1dd03' on page 1 undefined on 
input line 134.


Package natbib Warning: Citation `gan-ng-2019-improving' on page 1 undefined on
 input line 134.


Package natbib Warning: Citation `Cao2017' on page 1 undefined on input line 13
4.

<images/rebuttal-overview_figure_2.drawio.png, id=1, 704.6325pt x 242.9075pt>
File: images/rebuttal-overview_figure_2.drawio.png Graphic file (type png)
<use images/rebuttal-overview_figure_2.drawio.png>
Package pdftex.def Info: images/rebuttal-overview_figure_2.drawio.png  used on 
input line 138.
(pdftex.def)             Requested size: 227.64894pt x 78.47697pt.

LaTeX Warning: `h' float specifier changed to `ht'.


Package natbib Warning: Citation `thompson-post-2020-paraphrase' on page 1 unde
fined on input line 143.


Package natbib Warning: Citation `thompson-post-2020-automatic' on page 1 undef
ined on input line 143.


Package natbib Warning: Citation `federmann-etal-2019-multilingual' on page 1 u
ndefined on input line 143.


Package natbib Warning: Citation `thompson-post-2020-paraphrase' on page 1 unde
fined on input line 145.


Package natbib Warning: Citation `NEURIPS2019_812b4ba2' on page 1 undefined on 
input line 162.


Package natbib Warning: Citation `kaushik2021understanding' on page 1 undefined
 on input line 162.


Package natbib Warning: Citation `hu2021lora' on page 1 undefined on input line
 162.

[1{C:/Users/micha/AppData/Local/MiKTeX/fonts/map/pdftex/pdftex.map}{C:/Users/mi
cha/AppData/Local/Programs/MiKTeX/fonts/enc/dvips/base/8r.enc}



 <./images/rebuttal-overview_figure_2.drawio.png>]
Underfull \hbox (badness 1418) in paragraph at lines 168--169
[]\OT1/ptm/m/n/10 We ex-pand the mul-ti-lin-gual para-phras-ing eval-u-a-tion
 []

<images/architecture_2.png, id=11, 902.8932pt x 433.62pt>
File: images/architecture_2.png Graphic file (type png)
<use images/architecture_2.png>
Package pdftex.def Info: images/architecture_2.png  used on input line 176.
(pdftex.def)             Requested size: 364.24141pt x 174.92702pt.

LaTeX Warning: `h' float specifier changed to `ht'.

LaTeX Font Info:    Trying to load font information for OMS+ptm on input line 1
87.
(C:\Users\micha\AppData\Local\Programs\MiKTeX\tex/latex/psnfss\omsptm.fd
File: omsptm.fd 
)
LaTeX Font Info:    Font shape `OMS/ptm/m/it' in size <10> not available
(Font)              Font shape `OMS/cmsy/m/n' tried instead on input line 187.


Package natbib Warning: Citation `hu2021lora' on page 2 undefined on input line
 190.


Package natbib Warning: Citation `hu2021lora' on page 2 undefined on input line
 192.


Package natbib Warning: Citation `hu2021lora' on page 2 undefined on input line
 192.

[2]

Package natbib Warning: Citation `miyato2018virtual' on page 3 undefined on inp
ut line 201.


Package natbib Warning: Citation `NEURIPS2019_812b4ba2' on page 3 undefined on 
input line 246.

[3 <./images/architecture_2.png>]

Package natbib Warning: Citation `wmt19translate' on page 4 undefined on input 
line 264.


Package natbib Warning: Citation `thompson-post-2020-paraphrase' on page 4 unde
fined on input line 269.


Package natbib Warning: Citation `guo2019zeroshot' on page 4 undefined on input
 line 269.


Package natbib Warning: Citation `guo2019zeroshot' on page 4 undefined on input
 line 274.


Package natbib Warning: Citation `guo2019zeroshot' on page 4 undefined on input
 line 274.

[4]

Package natbib Warning: Citation `thompson-post-2020-paraphrase' on page 5 unde
fined on input line 276.


Package natbib Warning: Citation `yang-etal-2019-paws' on page 5 undefined on i
nput line 280.


Package natbib Warning: Citation `Creutz2019' on page 5 undefined on input line
 282.


Package natbib Warning: Citation `DVN/38OJR6_2020' on page 5 undefined on input
 line 284.


Package natbib Warning: Citation `Chowdhury_Zhuang_Wang_2022' on page 5 undefin
ed on input line 290.


Package natbib Warning: Citation `papineni-etal-2002-bleu' on page 5 undefined 
on input line 290.


Package natbib Warning: Citation `snover-etal-2006-study' on page 5 undefined o
n input line 290.


Package natbib Warning: Citation `zhang-etal-2020-bertscore' on page 5 undefine
d on input line 290.

LaTeX Font Info:    Trying to load font information for OT1+pcr on input line 2
90.
(C:\Users\micha\AppData\Local\Programs\MiKTeX\tex/latex/psnfss\ot1pcr.fd
File: ot1pcr.fd 2001/06/04 font definitions for OT1/pcr.
)

Package natbib Warning: Citation `hosking-lapata-2021-factorising' on page 5 un
defined on input line 290.


Package natbib Warning: Citation `shen-etal-2022-evaluation' on page 5 undefine
d on input line 290.


Package natbib Warning: Citation `niu-etal-2021-unsupervised' on page 5 undefin
ed on input line 290.


Underfull \hbox (badness 1231) in paragraph at lines 290--291
\OT1/ptm/m/n/10 We fol-low \OT1/ptm/b/n/10 ? \OT1/ptm/m/n/10 to re-port the re-
sult on BLEU (\OT1/ptm/b/n/10 ?\OT1/ptm/m/n/10 ), Self-
 []


Underfull \hbox (badness 10000) in paragraph at lines 290--291
\OT1/ptm/m/n/10 BLEU, Self-TER, which adapted TER (\OT1/ptm/b/n/10 ?\OT1/ptm/m/
n/10 ) to the
 []


Underfull \hbox (badness 3884) in paragraph at lines 290--291
\OT1/ptm/m/n/10 in-put in-stead of the ref-er-ence, BERTScore (\OT1/ptm/b/n/10 
?\OT1/ptm/m/n/10 ) with
 []


Underfull \hbox (badness 10000) in paragraph at lines 290--291
\OT1/pcr/m/n/10 bert-base-multilingual-cased \OT1/ptm/m/n/10 check-point,
 []


Underfull \hbox (badness 2452) in paragraph at lines 290--291
\OT1/ptm/m/n/10 use two lat-est para-phrase met-rics: ParaS-core (\OT1/ptm/b/n/
10 ?\OT1/ptm/m/n/10 ) and
 []


Package natbib Warning: Citation `thompson-post-2020-paraphrase' on page 5 unde
fined on input line 295.


Package natbib Warning: Citation `Krippendorff1970EstimatingTR' on page 5 undef
ined on input line 295.


Package natbib Warning: Citation `guo2019zeroshot' on page 5 undefined on input
 line 329.


Package natbib Warning: Citation `guo2019zeroshot' on page 5 undefined on input
 line 329.


Overfull \hbox (1.27753pt too wide) in paragraph at lines 337--363
 [][] 
 []


LaTeX Warning: `!h' float specifier changed to `!ht'.


Package natbib Warning: Citation `guo2019zeroshot' on page 5 undefined on input
 line 669.

[5]

Package natbib Warning: Citation `pmlr-v97-houlsby19a' on page 6 undefined on i
nput line 693.


Package natbib Warning: Citation `li-liang-2021-prefix' on page 6 undefined on 
input line 693.


Package natbib Warning: Citation `lester-etal-2021-power' on page 6 undefined o
n input line 693.


Package natbib Warning: Citation `hu2021lora' on page 6 undefined on input line
 693.


Package natbib Warning: Citation `liu-etal-2022-p' on page 6 undefined on input
 line 693.


Underfull \vbox (badness 10000) has occurred while \output is active []



LaTeX Warning: `!h' float specifier changed to `!ht'.

<images/avg.png, id=36, 422.7795pt x 328.8285pt>
File: images/avg.png Graphic file (type png)
<use images/avg.png>
Package pdftex.def Info: images/avg.png  used on input line 717.
(pdftex.def)             Requested size: 191.51622pt x 148.9599pt.

LaTeX Warning: `!h' float specifier changed to `!ht'.


Package natbib Warning: Citation `Bertsekas1982PNM' on page 6 undefined on inpu
t line 722.


Underfull \vbox (badness 1668) has occurred while \output is active []

 [6]

Package natbib Warning: Citation `thompson-post-2020-paraphrase' on page 7 unde
fined on input line 727.


Package natbib Warning: Citation `thompson-post-2020-automatic' on page 7 undef
ined on input line 727.


Package natbib Warning: Citation `guo2019zeroshot' on page 7 undefined on input
 line 727.


Package natbib Warning: Citation `NEURIPS2019_c04c19c2' on page 7 undefined on 
input line 727.


Package natbib Warning: Citation `thompson-post-2020-paraphrase' on page 7 unde
fined on input line 727.


Underfull \hbox (badness 1092) in paragraph at lines 727--728
\OT1/ptm/m/n/10 Numerous tech-niques for para-phras-ing in mul-ti-ple lan-
 []


Underfull \hbox (badness 10000) in paragraph at lines 727--728
\OT1/ptm/m/n/10 guages em-ploy Ma-chine Translation-based mod-els
 []


Underfull \hbox (badness 1087) in paragraph at lines 727--728
\OT1/ptm/m/n/10 (MNMT). To il-lus-trate, \OT1/ptm/b/n/10 ? \OT1/ptm/m/n/10 ap-p
lied a pre-trained MNMT
 []


Underfull \hbox (badness 1924) in paragraph at lines 727--728
\OT1/ptm/m/n/10 model. Sec-ondly, there may be in-stances of in-cor-rect
 []


Package natbib Warning: Citation `goodfellow2015explaining' on page 7 undefined
 on input line 730.


Package natbib Warning: Citation `pereira-etal-2020-adversarial' on page 7 unde
fined on input line 730.


Package natbib Warning: Citation `dong2021towards' on page 7 undefined on input
 line 730.


Package natbib Warning: Citation `miyato2018virtual' on page 7 undefined on inp
ut line 730.


Package natbib Warning: Citation `dong2021should' on page 7 undefined on input 
line 730.


Package natbib Warning: Citation `NEURIPS2019_812b4ba2' on page 7 undefined on 
input line 730.


Package natbib Warning: Citation `NEURIPS2019_7503cfac' on page 7 undefined on 
input line 730.


Package natbib Warning: Citation `miyato2018virtual' on page 7 undefined on inp
ut line 730.

[7 <./images/avg.png>] [8

]
No file main_changed.bbl.

Package natbib Warning: There were undefined citations.

(main_changed.aux)
 ***********
LaTeX2e <2023-06-01> patch level 1
L3 programming layer <2023-08-29>
 ***********
 ) 
Here is how much of TeX's memory you used:
 6598 strings out of 475247
 105746 string characters out of 5757792
 1973801 words of memory out of 5000000
 28033 multiletter control sequences out of 15000+600000
 589699 words of font info for 103 fonts, out of 8000000 for 9000
 1141 hyphenation exceptions out of 8191
 57i,20n,65p,1918b,745s stack positions out of 10000i,1000n,20000p,200000b,200000s
<C:/Users/micha/AppData/Local/Programs/MiKTeX/fonts/type1/public/amsfonts/cm/
cmex10.pfb><C:/Users/micha/AppData/Local/Programs/MiKTeX/fonts/type1/public/ams
fonts/cm/cmmi10.pfb><C:/Users/micha/AppData/Local/Programs/MiKTeX/fonts/type1/p
ublic/amsfonts/cm/cmmi5.pfb><C:/Users/micha/AppData/Local/Programs/MiKTeX/fonts
/type1/public/amsfonts/cm/cmmi7.pfb><C:/Users/micha/AppData/Local/Programs/MiKT
eX/fonts/type1/public/amsfonts/cm/cmr10.pfb><C:/Users/micha/AppData/Local/Progr
ams/MiKTeX/fonts/type1/public/amsfonts/cm/cmr7.pfb><C:/Users/micha/AppData/Loca
l/Programs/MiKTeX/fonts/type1/public/amsfonts/cm/cmsy10.pfb><C:/Users/micha/App
Data/Local/Programs/MiKTeX/fonts/type1/public/amsfonts/cm/cmsy7.pfb><C:/Users/m
icha/AppData/Local/Programs/MiKTeX/fonts/type1/public/amsfonts/cm/cmsy9.pfb><C:
/Users/micha/AppData/Local/Programs/MiKTeX/fonts/type1/public/amsfonts/symbols/
msbm10.pfb><C:/Users/micha/AppData/Local/Programs/MiKTeX/fonts/type1/urw/courie
r/ucrr8a.pfb><C:/Users/micha/AppData/Local/Programs/MiKTeX/fonts/type1/urw/time
s/utmb8a.pfb><C:/Users/micha/AppData/Local/Programs/MiKTeX/fonts/type1/urw/time
s/utmr8a.pfb><C:/Users/micha/AppData/Local/Programs/MiKTeX/fonts/type1/urw/time
s/utmri8a.pfb>
Output written on main_changed.pdf (8 pages, 429482 bytes).
PDF statistics:
 107 PDF objects out of 1000 (max. 8388607)
 0 named destinations out of 1000 (max. 500000)
 16 words of extra memory for PDF output out of 10000 (max. 10000000)

