This is pdfTeX, Version 3.141592653-2.6-1.40.25 (MiKTeX 23.5) (preloaded format=pdflatex 2024.1.12)  3 MAR 2024 15:22
entering extended mode
 restricted \write18 enabled.
 %&-line parsing enabled.
**./AAAI-ChengY.2452_changed.tex
(AAAI-ChengY.2452_changed.tex
LaTeX2e <2023-06-01> patch level 1
L3 programming layer <2023-08-29>
(C:\Users\orfuc\AppData\Local\Programs\MiKTeX\tex/latex/base\article.cls
Document Class: article 2023/05/17 v1.4n Standard LaTeX document class
(C:\Users\orfuc\AppData\Local\Programs\MiKTeX\tex/latex/base\size10.clo
File: size10.clo 2023/05/17 v1.4n Standard LaTeX file (size option)
)
\c@part=\count185
\c@section=\count186
\c@subsection=\count187
\c@subsubsection=\count188
\c@paragraph=\count189
\c@subparagraph=\count190
\c@figure=\count191
\c@table=\count192
\abovecaptionskip=\skip48
\belowcaptionskip=\skip49
\bibindent=\dimen140
)
(aaai20.sty
Conference Style for AAAI for LaTeX 2e -- version for the AAAI-20 conference
\titlebox=\skip50
) (C:\Users\orfuc\AppData\Local\Programs\MiKTeX\tex/latex/psnfss\times.sty
Package: times 2020/03/25 PSNFSS-v9.3 (SPQR) 
)
(C:\Users\orfuc\AppData\Local\Programs\MiKTeX\tex/latex/psnfss\helvet.sty
Package: helvet 2020/03/25 PSNFSS-v9.3 (WaS) 

(C:\Users\orfuc\AppData\Local\Programs\MiKTeX\tex/latex/graphics\keyval.sty
Package: keyval 2022/05/29 v1.15 key=value parser (DPC)
\KV@toks@=\toks17
))
(C:\Users\orfuc\AppData\Local\Programs\MiKTeX\tex/latex/psnfss\courier.sty
Package: courier 2020/03/25 PSNFSS-v9.3 (WaS) 
)
(C:\Users\orfuc\AppData\Local\Programs\MiKTeX\tex/latex/url\url.sty
\Urlmuskip=\muskip16
Package: url 2013/09/16  ver 3.4  Verb mode for urls, etc.
)
(C:\Users\orfuc\AppData\Local\Programs\MiKTeX\tex/latex/graphics\graphicx.sty
Package: graphicx 2021/09/16 v1.2d Enhanced LaTeX Graphics (DPC,SPQR)

(C:\Users\orfuc\AppData\Local\Programs\MiKTeX\tex/latex/graphics\graphics.sty
Package: graphics 2022/03/10 v1.4e Standard LaTeX Graphics (DPC,SPQR)

(C:\Users\orfuc\AppData\Local\Programs\MiKTeX\tex/latex/graphics\trig.sty
Package: trig 2021/08/11 v1.11 sin cos tan (DPC)
)
(C:\Users\orfuc\AppData\Local\Programs\MiKTeX\tex/latex/graphics-cfg\graphics.c
fg
File: graphics.cfg 2016/06/04 v1.11 sample graphics configuration
)
Package graphics Info: Driver file: pdftex.def on input line 107.

(C:\Users\orfuc\AppData\Local\Programs\MiKTeX\tex/latex/graphics-def\pdftex.def
File: pdftex.def 2022/09/22 v1.2b Graphics/color driver for pdftex
))
\Gin@req@height=\dimen141
\Gin@req@width=\dimen142
) (C:\Users\orfuc\AppData\Local\Programs\MiKTeX\tex/latex/amsmath\amsmath.sty
Package: amsmath 2023/05/13 v2.17o AMS math features
\@mathmargin=\skip51
For additional information on amsmath, use the `?' option.
(C:\Users\orfuc\AppData\Local\Programs\MiKTeX\tex/latex/amsmath\amstext.sty
Package: amstext 2021/08/26 v2.01 AMS text

(C:\Users\orfuc\AppData\Local\Programs\MiKTeX\tex/latex/amsmath\amsgen.sty
File: amsgen.sty 1999/11/30 v2.0 generic functions
\@emptytoks=\toks18
\ex@=\dimen143
))
(C:\Users\orfuc\AppData\Local\Programs\MiKTeX\tex/latex/amsmath\amsbsy.sty
Package: amsbsy 1999/11/29 v1.2d Bold Symbols
\pmbraise@=\dimen144
)
(C:\Users\orfuc\AppData\Local\Programs\MiKTeX\tex/latex/amsmath\amsopn.sty
Package: amsopn 2022/04/08 v2.04 operator names
)
\inf@bad=\count193
LaTeX Info: Redefining \frac on input line 234.
\uproot@=\count194
\leftroot@=\count195
LaTeX Info: Redefining \overline on input line 399.
LaTeX Info: Redefining \colon on input line 410.
\classnum@=\count196
\DOTSCASE@=\count197
LaTeX Info: Redefining \ldots on input line 496.
LaTeX Info: Redefining \dots on input line 499.
LaTeX Info: Redefining \cdots on input line 620.
\Mathstrutbox@=\box51
\strutbox@=\box52
LaTeX Info: Redefining \big on input line 722.
LaTeX Info: Redefining \Big on input line 723.
LaTeX Info: Redefining \bigg on input line 724.
LaTeX Info: Redefining \Bigg on input line 725.
\big@size=\dimen145
LaTeX Font Info:    Redeclaring font encoding OML on input line 743.
LaTeX Font Info:    Redeclaring font encoding OMS on input line 744.
\macc@depth=\count198
LaTeX Info: Redefining \bmod on input line 905.
LaTeX Info: Redefining \pmod on input line 910.
LaTeX Info: Redefining \smash on input line 940.
LaTeX Info: Redefining \relbar on input line 970.
LaTeX Info: Redefining \Relbar on input line 971.
\c@MaxMatrixCols=\count199
\dotsspace@=\muskip17
\c@parentequation=\count266
\dspbrk@lvl=\count267
\tag@help=\toks19
\row@=\count268
\column@=\count269
\maxfields@=\count270
\andhelp@=\toks20
\eqnshift@=\dimen146
\alignsep@=\dimen147
\tagshift@=\dimen148
\tagwidth@=\dimen149
\totwidth@=\dimen150
\lineht@=\dimen151
\@envbody=\toks21
\multlinegap=\skip52
\multlinetaggap=\skip53
\mathdisplay@stack=\toks22
LaTeX Info: Redefining \[ on input line 2953.
LaTeX Info: Redefining \] on input line 2954.
)
(C:\Users\orfuc\AppData\Local\Programs\MiKTeX\tex/latex/amsfonts\amssymb.sty
Package: amssymb 2013/01/14 v3.01 AMS font symbols

(C:\Users\orfuc\AppData\Local\Programs\MiKTeX\tex/latex/amsfonts\amsfonts.sty
Package: amsfonts 2013/01/14 v3.01 Basic AMSFonts support
\symAMSa=\mathgroup4
\symAMSb=\mathgroup5
LaTeX Font Info:    Redeclaring math symbol \hbar on input line 98.
LaTeX Font Info:    Overwriting math alphabet `\mathfrak' in version `bold'
(Font)                  U/euf/m/n --> U/euf/b/n on input line 106.
)) (C:\Users\orfuc\AppData\Local\Programs\MiKTeX\tex/latex/multirow\multirow.st
y
Package: multirow 2021/03/15 v2.8 Span multiple rows of a table
\multirow@colwidth=\skip54
\multirow@cntb=\count271
\multirow@dima=\skip55
\bigstrutjot=\dimen152
)
(C:\Users\orfuc\AppData\Local\Programs\MiKTeX\tex/latex/subfigure\subfigure.sty
Package: subfigure 2002/07/30 v2.1.4 subfigure package
\subfigtopskip=\skip56
\subfigcapskip=\skip57
\subfigcaptopadj=\dimen153
\subfigbottomskip=\skip58
\subfigcapmargin=\dimen154
\subfiglabelskip=\skip59
\c@subfigure=\count272
\c@lofdepth=\count273
\c@subtable=\count274
\c@lotdepth=\count275
****************************************
* Local config file subfigure.cfg used *
****************************************

(C:\Users\orfuc\AppData\Local\Programs\MiKTeX\tex/latex/subfigure\subfigure.cfg
)
\subfig@top=\skip60
\subfig@bottom=\skip61
) (C:\Users\orfuc\AppData\Local\Programs\MiKTeX\tex/latex/tools\array.sty
Package: array 2022/09/04 v2.5g Tabular extension package (FMi)
\col@sep=\dimen155
\ar@mcellbox=\box53
\extrarowheight=\dimen156
\NC@list=\toks23
\extratabsurround=\skip62
\backup@length=\skip63
\ar@cellbox=\box54
)
(C:\Users\orfuc\AppData\Local\Programs\MiKTeX\tex/latex/xcolor\xcolor.sty
Package: xcolor 2022/06/12 v2.14 LaTeX color extensions (UK)

(C:\Users\orfuc\AppData\Local\Programs\MiKTeX\tex/latex/graphics-cfg\color.cfg
File: color.cfg 2016/01/02 v1.6 sample color configuration
)
Package xcolor Info: Driver file: pdftex.def on input line 227.
(C:\Users\orfuc\AppData\Local\Programs\MiKTeX\tex/latex/graphics\mathcolor.ltx)
Package xcolor Info: Model `cmy' substituted by `cmy0' on input line 1353.
Package xcolor Info: Model `hsb' substituted by `rgb' on input line 1357.
Package xcolor Info: Model `RGB' extended on input line 1369.
Package xcolor Info: Model `HTML' substituted by `rgb' on input line 1371.
Package xcolor Info: Model `Hsb' substituted by `hsb' on input line 1372.
Package xcolor Info: Model `tHsb' substituted by `hsb' on input line 1373.
Package xcolor Info: Model `HSB' substituted by `hsb' on input line 1374.
Package xcolor Info: Model `Gray' substituted by `gray' on input line 1375.
Package xcolor Info: Model `wave' substituted by `hsb' on input line 1376.
) (C:\Users\orfuc\AppData\Local\Programs\MiKTeX\tex/latex/diagbox\diagbox.sty
Package: diagbox 2020/02/09 v2.3 Making table heads with diagonal lines

(C:\Users\orfuc\AppData\Local\Programs\MiKTeX\tex/latex/pict2e\pict2e.sty
Package: pict2e 2020/09/30 v0.4b Improved picture commands (HjG,RN,JT)

(C:\Users\orfuc\AppData\Local\Programs\MiKTeX\tex/latex/pict2e\pict2e.cfg
File: pict2e.cfg 2016/02/05 v0.1u pict2e configuration for teTeX/TeXLive
)
Package pict2e Info: Driver file: pdftex.def on input line 112.
Package pict2e Info: Driver file for pict2e: p2e-pdftex.def on input line 114.

(C:\Users\orfuc\AppData\Local\Programs\MiKTeX\tex/latex/pict2e\p2e-pdftex.def
File: p2e-pdftex.def 2016/02/05 v0.1u Driver-dependant file (RN,HjG,JT)
)
\pIIe@GRAPH=\toks24
\@arclen=\dimen157
\@arcrad=\dimen158
\pIIe@tempdima=\dimen159
\pIIe@tempdimb=\dimen160
\pIIe@tempdimc=\dimen161
\pIIe@tempdimd=\dimen162
\pIIe@tempdime=\dimen163
\pIIe@tempdimf=\dimen164
) (C:\Users\orfuc\AppData\Local\Programs\MiKTeX\tex/latex/tools\calc.sty
Package: calc 2017/05/25 v4.3 Infix arithmetic (KKT,FJ)
\calc@Acount=\count276
\calc@Bcount=\count277
\calc@Adimen=\dimen165
\calc@Bdimen=\dimen166
\calc@Askip=\skip64
\calc@Bskip=\skip65
LaTeX Info: Redefining \setlength on input line 80.
LaTeX Info: Redefining \addtolength on input line 81.
\calc@Ccount=\count278
\calc@Cskip=\skip66
)
\diagbox@boxa=\box55
\diagbox@boxb=\box56
\diagbox@boxm=\box57
\diagbox@wd=\dimen167
\diagbox@ht=\dimen168
\diagbox@insepl=\dimen169
\diagbox@insepr=\dimen170
\diagbox@outsepl=\dimen171
\diagbox@outsepr=\dimen172
)
LaTeX Font Info:    Trying to load font information for OT1+ptm on input line 1
25.

(C:\Users\orfuc\AppData\Local\Programs\MiKTeX\tex/latex/psnfss\ot1ptm.fd
File: ot1ptm.fd 2001/06/04 font definitions for OT1/ptm.
)
(C:\Users\orfuc\AppData\Local\Programs\MiKTeX\tex/latex/l3backend\l3backend-pdf
tex.def
File: l3backend-pdftex.def 2023-04-19 L3 backend support: PDF output (pdfTeX)
\l__color_backend_stack_int=\count279
\l__pdf_internal_box=\box58
) (AAAI-ChengY.2452_changed.aux)
\openout1 = `AAAI-ChengY.2452_changed.aux'.

LaTeX Font Info:    Checking defaults for OML/cmm/m/it on input line 125.
LaTeX Font Info:    ... okay on input line 125.
LaTeX Font Info:    Checking defaults for OMS/cmsy/m/n on input line 125.
LaTeX Font Info:    ... okay on input line 125.
LaTeX Font Info:    Checking defaults for OT1/cmr/m/n on input line 125.
LaTeX Font Info:    ... okay on input line 125.
LaTeX Font Info:    Checking defaults for T1/cmr/m/n on input line 125.
LaTeX Font Info:    ... okay on input line 125.
LaTeX Font Info:    Checking defaults for TS1/cmr/m/n on input line 125.
LaTeX Font Info:    ... okay on input line 125.
LaTeX Font Info:    Checking defaults for OMX/cmex/m/n on input line 125.
LaTeX Font Info:    ... okay on input line 125.
LaTeX Font Info:    Checking defaults for U/cmr/m/n on input line 125.
LaTeX Font Info:    ... okay on input line 125.

(C:\Users\orfuc\AppData\Local\Programs\MiKTeX\tex/context/base/mkii\supp-pdf.mk
ii
[Loading MPS to PDF converter (version 2006.09.02).]
\scratchcounter=\count280
\scratchdimen=\dimen173
\scratchbox=\box59
\nofMPsegments=\count281
\nofMParguments=\count282
\everyMPshowfont=\toks25
\MPscratchCnt=\count283
\MPscratchDim=\dimen174
\MPnumerator=\count284
\makeMPintoPDFobject=\count285
\everyMPtoPDFconversion=\toks26
)
(C:\Users\orfuc\AppData\Local\Programs\MiKTeX\tex/latex/epstopdf-pkg\epstopdf-b
ase.sty
Package: epstopdf-base 2020-01-24 v2.11 Base part for package epstopdf
Package epstopdf-base Info: Redefining graphics rule for `.eps' on input line 4
85.

(C:\Users\orfuc\AppData\Local\Programs\MiKTeX\tex/latex/00miktex\epstopdf-sys.c
fg
File: epstopdf-sys.cfg 2021/03/18 v2.0 Configuration of epstopdf for MiKTeX
))
LaTeX Font Info:    Trying to load font information for U+msa on input line 127
.
 (C:\Users\orfuc\AppData\Local\Programs\MiKTeX\tex/latex/amsfonts\umsa.fd
File: umsa.fd 2013/01/14 v3.01 AMS symbols A
)
LaTeX Font Info:    Trying to load font information for U+msb on input line 127
.

(C:\Users\orfuc\AppData\Local\Programs\MiKTeX\tex/latex/amsfonts\umsb.fd
File: umsb.fd 2013/01/14 v3.01 AMS symbols B
)
LaTeX Font Info:    Trying to load font information for TS1+ptm on input line 1
27.

(C:\Users\orfuc\AppData\Local\Programs\MiKTeX\tex/latex/psnfss\ts1ptm.fd
File: ts1ptm.fd 2001/06/04 font definitions for TS1/ptm.
)
LaTeX Font Info:    Trying to load font information for OMS+ptm on input line 1
27.

(C:\Users\orfuc\AppData\Local\Programs\MiKTeX\tex/latex/psnfss\omsptm.fd
File: omsptm.fd 
)
LaTeX Font Info:    Font shape `OMS/ptm/m/n' in size <10> not available
(Font)              Font shape `OMS/cmsy/m/n' tried instead on input line 127.


LaTeX Warning: Citation `2018_alshawi_saliency' on page 1 undefined on input li
ne 137.


LaTeX Warning: Citation `2017_zhang_contact' on page 1 undefined on input line 
137.


LaTeX Warning: Citation `2016_anjul_vr' on page 1 undefined on input line 137.


Underfull \hbox (badness 1596) in paragraph at lines 139--141
\OT1/ptm/m/n/10 based meth-ods and appearance-based meth-ods. Model-
 []

<Figure-process.pdf, id=1, 447.74779pt x 198.6923pt>
File: Figure-process.pdf Graphic file (type pdf)
<use Figure-process.pdf>
Package pdftex.def Info: Figure-process.pdf  used on input line 144.
(pdftex.def)             Requested size: 239.39438pt x 106.23415pt.

LaTeX Warning: Citation `2015_zhang_appearancewild' on page 1 undefined on inpu
t line 151.


LaTeX Warning: Citation `2017_zhang_fullface' on page 1 undefined on input line
 151.


LaTeX Warning: Citation `2018_zhao_dilated' on page 1 undefined on input line 1
52.

[1{C:/Users/orfuc/AppData/Local/MiKTeX/fonts/map/pdftex/pdftex.map}{C:/Users/or
fuc/AppData/Local/Programs/MiKTeX/fonts/enc/dvips/base/8r.enc}



 <./Figure-process.pdf, page is rotated 90 degrees>]
Underfull \hbox (badness 1215) in paragraph at lines 165--167
[]\OT1/ptm/m/n/10 Integrating above al-go-rithms, we fi-nally pro-pose the
 []


LaTeX Warning: Citation `2010_hansen_survey' on page 2 undefined on input line 
176.


LaTeX Warning: Citation `2006_guestrin_remote' on page 2 undefined on input lin
e 179.


LaTeX Warning: Citation `2012_nakazawa_point' on page 2 undefined on input line
 180.


LaTeX Warning: Citation `2012_valenti_combineheadpose' on page 2 undefined on i
nput line 180.


LaTeX Warning: Citation `2014_mora_geometric' on page 2 undefined on input line
 180.


LaTeX Warning: Citation `2014_xiong_rgbdcamera' on page 2 undefined on input li
ne 180.


LaTeX Warning: Citation `2014_mora_geometric' on page 2 undefined on input line
 181.


LaTeX Warning: Citation `2014_xiong_rgbdcamera' on page 2 undefined on input li
ne 181.


LaTeX Warning: Citation `2002_karhan_appearancebased' on page 2 undefined on in
put line 186.


LaTeX Warning: Citation `1994_baluja_firstneural' on page 2 undefined on input 
line 188.


LaTeX Warning: Citation `1998_xu_novel' on page 2 undefined on input line 188.


LaTeX Warning: Citation `2014_lu_adaptive' on page 2 undefined on input line 18
8.


LaTeX Warning: Citation `2006_williams_sparse' on page 2 undefined on input lin
e 188.


LaTeX Warning: Citation `2017_lu_uncalibrated' on page 2 undefined on input lin
e 188.


LaTeX Warning: Citation `2014_lu_headmotion' on page 2 undefined on input line 
189.


LaTeX Warning: Citation `2015_lu_synthesis' on page 2 undefined on input line 1
89.


LaTeX Warning: Citation `2015_zhang_appearancewild' on page 2 undefined on inpu
t line 193.


LaTeX Warning: Citation `1998_lecun_lenet' on page 2 undefined on input line 19
3.


LaTeX Warning: Citation `2018_yu_deep' on page 2 undefined on input line 194.


LaTeX Warning: Citation `2018_tobias_rt' on page 2 undefined on input line 195.



LaTeX Warning: Citation `2014_karen_vgg' on page 2 undefined on input line 195.



LaTeX Warning: Citation `2018_cheng_asymmetric' on page 2 undefined on input li
ne 196.


LaTeX Warning: Citation `2016_krafka_itrack' on page 2 undefined on input line 
199.


LaTeX Warning: Citation `2017_zhang_fullface' on page 2 undefined on input line
 200.


LaTeX Warning: Citation `2017_zhu_monocular' on page 2 undefined on input line 
201.


LaTeX Warning: Citation `2018_zhao_dilated' on page 2 undefined on input line 2
02.


LaTeX Warning: Citation `2019_xiong_mixed' on page 2 undefined on input line 20
3.

<Figure-attention.pdf, id=37, 334.6633pt x 159.3393pt>
File: Figure-attention.pdf Graphic file (type pdf)
<use Figure-attention.pdf>
Package pdftex.def Info: Figure-attention.pdf  used on input line 227.
(pdftex.def)             Requested size: 239.39438pt x 113.9802pt.
[2]

LaTeX Warning: Citation `2018_cheng_asymmetric' on page 3 undefined on input li
ne 244.


LaTeX Warning: Citation `2017_ash_attention' on page 3 undefined on input line 
249.


LaTeX Warning: Citation `2015_bah_attention' on page 3 undefined on input line 
253.

<Figure-coarse-to-fine.pdf, id=41, 226.2884pt x 189.7238pt>
File: Figure-coarse-to-fine.pdf Graphic file (type pdf)
<use Figure-coarse-to-fine.pdf>
Package pdftex.def Info: Figure-coarse-to-fine.pdf  used on input line 292.
(pdftex.def)             Requested size: 143.63808pt x 120.42984pt.

LaTeX Warning: Citation `2014_cho_gru' on page 3 undefined on input line 311.

[3 <./Figure-attention.pdf, page is rotated 90 degrees> <./Figure-coarse-to-fin
e.pdf, page is rotated 90 degrees>]
<Figure-overview.pdf, id=89, 329.08447pt x 213.87103pt>
File: Figure-overview.pdf Graphic file (type pdf)
<use Figure-overview.pdf>
Package pdftex.def Info: Figure-overview.pdf  used on input line 344.
(pdftex.def)             Requested size: 215.45348pt x 140.0229pt.


LaTeX Warning: Citation `2015_Ioffe_batch' on page 4 undefined on input line 38
9.


LaTeX Warning: Citation `2015_he_msra' on page 4 undefined on input line 404.

[4 <./Figure-overview.pdf, page is rotated 90 degrees>]
<Figure-performance_mpii.pdf, id=120, 663.68834pt x 436.01965pt>
File: Figure-performance_mpii.pdf Graphic file (type pdf)
<use Figure-performance_mpii.pdf>
Package pdftex.def Info: Figure-performance_mpii.pdf  used on input line 410.
(pdftex.def)             Requested size: 237.00174pt x 155.70285pt.


LaTeX Warning: Citation `2017_zhang_gazenet' on page 5 undefined on input line 
416.


LaTeX Warning: Citation `2014_mora_eyediap' on page 5 undefined on input line 4
16.


LaTeX Warning: Citation `2017_zhang_fullface' on page 5 undefined on input line
 419.


LaTeX Warning: Citation `2018_ranjan_light' on page 5 undefined on input line 4
19.


LaTeX Warning: Citation `2018_liu_differential' on page 5 undefined on input li
ne 419.


LaTeX Warning: Citation `2018_cheng_asymmetric' on page 5 undefined on input li
ne 419.


LaTeX Warning: Citation `2019_xiong_mixed' on page 5 undefined on input line 41
9.

<Figure-performance_diap.pdf, id=121, 672.65715pt x 436.70985pt>
File: Figure-performance_diap.pdf Graphic file (type pdf)
<use Figure-performance_diap.pdf>
Package pdftex.def Info: Figure-performance_diap.pdf  used on input line 432.
(pdftex.def)             Requested size: 239.39438pt x 155.4229pt.

LaTeX Warning: Citation `2017_zhang_gazenet' on page 5 undefined on input line 
439.


LaTeX Warning: Citation `2016_amos_openface' on page 5 undefined on input line 
444.


LaTeX Warning: Citation `2016_krafka_itrack' on page 5 undefined on input line 
454.


LaTeX Warning: Citation `2017_zhang_fullface' on page 5 undefined on input line
 454.


LaTeX Warning: Citation `2018_zhao_dilated' on page 5 undefined on input line 4
54.


LaTeX Warning: Citation `2018_tobias_rt' on page 5 undefined on input line 454.


[5 <./Figure-performance_mpii.pdf, page is rotated 90 degrees> <./Figure-perfor
mance_diap.pdf, page is rotated 90 degrees>]

LaTeX Warning: Citation `2019_park_fewshot' on page 6 undefined on input line 4
93.


LaTeX Warning: Citation `2019_xiong_mixed' on page 6 undefined on input line 49
4.


Underfull \hbox (badness 2020) in paragraph at lines 579--584
[]\OT1/ptm/m/n/10 As shown in Ta-ble 3[], it is ob-vi-ous that our CA-
 []

[6]
<Figure-case.pdf, id=159, 845.1575pt x 340.81328pt>
File: Figure-case.pdf Graphic file (type pdf)
<use Figure-case.pdf>
Package pdftex.def Info: Figure-case.pdf  used on input line 642.
(pdftex.def)             Requested size: 237.00174pt x 95.57268pt.
 [7 <./Figure-case.pdf, page is rotated 90 degrees>] [8

]
No file AAAI-ChengY.2452_changed.bbl.
(AAAI-ChengY.2452_changed.aux)
 ***********
LaTeX2e <2023-06-01> patch level 1
L3 programming layer <2023-08-29>
 ***********
 ) 
Here is how much of TeX's memory you used:
 4145 strings out of 475247
 62880 string characters out of 5757792
 1946801 words of memory out of 5000000
 25581 multiletter control sequences out of 15000+600000
 587810 words of font info for 104 fonts, out of 8000000 for 9000
 1141 hyphenation exceptions out of 8191
 57i,16n,65p,2323b,365s stack positions out of 10000i,1000n,20000p,200000b,200000s
<C:/Users/orfuc/AppData/Local/Programs/MiKTeX/fonts/type1/public/amsfonts/cme
xtra/cmbsy7.pfb><C:/Users/orfuc/AppData/Local/Programs/MiKTeX/fonts/type1/publi
c/amsfonts/cm/cmbx10.pfb><C:/Users/orfuc/AppData/Local/Programs/MiKTeX/fonts/ty
pe1/public/amsfonts/cm/cmex10.pfb><C:/Users/orfuc/AppData/Local/Programs/MiKTeX
/fonts/type1/public/amsfonts/cm/cmmi10.pfb><C:/Users/orfuc/AppData/Local/Progra
ms/MiKTeX/fonts/type1/public/amsfonts/cm/cmmi7.pfb><C:/Users/orfuc/AppData/Loca
l/Programs/MiKTeX/fonts/type1/public/amsfonts/cm/cmmib10.pfb><C:/Users/orfuc/Ap
pData/Local/Programs/MiKTeX/fonts/type1/public/amsfonts/cm/cmr10.pfb><C:/Users/
orfuc/AppData/Local/Programs/MiKTeX/fonts/type1/public/amsfonts/cm/cmr7.pfb><C:
/Users/orfuc/AppData/Local/Programs/MiKTeX/fonts/type1/public/amsfonts/cm/cmsy1
0.pfb><C:/Users/orfuc/AppData/Local/Programs/MiKTeX/fonts/type1/public/amsfonts
/cm/cmsy7.pfb><C:/Users/orfuc/AppData/Local/Programs/MiKTeX/fonts/type1/urw/tim
es/utmb8a.pfb><C:/Users/orfuc/AppData/Local/Programs/MiKTeX/fonts/type1/urw/tim
es/utmr8a.pfb><C:/Users/orfuc/AppData/Local/Programs/MiKTeX/fonts/type1/urw/tim
es/utmri8a.pfb>
Output written on AAAI-ChengY.2452_changed.pdf (8 pages, 579253 bytes).
PDF statistics:
 245 PDF objects out of 1000 (max. 8388607)
 0 named destinations out of 1000 (max. 500000)
 36 words of extra memory for PDF output out of 10000 (max. 10000000)

