This is pdfTeX, Version 3.141592653-2.6-1.40.25 (MiKTeX 23.9) (preloaded format=pdflatex 2023.9.22)  19 JAN 2024 13:51
entering extended mode
 restricted \write18 enabled.
 %&-line parsing enabled.
**./aaai24_changed.tex
(aaai24_changed.tex
LaTeX2e <2023-06-01> patch level 1
L3 programming layer <2023-08-29>
(C:\Users\micha\AppData\Local\Programs\MiKTeX\tex/latex/base\article.cls
Document Class: article 2023/05/17 v1.4n Standard LaTeX document class
(C:\Users\micha\AppData\Local\Programs\MiKTeX\tex/latex/base\size10.clo
File: size10.clo 2023/05/17 v1.4n Standard LaTeX file (size option)
)
\c@part=\count185
\c@section=\count186
\c@subsection=\count187
\c@subsubsection=\count188
\c@paragraph=\count189
\c@subparagraph=\count190
\c@figure=\count191
\c@table=\count192
\abovecaptionskip=\skip48
\belowcaptionskip=\skip49
\bibindent=\dimen140
)
(aaai24.sty
Package: aaai24 2023/06/26 AAAI 2024 Submission format

Conference Style for AAAI for LaTeX 2e -- version for submission
\titlebox=\skip50
) (C:\Users\micha\AppData\Local\Programs\MiKTeX\tex/latex/psnfss\times.sty
Package: times 2020/03/25 PSNFSS-v9.3 (SPQR) 
)
(C:\Users\micha\AppData\Local\Programs\MiKTeX\tex/latex/psnfss\helvet.sty
Package: helvet 2020/03/25 PSNFSS-v9.3 (WaS) 

(C:\Users\micha\AppData\Local\Programs\MiKTeX\tex/latex/graphics\keyval.sty
Package: keyval 2022/05/29 v1.15 key=value parser (DPC)
\KV@toks@=\toks17
))
(C:\Users\micha\AppData\Local\Programs\MiKTeX\tex/latex/psnfss\courier.sty
Package: courier 2020/03/25 PSNFSS-v9.3 (WaS) 
)
(C:\Users\micha\AppData\Local\Programs\MiKTeX\tex/latex/url\url.sty
\Urlmuskip=\muskip16
Package: url 2013/09/16  ver 3.4  Verb mode for urls, etc.
)
(C:\Users\micha\AppData\Local\Programs\MiKTeX\tex/latex/graphics\graphicx.sty
Package: graphicx 2021/09/16 v1.2d Enhanced LaTeX Graphics (DPC,SPQR)

(C:\Users\micha\AppData\Local\Programs\MiKTeX\tex/latex/graphics\graphics.sty
Package: graphics 2022/03/10 v1.4e Standard LaTeX Graphics (DPC,SPQR)

(C:\Users\micha\AppData\Local\Programs\MiKTeX\tex/latex/graphics\trig.sty
Package: trig 2021/08/11 v1.11 sin cos tan (DPC)
)
(C:\Users\micha\AppData\Local\Programs\MiKTeX\tex/latex/graphics-cfg\graphics.c
fg
File: graphics.cfg 2016/06/04 v1.11 sample graphics configuration
)
Package graphics Info: Driver file: pdftex.def on input line 107.

(C:\Users\micha\AppData\Local\Programs\MiKTeX\tex/latex/graphics-def\pdftex.def
File: pdftex.def 2022/09/22 v1.2b Graphics/color driver for pdftex
))
\Gin@req@height=\dimen141
\Gin@req@width=\dimen142
) (C:\Users\micha\AppData\Local\Programs\MiKTeX\tex/latex/natbib\natbib.sty
Package: natbib 2010/09/13 8.31b (PWD, AO)
\bibhang=\skip51
\bibsep=\skip52
LaTeX Info: Redefining \cite on input line 694.
\c@NAT@ctr=\count193
)
(C:\Users\micha\AppData\Local\Programs\MiKTeX\tex/latex/caption\caption.sty
Package: caption 2023/07/31 v3.6n Customizing captions (AR)

(C:\Users\micha\AppData\Local\Programs\MiKTeX\tex/latex/caption\caption3.sty
Package: caption3 2023/07/31 v2.4d caption3 kernel (AR)
\caption@tempdima=\dimen143
\captionmargin=\dimen144
\caption@leftmargin=\dimen145
\caption@rightmargin=\dimen146
\caption@width=\dimen147
\caption@indent=\dimen148
\caption@parindent=\dimen149
\caption@hangindent=\dimen150
Package caption Info: Standard document class detected.
)
\c@caption@flags=\count194
\c@continuedfloat=\count195
)
(C:\Users\micha\AppData\Local\Programs\MiKTeX\tex/latex/algorithms\algorithm.st
y
Package: algorithm 2009/08/24 v0.1 Document Style `algorithm' - floating enviro
nment
 (C:\Users\micha\AppData\Local\Programs\MiKTeX\tex/latex/float\float.sty
Package: float 2001/11/08 v1.3d Float enhancements (AL)
\c@float@type=\count196
\float@exts=\toks18
\float@box=\box51
\@float@everytoks=\toks19
\@floatcapt=\box52
)
(C:\Users\micha\AppData\Local\Programs\MiKTeX\tex/latex/base\ifthen.sty
Package: ifthen 2022/04/13 v1.1d Standard LaTeX ifthen package (DPC)
)
\@float@every@algorithm=\toks20
\c@algorithm=\count197
)
(C:\Users\micha\AppData\Local\Programs\MiKTeX\tex/latex/algorithms\algorithmic.
sty
Package: algorithmic 2009/08/24 v0.1 Document Style `algorithmic'
\c@ALC@unique=\count198
\c@ALC@line=\count199
\c@ALC@rem=\count266
\c@ALC@depth=\count267
\ALC@tlm=\skip53
\algorithmicindent=\skip54
)
(C:\Users\micha\AppData\Local\Programs\MiKTeX\tex/latex/amsfonts\amssymb.sty
Package: amssymb 2013/01/14 v3.01 AMS font symbols

(C:\Users\micha\AppData\Local\Programs\MiKTeX\tex/latex/amsfonts\amsfonts.sty
Package: amsfonts 2013/01/14 v3.01 Basic AMSFonts support
\@emptytoks=\toks21
\symAMSa=\mathgroup4
\symAMSb=\mathgroup5
LaTeX Font Info:    Redeclaring math symbol \hbar on input line 98.
LaTeX Font Info:    Overwriting math alphabet `\mathfrak' in version `bold'
(Font)                  U/euf/m/n --> U/euf/b/n on input line 106.
)) (C:\Users\micha\AppData\Local\Programs\MiKTeX\tex/latex/tools\bm.sty
Package: bm 2022/01/05 v1.2f Bold Symbol Support (DPC/FMi)
\symboldoperators=\mathgroup6
\symboldletters=\mathgroup7
\symboldsymbols=\mathgroup8
Package bm Info: No bold for \OMX/cmex/m/n, using \pmb.
Package bm Info: No bold for \U/msa/m/n, using \pmb.
Package bm Info: No bold for \U/msb/m/n, using \pmb.
LaTeX Font Info:    Redeclaring math alphabet \mathbf on input line 149.
)
(C:\Users\micha\AppData\Local\Programs\MiKTeX\tex/latex/newfloat\newfloat.sty
Package: newfloat 2023/10/01 v1.2 Defining new floating environments (AR)
)
(C:\Users\micha\AppData\Local\Programs\MiKTeX\tex/latex/listings\listings.sty
\lst@mode=\count268
\lst@gtempboxa=\box53
\lst@token=\toks22
\lst@length=\count269
\lst@currlwidth=\dimen151
\lst@column=\count270
\lst@pos=\count271
\lst@lostspace=\dimen152
\lst@width=\dimen153
\lst@newlines=\count272
\lst@lineno=\count273
\lst@maxwidth=\dimen154

(C:\Users\micha\AppData\Local\Programs\MiKTeX\tex/latex/listings\lstmisc.sty
File: lstmisc.sty 2023/02/27 1.9 (Carsten Heinz)
\c@lstnumber=\count274
\lst@skipnumbers=\count275
\lst@framebox=\box54
)
(C:\Users\micha\AppData\Local\Programs\MiKTeX\tex/latex/listings\listings.cfg
File: listings.cfg 2023/02/27 1.9 listings configuration
))
Package: listings 2023/02/27 1.9 (Carsten Heinz)
\@float@every@listing=\toks23
\c@listing=\count276
(C:\Users\micha\AppData\Local\Programs\MiKTeX\tex/latex/xcolor\xcolor.sty
Package: xcolor 2022/06/12 v2.14 LaTeX color extensions (UK)

(C:\Users\micha\AppData\Local\Programs\MiKTeX\tex/latex/graphics-cfg\color.cfg
File: color.cfg 2016/01/02 v1.6 sample color configuration
)
Package xcolor Info: Driver file: pdftex.def on input line 227.
(C:\Users\micha\AppData\Local\Programs\MiKTeX\tex/latex/graphics\mathcolor.ltx)
Package xcolor Info: Model `cmy' substituted by `cmy0' on input line 1353.
Package xcolor Info: Model `hsb' substituted by `rgb' on input line 1357.
Package xcolor Info: Model `RGB' extended on input line 1369.
Package xcolor Info: Model `HTML' substituted by `rgb' on input line 1371.
Package xcolor Info: Model `Hsb' substituted by `hsb' on input line 1372.
Package xcolor Info: Model `tHsb' substituted by `hsb' on input line 1373.
Package xcolor Info: Model `HSB' substituted by `hsb' on input line 1374.
Package xcolor Info: Model `Gray' substituted by `gray' on input line 1375.
Package xcolor Info: Model `wave' substituted by `hsb' on input line 1376.
) (C:\Users\micha\AppData\Local\Programs\MiKTeX\tex/latex/natbib\bibentry.sty
Package: bibentry 2007/10/30 1.5 (PWD)
)
LaTeX Font Info:    Trying to load font information for OT1+ptm on input line 1
64.

(C:\Users\micha\AppData\Local\Programs\MiKTeX\tex/latex/psnfss\ot1ptm.fd
File: ot1ptm.fd 2001/06/04 font definitions for OT1/ptm.
)
(C:\Users\micha\AppData\Local\Programs\MiKTeX\tex/latex/l3backend\l3backend-pdf
tex.def
File: l3backend-pdftex.def 2023-04-19 L3 backend support: PDF output (pdfTeX)
\l__color_backend_stack_int=\count277
\l__pdf_internal_box=\box55
) (aaai24_changed.aux)
\openout1 = `aaai24_changed.aux'.

LaTeX Font Info:    Checking defaults for OML/cmm/m/it on input line 164.
LaTeX Font Info:    ... okay on input line 164.
LaTeX Font Info:    Checking defaults for OMS/cmsy/m/n on input line 164.
LaTeX Font Info:    ... okay on input line 164.
LaTeX Font Info:    Checking defaults for OT1/cmr/m/n on input line 164.
LaTeX Font Info:    ... okay on input line 164.
LaTeX Font Info:    Checking defaults for T1/cmr/m/n on input line 164.
LaTeX Font Info:    ... okay on input line 164.
LaTeX Font Info:    Checking defaults for TS1/cmr/m/n on input line 164.
LaTeX Font Info:    ... okay on input line 164.
LaTeX Font Info:    Checking defaults for OMX/cmex/m/n on input line 164.
LaTeX Font Info:    ... okay on input line 164.
LaTeX Font Info:    Checking defaults for U/cmr/m/n on input line 164.
LaTeX Font Info:    ... okay on input line 164.

(C:\Users\micha\AppData\Local\Programs\MiKTeX\tex/context/base/mkii\supp-pdf.mk
ii
[Loading MPS to PDF converter (version 2006.09.02).]
\scratchcounter=\count278
\scratchdimen=\dimen155
\scratchbox=\box56
\nofMPsegments=\count279
\nofMParguments=\count280
\everyMPshowfont=\toks24
\MPscratchCnt=\count281
\MPscratchDim=\dimen156
\MPnumerator=\count282
\makeMPintoPDFobject=\count283
\everyMPtoPDFconversion=\toks25
)
(C:\Users\micha\AppData\Local\Programs\MiKTeX\tex/latex/epstopdf-pkg\epstopdf-b
ase.sty
Package: epstopdf-base 2020-01-24 v2.11 Base part for package epstopdf
Package epstopdf-base Info: Redefining graphics rule for `.eps' on input line 4
85.

(C:\Users\micha\AppData\Local\Programs\MiKTeX\tex/latex/00miktex\epstopdf-sys.c
fg
File: epstopdf-sys.cfg 2021/03/18 v2.0 Configuration of epstopdf for MiKTeX
))
Package caption Info: Begin \AtBeginDocument code.
Package caption Info: float package is loaded.
Package caption Info: listings package is loaded.
Package caption Info: End \AtBeginDocument code.
Package newfloat Info: `float' package detected.
\c@lstlisting=\count284
\c@eqfn=\count285
\titlearea=\box57
LaTeX Font Info:    Trying to load font information for U+msa on input line 166
.
 (C:\Users\micha\AppData\Local\Programs\MiKTeX\tex/latex/amsfonts\umsa.fd
File: umsa.fd 2013/01/14 v3.01 AMS symbols A
)
LaTeX Font Info:    Trying to load font information for U+msb on input line 166
.

(C:\Users\micha\AppData\Local\Programs\MiKTeX\tex/latex/amsfonts\umsb.fd
File: umsb.fd 2013/01/14 v3.01 AMS symbols B
)
\actualheight=\skip55
LaTeX Font Info:    Trying to load font information for TS1+ptm on input line 1
66.

(C:\Users\micha\AppData\Local\Programs\MiKTeX\tex/latex/psnfss\ts1ptm.fd
File: ts1ptm.fd 2001/06/04 font definitions for TS1/ptm.
)

pdfTeX warning: pdflatex.exe (file ./Figs/fig1.pdf): PDF inclusion: found PDF v
ersion <1.7>, but at most version <1.5> allowed
<Figs/fig1.pdf, id=1, 398.32814pt x 512.1534pt>
File: Figs/fig1.pdf Graphic file (type pdf)
<use Figs/fig1.pdf>
Package pdftex.def Info: Figs/fig1.pdf  used on input line 181.
(pdftex.def)             Requested size: 215.45348pt x 277.0276pt.

Package natbib Warning: Citation `ho2020denoising' on page 1 undefined on input
 line 186.


Package natbib Warning: Citation `song2020score' on page 1 undefined on input l
ine 186.


Package natbib Warning: Citation `nichol2021improved' on page 1 undefined on in
put line 186.


Package natbib Warning: Citation `song2020denoising' on page 1 undefined on inp
ut line 186.


Package natbib Warning: Citation `choi2021ilvr' on page 1 undefined on input li
ne 186.


Package natbib Warning: Citation `dhariwal2021diffusion' on page 1 undefined on
 input line 186.


Package natbib Warning: Citation `avrahami2022blended' on page 1 undefined on i
nput line 186.


Package natbib Warning: Citation `kwon2022diffusion' on page 1 undefined on inp
ut line 186.


Package natbib Warning: Citation `rombach2022high' on page 1 undefined on input
 line 186.


Package natbib Warning: Citation `zhang2023adding' on page 1 undefined on input
 line 186.


Package natbib Warning: Citation `lugmayr2022repaint' on page 1 undefined on in
put line 186.


Package natbib Warning: Citation `meng2021sdedit' on page 1 undefined on input 
line 186.


Package natbib Warning: Citation `ho2022cascaded' on page 1 undefined on input 
line 186.


Package natbib Warning: Citation `nichol2021glide' on page 1 undefined on input
 line 186.


Package natbib Warning: Citation `kwon2022diffusion' on page 1 undefined on inp
ut line 186.


Package natbib Warning: Citation `hertz2022prompt' on page 1 undefined on input
 line 186.


Package natbib Warning: Citation `nichol2021glide' on page 1 undefined on input
 line 188.


Package natbib Warning: Citation `yang2023paint' on page 1 undefined on input l
ine 188.


Package natbib Warning: Citation `avrahami2022blended' on page 1 undefined on i
nput line 188.


Package natbib Warning: Citation `couairon2022diffedit' on page 1 undefined on 
input line 188.


Package natbib Warning: Citation `matsunaga2022fine' on page 1 undefined on inp
ut line 188.


Package natbib Warning: Citation `kwon2022diffusion' on page 1 undefined on inp
ut line 188.


Package natbib Warning: Citation `preechakul2022diffusion' on page 1 undefined 
on input line 188.


Package natbib Warning: Citation `kim2022diffusionclip' on page 1 undefined on 
input line 188.


Package natbib Warning: Citation `kawar2023imagic' on page 1 undefined on input
 line 188.


Package natbib Warning: Citation `hertz2022prompt' on page 1 undefined on input
 line 188.


Package natbib Warning: Citation `kawar2023imagic' on page 1 undefined on input
 line 188.


Package natbib Warning: Citation `kwon2022diffusion' on page 1 undefined on inp
ut line 188.


Package natbib Warning: Citation `mokady2023null' on page 1 undefined on input 
line 188.


Underfull \vbox (badness 2426) has occurred while \output is active []

 [1{C:/Users/micha/AppData/Local/MiKTeX/fonts/map/pdftex/pdftex.map}{C:/Users/m
icha/AppData/Local/Programs/MiKTeX/fonts/enc/dvips/base/8r.enc}



 <./Figs/fig1.pdf>]

Package natbib Warning: Citation `david2016hypernetworks' on page 2 undefined o
n input line 191.


Package natbib Warning: Citation `kim2022diffusionclip' on page 2 undefined on 
input line 191.


Package natbib Warning: Citation `kwon2022diffusion' on page 2 undefined on inp
ut line 191.


Package natbib Warning: Citation `song2020score' on page 2 undefined on input l
ine 191.


Package natbib Warning: Citation `ho2020denoising' on page 2 undefined on input
 line 191.


Package natbib Warning: Citation `song2020score' on page 2 undefined on input l
ine 191.


Package natbib Warning: Citation `lipman2022flow' on page 2 undefined on input 
line 191.



pdfTeX warning: pdflatex.exe (file ./Figs/fig2.pdf): PDF inclusion: found PDF v
ersion <1.7>, but at most version <1.5> allowed
<Figs/fig2.pdf, id=27, 966.14449pt x 466.46773pt>
File: Figs/fig2.pdf Graphic file (type pdf)
<use Figs/fig2.pdf>
Package pdftex.def Info: Figs/fig2.pdf  used on input line 205.
(pdftex.def)             Requested size: 455.2979pt x 219.8235pt.

Package natbib Warning: Citation `choi2021ilvr' on page 2 undefined on input li
ne 215.


Package natbib Warning: Citation `meng2021sdedit' on page 2 undefined on input 
line 215.


Package natbib Warning: Citation `lugmayr2022repaint' on page 2 undefined on in
put line 215.


Package natbib Warning: Citation `nichol2021glide' on page 2 undefined on input
 line 215.


Package natbib Warning: Citation `yang2023paint' on page 2 undefined on input l
ine 215.


Package natbib Warning: Citation `avrahami2022blended' on page 2 undefined on i
nput line 215.


Package natbib Warning: Citation `kwon2022diffusion' on page 2 undefined on inp
ut line 215.


Package natbib Warning: Citation `kim2022diffusionclip' on page 2 undefined on 
input line 215.


Package natbib Warning: Citation `hertz2022prompt' on page 2 undefined on input
 line 215.


Package natbib Warning: Citation `kawar2023imagic' on page 2 undefined on input
 line 215.


Package natbib Warning: Citation `mao2023guided' on page 2 undefined on input l
ine 215.


Package natbib Warning: Citation `gal2022image' on page 2 undefined on input li
ne 215.


Package natbib Warning: Citation `mokady2023null' on page 2 undefined on input 
line 215.


Package natbib Warning: Citation `song2020denoising' on page 2 undefined on inp
ut line 219.


Package natbib Warning: Citation `goodfellow2020generative' on page 2 undefined
 on input line 219.


Package natbib Warning: Citation `richardson2021encoding' on page 2 undefined o
n input line 219.


Package natbib Warning: Citation `abdal2020image2stylegan++' on page 2 undefine
d on input line 219.


Package natbib Warning: Citation `zhu2020domain' on page 2 undefined on input l
ine 219.


Package natbib Warning: Citation `tov2021designing' on page 2 undefined on inpu
t line 219.


Package natbib Warning: Citation `alaluf2021restyle' on page 2 undefined on inp
ut line 219.


Package natbib Warning: Citation `pehlivan2023styleres' on page 2 undefined on 
input line 219.


Package natbib Warning: Citation `wang2022high' on page 2 undefined on input li
ne 219.


Package natbib Warning: Citation `li2023reganie' on page 2 undefined on input l
ine 219.


Package natbib Warning: Citation `alaluf2022hyperstyle' on page 2 undefined on 
input line 219.


Package natbib Warning: Citation `zhang2022unsupervised' on page 2 undefined on
 input line 227.


Package natbib Warning: Citation `mokady2023null' on page 2 undefined on input 
line 230.


Package natbib Warning: Citation `ho2022classifier' on page 2 undefined on inpu
t line 230.


Package natbib Warning: Citation `zhang2022unsupervised' on page 2 undefined on
 input line 232.


Package natbib Warning: Citation `dhariwal2021diffusion' on page 2 undefined on
 input line 232.


Package natbib Warning: Citation `zhang2022unsupervised' on page 2 undefined on
 input line 232.

[2]

Package natbib Warning: Citation `david2016hypernetworks' on page 3 undefined o
n input line 236.


Package natbib Warning: Citation `ronneberger2015u' on page 3 undefined on inpu
t line 238.


Package natbib Warning: Citation `alaluf2022hyperstyle' on page 3 undefined on 
input line 240.



pdfTeX warning: pdflatex.exe (file ./Figs/fig3.pdf): PDF inclusion: found PDF v
ersion <1.7>, but at most version <1.5> allowed
<Figs/fig3.pdf, id=33, 809.06067pt x 751.22356pt>
File: Figs/fig3.pdf Graphic file (type pdf)
<use Figs/fig3.pdf>
Package pdftex.def Info: Figs/fig3.pdf  used on input line 243.
(pdftex.def)             Requested size: 239.39438pt x 222.27386pt.

Package natbib Warning: Citation `song2020denoising' on page 3 undefined on inp
ut line 251.


Package natbib Warning: Citation `ho2020denoising' on page 3 undefined on input
 line 251.


Package natbib Warning: Citation `alaluf2022hyperstyle' on page 3 undefined on 
input line 259.


Package natbib Warning: Citation `alaluf2022hyperstyle' on page 3 undefined on 
input line 267.


Package natbib Warning: Citation `wang2022high' on page 3 undefined on input li
ne 267.

[3 <./Figs/fig2.pdf>]

Package natbib Warning: Citation `kim2022diffusionclip' on page 4 undefined on 
input line 274.


Package natbib Warning: Citation `kwon2022diffusion' on page 4 undefined on inp
ut line 274.


Package natbib Warning: Citation `song2020score' on page 4 undefined on input l
ine 278.


Package natbib Warning: Citation `ho2020denoising' on page 4 undefined on input
 line 280.


Package natbib Warning: Citation `song2020score' on page 4 undefined on input l
ine 280.


Package natbib Warning: Citation `kwon2022diffusion' on page 4 undefined on inp
ut line 308.


Package natbib Warning: Citation `kim2022diffusionclip' on page 4 undefined on 
input line 308.


Package natbib Warning: Citation `gal2022stylegan' on page 4 undefined on input
 line 310.


Package natbib Warning: Citation `kim2022diffusionclip' on page 4 undefined on 
input line 316.


Package natbib Warning: Citation `ho2020denoising' on page 4 undefined on input
 line 327.


Package natbib Warning: Citation `karras2019style' on page 4 undefined on input
 line 332.


Package natbib Warning: Citation `karras2017progressive' on page 4 undefined on
 input line 332.


Package natbib Warning: Citation `choi2020stargan' on page 4 undefined on input
 line 332.


Package natbib Warning: Citation `karras2020training' on page 4 undefined on in
put line 332.


Package natbib Warning: Citation `yu2015lsun' on page 4 undefined on input line
 332.

[4 <./Figs/fig3.pdf>]

Package natbib Warning: Citation `nichol2021improved' on page 5 undefined on in
put line 339.


Package natbib Warning: Citation `song2020score' on page 5 undefined on input l
ine 339.


Package natbib Warning: Citation `yu2015lsun' on page 5 undefined on input line
 339.



pdfTeX warning: pdflatex.exe (file ./Figs/fig4.pdf): PDF inclusion: found PDF v
ersion <1.7>, but at most version <1.5> allowed
<Figs/fig4.pdf, id=266, 654.40488pt x 312.92911pt>
File: Figs/fig4.pdf Graphic file (type pdf)
<use Figs/fig4.pdf>
Package pdftex.def Info: Figs/fig4.pdf  used on input line 386.
(pdftex.def)             Requested size: 239.39438pt x 114.47362pt.


pdfTeX warning: pdflatex.exe (file ./Figs/fig5.pdf): PDF inclusion: found PDF v
ersion <1.7>, but at most version <1.5> allowed
<Figs/fig5.pdf, id=267, 671.50874pt x 310.15875pt>
File: Figs/fig5.pdf Graphic file (type pdf)
<use Figs/fig5.pdf>
Package pdftex.def Info: Figs/fig5.pdf  used on input line 393.
(pdftex.def)             Requested size: 505.89pt x 233.6644pt.

Package natbib Warning: Citation `kwon2022diffusion' on page 5 undefined on inp
ut line 415.


Package natbib Warning: Citation `kim2022diffusionclip' on page 5 undefined on 
input line 415.


Package natbib Warning: Citation `nichol2021glide' on page 5 undefined on input
 line 415.


Package natbib Warning: Citation `huang2020curricularface' on page 5 undefined 
on input line 421.

[5 <./Figs/fig4.pdf>]

pdfTeX warning: pdflatex.exe (file ./Figs/fig6.pdf): PDF inclusion: found PDF v
ersion <1.7>, but at most version <1.5> allowed
<Figs/fig6.pdf, id=279, 571.05344pt x 234.99794pt>
File: Figs/fig6.pdf Graphic file (type pdf)
<use Figs/fig6.pdf>
Package pdftex.def Info: Figs/fig6.pdf  used on input line 428.
(pdftex.def)             Requested size: 239.39438pt x 98.51558pt.


pdfTeX warning: pdflatex.exe (file ./Figs/fig7.pdf): PDF inclusion: found PDF v
ersion <1.7>, but at most version <1.5> allowed
<Figs/fig7.pdf, id=280, 580.56903pt x 401.09851pt>
File: Figs/fig7.pdf Graphic file (type pdf)
<use Figs/fig7.pdf>
Package pdftex.def Info: Figs/fig7.pdf  used on input line 437.
(pdftex.def)             Requested size: 239.39438pt x 165.38785pt.

Underfull \hbox (badness 1681) in paragraph at lines 438--438
[]\OT1/ptm/m/n/10 Figure 7: |The in-flu-ence of in-cor-po-rat-ing rec-ti-fier i
nto
 []



pdfTeX warning: pdflatex.exe (file ./Figs/fig8.pdf): PDF inclusion: found PDF v
ersion <1.7>, but at most version <1.5> allowed
<Figs/fig8.pdf, id=281, 484.32944pt x 263.78549pt>
File: Figs/fig8.pdf Graphic file (type pdf)
<use Figs/fig8.pdf>
Package pdftex.def Info: Figs/fig8.pdf  used on input line 444.
(pdftex.def)             Requested size: 239.39438pt x 130.38303pt.

Underfull \vbox (badness 1939) has occurred while \output is active []

 [6 <./Figs/fig5.pdf> <./Figs/fig6.pdf

pdfTeX warning: pdflatex.exe (file ./Figs/fig6.pdf): PDF inclusion: multiple pd
fs with page group included in a single page
> <./Figs/fig7.pdf

pdfTeX warning: pdflatex.exe (file ./Figs/fig7.pdf): PDF inclusion: multiple pd
fs with page group included in a single page
>]

Package natbib Warning: Citation `meng2021sdedit' on page 7 undefined on input 
line 455.


Underfull \hbox (badness 1048) in paragraph at lines 467--467
\OT1/ptm/m/n/10 ima facere do-loribus ex quia est modi, an-imi tem-pora
 []


Underfull \hbox (badness 1127) in paragraph at lines 467--467
\OT1/ptm/m/n/10 rupti a?Hic porro com-modi la-bore blan-di-tiis il-lum do-
 []


Underfull \hbox (badness 1048) in paragraph at lines 467--467
\OT1/ptm/m/n/10 cumque vero ni-hil re-cu-san-dae re-iciendis quaerat facere
 []


Underfull \hbox (badness 1527) in paragraph at lines 467--467
\OT1/ptm/m/n/10 tem-pora lau-dan-tium iste deb-itis earum ex-pe-dita la-bore
 []


Underfull \hbox (badness 1325) in paragraph at lines 467--467
\OT1/ptm/m/n/10 as-pe-ri-ores?Aperiam om-nis facere ne-ces-si-tat-i-bus pariatu
r
 []

[7 <./Figs/fig8.pdf>]
Underfull \vbox (badness 10000) has occurred while \output is active []


Underfull \vbox (badness 10000) has occurred while \output is active []

 [8]
Underfull \vbox (badness 10000) has occurred while \output is active []


Underfull \vbox (badness 10000) has occurred while \output is active []

 [9]
Underfull \vbox (badness 10000) has occurred while \output is active []


Underfull \vbox (badness 10000) has occurred while \output is active []

 [10]
Underfull \vbox (badness 10000) has occurred while \output is active []


Underfull \vbox (badness 10000) has occurred while \output is active []

 [11]
Underfull \vbox (badness 10000) has occurred while \output is active []


Underfull \vbox (badness 10000) has occurred while \output is active []

 [12]
Underfull \vbox (badness 10000) has occurred while \output is active []


Underfull \vbox (badness 10000) has occurred while \output is active []

 [13]
Underfull \vbox (badness 10000) has occurred while \output is active []


Underfull \vbox (badness 10000) has occurred while \output is active []

 [14]
Underfull \vbox (badness 10000) has occurred while \output is active []


Underfull \vbox (badness 10000) has occurred while \output is active []

 [15]
Underfull \vbox (badness 10000) has occurred while \output is active []


Underfull \vbox (badness 10000) has occurred while \output is active []

 [16]
Underfull \vbox (badness 10000) has occurred while \output is active []


Underfull \vbox (badness 10000) has occurred while \output is active []

 [17]
Underfull \vbox (badness 10000) has occurred while \output is active []


Underfull \vbox (badness 10000) has occurred while \output is active []

 [18]
Underfull \vbox (badness 10000) has occurred while \output is active []


Underfull \vbox (badness 10000) has occurred while \output is active []

 [19]
Underfull \vbox (badness 10000) has occurred while \output is active []


Underfull \vbox (badness 10000) has occurred while \output is active []

 [20]
Underfull \vbox (badness 10000) has occurred while \output is active []


Underfull \vbox (badness 10000) has occurred while \output is active []

 [21]
Underfull \vbox (badness 10000) has occurred while \output is active []


Underfull \vbox (badness 10000) has occurred while \output is active []

 [22]
Underfull \vbox (badness 10000) has occurred while \output is active []


Underfull \vbox (badness 10000) has occurred while \output is active []

 [23]
Underfull \vbox (badness 10000) has occurred while \output is active []


Underfull \vbox (badness 10000) has occurred while \output is active []

 [24]
Underfull \vbox (badness 10000) has occurred while \output is active []


Underfull \vbox (badness 10000) has occurred while \output is active []

 [25]
Underfull \vbox (badness 10000) has occurred while \output is active []


Underfull \vbox (badness 10000) has occurred while \output is active []

 [26]
Underfull \vbox (badness 10000) has occurred while \output is active []


Underfull \vbox (badness 10000) has occurred while \output is active []

 [27]
Underfull \vbox (badness 10000) has occurred while \output is active []


Underfull \vbox (badness 10000) has occurred while \output is active []

 [28]
Underfull \vbox (badness 10000) has occurred while \output is active []

 [29]
No file aaai24_changed.bbl.

Package natbib Warning: Citation `he2016deep' on page 30 undefined on input lin
e 478.


Package natbib Warning: Citation `alaluf2022hyperstyle' on page 30 undefined on
 input line 478.


Package natbib Warning: Citation `pehlivan2023styleres' on page 30 undefined on
 input line 478.


Package natbib Warning: Citation `alaluf2021restyle' on page 30 undefined on in
put line 478.



pdfTeX warning: pdflatex.exe (file ./Figs/fig9_row.pdf): PDF inclusion: found P
DF version <1.7>, but at most version <1.5> allowed
<Figs/fig9_row.pdf, id=440, 334.85101pt x 420.37048pt>
File: Figs/fig9_row.pdf Graphic file (type pdf)
<use Figs/fig9_row.pdf>
Package pdftex.def Info: Figs/fig9_row.pdf  used on input line 489.
(pdftex.def)             Requested size: 239.39438pt x 300.53696pt.

Package natbib Warning: Citation `ho2020denoising' on page 30 undefined on inpu
t line 496.



pdfTeX warning: pdflatex.exe (file ./Figs/fig10.pdf): PDF inclusion: found PDF 
version <1.7>, but at most version <1.5> allowed
<Figs/fig10.pdf, id=441, 578.76222pt x 374.59952pt>
File: Figs/fig10.pdf Graphic file (type pdf)
<use Figs/fig10.pdf>
Package pdftex.def Info: Figs/fig10.pdf  used on input line 509.
(pdftex.def)             Requested size: 239.39438pt x 154.94717pt.


pdfTeX warning: pdflatex.exe (file ./Figs/fig19.pdf): PDF inclusion: found PDF 
version <1.7>, but at most version <1.5> allowed
<Figs/fig19.pdf, id=442, 710.655pt x 267.39899pt>
File: Figs/fig19.pdf Graphic file (type pdf)
<use Figs/fig19.pdf>
Package pdftex.def Info: Figs/fig19.pdf  used on input line 520.
(pdftex.def)             Requested size: 239.39438pt x 90.078pt.

Package natbib Warning: Citation `karras2017progressive' on page 30 undefined o
n input line 532.


Package natbib Warning: Citation `kwon2022diffusion' on page 30 undefined on in
put line 532.


Package natbib Warning: Citation `kim2022diffusionclip' on page 30 undefined on
 input line 532.

[30


 <./Figs/fig9_row.pdf>]

Package natbib Warning: Citation `choi2020stargan' on page 31 undefined on inpu
t line 536.


Package natbib Warning: Citation `nichol2021glide' on page 31 undefined on inpu
t line 536.



pdfTeX warning: pdflatex.exe (file ./Figs/fig11.pdf): PDF inclusion: found PDF 
version <1.7>, but at most version <1.5> allowed
<Figs/fig11.pdf, id=468, 459.21562pt x 608.2725pt>
File: Figs/fig11.pdf Graphic file (type pdf)
<use Figs/fig11.pdf>
Package pdftex.def Info: Figs/fig11.pdf  used on input line 548.
(pdftex.def)             Requested size: 455.2979pt x 603.11052pt.


pdfTeX warning: pdflatex.exe (file ./Figs/fig12.pdf): PDF inclusion: found PDF 
version <1.7>, but at most version <1.5> allowed
<Figs/fig12.pdf, id=469, 454.19687pt x 317.68687pt>
File: Figs/fig12.pdf Graphic file (type pdf)
<use Figs/fig12.pdf>
Package pdftex.def Info: Figs/fig12.pdf  used on input line 555.
(pdftex.def)             Requested size: 404.71353pt x 283.07974pt.


pdfTeX warning: pdflatex.exe (file ./Figs/fig13.pdf): PDF inclusion: found PDF 
version <1.7>, but at most version <1.5> allowed
<Figs/fig13.pdf, id=470, 452.18938pt x 318.69063pt>
File: Figs/fig13.pdf Graphic file (type pdf)
<use Figs/fig13.pdf>
Package pdftex.def Info: Figs/fig13.pdf  used on input line 562.
(pdftex.def)             Requested size: 404.71353pt x 285.22876pt.


pdfTeX warning: pdflatex.exe (file ./Figs/fig14.pdf): PDF inclusion: found PDF 
version <1.7>, but at most version <1.5> allowed
<Figs/fig14.pdf, id=471, 455.30101pt x 602.85222pt>
File: Figs/fig14.pdf Graphic file (type pdf)
<use Figs/fig14.pdf>
Package pdftex.def Info: Figs/fig14.pdf  used on input line 569.
(pdftex.def)             Requested size: 455.2979pt x 602.86914pt.


pdfTeX warning: pdflatex.exe (file ./Figs/fig15.pdf): PDF inclusion: found PDF 
version <1.7>, but at most version <1.5> allowed
<Figs/fig15.pdf, id=472, 405.31424pt x 437.2335pt>
File: Figs/fig15.pdf Graphic file (type pdf)
<use Figs/fig15.pdf>
Package pdftex.def Info: Figs/fig15.pdf  used on input line 576.
(pdftex.def)             Requested size: 505.89pt x 545.72658pt.


pdfTeX warning: pdflatex.exe (file ./Figs/fig16.pdf): PDF inclusion: found PDF 
version <1.7>, but at most version <1.5> allowed
<Figs/fig16.pdf, id=473, 713.66624pt x 386.64452pt>
File: Figs/fig16.pdf Graphic file (type pdf)
<use Figs/fig16.pdf>
Package pdftex.def Info: Figs/fig16.pdf  used on input line 584.
(pdftex.def)             Requested size: 505.89pt x 274.07704pt.

Package natbib Warning: Citation `meng2021sdedit' on page 31 undefined on input
 line 585.


Package natbib Warning: Citation `meng2021sdedit' on page 31 undefined on input
 line 585.



pdfTeX warning: pdflatex.exe (file ./Figs/fig17.pdf): PDF inclusion: found PDF 
version <1.7>, but at most version <1.5> allowed
<Figs/fig17.pdf, id=474, 849.6302pt x 467.03583pt>
File: Figs/fig17.pdf Graphic file (type pdf)
<use Figs/fig17.pdf>
Package pdftex.def Info: Figs/fig17.pdf  used on input line 591.
(pdftex.def)             Requested size: 505.89pt x 278.07861pt.

Package natbib Warning: Citation `karras2020training' on page 31 undefined on i
nput line 592.


Package natbib Warning: Citation `karras2020training' on page 31 undefined on i
nput line 592.


Package natbib Warning: There were undefined citations.

[31

 <./Figs/fig10.pdf> <./Figs/fig19.pdf

pdfTeX warning: pdflatex.exe (file ./Figs/fig19.pdf): PDF inclusion: multiple p
dfs with page group included in a single page
>] [32 <./Figs/fig11.pdf>] [33 <./Figs/fig12.pdf> <./Figs/fig13.pdf

pdfTeX warning: pdflatex.exe (file ./Figs/fig13.pdf): PDF inclusion: multiple p
dfs with page group included in a single page
>] [34 <./Figs/fig14.pdf>] [35 <./Figs/fig15.pdf>] [36 <./Figs/fig16.pdf> <./Fi
gs/fig17.pdf

pdfTeX warning: pdflatex.exe (file ./Figs/fig17.pdf): PDF inclusion: multiple p
dfs with page group included in a single page
>] (aaai24_changed.aux)
 ***********
LaTeX2e <2023-06-01> patch level 1
L3 programming layer <2023-08-29>
 ***********
 ) 
Here is how much of TeX's memory you used:
 6530 strings out of 475247
 104451 string characters out of 5757792
 2210801 words of memory out of 5000000
 27961 multiletter control sequences out of 15000+600000
 593399 words of font info for 119 fonts, out of 8000000 for 9000
 1141 hyphenation exceptions out of 8191
 57i,11n,65p,150102b,572s stack positions out of 10000i,1000n,20000p,200000b,200000s
<C:/Users/micha/AppData/Local/Programs/MiKTeX/fonts/type1/public/amsfonts/cm/
cmbsy10.pfb><C:/Users/micha/AppData/Local/Programs/MiKTeX/fonts/type1/public/am
sfonts/cm/cmbx10.pfb><C:/Users/micha/AppData/Local/Programs/MiKTeX/fonts/type1/
public/amsfonts/cm/cmex10.pfb><C:/Users/micha/AppData/Local/Programs/MiKTeX/fon
ts/type1/public/amsfonts/cm/cmmi10.pfb><C:/Users/micha/AppData/Local/Programs/M
iKTeX/fonts/type1/public/amsfonts/cm/cmmi7.pfb><C:/Users/micha/AppData/Local/Pr
ograms/MiKTeX/fonts/type1/public/amsfonts/cm/cmmib10.pfb><C:/Users/micha/AppDat
a/Local/Programs/MiKTeX/fonts/type1/public/amsfonts/cmextra/cmmib7.pfb><C:/User
s/micha/AppData/Local/Programs/MiKTeX/fonts/type1/public/amsfonts/cm/cmr10.pfb>
<C:/Users/micha/AppData/Local/Programs/MiKTeX/fonts/type1/public/amsfonts/cm/cm
r5.pfb><C:/Users/micha/AppData/Local/Programs/MiKTeX/fonts/type1/public/amsfont
s/cm/cmr7.pfb><C:/Users/micha/AppData/Local/Programs/MiKTeX/fonts/type1/public/
amsfonts/cm/cmsy10.pfb><C:/Users/micha/AppData/Local/Programs/MiKTeX/fonts/type
1/public/amsfonts/cm/cmsy7.pfb><C:/Users/micha/AppData/Local/Programs/MiKTeX/fo
nts/type1/public/amsfonts/symbols/msbm10.pfb><C:/Users/micha/AppData/Local/Prog
rams/MiKTeX/fonts/type1/urw/times/utmb8a.pfb><C:/Users/micha/AppData/Local/Prog
rams/MiKTeX/fonts/type1/urw/times/utmr8a.pfb><C:/Users/micha/AppData/Local/Prog
rams/MiKTeX/fonts/type1/urw/times/utmri8a.pfb>
Output written on aaai24_changed.pdf (36 pages, 4439304 bytes).
PDF statistics:
 981 PDF objects out of 1000 (max. 8388607)
 0 named destinations out of 1000 (max. 500000)
 91 words of extra memory for PDF output out of 10000 (max. 10000000)

