This is pdfTeX, Version 3.141592653-2.6-1.40.25 (MiKTeX 23.9) (preloaded format=pdflatex 2023.9.22)  22 JAN 2024 18:04
entering extended mode
 restricted \write18 enabled.
 %&-line parsing enabled.
**./aaai24_changed.tex
(aaai24_changed.tex
LaTeX2e <2023-06-01> patch level 1
L3 programming layer <2023-08-29>
(C:\Users\micha\AppData\Local\Programs\MiKTeX\tex/latex/base\article.cls
Document Class: article 2023/05/17 v1.4n Standard LaTeX document class
(C:\Users\micha\AppData\Local\Programs\MiKTeX\tex/latex/base\size10.clo
File: size10.clo 2023/05/17 v1.4n Standard LaTeX file (size option)
)
\c@part=\count185
\c@section=\count186
\c@subsection=\count187
\c@subsubsection=\count188
\c@paragraph=\count189
\c@subparagraph=\count190
\c@figure=\count191
\c@table=\count192
\abovecaptionskip=\skip48
\belowcaptionskip=\skip49
\bibindent=\dimen140
)
(aaai24.sty
Package: aaai24 2023/06/26 AAAI 2024 Submission format

Conference Style for AAAI for LaTeX 2e -- version for submission
\titlebox=\skip50
) (C:\Users\micha\AppData\Local\Programs\MiKTeX\tex/latex/psnfss\times.sty
Package: times 2020/03/25 PSNFSS-v9.3 (SPQR) 
)
(C:\Users\micha\AppData\Local\Programs\MiKTeX\tex/latex/psnfss\helvet.sty
Package: helvet 2020/03/25 PSNFSS-v9.3 (WaS) 

(C:\Users\micha\AppData\Local\Programs\MiKTeX\tex/latex/graphics\keyval.sty
Package: keyval 2022/05/29 v1.15 key=value parser (DPC)
\KV@toks@=\toks17
))
(C:\Users\micha\AppData\Local\Programs\MiKTeX\tex/latex/psnfss\courier.sty
Package: courier 2020/03/25 PSNFSS-v9.3 (WaS) 
)
(C:\Users\micha\AppData\Local\Programs\MiKTeX\tex/latex/url\url.sty
\Urlmuskip=\muskip16
Package: url 2013/09/16  ver 3.4  Verb mode for urls, etc.
)
(C:\Users\micha\AppData\Local\Programs\MiKTeX\tex/latex/graphics\graphicx.sty
Package: graphicx 2021/09/16 v1.2d Enhanced LaTeX Graphics (DPC,SPQR)

(C:\Users\micha\AppData\Local\Programs\MiKTeX\tex/latex/graphics\graphics.sty
Package: graphics 2022/03/10 v1.4e Standard LaTeX Graphics (DPC,SPQR)

(C:\Users\micha\AppData\Local\Programs\MiKTeX\tex/latex/graphics\trig.sty
Package: trig 2021/08/11 v1.11 sin cos tan (DPC)
)
(C:\Users\micha\AppData\Local\Programs\MiKTeX\tex/latex/graphics-cfg\graphics.c
fg
File: graphics.cfg 2016/06/04 v1.11 sample graphics configuration
)
Package graphics Info: Driver file: pdftex.def on input line 107.

(C:\Users\micha\AppData\Local\Programs\MiKTeX\tex/latex/graphics-def\pdftex.def
File: pdftex.def 2022/09/22 v1.2b Graphics/color driver for pdftex
))
\Gin@req@height=\dimen141
\Gin@req@width=\dimen142
) (C:\Users\micha\AppData\Local\Programs\MiKTeX\tex/latex/natbib\natbib.sty
Package: natbib 2010/09/13 8.31b (PWD, AO)
\bibhang=\skip51
\bibsep=\skip52
LaTeX Info: Redefining \cite on input line 694.
\c@NAT@ctr=\count193
)
(C:\Users\micha\AppData\Local\Programs\MiKTeX\tex/latex/caption\caption.sty
Package: caption 2023/07/31 v3.6n Customizing captions (AR)

(C:\Users\micha\AppData\Local\Programs\MiKTeX\tex/latex/caption\caption3.sty
Package: caption3 2023/07/31 v2.4d caption3 kernel (AR)
\caption@tempdima=\dimen143
\captionmargin=\dimen144
\caption@leftmargin=\dimen145
\caption@rightmargin=\dimen146
\caption@width=\dimen147
\caption@indent=\dimen148
\caption@parindent=\dimen149
\caption@hangindent=\dimen150
Package caption Info: Standard document class detected.
)
\c@caption@flags=\count194
\c@continuedfloat=\count195
)
(C:\Users\micha\AppData\Local\Programs\MiKTeX\tex/latex/algorithms\algorithm.st
y
Package: algorithm 2009/08/24 v0.1 Document Style `algorithm' - floating enviro
nment
 (C:\Users\micha\AppData\Local\Programs\MiKTeX\tex/latex/float\float.sty
Package: float 2001/11/08 v1.3d Float enhancements (AL)
\c@float@type=\count196
\float@exts=\toks18
\float@box=\box51
\@float@everytoks=\toks19
\@floatcapt=\box52
)
(C:\Users\micha\AppData\Local\Programs\MiKTeX\tex/latex/base\ifthen.sty
Package: ifthen 2022/04/13 v1.1d Standard LaTeX ifthen package (DPC)
)
\@float@every@algorithm=\toks20
\c@algorithm=\count197
)
(C:\Users\micha\AppData\Local\Programs\MiKTeX\tex/latex/algorithms\algorithmic.
sty
Package: algorithmic 2009/08/24 v0.1 Document Style `algorithmic'
\c@ALC@unique=\count198
\c@ALC@line=\count199
\c@ALC@rem=\count266
\c@ALC@depth=\count267
\ALC@tlm=\skip53
\algorithmicindent=\skip54
)
(C:\Users\micha\AppData\Local\Programs\MiKTeX\tex/latex/newfloat\newfloat.sty
Package: newfloat 2023/10/01 v1.2 Defining new floating environments (AR)
)
(C:\Users\micha\AppData\Local\Programs\MiKTeX\tex/latex/listings\listings.sty
\lst@mode=\count268
\lst@gtempboxa=\box53
\lst@token=\toks21
\lst@length=\count269
\lst@currlwidth=\dimen151
\lst@column=\count270
\lst@pos=\count271
\lst@lostspace=\dimen152
\lst@width=\dimen153
\lst@newlines=\count272
\lst@lineno=\count273
\lst@maxwidth=\dimen154

(C:\Users\micha\AppData\Local\Programs\MiKTeX\tex/latex/listings\lstmisc.sty
File: lstmisc.sty 2023/02/27 1.9 (Carsten Heinz)
\c@lstnumber=\count274
\lst@skipnumbers=\count275
\lst@framebox=\box54
)
(C:\Users\micha\AppData\Local\Programs\MiKTeX\tex/latex/listings\listings.cfg
File: listings.cfg 2023/02/27 1.9 listings configuration
))
Package: listings 2023/02/27 1.9 (Carsten Heinz)
\@float@every@listing=\toks22
\c@listing=\count276
(C:\Users\micha\AppData\Local\Programs\MiKTeX\tex/latex/amsmath\amsmath.sty
Package: amsmath 2023/05/13 v2.17o AMS math features
\@mathmargin=\skip55

For additional information on amsmath, use the `?' option.
(C:\Users\micha\AppData\Local\Programs\MiKTeX\tex/latex/amsmath\amstext.sty
Package: amstext 2021/08/26 v2.01 AMS text

(C:\Users\micha\AppData\Local\Programs\MiKTeX\tex/latex/amsmath\amsgen.sty
File: amsgen.sty 1999/11/30 v2.0 generic functions
\@emptytoks=\toks23
\ex@=\dimen155
))
(C:\Users\micha\AppData\Local\Programs\MiKTeX\tex/latex/amsmath\amsbsy.sty
Package: amsbsy 1999/11/29 v1.2d Bold Symbols
\pmbraise@=\dimen156
)
(C:\Users\micha\AppData\Local\Programs\MiKTeX\tex/latex/amsmath\amsopn.sty
Package: amsopn 2022/04/08 v2.04 operator names
)
\inf@bad=\count277
LaTeX Info: Redefining \frac on input line 234.
\uproot@=\count278
\leftroot@=\count279
LaTeX Info: Redefining \overline on input line 399.
LaTeX Info: Redefining \colon on input line 410.
\classnum@=\count280
\DOTSCASE@=\count281
LaTeX Info: Redefining \ldots on input line 496.
LaTeX Info: Redefining \dots on input line 499.
LaTeX Info: Redefining \cdots on input line 620.
\Mathstrutbox@=\box55
\strutbox@=\box56
LaTeX Info: Redefining \big on input line 722.
LaTeX Info: Redefining \Big on input line 723.
LaTeX Info: Redefining \bigg on input line 724.
LaTeX Info: Redefining \Bigg on input line 725.
\big@size=\dimen157
LaTeX Font Info:    Redeclaring font encoding OML on input line 743.
LaTeX Font Info:    Redeclaring font encoding OMS on input line 744.
\macc@depth=\count282
LaTeX Info: Redefining \bmod on input line 905.
LaTeX Info: Redefining \pmod on input line 910.
LaTeX Info: Redefining \smash on input line 940.
LaTeX Info: Redefining \relbar on input line 970.
LaTeX Info: Redefining \Relbar on input line 971.
\c@MaxMatrixCols=\count283
\dotsspace@=\muskip17
\c@parentequation=\count284
\dspbrk@lvl=\count285
\tag@help=\toks24
\row@=\count286
\column@=\count287
\maxfields@=\count288
\andhelp@=\toks25
\eqnshift@=\dimen158
\alignsep@=\dimen159
\tagshift@=\dimen160
\tagwidth@=\dimen161
\totwidth@=\dimen162
\lineht@=\dimen163
\@envbody=\toks26
\multlinegap=\skip56
\multlinetaggap=\skip57
\mathdisplay@stack=\toks27
LaTeX Info: Redefining \[ on input line 2953.
LaTeX Info: Redefining \] on input line 2954.
)
(C:\Users\micha\AppData\Local\Programs\MiKTeX\tex/latex/comment\comment.sty
\CommentStream=\write3

Excluding comment 'comment')
(C:\Users\micha\AppData\Local\Programs\MiKTeX\tex/latex/amsfonts\amsfonts.sty
Package: amsfonts 2013/01/14 v3.01 Basic AMSFonts support
\symAMSa=\mathgroup4
\symAMSb=\mathgroup5
LaTeX Font Info:    Redeclaring math symbol \hbar on input line 98.
LaTeX Font Info:    Overwriting math alphabet `\mathfrak' in version `bold'
(Font)                  U/euf/m/n --> U/euf/b/n on input line 106.
)
(C:\Users\micha\AppData\Local\Programs\MiKTeX\tex/latex/booktabs\booktabs.sty
Package: booktabs 2020/01/12 v1.61803398 Publication quality tables
\heavyrulewidth=\dimen164
\lightrulewidth=\dimen165
\cmidrulewidth=\dimen166
\belowrulesep=\dimen167
\belowbottomsep=\dimen168
\aboverulesep=\dimen169
\abovetopsep=\dimen170
\cmidrulesep=\dimen171
\cmidrulekern=\dimen172
\defaultaddspace=\dimen173
\@cmidla=\count289
\@cmidlb=\count290
\@aboverulesep=\dimen174
\@belowrulesep=\dimen175
\@thisruleclass=\count291
\@lastruleclass=\count292
\@thisrulewidth=\dimen176
)
LaTeX Font Info:    Trying to load font information for OT1+ptm on input line 6
3.

(C:\Users\micha\AppData\Local\Programs\MiKTeX\tex/latex/psnfss\ot1ptm.fd
File: ot1ptm.fd 2001/06/04 font definitions for OT1/ptm.
)
(C:\Users\micha\AppData\Local\Programs\MiKTeX\tex/latex/l3backend\l3backend-pdf
tex.def
File: l3backend-pdftex.def 2023-04-19 L3 backend support: PDF output (pdfTeX)
\l__color_backend_stack_int=\count293
\l__pdf_internal_box=\box57
)
No file aaai24_changed.aux.
\openout1 = `aaai24_changed.aux'.

LaTeX Font Info:    Checking defaults for OML/cmm/m/it on input line 63.
LaTeX Font Info:    ... okay on input line 63.
LaTeX Font Info:    Checking defaults for OMS/cmsy/m/n on input line 63.
LaTeX Font Info:    ... okay on input line 63.
LaTeX Font Info:    Checking defaults for OT1/cmr/m/n on input line 63.
LaTeX Font Info:    ... okay on input line 63.
LaTeX Font Info:    Checking defaults for T1/cmr/m/n on input line 63.
LaTeX Font Info:    ... okay on input line 63.
LaTeX Font Info:    Checking defaults for TS1/cmr/m/n on input line 63.
LaTeX Font Info:    ... okay on input line 63.
LaTeX Font Info:    Checking defaults for OMX/cmex/m/n on input line 63.
LaTeX Font Info:    ... okay on input line 63.
LaTeX Font Info:    Checking defaults for U/cmr/m/n on input line 63.
LaTeX Font Info:    ... okay on input line 63.

(C:\Users\micha\AppData\Local\Programs\MiKTeX\tex/context/base/mkii\supp-pdf.mk
ii
[Loading MPS to PDF converter (version 2006.09.02).]
\scratchcounter=\count294
\scratchdimen=\dimen177
\scratchbox=\box58
\nofMPsegments=\count295
\nofMParguments=\count296
\everyMPshowfont=\toks28
\MPscratchCnt=\count297
\MPscratchDim=\dimen178
\MPnumerator=\count298
\makeMPintoPDFobject=\count299
\everyMPtoPDFconversion=\toks29
)
(C:\Users\micha\AppData\Local\Programs\MiKTeX\tex/latex/epstopdf-pkg\epstopdf-b
ase.sty
Package: epstopdf-base 2020-01-24 v2.11 Base part for package epstopdf
Package epstopdf-base Info: Redefining graphics rule for `.eps' on input line 4
85.

(C:\Users\micha\AppData\Local\Programs\MiKTeX\tex/latex/00miktex\epstopdf-sys.c
fg
File: epstopdf-sys.cfg 2021/03/18 v2.0 Configuration of epstopdf for MiKTeX
))
Package caption Info: Begin \AtBeginDocument code.
Package caption Info: float package is loaded.
Package caption Info: listings package is loaded.
Package caption Info: End \AtBeginDocument code.
Package newfloat Info: `float' package detected.
\c@lstlisting=\count300
\c@eqfn=\count301
\titlearea=\box59
LaTeX Font Info:    Trying to load font information for U+msa on input line 65.

 (C:\Users\micha\AppData\Local\Programs\MiKTeX\tex/latex/amsfonts\umsa.fd
File: umsa.fd 2013/01/14 v3.01 AMS symbols A
)
LaTeX Font Info:    Trying to load font information for U+msb on input line 65.


(C:\Users\micha\AppData\Local\Programs\MiKTeX\tex/latex/amsfonts\umsb.fd
File: umsb.fd 2013/01/14 v3.01 AMS symbols B
)
\actualheight=\skip58
LaTeX Font Info:    Trying to load font information for TS1+ptm on input line 6
5.

(C:\Users\micha\AppData\Local\Programs\MiKTeX\tex/latex/psnfss\ts1ptm.fd
File: ts1ptm.fd 2001/06/04 font definitions for TS1/ptm.
)
(0_abstract.tex) (1_introduction.tex

Package natbib Warning: Citation `newman2006finding' on page 1 undefined on inp
ut line 3.


Package natbib Warning: Citation `wang2010fast' on page 1 undefined on input li
ne 3.


Package natbib Warning: Citation `felzenszwalb2004efficient' on page 1 undefine
d on input line 3.


Package natbib Warning: Citation `moradi2015effective' on page 1 undefined on i
nput line 3.


Package natbib Warning: Citation `newman2006modularity' on page 1 undefined on 
input line 7.


Package natbib Warning: Citation `newman2003mixing' on page 1 undefined on inpu
t line 7.


Package natbib Warning: Citation `wang2017mgae' on page 1 undefined on input li
ne 7.


Package natbib Warning: Citation `kipf2016semi' on page 1 undefined on input li
ne 9.


Package natbib Warning: Citation `hamilton2017inductive' on page 1 undefined on
 input line 9.


Package natbib Warning: Citation `velickovic2017graph' on page 1 undefined on i
nput line 9.


Package natbib Warning: Citation `zhang2018link' on page 1 undefined on input l
ine 9.


Package natbib Warning: Citation `ying2018hierarchical' on page 1 undefined on 
input line 9.


Package natbib Warning: Citation `ying2018graph' on page 1 undefined on input l
ine 9.


Package natbib Warning: Citation `wang2017mgae' on page 1 undefined on input li
ne 10.


Package natbib Warning: Citation `park2019symmetric' on page 1 undefined on inp
ut line 10.


Package natbib Warning: Citation `liu2023simple' on page 1 undefined on input l
ine 10.


Package natbib Warning: Citation `kulatilleke2022scgc' on page 1 undefined on i
nput line 10.


Package natbib Warning: Citation `xia2021self' on page 1 undefined on input lin
e 10.


Package natbib Warning: Citation `yue2022survey' on page 1 undefined on input l
ine 10.


Package natbib Warning: Citation `yang2016modularity' on page 1 undefined on in
put line 21.


Package natbib Warning: Citation `wu2020deep' on page 1 undefined on input line
 21.


Package natbib Warning: Citation `mandaglio2018consensus' on page 1 undefined o
n input line 21.


Package natbib Warning: Citation `choong2018learning' on page 1 undefined on in
put line 21.


Package natbib Warning: Citation `bhatia2018dfuzzy' on page 1 undefined on inpu
t line 21.


Package natbib Warning: Citation `choong2018learning' on page 1 undefined on in
put line 21.


Package natbib Warning: Citation `bhatia2018dfuzzy' on page 1 undefined on inpu
t line 21.


Package natbib Warning: Citation `sun2021graph' on page 1 undefined on input li
ne 21.


Package natbib Warning: Citation `muller2023graph' on page 1 undefined on input
 line 21.


Underfull \hbox (badness 1448) in paragraph at lines 21--22
 \OT1/ptm/b/n/10 Neu-ral mod-u-lar-ity max-i-miza-tion. \OT1/ptm/m/n/10 One of 
the ini-tial
 []


Underfull \hbox (badness 1242) in paragraph at lines 23--24
\OT1/ptm/m/n/10 Graph Clus-ter (\OT1/ptm/m/sc/10 DGCluster\OT1/ptm/m/n/10 ) tha
t elim-i-nates the need
 []


Underfull \hbox (badness 10000) in paragraph at lines 23--24

 []

[1{C:/Users/micha/AppData/Local/MiKTeX/fonts/map/pdftex/pdftex.map}{C:/Users/mi
cha/AppData/Local/Programs/MiKTeX/fonts/enc/dvips/base/8r.enc}



]) (3_prob.tex

Package natbib Warning: Citation `yang2012defining' on page 2 undefined on inpu
t line 17.


Package natbib Warning: Citation `shi2000normalized' on page 2 undefined on inp
ut line 17.


Package natbib Warning: Citation `fortunato2016community' on page 2 undefined o
n input line 17.


Package natbib Warning: Citation `newman2006modularity' on page 2 undefined on 
input line 19.


Package natbib Warning: Citation `newman2006modularity' on page 2 undefined on 
input line 19.


Underfull \hbox (badness 10000) in paragraph at lines 34--36

 []


Package natbib Warning: Citation `brandes2006maximizing' on page 2 undefined on
 input line 38.


Package natbib Warning: Citation `newman2006finding' on page 2 undefined on inp
ut line 38.


Package natbib Warning: Citation `blondel2008fast' on page 2 undefined on input
 line 38.


Package natbib Warning: Citation `newman2006modularity' on page 2 undefined on 
input line 40.


Package natbib Warning: Citation `yang2012defining' on page 2 undefined on inpu
t line 40.

) (4_approach.tex

Package natbib Warning: Citation `scarselli2008graph' on page 2 undefined on in
put line 22.


Package natbib Warning: Citation `kipf2016semi' on page 2 undefined on input li
ne 22.


Package natbib Warning: Citation `hamilton2017inductive' on page 2 undefined on
 input line 22.


Package natbib Warning: Citation `velickovic2017graph' on page 2 undefined on i
nput line 22.


Package natbib Warning: Citation `zhou2020graph' on page 2 undefined on input l
ine 22.

[2]

Package natbib Warning: Citation `kipf2016semi' on page 3 undefined on input li
ne 24.


Package natbib Warning: Citation `klambauer2017self' on page 3 undefined on inp
ut line 29.


Underfull \hbox (badness 10000) in paragraph at lines 36--38

 []


Underfull \hbox (badness 1137) in paragraph at lines 56--59
[]\OT1/ptm/m/n/10 Specifically, the first nor-mal-iza-tion is used so as to
 []


Underfull \hbox (badness 10000) in paragraph at lines 56--59

 []


LaTeX Warning: Reference `eq:q_matrix' on page 3 undefined on input line 79.

[3]

Package natbib Warning: Citation `blondel2008fast' on page 4 undefined on input
 line 129.


Package natbib Warning: Citation `frey2007clustering' on page 4 undefined on in
put line 168.


LaTeX Font Warning: Command \small invalid in math mode on input line 170.


Overfull \hbox (2.47475pt too wide) detected at line 175
[][][]
 []

LaTeX Font Info:    Calculating math sizes for size <> on input line 175.

LaTeX Font Warning: Font shape `OT1/cmr/m/n' in size <> not available
(Font)              size <5> substituted on input line 175.


LaTeX Font Warning: Font shape `OT1/cmr/m/n' in size <0.7> not available
(Font)              size <5> substituted on input line 175.


LaTeX Font Warning: Font shape `OT1/cmr/m/n' in size <0.5> not available
(Font)              size <5> substituted on input line 175.


LaTeX Font Warning: Font shape `OML/cmm/m/it' in size <> not available
(Font)              size <5> substituted on input line 175.


LaTeX Font Warning: Font shape `OML/cmm/m/it' in size <0.7> not available
(Font)              size <5> substituted on input line 175.


LaTeX Font Warning: Font shape `OML/cmm/m/it' in size <0.5> not available
(Font)              size <5> substituted on input line 175.


LaTeX Font Warning: Font shape `OMS/cmsy/m/n' in size <> not available
(Font)              size <5> substituted on input line 175.


LaTeX Font Warning: Font shape `OMS/cmsy/m/n' in size <0.7> not available
(Font)              size <5> substituted on input line 175.


LaTeX Font Warning: Font shape `OMS/cmsy/m/n' in size <0.5> not available
(Font)              size <5> substituted on input line 175.


Package natbib Warning: Citation `zhang1996birch' on page 4 undefined on input 
line 184.


Package natbib Warning: Citation `hartigan1979algorithm' on page 4 undefined on
 input line 184.


LaTeX Font Warning: Command \small invalid in math mode on input line 196.


LaTeX Font Warning: Command \small invalid in math mode on input line 207.

) (5_experiment.tex

LaTeX Warning: Reference `tab::dataset' on page 4 undefined on input line 12.


Package natbib Warning: Citation `sen2008collective' on page 4 undefined on inp
ut line 12.


Package natbib Warning: Citation `shchur2018pitfalls' on page 4 undefined on in
put line 12.


Package natbib Warning: Citation `shchur2018pitfalls' on page 4 undefined on in
put line 12.


Package natbib Warning: Citation `shchur2019overlapping' on page 4 undefined on
 input line 12.


Underfull \hbox (badness 1762) in paragraph at lines 12--13
 \OT1/ptm/b/n/10 Datasets. \OT1/ptm/m/n/10 We use seven pub-licly avail-able re
al-world
 []

[4]

Package natbib Warning: Citation `muller2023graph' on page 5 undefined on input
 line 35.


Package natbib Warning: Citation `peixoto2014efficient' on page 5 undefined on 
input line 35.


Package natbib Warning: Citation `perozzi2014deepwalk' on page 5 undefined on i
nput line 35.


Package natbib Warning: Citation `velivckovic2018deep' on page 5 undefined on i
nput line 35.


Package natbib Warning: Citation `zhang2019attributed' on page 5 undefined on i
nput line 35.


Package natbib Warning: Citation `wang2019attributed' on page 5 undefined on in
put line 35.


Package natbib Warning: Citation `bo2020structural' on page 5 undefined on inpu
t line 35.


Package natbib Warning: Citation `shchur2019overlapping' on page 5 undefined on
 input line 35.


Package natbib Warning: Citation `ying2018graph' on page 5 undefined on input l
ine 35.


Package natbib Warning: Citation `bianchi2020spectral' on page 5 undefined on i
nput line 35.


Package natbib Warning: Citation `bianchi2020spectral' on page 5 undefined on i
nput line 35.


Package natbib Warning: Citation `newman2006modularity' on page 5 undefined on 
input line 42.


Package natbib Warning: Citation `yang2012defining' on page 5 undefined on inpu
t line 43.


Package natbib Warning: Citation `muller2023graph' on page 5 undefined on input
 line 51.


LaTeX Warning: `!h' float specifier changed to `!ht'.


LaTeX Warning: `!h' float specifier changed to `!ht'.


LaTeX Warning: Reference `tab:graph_based_eval' on page 5 undefined on input li
ne 155.


LaTeX Warning: Reference `tab:label_based_eval' on page 5 undefined on input li
ne 155.


LaTeX Warning: Reference `tab:graph_based_eval' on page 5 undefined on input li
ne 155.


LaTeX Warning: Reference `tab:label_based_eval' on page 5 undefined on input li
ne 155.


Package natbib Warning: Citation `velickovic2017graph' on page 5 undefined on i
nput line 159.


Package natbib Warning: Citation `xu2018powerful' on page 5 undefined on input 
line 159.


Package natbib Warning: Citation `hamilton2017inductive' on page 5 undefined on
 input line 159.


LaTeX Warning: Reference `tab:base_model_effect' on page 5 undefined on input l
ine 159.

<figures/results_modularity_nmi.pdf, id=33, 617.13495pt x 337.02551pt>
File: figures/results_modularity_nmi.pdf Graphic file (type pdf)
<use figures/results_modularity_nmi.pdf>
Package pdftex.def Info: figures/results_modularity_nmi.pdf  used on input line
 163.
(pdftex.def)             Requested size: 227.64894pt x 124.32207pt.

LaTeX Warning: Reference `fig:lambda_effect_on_modularity_nmi' on page 5 undefi
ned on input line 171.

[5 <./figures/results_modularity_nmi.pdf>]

LaTeX Warning: Text page 6 contains only floats.


Overfull \vbox (14.96013pt too high) has occurred while \output is active []



LaTeX Warning: Text page 6 contains only floats.


Overfull \vbox (14.96013pt too high) has occurred while \output is active []


[6]

LaTeX Warning: Reference `tab:additional_regularization' on page 7 undefined on
 input line 192.

<figures/results_number_clusters.pdf, id=83, 436.37404pt x 256.51497pt>
File: figures/results_number_clusters.pdf Graphic file (type pdf)
<use figures/results_number_clusters.pdf>
Package pdftex.def Info: figures/results_number_clusters.pdf  used on input lin
e 196.
(pdftex.def)             Requested size: 212.47287pt x 124.89886pt.

LaTeX Warning: Reference `fig:lambda_effect_on_number_of_communities' on page 7
 undefined on input line 203.

) (6_conclusion.tex) [7 <./figures/results_number_clusters.pdf>]
(9_acknowledgments.tex) [8


]
No file aaai24_changed.bbl.

Package natbib Warning: There were undefined citations.

(aaai24_changed.aux)
 ***********
LaTeX2e <2023-06-01> patch level 1
L3 programming layer <2023-08-29>
 ***********


LaTeX Font Warning: Size substitutions with differences
(Font)              up to 4.5pt have occurred.


LaTeX Warning: There were undefined references.


LaTeX Warning: Label(s) may have changed. Rerun to get cross-references right.

 ) 
Here is how much of TeX's memory you used:
 6184 strings out of 475247
 102025 string characters out of 5757792
 1992801 words of memory out of 5000000
 27605 multiletter control sequences out of 15000+600000
 596515 words of font info for 117 fonts, out of 8000000 for 9000
 1141 hyphenation exceptions out of 8191
 57i,13n,65p,1470b,346s stack positions out of 10000i,1000n,20000p,200000b,200000s
<C:/Users/micha/AppData/Local/Programs/MiKTeX/fonts/type1/public/amsfonts/cm/
cmex10.pfb><C:/Users/micha/AppData/Local/Programs/MiKTeX/fonts/type1/public/ams
fonts/cmextra/cmex9.pfb><C:/Users/micha/AppData/Local/Programs/MiKTeX/fonts/typ
e1/public/amsfonts/cm/cmmi10.pfb><C:/Users/micha/AppData/Local/Programs/MiKTeX/
fonts/type1/public/amsfonts/cm/cmmi5.pfb><C:/Users/micha/AppData/Local/Programs
/MiKTeX/fonts/type1/public/amsfonts/cm/cmmi6.pfb><C:/Users/micha/AppData/Local/
Programs/MiKTeX/fonts/type1/public/amsfonts/cm/cmmi7.pfb><C:/Users/micha/AppDat
a/Local/Programs/MiKTeX/fonts/type1/public/amsfonts/cm/cmmi9.pfb><C:/Users/mich
a/AppData/Local/Programs/MiKTeX/fonts/type1/public/amsfonts/cm/cmr10.pfb><C:/Us
ers/micha/AppData/Local/Programs/MiKTeX/fonts/type1/public/amsfonts/cm/cmr5.pfb
><C:/Users/micha/AppData/Local/Programs/MiKTeX/fonts/type1/public/amsfonts/cm/c
mr6.pfb><C:/Users/micha/AppData/Local/Programs/MiKTeX/fonts/type1/public/amsfon
ts/cm/cmr7.pfb><C:/Users/micha/AppData/Local/Programs/MiKTeX/fonts/type1/public
/amsfonts/cm/cmr9.pfb><C:/Users/micha/AppData/Local/Programs/MiKTeX/fonts/type1
/public/amsfonts/cm/cmsy10.pfb><C:/Users/micha/AppData/Local/Programs/MiKTeX/fo
nts/type1/public/amsfonts/cm/cmsy7.pfb><C:/Users/micha/AppData/Local/Programs/M
iKTeX/fonts/type1/public/amsfonts/cm/cmsy9.pfb><C:/Users/micha/AppData/Local/Pr
ograms/MiKTeX/fonts/type1/public/amsfonts/symbols/msbm10.pfb><C:/Users/micha/Ap
pData/Local/Programs/MiKTeX/fonts/type1/urw/times/utmb8a.pfb><C:/Users/micha/Ap
pData/Local/Programs/MiKTeX/fonts/type1/urw/times/utmr8a.pfb><C:/Users/micha/Ap
pData/Local/Programs/MiKTeX/fonts/type1/urw/times/utmri8a.pfb>
Output written on aaai24_changed.pdf (8 pages, 1724372 bytes).
PDF statistics:
 197 PDF objects out of 1000 (max. 8388607)
 0 named destinations out of 1000 (max. 500000)
 11 words of extra memory for PDF output out of 10000 (max. 10000000)

