This is pdfTeX, Version 3.141592653-2.6-1.40.25 (MiKTeX 23.9) (preloaded format=pdflatex 2023.9.22)  20 JAN 2024 15:13
entering extended mode
 restricted \write18 enabled.
 %&-line parsing enabled.
**./main_changed.tex
(main_changed.tex
LaTeX2e <2023-06-01> patch level 1
L3 programming layer <2023-08-29>
(C:\Users\micha\AppData\Local\Programs\MiKTeX\tex/latex/base\article.cls
Document Class: article 2023/05/17 v1.4n Standard LaTeX document class
(C:\Users\micha\AppData\Local\Programs\MiKTeX\tex/latex/base\size10.clo
File: size10.clo 2023/05/17 v1.4n Standard LaTeX file (size option)
)
\c@part=\count185
\c@section=\count186
\c@subsection=\count187
\c@subsubsection=\count188
\c@paragraph=\count189
\c@subparagraph=\count190
\c@figure=\count191
\c@table=\count192
\abovecaptionskip=\skip48
\belowcaptionskip=\skip49
\bibindent=\dimen140
)
(aaai24.sty
Package: aaai24 2023/06/26 AAAI 2024 Submission format

Conference Style for AAAI for LaTeX 2e -- version for submission
\titlebox=\skip50
) (C:\Users\micha\AppData\Local\Programs\MiKTeX\tex/latex/psnfss\times.sty
Package: times 2020/03/25 PSNFSS-v9.3 (SPQR) 
)
(C:\Users\micha\AppData\Local\Programs\MiKTeX\tex/latex/psnfss\helvet.sty
Package: helvet 2020/03/25 PSNFSS-v9.3 (WaS) 

(C:\Users\micha\AppData\Local\Programs\MiKTeX\tex/latex/graphics\keyval.sty
Package: keyval 2022/05/29 v1.15 key=value parser (DPC)
\KV@toks@=\toks17
))
(C:\Users\micha\AppData\Local\Programs\MiKTeX\tex/latex/psnfss\courier.sty
Package: courier 2020/03/25 PSNFSS-v9.3 (WaS) 
)
(C:\Users\micha\AppData\Local\Programs\MiKTeX\tex/latex/url\url.sty
\Urlmuskip=\muskip16
Package: url 2013/09/16  ver 3.4  Verb mode for urls, etc.
)
(C:\Users\micha\AppData\Local\Programs\MiKTeX\tex/latex/graphics\graphicx.sty
Package: graphicx 2021/09/16 v1.2d Enhanced LaTeX Graphics (DPC,SPQR)

(C:\Users\micha\AppData\Local\Programs\MiKTeX\tex/latex/graphics\graphics.sty
Package: graphics 2022/03/10 v1.4e Standard LaTeX Graphics (DPC,SPQR)

(C:\Users\micha\AppData\Local\Programs\MiKTeX\tex/latex/graphics\trig.sty
Package: trig 2021/08/11 v1.11 sin cos tan (DPC)
)
(C:\Users\micha\AppData\Local\Programs\MiKTeX\tex/latex/graphics-cfg\graphics.c
fg
File: graphics.cfg 2016/06/04 v1.11 sample graphics configuration
)
Package graphics Info: Driver file: pdftex.def on input line 107.

(C:\Users\micha\AppData\Local\Programs\MiKTeX\tex/latex/graphics-def\pdftex.def
File: pdftex.def 2022/09/22 v1.2b Graphics/color driver for pdftex
))
\Gin@req@height=\dimen141
\Gin@req@width=\dimen142
) (C:\Users\micha\AppData\Local\Programs\MiKTeX\tex/latex/natbib\natbib.sty
Package: natbib 2010/09/13 8.31b (PWD, AO)
\bibhang=\skip51
\bibsep=\skip52
LaTeX Info: Redefining \cite on input line 694.
\c@NAT@ctr=\count193
)
(C:\Users\micha\AppData\Local\Programs\MiKTeX\tex/latex/caption\caption.sty
Package: caption 2023/07/31 v3.6n Customizing captions (AR)

(C:\Users\micha\AppData\Local\Programs\MiKTeX\tex/latex/caption\caption3.sty
Package: caption3 2023/07/31 v2.4d caption3 kernel (AR)
\caption@tempdima=\dimen143
\captionmargin=\dimen144
\caption@leftmargin=\dimen145
\caption@rightmargin=\dimen146
\caption@width=\dimen147
\caption@indent=\dimen148
\caption@parindent=\dimen149
\caption@hangindent=\dimen150
Package caption Info: Standard document class detected.
)
\c@caption@flags=\count194
\c@continuedfloat=\count195
)
(C:\Users\micha\AppData\Local\Programs\MiKTeX\tex/latex/algorithms\algorithm.st
y
Package: algorithm 2009/08/24 v0.1 Document Style `algorithm' - floating enviro
nment
 (C:\Users\micha\AppData\Local\Programs\MiKTeX\tex/latex/float\float.sty
Package: float 2001/11/08 v1.3d Float enhancements (AL)
\c@float@type=\count196
\float@exts=\toks18
\float@box=\box51
\@float@everytoks=\toks19
\@floatcapt=\box52
)
(C:\Users\micha\AppData\Local\Programs\MiKTeX\tex/latex/base\ifthen.sty
Package: ifthen 2022/04/13 v1.1d Standard LaTeX ifthen package (DPC)
)
\@float@every@algorithm=\toks20
\c@algorithm=\count197
)
(C:\Users\micha\AppData\Local\Programs\MiKTeX\tex/latex/algorithms\algorithmic.
sty
Package: algorithmic 2009/08/24 v0.1 Document Style `algorithmic'
\c@ALC@unique=\count198
\c@ALC@line=\count199
\c@ALC@rem=\count266
\c@ALC@depth=\count267
\ALC@tlm=\skip53
\algorithmicindent=\skip54
)
(C:\Users\micha\AppData\Local\Programs\MiKTeX\tex/latex/multirow\multirow.sty
Package: multirow 2021/03/15 v2.8 Span multiple rows of a table
\multirow@colwidth=\skip55
\multirow@cntb=\count268
\multirow@dima=\skip56
\bigstrutjot=\dimen151
)
(C:\Users\micha\AppData\Local\Programs\MiKTeX\tex/latex/enumitem\enumitem.sty
Package: enumitem 2019/06/20 v3.9 Customized lists
\labelindent=\skip57
\enit@outerparindent=\dimen152
\enit@toks=\toks21
\enit@inbox=\box53
\enit@count@id=\count269
\enitdp@description=\count270
)
(C:\Users\micha\AppData\Local\Programs\MiKTeX\tex/latex/tools\array.sty
Package: array 2022/09/04 v2.5g Tabular extension package (FMi)
\col@sep=\dimen153
\ar@mcellbox=\box54
\extrarowheight=\dimen154
\NC@list=\toks22
\extratabsurround=\skip58
\backup@length=\skip59
\ar@cellbox=\box55
)
(maths_commands.tex
(C:\Users\micha\AppData\Local\Programs\MiKTeX\tex/latex/amsmath\amsmath.sty
Package: amsmath 2023/05/13 v2.17o AMS math features
\@mathmargin=\skip60

For additional information on amsmath, use the `?' option.
(C:\Users\micha\AppData\Local\Programs\MiKTeX\tex/latex/amsmath\amstext.sty
Package: amstext 2021/08/26 v2.01 AMS text

(C:\Users\micha\AppData\Local\Programs\MiKTeX\tex/latex/amsmath\amsgen.sty
File: amsgen.sty 1999/11/30 v2.0 generic functions
\@emptytoks=\toks23
\ex@=\dimen155
))
(C:\Users\micha\AppData\Local\Programs\MiKTeX\tex/latex/amsmath\amsbsy.sty
Package: amsbsy 1999/11/29 v1.2d Bold Symbols
\pmbraise@=\dimen156
)
(C:\Users\micha\AppData\Local\Programs\MiKTeX\tex/latex/amsmath\amsopn.sty
Package: amsopn 2022/04/08 v2.04 operator names
)
\inf@bad=\count271
LaTeX Info: Redefining \frac on input line 234.
\uproot@=\count272
\leftroot@=\count273
LaTeX Info: Redefining \overline on input line 399.
LaTeX Info: Redefining \colon on input line 410.
\classnum@=\count274
\DOTSCASE@=\count275
LaTeX Info: Redefining \ldots on input line 496.
LaTeX Info: Redefining \dots on input line 499.
LaTeX Info: Redefining \cdots on input line 620.
\Mathstrutbox@=\box56
\strutbox@=\box57
LaTeX Info: Redefining \big on input line 722.
LaTeX Info: Redefining \Big on input line 723.
LaTeX Info: Redefining \bigg on input line 724.
LaTeX Info: Redefining \Bigg on input line 725.
\big@size=\dimen157
LaTeX Font Info:    Redeclaring font encoding OML on input line 743.
LaTeX Font Info:    Redeclaring font encoding OMS on input line 744.
\macc@depth=\count276
LaTeX Info: Redefining \bmod on input line 905.
LaTeX Info: Redefining \pmod on input line 910.
LaTeX Info: Redefining \smash on input line 940.
LaTeX Info: Redefining \relbar on input line 970.
LaTeX Info: Redefining \Relbar on input line 971.
\c@MaxMatrixCols=\count277
\dotsspace@=\muskip17
\c@parentequation=\count278
\dspbrk@lvl=\count279
\tag@help=\toks24
\row@=\count280
\column@=\count281
\maxfields@=\count282
\andhelp@=\toks25
\eqnshift@=\dimen158
\alignsep@=\dimen159
\tagshift@=\dimen160
\tagwidth@=\dimen161
\totwidth@=\dimen162
\lineht@=\dimen163
\@envbody=\toks26
\multlinegap=\skip61
\multlinetaggap=\skip62
\mathdisplay@stack=\toks27
LaTeX Info: Redefining \[ on input line 2953.
LaTeX Info: Redefining \] on input line 2954.
)
(C:\Users\micha\AppData\Local\Programs\MiKTeX\tex/latex/tools\bm.sty
Package: bm 2022/01/05 v1.2f Bold Symbol Support (DPC/FMi)
\symboldoperators=\mathgroup4
\symboldletters=\mathgroup5
\symboldsymbols=\mathgroup6
Package bm Info: No bold for \OMX/cmex/m/n, using \pmb.
LaTeX Font Info:    Redeclaring math alphabet \mathbf on input line 149.
)
LaTeX Font Info:    Overwriting math alphabet `\mathsfit' in version `bold'
(Font)                  OT1/phv/m/sl --> OT1/phv/bx/n on input line 314.
)
(C:\Users\micha\AppData\Local\Programs\MiKTeX\tex/latex/newfloat\newfloat.sty
Package: newfloat 2023/10/01 v1.2 Defining new floating environments (AR)
)
(C:\Users\micha\AppData\Local\Programs\MiKTeX\tex/latex/listings\listings.sty
\lst@mode=\count283
\lst@gtempboxa=\box58
\lst@token=\toks28
\lst@length=\count284
\lst@currlwidth=\dimen164
\lst@column=\count285
\lst@pos=\count286
\lst@lostspace=\dimen165
\lst@width=\dimen166
\lst@newlines=\count287
\lst@lineno=\count288
\lst@maxwidth=\dimen167

(C:\Users\micha\AppData\Local\Programs\MiKTeX\tex/latex/listings\lstmisc.sty
File: lstmisc.sty 2023/02/27 1.9 (Carsten Heinz)
\c@lstnumber=\count289
\lst@skipnumbers=\count290
\lst@framebox=\box59
)
(C:\Users\micha\AppData\Local\Programs\MiKTeX\tex/latex/listings\listings.cfg
File: listings.cfg 2023/02/27 1.9 listings configuration
))
Package: listings 2023/02/27 1.9 (Carsten Heinz)

(C:\Users\micha\AppData\Local\Programs\MiKTeX\tex/latex/pgf/frontendlayer\tikz.
sty
(C:\Users\micha\AppData\Local\Programs\MiKTeX\tex/latex/pgf/basiclayer\pgf.sty
(C:\Users\micha\AppData\Local\Programs\MiKTeX\tex/latex/pgf/utilities\pgfrcs.st
y
(C:\Users\micha\AppData\Local\Programs\MiKTeX\tex/generic/pgf/utilities\pgfutil
-common.tex
\pgfutil@everybye=\toks29
\pgfutil@tempdima=\dimen168
\pgfutil@tempdimb=\dimen169
)
(C:\Users\micha\AppData\Local\Programs\MiKTeX\tex/generic/pgf/utilities\pgfutil
-latex.def
\pgfutil@abb=\box60
)
(C:\Users\micha\AppData\Local\Programs\MiKTeX\tex/generic/pgf/utilities\pgfrcs.
code.tex
(C:\Users\micha\AppData\Local\Programs\MiKTeX\tex/generic/pgf\pgf.revision.tex)
Package: pgfrcs 2023-01-15 v3.1.10 (3.1.10)
))
Package: pgf 2023-01-15 v3.1.10 (3.1.10)

(C:\Users\micha\AppData\Local\Programs\MiKTeX\tex/latex/pgf/basiclayer\pgfcore.
sty
(C:\Users\micha\AppData\Local\Programs\MiKTeX\tex/latex/pgf/systemlayer\pgfsys.
sty
(C:\Users\micha\AppData\Local\Programs\MiKTeX\tex/generic/pgf/systemlayer\pgfsy
s.code.tex
Package: pgfsys 2023-01-15 v3.1.10 (3.1.10)

(C:\Users\micha\AppData\Local\Programs\MiKTeX\tex/generic/pgf/utilities\pgfkeys
.code.tex
\pgfkeys@pathtoks=\toks30
\pgfkeys@temptoks=\toks31

(C:\Users\micha\AppData\Local\Programs\MiKTeX\tex/generic/pgf/utilities\pgfkeys
libraryfiltered.code.tex
\pgfkeys@tmptoks=\toks32
))
\pgf@x=\dimen170
\pgf@y=\dimen171
\pgf@xa=\dimen172
\pgf@ya=\dimen173
\pgf@xb=\dimen174
\pgf@yb=\dimen175
\pgf@xc=\dimen176
\pgf@yc=\dimen177
\pgf@xd=\dimen178
\pgf@yd=\dimen179
\w@pgf@writea=\write3
\r@pgf@reada=\read2
\c@pgf@counta=\count291
\c@pgf@countb=\count292
\c@pgf@countc=\count293
\c@pgf@countd=\count294
\t@pgf@toka=\toks33
\t@pgf@tokb=\toks34
\t@pgf@tokc=\toks35
\pgf@sys@id@count=\count295

(C:\Users\micha\AppData\Local\Programs\MiKTeX\tex/generic/pgf/systemlayer\pgf.c
fg
File: pgf.cfg 2023-01-15 v3.1.10 (3.1.10)
)
Driver file for pgf: pgfsys-pdftex.def

(C:\Users\micha\AppData\Local\Programs\MiKTeX\tex/generic/pgf/systemlayer\pgfsy
s-pdftex.def
File: pgfsys-pdftex.def 2023-01-15 v3.1.10 (3.1.10)

(C:\Users\micha\AppData\Local\Programs\MiKTeX\tex/generic/pgf/systemlayer\pgfsy
s-common-pdf.def
File: pgfsys-common-pdf.def 2023-01-15 v3.1.10 (3.1.10)
)))
(C:\Users\micha\AppData\Local\Programs\MiKTeX\tex/generic/pgf/systemlayer\pgfsy
ssoftpath.code.tex
File: pgfsyssoftpath.code.tex 2023-01-15 v3.1.10 (3.1.10)
\pgfsyssoftpath@smallbuffer@items=\count296
\pgfsyssoftpath@bigbuffer@items=\count297
)
(C:\Users\micha\AppData\Local\Programs\MiKTeX\tex/generic/pgf/systemlayer\pgfsy
sprotocol.code.tex
File: pgfsysprotocol.code.tex 2023-01-15 v3.1.10 (3.1.10)
))
(C:\Users\micha\AppData\Local\Programs\MiKTeX\tex/latex/xcolor\xcolor.sty
Package: xcolor 2022/06/12 v2.14 LaTeX color extensions (UK)

(C:\Users\micha\AppData\Local\Programs\MiKTeX\tex/latex/graphics-cfg\color.cfg
File: color.cfg 2016/01/02 v1.6 sample color configuration
)
Package xcolor Info: Driver file: pdftex.def on input line 227.
(C:\Users\micha\AppData\Local\Programs\MiKTeX\tex/latex/graphics\mathcolor.ltx)
Package xcolor Info: Model `cmy' substituted by `cmy0' on input line 1353.
Package xcolor Info: Model `hsb' substituted by `rgb' on input line 1357.
Package xcolor Info: Model `RGB' extended on input line 1369.
Package xcolor Info: Model `HTML' substituted by `rgb' on input line 1371.
Package xcolor Info: Model `Hsb' substituted by `hsb' on input line 1372.
Package xcolor Info: Model `tHsb' substituted by `hsb' on input line 1373.
Package xcolor Info: Model `HSB' substituted by `hsb' on input line 1374.
Package xcolor Info: Model `Gray' substituted by `gray' on input line 1375.
Package xcolor Info: Model `wave' substituted by `hsb' on input line 1376.
)
(C:\Users\micha\AppData\Local\Programs\MiKTeX\tex/generic/pgf/basiclayer\pgfcor
e.code.tex
Package: pgfcore 2023-01-15 v3.1.10 (3.1.10)

(C:\Users\micha\AppData\Local\Programs\MiKTeX\tex/generic/pgf/math\pgfmath.code
.tex
(C:\Users\micha\AppData\Local\Programs\MiKTeX\tex/generic/pgf/math\pgfmathutil.
code.tex)
(C:\Users\micha\AppData\Local\Programs\MiKTeX\tex/generic/pgf/math\pgfmathparse
r.code.tex
\pgfmath@dimen=\dimen180
\pgfmath@count=\count298
\pgfmath@box=\box61
\pgfmath@toks=\toks36
\pgfmath@stack@operand=\toks37
\pgfmath@stack@operation=\toks38
)
(C:\Users\micha\AppData\Local\Programs\MiKTeX\tex/generic/pgf/math\pgfmathfunct
ions.code.tex)
(C:\Users\micha\AppData\Local\Programs\MiKTeX\tex/generic/pgf/math\pgfmathfunct
ions.basic.code.tex)
(C:\Users\micha\AppData\Local\Programs\MiKTeX\tex/generic/pgf/math\pgfmathfunct
ions.trigonometric.code.tex)
(C:\Users\micha\AppData\Local\Programs\MiKTeX\tex/generic/pgf/math\pgfmathfunct
ions.random.code.tex)
(C:\Users\micha\AppData\Local\Programs\MiKTeX\tex/generic/pgf/math\pgfmathfunct
ions.comparison.code.tex)
(C:\Users\micha\AppData\Local\Programs\MiKTeX\tex/generic/pgf/math\pgfmathfunct
ions.base.code.tex)
(C:\Users\micha\AppData\Local\Programs\MiKTeX\tex/generic/pgf/math\pgfmathfunct
ions.round.code.tex)
(C:\Users\micha\AppData\Local\Programs\MiKTeX\tex/generic/pgf/math\pgfmathfunct
ions.misc.code.tex)
(C:\Users\micha\AppData\Local\Programs\MiKTeX\tex/generic/pgf/math\pgfmathfunct
ions.integerarithmetics.code.tex)
(C:\Users\micha\AppData\Local\Programs\MiKTeX\tex/generic/pgf/math\pgfmathcalc.
code.tex)
(C:\Users\micha\AppData\Local\Programs\MiKTeX\tex/generic/pgf/math\pgfmathfloat
.code.tex
\c@pgfmathroundto@lastzeros=\count299
))
(C:\Users\micha\AppData\Local\Programs\MiKTeX\tex/generic/pgf/math\pgfint.code.
tex)
(C:\Users\micha\AppData\Local\Programs\MiKTeX\tex/generic/pgf/basiclayer\pgfcor
epoints.code.tex
File: pgfcorepoints.code.tex 2023-01-15 v3.1.10 (3.1.10)
\pgf@picminx=\dimen181
\pgf@picmaxx=\dimen182
\pgf@picminy=\dimen183
\pgf@picmaxy=\dimen184
\pgf@pathminx=\dimen185
\pgf@pathmaxx=\dimen186
\pgf@pathminy=\dimen187
\pgf@pathmaxy=\dimen188
\pgf@xx=\dimen189
\pgf@xy=\dimen190
\pgf@yx=\dimen191
\pgf@yy=\dimen192
\pgf@zx=\dimen193
\pgf@zy=\dimen194
)
(C:\Users\micha\AppData\Local\Programs\MiKTeX\tex/generic/pgf/basiclayer\pgfcor
epathconstruct.code.tex
File: pgfcorepathconstruct.code.tex 2023-01-15 v3.1.10 (3.1.10)
\pgf@path@lastx=\dimen195
\pgf@path@lasty=\dimen196
)
(C:\Users\micha\AppData\Local\Programs\MiKTeX\tex/generic/pgf/basiclayer\pgfcor
epathusage.code.tex
File: pgfcorepathusage.code.tex 2023-01-15 v3.1.10 (3.1.10)
\pgf@shorten@end@additional=\dimen197
\pgf@shorten@start@additional=\dimen198
)
(C:\Users\micha\AppData\Local\Programs\MiKTeX\tex/generic/pgf/basiclayer\pgfcor
escopes.code.tex
File: pgfcorescopes.code.tex 2023-01-15 v3.1.10 (3.1.10)
\pgfpic=\box62
\pgf@hbox=\box63
\pgf@layerbox@main=\box64
\pgf@picture@serial@count=\count300
)
(C:\Users\micha\AppData\Local\Programs\MiKTeX\tex/generic/pgf/basiclayer\pgfcor
egraphicstate.code.tex
File: pgfcoregraphicstate.code.tex 2023-01-15 v3.1.10 (3.1.10)
\pgflinewidth=\dimen199
)
(C:\Users\micha\AppData\Local\Programs\MiKTeX\tex/generic/pgf/basiclayer\pgfcor
etransformations.code.tex
File: pgfcoretransformations.code.tex 2023-01-15 v3.1.10 (3.1.10)
\pgf@pt@x=\dimen256
\pgf@pt@y=\dimen257
\pgf@pt@temp=\dimen258
)
(C:\Users\micha\AppData\Local\Programs\MiKTeX\tex/generic/pgf/basiclayer\pgfcor
equick.code.tex
File: pgfcorequick.code.tex 2023-01-15 v3.1.10 (3.1.10)
)
(C:\Users\micha\AppData\Local\Programs\MiKTeX\tex/generic/pgf/basiclayer\pgfcor
eobjects.code.tex
File: pgfcoreobjects.code.tex 2023-01-15 v3.1.10 (3.1.10)
)
(C:\Users\micha\AppData\Local\Programs\MiKTeX\tex/generic/pgf/basiclayer\pgfcor
epathprocessing.code.tex
File: pgfcorepathprocessing.code.tex 2023-01-15 v3.1.10 (3.1.10)
)
(C:\Users\micha\AppData\Local\Programs\MiKTeX\tex/generic/pgf/basiclayer\pgfcor
earrows.code.tex
File: pgfcorearrows.code.tex 2023-01-15 v3.1.10 (3.1.10)
\pgfarrowsep=\dimen259
)
(C:\Users\micha\AppData\Local\Programs\MiKTeX\tex/generic/pgf/basiclayer\pgfcor
eshade.code.tex
File: pgfcoreshade.code.tex 2023-01-15 v3.1.10 (3.1.10)
\pgf@max=\dimen260
\pgf@sys@shading@range@num=\count301
\pgf@shadingcount=\count302
)
(C:\Users\micha\AppData\Local\Programs\MiKTeX\tex/generic/pgf/basiclayer\pgfcor
eimage.code.tex
File: pgfcoreimage.code.tex 2023-01-15 v3.1.10 (3.1.10)
)
(C:\Users\micha\AppData\Local\Programs\MiKTeX\tex/generic/pgf/basiclayer\pgfcor
eexternal.code.tex
File: pgfcoreexternal.code.tex 2023-01-15 v3.1.10 (3.1.10)
\pgfexternal@startupbox=\box65
)
(C:\Users\micha\AppData\Local\Programs\MiKTeX\tex/generic/pgf/basiclayer\pgfcor
elayers.code.tex
File: pgfcorelayers.code.tex 2023-01-15 v3.1.10 (3.1.10)
)
(C:\Users\micha\AppData\Local\Programs\MiKTeX\tex/generic/pgf/basiclayer\pgfcor
etransparency.code.tex
File: pgfcoretransparency.code.tex 2023-01-15 v3.1.10 (3.1.10)
)
(C:\Users\micha\AppData\Local\Programs\MiKTeX\tex/generic/pgf/basiclayer\pgfcor
epatterns.code.tex
File: pgfcorepatterns.code.tex 2023-01-15 v3.1.10 (3.1.10)
)
(C:\Users\micha\AppData\Local\Programs\MiKTeX\tex/generic/pgf/basiclayer\pgfcor
erdf.code.tex
File: pgfcorerdf.code.tex 2023-01-15 v3.1.10 (3.1.10)
)))
(C:\Users\micha\AppData\Local\Programs\MiKTeX\tex/generic/pgf/modules\pgfmodule
shapes.code.tex
File: pgfmoduleshapes.code.tex 2023-01-15 v3.1.10 (3.1.10)
\pgfnodeparttextbox=\box66
)
(C:\Users\micha\AppData\Local\Programs\MiKTeX\tex/generic/pgf/modules\pgfmodule
plot.code.tex
File: pgfmoduleplot.code.tex 2023-01-15 v3.1.10 (3.1.10)
)
(C:\Users\micha\AppData\Local\Programs\MiKTeX\tex/latex/pgf/compatibility\pgfco
mp-version-0-65.sty
Package: pgfcomp-version-0-65 2023-01-15 v3.1.10 (3.1.10)
\pgf@nodesepstart=\dimen261
\pgf@nodesepend=\dimen262
)
(C:\Users\micha\AppData\Local\Programs\MiKTeX\tex/latex/pgf/compatibility\pgfco
mp-version-1-18.sty
Package: pgfcomp-version-1-18 2023-01-15 v3.1.10 (3.1.10)
))
(C:\Users\micha\AppData\Local\Programs\MiKTeX\tex/latex/pgf/utilities\pgffor.st
y
(C:\Users\micha\AppData\Local\Programs\MiKTeX\tex/latex/pgf/utilities\pgfkeys.s
ty
(C:\Users\micha\AppData\Local\Programs\MiKTeX\tex/generic/pgf/utilities\pgfkeys
.code.tex))
(C:\Users\micha\AppData\Local\Programs\MiKTeX\tex/latex/pgf/math\pgfmath.sty
(C:\Users\micha\AppData\Local\Programs\MiKTeX\tex/generic/pgf/math\pgfmath.code
.tex))
(C:\Users\micha\AppData\Local\Programs\MiKTeX\tex/generic/pgf/utilities\pgffor.
code.tex
Package: pgffor 2023-01-15 v3.1.10 (3.1.10)
\pgffor@iter=\dimen263
\pgffor@skip=\dimen264
\pgffor@stack=\toks39
\pgffor@toks=\toks40
))
(C:\Users\micha\AppData\Local\Programs\MiKTeX\tex/generic/pgf/frontendlayer/tik
z\tikz.code.tex
Package: tikz 2023-01-15 v3.1.10 (3.1.10)

(C:\Users\micha\AppData\Local\Programs\MiKTeX\tex/generic/pgf/libraries\pgflibr
aryplothandlers.code.tex
File: pgflibraryplothandlers.code.tex 2023-01-15 v3.1.10 (3.1.10)
\pgf@plot@mark@count=\count303
\pgfplotmarksize=\dimen265
)
\tikz@lastx=\dimen266
\tikz@lasty=\dimen267
\tikz@lastxsaved=\dimen268
\tikz@lastysaved=\dimen269
\tikz@lastmovetox=\dimen270
\tikz@lastmovetoy=\dimen271
\tikzleveldistance=\dimen272
\tikzsiblingdistance=\dimen273
\tikz@figbox=\box67
\tikz@figbox@bg=\box68
\tikz@tempbox=\box69
\tikz@tempbox@bg=\box70
\tikztreelevel=\count304
\tikznumberofchildren=\count305
\tikznumberofcurrentchild=\count306
\tikz@fig@count=\count307

(C:\Users\micha\AppData\Local\Programs\MiKTeX\tex/generic/pgf/modules\pgfmodule
matrix.code.tex
File: pgfmodulematrix.code.tex 2023-01-15 v3.1.10 (3.1.10)
\pgfmatrixcurrentrow=\count308
\pgfmatrixcurrentcolumn=\count309
\pgf@matrix@numberofcolumns=\count310
)
\tikz@expandcount=\count311

(C:\Users\micha\AppData\Local\Programs\MiKTeX\tex/generic/pgf/frontendlayer/tik
z/libraries\tikzlibrarytopaths.code.tex
File: tikzlibrarytopaths.code.tex 2023-01-15 v3.1.10 (3.1.10)
)))
(C:\Users\micha\AppData\Local\Programs\MiKTeX\tex/latex/comment\comment.sty
\CommentStream=\write4

Excluding comment 'comment')
(C:\Users\micha\AppData\Local\Programs\MiKTeX\tex/latex/amsfonts\amssymb.sty
Package: amssymb 2013/01/14 v3.01 AMS font symbols

(C:\Users\micha\AppData\Local\Programs\MiKTeX\tex/latex/amsfonts\amsfonts.sty
Package: amsfonts 2013/01/14 v3.01 Basic AMSFonts support
\symAMSa=\mathgroup7
\symAMSb=\mathgroup8
LaTeX Font Info:    Redeclaring math symbol \hbar on input line 98.
LaTeX Font Info:    Overwriting math alphabet `\mathfrak' in version `bold'
(Font)                  U/euf/m/n --> U/euf/b/n on input line 106.
)) (C:\Users\micha\AppData\Local\Programs\MiKTeX\tex/latex/cite\cite.sty
LaTeX Info: Redefining \cite on input line 302.
LaTeX Info: Redefining \nocite on input line 332.
Package: cite 2015/02/27  v 5.5
)
(C:\Users\micha\AppData\Local\Programs\MiKTeX\tex/latex/caption\subcaption.sty
Package: subcaption 2023/07/28 v1.6b Sub-captions (AR)
Package caption Info: New subtype `subfigure' on input line 238.
\c@subfigure=\count312
Package caption Info: New subtype `subtable' on input line 238.
\c@subtable=\count313
)
(C:\Users\micha\AppData\Local\Programs\MiKTeX\tex/latex/tabularray\tabularray.s
ty (C:\Users\micha\AppData\Local\Programs\MiKTeX\tex/latex/l3kernel\expl3.sty
Package: expl3 2023-08-29 L3 programming layer (loader) 

(C:\Users\micha\AppData\Local\Programs\MiKTeX\tex/latex/l3backend\l3backend-pdf
tex.def
File: l3backend-pdftex.def 2023-04-19 L3 backend support: PDF output (pdfTeX)
\l__color_backend_stack_int=\count314
\l__pdf_internal_box=\box71
))
Package: tabularray 2023-03-01 v2023A Typeset tabulars and arrays with LaTeX3
\l__tblr_a_int=\count315
\l__tblr_c_int=\count316
\l__tblr_r_int=\count317
\l__tblr_d_dim=\dimen274
\l__tblr_h_dim=\dimen275
\l__tblr_o_dim=\dimen276
\l__tblr_p_dim=\dimen277
\l__tblr_q_dim=\dimen278
\l__tblr_r_dim=\dimen279
\l__tblr_s_dim=\dimen280
\l__tblr_t_dim=\dimen281
\l__tblr_v_dim=\dimen282
\l__tblr_w_dim=\dimen283
\l__tblr_a_box=\box72
\l__tblr_b_box=\box73
\l__tblr_c_box=\box74
\l__tblr_d_box=\box75
\g__tblr_table_count_int=\count318
\c@rownum=\count319
\c@colnum=\count320
\c@rowcount=\count321
\c@colcount=\count322
\abovesep=\dimen284
\belowsep=\dimen285
\leftsep=\dimen286
\rightsep=\dimen287
\g_tblr_level_int=\count323
\g__tblr_data_row_key_count_int=\count324
\g__tblr_data_column_key_count_int=\count325
\g__tblr_data_cell_key_count_int=\count326
\g__tblr_array_int=\count327
\l__tblr_key_count_int=\count328
\l__tblr_key_quotient_int=\count329
\l__tblr_key_quotient_two_int=\count330
\l__tblr_key_remainder_int=\count331
\g__tblr_data_str_value_count_int=\count332
\rulewidth=\dimen288
\l__tblr_strut_dp_dim=\dimen289
\l__tblr_strut_ht_dim=\dimen290
\g__tblr_cell_wd_dim=\dimen291
\g__tblr_cell_ht_dim=\dimen292
\g__tblr_cell_head_dim=\dimen293
\g__tblr_cell_foot_dim=\dimen294
\l__column_target_dim=\dimen295
\l__tblr_caption_box=\box76
\l__tblr_caption_left_box=\box77
\l__tblr_row_head_box=\box78
\l__tblr_row_foot_box=\box79
\l__tblr_row_head_foot_dim=\dimen296
\tablewidth=\dimen297
\l__tblr_table_firsthead_box=\box80
\l__tblr_table_middlehead_box=\box81
\l__tblr_table_lasthead_box=\box82
\l__tblr_table_firstfoot_box=\box83
\l__tblr_table_middlefoot_box=\box84
\l__tblr_table_lastfoot_box=\box85
\l__tblr_remain_height_dim=\dimen298
\l__tblr_long_from_int=\count333
\l__tblr_long_to_int=\count334
\l__tblr_curr_i_int=\count335
\l__tblr_prev_i_int=\count336
\l__tblr_table_page_int=\count337
\l__tblr_table_head_box=\box86
\l__tblr_table_foot_box=\box87
\l__tblr_table_head_foot_dim=\dimen299
\l__tblr_table_head_body_foot_dim=\dimen300
\l__tblr_table_box=\box88
\l__tblr_table_hlines_box=\box89
\l__tblr_hline_box=\box90
\l__tblr_row_box=\box91
\l__tblr_col_o_wd_dim=\dimen301
\l__tblr_col_b_wd_dim=\dimen302
\l__tblr_hline_leftskip_dim=\dimen303
\l__tblr_hline_rightskip_dim=\dimen304
\l__tblr_row_ht_dim=\dimen305
\l__tblr_row_dp_dim=\dimen306
\l__tblr_row_abovesep_dim=\dimen307
\l__tblr_row_belowsep_dim=\dimen308
\l__tblr_row_vlines_box=\box92
\l__tblr_vline_box=\box93
\l__tblr_cell_box=\box94
\l__row_upper_dim=\dimen309
\l__row_lower_dim=\dimen310
\l__row_vpace_dim=\dimen311
\l__tblr_vline_aboveskip_dim=\dimen312
\l__tblr_vline_belowskip_dim=\dimen313
\l__tblr_cell_wd_dim=\dimen314
\l__tblr_cell_ht_dim=\dimen315
\l__tblr_diag_box=\box95
)
(C:\Users\micha\AppData\Local\Programs\MiKTeX\tex/latex/booktabs\booktabs.sty
Package: booktabs 2020/01/12 v1.61803398 Publication quality tables
\heavyrulewidth=\dimen316
\lightrulewidth=\dimen317
\cmidrulewidth=\dimen318
\belowrulesep=\dimen319
\belowbottomsep=\dimen320
\aboverulesep=\dimen321
\abovetopsep=\dimen322
\cmidrulesep=\dimen323
\cmidrulekern=\dimen324
\defaultaddspace=\dimen325
\@cmidla=\count338
\@cmidlb=\count339
\@aboverulesep=\dimen326
\@belowrulesep=\dimen327
\@thisruleclass=\count340
\@lastruleclass=\count341
\@thisrulewidth=\dimen328
)
(C:\Users\micha\AppData\Local\Programs\MiKTeX\tex/latex/base\inputenc.sty
Package: inputenc 2021/02/14 v1.3d Input encoding file
\inpenc@prehook=\toks41
\inpenc@posthook=\toks42
)
(C:\Users\micha\AppData\Local\Programs\MiKTeX\tex/latex/units\nicefrac.sty
Package: nicefrac 1998/08/04 v0.9b Nice fractions
\L@UnitsRaiseDisplaystyle=\skip63
\L@UnitsRaiseTextstyle=\skip64
\L@UnitsRaiseScriptstyle=\skip65
)
(C:\Users\micha\AppData\Local\Programs\MiKTeX\tex/latex/microtype\microtype.sty
Package: microtype 2023/03/13 v3.1a Micro-typographical refinements (RS)
(C:\Users\micha\AppData\Local\Programs\MiKTeX\tex/latex/etoolbox\etoolbox.sty
Package: etoolbox 2020/10/05 v2.5k e-TeX tools for LaTeX (JAW)
\etb@tempcnta=\count342
)
\MT@toks=\toks43
\MT@tempbox=\box96
\MT@count=\count343
LaTeX Info: Redefining \noprotrusionifhmode on input line 1059.
LaTeX Info: Redefining \leftprotrusion on input line 1060.
\MT@prot@toks=\toks44
LaTeX Info: Redefining \rightprotrusion on input line 1078.
LaTeX Info: Redefining \textls on input line 1368.
\MT@outer@kern=\dimen329
LaTeX Info: Redefining \textmicrotypecontext on input line 1988.
\MT@listname@count=\count344

(C:\Users\micha\AppData\Local\Programs\MiKTeX\tex/latex/microtype\microtype-pdf
tex.def
File: microtype-pdftex.def 2023/03/13 v3.1a Definitions specific to pdftex (RS)

LaTeX Info: Redefining \lsstyle on input line 902.
LaTeX Info: Redefining \lslig on input line 902.
\MT@outer@space=\skip66
)
Package microtype Info: Loading configuration file microtype.cfg.

(C:\Users\micha\AppData\Local\Programs\MiKTeX\tex/latex/microtype\microtype.cfg
File: microtype.cfg 2023/03/13 v3.1a microtype main configuration file (RS)
)) (C:\Users\micha\AppData\Local\Programs\MiKTeX\tex/latex/tools\xspace.sty
Package: xspace 2014/10/28 v1.13 Space after command names (DPC,MH)
)
(C:\Users\micha\AppData\Local\Programs\MiKTeX\tex/latex/mathtools\mathtools.sty
Package: mathtools 2022/06/29 v1.29 mathematical typesetting tools
(C:\Users\micha\AppData\Local\Programs\MiKTeX\tex/latex/tools\calc.sty
Package: calc 2017/05/25 v4.3 Infix arithmetic (KKT,FJ)
\calc@Acount=\count345
\calc@Bcount=\count346
\calc@Adimen=\dimen330
\calc@Bdimen=\dimen331
\calc@Askip=\skip67
\calc@Bskip=\skip68
LaTeX Info: Redefining \setlength on input line 80.
LaTeX Info: Redefining \addtolength on input line 81.
\calc@Ccount=\count347
\calc@Cskip=\skip69
)
(C:\Users\micha\AppData\Local\Programs\MiKTeX\tex/latex/mathtools\mhsetup.sty
Package: mhsetup 2021/03/18 v1.4 programming setup (MH)
)
\g_MT_multlinerow_int=\count348
\l_MT_multwidth_dim=\dimen332
\origjot=\skip70
\l_MT_shortvdotswithinadjustabove_dim=\dimen333
\l_MT_shortvdotswithinadjustbelow_dim=\dimen334
\l_MT_above_intertext_sep=\dimen335
\l_MT_below_intertext_sep=\dimen336
\l_MT_above_shortintertext_sep=\dimen337
\l_MT_below_shortintertext_sep=\dimen338
\xmathstrut@box=\box97
\xmathstrut@dim=\dimen339
) (C:\Users\micha\AppData\Local\Programs\MiKTeX\tex/latex/amscls\amsthm.sty
Package: amsthm 2020/05/29 v2.20.6
\thm@style=\toks45
\thm@bodyfont=\toks46
\thm@headfont=\toks47
\thm@notefont=\toks48
\thm@headpunct=\toks49
\thm@preskip=\skip71
\thm@postskip=\skip72
\thm@headsep=\skip73
\dth@everypar=\toks50
)
\c@theorem=\count349

(C:\Users\micha\AppData\Local\Programs\MiKTeX\tex/latex/ragged2e\ragged2e.sty
Package: ragged2e 2023/06/22 v3.6 ragged2e Package
\CenteringLeftskip=\skip74
\RaggedLeftLeftskip=\skip75
\RaggedRightLeftskip=\skip76
\CenteringRightskip=\skip77
\RaggedLeftRightskip=\skip78
\RaggedRightRightskip=\skip79
\CenteringParfillskip=\skip80
\RaggedLeftParfillskip=\skip81
\RaggedRightParfillskip=\skip82
\JustifyingParfillskip=\skip83
\CenteringParindent=\skip84
\RaggedLeftParindent=\skip85
\RaggedRightParindent=\skip86
\JustifyingParindent=\skip87
)
(C:\Users\micha\AppData\Local\Programs\MiKTeX\tex/latex/tcolorbox\tcolorbox.sty
Package: tcolorbox 2023/06/19 version 6.0.4 text color boxes
(C:\Users\micha\AppData\Local\Programs\MiKTeX\tex/latex/tools\verbatim.sty
Package: verbatim 2022-07-02 v1.5u LaTeX2e package for verbatim enhancements
\every@verbatim=\toks51
\verbatim@line=\toks52
\verbatim@in@stream=\read3
)
(C:\Users\micha\AppData\Local\Programs\MiKTeX\tex/latex/environ\environ.sty
Package: environ 2014/05/04 v0.3 A new way to define environments

(C:\Users\micha\AppData\Local\Programs\MiKTeX\tex/latex/trimspaces\trimspaces.s
ty
Package: trimspaces 2009/09/17 v1.1 Trim spaces around a token list
))
\tcb@titlebox=\box98
\tcb@upperbox=\box99
\tcb@lowerbox=\box100
\tcb@phantombox=\box101
\c@tcbbreakpart=\count350
\c@tcblayer=\count351
\c@tcolorbox@number=\count352
\tcb@temp=\box102
\tcb@temp=\box103
\tcb@temp=\box104
\tcb@temp=\box105
)
(C:\Users\micha\AppData\Local\Programs\MiKTeX\tex/generic/pgf/frontendlayer/tik
z/libraries\tikzlibraryarrows.code.tex
File: tikzlibraryarrows.code.tex 2023-01-15 v3.1.10 (3.1.10)

(C:\Users\micha\AppData\Local\Programs\MiKTeX\tex/generic/pgf/libraries\pgflibr
aryarrows.code.tex
File: pgflibraryarrows.code.tex 2023-01-15 v3.1.10 (3.1.10)
\arrowsize=\dimen340
))
(C:\Users\micha\AppData\Local\Programs\MiKTeX\tex/generic/pgf/frontendlayer/tik
z/libraries\tikzlibraryshapes.code.tex
File: tikzlibraryshapes.code.tex 2023-01-15 v3.1.10 (3.1.10)

(C:\Users\micha\AppData\Local\Programs\MiKTeX\tex/generic/pgf/frontendlayer/tik
z/libraries\tikzlibraryshapes.geometric.code.tex
File: tikzlibraryshapes.geometric.code.tex 2023-01-15 v3.1.10 (3.1.10)

(C:\Users\micha\AppData\Local\Programs\MiKTeX\tex/generic/pgf/libraries/shapes\
pgflibraryshapes.geometric.code.tex
File: pgflibraryshapes.geometric.code.tex 2023-01-15 v3.1.10 (3.1.10)
))
(C:\Users\micha\AppData\Local\Programs\MiKTeX\tex/generic/pgf/frontendlayer/tik
z/libraries\tikzlibraryshapes.misc.code.tex
File: tikzlibraryshapes.misc.code.tex 2023-01-15 v3.1.10 (3.1.10)

(C:\Users\micha\AppData\Local\Programs\MiKTeX\tex/generic/pgf/libraries/shapes\
pgflibraryshapes.misc.code.tex
File: pgflibraryshapes.misc.code.tex 2023-01-15 v3.1.10 (3.1.10)
))
(C:\Users\micha\AppData\Local\Programs\MiKTeX\tex/generic/pgf/frontendlayer/tik
z/libraries\tikzlibraryshapes.symbols.code.tex
File: tikzlibraryshapes.symbols.code.tex 2023-01-15 v3.1.10 (3.1.10)

(C:\Users\micha\AppData\Local\Programs\MiKTeX\tex/generic/pgf/libraries/shapes\
pgflibraryshapes.symbols.code.tex
File: pgflibraryshapes.symbols.code.tex 2023-01-15 v3.1.10 (3.1.10)
))
(C:\Users\micha\AppData\Local\Programs\MiKTeX\tex/generic/pgf/frontendlayer/tik
z/libraries\tikzlibraryshapes.arrows.code.tex
File: tikzlibraryshapes.arrows.code.tex 2023-01-15 v3.1.10 (3.1.10)

(C:\Users\micha\AppData\Local\Programs\MiKTeX\tex/generic/pgf/libraries/shapes\
pgflibraryshapes.arrows.code.tex
File: pgflibraryshapes.arrows.code.tex 2023-01-15 v3.1.10 (3.1.10)
))
(C:\Users\micha\AppData\Local\Programs\MiKTeX\tex/generic/pgf/frontendlayer/tik
z/libraries\tikzlibraryshapes.callouts.code.tex
(C:\Users\micha\AppData\Local\Programs\MiKTeX\tex/generic/pgf/libraries/shapes\
pgflibraryshapes.callouts.code.tex))
(C:\Users\micha\AppData\Local\Programs\MiKTeX\tex/generic/pgf/frontendlayer/tik
z/libraries\tikzlibraryshapes.multipart.code.tex
File: tikzlibraryshapes.multipart.code.tex 2023-01-15 v3.1.10 (3.1.10)

(C:\Users\micha\AppData\Local\Programs\MiKTeX\tex/generic/pgf/libraries/shapes\
pgflibraryshapes.multipart.code.tex
File: pgflibraryshapes.multipart.code.tex 2023-01-15 v3.1.10 (3.1.10)
\pgfnodepartlowerbox=\box106
\pgfnodeparttwobox=\box107
\pgfnodepartthreebox=\box108
\pgfnodepartfourbox=\box109
\pgfnodeparttwentybox=\box110
\pgfnodepartnineteenbox=\box111
\pgfnodeparteighteenbox=\box112
\pgfnodepartseventeenbox=\box113
\pgfnodepartsixteenbox=\box114
\pgfnodepartfifteenbox=\box115
\pgfnodepartfourteenbox=\box116
\pgfnodepartthirteenbox=\box117
\pgfnodeparttwelvebox=\box118
\pgfnodepartelevenbox=\box119
\pgfnodeparttenbox=\box120
\pgfnodepartninebox=\box121
\pgfnodeparteightbox=\box122
\pgfnodepartsevenbox=\box123
\pgfnodepartsixbox=\box124
\pgfnodepartfivebox=\box125
)))
(C:\Users\micha\AppData\Local\Programs\MiKTeX\tex/generic/pgf/frontendlayer/tik
z/libraries\tikzlibrarypositioning.code.tex
File: tikzlibrarypositioning.code.tex 2023-01-15 v3.1.10 (3.1.10)
)
(C:\Users\micha\AppData\Local\Programs\MiKTeX\tex/generic/pgf/frontendlayer/tik
z/libraries\tikzlibraryshadows.code.tex
File: tikzlibraryshadows.code.tex 2023-01-15 v3.1.10 (3.1.10)

(C:\Users\micha\AppData\Local\Programs\MiKTeX\tex/generic/pgf/frontendlayer/tik
z/libraries\tikzlibraryfadings.code.tex
File: tikzlibraryfadings.code.tex 2023-01-15 v3.1.10 (3.1.10)

(C:\Users\micha\AppData\Local\Programs\MiKTeX\tex/generic/pgf/libraries\pgflibr
aryfadings.code.tex
File: pgflibraryfadings.code.tex 2023-01-15 v3.1.10 (3.1.10)
)))
(C:\Users\micha\AppData\Local\Programs\MiKTeX\tex/generic/pgf/frontendlayer/tik
z/libraries\tikzlibrarytrees.code.tex
File: tikzlibrarytrees.code.tex 2023-01-15 v3.1.10 (3.1.10)
)
(C:\Users\micha\AppData\Local\Programs\MiKTeX\tex/generic/pgf/frontendlayer/tik
z/libraries\tikzlibrarymindmap.code.tex
File: tikzlibrarymindmap.code.tex 2023-01-15 v3.1.10 (3.1.10)

(C:\Users\micha\AppData\Local\Programs\MiKTeX\tex/generic/pgf/frontendlayer/tik
z/libraries\tikzlibrarydecorations.code.tex
(C:\Users\micha\AppData\Local\Programs\MiKTeX\tex/generic/pgf/modules\pgfmodule
decorations.code.tex
\pgfdecoratedcompleteddistance=\dimen341
\pgfdecoratedremainingdistance=\dimen342
\pgfdecoratedinputsegmentcompleteddistance=\dimen343
\pgfdecoratedinputsegmentremainingdistance=\dimen344
\pgf@decorate@distancetomove=\dimen345
\pgf@decorate@repeatstate=\count353
\pgfdecorationsegmentamplitude=\dimen346
\pgfdecorationsegmentlength=\dimen347
)
\tikz@lib@dec@box=\box126
))
(C:\Users\micha\AppData\Local\Programs\MiKTeX\tex/latex/forest\forest.sty
Package: forest 2017/07/14 v2.1.5 Drawing (linguistic) trees

(C:\Users\micha\AppData\Local\Programs\MiKTeX\tex/generic/pgf/frontendlayer/tik
z/libraries\tikzlibraryfit.code.tex
File: tikzlibraryfit.code.tex 2023-01-15 v3.1.10 (3.1.10)
)
(C:\Users\micha\AppData\Local\Programs\MiKTeX\tex/generic/pgf/frontendlayer/tik
z/libraries\tikzlibrarycalc.code.tex
File: tikzlibrarycalc.code.tex 2023-01-15 v3.1.10 (3.1.10)
)
(C:\Users\micha\AppData\Local\Programs\MiKTeX\tex/generic/pgf/libraries\pgflibr
aryintersections.code.tex
(C:\Users\micha\AppData\Local\Programs\MiKTeX\tex/generic/pgf/libraries\pgflibr
aryfpu.code.tex)
\pgf@intersect@solutions=\count354
)
(C:\Users\micha\AppData\Local\Programs\MiKTeX\tex/latex/pgfopts\pgfopts.sty
Package: pgfopts 2014/07/10 v2.1a LaTeX package options with pgfkeys
\pgfopts@list@add@a@toks=\toks53
\pgfopts@list@add@b@toks=\toks54
)
(C:\Users\micha\AppData\Local\Programs\MiKTeX\tex/latex/elocalloc\elocalloc.sty
Package: elocalloc 2016/12/15 v0.03 local allocation for LaTeX 2015+ (DPC)
)
(C:\Users\micha\AppData\Local\Programs\MiKTeX\tex/latex/l3packages/xparse\xpars
e.sty
Package: xparse 2023-08-29 L3 Experimental document command parser
)
(C:\Users\micha\AppData\Local\Programs\MiKTeX\tex/latex/inlinedef\inlinedef.sty
Package: inlinedef 2008/07/10 v1.0 Inlined expansions within definitions
\ID@toks=\toks55
\ID@count=\count355
)
\ID@usercommands=\toks56
\safeloop@depth=\count356
\safeRKloop@depth=\count357
\forest@temp@dimen=\dimen348
\forest@temp@count=\count358
\forest@n=\count359
\forest@temp@global@count=\count360
\forest@temp@toks=\toks57
\forest@temparray@M=\count361
\forest@temparray@N=\count362
\forest@global@temparray@M=\count363
\forest@global@temparray@N=\count364
\forest@isnum@count=\count365
\forest@isdim@nonintpart=\count366
\forest@isdim@dimen=\dimen349
\forest@sort@m=\count367
\forest@sort@k=\count368
\forest@sort@p=\count369
\bracket@content=\toks58
\bracket@afterthought=\toks59
\forest@node@maxid=\count370
\forest@process@left@M=\count371
\forest@process@left@N=\count372
\forest@process@right@M=\count373
\forest@process@right@N=\count374
\forest@process@saved@M=\count375
\forest@process@saved@N=\count376
\forest@process@result@M=\count377
\forest@process@result@N=\count378
\forest@process@n=\count379
\forest@nodewalk@branch@toks=\toks60
\forest@nodewalk@shortsteps@resolution=\toks61
\forest@do@dynamics=\toks62
\forest@box=\box127
\forest@xg=\dimen350
\forest@yg=\dimen351
\forest@xs=\dimen352
\forest@ys=\dimen353
\forest@pi@toks=\toks63
\forest@segment@toks=\toks64
\forest@PIi@toks=\toks65
\forest@PIii@toks=\toks66
\forest@copy@in=\read4
\forest@copy@out=\write5
\forest@externalize@max@outer@n=\count380
\forest@externalize@inner@n=\count381
)
(C:\Users\micha\AppData\Local\Programs\MiKTeX\tex/latex/forest\forest-lib-edges
.sty
Package: forest-lib-edges 2016/12/05 v0.1.1
)
(C:\Users\micha\AppData\Local\Programs\MiKTeX\tex/generic/pgf/libraries\pgflibr
aryarrows.meta.code.tex
File: pgflibraryarrows.meta.code.tex 2023-01-15 v3.1.10 (3.1.10)
\pgfarrowinset=\dimen354
\pgfarrowlength=\dimen355
\pgfarrowwidth=\dimen356
\pgfarrowlinewidth=\dimen357
)
(C:\Users\micha\AppData\Local\Programs\MiKTeX\tex/latex/xkcdcolors\xkcdcolors.s
ty
Package: xkcdcolors 2023/08/11 v1.0.2 Provide names for xkcd colors
)
(C:\Users\micha\AppData\Local\Programs\MiKTeX\tex/generic/pgf/frontendlayer/tik
z/libraries\tikzlibrarybackgrounds.code.tex
File: tikzlibrarybackgrounds.code.tex 2023-01-15 v3.1.10 (3.1.10)
\pgf@layerbox@background=\box128
\pgf@layerboxsaved@background=\box129
)
(C:\Users\micha\AppData\Local\Programs\MiKTeX\tex/latex/tikzmark\tikzlibrarytik
zmark.code.tex
File: tikzlibrarytikzmark.code.tex 2022/08/24 v1.15 TikZ library for marking po
sitions in a document

(C:\Users\micha\AppData\Local\Programs\MiKTeX\tex/latex/l3packages/l3keys2e\l3k
eys2e.sty
Package: l3keys2e 2023-08-29 LaTeX2e option processing using LaTeX3 keys
)
\l__sn_x_dim=\dimen358
\l__sn_y_dim=\dimen359
\l__sn_xa_dim=\dimen360
\l__sn_ya_dim=\dimen361
)
(C:\Users\micha\AppData\Local\Programs\MiKTeX\tex/latex/cleveref\cleveref.sty
Package: cleveref 2018/03/27 v0.21.4 Intelligent cross-referencing
Package cleveref Info: `amsthm' support loaded on input line 3026.
Package cleveref Info: `listings' support loaded on input line 3131.
Package cleveref Info: always capitalise cross-reference names on input line 78
30.
Package cleveref Info: always capitalise cross-reference names on input line 78
52.
Package cleveref Info: no abbreviation of names on input line 7852.
)
\@float@every@listing=\toks67
\c@listing=\count382

(C:\Users\micha\AppData\Local\Programs\MiKTeX\tex/latex/natbib\bibentry.sty
Package: bibentry 2007/10/30 1.5 (PWD)
)
LaTeX Font Info:    Trying to load font information for OT1+ptm on input line 2
72.

(C:\Users\micha\AppData\Local\Programs\MiKTeX\tex/latex/psnfss\ot1ptm.fd
File: ot1ptm.fd 2001/06/04 font definitions for OT1/ptm.
)
(main_changed.aux)
\openout1 = `main_changed.aux'.

LaTeX Font Info:    Checking defaults for OML/cmm/m/it on input line 272.
LaTeX Font Info:    ... okay on input line 272.
LaTeX Font Info:    Checking defaults for OMS/cmsy/m/n on input line 272.
LaTeX Font Info:    ... okay on input line 272.
LaTeX Font Info:    Checking defaults for OT1/cmr/m/n on input line 272.
LaTeX Font Info:    ... okay on input line 272.
LaTeX Font Info:    Checking defaults for T1/cmr/m/n on input line 272.
LaTeX Font Info:    ... okay on input line 272.
LaTeX Font Info:    Checking defaults for TS1/cmr/m/n on input line 272.
LaTeX Font Info:    ... okay on input line 272.
LaTeX Font Info:    Checking defaults for OMX/cmex/m/n on input line 272.
LaTeX Font Info:    ... okay on input line 272.
LaTeX Font Info:    Checking defaults for U/cmr/m/n on input line 272.
LaTeX Font Info:    ... okay on input line 272.

(C:\Users\micha\AppData\Local\Programs\MiKTeX\tex/context/base/mkii\supp-pdf.mk
ii
[Loading MPS to PDF converter (version 2006.09.02).]
\scratchcounter=\count383
\scratchdimen=\dimen362
\scratchbox=\box130
\nofMPsegments=\count384
\nofMParguments=\count385
\everyMPshowfont=\toks68
\MPscratchCnt=\count386
\MPscratchDim=\dimen363
\MPnumerator=\count387
\makeMPintoPDFobject=\count388
\everyMPtoPDFconversion=\toks69
)
(C:\Users\micha\AppData\Local\Programs\MiKTeX\tex/latex/epstopdf-pkg\epstopdf-b
ase.sty
Package: epstopdf-base 2020-01-24 v2.11 Base part for package epstopdf
Package epstopdf-base Info: Redefining graphics rule for `.eps' on input line 4
85.

(C:\Users\micha\AppData\Local\Programs\MiKTeX\tex/latex/00miktex\epstopdf-sys.c
fg
File: epstopdf-sys.cfg 2021/03/18 v2.0 Configuration of epstopdf for MiKTeX
))
Package caption Info: Begin \AtBeginDocument code.
Package caption Info: float package is loaded.
Package caption Info: listings package is loaded.
Package caption Info: End \AtBeginDocument code.
Package newfloat Info: `float' package detected.
\c@lstlisting=\count389

(C:\Users\micha\AppData\Local\Programs\MiKTeX\tex/latex/ninecolors\ninecolors.s
ty
Package: ninecolors 2022-02-13 v2022D Select colors with proper color contrast
)
LaTeX Info: Redefining \microtypecontext on input line 272.
Package microtype Info: Applying patch `item' on input line 272.
Package microtype Info: Applying patch `toc' on input line 272.
Package microtype Info: Applying patch `eqnum' on input line 272.
Package microtype Info: Applying patch `footnote' on input line 272.
Package microtype Info: Applying patch `verbatim' on input line 272.
Package microtype Info: Generating PDF output.
Package microtype Info: Character protrusion enabled (level 2).
Package microtype Info: Using default protrusion set `alltext'.
Package microtype Info: Automatic font expansion enabled (level 2),
(microtype)             stretch: 20, shrink: 20, step: 1, non-selected.
Package microtype Info: Using default expansion set `alltext-nott'.
LaTeX Info: Redefining \showhyphens on input line 272.
Package microtype Info: No adjustment of tracking.
Package microtype Info: No adjustment of interword spacing.
Package microtype Info: No adjustment of character kerning.

(C:\Users\micha\AppData\Local\Programs\MiKTeX\tex/latex/microtype\mt-ptm.cfg
File: mt-ptm.cfg 2006/04/20 v1.7 microtype config. file: Times (RS)
)
\c@eqfn=\count390
\titlearea=\box131
LaTeX Font Info:    Trying to load font information for OMS+ptm on input line 2
74.

(C:\Users\micha\AppData\Local\Programs\MiKTeX\tex/latex/psnfss\omsptm.fd
File: omsptm.fd 
)
LaTeX Font Info:    Font shape `OMS/ptm/m/n' in size <10> not available
(Font)              Font shape `OMS/cmsy/m/n' tried instead on input line 274.
\actualheight=\skip88

(C:\Users\micha\AppData\Local\Programs\MiKTeX\tex/latex/microtype\mt-cmr.cfg
File: mt-cmr.cfg 2013/05/19 v2.2 microtype config. file: Computer Modern Roman 
(RS)
)
LaTeX Font Info:    Trying to load font information for U+msa on input line 274
.

(C:\Users\micha\AppData\Local\Programs\MiKTeX\tex/latex/amsfonts\umsa.fd
File: umsa.fd 2013/01/14 v3.01 AMS symbols A
)
(C:\Users\micha\AppData\Local\Programs\MiKTeX\tex/latex/microtype\mt-msa.cfg
File: mt-msa.cfg 2006/02/04 v1.1 microtype config. file: AMS symbols (a) (RS)
)
LaTeX Font Info:    Trying to load font information for U+msb on input line 274
.

(C:\Users\micha\AppData\Local\Programs\MiKTeX\tex/latex/amsfonts\umsb.fd
File: umsb.fd 2013/01/14 v3.01 AMS symbols B
)
(C:\Users\micha\AppData\Local\Programs\MiKTeX\tex/latex/microtype\mt-msb.cfg
File: mt-msb.cfg 2005/06/01 v1.0 microtype config. file: AMS symbols (b) (RS)
)
LaTeX Font Info:    Trying to load font information for TS1+ptm on input line 2
74.

(C:\Users\micha\AppData\Local\Programs\MiKTeX\tex/latex/psnfss\ts1ptm.fd
File: ts1ptm.fd 2001/06/04 font definitions for TS1/ptm.
)
(sections/introduction.tex

Package natbib Warning: Citation `lee2018simple' on page 1 undefined on input l
ine 10.


Package natbib Warning: Citation `tack2020csi' on page 1 undefined on input lin
e 10.


Package natbib Warning: Citation `2021ssd' on page 1 undefined on input line 10
.


Package natbib Warning: Citation `sun2022knn' on page 1 undefined on input line
 10.


Package natbib Warning: Citation `sun2022knn' on page 1 undefined on input line
 10.


Package natbib Warning: Citation `beyer1999nearest' on page 1 undefined on inpu
t line 11.


Package natbib Warning: Citation `beyer1999nearest' on page 1 undefined on inpu
t line 12.


Package natbib Warning: Citation `beyer1999nearest' on page 1 undefined on inpu
t line 17.


Package natbib Warning: Citation `hinneburg2000nearest' on page 1 undefined on 
input line 17.


Package natbib Warning: Citation `aggarwal2001surprising' on page 1 undefined o
n input line 17.


Package natbib Warning: Citation `houle2010can' on page 1 undefined on input li
ne 17.


Package natbib Warning: Citation `kriegel2009outlier' on page 1 undefined on in
put line 17.


Package natbib Warning: Citation `houle2010can' on page 1 undefined on input li
ne 23.


Package natbib Warning: Citation `yu2015lsun' on page 1 undefined on input line
 33.


Package natbib Warning: Citation `sun2022knn' on page 1 undefined on input line
 34.

[1{C:/Users/micha/AppData/Local/MiKTeX/fonts/map/pdftex/pdftex.map}{C:/Users/mi
cha/AppData/Local/Programs/MiKTeX/fonts/enc/dvips/base/8r.enc}



]

Package natbib Warning: Citation `sun2022knn' on page 2 undefined on input line
 39.

) (sections/background.tex) (sections/method.tex

Package natbib Warning: Citation `2021ssd' on page 2 undefined on input line 6.



Package natbib Warning: Citation `sun2022knn' on page 2 undefined on input line
 6.


Package natbib Warning: Citation `lee2018simple' on page 2 undefined on input l
ine 6.


LaTeX Font Warning: Command \small invalid in math mode on input line 20.


Overfull \hbox (5.68732pt too wide) detected at line 22
[]\OML/cmm/m/it/9 h[]\OT1/cmr/m/n/9 (\OT1/cmr/bx/n/9 x\OT1/cmr/m/n/9 ) = \OML/c
mm/m/it/9 h\OT1/cmr/m/n/9 (\OT1/cmr/bx/n/9 x\OT1/cmr/m/n/9 ) \OMS/cmsy/m/n/9 ^^
L \OML/cmm/m/it/9 R[]\OT1/cmr/m/n/9 (\OT1/cmr/bx/n/9 x\OT1/cmr/m/n/9 )\OML/cmm/
m/it/9 ; []; R[]\OT1/cmr/m/n/9 (\OT1/cmr/bx/n/9 x\OT1/cmr/m/n/9 ) \OMS/cmsy/m/n
/9 2 f\OT1/cmr/m/n/9 0\OML/cmm/m/it/9 ; \OT1/cmr/m/n/9 1\OMS/cmsy/m/n/9 g[]\OML
/cmm/m/it/9 ; \OMS/cmsy/m/n/9 k\OML/cmm/m/it/9 R[]\OT1/cmr/m/n/9 (\OT1/cmr/bx/n
/9 x\OT1/cmr/m/n/9 )\OMS/cmsy/m/n/9 k[] \OT1/cmr/m/n/9 = \OML/cmm/m/it/9 s;
 []

LaTeX Font Info:    Calculating math sizes for size <> on input line 22.

LaTeX Font Warning: Font shape `OT1/cmr/m/n' in size <> not available
(Font)              size <5> substituted on input line 22.


LaTeX Font Warning: Font shape `OT1/cmr/m/n' in size <0.7> not available
(Font)              size <5> substituted on input line 22.


LaTeX Font Warning: Font shape `OT1/cmr/m/n' in size <0.5> not available
(Font)              size <5> substituted on input line 22.


LaTeX Font Warning: Font shape `OML/cmm/m/it' in size <> not available
(Font)              size <5> substituted on input line 22.


LaTeX Font Warning: Font shape `OML/cmm/m/it' in size <0.7> not available
(Font)              size <5> substituted on input line 22.


LaTeX Font Warning: Font shape `OML/cmm/m/it' in size <0.5> not available
(Font)              size <5> substituted on input line 22.


LaTeX Font Warning: Font shape `OMS/cmsy/m/n' in size <> not available
(Font)              size <5> substituted on input line 22.


LaTeX Font Warning: Font shape `OMS/cmsy/m/n' in size <0.7> not available
(Font)              size <5> substituted on input line 22.


LaTeX Font Warning: Font shape `OMS/cmsy/m/n' in size <0.5> not available
(Font)              size <5> substituted on input line 22.


LaTeX Font Warning: Font shape `OT1/cmr/bx/n' in size <> not available
(Font)              size <5> substituted on input line 22.


LaTeX Font Warning: Font shape `OT1/cmr/bx/n' in size <0.7> not available
(Font)              size <5> substituted on input line 22.


LaTeX Font Warning: Font shape `OT1/cmr/bx/n' in size <0.5> not available
(Font)              size <5> substituted on input line 22.


LaTeX Font Warning: Font shape `OML/cmm/b/it' in size <> not available
(Font)              size <5> substituted on input line 22.


LaTeX Font Warning: Font shape `OML/cmm/b/it' in size <0.7> not available
(Font)              size <5> substituted on input line 22.


LaTeX Font Warning: Font shape `OML/cmm/b/it' in size <0.5> not available
(Font)              size <5> substituted on input line 22.


LaTeX Font Warning: Font shape `OMS/cmsy/b/n' in size <> not available
(Font)              size <5> substituted on input line 22.


LaTeX Font Warning: Font shape `OMS/cmsy/b/n' in size <0.7> not available
(Font)              size <5> substituted on input line 22.


LaTeX Font Warning: Font shape `OMS/cmsy/b/n' in size <0.5> not available
(Font)              size <5> substituted on input line 22.

[2]

Package natbib Warning: Citation `sun2022knn' on page 3 undefined on input line
 60.

(sections/new_theory_draft.tex

Package natbib Warning: Citation `zhao2022analysis' on page 3 undefined on inpu
t line 17.


Underfull \hbox (badness 1117) in paragraph at lines 20--22
\OT1/ptm/m/n/10 (+20) where $\OML/cmm/m/it/10 V\OT1/cmr/m/n/10 (\OML/cmm/m/it/1
0 B\OT1/cmr/m/n/10 (\OT1/cmr/bx/n/10 z\OML/cmm/m/it/10 ; r[]\OT1/cmr/m/n/10 (\O
T1/cmr/bx/n/10 z\OT1/cmr/m/n/10 )))$ \OT1/ptm/m/n/10 (+20) de-notes the vol-ume
 of the ball
 []


Underfull \hbox (badness 10000) in paragraph at lines 23--24
[]\OT1/ptm/b/n/10 (+20) Theorem 4.1. []\OT1/ptm/m/it/10 (+20) Let $\U/msb/m/n/1
0 E\OT1/cmr/m/n/10 [\OML/cmm/m/it/10 p[]\OT1/cmr/m/n/10 (\OT1/cmr/bx/n/10 z\OT1
/cmr/m/n/10 )\OMS/cmsy/m/n/10 j[]\OT1/cmr/m/n/10 ] \OMS/cmsy/m/n/10 ^^@
 []


Underfull \hbox (badness 4872) in paragraph at lines 33--36
[]\OT1/cmr/m/n/10 (\OML/cmm/m/it/10 m\OT1/cmr/m/n/10 )$ \OT1/ptm/m/n/10 (+20) i
s lower-bounded by two terms: $\OT1/cmr/m/n/10 ^^A(\OML/cmm/m/it/10 m\OT1/cmr/m
/n/10 )$ \OT1/ptm/m/n/10 (+20) and
 []

)) (sections/experiments.tex [3] (tables/c10.tex

Package natbib Warning: Citation `hendrycks2016baseline' on page 4 undefined on
 input line 28.


Package natbib Warning: Citation `liang2018enhancing' on page 4 undefined on in
put line 28.


Package natbib Warning: Citation `hsu2020generalized' on page 4 undefined on in
put line 28.


Package natbib Warning: Citation `liu2020energy' on page 4 undefined on input l
ine 28.


Package natbib Warning: Citation `sun2021react' on page 4 undefined on input li
ne 28.


Package natbib Warning: Citation `huang2021importance' on page 4 undefined on i
nput line 28.


Package natbib Warning: Citation `wei2022mitigating' on page 4 undefined on inp
ut line 28.


Package natbib Warning: Citation `sun2022dice' on page 4 undefined on input lin
e 28.


Package natbib Warning: Citation `lee2018simple' on page 4 undefined on input l
ine 28.


Package natbib Warning: Citation `sun2022knn' on page 4 undefined on input line
 28.

) (tables/c100.tex

Package natbib Warning: Citation `hendrycks2016baseline' on page 4 undefined on
 input line 26.


Package natbib Warning: Citation `liang2018enhancing' on page 4 undefined on in
put line 26.


Package natbib Warning: Citation `hsu2020generalized' on page 4 undefined on in
put line 26.


Package natbib Warning: Citation `liu2020energy' on page 4 undefined on input l
ine 26.


Package natbib Warning: Citation `sun2021react' on page 4 undefined on input li
ne 26.


Package natbib Warning: Citation `huang2021importance' on page 4 undefined on i
nput line 26.


Package natbib Warning: Citation `wei2022mitigating' on page 4 undefined on inp
ut line 26.


Package natbib Warning: Citation `sun2022dice' on page 4 undefined on input lin
e 26.


Package natbib Warning: Citation `lee2018simple' on page 4 undefined on input l
ine 26.


Package natbib Warning: Citation `sun2022knn' on page 4 undefined on input line
 26.

)

Package natbib Warning: Citation `krizhevsky2009learning' on page 4 undefined o
n input line 14.

LaTeX Font Info:    Trying to load font information for OT1+pcr on input line 1
4.
(C:\Users\micha\AppData\Local\Programs\MiKTeX\tex/latex/psnfss\ot1pcr.fd
File: ot1pcr.fd 2001/06/04 font definitions for OT1/pcr.
)
Package microtype Info: Loading generic protrusion settings for font family
(microtype)             `pcr' (encoding: OT1).
(microtype)             For optimal results, create family-specific settings.
(microtype)             See the microtype manual for details.


Package natbib Warning: Citation `cimpoi2014describing' on page 4 undefined on 
input line 14.


Package natbib Warning: Citation `svhn' on page 4 undefined on input line 14.


Package natbib Warning: Citation `yu2015lsun' on page 4 undefined on input line
 14.


Package natbib Warning: Citation `yu2015lsun' on page 4 undefined on input line
 14.


Package natbib Warning: Citation `xu2015turkergaze' on page 4 undefined on inpu
t line 14.


Package natbib Warning: Citation `zhou2017places' on page 4 undefined on input 
line 14.


Underfull \vbox (badness 4899) has occurred while \output is active []



Package natbib Warning: Citation `sun2021react' on page 4 undefined on input li
ne 24.


Package natbib Warning: Citation `sun2021react' on page 4 undefined on input li
ne 24.


Package natbib Warning: Citation `sun2022dice' on page 4 undefined on input lin
e 24.


Package natbib Warning: Citation `lee2018simple' on page 4 undefined on input l
ine 48.


Package natbib Warning: Citation `lee2018simple' on page 4 undefined on input l
ine 48.


Package natbib Warning: Citation `lee2018simple' on page 4 undefined on input l
ine 49.


Package natbib Warning: Citation `lee2018simple' on page 4 undefined on input l
ine 49.


Package natbib Warning: Citation `sun2022knn' on page 4 undefined on input line
 56.


Package natbib Warning: Citation `lee2018simple' on page 4 undefined on input l
ine 56.


Package natbib Warning: Citation `lee2018simple' on page 4 undefined on input l
ine 58.

[4] (tables/comp_cost.tex)) (sections/ablations.tex

Package natbib Warning: Citation `huang2018densely' on page 5 undefined on inpu
t line 8.

(tables/abl_r_figures.tex

pdfTeX warning: pdflatex.exe (file ./images/Frame_6.pdf): PDF inclusion: found 
PDF version <1.7>, but at most version <1.5> allowed
<images/Frame_6.pdf, id=64, 8171.52875pt x 3493.23918pt>
File: images/Frame_6.pdf Graphic file (type pdf)
<use images/Frame_6.pdf>
Package pdftex.def Info: images/Frame_6.pdf  used on input line 6.
(pdftex.def)             Requested size: 247.88887pt x 105.9653pt.
<images/subspace_new.pdf, id=65, 199.62392pt x 142.54266pt>
File: images/subspace_new.pdf Graphic file (type pdf)
<use images/subspace_new.pdf>
Package pdftex.def Info: images/subspace_new.pdf  used on input line 16.
(pdftex.def)             Requested size: 189.40321pt x 135.2538pt.
)

Package natbib Warning: Citation `sun2022knn' on page 5 undefined on input line
 16.


Package natbib Warning: Citation `ho1998nearest' on page 5 undefined on input l
ine 35.


Package natbib Warning: Citation `ho1998nearest' on page 5 undefined on input l
ine 41.


Overfull \hbox (17.41206pt too wide) detected at line 45
[]
 []

[5]

Package natbib Warning: Citation `deng2009imagenet' on page 6 undefined on inpu
t line 58.


Package natbib Warning: Citation `huang2021mos' on page 6 undefined on input li
ne 58.



pdfTeX warning: pdflatex.exe (file ./images/imagenet_plot.pdf): PDF inclusion: 
found PDF version <1.7>, but at most version <1.5> allowed
<images/imagenet_plot.pdf, id=69, 7377.5625pt x 2963.07pt>
File: images/imagenet_plot.pdf Graphic file (type pdf)
<use images/imagenet_plot.pdf>
Package pdftex.def Info: images/imagenet_plot.pdf  used on input line 63.
(pdftex.def)             Requested size: 239.39438pt x 96.1223pt.
) (sections/discussion.tex

Package natbib Warning: Citation `sun2022dice' on page 6 undefined on input lin
e 5.


Package natbib Warning: Citation `sun2022dice' on page 6 undefined on input lin
e 7.

[6 <./images/Frame_6.pdf> <./images/subspace_new.pdf> <./images/imagenet_plot.p
df>]

Package natbib Warning: Citation `hinton2012improving' on page 7 undefined on i
nput line 11.


Package natbib Warning: Citation `srivastava2014dropout' on page 7 undefined on
 input line 11.


Package natbib Warning: Citation `ho1998nearest' on page 7 undefined on input l
ine 11.


Package natbib Warning: Citation `ba2013adaptive' on page 7 undefined on input 
line 11.


Package natbib Warning: Citation `gomez2019learning' on page 7 undefined on inp
ut line 11.


Package natbib Warning: Citation `gomez2019learning' on page 7 undefined on inp
ut line 11.


Package natbib Warning: Citation `ba2013adaptive' on page 7 undefined on input 
line 11.


Package natbib Warning: Citation `wong2021leveraging' on page 7 undefined on in
put line 11.


Package natbib Warning: Citation `wong2021leveraging' on page 7 undefined on in
put line 11.

) (sections/related_works.tex

Package natbib Warning: Citation `devries2017improved' on page 7 undefined on i
nput line 6.


Package natbib Warning: Citation `huang2021mos' on page 7 undefined on input li
ne 6.


Package natbib Warning: Citation `lee2017training' on page 7 undefined on input
 line 6.


Package natbib Warning: Citation `bevandic2018discriminative' on page 7 undefin
ed on input line 6.


Package natbib Warning: Citation `hendrycks2018deep' on page 7 undefined on inp
ut line 6.


Package natbib Warning: Citation `geifman2019selective' on page 7 undefined on 
input line 6.


Package natbib Warning: Citation `hein2019why' on page 7 undefined on input lin
e 6.


Package natbib Warning: Citation `meinke2019towards' on page 7 undefined on inp
ut line 6.


Package natbib Warning: Citation `liu2020energy' on page 7 undefined on input l
ine 6.


Package natbib Warning: Citation `wei2022mitigating' on page 7 undefined on inp
ut line 6.


Package natbib Warning: Citation `KatzSamuels2022' on page 7 undefined on input
 line 6.


Package natbib Warning: Citation `Du2022' on page 7 undefined on input line 6.


Package natbib Warning: Citation `Du2022a' on page 7 undefined on input line 6.



Package natbib Warning: Citation `ming2022posterior' on page 7 undefined on inp
ut line 6.


Package natbib Warning: Citation `hebbalaguppenovel' on page 7 undefined on inp
ut line 6.


Package natbib Warning: Citation `ming2023how' on page 7 undefined on input lin
e 6.


Package natbib Warning: Citation `huang2023harnessing' on page 7 undefined on i
nput line 6.


Package natbib Warning: Citation `wang2023outofdistribution' on page 7 undefine
d on input line 6.


Package natbib Warning: Citation `bai2023feed' on page 7 undefined on input lin
e 6.


Package natbib Warning: Citation `wang2023learning' on page 7 undefined on inpu
t line 6.


Package natbib Warning: Citation `du2023dream' on page 7 undefined on input lin
e 6.


Package natbib Warning: Citation `zheng2023detection' on page 7 undefined on in
put line 6.


Package natbib Warning: Citation `lee2018simple' on page 7 undefined on input l
ine 6.


Package natbib Warning: Citation `hendrycks2018deep' on page 7 undefined on inp
ut line 6.


Package natbib Warning: Citation `wang2022outofdistribution' on page 7 undefine
d on input line 6.


Package natbib Warning: Citation `liu2020energy' on page 7 undefined on input l
ine 6.


Package natbib Warning: Citation `Du2022' on page 7 undefined on input line 6.


Package natbib Warning: Citation `song2022rankfeat' on page 7 undefined on inpu
t line 6.


Package natbib Warning: Citation `hendrycks2016baseline' on page 7 undefined on
 input line 11.


Package natbib Warning: Citation `liang2018enhancing' on page 7 undefined on in
put line 11.


Package natbib Warning: Citation `liu2020energy' on page 7 undefined on input l
ine 11.


Package natbib Warning: Citation `morteza2022provable' on page 7 undefined on i
nput line 11.


Package natbib Warning: Citation `huang2021importance' on page 7 undefined on i
nput line 11.


Package natbib Warning: Citation `Wilson_2023_ICCV' on page 7 undefined on inpu
t line 11.


Package natbib Warning: Citation `lee2018simple' on page 7 undefined on input l
ine 11.


Package natbib Warning: Citation `2021ssd' on page 7 undefined on input line 11
.


Package natbib Warning: Citation `sun2022knn' on page 7 undefined on input line
 11.


Package natbib Warning: Citation `ho1998nearest' on page 7 undefined on input l
ine 15.


Package natbib Warning: Citation `hund2015subspace' on page 7 undefined on inpu
t line 16.


Package natbib Warning: Citation `liu2007computational' on page 7 undefined on 
input line 16.


Package natbib Warning: Citation `kriegel2009clustering' on page 7 undefined on
 input line 16.


Package natbib Warning: Citation `houle2014efficient' on page 7 undefined on in
put line 16.

) (sections/conclusion.tex) [7] [8

]
No file main_changed.bbl.
(sections/proof.tex
Overfull \hbox (45.84094pt too wide) detected at line 35
[]
 []


Package natbib Warning: Citation `zhao2022analysis' on page 9 undefined on inpu
t line 39.


Overfull \hbox (19.16498pt too wide) detected at line 49
[]
 []

)

Package natbib Warning: Citation `huang2018densely' on page 9 undefined on inpu
t line 312.


Package natbib Warning: Citation `he2016deep' on page 9 undefined on input line
 313.


Package natbib Warning: Citation `huang2018densely' on page 9 undefined on inpu
t line 314.


Package natbib Warning: Citation `he2016deep' on page 9 undefined on input line
 314.


Package natbib Warning: Citation `hendrycks2016baseline' on page 9 undefined on
 input line 327.


Package natbib Warning: Citation `liang2018enhancing' on page 9 undefined on in
put line 329.


Package natbib Warning: Citation `liu2020energy' on page 9 undefined on input l
ine 331.


Package natbib Warning: Citation `hsu2020generalized' on page 9 undefined on in
put line 335.


Package natbib Warning: Citation `liang2018enhancing' on page 9 undefined on in
put line 335.

[9


]

Package natbib Warning: Citation `sun2021react' on page 10 undefined on input l
ine 337.


Package natbib Warning: Citation `huang2021importance' on page 10 undefined on 
input line 339.


Package natbib Warning: Citation `wei2022mitigating' on page 10 undefined on in
put line 341.


Package natbib Warning: Citation `sun2022dice' on page 10 undefined on input li
ne 343.


Package natbib Warning: Citation `lee2018simple' on page 10 undefined on input 
line 348.


Package natbib Warning: Citation `mahalanobis1936generalized' on page 10 undefi
ned on input line 348.


Package natbib Warning: Citation `sun2022knn' on page 10 undefined on input lin
e 348.


Package natbib Warning: Citation `2021ssd' on page 10 undefined on input line 3
48.


Package natbib Warning: Citation `sun2022knn' on page 10 undefined on input lin
e 351.


Package natbib Warning: Citation `lee2018simple' on page 10 undefined on input 
line 352.


Underfull \hbox (badness 2671) in paragraph at lines 351--354
 \OT1/ptm/b/n/10 (+20) KNN (?) \OT1/ptm/m/n/10 (+20) Re-cently Sun et al. pro-p
osed us-ing non-
 []


Package natbib Warning: Citation `huang2018densely' on page 10 undefined on inp
ut line 358.


Package natbib Warning: Citation `he2016deep' on page 10 undefined on input lin
e 358.


Underfull \hbox (badness 2088) in paragraph at lines 358--359
\OMS/cmsy/m/n/10 f\OT1/cmr/m/n/10 0\OML/cmm/m/it/10 :\OT1/cmr/m/n/10 05\OML/cmm
/m/it/10 ; \OT1/cmr/m/n/10 0\OML/cmm/m/it/10 :\OT1/cmr/m/n/10 15\OML/cmm/m/it/1
0 ; \OT1/cmr/m/n/10 0\OML/cmm/m/it/10 :\OT1/cmr/m/n/10 25\OML/cmm/m/it/10 ; \OT
1/cmr/m/n/10 0\OML/cmm/m/it/10 :\OT1/cmr/m/n/10 35\OML/cmm/m/it/10 ; \OT1/cmr/m
/n/10 0\OML/cmm/m/it/10 :\OT1/cmr/m/n/10 55\OML/cmm/m/it/10 ; \OT1/cmr/m/n/10 0
\OML/cmm/m/it/10 :\OT1/cmr/m/n/10 75\OMS/cmsy/m/n/10 g$ \OT1/ptm/m/n/10 (+20) a
nd nearest-neighbors
 []

(C:\Users\micha\AppData\Local\Programs\MiKTeX\tex/latex/listings\lstlang1.sty
File: lstlang1.sty 2023/02/27 1.9 listings language file
)
LaTeX Font Info:    Font shape `OT1/pcr/m/it' in size <9> not available
(Font)              Font shape `OT1/pcr/m/sl' tried instead on input line 374.


Package natbib Warning: Citation `huang2018densely' on page 10 undefined on inp
ut line 390.


Package natbib Warning: Citation `he2016deep' on page 10 undefined on input lin
e 390.


Package natbib Warning: Citation `sun2022knn' on page 10 undefined on input lin
e 390.

[10] (tables/diff_arch.tex

Package natbib Warning: Citation `sun2022knn' on page 11 undefined on input lin
e 18.


Package natbib Warning: Citation `sun2022knn' on page 11 undefined on input lin
e 18.

) (tables/discuss_table_new.tex

Package natbib Warning: Citation `wong2021leveraging' on page 11 undefined on i
nput line 16.


Package natbib Warning: Citation `srivastava2014dropout' on page 11 undefined o
n input line 16.


Package natbib Warning: Citation `ba2013adaptive' on page 11 undefined on input
 line 16.


Package natbib Warning: Citation `gomez2019learning' on page 11 undefined on in
put line 16.


Package natbib Warning: Citation `sun2022knn' on page 11 undefined on input lin
e 17.


Package natbib Warning: Citation `sun2022knn' on page 11 undefined on input lin
e 17.

)
<images/ablations_NEW_FPR.png, id=130, 731.19173pt x 588.63914pt>
File: images/ablations_NEW_FPR.png Graphic file (type png)
<use images/ablations_NEW_FPR.png>
Package pdftex.def Info: images/ablations_NEW_FPR.png  used on input line 404.
(pdftex.def)             Requested size: 227.64894pt x 183.26665pt.
<images/ablations_NEW_AUROC.png, id=132, 731.19173pt x 588.63914pt>
File: images/ablations_NEW_AUROC.png Graphic file (type png)
<use images/ablations_NEW_AUROC.png>
Package pdftex.def Info: images/ablations_NEW_AUROC.png  used on input line 409
.
(pdftex.def)             Requested size: 227.64894pt x 183.26665pt.


LaTeX Warning: `!h' float specifier changed to `!ht'.

(sections/calibration_new.tex (tables/calibration_main.tex

LaTeX Warning: `!h' float specifier changed to `!ht'.

)

Package natbib Warning: Citation `naeini2015obtaining' on page 11 undefined on 
input line 3.


Package natbib Warning: Citation `nixon2019measuring' on page 11 undefined on i
nput line 3.


Package natbib Warning: Citation `muller2019does' on page 11 undefined on input
 line 7.


Package natbib Warning: Citation `lin2017focal' on page 11 undefined on input l
ine 7.


Package natbib Warning: Citation `mukhoti2020calibrating' on page 11 undefined 
on input line 7.


Package natbib Warning: Citation `muller2019does' on page 11 undefined on input
 line 11.


Package natbib Warning: Citation `lin2017focal' on page 11 undefined on input l
ine 11.

)

Package natbib Warning: Citation `huang2018densely' on page 11 undefined on inp
ut line 424.


Package natbib Warning: Citation `wong2021leveraging' on page 11 undefined on i
nput line 432.


Package natbib Warning: Citation `wong2021leveraging' on page 11 undefined on i
nput line 432.


Package natbib Warning: Citation `wong2021leveraging' on page 11 undefined on i
nput line 432.


LaTeX Font Warning: Command \small invalid in math mode on input line 434.


Overfull \hbox (11.00745pt too wide) detected at line 435
[] []\OMS/cmsy/m/n/10 jj\OML/cmm/m/it/10 h\OT1/cmr/m/n/10 (\OT1/cmr/bx/n/10 x\O
T1/cmr/m/n/10 )[]\OT1/cmr/bx/n/10 w \OT1/cmr/m/n/10 + \OML/cmm/m/it/10 w[] \OMS
/cmsy/m/n/10 ^^@ \OML/cmm/m/it/10 y\OMS/cmsy/m/n/10 jj[] ^^@ \OML/cmm/m/it/10 ^
^U [] ;
 []


Package natbib Warning: Citation `wong2021leveraging' on page 11 undefined on i
nput line 437.


Package natbib Warning: Citation `wong2021leveraging' on page 11 undefined on i
nput line 437.

(tables/cifar10_full_densenet.tex

Package natbib Warning: Citation `hendrycks2016baseline' on page 11 undefined o
n input line 40.


Package natbib Warning: Citation `liang2018enhancing' on page 11 undefined on i
nput line 40.


Package natbib Warning: Citation `hsu2020generalized' on page 11 undefined on i
nput line 40.


Package natbib Warning: Citation `liu2020energy' on page 11 undefined on input 
line 40.


Package natbib Warning: Citation `sun2021react' on page 11 undefined on input l
ine 40.


Package natbib Warning: Citation `huang2021importance' on page 11 undefined on 
input line 40.


Package natbib Warning: Citation `wei2022mitigating' on page 11 undefined on in
put line 40.


Package natbib Warning: Citation `sun2022dice' on page 11 undefined on input li
ne 40.


Package natbib Warning: Citation `lee2018simple' on page 11 undefined on input 
line 40.


Package natbib Warning: Citation `sun2022knn' on page 11 undefined on input lin
e 40.


Package natbib Warning: Citation `cimpoi2014describing' on page 11 undefined on
 input line 41.


Package natbib Warni