This is pdfTeX, Version 3.141592653-2.6-1.40.25 (MiKTeX 23.5) (preloaded format=pdflatex 2024.1.12)  3 MAR 2024 13:19
entering extended mode
 restricted \write18 enabled.
 %&-line parsing enabled.
**./camera_ready_changed.tex
(camera_ready_changed.tex
LaTeX2e <2023-06-01> patch level 1
L3 programming layer <2023-08-29>
(C:\Users\orfuc\AppData\Local\Programs\MiKTeX\tex/latex/base\article.cls
Document Class: article 2023/05/17 v1.4n Standard LaTeX document class
(C:\Users\orfuc\AppData\Local\Programs\MiKTeX\tex/latex/base\size10.clo
File: size10.clo 2023/05/17 v1.4n Standard LaTeX file (size option)
)
\c@part=\count185
\c@section=\count186
\c@subsection=\count187
\c@subsubsection=\count188
\c@paragraph=\count189
\c@subparagraph=\count190
\c@figure=\count191
\c@table=\count192
\abovecaptionskip=\skip48
\belowcaptionskip=\skip49
\bibindent=\dimen140
)
(aaai24.sty
Package: aaai24 2023/06/26 AAAI 2024 Submission format

Conference Style for AAAI for LaTeX 2e -- version for submission
\titlebox=\skip50
) (C:\Users\orfuc\AppData\Local\Programs\MiKTeX\tex/latex/psnfss\times.sty
Package: times 2020/03/25 PSNFSS-v9.3 (SPQR) 
)
(C:\Users\orfuc\AppData\Local\Programs\MiKTeX\tex/latex/psnfss\helvet.sty
Package: helvet 2020/03/25 PSNFSS-v9.3 (WaS) 

(C:\Users\orfuc\AppData\Local\Programs\MiKTeX\tex/latex/graphics\keyval.sty
Package: keyval 2022/05/29 v1.15 key=value parser (DPC)
\KV@toks@=\toks17
))
(C:\Users\orfuc\AppData\Local\Programs\MiKTeX\tex/latex/psnfss\courier.sty
Package: courier 2020/03/25 PSNFSS-v9.3 (WaS) 
)
(C:\Users\orfuc\AppData\Local\Programs\MiKTeX\tex/latex/url\url.sty
\Urlmuskip=\muskip16
Package: url 2013/09/16  ver 3.4  Verb mode for urls, etc.
)
(C:\Users\orfuc\AppData\Local\Programs\MiKTeX\tex/latex/graphics\graphicx.sty
Package: graphicx 2021/09/16 v1.2d Enhanced LaTeX Graphics (DPC,SPQR)

(C:\Users\orfuc\AppData\Local\Programs\MiKTeX\tex/latex/graphics\graphics.sty
Package: graphics 2022/03/10 v1.4e Standard LaTeX Graphics (DPC,SPQR)

(C:\Users\orfuc\AppData\Local\Programs\MiKTeX\tex/latex/graphics\trig.sty
Package: trig 2021/08/11 v1.11 sin cos tan (DPC)
)
(C:\Users\orfuc\AppData\Local\Programs\MiKTeX\tex/latex/graphics-cfg\graphics.c
fg
File: graphics.cfg 2016/06/04 v1.11 sample graphics configuration
)
Package graphics Info: Driver file: pdftex.def on input line 107.

(C:\Users\orfuc\AppData\Local\Programs\MiKTeX\tex/latex/graphics-def\pdftex.def
File: pdftex.def 2022/09/22 v1.2b Graphics/color driver for pdftex
))
\Gin@req@height=\dimen141
\Gin@req@width=\dimen142
) (C:\Users\orfuc\AppData\Local\Programs\MiKTeX\tex/latex/natbib\natbib.sty
Package: natbib 2010/09/13 8.31b (PWD, AO)
\bibhang=\skip51
\bibsep=\skip52
LaTeX Info: Redefining \cite on input line 694.
\c@NAT@ctr=\count193
)
(C:\Users\orfuc\AppData\Local\Programs\MiKTeX\tex/latex/caption\caption.sty
Package: caption 2023/07/31 v3.6n Customizing captions (AR)

(C:\Users\orfuc\AppData\Local\Programs\MiKTeX\tex/latex/caption\caption3.sty
Package: caption3 2023/07/31 v2.4d caption3 kernel (AR)
\caption@tempdima=\dimen143
\captionmargin=\dimen144
\caption@leftmargin=\dimen145
\caption@rightmargin=\dimen146
\caption@width=\dimen147
\caption@indent=\dimen148
\caption@parindent=\dimen149
\caption@hangindent=\dimen150
Package caption Info: Standard document class detected.
)
\c@caption@flags=\count194
\c@continuedfloat=\count195
)
(math_commands.tex
(C:\Users\orfuc\AppData\Local\Programs\MiKTeX\tex/latex/amsmath\amsmath.sty
Package: amsmath 2023/05/13 v2.17o AMS math features
\@mathmargin=\skip53

For additional information on amsmath, use the `?' option.
(C:\Users\orfuc\AppData\Local\Programs\MiKTeX\tex/latex/amsmath\amstext.sty
Package: amstext 2021/08/26 v2.01 AMS text

(C:\Users\orfuc\AppData\Local\Programs\MiKTeX\tex/latex/amsmath\amsgen.sty
File: amsgen.sty 1999/11/30 v2.0 generic functions
\@emptytoks=\toks18
\ex@=\dimen151
))
(C:\Users\orfuc\AppData\Local\Programs\MiKTeX\tex/latex/amsmath\amsbsy.sty
Package: amsbsy 1999/11/29 v1.2d Bold Symbols
\pmbraise@=\dimen152
)
(C:\Users\orfuc\AppData\Local\Programs\MiKTeX\tex/latex/amsmath\amsopn.sty
Package: amsopn 2022/04/08 v2.04 operator names
)
\inf@bad=\count196
LaTeX Info: Redefining \frac on input line 234.
\uproot@=\count197
\leftroot@=\count198
LaTeX Info: Redefining \overline on input line 399.
LaTeX Info: Redefining \colon on input line 410.
\classnum@=\count199
\DOTSCASE@=\count266
LaTeX Info: Redefining \ldots on input line 496.
LaTeX Info: Redefining \dots on input line 499.
LaTeX Info: Redefining \cdots on input line 620.
\Mathstrutbox@=\box51
\strutbox@=\box52
LaTeX Info: Redefining \big on input line 722.
LaTeX Info: Redefining \Big on input line 723.
LaTeX Info: Redefining \bigg on input line 724.
LaTeX Info: Redefining \Bigg on input line 725.
\big@size=\dimen153
LaTeX Font Info:    Redeclaring font encoding OML on input line 743.
LaTeX Font Info:    Redeclaring font encoding OMS on input line 744.
\macc@depth=\count267
LaTeX Info: Redefining \bmod on input line 905.
LaTeX Info: Redefining \pmod on input line 910.
LaTeX Info: Redefining \smash on input line 940.
LaTeX Info: Redefining \relbar on input line 970.
LaTeX Info: Redefining \Relbar on input line 971.
\c@MaxMatrixCols=\count268
\dotsspace@=\muskip17
\c@parentequation=\count269
\dspbrk@lvl=\count270
\tag@help=\toks19
\row@=\count271
\column@=\count272
\maxfields@=\count273
\andhelp@=\toks20
\eqnshift@=\dimen154
\alignsep@=\dimen155
\tagshift@=\dimen156
\tagwidth@=\dimen157
\totwidth@=\dimen158
\lineht@=\dimen159
\@envbody=\toks21
\multlinegap=\skip54
\multlinetaggap=\skip55
\mathdisplay@stack=\toks22
LaTeX Info: Redefining \[ on input line 2953.
LaTeX Info: Redefining \] on input line 2954.
)
(C:\Users\orfuc\AppData\Local\Programs\MiKTeX\tex/latex/amsfonts\amsfonts.sty
Package: amsfonts 2013/01/14 v3.01 Basic AMSFonts support
\symAMSa=\mathgroup4
\symAMSb=\mathgroup5
LaTeX Font Info:    Redeclaring math symbol \hbar on input line 98.
LaTeX Font Info:    Overwriting math alphabet `\mathfrak' in version `bold'
(Font)                  U/euf/m/n --> U/euf/b/n on input line 106.
)
(C:\Users\orfuc\AppData\Local\Programs\MiKTeX\tex/latex/tools\bm.sty
Package: bm 2022/01/05 v1.2f Bold Symbol Support (DPC/FMi)
\symboldoperators=\mathgroup6
\symboldletters=\mathgroup7
\symboldsymbols=\mathgroup8
Package bm Info: No bold for \OMX/cmex/m/n, using \pmb.
Package bm Info: No bold for \U/msa/m/n, using \pmb.
Package bm Info: No bold for \U/msb/m/n, using \pmb.
LaTeX Font Info:    Redeclaring math alphabet \mathbf on input line 149.
)
LaTeX Font Info:    Overwriting math alphabet `\mathsfit' in version `bold'
(Font)                  OT1/phv/m/sl --> OT1/phv/bx/n on input line 314.
)
(C:\Users\orfuc\AppData\Local\Programs\MiKTeX\tex/latex/amsfonts\amssymb.sty
Package: amssymb 2013/01/14 v3.01 AMS font symbols
)
(C:\Users\orfuc\AppData\Local\Programs\MiKTeX\tex/latex/mathtools\mathtools.sty
Package: mathtools 2022/06/29 v1.29 mathematical typesetting tools
(C:\Users\orfuc\AppData\Local\Programs\MiKTeX\tex/latex/tools\calc.sty
Package: calc 2017/05/25 v4.3 Infix arithmetic (KKT,FJ)
\calc@Acount=\count274
\calc@Bcount=\count275
\calc@Adimen=\dimen160
\calc@Bdimen=\dimen161
\calc@Askip=\skip56
\calc@Bskip=\skip57
LaTeX Info: Redefining \setlength on input line 80.
LaTeX Info: Redefining \addtolength on input line 81.
\calc@Ccount=\count276
\calc@Cskip=\skip58
)
(C:\Users\orfuc\AppData\Local\Programs\MiKTeX\tex/latex/mathtools\mhsetup.sty
Package: mhsetup 2021/03/18 v1.4 programming setup (MH)
)
\g_MT_multlinerow_int=\count277
\l_MT_multwidth_dim=\dimen162
\origjot=\skip59
\l_MT_shortvdotswithinadjustabove_dim=\dimen163
\l_MT_shortvdotswithinadjustbelow_dim=\dimen164
\l_MT_above_intertext_sep=\dimen165
\l_MT_below_intertext_sep=\dimen166
\l_MT_above_shortintertext_sep=\dimen167
\l_MT_below_shortintertext_sep=\dimen168
\xmathstrut@box=\box53
\xmathstrut@dim=\dimen169
) (C:\Users\orfuc\AppData\Local\Programs\MiKTeX\tex/latex/amscls\amsthm.sty
Package: amsthm 2020/05/29 v2.20.6
\thm@style=\toks23
\thm@bodyfont=\toks24
\thm@headfont=\toks25
\thm@notefont=\toks26
\thm@headpunct=\toks27
\thm@preskip=\skip60
\thm@postskip=\skip61
\thm@headsep=\skip62
\dth@everypar=\toks28
)
(C:\Users\orfuc\AppData\Local\Programs\MiKTeX\tex/latex/booktabs\booktabs.sty
Package: booktabs 2020/01/12 v1.61803398 Publication quality tables
\heavyrulewidth=\dimen170
\lightrulewidth=\dimen171
\cmidrulewidth=\dimen172
\belowrulesep=\dimen173
\belowbottomsep=\dimen174
\aboverulesep=\dimen175
\abovetopsep=\dimen176
\cmidrulesep=\dimen177
\cmidrulekern=\dimen178
\defaultaddspace=\dimen179
\@cmidla=\count278
\@cmidlb=\count279
\@aboverulesep=\dimen180
\@belowrulesep=\dimen181
\@thisruleclass=\count280
\@lastruleclass=\count281
\@thisrulewidth=\dimen182
)
(C:\Users\orfuc\AppData\Local\Programs\MiKTeX\tex/latex/algorithms\algorithm.st
y
Package: algorithm 2009/08/24 v0.1 Document Style `algorithm' - floating enviro
nment
 (C:\Users\orfuc\AppData\Local\Programs\MiKTeX\tex/latex/float\float.sty
Package: float 2001/11/08 v1.3d Float enhancements (AL)
\c@float@type=\count282
\float@exts=\toks29
\float@box=\box54
\@float@everytoks=\toks30
\@floatcapt=\box55
)
(C:\Users\orfuc\AppData\Local\Programs\MiKTeX\tex/latex/base\ifthen.sty
Package: ifthen 2022/04/13 v1.1d Standard LaTeX ifthen package (DPC)
)
\@float@every@algorithm=\toks31
\c@algorithm=\count283
)
(C:\Users\orfuc\AppData\Local\Programs\MiKTeX\tex/latex/algorithms\algorithmic.
sty
Package: algorithmic 2009/08/24 v0.1 Document Style `algorithmic'
\c@ALC@unique=\count284
\c@ALC@line=\count285
\c@ALC@rem=\count286
\c@ALC@depth=\count287
\ALC@tlm=\skip63
\algorithmicindent=\skip64
)
(C:\Users\orfuc\AppData\Local\Programs\MiKTeX\tex/latex/caption\subcaption.sty
Package: subcaption 2023/07/28 v1.6b Sub-captions (AR)
Package caption Info: New subtype `subfigure' on input line 238.
\c@subfigure=\count288
Package caption Info: New subtype `subtable' on input line 238.
\c@subtable=\count289
)
(C:\Users\orfuc\AppData\Local\Programs\MiKTeX\tex/latex/extarrows\extarrows.sty
Package: extarrows 2020/03/12 v1.2.0 Some extensible arrows
) (C:\Users\orfuc\AppData\Local\Programs\MiKTeX\tex/latex/multirow\multirow.sty
Package: multirow 2021/03/15 v2.8 Span multiple rows of a table
\multirow@colwidth=\skip65
\multirow@cntb=\count290
\multirow@dima=\skip66
\bigstrutjot=\dimen183
) (C:\Users\orfuc\AppData\Local\Programs\MiKTeX\tex/latex/makecell\makecell.sty
Package: makecell 2009/08/03 V0.1e Managing of Tab Column Heads and Cells
(C:\Users\orfuc\AppData\Local\Programs\MiKTeX\tex/latex/tools\array.sty
Package: array 2022/09/04 v2.5g Tabular extension package (FMi)
\col@sep=\dimen184
\ar@mcellbox=\box56
\extrarowheight=\dimen185
\NC@list=\toks32
\extratabsurround=\skip67
\backup@length=\skip68
\ar@cellbox=\box57
)
\rotheadsize=\dimen186
\c@nlinenum=\count291
\TeXr@lab=\toks33
)
(C:\Users\orfuc\AppData\Local\Programs\MiKTeX\tex/latex/enumitem\enumitem.sty
Package: enumitem 2019/06/20 v3.9 Customized lists
\labelindent=\skip69
\enit@outerparindent=\dimen187
\enit@toks=\toks34
\enit@inbox=\box58
\enit@count@id=\count292
\enitdp@description=\count293
)
(C:\Users\orfuc\AppData\Local\Programs\MiKTeX\tex/latex/psnfss\pifont.sty
Package: pifont 2020/03/25 PSNFSS-v9.3 Pi font support (SPQR) 
LaTeX Font Info:    Trying to load font information for U+pzd on input line 63.


(C:\Users\orfuc\AppData\Local\Programs\MiKTeX\tex/latex/psnfss\upzd.fd
File: upzd.fd 2001/06/04 font definitions for U/pzd.
)
LaTeX Font Info:    Trying to load font information for U+psy on input line 64.


(C:\Users\orfuc\AppData\Local\Programs\MiKTeX\tex/latex/psnfss\upsy.fd
File: upsy.fd 2001/06/04 font definitions for U/psy.
))
(pream_bm.tex
\c@prop=\count294
\c@cor=\count295
\c@lm=\count296
\c@thm=\count297
\c@fact=\count298
\c@examp=\count299
\c@defn=\count300
\c@alg=\count301
\c@prob=\count302
)
(C:\Users\orfuc\AppData\Local\Programs\MiKTeX\tex/latex/chngcntr\chngcntr.sty
Package: chngcntr 2018/04/09 v1.1a change counter resetting
Package chngcntr Info: \counterwithout already defined.
(chngcntr)             Quitting chngcntr on input line 21.
)
\c@theorem=\count303

(C:\Users\orfuc\AppData\Local\Programs\MiKTeX\tex/latex/newfloat\newfloat.sty
Package: newfloat 2019/09/02 v1.1l Defining new floating environments (AR)
)
(C:\Users\orfuc\AppData\Local\Programs\MiKTeX\tex/latex/listings\listings.sty
\lst@mode=\count304
\lst@gtempboxa=\box59
\lst@token=\toks35
\lst@length=\count305
\lst@currlwidth=\dimen188
\lst@column=\count306
\lst@pos=\count307
\lst@lostspace=\dimen189
\lst@width=\dimen190
\lst@newlines=\count308
\lst@lineno=\count309
\lst@maxwidth=\dimen191

(C:\Users\orfuc\AppData\Local\Programs\MiKTeX\tex/latex/listings\lstmisc.sty
File: lstmisc.sty 2023/02/27 1.9 (Carsten Heinz)
\c@lstnumber=\count310
\lst@skipnumbers=\count311
\lst@framebox=\box60
)
(C:\Users\orfuc\AppData\Local\Programs\MiKTeX\tex/latex/listings\listings.cfg
File: listings.cfg 2023/02/27 1.9 listings configuration
))
Package: listings 2023/02/27 1.9 (Carsten Heinz)
\@float@every@listing=\toks36
\c@listing=\count312
(C:\Users\orfuc\AppData\Local\Programs\MiKTeX\tex/latex/natbib\bibentry.sty
Package: bibentry 2007/10/30 1.5 (PWD)
)
LaTeX Font Info:    Trying to load font information for OT1+ptm on input line 1
39.

(C:\Users\orfuc\AppData\Local\Programs\MiKTeX\tex/latex/psnfss\ot1ptm.fd
File: ot1ptm.fd 2001/06/04 font definitions for OT1/ptm.
)
(C:\Users\orfuc\AppData\Local\Programs\MiKTeX\tex/latex/l3backend\l3backend-pdf
tex.def
File: l3backend-pdftex.def 2023-04-19 L3 backend support: PDF output (pdfTeX)
\l__color_backend_stack_int=\count313
\l__pdf_internal_box=\box61
) (camera_ready_changed.aux)
\openout1 = `camera_ready_changed.aux'.

LaTeX Font Info:    Checking defaults for OML/cmm/m/it on input line 139.
LaTeX Font Info:    ... okay on input line 139.
LaTeX Font Info:    Checking defaults for OMS/cmsy/m/n on input line 139.
LaTeX Font Info:    ... okay on input line 139.
LaTeX Font Info:    Checking defaults for OT1/cmr/m/n on input line 139.
LaTeX Font Info:    ... okay on input line 139.
LaTeX Font Info:    Checking defaults for T1/cmr/m/n on input line 139.
LaTeX Font Info:    ... okay on input line 139.
LaTeX Font Info:    Checking defaults for TS1/cmr/m/n on input line 139.
LaTeX Font Info:    ... okay on input line 139.
LaTeX Font Info:    Checking defaults for OMX/cmex/m/n on input line 139.
LaTeX Font Info:    ... okay on input line 139.
LaTeX Font Info:    Checking defaults for U/cmr/m/n on input line 139.
LaTeX Font Info:    ... okay on input line 139.

(C:\Users\orfuc\AppData\Local\Programs\MiKTeX\tex/context/base/mkii\supp-pdf.mk
ii
[Loading MPS to PDF converter (version 2006.09.02).]
\scratchcounter=\count314
\scratchdimen=\dimen192
\scratchbox=\box62
\nofMPsegments=\count315
\nofMParguments=\count316
\everyMPshowfont=\toks37
\MPscratchCnt=\count317
\MPscratchDim=\dimen193
\MPnumerator=\count318
\makeMPintoPDFobject=\count319
\everyMPtoPDFconversion=\toks38
)
(C:\Users\orfuc\AppData\Local\Programs\MiKTeX\tex/latex/epstopdf-pkg\epstopdf-b
ase.sty
Package: epstopdf-base 2020-01-24 v2.11 Base part for package epstopdf
Package epstopdf-base Info: Redefining graphics rule for `.eps' on input line 4
85.

(C:\Users\orfuc\AppData\Local\Programs\MiKTeX\tex/latex/00miktex\epstopdf-sys.c
fg
File: epstopdf-sys.cfg 2021/03/18 v2.0 Configuration of epstopdf for MiKTeX
))
Package caption Info: Begin \AtBeginDocument code.
Package caption Info: float package is loaded.
Package caption Info: listings package is loaded.
Package caption Info: End \AtBeginDocument code.
Package newfloat Info: `float' package detected.
\c@lstlisting=\count320
\c@eqfn=\count321
\titlearea=\box63
LaTeX Font Info:    Trying to load font information for U+msa on input line 142
.
 (C:\Users\orfuc\AppData\Local\Programs\MiKTeX\tex/latex/amsfonts\umsa.fd
File: umsa.fd 2013/01/14 v3.01 AMS symbols A
)
LaTeX Font Info:    Trying to load font information for U+msb on input line 142
.

(C:\Users\orfuc\AppData\Local\Programs\MiKTeX\tex/latex/amsfonts\umsb.fd
File: umsb.fd 2013/01/14 v3.01 AMS symbols B
)
LaTeX Font Info:    Trying to load font information for OMS+ptm on input line 1
42.

(C:\Users\orfuc\AppData\Local\Programs\MiKTeX\tex/latex/psnfss\omsptm.fd
File: omsptm.fd 
)
LaTeX Font Info:    Font shape `OMS/ptm/m/n' in size <10> not available
(Font)              Font shape `OMS/cmsy/m/n' tried instead on input line 142.
\actualheight=\skip70
LaTeX Font Info:    Trying to load font information for TS1+ptm on input line 1
42.

(C:\Users\orfuc\AppData\Local\Programs\MiKTeX\tex/latex/psnfss\ts1ptm.fd
File: ts1ptm.fd 2001/06/04 font definitions for TS1/ptm.
)
LaTeX Font Info:    Trying to load font information for OT1+phv on input line 1
45.

(C:\Users\orfuc\AppData\Local\Programs\MiKTeX\tex/latex/psnfss\ot1phv.fd
File: ot1phv.fd 2020/03/25 scalable font definitions for OT1/phv.
)

Package natbib Warning: Citation `kipf2017semi' on page 1 undefined on input li
ne 154.


Package natbib Warning: Citation `velivckovic2018graph' on page 1 undefined on 
input line 154.


Package natbib Warning: Citation `wu2019simplifying' on page 1 undefined on inp
ut line 154.


Package natbib Warning: Citation `ling2023graph' on page 1 undefined on input l
ine 154.


Package natbib Warning: Citation `han2022g' on page 1 undefined on input line 1
54.


Package natbib Warning: Citation `han2022geometric' on page 1 undefined on inpu
t line 154.


Package natbib Warning: Citation `hamilton2017inductive' on page 1 undefined on
 input line 154.


Package natbib Warning: Citation `hamaguchi2017knowledge' on page 1 undefined o
n input line 154.


Package natbib Warning: Citation `ying2018graph' on page 1 undefined on input l
ine 154.


Package natbib Warning: Citation `dai2021say' on page 1 undefined on input line
 154.


Package natbib Warning: Citation `mehrabi2021survey' on page 1 undefined on inp
ut line 155.


Package natbib Warning: Citation `suresh2019framework' on page 1 undefined on i
nput line 155.


Underfull \hbox (badness 3536) in paragraph at lines 154--156
\OT1/ptm/m/n/10 Graph neu-ral net-works (GNNs) (\OT1/ptm/b/n/10 ??????\OT1/ptm/
m/n/10 ) are widely
 []


Package natbib Warning: Citation `kose2021fairness' on page 1 undefined on inpu
t line 158.


Package natbib Warning: Citation `dong2022edits' on page 1 undefined on input l
ine 158.


Package natbib Warning: Citation `jiang2022generalized' on page 1 undefined on 
input line 158.


Package natbib Warning: Citation `dai2021say' on page 1 undefined on input line
 158.


Package natbib Warning: Citation `Zhu:2020vf' on page 1 undefined on input line
 158.


Package natbib Warning: Citation `zhu2021graph' on page 1 undefined on input li
ne 158.


Package natbib Warning: Citation `agarwal2021towards' on page 1 undefined on in
put line 158.


Package natbib Warning: Citation `ling2023learning' on page 1 undefined on inpu
t line 158.


Package natbib Warning: Citation `dai2021say' on page 1 undefined on input line
 158.


Package natbib Warning: Citation `ma2021unified' on page 1 undefined on input l
ine 164.


Package natbib Warning: Citation `zhu2021graph' on page 1 undefined on input li
ne 164.

[1{C:/Users/orfuc/AppData/Local/MiKTeX/fonts/map/pdftex/pdftex.map}{C:/Users/or
fuc/AppData/Local/Programs/MiKTeX/fonts/enc/dvips/base/8r.enc}



]
Underfull \hbox (badness 1960) in paragraph at lines 171--173
\OT1/ptm/m/n/10 Ad-di-tion-ally, we in-tro-duce an ac-cel-er-a-tion method
 []


Package natbib Warning: Citation `ma2021unified' on page 2 undefined on input l
ine 185.


Package natbib Warning: Citation `zhu2021interpreting' on page 2 undefined on i
nput line 185.


Package natbib Warning: Citation `ma2021unified' on page 2 undefined on input l
ine 188.


Package natbib Warning: Citation `zhu2021interpreting' on page 2 undefined on i
nput line 188.


Package natbib Warning: Citation `ma2021unified' on page 2 undefined on input l
ine 190.


Underfull \hbox (badness 4024) in paragraph at lines 190--191
 \OT1/ptm/b/n/10 GAT. \OT1/ptm/m/n/10 Fea-ture ag-gre-ga-tion in GAT ap-plies t
he nor-
 []


Underfull \hbox (badness 10000) in paragraph at lines 190--191
\OT1/ptm/m/n/10 mal-ized at-ten-tion co-ef-fi-cient to com-pute a lin-ear
 []


Underfull \hbox (badness 10000) in paragraph at lines 190--191
\OT1/ptm/m/n/10 com-bi-na-tion of neigh-bor's fea-tures as $\OT1/cmr/bx/n/10 X[
] \OT1/cmr/m/n/10 =
 []


Underfull \hbox (badness 3635) in paragraph at lines 190--191
[][] \OML/cmm/m/it/10 []\OT1/cmr/bx/n/10 X[]$\OT1/ptm/m/n/10 , where $\OML/cmm
/m/it/10 [] \OT1/cmr/m/n/10 = \OML/cmm/m/it/10 softmax[]\OT1/cmr/m/n/10 (\OML/
cmm/m/it/10 e[]\OT1/cmr/m/n/10 )$\OT1/ptm/m/n/10 ,
 []


Overfull \hbox (18.94681pt too wide) in alignment at lines 191--193
 [][][] []
 []


Underfull \hbox (badness 3260) in paragraph at lines 196--197
 \OT1/ptm/b/n/10 PPNP / APPNP. \OT1/ptm/m/n/10 Fea-ture ag-gre-ga-tion in PPNP 
and
 []

[2]

Package natbib Warning: Citation `xu2018representation' on page 3 undefined on 
input line 228.


Package natbib Warning: Citation `ma2021unified' on page 3 undefined on input l
ine 230.


Overfull \hbox (26.921pt too wide) in alignment at lines 232--234
 [][][] []
 []


Package natbib Warning: Citation `ma2021unified' on page 3 undefined on input l
ine 236.


Package natbib Warning: Citation `belkin2001laplacian' on page 3 undefined on i
nput line 236.


Package natbib Warning: Citation `kalofolias2016learn' on page 3 undefined on i
nput line 236.


LaTeX Warning: Reference `app:fairnessobj' on page 3 undefined on input line 24
9.


Package natbib Warning: Citation `ma2021unified' on page 3 undefined on input l
ine 253.


Package natbib Warning: Citation `zhu2021interpreting' on page 3 undefined on i
nput line 253.


Package natbib Warning: Citation `ghadimi2014optimal' on page 3 undefined on in
put line 257.


Package natbib Warning: Citation `varma2019vector' on page 3 undefined on input
 line 257.


Package natbib Warning: Citation `rockafellar2015convex' on page 3 undefined on
 input line 257.


Package natbib Warning: Citation `liu2021elastic' on page 3 undefined on input 
line 258.


Package natbib Warning: Citation `rockafellar2015convex' on page 3 undefined on
 input line 259.

[3]

Package natbib Warning: Citation `loris2011generalization' on page 4 undefined 
on input line 269.


Package natbib Warning: Citation `chen2013primal' on page 4 undefined on input 
line 269.


Underfull \hbox (badness 1412) in paragraph at lines 269--270
 \OT1/ptm/b/n/10 Prob-lem So-lu-tion \OT1/ptm/m/n/10 Mo-ti-vated by Prox-i-mal 
Al-ter-nat-ing
 []


Package natbib Warning: Citation `loris2011generalization' on page 4 undefined 
on input line 290.


Underfull \hbox (badness 1168) in paragraph at lines 290--291
\OT1/ptm/m/n/10 an it-er-a-tive al-go-rithm to find the sad-dle point for the
 []


Package natbib Warning: Citation `ma2021unified' on page 4 undefined on input l
ine 302.


Package natbib Warning: Citation `liu2021elastic' on page 4 undefined on input 
line 302.


Overfull \hbox (4.82611pt too wide) in alignment at lines 308--318
 [][][] []
 []

<./figures/fmp_interp.pdf, id=31, 692.5875pt x 421.575pt>
File: ./figures/fmp_interp.pdf Graphic file (type pdf)
<use ./figures/fmp_interp.pdf>
Package pdftex.def Info: ./figures/fmp_interp.pdf  used on input line 324.
(pdftex.def)             Requested size: 227.42392pt x 138.43187pt.

Underfull \hbox (badness 1221) in paragraph at lines 326--326
\OT1/ptm/m/n/10 (fea-ture trans-for-ma-tion), prop-a-ga-tion with skip con-nec-

 []


Overfull \hbox (10.99934pt too wide) in alignment at lines 338--340
 [][][] []
 []


Underfull \hbox (badness 2772) in paragraph at lines 349--351
 \OT1/ptm/b/n/10 FMP In-ter-pre-ta-tion \OT1/ptm/m/n/10 Note that the gra-di-en
t of fair-
 []

[4 <./figures/fmp_interp.pdf>]
Underfull \vbox (badness 10000) has occurred while \output is active []



Package natbib Warning: Citation `dai2021say' on page 5 undefined on input line
 399.


Package natbib Warning: Citation `takac2012data' on page 5 undefined on input l
ine 399.


Package natbib Warning: Citation `louizos2015variational' on page 5 undefined o
n input line 401.


Package natbib Warning: Citation `beutel2017data' on page 5 undefined on input 
line 401.


Package natbib Warning: Citation `kipf2017semi' on page 5 undefined on input li
ne 403.


Package natbib Warning: Citation `velivckovic2018graph' on page 5 undefined on 
input line 403.


Package natbib Warning: Citation `wu2019simplifying' on page 5 undefined on inp
ut line 403.


Package natbib Warning: Citation `klicpera2019predict' on page 5 undefined on i
nput line 403.


Package natbib Warning: Citation `xu2018representation' on page 5 undefined on 
input line 403.


Package natbib Warning: Citation `chuang2021fair' on page 5 undefined on input 
line 403.


LaTeX Warning: Reference `app:fairmixup' on page 5 undefined on input line 403.


<./figures/Tradeoff_all.pdf, id=65, 803.0pt x 386.44376pt>
File: ./figures/Tradeoff_all.pdf Graphic file (type pdf)
<use ./figures/Tradeoff_all.pdf>
Package pdftex.def Info: ./figures/Tradeoff_all.pdf  used on input line 413.
(pdftex.def)             Requested size: 480.59395pt x 231.29016pt.

LaTeX Warning: Reference `table:statistics' on page 5 undefined on input line 4
21.

[5]

Package natbib Warning: Citation `fisher2020debiasing' on page 6 undefined on i
nput line 427.


Package natbib Warning: Citation `chuang2020fair' on page 6 undefined on input 
line 427.


Package natbib Warning: Citation `louppe2017learning' on page 6 undefined on in
put line 427.


Package natbib Warning: Citation `bruna2013spectral' on page 6 undefined on inp
ut line 434.


Package natbib Warning: Citation `defferrard2016convolutional' on page 6 undefi
ned on input line 434.


Package natbib Warning: Citation `henaff2015deep' on page 6 undefined on input 
line 434.


Package natbib Warning: Citation `kipf2017semi' on page 6 undefined on input li
ne 434.


Package natbib Warning: Citation `velivckovic2018graph' on page 6 undefined on 
input line 434.


Package natbib Warning: Citation `hamilton2017inductive' on page 6 undefined on
 input line 434.


Package natbib Warning: Citation `wu2019simplifying' on page 6 undefined on inp
ut line 434.


Package natbib Warning: Citation `klicpera2019predict' on page 6 undefined on i
nput line 434.


Package natbib Warning: Citation `gao2018large' on page 6 undefined on input li
ne 434.


Package natbib Warning: Citation `monti2017geometric' on page 6 undefined on in
put line 434.


Package natbib Warning: Citation `henaff2015deep' on page 6 undefined on input 
line 434.


Package natbib Warning: Citation `zhao2019pairnorm' on page 6 undefined on inpu
t line 434.


Package natbib Warning: Citation `ma2021unified' on page 6 undefined on input l
ine 434.


Package natbib Warning: Citation `zhu2021interpreting' on page 6 undefined on i
nput line 434.


Package natbib Warning: Citation `jiang2022generalized' on page 6 undefined on 
input line 436.


Package natbib Warning: Citation `han2023retiring' on page 6 undefined on input
 line 436.


Package natbib Warning: Citation `jiang2023weight' on page 6 undefined on input
 line 436.


Package natbib Warning: Citation `chuang2020fair' on page 6 undefined on input 
line 436.


Package natbib Warning: Citation `zhang2018mitigating' on page 6 undefined on i
nput line 436.


Package natbib Warning: Citation `du2021fairness' on page 6 undefined on input 
line 436.


Package natbib Warning: Citation `yurochkin2020sensei' on page 6 undefined on i
nput line 436.


Package natbib Warning: Citation `creager2019flexibly' on page 6 undefined on i
nput line 436.


Package natbib Warning: Citation `feldman2015certifying' on page 6 undefined on
 input line 436.


Package natbib Warning: Citation `rahman2019fairwalk' on page 6 undefined on in
put line 436.


Package natbib Warning: Citation `dai2021say' on page 6 undefined on input line
 436.


Package natbib Warning: Citation `bose2019compositional' on page 6 undefined on
 input line 436.


Package natbib Warning: Citation `fisher2020debiasing' on page 6 undefined on i
nput line 436.


Package natbib Warning: Citation `buyl2020debayes' on page 6 undefined on input
 line 436.


Package natbib Warning: Citation `ma2021subgroup' on page 6 undefined on input 
line 436.


Package natbib Warning: Citation `laclau2021all' on page 6 undefined on input l
ine 436.


Package natbib Warning: Citation `li2021dyadic' on page 6 undefined on input li
ne 436.


Package natbib Warning: Citation `agarwal2021towards' on page 6 undefined on in
put line 436.


Package natbib Warning: Citation `kose2021fairness' on page 6 undefined on inpu
t line 436.


Package natbib Warning: Citation `ling2023learning' on page 6 undefined on inpu
t line 436.


Package natbib Warning: Citation `laclau2021all' on page 6 undefined on input l
ine 436.


Package natbib Warning: Citation `li2021dyadic' on page 6 undefined on input li
ne 436.


Package natbib Warning: Citation `dong2021individual' on page 6 undefined on in
put line 436.


Package natbib Warning: Citation `wang2022improving' on page 6 undefined on inp
ut line 436.


Package natbib Warning: Citation `zha2023data' on page 6 undefined on input lin
e 436.

[6] [7 <./figures/Tradeoff_all.pdf>] [8

]
No file camera_ready_changed.bbl.

Package natbib Warning: There were undefined citations.

(camera_ready_changed.aux)
 ***********
LaTeX2e <2023-06-01> patch level 1
L3 programming layer <2023-08-29>
 ***********


LaTeX Warning: There were undefined references.

 ) 
Here is how much of TeX's memory you used:
 9130 strings out of 475247
 137815 string characters out of 5757792
 1947801 words of memory out of 5000000
 30485 multiletter control sequences out of 15000+600000
 601414 words of font info for 131 fonts, out of 8000000 for 9000
 1141 hyphenation exceptions out of 8191
 61i,16n,68p,1684b,365s stack positions out of 10000i,1000n,20000p,200000b,200000s
<C:/Users/orfuc/AppData/Local/Programs/MiKTeX/fonts/type1/public/amsfonts/cm/
cmbx10.pfb><C:/Users/orfuc/AppData/Local/Programs/MiKTeX/fonts/type1/public/ams
fonts/cm/cmbx7.pfb><C:/Users/orfuc/AppData/Local/Programs/MiKTeX/fonts/type1/pu
blic/amsfonts/cm/cmbx9.pfb><C:/Users/orfuc/AppData/Local/Programs/MiKTeX/fonts/
type1/public/amsfonts/cm/cmex10.pfb><C:/Users/orfuc/AppData/Local/Programs/MiKT
eX/fonts/type1/public/amsfonts/cmextra/cmex7.pfb><C:/Users/orfuc/AppData/Local/
Programs/MiKTeX/fonts/type1/public/amsfonts/cm/cmmi10.pfb><C:/Users/orfuc/AppDa
ta/Local/Programs/MiKTeX/fonts/type1/public/amsfonts/cm/cmmi5.pfb><C:/Users/orf
uc/AppData/Local/Programs/MiKTeX/fonts/type1/public/amsfonts/cm/cmmi6.pfb><C:/U
sers/orfuc/AppData/Local/Programs/MiKTeX/fonts/type1/public/amsfonts/cm/cmmi7.p
fb><C:/Users/orfuc/AppData/Local/Programs/MiKTeX/fonts/type1/public/amsfonts/cm
/cmr10.pfb><C:/Users/orfuc/AppData/Local/Programs/MiKTeX/fonts/type1/public/ams
fonts/cm/cmr5.pfb><C:/Users/orfuc/AppData/Local/Programs/MiKTeX/fonts/type1/pub
lic/amsfonts/cm/cmr7.pfb><C:/Users/orfuc/AppData/Local/Programs/MiKTeX/fonts/ty
pe1/public/amsfonts/cm/cmr8.pfb><C:/Users/orfuc/AppData/Local/Programs/MiKTeX/f
onts/type1/public/amsfonts/cm/cmsy10.pfb><C:/Users/orfuc/AppData/Local/Programs
/MiKTeX/fonts/type1/public/amsfonts/cm/cmsy5.pfb><C:/Users/orfuc/AppData/Local/
Programs/MiKTeX/fonts/type1/public/amsfonts/cm/cmsy7.pfb><C:/Users/orfuc/AppDat
a/Local/Programs/MiKTeX/fonts/type1/public/amsfonts/cm/cmsy8.pfb><C:/Users/orfu
c/AppData/Local/Programs/MiKTeX/fonts/type1/public/amsfonts/symbols/msbm10.pfb>
<C:/Users/orfuc/AppData/Local/Programs/MiKTeX/fonts/type1/urw/helvetic/uhvr8a.p
fb><C:/Users/orfuc/AppData/Local/Programs/MiKTeX/fonts/type1/urw/times/utmb8a.p
fb><C:/Users/orfuc/AppData/Local/Programs/MiKTeX/fonts/type1/urw/times/utmr8a.p
fb><C:/Users/orfuc/AppData/Local/Programs/MiKTeX/fonts/type1/urw/times/utmri8a.
pfb><C:/Users/orfuc/AppData/Local/Programs/MiKTeX/fonts/type1/urw/zapfding/uzdr
.pfb>
Output written on camera_ready_changed.pdf (8 pages, 612705 bytes).
PDF statistics:
 189 PDF objects out of 1000 (max. 8388607)
 0 named destinations out of 1000 (max. 500000)
 11 words of extra memory for PDF output out of 10000 (max. 10000000)

