This is pdfTeX, Version 3.141592653-2.6-1.40.25 (MiKTeX 23.10) (preloaded format=pdflatex 2024.1.1)  16 JAN 2024 10:13
entering extended mode
 restricted \write18 enabled.
 %&-line parsing enabled.
**./DHGCN-ready_changed.tex
(DHGCN-ready_changed.tex
LaTeX2e <2023-06-01> patch level 1
L3 programming layer <2023-08-29>
(C:\Users\tal12\AppData\Local\Programs\MiKTeX\tex/latex/base\article.cls
Document Class: article 2023/05/17 v1.4n Standard LaTeX document class
(C:\Users\tal12\AppData\Local\Programs\MiKTeX\tex/latex/base\size10.clo
File: size10.clo 2023/05/17 v1.4n Standard LaTeX file (size option)
)
\c@part=\count185
\c@section=\count186
\c@subsection=\count187
\c@subsubsection=\count188
\c@paragraph=\count189
\c@subparagraph=\count190
\c@figure=\count191
\c@table=\count192
\abovecaptionskip=\skip48
\belowcaptionskip=\skip49
\bibindent=\dimen140
)
(aaai24.sty
Package: aaai24 2023/06/26 AAAI 2024 Submission format

Conference Style for AAAI for LaTeX 2e -- version for submission
\titlebox=\skip50
) (C:\Users\tal12\AppData\Local\Programs\MiKTeX\tex/latex/psnfss\times.sty
Package: times 2020/03/25 PSNFSS-v9.3 (SPQR) 
)
(C:\Users\tal12\AppData\Local\Programs\MiKTeX\tex/latex/psnfss\helvet.sty
Package: helvet 2020/03/25 PSNFSS-v9.3 (WaS) 

(C:\Users\tal12\AppData\Local\Programs\MiKTeX\tex/latex/graphics\keyval.sty
Package: keyval 2022/05/29 v1.15 key=value parser (DPC)
\KV@toks@=\toks17
))
(C:\Users\tal12\AppData\Local\Programs\MiKTeX\tex/latex/psnfss\courier.sty
Package: courier 2020/03/25 PSNFSS-v9.3 (WaS) 
)
(C:\Users\tal12\AppData\Local\Programs\MiKTeX\tex/latex/url\url.sty
\Urlmuskip=\muskip16
Package: url 2013/09/16  ver 3.4  Verb mode for urls, etc.
)
(C:\Users\tal12\AppData\Local\Programs\MiKTeX\tex/latex/graphics\graphicx.sty
Package: graphicx 2021/09/16 v1.2d Enhanced LaTeX Graphics (DPC,SPQR)

(C:\Users\tal12\AppData\Local\Programs\MiKTeX\tex/latex/graphics\graphics.sty
Package: graphics 2022/03/10 v1.4e Standard LaTeX Graphics (DPC,SPQR)

(C:\Users\tal12\AppData\Local\Programs\MiKTeX\tex/latex/graphics\trig.sty
Package: trig 2021/08/11 v1.11 sin cos tan (DPC)
)
(C:\Users\tal12\AppData\Local\Programs\MiKTeX\tex/latex/graphics-cfg\graphics.c
fg
File: graphics.cfg 2016/06/04 v1.11 sample graphics configuration
)
Package graphics Info: Driver file: pdftex.def on input line 107.

(C:\Users\tal12\AppData\Local\Programs\MiKTeX\tex/latex/graphics-def\pdftex.def
File: pdftex.def 2022/09/22 v1.2b Graphics/color driver for pdftex
))
\Gin@req@height=\dimen141
\Gin@req@width=\dimen142
) (C:\Users\tal12\AppData\Local\Programs\MiKTeX\tex/latex/natbib\natbib.sty
Package: natbib 2010/09/13 8.31b (PWD, AO)
\bibhang=\skip51
\bibsep=\skip52
LaTeX Info: Redefining \cite on input line 694.
\c@NAT@ctr=\count193
)
(C:\Users\tal12\AppData\Local\Programs\MiKTeX\tex/latex/caption\caption.sty
Package: caption 2023/08/05 v3.6o Customizing captions (AR)

(C:\Users\tal12\AppData\Local\Programs\MiKTeX\tex/latex/caption\caption3.sty
Package: caption3 2023/07/31 v2.4d caption3 kernel (AR)
\caption@tempdima=\dimen143
\captionmargin=\dimen144
\caption@leftmargin=\dimen145
\caption@rightmargin=\dimen146
\caption@width=\dimen147
\caption@indent=\dimen148
\caption@parindent=\dimen149
\caption@hangindent=\dimen150
Package caption Info: Standard document class detected.
)
\c@caption@flags=\count194
\c@continuedfloat=\count195
)
(C:\Users\tal12\AppData\Local\Programs\MiKTeX\tex/latex/algorithms\algorithm.st
y
Package: algorithm 2009/08/24 v0.1 Document Style `algorithm' - floating enviro
nment
 (C:\Users\tal12\AppData\Local\Programs\MiKTeX\tex/latex/float\float.sty
Package: float 2001/11/08 v1.3d Float enhancements (AL)
\c@float@type=\count196
\float@exts=\toks18
\float@box=\box51
\@float@everytoks=\toks19
\@floatcapt=\box52
)
(C:\Users\tal12\AppData\Local\Programs\MiKTeX\tex/latex/base\ifthen.sty
Package: ifthen 2022/04/13 v1.1d Standard LaTeX ifthen package (DPC)
)
\@float@every@algorithm=\toks20
\c@algorithm=\count197
)
(C:\Users\tal12\AppData\Local\Programs\MiKTeX\tex/latex/algorithms\algorithmic.
sty
Package: algorithmic 2009/08/24 v0.1 Document Style `algorithmic'
\c@ALC@unique=\count198
\c@ALC@line=\count199
\c@ALC@rem=\count266
\c@ALC@depth=\count267
\ALC@tlm=\skip53
\algorithmicindent=\skip54
)
(C:\Users\tal12\AppData\Local\Programs\MiKTeX\tex/latex/makecell\makecell.sty
Package: makecell 2009/08/03 V0.1e Managing of Tab Column Heads and Cells

(C:\Users\tal12\AppData\Local\Programs\MiKTeX\tex/latex/tools\array.sty
Package: array 2022/09/04 v2.5g Tabular extension package (FMi)
\col@sep=\dimen151
\ar@mcellbox=\box53
\extrarowheight=\dimen152
\NC@list=\toks21
\extratabsurround=\skip55
\backup@length=\skip56
\ar@cellbox=\box54
)
\rotheadsize=\dimen153
\c@nlinenum=\count268
\TeXr@lab=\toks22
)
(C:\Users\tal12\AppData\Local\Programs\MiKTeX\tex/latex/newfloat\newfloat.sty
Package: newfloat 2023/10/01 v1.2 Defining new floating environments (AR)
)
(C:\Users\tal12\AppData\Local\Programs\MiKTeX\tex/latex/listings\listings.sty
\lst@mode=\count269
\lst@gtempboxa=\box55
\lst@token=\toks23
\lst@length=\count270
\lst@currlwidth=\dimen154
\lst@column=\count271
\lst@pos=\count272
\lst@lostspace=\dimen155
\lst@width=\dimen156
\lst@newlines=\count273
\lst@lineno=\count274
\lst@maxwidth=\dimen157

(C:\Users\tal12\AppData\Local\Programs\MiKTeX\tex/latex/listings\lstmisc.sty
File: lstmisc.sty 2023/02/27 1.9 (Carsten Heinz)
\c@lstnumber=\count275
\lst@skipnumbers=\count276
\lst@framebox=\box56
)
(C:\Users\tal12\AppData\Local\Programs\MiKTeX\tex/latex/listings\listings.cfg
File: listings.cfg 2023/02/27 1.9 listings configuration
))
Package: listings 2023/02/27 1.9 (Carsten Heinz)
\@float@every@listing=\toks24
\c@listing=\count277
(C:\Users\tal12\AppData\Local\Programs\MiKTeX\tex/latex/booktabs\booktabs.sty
Package: booktabs 2020/01/12 v1.61803398 Publication quality tables
\heavyrulewidth=\dimen158
\lightrulewidth=\dimen159
\cmidrulewidth=\dimen160
\belowrulesep=\dimen161
\belowbottomsep=\dimen162
\aboverulesep=\dimen163
\abovetopsep=\dimen164
\cmidrulesep=\dimen165
\cmidrulekern=\dimen166
\defaultaddspace=\dimen167
\@cmidla=\count278
\@cmidlb=\count279
\@aboverulesep=\dimen168
\@belowrulesep=\dimen169
\@thisruleclass=\count280
\@lastruleclass=\count281
\@thisrulewidth=\dimen170
)
(C:\Users\tal12\AppData\Local\Programs\MiKTeX\tex/latex/arydshln\arydshln.sty
Package: arydshln 2019/02/21 v1.76 
\dashlinedash=\dimen171
\dashlinegap=\dimen172
\adl@box=\box57
\adl@height=\dimen173
\adl@heightsave=\dimen174
\adl@depth=\dimen175
\adl@depthsave=\dimen176
\adl@finaldepth=\dimen177
\adl@columns=\count282
\adl@ncol=\count283
\adl@currentcolumn=\count284
\adl@currentcolumnsave=\count285
\adl@totalheight=\count286
\adl@totalheightsave=\count287
\adl@dash=\count288
\adl@gap=\count289
\adl@cla=\count290
\adl@clb=\count291
\adl@everyvbox=\toks25
\adl@LTpagetotal=\dimen178
)
(C:\Users\tal12\AppData\Local\Programs\MiKTeX\tex/latex/bbding\bbding.sty
Package: bbding 1999/04/15 v1.01 Dingbats symbols
)
(C:\Users\tal12\AppData\Local\Programs\MiKTeX\tex/latex/multirow\multirow.sty
Package: multirow 2021/03/15 v2.8 Span multiple rows of a table
\multirow@colwidth=\skip57
\multirow@cntb=\count292
\multirow@dima=\skip58
\bigstrutjot=\dimen179
)
(C:\Users\tal12\AppData\Local\Programs\MiKTeX\tex/latex/psnfss\pifont.sty
Package: pifont 2020/03/25 PSNFSS-v9.3 Pi font support (SPQR) 
LaTeX Font Info:    Trying to load font information for U+pzd on input line 63.


(C:\Users\tal12\AppData\Local\Programs\MiKTeX\tex/latex/psnfss\upzd.fd
File: upzd.fd 2001/06/04 font definitions for U/pzd.
)
LaTeX Font Info:    Trying to load font information for U+psy on input line 64.


(C:\Users\tal12\AppData\Local\Programs\MiKTeX\tex/latex/psnfss\upsy.fd
File: upsy.fd 2001/06/04 font definitions for U/psy.
))
(C:\Users\tal12\AppData\Local\Programs\MiKTeX\tex/latex/amsmath\amsmath.sty
Package: amsmath 2023/05/13 v2.17o AMS math features
\@mathmargin=\skip59

For additional information on amsmath, use the `?' option.
(C:\Users\tal12\AppData\Local\Programs\MiKTeX\tex/latex/amsmath\amstext.sty
Package: amstext 2021/08/26 v2.01 AMS text

(C:\Users\tal12\AppData\Local\Programs\MiKTeX\tex/latex/amsmath\amsgen.sty
File: amsgen.sty 1999/11/30 v2.0 generic functions
\@emptytoks=\toks26
\ex@=\dimen180
))
(C:\Users\tal12\AppData\Local\Programs\MiKTeX\tex/latex/amsmath\amsbsy.sty
Package: amsbsy 1999/11/29 v1.2d Bold Symbols
\pmbraise@=\dimen181
)
(C:\Users\tal12\AppData\Local\Programs\MiKTeX\tex/latex/amsmath\amsopn.sty
Package: amsopn 2022/04/08 v2.04 operator names
)
\inf@bad=\count293
LaTeX Info: Redefining \frac on input line 234.
\uproot@=\count294
\leftroot@=\count295
LaTeX Info: Redefining \overline on input line 399.
LaTeX Info: Redefining \colon on input line 410.
\classnum@=\count296
\DOTSCASE@=\count297
LaTeX Info: Redefining \ldots on input line 496.
LaTeX Info: Redefining \dots on input line 499.
LaTeX Info: Redefining \cdots on input line 620.
\Mathstrutbox@=\box58
\strutbox@=\box59
LaTeX Info: Redefining \big on input line 722.
LaTeX Info: Redefining \Big on input line 723.
LaTeX Info: Redefining \bigg on input line 724.
LaTeX Info: Redefining \Bigg on input line 725.
\big@size=\dimen182
LaTeX Font Info:    Redeclaring font encoding OML on input line 743.
LaTeX Font Info:    Redeclaring font encoding OMS on input line 744.
\macc@depth=\count298
LaTeX Info: Redefining \bmod on input line 905.
LaTeX Info: Redefining \pmod on input line 910.
LaTeX Info: Redefining \smash on input line 940.
LaTeX Info: Redefining \relbar on input line 970.
LaTeX Info: Redefining \Relbar on input line 971.
\c@MaxMatrixCols=\count299
\dotsspace@=\muskip17
\c@parentequation=\count300
\dspbrk@lvl=\count301
\tag@help=\toks27
\row@=\count302
\column@=\count303
\maxfields@=\count304
\andhelp@=\toks28
\eqnshift@=\dimen183
\alignsep@=\dimen184
\tagshift@=\dimen185
\tagwidth@=\dimen186
\totwidth@=\dimen187
\lineht@=\dimen188
\@envbody=\toks29
\multlinegap=\skip60
\multlinetaggap=\skip61
\mathdisplay@stack=\toks30
LaTeX Info: Redefining \[ on input line 2953.
LaTeX Info: Redefining \] on input line 2954.
)
(C:\Users\tal12\AppData\Local\Programs\MiKTeX\tex/latex/amsfonts\amsfonts.sty
Package: amsfonts 2013/01/14 v3.01 Basic AMSFonts support
\symAMSa=\mathgroup4
\symAMSb=\mathgroup5
LaTeX Font Info:    Redeclaring math symbol \hbar on input line 98.
LaTeX Font Info:    Overwriting math alphabet `\mathfrak' in version `bold'
(Font)                  U/euf/m/n --> U/euf/b/n on input line 106.
)
LaTeX Font Info:    Trying to load font information for OT1+ptm on input line 1
34.

(C:\Users\tal12\AppData\Local\Programs\MiKTeX\tex/latex/psnfss\ot1ptm.fd
File: ot1ptm.fd 2001/06/04 font definitions for OT1/ptm.
)
(C:\Users\tal12\AppData\Local\Programs\MiKTeX\tex/latex/l3backend\l3backend-pdf
tex.def
File: l3backend-pdftex.def 2023-04-19 L3 backend support: PDF output (pdfTeX)
\l__color_backend_stack_int=\count305
\l__pdf_internal_box=\box60
) (DHGCN-ready_changed.aux)
\openout1 = `DHGCN-ready_changed.aux'.

LaTeX Font Info:    Checking defaults for OML/cmm/m/it on input line 134.
LaTeX Font Info:    ... okay on input line 134.
LaTeX Font Info:    Checking defaults for OMS/cmsy/m/n on input line 134.
LaTeX Font Info:    ... okay on input line 134.
LaTeX Font Info:    Checking defaults for OT1/cmr/m/n on input line 134.
LaTeX Font Info:    ... okay on input line 134.
LaTeX Font Info:    Checking defaults for T1/cmr/m/n on input line 134.
LaTeX Font Info:    ... okay on input line 134.
LaTeX Font Info:    Checking defaults for TS1/cmr/m/n on input line 134.
LaTeX Font Info:    ... okay on input line 134.
LaTeX Font Info:    Checking defaults for OMX/cmex/m/n on input line 134.
LaTeX Font Info:    ... okay on input line 134.
LaTeX Font Info:    Checking defaults for U/cmr/m/n on input line 134.
LaTeX Font Info:    ... okay on input line 134.

(C:\Users\tal12\AppData\Local\Programs\MiKTeX\tex/context/base/mkii\supp-pdf.mk
ii
[Loading MPS to PDF converter (version 2006.09.02).]
\scratchcounter=\count306
\scratchdimen=\dimen189
\scratchbox=\box61
\nofMPsegments=\count307
\nofMParguments=\count308
\everyMPshowfont=\toks31
\MPscratchCnt=\count309
\MPscratchDim=\dimen190
\MPnumerator=\count310
\makeMPintoPDFobject=\count311
\everyMPtoPDFconversion=\toks32
)
(C:\Users\tal12\AppData\Local\Programs\MiKTeX\tex/latex/epstopdf-pkg\epstopdf-b
ase.sty
Package: epstopdf-base 2020-01-24 v2.11 Base part for package epstopdf
Package epstopdf-base Info: Redefining graphics rule for `.eps' on input line 4
85.

(C:\Users\tal12\AppData\Local\Programs\MiKTeX\tex/latex/00miktex\epstopdf-sys.c
fg
File: epstopdf-sys.cfg 2021/03/18 v2.0 Configuration of epstopdf for MiKTeX
))
Package caption Info: Begin \AtBeginDocument code.
Package caption Info: float package is loaded.
Package caption Info: listings package is loaded.
Package caption Info: End \AtBeginDocument code.
Package newfloat Info: `float' package detected.
\c@lstlisting=\count312
\c@eqfn=\count313
\titlearea=\box62
LaTeX Font Info:    Trying to load font information for U+msa on input line 136
.
 (C:\Users\tal12\AppData\Local\Programs\MiKTeX\tex/latex/amsfonts\umsa.fd
File: umsa.fd 2013/01/14 v3.01 AMS symbols A
)
LaTeX Font Info:    Trying to load font information for U+msb on input line 136
.

(C:\Users\tal12\AppData\Local\Programs\MiKTeX\tex/latex/amsfonts\umsb.fd
File: umsb.fd 2013/01/14 v3.01 AMS symbols B
)
LaTeX Font Info:    Trying to load font information for TS1+ptm on input line 1
36.

(C:\Users\tal12\AppData\Local\Programs\MiKTeX\tex/latex/psnfss\ts1ptm.fd
File: ts1ptm.fd 2001/06/04 font definitions for TS1/ptm.
)
LaTeX Font Info:    Trying to load font information for OMS+ptm on input line 1
36.

(C:\Users\tal12\AppData\Local\Programs\MiKTeX\tex/latex/psnfss\omsptm.fd
File: omsptm.fd 
)
LaTeX Font Info:    Font shape `OMS/ptm/m/n' in size <10> not available
(Font)              Font shape `OMS/cmsy/m/n' tried instead on input line 136.
\actualheight=\skip62
<images/intro_pic.jpg, id=1, 602.1675pt x 454.905pt>
File: images/intro_pic.jpg Graphic file (type jpg)
<use images/intro_pic.jpg>
Package pdftex.def Info: images/intro_pic.jpg  used on input line 148.
(pdftex.def)             Requested size: 183.13676pt x 138.3467pt.


Package natbib Warning: Citation `dgcnn' on page 1 undefined on input line 156.



Package natbib Warning: Citation `wang2019graphattenconv' on page 1 undefined o
n input line 156.


Package natbib Warning: Citation `dgcnn' on page 1 undefined on input line 156.



Package natbib Warning: Citation `wang2019graphattenconv' on page 1 undefined o
n input line 156.


LaTeX Warning: `!h' float specifier changed to `!ht'.


Package natbib Warning: Citation `shi2020pointgnn' on page 1 undefined on input
 line 166.


Package natbib Warning: Citation `de2023iterativepfn' on page 1 undefined on in
put line 166.


Package natbib Warning: Citation `zhang2020pointfilter' on page 1 undefined on 
input line 166.


Package natbib Warning: Citation `defferrard2016convolutional' on page 1 undefi
ned on input line 169.


Package natbib Warning: Citation `chung1997spectral' on page 1 undefined on inp
ut line 169.


Package natbib Warning: Citation `qi20173d' on page 1 undefined on input line 1
70.


Package natbib Warning: Citation `landrieu2018large' on page 1 undefined on inp
ut line 170.


Package natbib Warning: Citation `bi2019graph' on page 1 undefined on input lin
e 170.


Package natbib Warning: Citation `yi2023graph' on page 1 undefined on input lin
e 170.


Package natbib Warning: Citation `dgcnn' on page 1 undefined on input line 171.



Package natbib Warning: Citation `wang2019graphattenconv' on page 1 undefined o
n input line 173.

[1{C:/Users/tal12/AppData/Local/MiKTeX/fonts/map/pdftex/pdftex.map}{C:/Users/ta
l12/AppData/Local/Programs/MiKTeX/fonts/enc/dvips/base/8r.enc}



 <./images/intro_pic.jpg>]
Underfull \hbox (badness 1642) in paragraph at lines 184--192
\OT1/ptm/m/n/10 de-sign the Dy-namic Hop Graph Con-vo-lu-tion Net-work
 []


Underfull \hbox (badness 1043) in paragraph at lines 198--200
\OT1/ptm/m/n/10 Ex-ten-sive ex-per-i-ments show that our self-supervised
 []


Package natbib Warning: Citation `qi2017pointnet' on page 2 undefined on input 
line 205.


Package natbib Warning: Citation `pointnet++' on page 2 undefined on input line
 206.


Package natbib Warning: Citation `wu2021self' on page 2 undefined on input line
 210.


Package natbib Warning: Citation `xie2020pointcontrast' on page 2 undefined on 
input line 211.


Package natbib Warning: Citation `chen20214dcontrast' on page 2 undefined on in
put line 211.


Package natbib Warning: Citation `gao2020graphter' on page 2 undefined on input
 line 211.


Package natbib Warning: Citation `afham2022crosspoint' on page 2 undefined on i
nput line 212.


Package natbib Warning: Citation `yang2018foldingnet' on page 2 undefined on in
put line 213.


Package natbib Warning: Citation `yu2022point' on page 2 undefined on input lin
e 213.


Package natbib Warning: Citation `pang2022masked' on page 2 undefined on input 
line 213.


Package natbib Warning: Citation `wang2021unsupervised' on page 2 undefined on 
input line 214.


Package natbib Warning: Citation `defferrard2016convolutional' on page 2 undefi
ned on input line 218.


Package natbib Warning: Citation `defferrard2016convolutional' on page 2 undefi
ned on input line 218.


Package natbib Warning: Citation `kipf2016semi' on page 2 undefined on input li
ne 218.


Package natbib Warning: Citation `dgcnn' on page 2 undefined on input line 219.



Package natbib Warning: Citation `3dgcn' on page 2 undefined on input line 220.



Package natbib Warning: Citation `adaptconv' on page 2 undefined on input line 
221.


Package natbib Warning: Citation `deepgcns' on page 2 undefined on input line 2
22.

<images/hop_overview.jpg, id=11, 1926.35686pt x 649.7073pt>
File: images/hop_overview.jpg Graphic file (type jpg)
<use images/hop_overview.jpg>
Package pdftex.def Info: images/hop_overview.jpg  used on input line 230.
(pdftex.def)             Requested size: 505.89pt x 170.61516pt.

Package natbib Warning: Citation `pointmlp' on page 2 undefined on input line 2
48.


Package natbib Warning: Citation `vaswani2017attention' on page 2 undefined on 
input line 249.


Package natbib Warning: Citation `gat' on page 2 undefined on input line 250.


Package natbib Warning: Citation `wang2019graphattenconv' on page 2 undefined o
n input line 250.


Package natbib Warning: Citation `guo2021pct' on page 2 undefined on input line
 251.

[2]

Package natbib Warning: Citation `qi2017pointnet' on page 3 undefined on input 
line 280.


Package natbib Warning: Citation `dgcnn' on page 3 undefined on input line 280.



Package natbib Warning: Citation `adaptconv' on page 3 undefined on input line 
280.


Underfull \vbox (badness 1728) has occurred while \output is active []



Package natbib Warning: Citation `dgcnn' on page 3 undefined on input line 299.



Package natbib Warning: Citation `dgcnn' on page 3 undefined on input line 304.



Package natbib Warning: Citation `adaptconv' on page 3 undefined on input line 
305.

[3 <./images/hop_overview.jpg>]
<images/hop_distance.jpg, id=24, 1110.0672pt x 704.6325pt>
File: images/hop_distance.jpg Graphic file (type jpg)
<use images/hop_distance.jpg>
Package pdftex.def Info: images/hop_distance.jpg  used on input line 336.
(pdftex.def)             Requested size: 239.39438pt x 151.95537pt.
<images/atten_pic/airplane_attention_1.png, id=25, 120.45pt x 108.405pt>
File: images/atten_pic/airplane_attention_1.png Graphic file (type png)
<use images/atten_pic/airplane_attention_1.png>
Package pdftex.def Info: images/atten_pic/airplane_attention_1.png  used on inp
ut line 389.
(pdftex.def)             Requested size: 48.56364pt x 43.70694pt.
<images/atten_pic/airplane_attention_2.png, id=27, 120.45pt x 108.405pt>
File: images/atten_pic/airplane_attention_2.png Graphic file (type png)
<use images/atten_pic/airplane_attention_2.png>
Package pdftex.def Info: images/atten_pic/airplane_attention_2.png  used on inp
ut line 394.
(pdftex.def)             Requested size: 48.56364pt x 43.70694pt.
<images/atten_pic/airplane_attention_3.png, id=28, 120.45pt x 108.405pt>
File: images/atten_pic/airplane_attention_3.png Graphic file (type png)
<use images/atten_pic/airplane_attention_3.png>
Package pdftex.def Info: images/atten_pic/airplane_attention_3.png  used on inp
ut line 399.
(pdftex.def)             Requested size: 48.56364pt x 43.70694pt.
<images/atten_pic/chair_attention_1.png, id=29, 120.45pt x 108.405pt>
File: images/atten_pic/chair_attention_1.png Graphic file (type png)
<use images/atten_pic/chair_attention_1.png>
Package pdftex.def Info: images/atten_pic/chair_attention_1.png  used on input 
line 404.
(pdftex.def)             Requested size: 48.56364pt x 43.70694pt.
<images/atten_pic/chair_attention_2.png, id=30, 120.45pt x 108.405pt>
File: images/atten_pic/chair_attention_2.png Graphic file (type png)
<use images/atten_pic/chair_attention_2.png>
Package pdftex.def Info: images/atten_pic/chair_attention_2.png  used on input 
line 409.
(pdftex.def)             Requested size: 48.56364pt x 43.70694pt.
<images/atten_pic/chair_attention_3.png, id=31, 120.45pt x 108.405pt>
File: images/atten_pic/chair_attention_3.png Graphic file (type png)
<use images/atten_pic/chair_attention_3.png>
Package pdftex.def Info: images/atten_pic/chair_attention_3.png  used on input 
line 414.
(pdftex.def)             Requested size: 48.56364pt x 43.70694pt.
<images/atten_pic/airplane_feature_1.png, id=32, 120.45pt x 108.405pt>
File: images/atten_pic/airplane_feature_1.png Graphic file (type png)
<use images/atten_pic/airplane_feature_1.png>
Package pdftex.def Info: images/atten_pic/airplane_feature_1.png  used on input
 line 425.
(pdftex.def)             Requested size: 48.56364pt x 43.70694pt.
<images/atten_pic/airplane_feature_2.png, id=33, 120.45pt x 108.405pt>
File: images/atten_pic/airplane_feature_2.png Graphic file (type png)
<use images/atten_pic/airplane_feature_2.png>
Package pdftex.def Info: images/atten_pic/airplane_feature_2.png  used on input
 line 430.
(pdftex.def)             Requested size: 48.56364pt x 43.70694pt.
<images/atten_pic/airplane_feature_3.png, id=34, 120.45pt x 108.405pt>
File: images/atten_pic/airplane_feature_3.png Graphic file (type png)
<use images/atten_pic/airplane_feature_3.png>
Package pdftex.def Info: images/atten_pic/airplane_feature_3.png  used on input
 line 435.
(pdftex.def)             Requested size: 48.56364pt x 43.70694pt.
<images/atten_pic/chair_feature_1.png, id=35, 120.45pt x 108.405pt>
File: images/atten_pic/chair_feature_1.png Graphic file (type png)
<use images/atten_pic/chair_feature_1.png>
Package pdftex.def Info: images/atten_pic/chair_feature_1.png  used on input li
ne 440.
(pdftex.def)             Requested size: 48.56364pt x 43.70694pt.
<images/atten_pic/chair_feature_2.png, id=36, 120.45pt x 108.405pt>
File: images/atten_pic/chair_feature_2.png Graphic file (type png)
<use images/atten_pic/chair_feature_2.png>
Package pdftex.def Info: images/atten_pic/chair_feature_2.png  used on input li
ne 445.
(pdftex.def)             Requested size: 48.56364pt x 43.70694pt.
<images/atten_pic/chair_feature_3.png, id=37, 120.45pt x 108.405pt>
File: images/atten_pic/chair_feature_3.png Graphic file (type png)
<use images/atten_pic/chair_feature_3.png>
Package pdftex.def Info: images/atten_pic/chair_feature_3.png  used on input li
ne 450.
(pdftex.def)             Requested size: 48.56364pt x 43.70694pt.
<images/atten_pic/dgcnn_airplane_feature_1.png, id=38, 120.45pt x 108.405pt>
File: images/atten_pic/dgcnn_airplane_feature_1.png Graphic file (type png)
<use images/atten_pic/dgcnn_airplane_feature_1.png>
Package pdftex.def Info: images/atten_pic/dgcnn_airplane_feature_1.png  used on
 input line 461.
(pdftex.def)             Requested size: 48.56364pt x 43.70694pt.
<images/atten_pic/dgcnn_airplane_feature_2.png, id=39, 120.45pt x 108.405pt>
File: images/atten_pic/dgcnn_airplane_feature_2.png Graphic file (type png)
<use images/atten_pic/dgcnn_airplane_feature_2.png>
Package pdftex.def Info: images/atten_pic/dgcnn_airplane_feature_2.png  used on
 input line 466.
(pdftex.def)             Requested size: 48.56364pt x 43.70694pt.
<images/atten_pic/dgcnn_airplane_feature_3.png, id=40, 120.45pt x 108.405pt>
File: images/atten_pic/dgcnn_airplane_feature_3.png Graphic file (type png)
<use images/atten_pic/dgcnn_airplane_feature_3.png>
Package pdftex.def Info: images/atten_pic/dgcnn_airplane_feature_3.png  used on
 input line 471.
(pdftex.def)             Requested size: 48.56364pt x 43.70694pt.
<images/atten_pic/dgcnn_chair_feature_1.png, id=41, 120.45pt x 108.405pt>
File: images/atten_pic/dgcnn_chair_feature_1.png Graphic file (type png)
<use images/atten_pic/dgcnn_chair_feature_1.png>
Package pdftex.def Info: images/atten_pic/dgcnn_chair_feature_1.png  used on in
put line 476.
(pdftex.def)             Requested size: 48.56364pt x 43.70694pt.
<images/atten_pic/dgcnn_chair_feature_2.png, id=42, 120.45pt x 108.405pt>
File: images/atten_pic/dgcnn_chair_feature_2.png Graphic file (type png)
<use images/atten_pic/dgcnn_chair_feature_2.png>
Package pdftex.def Info: images/atten_pic/dgcnn_chair_feature_2.png  used on in
put line 481.
(pdftex.def)             Requested size: 48.56364pt x 43.70694pt.
<images/atten_pic/dgcnn_chair_feature_3.png, id=43, 120.45pt x 108.405pt>
File: images/atten_pic/dgcnn_chair_feature_3.png Graphic file (type png)
<use images/atten_pic/dgcnn_chair_feature_3.png>
Package pdftex.def Info: images/atten_pic/dgcnn_chair_feature_3.png  used on in
put line 486.
(pdftex.def)             Requested size: 48.56364pt x 43.70694pt.
<images/atten_pic/color_bar.png, id=44, 108.8868pt x 540.5796pt>
File: images/atten_pic/color_bar.png Graphic file (type png)
<use images/atten_pic/color_bar.png>
Package pdftex.def Info: images/atten_pic/color_bar.png  used on input line 493
.
(pdftex.def)             Requested size: 20.2322pt x 100.44283pt.


Package natbib Warning: Citation `dgcnn' on page 4 undefined on input line 506.



Package natbib Warning: Citation `pointnet++' on page 4 undefined on input line
 506.


Package natbib Warning: Citation `guo2021pct' on page 4 undefined on input line
 506.

[4 <./images/hop_distance.jpg>]

Package natbib Warning: Citation `latentgan' on page 5 undefined on input line 
543.


Package natbib Warning: Citation `yang2018foldingnet' on page 5 undefined on in
put line 543.


Package natbib Warning: Citation `yang2018foldingnet' on page 5 undefined on in
put line 544.


Package natbib Warning: Citation `latentgan' on page 5 undefined on input line 
544.


Package natbib Warning: Citation `zhao20193d' on page 5 undefined on input line
 545.


Package natbib Warning: Citation `zhao20193d' on page 5 undefined on input line
 545.


Package natbib Warning: Citation `han2019view' on page 5 undefined on input lin
e 546.


Package natbib Warning: Citation `hassani2019unsupervised' on page 5 undefined 
on input line 546.


Package natbib Warning: Citation `huang2021spatio' on page 5 undefined on input
 line 547.


Package natbib Warning: Citation `han2019mapvae' on page 5 undefined on input l
ine 547.


Package natbib Warning: Citation `chen2021shape' on page 5 undefined on input l
ine 548.


Package natbib Warning: Citation `gao2020graphter' on page 5 undefined on input
 line 548.


Package natbib Warning: Citation `afham2022crosspoint' on page 5 undefined on i
nput line 549.


Package natbib Warning: Citation `rao2020global' on page 5 undefined on input l
ine 549.


Package natbib Warning: Citation `chang2015shapenet' on page 5 undefined on inp
ut line 563.


Package natbib Warning: Citation `wu20153d' on page 5 undefined on input line 5
63.


Package natbib Warning: Citation `yang2018foldingnet' on page 5 undefined on in
put line 596.


Package natbib Warning: Citation `jiang2023masked' on page 5 undefined on input
 line 597.


Package natbib Warning: Citation `yang2018foldingnet' on page 5 undefined on in
put line 610.

[5 <./images/atten_pic/airplane_attention_1.png> <./images/atten_pic/airplane_a
ttention_2.png> <./images/atten_pic/airplane_attention_3.png> <./images/atten_p
ic/chair_attention_1.png> <./images/atten_pic/chair_attention_2.png> <./images/
atten_pic/chair_attention_3.png> <./images/atten_pic/airplane_feature_1.png> <.
/images/atten_pic/airplane_feature_2.png> <./images/atten_pic/airplane_feature_
3.png> <./images/atten_pic/chair_feature_1.png> <./images/atten_pic/chair_featu
re_2.png> <./images/atten_pic/chair_feature_3.png> <./images/atten_pic/dgcnn_ai
rplane_feature_1.png> <./images/atten_pic/dgcnn_airplane_feature_2.png> <./imag
es/atten_pic/dgcnn_airplane_feature_3.png> <./images/atten_pic/dgcnn_chair_feat
ure_1.png> <./images/atten_pic/dgcnn_chair_feature_2.png> <./images/atten_pic/d
gcnn_chair_feature_3.png> <./images/atten_pic/color_bar.png>]

Package natbib Warning: Citation `uy2019revisiting' on page 6 undefined on inpu
t line 616.


Package natbib Warning: Citation `qi2017pointnet' on page 6 undefined on input 
line 636.


Package natbib Warning: Citation `pointnet++' on page 6 undefined on input line
 637.


Package natbib Warning: Citation `li2018pointcnn' on page 6 undefined on input 
line 638.


Package natbib Warning: Citation `dgcnn' on page 6 undefined on input line 639.



Package natbib Warning: Citation `yu2022point' on page 6 undefined on input lin
e 640.


Package natbib Warning: Citation `pang2022masked' on page 6 undefined on input 
line 641.


Package natbib Warning: Citation `sauder2019self' on page 6 undefined on input 
line 643.


Package natbib Warning: Citation `wang2021unsupervised' on page 6 undefined on 
input line 644.


Package natbib Warning: Citation `huang2021spatio' on page 6 undefined on input
 line 645.


Package natbib Warning: Citation `afham2022crosspoint' on page 6 undefined on i
nput line 646.


Package natbib Warning: Citation `yi2016scalable' on page 6 undefined on input 
line 659.


Underfull \hbox (badness 1112) in paragraph at lines 658--660
[]\OT1/ptm/b/n/10 Part seg-men-ta-tion on ShapeNet Part. \OT1/ptm/m/n/10 We eva
l-u-ate
 []


Package natbib Warning: Citation `qi2017pointnet' on page 6 undefined on input 
line 671.


Package natbib Warning: Citation `pointnet++' on page 6 undefined on input line
 672.


Package natbib Warning: Citation `dgcnn' on page 6 undefined on input line 673.



Package natbib Warning: Citation `thomas2019kpconv' on page 6 undefined on inpu
t line 674.


Package natbib Warning: Citation `xu2021paconv' on page 6 undefined on input li
ne 675.


Package natbib Warning: Citation `yu2022point' on page 6 undefined on input lin
e 676.


Package natbib Warning: Citation `latentgan' on page 6 undefined on input line 
678.


Package natbib Warning: Citation `han2019mapvae' on page 6 undefined on input l
ine 679.


Package natbib Warning: Citation `gao2020graphter' on page 6 undefined on input
 line 680.


Package natbib Warning: Citation `jiang2023unsupervised' on page 6 undefined on
 input line 681.


Package natbib Warning: Citation `li2018so' on page 6 undefined on input line 7
06.


Package natbib Warning: Citation `zhao20193d' on page 6 undefined on input line
 707.


Package natbib Warning: Citation `hassani2019unsupervised' on page 6 undefined 
on input line 708.


Package natbib Warning: Citation `xie2020pointcontrast' on page 6 undefined on 
input line 709.


Package natbib Warning: Citation `chen2021shape' on page 6 undefined on input l
ine 710.

[6] [7] [8

]
No file DHGCN-ready_changed.bbl.

Package natbib Warning: There were undefined citations.

(DHGCN-ready_changed.aux)
 ***********
LaTeX2e <2023-06-01> patch level 1
L3 programming layer <2023-08-29>
 ***********
 ) 
Here is how much of TeX's memory you used:
 6936 strings out of 475247
 116205 string characters out of 5757793
 1956785 words of memory out of 5000000
 28352 multiletter control sequences out of 15000+600000
 589727 words of font info for 103 fonts, out of 8000000 for 9000
 1141 hyphenation exceptions out of 8191
 57i,16n,65p,1432b,483s stack positions out of 10000i,1000n,20000p,200000b,200000s
<C:/Users/tal12/AppData/Local/Programs/MiKTeX/fonts/type1/public/amsfonts/cm/
cmex10.pfb><C:/Users/tal12/AppData/Local/Programs/MiKTeX/fonts/type1/public/ams
fonts/cm/cmmi10.pfb><C:/Users/tal12/AppData/Local/Programs/MiKTeX/fonts/type1/p
ublic/amsfonts/cm/cmmi5.pfb><C:/Users/tal12/AppData/Local/Programs/MiKTeX/fonts
/type1/public/amsfonts/cm/cmmi7.pfb><C:/Users/tal12/AppData/Local/Programs/MiKT
eX/fonts/type1/public/amsfonts/cm/cmr10.pfb><C:/Users/tal12/AppData/Local/Progr
ams/MiKTeX/fonts/type1/public/amsfonts/cm/cmr5.pfb><C:/Users/tal12/AppData/Loca
l/Programs/MiKTeX/fonts/type1/public/amsfonts/cm/cmr7.pfb><C:/Users/tal12/AppDa
ta/Local/Programs/MiKTeX/fonts/type1/public/amsfonts/cm/cmsy10.pfb><C:/Users/ta
l12/AppData/Local/Programs/MiKTeX/fonts/type1/public/amsfonts/cm/cmsy7.pfb><C:/
Users/tal12/AppData/Local/Programs/MiKTeX/fonts/type1/public/amsfonts/symbols/m
sbm10.pfb><C:/Users/tal12/AppData/Local/Programs/MiKTeX/fonts/type1/urw/times/u
tmb8a.pfb><C:/Users/tal12/AppData/Local/Programs/MiKTeX/fonts/type1/urw/times/u
tmr8a.pfb><C:/Users/tal12/AppData/Local/Programs/MiKTeX/fonts/type1/urw/times/u
tmri8a.pfb><C:/Users/tal12/AppData/Local/Programs/MiKTeX/fonts/type1/urw/zapfdi
ng/uzdr.pfb>
Output written on DHGCN-ready_changed.pdf (8 pages, 2122484 bytes).
PDF statistics:
 142 PDF objects out of 1000 (max. 8388607)
 0 named destinations out of 1000 (max. 500000)
 111 words of extra memory for PDF output out of 10000 (max. 10000000)

