This is pdfTeX, Version 3.141592653-2.6-1.40.25 (MiKTeX 23.5) (preloaded format=pdflatex 2024.1.12)  3 MAR 2024 13:04
entering extended mode
 restricted \write18 enabled.
 %&-line parsing enabled.
**./camera-ready_changed.tex
(camera-ready_changed.tex
LaTeX2e <2023-06-01> patch level 1
L3 programming layer <2023-08-29>
(C:\Users\orfuc\AppData\Local\Programs\MiKTeX\tex/latex/base\article.cls
Document Class: article 2023/05/17 v1.4n Standard LaTeX document class
(C:\Users\orfuc\AppData\Local\Programs\MiKTeX\tex/latex/base\size10.clo
File: size10.clo 2023/05/17 v1.4n Standard LaTeX file (size option)
)
\c@part=\count185
\c@section=\count186
\c@subsection=\count187
\c@subsubsection=\count188
\c@paragraph=\count189
\c@subparagraph=\count190
\c@figure=\count191
\c@table=\count192
\abovecaptionskip=\skip48
\belowcaptionskip=\skip49
\bibindent=\dimen140
)
(aaai18.sty
Conference Style for AAAI for LaTeX 2e -- version for the AAAI-18 conference
\titlebox=\skip50
) (C:\Users\orfuc\AppData\Local\Programs\MiKTeX\tex/latex/psnfss\times.sty
Package: times 2020/03/25 PSNFSS-v9.3 (SPQR) 
)
(C:\Users\orfuc\AppData\Local\Programs\MiKTeX\tex/latex/psnfss\helvet.sty
Package: helvet 2020/03/25 PSNFSS-v9.3 (WaS) 

(C:\Users\orfuc\AppData\Local\Programs\MiKTeX\tex/latex/graphics\keyval.sty
Package: keyval 2022/05/29 v1.15 key=value parser (DPC)
\KV@toks@=\toks17
))
(C:\Users\orfuc\AppData\Local\Programs\MiKTeX\tex/latex/psnfss\courier.sty
Package: courier 2020/03/25 PSNFSS-v9.3 (WaS) 
)
(C:\Users\orfuc\AppData\Local\Programs\MiKTeX\tex/latex/url\url.sty
\Urlmuskip=\muskip16
Package: url 2013/09/16  ver 3.4  Verb mode for urls, etc.
)
(C:\Users\orfuc\AppData\Local\Programs\MiKTeX\tex/latex/graphics\graphicx.sty
Package: graphicx 2021/09/16 v1.2d Enhanced LaTeX Graphics (DPC,SPQR)

(C:\Users\orfuc\AppData\Local\Programs\MiKTeX\tex/latex/graphics\graphics.sty
Package: graphics 2022/03/10 v1.4e Standard LaTeX Graphics (DPC,SPQR)

(C:\Users\orfuc\AppData\Local\Programs\MiKTeX\tex/latex/graphics\trig.sty
Package: trig 2021/08/11 v1.11 sin cos tan (DPC)
)
(C:\Users\orfuc\AppData\Local\Programs\MiKTeX\tex/latex/graphics-cfg\graphics.c
fg
File: graphics.cfg 2016/06/04 v1.11 sample graphics configuration
)
Package graphics Info: Driver file: pdftex.def on input line 107.

(C:\Users\orfuc\AppData\Local\Programs\MiKTeX\tex/latex/graphics-def\pdftex.def
File: pdftex.def 2022/09/22 v1.2b Graphics/color driver for pdftex
))
\Gin@req@height=\dimen141
\Gin@req@width=\dimen142
)
(C:\Users\orfuc\AppData\Local\Programs\MiKTeX\tex/latex/caption\subcaption.sty
Package: subcaption 2023/07/28 v1.6b Sub-captions (AR)

(C:\Users\orfuc\AppData\Local\Programs\MiKTeX\tex/latex/caption\caption.sty
Package: caption 2023/07/31 v3.6n Customizing captions (AR)

(C:\Users\orfuc\AppData\Local\Programs\MiKTeX\tex/latex/caption\caption3.sty
Package: caption3 2023/07/31 v2.4d caption3 kernel (AR)
\caption@tempdima=\dimen143
\captionmargin=\dimen144
\caption@leftmargin=\dimen145
\caption@rightmargin=\dimen146
\caption@width=\dimen147
\caption@indent=\dimen148
\caption@parindent=\dimen149
\caption@hangindent=\dimen150
Package caption Info: Standard document class detected.
)
\c@caption@flags=\count193
\c@continuedfloat=\count194
)
Package caption Info: New subtype `subfigure' on input line 238.
\c@subfigure=\count195
Package caption Info: New subtype `subtable' on input line 238.
\c@subtable=\count196
) (C:\Users\orfuc\AppData\Local\Programs\MiKTeX\tex/latex/graphics\epsfig.sty
Package: epsfig 2017/06/25 v1.7b (e)psfig emulation (SPQR)
\epsfxsize=\dimen151
\epsfysize=\dimen152
)
(C:\Users\orfuc\AppData\Local\Programs\MiKTeX\tex/latex/amsmath\amsmath.sty
Package: amsmath 2023/05/13 v2.17o AMS math features
\@mathmargin=\skip51

For additional information on amsmath, use the `?' option.
(C:\Users\orfuc\AppData\Local\Programs\MiKTeX\tex/latex/amsmath\amstext.sty
Package: amstext 2021/08/26 v2.01 AMS text

(C:\Users\orfuc\AppData\Local\Programs\MiKTeX\tex/latex/amsmath\amsgen.sty
File: amsgen.sty 1999/11/30 v2.0 generic functions
\@emptytoks=\toks18
\ex@=\dimen153
))
(C:\Users\orfuc\AppData\Local\Programs\MiKTeX\tex/latex/amsmath\amsbsy.sty
Package: amsbsy 1999/11/29 v1.2d Bold Symbols
\pmbraise@=\dimen154
)
(C:\Users\orfuc\AppData\Local\Programs\MiKTeX\tex/latex/amsmath\amsopn.sty
Package: amsopn 2022/04/08 v2.04 operator names
)
\inf@bad=\count197
LaTeX Info: Redefining \frac on input line 234.
\uproot@=\count198
\leftroot@=\count199
LaTeX Info: Redefining \overline on input line 399.
LaTeX Info: Redefining \colon on input line 410.
\classnum@=\count266
\DOTSCASE@=\count267
LaTeX Info: Redefining \ldots on input line 496.
LaTeX Info: Redefining \dots on input line 499.
LaTeX Info: Redefining \cdots on input line 620.
\Mathstrutbox@=\box51
\strutbox@=\box52
LaTeX Info: Redefining \big on input line 722.
LaTeX Info: Redefining \Big on input line 723.
LaTeX Info: Redefining \bigg on input line 724.
LaTeX Info: Redefining \Bigg on input line 725.
\big@size=\dimen155
LaTeX Font Info:    Redeclaring font encoding OML on input line 743.
LaTeX Font Info:    Redeclaring font encoding OMS on input line 744.
\macc@depth=\count268
LaTeX Info: Redefining \bmod on input line 905.
LaTeX Info: Redefining \pmod on input line 910.
LaTeX Info: Redefining \smash on input line 940.
LaTeX Info: Redefining \relbar on input line 970.
LaTeX Info: Redefining \Relbar on input line 971.
\c@MaxMatrixCols=\count269
\dotsspace@=\muskip17
\c@parentequation=\count270
\dspbrk@lvl=\count271
\tag@help=\toks19
\row@=\count272
\column@=\count273
\maxfields@=\count274
\andhelp@=\toks20
\eqnshift@=\dimen156
\alignsep@=\dimen157
\tagshift@=\dimen158
\tagwidth@=\dimen159
\totwidth@=\dimen160
\lineht@=\dimen161
\@envbody=\toks21
\multlinegap=\skip52
\multlinetaggap=\skip53
\mathdisplay@stack=\toks22
LaTeX Info: Redefining \[ on input line 2953.
LaTeX Info: Redefining \] on input line 2954.
)
(C:\Users\orfuc\AppData\Local\Programs\MiKTeX\tex/latex/amsfonts\amssymb.sty
Package: amssymb 2013/01/14 v3.01 AMS font symbols

(C:\Users\orfuc\AppData\Local\Programs\MiKTeX\tex/latex/amsfonts\amsfonts.sty
Package: amsfonts 2013/01/14 v3.01 Basic AMSFonts support
\symAMSa=\mathgroup4
\symAMSb=\mathgroup5
LaTeX Font Info:    Redeclaring math symbol \hbar on input line 98.
LaTeX Font Info:    Overwriting math alphabet `\mathfrak' in version `bold'
(Font)                  U/euf/m/n --> U/euf/b/n on input line 106.
)) (C:\Users\orfuc\AppData\Local\Programs\MiKTeX\tex/latex/amscls\amsthm.sty
Package: amsthm 2020/05/29 v2.20.6
\thm@style=\toks23
\thm@bodyfont=\toks24
\thm@headfont=\toks25
\thm@notefont=\toks26
\thm@headpunct=\toks27
\thm@preskip=\skip54
\thm@postskip=\skip55
\thm@headsep=\skip56
\dth@everypar=\toks28
)
(C:\Users\orfuc\AppData\Local\Programs\MiKTeX\tex/latex/xcolor\xcolor.sty
Package: xcolor 2022/06/12 v2.14 LaTeX color extensions (UK)

(C:\Users\orfuc\AppData\Local\Programs\MiKTeX\tex/latex/graphics-cfg\color.cfg
File: color.cfg 2016/01/02 v1.6 sample color configuration
)
Package xcolor Info: Driver file: pdftex.def on input line 227.
(C:\Users\orfuc\AppData\Local\Programs\MiKTeX\tex/latex/colortbl\colortbl.sty
Package: colortbl 2022/06/20 v1.0f Color table columns (DPC)

(C:\Users\orfuc\AppData\Local\Programs\MiKTeX\tex/latex/tools\array.sty
Package: array 2022/09/04 v2.5g Tabular extension package (FMi)
\col@sep=\dimen162
\ar@mcellbox=\box53
\extrarowheight=\dimen163
\NC@list=\toks29
\extratabsurround=\skip57
\backup@length=\skip58
\ar@cellbox=\box54
)
\everycr=\toks30
\minrowclearance=\skip59
\rownum=\count275
)
(C:\Users\orfuc\AppData\Local\Programs\MiKTeX\tex/latex/graphics\mathcolor.ltx)
Package xcolor Info: Model `cmy' substituted by `cmy0' on input line 1353.
Package xcolor Info: Model `hsb' substituted by `rgb' on input line 1357.
Package xcolor Info: Model `RGB' extended on input line 1369.
Package xcolor Info: Model `HTML' substituted by `rgb' on input line 1371.
Package xcolor Info: Model `Hsb' substituted by `hsb' on input line 1372.
Package xcolor Info: Model `tHsb' substituted by `hsb' on input line 1373.
Package xcolor Info: Model `HSB' substituted by `hsb' on input line 1374.
Package xcolor Info: Model `Gray' substituted by `gray' on input line 1375.
Package xcolor Info: Model `wave' substituted by `hsb' on input line 1376.
) (C:\Users\orfuc\AppData\Local\Programs\MiKTeX\tex/latex/tools\bm.sty
Package: bm 2022/01/05 v1.2f Bold Symbol Support (DPC/FMi)
\symboldoperators=\mathgroup6
\symboldletters=\mathgroup7
\symboldsymbols=\mathgroup8
Package bm Info: No bold for \OMX/cmex/m/n, using \pmb.
Package bm Info: No bold for \U/msa/m/n, using \pmb.
Package bm Info: No bold for \U/msb/m/n, using \pmb.
LaTeX Font Info:    Redeclaring math alphabet \mathbf on input line 149.
)
(C:\Users\orfuc\AppData\Local\Programs\MiKTeX\tex/latex/amsfonts\eucal.sty
Package: eucal 2009/06/22 v3.00 Euler Script fonts
LaTeX Font Info:    Overwriting math alphabet `\EuScript' in version `bold'
(Font)                  U/eus/m/n --> U/eus/b/n on input line 33.
)
LaTeX Font Info:    Trying to load font information for OT1+ptm on input line 4
4.

(C:\Users\orfuc\AppData\Local\Programs\MiKTeX\tex/latex/psnfss\ot1ptm.fd
File: ot1ptm.fd 2001/06/04 font definitions for OT1/ptm.
)
(C:\Users\orfuc\AppData\Local\Programs\MiKTeX\tex/latex/l3backend\l3backend-pdf
tex.def
File: l3backend-pdftex.def 2023-04-19 L3 backend support: PDF output (pdfTeX)
\l__color_backend_stack_int=\count276
\l__pdf_internal_box=\box55
) (camera-ready_changed.aux
Runaway argument?
{{8}{7}{Qualitative results for Category 3 frames on 300VW. The compe\ETC.
! Paragraph ended before \@newl@bel was complete.
<to be read again> 
                   \par 
l.94 ...kip 0in{##1})}\let \reserved@d =[\def \par
                                                   }{}{}}
I suspect you've forgotten a `}', causing me to apply this
control sequence to too much text. How can we recover?
My plan is to forget the whole thing and hope for the best.

! Extra }, or forgotten \endgroup.
l.94 ...p 0in{##1})}\let \reserved@d =[\def \par }
                                                  {}{}}
I've deleted a group-closing symbol because it seems to be
spurious, as in `$x}$'. But perhaps the } is legitimate and
you forgot something else, as in `\hbox{$x}'. In such cases
the way to recover is to insert both the forgotten and the
deleted material, e.g., by typing `I$}'.

! Extra }, or forgotten \endgroup.
l.94 ...{##1})}\let \reserved@d =[\def \par }{}{}}
                                                  
I've deleted a group-closing symbol because it seems to be
spurious, as in `$x}$'. But perhaps the } is legitimate and
you forgot something else, as in `\hbox{$x}'. In such cases
the way to recover is to insert both the forgotten and the
deleted material, e.g., by typing `I$}'.

)
\openout1 = `camera-ready_changed.aux'.

LaTeX Font Info:    Checking defaults for OML/cmm/m/it on input line 44.
LaTeX Font Info:    ... okay on input line 44.
LaTeX Font Info:    Checking defaults for OMS/cmsy/m/n on input line 44.
LaTeX Font Info:    ... okay on input line 44.
LaTeX Font Info:    Checking defaults for OT1/cmr/m/n on input line 44.
LaTeX Font Info:    ... okay on input line 44.
LaTeX Font Info:    Checking defaults for T1/cmr/m/n on input line 44.
LaTeX Font Info:    ... okay on input line 44.
LaTeX Font Info:    Checking defaults for TS1/cmr/m/n on input line 44.
LaTeX Font Info:    ... okay on input line 44.
LaTeX Font Info:    Checking defaults for OMX/cmex/m/n on input line 44.
LaTeX Font Info:    ... okay on input line 44.
LaTeX Font Info:    Checking defaults for U/cmr/m/n on input line 44.
LaTeX Font Info:    ... okay on input line 44.

(C:\Users\orfuc\AppData\Local\Programs\MiKTeX\tex/context/base/mkii\supp-pdf.mk
ii
[Loading MPS to PDF converter (version 2006.09.02).]
\scratchcounter=\count277
\scratchdimen=\dimen164
\scratchbox=\box56
\nofMPsegments=\count278
\nofMParguments=\count279
\everyMPshowfont=\toks31
\MPscratchCnt=\count280
\MPscratchDim=\dimen165
\MPnumerator=\count281
\makeMPintoPDFobject=\count282
\everyMPtoPDFconversion=\toks32
)
(C:\Users\orfuc\AppData\Local\Programs\MiKTeX\tex/latex/epstopdf-pkg\epstopdf-b
ase.sty
Package: epstopdf-base 2020-01-24 v2.11 Base part for package epstopdf

(C:\Users\orfuc\AppData\Local\Programs\MiKTeX\tex/generic/infwarerr\infwarerr.s
ty
Package: infwarerr 2019/12/03 v1.5 Providing info/warning/error messages (HO)
) (C:\Users\orfuc\AppData\Local\Programs\MiKTeX\tex/latex/grfext\grfext.sty
Package: grfext 2019/12/03 v1.3 Manage graphics extensions (HO)

(C:\Users\orfuc\AppData\Local\Programs\MiKTeX\tex/generic/kvdefinekeys\kvdefine
keys.sty
Package: kvdefinekeys 2019-12-19 v1.6 Define keys (HO)
))
(C:\Users\orfuc\AppData\Local\Programs\MiKTeX\tex/latex/kvoptions\kvoptions.sty
Package: kvoptions 2022-06-15 v3.15 Key value format for package options (HO)
(C:\Users\orfuc\AppData\Local\Programs\MiKTeX\tex/generic/ltxcmds\ltxcmds.sty
Package: ltxcmds 2020-05-10 v1.25 LaTeX kernel commands for general use (HO)
)
(C:\Users\orfuc\AppData\Local\Programs\MiKTeX\tex/latex/kvsetkeys\kvsetkeys.sty
Package: kvsetkeys 2022-10-05 v1.19 Key value parser (HO)
))
(C:\Users\orfuc\AppData\Local\Programs\MiKTeX\tex/generic/pdftexcmds\pdftexcmds
.sty
Package: pdftexcmds 2020-06-27 v0.33 Utility functions of pdfTeX for LuaTeX (HO
)
 (C:\Users\orfuc\AppData\Local\Programs\MiKTeX\tex/generic/iftex\iftex.sty
Package: iftex 2022/02/03 v1.0f TeX engine tests
)
Package pdftexcmds Info: \pdf@primitive is available.
Package pdftexcmds Info: \pdf@ifprimitive is available.
Package pdftexcmds Info: \pdfdraftmode found.
)
Package epstopdf-base Info: Redefining graphics rule for `.eps' on input line 4
85.
Package grfext Info: Graphics extension search list:
(grfext)             [.pdf,.png,.jpg,.mps,.jpeg,.jbig2,.jb2,.PDF,.PNG,.JPG,.JPE
G,.JBIG2,.JB2,.eps]
(grfext)             \AppendGraphicsExtensions on input line 504.

(C:\Users\orfuc\AppData\Local\Programs\MiKTeX\tex/latex/00miktex\epstopdf-sys.c
fg
File: epstopdf-sys.cfg 2021/03/18 v2.0 Configuration of epstopdf for MiKTeX
))
Package caption Info: Begin \AtBeginDocument code.
Package caption Info: End \AtBeginDocument code.
LaTeX Font Info:    Trying to load font information for U+msa on input line 55.

 (C:\Users\orfuc\AppData\Local\Programs\MiKTeX\tex/latex/amsfonts\umsa.fd
File: umsa.fd 2013/01/14 v3.01 AMS symbols A
)
LaTeX Font Info:    Trying to load font information for U+msb on input line 55.


(C:\Users\orfuc\AppData\Local\Programs\MiKTeX\tex/latex/amsfonts\umsb.fd
File: umsb.fd 2013/01/14 v3.01 AMS symbols B
)
LaTeX Font Info:    Trying to load font information for OT1+pcr on input line 5
5.

(C:\Users\orfuc\AppData\Local\Programs\MiKTeX\tex/latex/psnfss\ot1pcr.fd
File: ot1pcr.fd 2001/06/04 font definitions for OT1/pcr.
)
LaTeX Font Info:    Trying to load font information for OMS+pcr on input line 5
5.

(C:\Users\orfuc\AppData\Local\Programs\MiKTeX\tex/latex/psnfss\omspcr.fd
File: omspcr.fd 
)
LaTeX Font Info:    Font shape `OMS/pcr/m/n' in size <9> not available
(Font)              Font shape `OMS/cmsy/m/n' tried instead on input line 55.
LaTeX Font Info:    Trying to load font information for TS1+ptm on input line 5
5.

(C:\Users\orfuc\AppData\Local\Programs\MiKTeX\tex/latex/psnfss\ts1ptm.fd
File: ts1ptm.fd 2001/06/04 font definitions for TS1/ptm.
)

LaTeX Warning: Citation `Sagonas2016300FI' on page 1 undefined on input line 78
.



pdfTeX warning: pdflatex (file ./fig/Teaser4.pdf): PDF inclusion: found PDF ver
sion <1.6>, but at most version <1.5> allowed
<fig/Teaser4.pdf, id=1, 558.41925pt x 430.95404pt>
File: fig/Teaser4.pdf Graphic file (type pdf)
<use fig/Teaser4.pdf>
Package pdftex.def Info: fig/Teaser4.pdf  used on input line 85.
(pdftex.def)             Requested size: 239.39438pt x 184.74768pt.

Underfull \vbox (badness 3780) has occurred while \output is active []

 [1{C:/Users/orfuc/AppData/Local/MiKTeX/fonts/map/pdftex/pdftex.map}{C:/Users/o
rfuc/AppData/Local/Programs/MiKTeX/fonts/enc/dvips/base/8r.enc}



 <./fig/Teaser4.pdf>]

LaTeX Warning: Citation `Dean2013FastAD' on page 2 undefined on input line 104.



LaTeX Warning: Citation `joulin2016learning' on page 2 undefined on input line 
104.


LaTeX Warning: Citation `KemelmacherShlizerman2016TheMB' on page 2 undefined on
 input line 104.


LaTeX Warning: Citation `Dean2013FastAD' on page 2 undefined on input line 105.



LaTeX Warning: Citation `joulin2016learning' on page 2 undefined on input line 
105.


LaTeX Warning: Citation `shen2015first' on page 2 undefined on input line 111.


LaTeX Warning: Citation `Chrysos2017ACP' on page 2 undefined on input line 111.



LaTeX Warning: Citation `Zhu2016FaceAA' on page 2 undefined on input line 111.


LaTeX Warning: Citation `Cootes1992' on page 2 undefined on input line 125.


LaTeX Warning: Citation `Cootes1993' on page 2 undefined on input line 125.


LaTeX Warning: Citation `Cootes1998' on page 2 undefined on input line 125.


LaTeX Warning: Citation `Gross2005' on page 2 undefined on input line 125.


LaTeX Warning: Citation `Matthews2004' on page 2 undefined on input line 125.


LaTeX Warning: Citation `Saragih2011' on page 2 undefined on input line 125.


LaTeX Warning: Citation `Sangineto13' on page 2 undefined on input line 125.


LaTeX Warning: Citation `Baltrusaitis2012' on page 2 undefined on input line 12
5.


LaTeX Warning: Citation `Yu2013' on page 2 undefined on input line 125.


LaTeX Warning: Citation `Cao2013' on page 2 undefined on input line 125.


LaTeX Warning: Citation `Yang2013' on page 2 undefined on input line 125.


LaTeX Warning: Citation `Xiong2013' on page 2 undefined on input line 125.


LaTeX Warning: Citation `Xiong2015' on page 2 undefined on input line 125.


LaTeX Warning: Citation `Tzimiropoulos2015' on page 2 undefined on input line 1
25.


LaTeX Warning: Citation `Zhu2015' on page 2 undefined on input line 125.


LaTeX Warning: Citation `Yang2015FacialST' on page 2 undefined on input line 12
5.


LaTeX Warning: Citation `Deng2016M3CM' on page 2 undefined on input line 125.


LaTeX Warning: Citation `Kazemi2014' on page 2 undefined on input line 125.


LaTeX Warning: Citation `Ren2014' on page 2 undefined on input line 125.


LaTeX Warning: Citation `Fan2016ApproachingHL' on page 2 undefined on input lin
e 125.


LaTeX Warning: Citation `Zhang2016SP' on page 2 undefined on input line 125.


LaTeX Warning: Citation `Zhu2016FaceAA' on page 2 undefined on input line 125.


LaTeX Warning: Citation `Trigeorgis_2016_CVPR' on page 2 undefined on input lin
e 125.


LaTeX Warning: Citation `Peng2016ARE' on page 2 undefined on input line 125.


LaTeX Warning: Citation `Zhang_2016_CVPR' on page 2 undefined on input line 125
.


LaTeX Warning: Citation `shen2015first' on page 2 undefined on input line 127.


LaTeX Warning: Citation `Chrysos2017ACP' on page 2 undefined on input line 127.



LaTeX Warning: Citation `Yang2015FacialST' on page 2 undefined on input line 12
9.


LaTeX Warning: Citation `uricar2015real' on page 2 undefined on input line 129.



LaTeX Warning: Citation `Xiao2015FacialLD' on page 2 undefined on input line 12
9.


LaTeX Warning: Citation `Rajamanoharan2015MultiviewCL' on page 2 undefined on i
nput line 129.


LaTeX Warning: Citation `Wu2015ShapeAR' on page 2 undefined on input line 129.


LaTeX Warning: Citation `SnchezLozano2016CascadedCR' on page 2 undefined on inp
ut line 129.



pdfTeX warning: pdflatex (file ./fig/Computation2.pdf): PDF inclusion: found PD
F version <1.6>, but at most version <1.5> allowed
<fig/Computation2.pdf, id=79, 511.6815pt x 171.16748pt>
File: fig/Computation2.pdf Graphic file (type pdf)
<use fig/Computation2.pdf>
Package pdftex.def Info: fig/Computation2.pdf  used on input line 149.
(pdftex.def)             Requested size: 239.39438pt x 80.08305pt.
[2]
<fig/Loss.pdf, id=91, 561.4536pt x 355.08159pt>
File: fig/Loss.pdf Graphic file (type pdf)
<use fig/Loss.pdf>
Package pdftex.def Info: fig/Loss.pdf  used on input line 173.
(pdftex.def)             Requested size: 239.39438pt x 151.40343pt.


LaTeX Warning: Citation `He2016DeepRL' on page 3 undefined on input line 181.

[3 <./fig/Computation2.pdf> <./fig/Loss.pdf

pdfTeX warning: pdflatex (file ./fig/Loss.pdf): PDF inclusion: multiple pdfs wi
th page group included in a single page
>]

pdfTeX warning: pdflatex (file ./fig/ImgNbCnt.pdf): PDF inclusion: found PDF ve
rsion <1.6>, but at most version <1.5> allowed
<fig/ImgNbCnt.pdf, id=111, 707.12816pt x 301.66801pt>
File: fig/ImgNbCnt.pdf Graphic file (type pdf)
<use fig/ImgNbCnt.pdf>
Package pdftex.def Info: fig/ImgNbCnt.pdf  used on input line 214.
(pdftex.def)             Requested size: 239.39438pt x 102.12386pt.


pdfTeX warning: pdflatex (file ./fig/Classification4.pdf): PDF inclusion: found
 PDF version <1.6>, but at most version <1.5> allowed
<fig/Classification4.pdf, id=112, 667.06815pt x 350.22543pt>
File: fig/Classification4.pdf Graphic file (type pdf)
<use fig/Classification4.pdf>
Package pdftex.def Info: fig/Classification4.pdf  used on input line 257.
(pdftex.def)             Requested size: 239.39438pt x 125.6856pt.

LaTeX Warning: Citation `zhu2014capturing' on page 4 undefined on input line 27
9.


LaTeX Warning: Citation `rosch1978cognition' on page 4 undefined on input line 
279.

[4 <./fig/ImgNbCnt.pdf> <./fig/Classification4.pdf

pdfTeX warning: pdflatex (file ./fig/Classification4.pdf): PDF inclusion: multi
ple pdfs with page group included in a single page
>]

LaTeX Warning: Citation `girshick14CVPR' on page 5 undefined on input line 307.



LaTeX Warning: Citation `Xiong2013' on page 5 undefined on input line 313.

<fig/Detection.pdf, id=199, 704.70074pt x 233.68605pt>
File: fig/Detection.pdf Graphic file (type pdf)
<use fig/Detection.pdf>
Package pdftex.def Info: fig/Detection.pdf  used on input line 322.
(pdftex.def)             Requested size: 239.39438pt x 79.38445pt.
<fig/C1Curve.pdf, id=200, 277.36525pt x 225.0036pt>
File: fig/C1Curve.pdf Graphic file (type pdf)
<use fig/C1Curve.pdf>
Package pdftex.def Info: fig/C1Curve.pdf  used on input line 333.
(pdftex.def)             Requested size: 151.76854pt x 123.1172pt.
<fig/C3Curve.pdf, id=201, 276.22699pt x 225.0036pt>
File: fig/C3Curve.pdf Graphic file (type pdf)
<use fig/C3Curve.pdf>
Package pdftex.def Info: fig/C3Curve.pdf  used on input line 339.
(pdftex.def)             Requested size: 151.76854pt x 123.62532pt.
<fig/HardCurve.pdf, id=202, 278.5035pt x 225.0036pt>
File: fig/HardCurve.pdf Graphic file (type pdf)
<use fig/HardCurve.pdf>
Package pdftex.def Info: fig/HardCurve.pdf  used on input line 346.
(pdftex.def)             Requested size: 151.76854pt x 122.6125pt.

LaTeX Warning: Citation `shen2015first' on page 5 undefined on input line 385.


LaTeX Warning: Citation `Sagonas2013300FI' on page 5 undefined on input line 38
8.


LaTeX Warning: Citation `Zhu2016FaceAA' on page 5 undefined on input line 388.

[5 <./fig/Detection.pdf>]

LaTeX Warning: Citation `Chrysos2017ACP' on page 6 undefined on input line 431.



LaTeX Warning: Citation `Yang2015FacialST' on page 6 undefined on input line 43
1.


LaTeX Warning: Citation `Uricr2015FacialLT' on page 6 undefined on input line 4
31.


LaTeX Warning: Citation `Xiao2015FacialLD' on page 6 undefined on input line 43
1.


LaTeX Warning: Citation `Rajamanoharan2015MultiviewCL' on page 6 undefined on i
nput line 431.


LaTeX Warning: Citation `Wu2015ShapeAR' on page 6 undefined on input line 431.


LaTeX Warning: Citation `Zhang2014FacialLD' on page 6 undefined on input line 4
31.


LaTeX Warning: Citation `Zhu2016FaceAA' on page 6 undefined on input line 431.


Overfull \hbox (3.43503pt too wide) in paragraph at lines 399--432
 [][] 
 []


LaTeX Warning: Citation `Zhang2016SP' on page 6 undefined on input line 440.


LaTeX Warning: Citation `liu2015deep' on page 6 undefined on input line 440.


LaTeX Warning: Citation `yang2016wider' on page 6 undefined on input line 440.


LaTeX Warning: Citation `Chrysos2017ACP' on page 6 undefined on input line 440.


<fig/300vw_vis.png, id=216, 1124.2pt x 1124.2pt>
File: fig/300vw_vis.png Graphic file (type png)
<use fig/300vw_vis.png>
Package pdftex.def Info: fig/300vw_vis.png  used on input line 444.
(pdftex.def)             Requested size: 239.39438pt x 239.3825pt.

LaTeX Warning: Citation `Yang2015FacialST' on page 6 undefined on input line 44
6.


LaTeX Warning: Citation `Yang2015FacialST' on page 6 undefined on input line 44
6.

! Undefined control sequence.
\citeauthoryear #1#2->\def \@thisauthor 
                                        {#1}\ifx \@lastauthor \@thisauthor \...
l.447 \label{fig:300vw_vis}
                           
The control sequence at the end of the top line
of your error message was never \def'ed. If you have
misspelled it (e.g., `\hobx'), type `I' and the correct
spelling (e.g., `I\hbox'). Otherwise just continue,
and I'll forget about whatever was undefined.

! Illegal parameter number in definition of \reserved@a.
<to be read again> 
                   }
l.447 \label{fig:300vw_vis}
                           
You meant to type ## instead of #, right?
Or maybe a } was forgotten somewhere earlier, and things
are all screwed up? I'm going to assume that you meant ##.

! Illegal parameter number in definition of \reserved@a.
<to be read again> 
                    
l.447 \label{fig:300vw_vis}
                           
You meant to type ## instead of #, right?
Or maybe a } was forgotten somewhere earlier, and things
are all screwed up? I'm going to assume that you meant ##.

! Illegal parameter number in definition of \reserved@a.
<to be read again> 
                   2
l.447 \label{fig:300vw_vis}
                           
You meant to type ## instead of #, right?
Or maybe a } was forgotten somewhere earlier, and things
are all screwed up? I'm going to assume that you meant ##.

! Undefined control sequence.
\cite ...\citeauthoryear ##1##2{\def \@thisauthor 
                                                  {##1}\ifx \@lastauthor \@t...
l.447 \label{fig:300vw_vis}
                           
The control sequence at the end of the top line
of your error message was never \def'ed. If you have
misspelled it (e.g., `\hobx'), type `I' and the correct
spelling (e.g., `I\hbox'). Otherwise just continue,
and I'll forget about whatever was undefined.

! Illegal parameter number in definition of \reserved@a.
<to be read again> 
                   1
l.447 \label{fig:300vw_vis}
                           
You meant to type ## instead of #, right?
Or maybe a } was forgotten somewhere earlier, and things
are all screwed up? I'm going to assume that you meant ##.

! Illegal parameter number in definition of \reserved@a.
<to be read again> 
                   1
l.447 \label{fig:300vw_vis}
                           
You meant to type ## instead of #, right?
Or maybe a } was forgotten somewhere earlier, and things
are all screwed up? I'm going to assume that you meant ##.

! Illegal parameter number in definition of \reserved@a.
<to be read again> 
                   2
l.447 \label{fig:300vw_vis}
                           
You meant to type ## instead of #, right?
Or maybe a } was forgotten somewhere earlier, and things
are all screwed up? I'm going to assume that you meant ##.

! Illegal parameter number in definition of \reserved@a.
<to be read again> 
                   }
l.447 \label{fig:300vw_vis}
                           
You meant to type ## instead of #, right?
Or maybe a } was forgotten somewhere earlier, and things
are all screwed up? I'm going to assume that you meant ##.

! Illegal parameter number in definition of \reserved@a.
<to be read again> 
                   2
l.447 \label{fig:300vw_vis}
                           
You meant to type ## instead of #, right?
Or maybe a } was forgotten somewhere earlier, and things
are all screwed up? I'm going to assume that you meant ##.

! Illegal parameter number in definition of \reserved@a.
<to be read again> 
                   1
l.447 \label{fig:300vw_vis}
                           
You meant to type ## instead of #, right?
Or maybe a } was forgotten somewhere earlier, and things
are all screwed up? I'm going to assume that you meant ##.

! Argument of \caption@@@withoptargs has an extra }.
<inserted text> 
                \par 
l.447 \label{fig:300vw_vis}
                           
I've run across a `}' that doesn't seem to match anything.
For example, `\def\a#1{...}' and `\a}' would produce
this error. If you simply proceed now, the `\par' that
I've just inserted will cause me to report a runaway
argument that might be the root of the problem. But if
your `}' was spurious, just type `2' and it will go away.

Runaway argument?
{\caption@@xlabel }{\@tempswatrue \@citex }\def \reserved@b {\@tempswafalse \ET
C.
! Paragraph ended before \caption@@@withoptargs was complete.
<to be read again> 
                   \par 
l.447 \label{fig:300vw_vis}
                           
I suspect you've forgotten a `}', causing me to apply this
control sequence to too much text. How can we recover?
My plan is to forget the whole thing and hope for the best.


LaTeX Warning: Citation `Chrysos2017ACP' on page 6 undefined on input line 451.



LaTeX Warning: Citation `SnchezLozano2016CascadedCR' on page 6 undefined on inp
ut line 451.


LaTeX Warning: Citation `Zhu2016FaceAA' on page 6 undefined on input line 453.


LaTeX Warning: Citation `Zhang2014FacialLD' on page 6 undefined on input line 4
53.


LaTeX Warning: Reference `fig:300vw_vis' on page 6 undefined on input line 455.


<fig/300vw_vis_hard.png, id=217, 1124.2pt x 899.36pt>
File: fig/300vw_vis_hard.png Graphic file (type png)
<use fig/300vw_vis_hard.png>
Package pdftex.def Info: fig/300vw_vis_hard.png  used on input line 459.
(pdftex.def)             Requested size: 239.39438pt x 191.50601pt.

LaTeX Warning: Citation `Zhu2016FaceAA' on page 6 undefined on input line 468.

[6 <./fig/C1Curve.pdf> <./fig/C3Curve.pdf> <./fig/HardCurve.pdf>]
<fig/CompOcclusion.pdf, id=260, 472.83481pt x 216.69055pt>
File: fig/CompOcclusion.pdf Graphic file (type pdf)
<use fig/CompOcclusion.pdf>
Package pdftex.def Info: fig/CompOcclusion.pdf  used on input line 481.
(pdftex.def)             Requested size: 239.39438pt x 109.71054pt.


LaTeX Warning: Citation `le2012interactive' on page 7 undefined on input line 4
89.


Underfull \hbox (badness 1983) in paragraph at lines 489--490
\OT1/ptm/m/n/10 Recent work has sug-gested that in-ter-ac-tive an-no-ta-tion
 []

[7 <./fig/300vw_vis.png (PNG copy)> <./fig/300vw_vis_hard.png (PNG copy)> <./fi
g/CompOcclusion.pdf>]
<fig/CondPred.pdf, id=275, 705.3077pt x 259.17929pt>
File: fig/CondPred.pdf Graphic file (type pdf)
<use fig/CondPred.pdf>
Package pdftex.def Info: fig/CondPred.pdf  used on input line 505.
(pdftex.def)             Requested size: 239.39438pt x 87.9695pt.

No file camera-ready_changed.bbl.

Underfull \vbox (badness 1430) has occurred while \output is active []

 [8 <./fig/CondPred.pdf>] [9

] (camera-ready_changed.aux
Runaway argument?
{{8}{7}{Qualitative results for Category 3 frames on 300VW. The compe\ETC.
! Paragraph ended before \@newl@bel was complete.
<to be read again> 
                   \par 
l.94 ...kip 0in{##1})}\let \reserved@d =[\def \par
                                                   }{}{}}
I suspect you've forgotten a `}', causing me to apply this
control sequence to too much text. How can we recover?
My plan is to forget the whole thing and hope for the best.

! Extra }, or forgotten \endgroup.
l.94 ...p 0in{##1})}\let \reserved@d =[\def \par }
                                                  {}{}}
I've deleted a group-closing symbol because it seems to be
spurious, as in `$x}$'. But perhaps the } is legitimate and
you forgot something else, as in `\hbox{$x}'. In such cases
the way to recover is to insert both the forgotten and the
deleted material, e.g., by typing `I$}'.

! Extra }, or forgotten \endgroup.
l.94 ...{##1})}\let \reserved@d =[\def \par }{}{}}
                                                  
I've deleted a group-closing symbol because it seems to be
spurious, as in `$x}$'. But perhaps the } is legitimate and
you forgot something else, as in `\hbox{$x}'. In such cases
the way to recover is to insert both the forgotten and the
deleted material, e.g., by typing `I$}'.

)
 ***********
LaTeX2e <2023-06-01> patch level 1
L3 programming layer <2023-08-29>
 ***********


LaTeX Warning: There were undefined references.

 ) 
Here is how much of TeX's memory you used:
 5960 strings out of 475247
 98637 string characters out of 5757792
 1942801 words of memory out of 5000000
 27353 multiletter control sequences out of 15000+600000
 591636 words of font info for 117 fonts, out of 8000000 for 9000
 1141 hyphenation exceptions out of 8191
 67i,14n,77p,3302b,483s stack positions out of 10000i,1000n,20000p,200000b,200000s
<C:/Users/orfuc/AppData/Local/Programs/MiKTeX/fonts/type1/public/amsfonts/cm/
cmbx10.pfb><C:/Users/orfuc/AppData/Local/Programs/MiKTeX/fonts/type1/public/ams
fonts/cm/cmex10.pfb><C:/Users/orfuc/AppData/Local/Programs/MiKTeX/fonts/type1/p
ublic/amsfonts/cm/cmmi10.pfb><C:/Users/orfuc/AppData/Local/Programs/MiKTeX/font
s/type1/public/amsfonts/cm/cmmi5.pfb><C:/Users/orfuc/AppData/Local/Programs/MiK
TeX/fonts/type1/public/amsfonts/cm/cmmi7.pfb><C:/Users/orfuc/AppData/Local/Prog
rams/MiKTeX/fonts/type1/public/amsfonts/cm/cmmi9.pfb><C:/Users/orfuc/AppData/Lo
cal/Programs/MiKTeX/fonts/type1/public/amsfonts/cm/cmmib10.pfb><C:/Users/orfuc/
AppData/Local/Programs/MiKTeX/fonts/type1/public/amsfonts/cm/cmr10.pfb><C:/User
s/orfuc/AppData/Local/Programs/MiKTeX/fonts/type1/public/amsfonts/cm/cmr7.pfb><
C:/Users/orfuc/AppData/Local/Programs/MiKTeX/fonts/type1/public/amsfonts/cm/cms
y10.pfb><C:/Users/orfuc/AppData/Local/Programs/MiKTeX/fonts/type1/public/amsfon
ts/cm/cmsy7.pfb><C:/Users/orfuc/AppData/Local/Programs/MiKTeX/fonts/type1/publi
c/amsfonts/cm/cmsy9.pfb><C:/Users/orfuc/AppData/Local/Programs/MiKTeX/fonts/typ
e1/public/amsfonts/symbols/msbm10.pfb><C:/Users/orfuc/AppData/Local/Programs/Mi
KTeX/fonts/type1/urw/courier/ucrr8a.pfb><C:/Users/orfuc/AppData/Local/Programs/
MiKTeX/fonts/type1/urw/times/utmb8a.pfb><C:/Users/orfuc/AppData/Local/Programs/
MiKTeX/fonts/type1/urw/times/utmr8a.pfb><C:/Users/orfuc/AppData/Local/Programs/
MiKTeX/fonts/type1/urw/times/utmri8a.pfb>
Output written on camera-ready_changed.pdf (9 pages, 3694717 bytes).
PDF statistics:
 365 PDF objects out of 1000 (max. 8388607)
 0 named destinations out of 1000 (max. 500000)
 66 words of extra memory for PDF output out of 10000 (max. 10000000)

