This is pdfTeX, Version 3.141592653-2.6-1.40.25 (MiKTeX 23.5) (preloaded format=pdflatex 2024.1.12)  3 MAR 2024 15:58
entering extended mode
 restricted \write18 enabled.
 %&-line parsing enabled.
**./arxiv_changed.tex
(arxiv_changed.tex
LaTeX2e <2023-06-01> patch level 1
L3 programming layer <2023-08-29>
(C:\Users\orfuc\AppData\Local\Programs\MiKTeX\tex/latex/base\article.cls
Document Class: article 2023/05/17 v1.4n Standard LaTeX document class
(C:\Users\orfuc\AppData\Local\Programs\MiKTeX\tex/latex/base\size10.clo
File: size10.clo 2023/05/17 v1.4n Standard LaTeX file (size option)
)
\c@part=\count185
\c@section=\count186
\c@subsection=\count187
\c@subsubsection=\count188
\c@paragraph=\count189
\c@subparagraph=\count190
\c@figure=\count191
\c@table=\count192
\abovecaptionskip=\skip48
\belowcaptionskip=\skip49
\bibindent=\dimen140
)
(aaai21.sty
Conference Style for AAAI for LaTeX 2e -- version for the AAAI-21 conference - 
MODIFIED
\titlebox=\skip50
) (C:\Users\orfuc\AppData\Local\Programs\MiKTeX\tex/latex/psnfss\times.sty
Package: times 2020/03/25 PSNFSS-v9.3 (SPQR) 
)
(C:\Users\orfuc\AppData\Local\Programs\MiKTeX\tex/latex/psnfss\helvet.sty
Package: helvet 2020/03/25 PSNFSS-v9.3 (WaS) 

(C:\Users\orfuc\AppData\Local\Programs\MiKTeX\tex/latex/graphics\keyval.sty
Package: keyval 2022/05/29 v1.15 key=value parser (DPC)
\KV@toks@=\toks17
))
(C:\Users\orfuc\AppData\Local\Programs\MiKTeX\tex/latex/psnfss\courier.sty
Package: courier 2020/03/25 PSNFSS-v9.3 (WaS) 
)
(C:\Users\orfuc\AppData\Local\Programs\MiKTeX\tex/latex/url\url.sty
\Urlmuskip=\muskip16
Package: url 2013/09/16  ver 3.4  Verb mode for urls, etc.
)
(C:\Users\orfuc\AppData\Local\Programs\MiKTeX\tex/latex/graphics\graphicx.sty
Package: graphicx 2021/09/16 v1.2d Enhanced LaTeX Graphics (DPC,SPQR)

(C:\Users\orfuc\AppData\Local\Programs\MiKTeX\tex/latex/graphics\graphics.sty
Package: graphics 2022/03/10 v1.4e Standard LaTeX Graphics (DPC,SPQR)

(C:\Users\orfuc\AppData\Local\Programs\MiKTeX\tex/latex/graphics\trig.sty
Package: trig 2021/08/11 v1.11 sin cos tan (DPC)
)
(C:\Users\orfuc\AppData\Local\Programs\MiKTeX\tex/latex/graphics-cfg\graphics.c
fg
File: graphics.cfg 2016/06/04 v1.11 sample graphics configuration
)
Package graphics Info: Driver file: pdftex.def on input line 107.

(C:\Users\orfuc\AppData\Local\Programs\MiKTeX\tex/latex/graphics-def\pdftex.def
File: pdftex.def 2022/09/22 v1.2b Graphics/color driver for pdftex
))
\Gin@req@height=\dimen141
\Gin@req@width=\dimen142
) (C:\Users\orfuc\AppData\Local\Programs\MiKTeX\tex/latex/comment\comment.sty
\CommentStream=\write3
Excluding comment 'comment')
(C:\Users\orfuc\AppData\Local\Programs\MiKTeX\tex/latex/graphics\color.sty
Package: color 2022/01/06 v1.3d Standard LaTeX Color (DPC)

(C:\Users\orfuc\AppData\Local\Programs\MiKTeX\tex/latex/graphics-cfg\color.cfg
File: color.cfg 2016/01/02 v1.6 sample color configuration
)
Package color Info: Driver file: pdftex.def on input line 149.
(C:\Users\orfuc\AppData\Local\Programs\MiKTeX\tex/latex/graphics\mathcolor.ltx)
) (C:\Users\orfuc\AppData\Local\Programs\MiKTeX\tex/latex/natbib\natbib.sty
Package: natbib 2010/09/13 8.31b (PWD, AO)
\bibhang=\skip51
\bibsep=\skip52
LaTeX Info: Redefining \cite on input line 694.
\c@NAT@ctr=\count193
)
(C:\Users\orfuc\AppData\Local\Programs\MiKTeX\tex/latex/caption\caption.sty
Package: caption 2023/07/31 v3.6n Customizing captions (AR)

(C:\Users\orfuc\AppData\Local\Programs\MiKTeX\tex/latex/caption\caption3.sty
Package: caption3 2023/07/31 v2.4d caption3 kernel (AR)
\caption@tempdima=\dimen143
\captionmargin=\dimen144
\caption@leftmargin=\dimen145
\caption@rightmargin=\dimen146
\caption@width=\dimen147
\caption@indent=\dimen148
\caption@parindent=\dimen149
\caption@hangindent=\dimen150
Package caption Info: Standard document class detected.
)
\c@caption@flags=\count194
\c@continuedfloat=\count195
)
(C:\Users\orfuc\AppData\Local\Programs\MiKTeX\tex/latex/mathtools\mathtools.sty
Package: mathtools 2022/06/29 v1.29 mathematical typesetting tools
(C:\Users\orfuc\AppData\Local\Programs\MiKTeX\tex/latex/tools\calc.sty
Package: calc 2017/05/25 v4.3 Infix arithmetic (KKT,FJ)
\calc@Acount=\count196
\calc@Bcount=\count197
\calc@Adimen=\dimen151
\calc@Bdimen=\dimen152
\calc@Askip=\skip53
\calc@Bskip=\skip54
LaTeX Info: Redefining \setlength on input line 80.
LaTeX Info: Redefining \addtolength on input line 81.
\calc@Ccount=\count198
\calc@Cskip=\skip55
)
(C:\Users\orfuc\AppData\Local\Programs\MiKTeX\tex/latex/mathtools\mhsetup.sty
Package: mhsetup 2021/03/18 v1.4 programming setup (MH)
)
(C:\Users\orfuc\AppData\Local\Programs\MiKTeX\tex/latex/amsmath\amsmath.sty
Package: amsmath 2023/05/13 v2.17o AMS math features
\@mathmargin=\skip56

For additional information on amsmath, use the `?' option.
(C:\Users\orfuc\AppData\Local\Programs\MiKTeX\tex/latex/amsmath\amstext.sty
Package: amstext 2021/08/26 v2.01 AMS text

(C:\Users\orfuc\AppData\Local\Programs\MiKTeX\tex/latex/amsmath\amsgen.sty
File: amsgen.sty 1999/11/30 v2.0 generic functions
\@emptytoks=\toks18
\ex@=\dimen153
))
(C:\Users\orfuc\AppData\Local\Programs\MiKTeX\tex/latex/amsmath\amsbsy.sty
Package: amsbsy 1999/11/29 v1.2d Bold Symbols
\pmbraise@=\dimen154
)
(C:\Users\orfuc\AppData\Local\Programs\MiKTeX\tex/latex/amsmath\amsopn.sty
Package: amsopn 2022/04/08 v2.04 operator names
)
\inf@bad=\count199
LaTeX Info: Redefining \frac on input line 234.
\uproot@=\count266
\leftroot@=\count267
LaTeX Info: Redefining \overline on input line 399.
LaTeX Info: Redefining \colon on input line 410.
\classnum@=\count268
\DOTSCASE@=\count269
LaTeX Info: Redefining \ldots on input line 496.
LaTeX Info: Redefining \dots on input line 499.
LaTeX Info: Redefining \cdots on input line 620.
\Mathstrutbox@=\box51
\strutbox@=\box52
LaTeX Info: Redefining \big on input line 722.
LaTeX Info: Redefining \Big on input line 723.
LaTeX Info: Redefining \bigg on input line 724.
LaTeX Info: Redefining \Bigg on input line 725.
\big@size=\dimen155
LaTeX Font Info:    Redeclaring font encoding OML on input line 743.
LaTeX Font Info:    Redeclaring font encoding OMS on input line 744.
\macc@depth=\count270
LaTeX Info: Redefining \bmod on input line 905.
LaTeX Info: Redefining \pmod on input line 910.
LaTeX Info: Redefining \smash on input line 940.
LaTeX Info: Redefining \relbar on input line 970.
LaTeX Info: Redefining \Relbar on input line 971.
\c@MaxMatrixCols=\count271
\dotsspace@=\muskip17
\c@parentequation=\count272
\dspbrk@lvl=\count273
\tag@help=\toks19
\row@=\count274
\column@=\count275
\maxfields@=\count276
\andhelp@=\toks20
\eqnshift@=\dimen156
\alignsep@=\dimen157
\tagshift@=\dimen158
\tagwidth@=\dimen159
\totwidth@=\dimen160
\lineht@=\dimen161
\@envbody=\toks21
\multlinegap=\skip57
\multlinetaggap=\skip58
\mathdisplay@stack=\toks22
LaTeX Info: Redefining \[ on input line 2953.
LaTeX Info: Redefining \] on input line 2954.
)
\g_MT_multlinerow_int=\count277
\l_MT_multwidth_dim=\dimen162
\origjot=\skip59
\l_MT_shortvdotswithinadjustabove_dim=\dimen163
\l_MT_shortvdotswithinadjustbelow_dim=\dimen164
\l_MT_above_intertext_sep=\dimen165
\l_MT_below_intertext_sep=\dimen166
\l_MT_above_shortintertext_sep=\dimen167
\l_MT_below_shortintertext_sep=\dimen168
\xmathstrut@box=\box53
\xmathstrut@dim=\dimen169
)
(C:\Users\orfuc\AppData\Local\Programs\MiKTeX\tex/latex/amsfonts\amssymb.sty
Package: amssymb 2013/01/14 v3.01 AMS font symbols

(C:\Users\orfuc\AppData\Local\Programs\MiKTeX\tex/latex/amsfonts\amsfonts.sty
Package: amsfonts 2013/01/14 v3.01 Basic AMSFonts support
\symAMSa=\mathgroup4
\symAMSb=\mathgroup5
LaTeX Font Info:    Redeclaring math symbol \hbar on input line 98.
LaTeX Font Info:    Overwriting math alphabet `\mathfrak' in version `bold'
(Font)                  U/euf/m/n --> U/euf/b/n on input line 106.
)) (C:\Users\orfuc\AppData\Local\Programs\MiKTeX\tex/latex/multirow\multirow.st
y
Package: multirow 2021/03/15 v2.8 Span multiple rows of a table
\multirow@colwidth=\skip60
\multirow@cntb=\count278
\multirow@dima=\skip61
\bigstrutjot=\dimen170
)
(C:\Users\orfuc\AppData\Local\Programs\MiKTeX\tex/latex/algorithm2e\algorithm2e
.sty
Package: algorithm2e 2017/07/18 v5.2 algorithms environments
\c@AlgoLine=\count279
 (C:\Users\orfuc\AppData\Local\Programs\MiKTeX\tex/latex/base\ifthen.sty
Package: ifthen 2022/04/13 v1.1d Standard LaTeX ifthen package (DPC)
)
\algocf@hangindent=\skip62

(C:\Users\orfuc\AppData\Local\Programs\MiKTeX\tex/latex/ifoddpage\ifoddpage.sty
Package: ifoddpage 2022/10/18 v1.2 Conditionals for odd/even page detection
\c@checkoddpage=\count280
) (C:\Users\orfuc\AppData\Local\Programs\MiKTeX\tex/latex/tools\xspace.sty
Package: xspace 2014/10/28 v1.13 Space after command names (DPC,MH)
)
(C:\Users\orfuc\AppData\Local\Programs\MiKTeX\tex/latex/relsize\relsize.sty
Package: relsize 2013/03/29 ver 4.1
)
\skiptotal=\skip63
\skiplinenumber=\skip64
\skiprule=\skip65
\skiphlne=\skip66
\skiptext=\skip67
\skiplength=\skip68
\algomargin=\skip69
\skipalgocfslide=\skip70
\algowidth=\dimen171
\inoutsize=\dimen172
\inoutindent=\dimen173
\interspacetitleruled=\dimen174
\interspacealgoruled=\dimen175
\interspacetitleboxruled=\dimen176
\algocf@ruledwidth=\skip71
\algocf@inoutbox=\box54
\algocf@inputbox=\box55
\AlCapSkip=\skip72
\AlCapHSkip=\skip73
\algoskipindent=\skip74
\algocf@nlbox=\box56
\algocf@hangingbox=\box57
\algocf@untilbox=\box58
\algocf@skipuntil=\skip75
\algocf@capbox=\box59
\algocf@lcaptionbox=\skip76
\algoheightruledefault=\skip77
\algoheightrule=\skip78
\algotitleheightruledefault=\skip79
\algotitleheightrule=\skip80
\c@algocfline=\count281
\c@algocfproc=\count282
\c@algocf=\count283
\algocf@algoframe=\box60
\algocf@algobox=\box61
)
(C:\Users\orfuc\AppData\Local\Programs\MiKTeX\tex/latex/csquotes\csquotes.sty
Package: csquotes 2022-09-14 v5.2n context-sensitive quotations (JAW)

(C:\Users\orfuc\AppData\Local\Programs\MiKTeX\tex/latex/etoolbox\etoolbox.sty
Package: etoolbox 2020/10/05 v2.5k e-TeX tools for LaTeX (JAW)
\etb@tempcnta=\count284
)
\csq@reset=\count285
\csq@gtype=\count286
\csq@glevel=\count287
\csq@qlevel=\count288
\csq@maxlvl=\count289
\csq@tshold=\count290
\csq@ltx@everypar=\toks23

(C:\Users\orfuc\AppData\Local\Programs\MiKTeX\tex/latex/csquotes\csquotes.def
File: csquotes.def 2022-09-14 v5.2n csquotes generic definitions (JAW)
)
Package csquotes Info: Trying to load configuration file 'csquotes.cfg'...
Package csquotes Info: ... configuration file loaded successfully.

(C:\Users\orfuc\AppData\Local\Programs\MiKTeX\tex/latex/csquotes\csquotes.cfg
File: csquotes.cfg 
)
Package csquotes Info: Enabling multilingual quotes.
) (C:\Users\orfuc\AppData\Local\Programs\MiKTeX\tex/latex/base\inputenc.sty
Package: inputenc 2021/02/14 v1.3d Input encoding file
\inpenc@prehook=\toks24
\inpenc@posthook=\toks25
)
(C:\Users\orfuc\AppData\Local\Programs\MiKTeX\tex/generic/soul\soul.sty
Package: soul 2023-06-14 v3.1 Permit use of UTF-8 characters in soul (HO)

(C:\Users\orfuc\AppData\Local\Programs\MiKTeX\tex/generic/soul\soul-ori.sty
Package: soul-ori 2023-06-14 v3.1 letterspacing/underlining (mf)
\SOUL@word=\toks26
\SOUL@lasttoken=\toks27
\SOUL@syllable=\toks28
\SOUL@cmds=\toks29
\SOUL@buffer=\toks30
\SOUL@token=\toks31
\SOUL@syllgoal=\dimen177
\SOUL@syllwidth=\dimen178
\SOUL@charkern=\dimen179
\SOUL@hyphkern=\dimen180
\SOUL@dimen=\dimen181
\SOUL@dimeni=\dimen182
\SOUL@minus=\count291
\SOUL@comma=\count292
\SOUL@apo=\count293
\SOUL@grave=\count294
\SOUL@spaceskip=\skip81
\SOUL@ttwidth=\dimen183
\SOUL@uldp=\dimen184
\SOUL@ulht=\dimen185
)
(C:\Users\orfuc\AppData\Local\Programs\MiKTeX\tex/generic/infwarerr\infwarerr.s
ty
Package: infwarerr 2019/12/03 v1.5 Providing info/warning/error messages (HO)
)
(C:\Users\orfuc\AppData\Local\Programs\MiKTeX\tex/generic/etexcmds\etexcmds.sty
Package: etexcmds 2019/12/15 v1.7 Avoid name clashes with e-TeX commands (HO)
(C:\Users\orfuc\AppData\Local\Programs\MiKTeX\tex/generic/iftex\iftex.sty
Package: iftex 2022/02/03 v1.0f TeX engine tests
)))
(C:\Users\orfuc\AppData\Local\Programs\MiKTeX\tex/latex/xcolor\xcolor.sty
Package: xcolor 2022/06/12 v2.14 LaTeX color extensions (UK)

(C:\Users\orfuc\AppData\Local\Programs\MiKTeX\tex/latex/graphics-cfg\color.cfg
File: color.cfg 2016/01/02 v1.6 sample color configuration
)
Package xcolor Info: Driver file: pdftex.def on input line 227.
LaTeX Info: Redefining \color on input line 711.
(C:\Users\orfuc\AppData\Local\Programs\MiKTeX\tex/latex/graphics\mathcolor.ltx)
Package xcolor Info: Model `cmy' substituted by `cmy0' on input line 1353.
Package xcolor Info: Model `hsb' substituted by `rgb' on input line 1357.
Package xcolor Info: Model `RGB' extended on input line 1369.
Package xcolor Info: Model `HTML' substituted by `rgb' on input line 1371.
Package xcolor Info: Model `Hsb' substituted by `hsb' on input line 1372.
Package xcolor Info: Model `tHsb' substituted by `hsb' on input line 1373.
Package xcolor Info: Model `HSB' substituted by `hsb' on input line 1374.
Package xcolor Info: Model `Gray' substituted by `gray' on input line 1375.
Package xcolor Info: Model `wave' substituted by `hsb' on input line 1376.
)

Package csquotes Warning: Load 'inputenc' before 'csquotes' on input line 129.

Package csquotes Info: Checking for multilingual support...
Package csquotes Info: ... none found.

Package csquotes Warning: No multilingual support.
(csquotes)                Cannot enable multilingual quotes on input line 129.

LaTeX Font Info:    Trying to load font information for OT1+ptm on input line 1
29.
(C:\Users\orfuc\AppData\Local\Programs\MiKTeX\tex/latex/psnfss\ot1ptm.fd
File: ot1ptm.fd 2001/06/04 font definitions for OT1/ptm.
)
(C:\Users\orfuc\AppData\Local\Programs\MiKTeX\tex/latex/l3backend\l3backend-pdf
tex.def
File: l3backend-pdftex.def 2023-04-19 L3 backend support: PDF output (pdfTeX)
\l__color_backend_stack_int=\count295
\l__pdf_internal_box=\box62
) (arxiv_changed.aux)
\openout1 = `arxiv_changed.aux'.

LaTeX Font Info:    Checking defaults for OML/cmm/m/it on input line 129.
LaTeX Font Info:    ... okay on input line 129.
LaTeX Font Info:    Checking defaults for OMS/cmsy/m/n on input line 129.
LaTeX Font Info:    ... okay on input line 129.
LaTeX Font Info:    Checking defaults for OT1/cmr/m/n on input line 129.
LaTeX Font Info:    ... okay on input line 129.
LaTeX Font Info:    Checking defaults for T1/cmr/m/n on input line 129.
LaTeX Font Info:    ... okay on input line 129.
LaTeX Font Info:    Checking defaults for TS1/cmr/m/n on input line 129.
LaTeX Font Info:    ... okay on input line 129.
LaTeX Font Info:    Checking defaults for OMX/cmex/m/n on input line 129.
LaTeX Font Info:    ... okay on input line 129.
LaTeX Font Info:    Checking defaults for U/cmr/m/n on input line 129.
LaTeX Font Info:    ... okay on input line 129.

(C:\Users\orfuc\AppData\Local\Programs\MiKTeX\tex/context/base/mkii\supp-pdf.mk
ii
[Loading MPS to PDF converter (version 2006.09.02).]
\scratchcounter=\count296
\scratchdimen=\dimen186
\scratchbox=\box63
\nofMPsegments=\count297
\nofMParguments=\count298
\everyMPshowfont=\toks32
\MPscratchCnt=\count299
\MPscratchDim=\dimen187
\MPnumerator=\count300
\makeMPintoPDFobject=\count301
\everyMPtoPDFconversion=\toks33
)
(C:\Users\orfuc\AppData\Local\Programs\MiKTeX\tex/latex/epstopdf-pkg\epstopdf-b
ase.sty
Package: epstopdf-base 2020-01-24 v2.11 Base part for package epstopdf
Package epstopdf-base Info: Redefining graphics rule for `.eps' on input line 4
85.

(C:\Users\orfuc\AppData\Local\Programs\MiKTeX\tex/latex/00miktex\epstopdf-sys.c
fg
File: epstopdf-sys.cfg 2021/03/18 v2.0 Configuration of epstopdf for MiKTeX
))
Package caption Info: Begin \AtBeginDocument code.
Package caption Info: End \AtBeginDocument code.
\titlearea=\box64
LaTeX Font Info:    Trying to load font information for U+msa on input line 131
.
 (C:\Users\orfuc\AppData\Local\Programs\MiKTeX\tex/latex/amsfonts\umsa.fd
File: umsa.fd 2013/01/14 v3.01 AMS symbols A
)
LaTeX Font Info:    Trying to load font information for U+msb on input line 131
.

(C:\Users\orfuc\AppData\Local\Programs\MiKTeX\tex/latex/amsfonts\umsb.fd
File: umsb.fd 2013/01/14 v3.01 AMS symbols B
)
\actualheight=\skip82

Underfull \vbox (badness 10000) detected at line 131
 []

LaTeX Font Info:    Trying to load font information for TS1+ptm on input line 1
31.
(C:\Users\orfuc\AppData\Local\Programs\MiKTeX\tex/latex/psnfss\ts1ptm.fd
File: ts1ptm.fd 2001/06/04 font definitions for TS1/ptm.
)
Excluding 'comment' comment.

Package natbib Warning: Citation `myhre2013climate' on page 1 undefined on inpu
t line 153.


Package natbib Warning: Citation `shi2015public' on page 1 undefined on input l
ine 153.


Package natbib Warning: Citation `lineman2015talking' on page 1 undefined on in
put line 154.


Package natbib Warning: Citation `jang2015polarized' on page 1 undefined on inp
ut line 154.


Package natbib Warning: Citation `cann2021ideological' on page 1 undefined on i
nput line 154.


Underfull \hbox (badness 10000) in paragraph at lines 154--154
[][]\OT1/ptm/m/n/9 https://www.euronews.com/green/2021/11/18/climate-
 []


Underfull \hbox (badness 10000) in paragraph at lines 154--154
\OT1/ptm/m/n/9 misinformation-is-getting-more-sophisticated-and-experts-say-
 []


Package natbib Warning: Citation `zhou2021confirmation' on page 1 undefined on 
input line 154.


Package natbib Warning: Citation `argyris2021using' on page 1 undefined on inpu
t line 155.


Package natbib Warning: Citation `mohammad2016semeval' on page 1 undefined on i
nput line 155.


Package natbib Warning: Citation `li2019multi' on page 1 undefined on input lin
e 157.


Package natbib Warning: Citation `wang2020neural' on page 1 undefined on input 
line 157.


Package natbib Warning: Citation `zhou2021confirmation' on page 1 undefined on 
input line 157.


Package natbib Warning: Citation `kabaghe66classifying' on page 1 undefined on 
input line 157.

[1{C:/Users/orfuc/AppData/Local/MiKTeX/fonts/map/pdftex/pdftex.map}{C:/Users/or
fuc/AppData/Local/Programs/MiKTeX/fonts/enc/dvips/base/8r.enc}



]

Package natbib Warning: Citation `majumder2019sentiment' on page 2 undefined on
 input line 158.


Package natbib Warning: Citation `dahal2019topic' on page 2 undefined on input 
line 158.


Package natbib Warning: Citation `el2021novel' on page 2 undefined on input lin
e 158.


Package natbib Warning: Citation `DBLP:conf/aaai/GautamVM21' on page 2 undefine
d on input line 159.


Underfull \hbox (badness 3895) in paragraph at lines 162--162
[][]\OT1/ptm/m/n/9 The dataset and code are avail-able at the repos-i-tory:
 []

Excluding 'comment' comment.

Package natbib Warning: Citation `clayton2020climate' on page 2 undefined on in
put line 182.


Package natbib Warning: Citation `lineman2015talking' on page 2 undefined on in
put line 182.


Package natbib Warning: Citation `dahal2019topic' on page 2 undefined on input 
line 182.


Package natbib Warning: Citation `jang2015polarized' on page 2 undefined on inp
ut line 185.


Package natbib Warning: Citation `chen2019detecting' on page 2 undefined on inp
ut line 190.


Package natbib Warning: Citation `tyagi2020polarizing' on page 2 undefined on i
nput line 190.


Package natbib Warning: Citation `vychegzhanin2021new' on page 2 undefined on i
nput line 191.


Package natbib Warning: Citation `wang2020neural' on page 2 undefined on input 
line 191.


Package natbib Warning: Citation `luo2020detecting' on page 2 undefined on inpu
t line 191.


Package natbib Warning: Citation `kabaghe66classifying' on page 2 undefined on 
input line 191.

Excluding 'comment' comment.

Package natbib Warning: Citation `wang2020neural' on page 2 undefined on input 
line 204.


Package natbib Warning: Citation `sen2020reliability' on page 2 undefined on in
put line 204.


Package natbib Warning: Citation `cody2015climate' on page 2 undefined on input
 line 204.


Package natbib Warning: Citation `jiang2017comparing' on page 2 undefined on in
put line 204.


Package natbib Warning: Citation `el2021novel' on page 2 undefined on input lin
e 204.

[2]

Package natbib Warning: Citation `caruana1997multitask' on page 3 undefined on 
input line 207.


Package natbib Warning: Citation `li2019multi' on page 3 undefined on input lin
e 208.


Package natbib Warning: Citation `chauhan2019attention' on page 3 undefined on 
input line 208.

Excluding 'comment' comment. Excluding 'comment' comment.

Package natbib Warning: Citation `misra-etal-2016-nlds' on page 3 undefined on 
input line 229.


Package natbib Warning: Citation `tyagi2020polarizing' on page 3 undefined on i
nput line 229.


Package natbib Warning: Citation `DVN/5QCCUU_2019' on page 3 undefined on input
 line 229.


Package natbib Warning: Citation `samantray2019credibility' on page 3 undefined
 on input line 229.


LaTeX Warning: No positions in optional float specifier.
               Default added (so using `tbp') on input line 234.


Overfull \hbox (7.89456pt too wide) in paragraph at lines 244--247
 [][] 
 []


LaTeX Warning: No positions in optional float specifier.
               Default added (so using `tbp') on input line 251.

Excluding 'comment' comment. Excluding 'comment' comment.

Package natbib Warning: Citation `tyagi2020polarizing' on page 3 undefined on i
nput line 352.


Package natbib Warning: Citation `tyagi2020computational' on page 3 undefined o
n input line 352.


Package natbib Warning: Citation `weber2013secular' on page 3 undefined on inpu
t line 352.


Package natbib Warning: Citation `garimella2018quantifying' on page 3 undefined
 on input line 352.


Package natbib Warning: Citation `spitzer1967quantification' on page 3 undefine
d on input line 352.

Excluding 'comment' comment. [3]

Package natbib Warning: Citation `singh2021multitask' on page 4 undefined on in
put line 366.


Package natbib Warning: Citation `hutto2014vader' on page 4 undefined on input 
line 366.


Package natbib Warning: Citation `baziotis2017datastories' on page 4 undefined 
on input line 387.


Package natbib Warning: Citation `grootendorst2020bertopic' on page 4 undefined
 on input line 388.


Package natbib Warning: Citation `anwar2021analyzing' on page 4 undefined on in
put line 388.

[4] Excluding 'comment' comment.
Underfull \hbox (badness 1028) in paragraph at lines 426--427
\OT1/ptm/m/n/10 de-pend-ing on the shar-ing of fea-tures across the tasks:
 []


Underfull \hbox (badness 2237) in paragraph at lines 427--428
\OT1/ptm/m/n/10 (ii)\OT1/ptm/b/it/10 Shared-Private Multi-Task Model (SP-MT)\OT
1/ptm/m/n/10 : In the
 []

<images/shared_only_mark.png, id=23, 583.17876pt x 399.4925pt>
File: images/shared_only_mark.png Graphic file (type png)
<use images/shared_only_mark.png>
Package pdftex.def Info: images/shared_only_mark.png  used on input line 432.
(pdftex.def)             Requested size: 203.48668pt x 139.39166pt.
Excluding 'comment' comment.
<images/main_rev_1_update.png, id=25, 830.10126pt x 647.41875pt>
File: images/main_rev_1_update.png Graphic file (type png)
<use images/main_rev_1_update.png>
Package pdftex.def Info: images/main_rev_1_update.png  used on input line 466.
(pdftex.def)             Requested size: 258.00496pt x 201.22131pt.

Overfull \hbox (5.05997pt too wide) in paragraph at lines 466--470
[][] 
 []

<images/attn_mark_rev.png, id=26, 850.17625pt x 728.7225pt>
File: images/attn_mark_rev.png Graphic file (type png)
<use images/attn_mark_rev.png>
Package pdftex.def Info: images/attn_mark_rev.png  used on input line 475.
(pdftex.def)             Requested size: 265.593pt x 227.64738pt.

Overfull \hbox (12.64801pt too wide) in paragraph at lines 475--479
[][] 
 []


Overfull \hbox (1.90001pt too wide) in paragraph at lines 465--483
[]$[]$ $[]$ 
 []


Package natbib Warning: Citation `DBLP:conf/naacl/DevlinCLT19' on page 5 undefi
ned on input line 487.


Package natbib Warning: Citation `DBLP:conf/coling/ZhouQZXBX16' on page 5 undef
ined on input line 487.


Package natbib Warning: Citation `bahdanau2014neural' on page 5 undefined on in
put line 495.


Package natbib Warning: Citation `vaswani2017attention' on page 5 undefined on 
input line 495.

[5 <./images/shared_only_mark.png>]

Package natbib Warning: Citation `vaswani2017attention' on page 6 undefined on 
input line 498.


Package natbib Warning: Citation `wu2019different' on page 6 undefined on input
 line 522.


Package natbib Warning: Citation `wu2019different' on page 6 undefined on input
 line 523.


Package natbib Warning: Citation `wu2019different' on page 6 undefined on input
 line 528.

[6 <./images/main_rev_1_update.png> <./images/attn_mark_rev.png>]

Package natbib Warning: Citation `mou2015natural' on page 7 undefined on input 
line 548.


Package natbib Warning: Citation `DBLP:conf/acl/LiuQH17' on page 7 undefined on
 input line 561.


Package natbib Warning: Citation `mohammad2016semeval' on page 7 undefined on i
nput line 567.


LaTeX Warning: No positions in optional float specifier.
               Default added (so using `tbp') on input line 568.


LaTeX Warning: No positions in optional float specifier.
               Default added (so using `tbp') on input line 586.


Package natbib Warning: Citation `bergstra2013hyperopt' on page 7 undefined on 
input line 610.


Package natbib Warning: Citation `argyris2021using' on page 7 undefined on inpu
t line 615.


Package natbib Warning: Citation `vychegzhanin2021new' on page 7 undefined on i
nput line 617.


Package natbib Warning: Citation `wang2020neural' on page 7 undefined on input 
line 619.


Package natbib Warning: Citation `li2019multi' on page 7 undefined on input lin
e 621.


Package natbib Warning: Citation `kabaghe66classifying' on page 7 undefined on 
input line 623.


Package natbib Warning: Citation `chen2019detecting' on page 7 undefined on inp
ut line 625.


Package natbib Warning: Citation `sobhani2016detecting' on page 7 undefined on 
input line 626.

[7]

Package natbib Warning: Citation `vychegzhanin2021new' on page 8 undefined on i
nput line 628.


Package natbib Warning: Citation `wang2020neural' on page 8 undefined on input 
line 628.


Package natbib Warning: Citation `li2019multi' on page 8 undefined on input lin
e 628.


Package natbib Warning: Citation `sobhani2016detecting' on page 8 undefined on 
input line 628.


Overfull \hbox (13.21306pt too wide) in paragraph at lines 666--669
 [][] 
 []

Excluding 'comment' comment. [8]

Package natbib Warning: Citation `welch1947generalization' on page 9 undefined 
on input line 730.


Package natbib Warning: Citation `vychegzhanin2021new' on page 9 undefined on i
nput line 733.


Package natbib Warning: Citation `wang2020neural' on page 9 undefined on input 
line 733.


Package natbib Warning: Citation `li2019multi' on page 9 undefined on input lin
e 733.


Package natbib Warning: Citation `li2019multi' on page 9 undefined on input lin
e 734.

Excluding 'comment' comment.

Package natbib Warning: Citation `vychegzhanin2021new' on page 9 undefined on i
nput line 786.


Package natbib Warning: Citation `wang2020neural' on page 9 undefined on input 
line 786.


Package natbib Warning: Citation `li2019multi' on page 9 undefined on input lin
e 786.


Package natbib Warning: Citation `kabaghe66classifying' on page 9 undefined on 
input line 786.


Package natbib Warning: Citation `chen2019detecting' on page 9 undefined on inp
ut line 786.


Package natbib Warning: Citation `sobhani2016detecting' on page 9 undefined on 
input line 786.

[9]

Package natbib Warning: Citation `wang2020neural' on page 10 undefined on input
 line 806.


Package natbib Warning: Citation `li2019multi' on page 10 undefined on input li
ne 806.


Overfull \hbox (8.54568pt too wide) in paragraph at lines 806--809
 [][] 
 []


Package natbib Warning: Citation `zhou2021confirmation' on page 10 undefined on
 input line 814.

No file arxiv_changed.bbl.
[10]

Package natbib Warning: There were undefined citations.

[11

] (arxiv_changed.aux)
 ***********
LaTeX2e <2023-06-01> patch level 1
L3 programming layer <2023-08-29>
 ***********
 ) 
Here is how much of TeX's memory you used:
 8206 strings out of 475247
 134294 string characters out of 5757792
 1964801 words of memory out of 5000000
 29601 multiletter control sequences out of 15000+600000
 581175 words of font info for 81 fonts, out of 8000000 for 9000
 1141 hyphenation exceptions out of 8191
 70i,24n,79p,2881b,535s stack positions out of 10000i,1000n,20000p,200000b,200000s
<C:/Users/orfuc/AppData/Local/Programs/MiKTeX/fonts/type1/public/amsfonts/cm/
cmmi10.pfb><C:/Users/orfuc/AppData/Local/Programs/MiKTeX/fonts/type1/public/ams
fonts/cm/cmmi5.pfb><C:/Users/orfuc/AppData/Local/Programs/MiKTeX/fonts/type1/pu
blic/amsfonts/cm/cmmi7.pfb><C:/Users/orfuc/AppData/Local/Programs/MiKTeX/fonts/
type1/public/amsfonts/cm/cmr10.pfb><C:/Users/orfuc/AppData/Local/Programs/MiKTe
X/fonts/type1/public/amsfonts/cm/cmr7.pfb><C:/Users/orfuc/AppData/Local/Program
s/MiKTeX/fonts/type1/public/amsfonts/cm/cmsy10.pfb><C:/Users/orfuc/AppData/Loca
l/Programs/MiKTeX/fonts/type1/public/amsfonts/cm/cmsy7.pfb><C:/Users/orfuc/AppD
ata/Local/Programs/MiKTeX/fonts/type1/public/amsfonts/symbols/msbm10.pfb><C:/Us
ers/orfuc/AppData/Local/Programs/MiKTeX/fonts/type1/urw/times/utmb8a.pfb><C:/Us
ers/orfuc/AppData/Local/Programs/MiKTeX/fonts/type1/urw/times/utmbi8a.pfb><C:/U
sers/orfuc/AppData/Local/Programs/MiKTeX/fonts/type1/urw/times/utmr8a.pfb><C:/U
sers/orfuc/AppData/Local/Programs/MiKTeX/fonts/type1/urw/times/utmri8a.pfb>
Output written on arxiv_changed.pdf (11 pages, 404742 bytes).
PDF statistics:
 106 PDF objects out of 1000 (max. 8388607)
 0 named destinations out of 1000 (max. 500000)
 16 words of extra memory for PDF output out of 10000 (max. 10000000)

