This is pdfTeX, Version 3.141592653-2.6-1.40.25 (MiKTeX 23.5) (preloaded format=pdflatex 2024.1.12)  3 MAR 2024 15:21
entering extended mode
 restricted \write18 enabled.
 %&-line parsing enabled.
**./NonStationaryBandits_arxiv_changed.tex
(NonStationaryBandits_arxiv_changed.tex
LaTeX2e <2023-06-01> patch level 1
L3 programming layer <2023-08-29>
(C:\Users\orfuc\AppData\Local\Programs\MiKTeX\tex/latex/base\article.cls
Document Class: article 2023/05/17 v1.4n Standard LaTeX document class
(C:\Users\orfuc\AppData\Local\Programs\MiKTeX\tex/latex/base\size10.clo
File: size10.clo 2023/05/17 v1.4n Standard LaTeX file (size option)
)
\c@part=\count185
\c@section=\count186
\c@subsection=\count187
\c@subsubsection=\count188
\c@paragraph=\count189
\c@subparagraph=\count190
\c@figure=\count191
\c@table=\count192
\abovecaptionskip=\skip48
\belowcaptionskip=\skip49
\bibindent=\dimen140
)
(aaai18.sty
Conference Style for AAAI for LaTeX 2e -- version for the AAAI-18 conference
\titlebox=\skip50
) (C:\Users\orfuc\AppData\Local\Programs\MiKTeX\tex/latex/psnfss\times.sty
Package: times 2020/03/25 PSNFSS-v9.3 (SPQR) 
)
(C:\Users\orfuc\AppData\Local\Programs\MiKTeX\tex/latex/psnfss\helvet.sty
Package: helvet 2020/03/25 PSNFSS-v9.3 (WaS) 

(C:\Users\orfuc\AppData\Local\Programs\MiKTeX\tex/latex/graphics\keyval.sty
Package: keyval 2022/05/29 v1.15 key=value parser (DPC)
\KV@toks@=\toks17
))
(C:\Users\orfuc\AppData\Local\Programs\MiKTeX\tex/latex/psnfss\courier.sty
Package: courier 2020/03/25 PSNFSS-v9.3 (WaS) 
)
(C:\Users\orfuc\AppData\Local\Programs\MiKTeX\tex/latex/url\url.sty
\Urlmuskip=\muskip16
Package: url 2013/09/16  ver 3.4  Verb mode for urls, etc.
)
(C:\Users\orfuc\AppData\Local\Programs\MiKTeX\tex/latex/graphics\graphicx.sty
Package: graphicx 2021/09/16 v1.2d Enhanced LaTeX Graphics (DPC,SPQR)

(C:\Users\orfuc\AppData\Local\Programs\MiKTeX\tex/latex/graphics\graphics.sty
Package: graphics 2022/03/10 v1.4e Standard LaTeX Graphics (DPC,SPQR)

(C:\Users\orfuc\AppData\Local\Programs\MiKTeX\tex/latex/graphics\trig.sty
Package: trig 2021/08/11 v1.11 sin cos tan (DPC)
)
(C:\Users\orfuc\AppData\Local\Programs\MiKTeX\tex/latex/graphics-cfg\graphics.c
fg
File: graphics.cfg 2016/06/04 v1.11 sample graphics configuration
)
Package graphics Info: Driver file: pdftex.def on input line 107.

(C:\Users\orfuc\AppData\Local\Programs\MiKTeX\tex/latex/graphics-def\pdftex.def
File: pdftex.def 2022/09/22 v1.2b Graphics/color driver for pdftex
))
\Gin@req@height=\dimen141
\Gin@req@width=\dimen142
) (C:\Users\orfuc\AppData\Local\Programs\MiKTeX\tex/latex/bbm\bbm.sty
Package: bbm 1999/03/15 V 1.2 provides fonts for set symbols - TH
LaTeX Font Info:    Overwriting math alphabet `\mathbbm' in version `bold'
(Font)                  U/bbm/m/n --> U/bbm/bx/n on input line 33.
LaTeX Font Info:    Overwriting math alphabet `\mathbbmss' in version `bold'
(Font)                  U/bbmss/m/n --> U/bbmss/bx/n on input line 35.
)
(C:\Users\orfuc\AppData\Local\Programs\MiKTeX\tex/latex/amsmath\amsmath.sty
Package: amsmath 2023/05/13 v2.17o AMS math features
\@mathmargin=\skip51

For additional information on amsmath, use the `?' option.
(C:\Users\orfuc\AppData\Local\Programs\MiKTeX\tex/latex/amsmath\amstext.sty
Package: amstext 2021/08/26 v2.01 AMS text

(C:\Users\orfuc\AppData\Local\Programs\MiKTeX\tex/latex/amsmath\amsgen.sty
File: amsgen.sty 1999/11/30 v2.0 generic functions
\@emptytoks=\toks18
\ex@=\dimen143
))
(C:\Users\orfuc\AppData\Local\Programs\MiKTeX\tex/latex/amsmath\amsbsy.sty
Package: amsbsy 1999/11/29 v1.2d Bold Symbols
\pmbraise@=\dimen144
)
(C:\Users\orfuc\AppData\Local\Programs\MiKTeX\tex/latex/amsmath\amsopn.sty
Package: amsopn 2022/04/08 v2.04 operator names
)
\inf@bad=\count193
LaTeX Info: Redefining \frac on input line 234.
\uproot@=\count194
\leftroot@=\count195
LaTeX Info: Redefining \overline on input line 399.
LaTeX Info: Redefining \colon on input line 410.
\classnum@=\count196
\DOTSCASE@=\count197
LaTeX Info: Redefining \ldots on input line 496.
LaTeX Info: Redefining \dots on input line 499.
LaTeX Info: Redefining \cdots on input line 620.
\Mathstrutbox@=\box51
\strutbox@=\box52
LaTeX Info: Redefining \big on input line 722.
LaTeX Info: Redefining \Big on input line 723.
LaTeX Info: Redefining \bigg on input line 724.
LaTeX Info: Redefining \Bigg on input line 725.
\big@size=\dimen145
LaTeX Font Info:    Redeclaring font encoding OML on input line 743.
LaTeX Font Info:    Redeclaring font encoding OMS on input line 744.
\macc@depth=\count198
LaTeX Info: Redefining \bmod on input line 905.
LaTeX Info: Redefining \pmod on input line 910.
LaTeX Info: Redefining \smash on input line 940.
LaTeX Info: Redefining \relbar on input line 970.
LaTeX Info: Redefining \Relbar on input line 971.
\c@MaxMatrixCols=\count199
\dotsspace@=\muskip17
\c@parentequation=\count266
\dspbrk@lvl=\count267
\tag@help=\toks19
\row@=\count268
\column@=\count269
\maxfields@=\count270
\andhelp@=\toks20
\eqnshift@=\dimen146
\alignsep@=\dimen147
\tagshift@=\dimen148
\tagwidth@=\dimen149
\totwidth@=\dimen150
\lineht@=\dimen151
\@envbody=\toks21
\multlinegap=\skip52
\multlinetaggap=\skip53
\mathdisplay@stack=\toks22
LaTeX Info: Redefining \[ on input line 2953.
LaTeX Info: Redefining \] on input line 2954.
)
(C:\Users\orfuc\AppData\Local\Programs\MiKTeX\tex/latex/amscls\amsthm.sty
Package: amsthm 2020/05/29 v2.20.6
\thm@style=\toks23
\thm@bodyfont=\toks24
\thm@headfont=\toks25
\thm@notefont=\toks26
\thm@headpunct=\toks27
\thm@preskip=\skip54
\thm@postskip=\skip55
\thm@headsep=\skip56
\dth@everypar=\toks28
)
(C:\Users\orfuc\AppData\Local\Programs\MiKTeX\tex/latex/amsfonts\amssymb.sty
Package: amssymb 2013/01/14 v3.01 AMS font symbols

(C:\Users\orfuc\AppData\Local\Programs\MiKTeX\tex/latex/amsfonts\amsfonts.sty
Package: amsfonts 2013/01/14 v3.01 Basic AMSFonts support
\symAMSa=\mathgroup4
\symAMSb=\mathgroup5
LaTeX Font Info:    Redeclaring math symbol \hbar on input line 98.
LaTeX Font Info:    Overwriting math alphabet `\mathfrak' in version `bold'
(Font)                  U/euf/m/n --> U/euf/b/n on input line 106.
))
(C:\Users\orfuc\AppData\Local\Programs\MiKTeX\tex/latex/algorithms\algorithm.st
y
Package: algorithm 2009/08/24 v0.1 Document Style `algorithm' - floating enviro
nment
 (C:\Users\orfuc\AppData\Local\Programs\MiKTeX\tex/latex/float\float.sty
Package: float 2001/11/08 v1.3d Float enhancements (AL)
\c@float@type=\count271
\float@exts=\toks29
\float@box=\box53
\@float@everytoks=\toks30
\@floatcapt=\box54
)
(C:\Users\orfuc\AppData\Local\Programs\MiKTeX\tex/latex/base\ifthen.sty
Package: ifthen 2022/04/13 v1.1d Standard LaTeX ifthen package (DPC)
)
\@float@every@algorithm=\toks31
\c@algorithm=\count272
)
(C:\Users\orfuc\AppData\Local\Programs\MiKTeX\tex/latex/algorithms\algorithmic.
sty
Package: algorithmic 2009/08/24 v0.1 Document Style `algorithmic'
\c@ALC@unique=\count273
\c@ALC@line=\count274
\c@ALC@rem=\count275
\c@ALC@depth=\count276
\ALC@tlm=\skip57
\algorithmicindent=\skip58
)
(C:\Users\orfuc\AppData\Local\Programs\MiKTeX\tex/latex/caption\caption.sty
Package: caption 2023/07/31 v3.6n Customizing captions (AR)

(C:\Users\orfuc\AppData\Local\Programs\MiKTeX\tex/latex/caption\caption3.sty
Package: caption3 2023/07/31 v2.4d caption3 kernel (AR)
\caption@tempdima=\dimen152
\captionmargin=\dimen153
\caption@leftmargin=\dimen154
\caption@rightmargin=\dimen155
\caption@width=\dimen156
\caption@indent=\dimen157
\caption@parindent=\dimen158
\caption@hangindent=\dimen159
Package caption Info: Standard document class detected.
)
\c@caption@flags=\count277
\c@continuedfloat=\count278
Package caption Info: float package is loaded.
)
(C:\Users\orfuc\AppData\Local\Programs\MiKTeX\tex/latex/caption\subcaption.sty
Package: subcaption 2023/07/28 v1.6b Sub-captions (AR)
Package caption Info: New subtype `subfigure' on input line 238.
\c@subfigure=\count279
Package caption Info: New subtype `subtable' on input line 238.
\c@subtable=\count280
) (C:\Users\orfuc\AppData\Local\Programs\MiKTeX\tex/latex/multirow\multirow.sty
Package: multirow 2021/03/15 v2.8 Span multiple rows of a table
\multirow@colwidth=\skip59
\multirow@cntb=\count281
\multirow@dima=\skip60
\bigstrutjot=\dimen160
)
(C:\Users\orfuc\AppData\Local\Programs\MiKTeX\tex/latex/threeparttable\threepar
ttable.sty
Package: threeparttable 2003/06/13  v 3.0
\@tempboxb=\box55
)
\c@theorem=\count282
\c@corollary=\count283
\c@remark=\count284
\c@definition=\count285
\c@proposition=\count286
\c@lemma=\count287
\c@fact=\count288
\c@assumption=\count289

(C:\Users\orfuc\AppData\Local\Programs\MiKTeX\tex/latex/graphics\color.sty
Package: color 2022/01/06 v1.3d Standard LaTeX Color (DPC)

(C:\Users\orfuc\AppData\Local\Programs\MiKTeX\tex/latex/graphics-cfg\color.cfg
File: color.cfg 2016/01/02 v1.6 sample color configuration
)
Package color Info: Driver file: pdftex.def on input line 149.
(C:\Users\orfuc\AppData\Local\Programs\MiKTeX\tex/latex/graphics\mathcolor.ltx)
)
LaTeX Font Info:    Trying to load font information for OT1+ptm on input line 5
6.
 (C:\Users\orfuc\AppData\Local\Programs\MiKTeX\tex/latex/psnfss\ot1ptm.fd
File: ot1ptm.fd 2001/06/04 font definitions for OT1/ptm.
)
(C:\Users\orfuc\AppData\Local\Programs\MiKTeX\tex/latex/l3backend\l3backend-pdf
tex.def
File: l3backend-pdftex.def 2023-04-19 L3 backend support: PDF output (pdfTeX)
\l__color_backend_stack_int=\count290
\l__pdf_internal_box=\box56
) (NonStationaryBandits_arxiv_changed.aux)
\openout1 = `NonStationaryBandits_arxiv_changed.aux'.

LaTeX Font Info:    Checking defaults for OML/cmm/m/it on input line 56.
LaTeX Font Info:    ... okay on input line 56.
LaTeX Font Info:    Checking defaults for OMS/cmsy/m/n on input line 56.
LaTeX Font Info:    ... okay on input line 56.
LaTeX Font Info:    Checking defaults for OT1/cmr/m/n on input line 56.
LaTeX Font Info:    ... okay on input line 56.
LaTeX Font Info:    Checking defaults for T1/cmr/m/n on input line 56.
LaTeX Font Info:    ... okay on input line 56.
LaTeX Font Info:    Checking defaults for TS1/cmr/m/n on input line 56.
LaTeX Font Info:    ... okay on input line 56.
LaTeX Font Info:    Checking defaults for OMX/cmex/m/n on input line 56.
LaTeX Font Info:    ... okay on input line 56.
LaTeX Font Info:    Checking defaults for U/cmr/m/n on input line 56.
LaTeX Font Info:    ... okay on input line 56.

(C:\Users\orfuc\AppData\Local\Programs\MiKTeX\tex/context/base/mkii\supp-pdf.mk
ii
[Loading MPS to PDF converter (version 2006.09.02).]
\scratchcounter=\count291
\scratchdimen=\dimen161
\scratchbox=\box57
\nofMPsegments=\count292
\nofMParguments=\count293
\everyMPshowfont=\toks32
\MPscratchCnt=\count294
\MPscratchDim=\dimen162
\MPnumerator=\count295
\makeMPintoPDFobject=\count296
\everyMPtoPDFconversion=\toks33
)
(C:\Users\orfuc\AppData\Local\Programs\MiKTeX\tex/latex/epstopdf-pkg\epstopdf-b
ase.sty
Package: epstopdf-base 2020-01-24 v2.11 Base part for package epstopdf
Package epstopdf-base Info: Redefining graphics rule for `.eps' on input line 4
85.

(C:\Users\orfuc\AppData\Local\Programs\MiKTeX\tex/latex/00miktex\epstopdf-sys.c
fg
File: epstopdf-sys.cfg 2021/03/18 v2.0 Configuration of epstopdf for MiKTeX
))
Package caption Info: Begin \AtBeginDocument code.
Package caption Info: threeparttable package is loaded.
Package caption Info: End \AtBeginDocument code.
LaTeX Font Info:    Trying to load font information for U+msa on input line 66.

 (C:\Users\orfuc\AppData\Local\Programs\MiKTeX\tex/latex/amsfonts\umsa.fd
File: umsa.fd 2013/01/14 v3.01 AMS symbols A
)
LaTeX Font Info:    Trying to load font information for U+msb on input line 66.


(C:\Users\orfuc\AppData\Local\Programs\MiKTeX\tex/latex/amsfonts\umsb.fd
File: umsb.fd 2013/01/14 v3.01 AMS symbols B
)
LaTeX Font Info:    Trying to load font information for OMS+ptm on input line 6
6.

(C:\Users\orfuc\AppData\Local\Programs\MiKTeX\tex/latex/psnfss\omsptm.fd
File: omsptm.fd 
)
LaTeX Font Info:    Font shape `OMS/ptm/m/n' in size <10> not available
(Font)              Font shape `OMS/cmsy/m/n' tried instead on input line 66.
LaTeX Font Info:    Trying to load font information for TS1+ptm on input line 6
6.

(C:\Users\orfuc\AppData\Local\Programs\MiKTeX\tex/latex/psnfss\ts1ptm.fd
File: ts1ptm.fd 2001/06/04 font definitions for TS1/ptm.
)

LaTeX Warning: Citation `thompson1933likelihood' on page 1 undefined on input l
ine 71.


LaTeX Warning: Citation `thompson1933likelihood' on page 1 undefined on input l
ine 71.


LaTeX Warning: Citation `sutton1998reinforcement' on page 1 undefined on input 
line 71.


LaTeX Warning: Citation `li2016collaborative' on page 1 undefined on input line
 71.


LaTeX Warning: Citation `buccapatnam2017reward' on page 1 undefined on input li
ne 71.


LaTeX Warning: Citation `lai1985asymptotically' on page 1 undefined on input li
ne 71.


LaTeX Warning: Citation `lai1985asymptotically' on page 1 undefined on input li
ne 73.


LaTeX Warning: Citation `lai1985asymptotically' on page 1 undefined on input li
ne 73.


LaTeX Warning: Citation `agrawal2012analysis' on page 1 undefined on input line
 73.


LaTeX Warning: Citation `auer2002finite' on page 1 undefined on input line 73.


LaTeX Warning: Citation `bubeck2012regret' on page 1 undefined on input line 73
.


LaTeX Warning: Citation `bubeck2012regret' on page 1 undefined on input line 73
.


LaTeX Warning: Citation `alaya2008dynamic' on page 1 undefined on input line 75
.


LaTeX Warning: Citation `garivier2008upper' on page 1 undefined on input line 8
0.


LaTeX Warning: Citation `besbes2014stochastic' on page 1 undefined on input lin
e 80.


LaTeX Warning: Citation `wei2016tracking' on page 1 undefined on input line 80.



LaTeX Warning: Citation `hartland2007change' on page 1 undefined on input line 
80.


LaTeX Warning: Citation `mellor2013thompson' on page 1 undefined on input line 
80.


LaTeX Warning: Citation `allesiardo2015exp3' on page 1 undefined on input line 
80.


LaTeX Warning: Citation `kocsis2006discounted' on page 1 undefined on input lin
e 85.


LaTeX Warning: Citation `kocsis2006discounted' on page 1 undefined on input lin
e 85.


LaTeX Warning: Citation `garivier2008upper' on page 1 undefined on input line 8
5.


LaTeX Warning: Citation `doi:10.1137/S0097539701398375' on page 1 undefined on 
input line 85.


LaTeX Warning: Citation `cesa2006prediction' on page 1 undefined on input line 
85.


LaTeX Warning: Citation `besbes2014stochastic' on page 1 undefined on input lin
e 87.


LaTeX Warning: Citation `besbes2014stochastic' on page 1 undefined on input lin
e 87.


Underfull \vbox (badness 10000) has occurred while \output is active []

 [1{C:/Users/orfuc/AppData/Local/MiKTeX/fonts/map/pdftex/pdftex.map}{C:/Users/o
rfuc/AppData/Local/Programs/MiKTeX/fonts/enc/dvips/base/8r.enc}



]

LaTeX Warning: Citation `hartland2007change' on page 2 undefined on input line 
91.


LaTeX Warning: Citation `hartland2007change' on page 2 undefined on input line 
91.


LaTeX Warning: Citation `hinkley1971inference' on page 2 undefined on input lin
e 91.


LaTeX Warning: Citation `srivastava2014surveillance' on page 2 undefined on inp
ut line 91.


LaTeX Warning: Citation `mellor2013thompson' on page 2 undefined on input line 
91.


LaTeX Warning: Citation `mellor2013thompson' on page 2 undefined on input line 
91.


LaTeX Warning: Citation `hartland2007change' on page 2 undefined on input line 
91.


LaTeX Warning: Citation `hartland2007change' on page 2 undefined on input line 
91.


LaTeX Warning: Citation `allesiardo2015exp3' on page 2 undefined on input line 
91.


LaTeX Warning: Citation `mellor2013thompson' on page 2 undefined on input line 
95.

LaTeX Font Info:    Trying to load font information for U+bbm on input line 133
.
(C:\Users\orfuc\AppData\Local\Programs\MiKTeX\tex/latex/bbm\ubbm.fd
File: ubbm.fd 1999/03/15 V 1.2 Font definition for bbm font - TH
)

LaTeX Warning: Citation `yu2009piecewise' on page 2 undefined on input line 140
.


LaTeX Warning: Citation `yu2009piecewise' on page 2 undefined on input line 140
.


Underfull \hbox (badness 1014) in paragraph at lines 140--145
\OT1/ptm/m/n/10 We con-sider the no-tion of a \OT1/ptm/m/it/10 piecewise-\OT1/p
tm/m/n/10 stationary en-vi-
 []


Underfull \hbox (badness 1762) in paragraph at lines 140--145
\OT1/ptm/m/n/10 be the num-ber of break-points up to time $\OML/cmm/m/it/10 T$\
OT1/ptm/m/n/10 , $\OML/cmm/m/it/10 ^^M[] \OT1/cmr/m/n/10 =
 []

[2]

LaTeX Warning: Citation `garivier2008upper' on page 3 undefined on input line 1
48.


LaTeX Warning: Citation `garivier2008upper' on page 3 undefined on input line 1
48.


LaTeX Warning: Citation `mellor2013thompson' on page 3 undefined on input line 
148.


LaTeX Warning: Citation `mellor2013thompson' on page 3 undefined on input line 
148.


LaTeX Warning: Citation `yu2009piecewise' on page 3 undefined on input line 149
.


LaTeX Warning: Citation `yu2009piecewise' on page 3 undefined on input line 149
.


LaTeX Warning: Citation `besbes2014stochastic' on page 3 undefined on input lin
e 159.


LaTeX Warning: Citation `mellor2013thompson' on page 3 undefined on input line 
159.


LaTeX Warning: Citation `kaufmann2012thompson' on page 3 undefined on input lin
e 159.


LaTeX Warning: Citation `agrawal2012analysis' on page 3 undefined on input line
 159.


Underfull \hbox (badness 1584) in paragraph at lines 159--168
\OT1/ptm/b/n/10 ?\OT1/ptm/m/n/10 ; \OT1/ptm/b/n/10 ?\OT1/ptm/m/n/10 ; \OT1/ptm/
b/n/10 ?\OT1/ptm/m/n/10 ). By As-sump-tion 3[], the em-pir-i-cal av-er-age of
 []

<Slide1.pdf, id=30, 485.74072pt x 302.40076pt>
File: Slide1.pdf Graphic file (type pdf)
<use Slide1.pdf>
Package pdftex.def Info: Slide1.pdf  used on input line 172.
(pdftex.def)             Requested size: 177.06458pt x 110.23pt.

Underfull \hbox (badness 1817) in paragraph at lines 173--173
[]\OT1/ptm/m/n/10 Figure 1: |Change-detection based frame-work for non-
 []


LaTeX Warning: Citation `basseville1993detection' on page 3 undefined on input 
line 181.


Underfull \vbox (badness 4266) has occurred while \output is active []

 [3 <./Slide1.pdf>]
Overfull \hbox (8.69307pt too wide) in alignment at lines 272--278
 [][][] []
 []


LaTeX Warning: Citation `page1954continuous' on page 4 undefined on input line 
307.


LaTeX Warning: Citation `lorden1971procedures' on page 4 undefined on input lin
e 307.


LaTeX Warning: Reference `alg:CUSUM-UCB' on page 4 undefined on input line 401.



LaTeX Warning: Reference `app:cusumucb' on page 4 undefined on input line 401.


LaTeX Warning: Citation `hinkley1971inference' on page 4 undefined on input lin
e 405.

[4]

LaTeX Warning: Citation `yu2009piecewise' on page 5 undefined on input line 469
.


LaTeX Warning: Citation `yu2009piecewise' on page 5 undefined on input line 469
.


LaTeX Warning: Citation `yu2009piecewise' on page 5 undefined on input line 469
.


LaTeX Warning: Citation `yu2009piecewise' on page 5 undefined on input line 469
.


Underfull \hbox (badness 2173) in paragraph at lines 476--484
\OT1/ptm/m/it/10 and the con-di-tional ex-pected num-ber of false alarms
 []


Underfull \hbox (badness 10000) in paragraph at lines 501--503
\OT1/ptm/m/it/10 where $\OML/cmm/m/it/10 C[] \U/msa/m/n/10 , []\OT1/cmr/m/n/10 
(3) + 2 [](\OMS/cmsy/m/n/10 ^^@\OT1/cmr/m/n/10 2\OML/cmm/m/it/10 ^^O[]M\OT1/cmr
/m/n/10 )\OML/cmm/m/it/10 =^^U$\OT1/ptm/m/it/10 ,
 []


Underfull \hbox (badness 10000) in paragraph at lines 501--503
\OML/cmm/m/it/10 C[] \U/msa/m/n/10 , [] []$\OT1/ptm/m/it/10 , $\OML/cmm/m/it/10
 C[] \U/msa/m/n/10 ,
 []


LaTeX Warning: Citation `kocsis2006discounted' on page 5 undefined on input lin
e 548.


LaTeX Warning: Citation `garivier2008upper' on page 5 undefined on input line 5
48.


LaTeX Warning: Citation `besbes2014stochastic' on page 5 undefined on input lin
e 548.


LaTeX Warning: Citation `hartland2007change' on page 5 undefined on input line 
548.


LaTeX Warning: Citation `garivier2008upper' on page 5 undefined on input line 5
48.


LaTeX Warning: Citation `garivier2008upper' on page 5 undefined on input line 5
80.


LaTeX Warning: Citation `garivier2008upper' on page 5 undefined on input line 5
80.


LaTeX Warning: Citation `garivier2008upper' on page 5 undefined on input line 5
86.


LaTeX Warning: Citation `YahooWebScope' on page 5 undefined on input line 599.

[5]

LaTeX Warning: Reference `table:simul' on page 6 undefined on input line 621.


LaTeX Warning: Reference `app:simul' on page 6 undefined on input line 621.

<delta.pdf, id=77, 501.875pt x 301.125pt>
File: delta.pdf Graphic file (type pdf)
<use delta.pdf>
Package pdftex.def Info: delta.pdf  used on input line 650.
(pdftex.def)             Requested size: 227.64894pt x 136.58936pt.
<SWEN_all_NIPS.pdf, id=78, 501.875pt x 301.125pt>
File: SWEN_all_NIPS.pdf Graphic file (type pdf)
<use SWEN_all_NIPS.pdf>
Package pdftex.def Info: SWEN_all_NIPS.pdf  used on input line 655.
(pdftex.def)             Requested size: 227.64894pt x 136.58936pt.

LaTeX Warning: Citation `mellor2013thompson' on page 6 undefined on input line 
672.


LaTeX Warning: Citation `mellor2013thompson' on page 6 undefined on input line 
672.

<Yahoo_groundtruth.pdf, id=79, 501.875pt x 301.125pt>
File: Yahoo_groundtruth.pdf Graphic file (type pdf)
<use Yahoo_groundtruth.pdf>
Package pdftex.def Info: Yahoo_groundtruth.pdf  used on input line 711.
(pdftex.def)             Requested size: 227.64894pt x 136.58936pt.
<Yahoo_result_NIPS.pdf, id=80, 501.875pt x 301.125pt>
File: Yahoo_result_NIPS.pdf Graphic file (type pdf)
<use Yahoo_result_NIPS.pdf>
Package pdftex.def Info: Yahoo_result_NIPS.pdf  used on input line 715.
(pdftex.def)             Requested size: 227.64894pt x 136.58936pt.
<Yahoo_result_AAAI.pdf, id=81, 501.875pt x 301.125pt>
File: Yahoo_result_AAAI.pdf Graphic file (type pdf)
<use Yahoo_result_AAAI.pdf>
Package pdftex.def Info: Yahoo_result_AAAI.pdf  used on input line 725.
(pdftex.def)             Requested size: 227.64894pt x 136.58936pt.

LaTeX Warning: Citation `YahooWebScope' on page 6 undefined on input line 731.


LaTeX Warning: Citation `li2011unbiased' on page 6 undefined on input line 733.



LaTeX Warning: Citation `mellor2013thompson' on page 6 undefined on input line 
742.


LaTeX Warning: Citation `mellor2013thompson' on page 6 undefined on input line 
742.

[6 <./delta.pdf> <./SWEN_all_NIPS.pdf>]
Underfull \vbox (badness 1406) has occurred while \output is active []


Underfull \hbox (badness 1072) in paragraph at lines 789--790
\OT1/ptm/m/n/10 This work has been sup-ported in part by grants from
 []

No file NonStationaryBandits_arxiv_changed.bbl.

Underfull \hbox (badness 1226) in paragraph at lines 793--795
[]\OT1/ptm/m/n/10 Ducimus velit quam esse adip-isci quas volup-tat-i-bus,
 []

[7 <./Yahoo_groundtruth.pdf> <./Yahoo_result_NIPS.pdf> <./Yahoo_result_AAAI.pdf
>] [8

] (NonStationaryBandits_arxiv_changed.aux)
 ***********
LaTeX2e <2023-06-01> patch level 1
L3 programming layer <2023-08-29>
 ***********


LaTeX Warning: There were undefined references.

 ) 
Here is how much of TeX's memory you used:
 5152 strings out of 475247
 86620 string characters out of 5757792
 1953801 words of memory out of 5000000
 26587 multiletter control sequences out of 15000+600000
 587020 words of font info for 92 fonts, out of 8000000 for 9000
 1141 hyphenation exceptions out of 8191
 57i,14n,65p,1534b,765s stack positions out of 10000i,1000n,20000p,200000b,200000s
 <C:\Users\orfuc\AppData\Local\MiKTeX\fonts/pk/ljfour/public/bbm/dpi600\bbm10
.pk><C:/Users/orfuc/AppData/Local/Programs/MiKTeX/fonts/type1/public/amsfonts/c
m/cmex10.pfb><C:/Users/orfuc/AppData/Local/Programs/MiKTeX/fonts/type1/public/a
msfonts/cmextra/cmex9.pfb><C:/Users/orfuc/AppData/Local/Programs/MiKTeX/fonts/t
ype1/public/amsfonts/cm/cmmi10.pfb><C:/Users/orfuc/AppData/Local/Programs/MiKTe
X/fonts/type1/public/amsfonts/cm/cmmi5.pfb><C:/Users/orfuc/AppData/Local/Progra
ms/MiKTeX/fonts/type1/public/amsfonts/cm/cmmi6.pfb><C:/Users/orfuc/AppData/Loca
l/Programs/MiKTeX/fonts/type1/public/amsfonts/cm/cmmi7.pfb><C:/Users/orfuc/AppD
ata/Local/Programs/MiKTeX/fonts/type1/public/amsfonts/cm/cmmi9.pfb><C:/Users/or
fuc/AppData/Local/Programs/MiKTeX/fonts/type1/public/amsfonts/cm/cmr10.pfb><C:/
Users/orfuc/AppData/Local/Programs/MiKTeX/fonts/type1/public/amsfonts/cm/cmr5.p
fb><C:/Users/orfuc/AppData/Local/Programs/MiKTeX/fonts/type1/public/amsfonts/cm
/cmr6.pfb><C:/Users/orfuc/AppData/Local/Programs/MiKTeX/fonts/type1/public/amsf
onts/cm/cmr7.pfb><C:/Users/orfuc/AppData/Local/Programs/MiKTeX/fonts/type1/publ
ic/amsfonts/cm/cmr9.pfb><C:/Users/orfuc/AppData/Local/Programs/MiKTeX/fonts/typ
e1/public/amsfonts/cm/cmsy10.pfb><C:/Users/orfuc/AppData/Local/Programs/MiKTeX/
fonts/type1/public/amsfonts/cm/cmsy5.pfb><C:/Users/orfuc/AppData/Local/Programs
/MiKTeX/fonts/type1/public/amsfonts/cm/cmsy6.pfb><C:/Users/orfuc/AppData/Local/
Programs/MiKTeX/fonts/type1/public/amsfonts/cm/cmsy7.pfb><C:/Users/orfuc/AppDat
a/Local/Programs/MiKTeX/fonts/type1/public/amsfonts/cm/cmsy9.pfb><C:/Users/orfu
c/AppData/Local/Programs/MiKTeX/fonts/type1/public/amsfonts/symbols/msam10.pfb>
<C:/Users/orfuc/AppData/Local/Programs/MiKTeX/fonts/type1/public/amsfonts/symbo
ls/msbm10.pfb><C:/Users/orfuc/AppData/Local/Programs/MiKTeX/fonts/type1/urw/tim
es/utmb8a.pfb><C:/Users/orfuc/AppData/Local/Programs/MiKTeX/fonts/type1/urw/tim
es/utmr8a.pfb><C:/Users/orfuc/AppData/Local/Programs/MiKTeX/fonts/type1/urw/tim
es/utmri8a.pfb>
Output written on NonStationaryBandits_arxiv_changed.pdf (8 pages, 373424 bytes
).
PDF statistics:
 236 PDF objects out of 1000 (max. 8388607)
 0 named destinations out of 1000 (max. 500000)
 31 words of extra memory for PDF output out of 10000 (max. 10000000)

