This is pdfTeX, Version 3.141592653-2.6-1.40.25 (TeX Live 2023) (preloaded format=pdflatex 2023.11.10)  1 FEB 2024 17:22
entering extended mode
 restricted \write18 enabled.
 %&-line parsing enabled.
**after_operator3.tex
(./after_operator3.tex
LaTeX2e <2022-11-01> patch level 1
L3 programming layer <2023-02-22>
(/usr/local/texlive/2023/texmf-dist/tex/latex/base/article.cls
Document Class: article 2022/07/02 v1.4n Standard LaTeX document class
(/usr/local/texlive/2023/texmf-dist/tex/latex/base/size10.clo
File: size10.clo 2022/07/02 v1.4n Standard LaTeX file (size option)
)
\c@part=\count185
\c@section=\count186
\c@subsection=\count187
\c@subsubsection=\count188
\c@paragraph=\count189
\c@subparagraph=\count190
\c@figure=\count191
\c@table=\count192
\abovecaptionskip=\skip48
\belowcaptionskip=\skip49
\bibindent=\dimen140
)
(/usr/local/texlive/2023/texmf-dist/tex/latex/adjustbox/adjustbox.sty
Package: adjustbox 2022/10/17 v1.3a Adjusting TeX boxes (trim, clip, ...)

(/usr/local/texlive/2023/texmf-dist/tex/latex/xkeyval/xkeyval.sty
Package: xkeyval 2022/06/16 v2.9 package option processing (HA)

(/usr/local/texlive/2023/texmf-dist/tex/generic/xkeyval/xkeyval.tex
(/usr/local/texlive/2023/texmf-dist/tex/generic/xkeyval/xkvutils.tex
\XKV@toks=\toks16
\XKV@tempa@toks=\toks17

(/usr/local/texlive/2023/texmf-dist/tex/generic/xkeyval/keyval.tex))
\XKV@depth=\count193
File: xkeyval.tex 2014/12/03 v2.7a key=value parser (HA)
))
(/usr/local/texlive/2023/texmf-dist/tex/latex/adjustbox/adjcalc.sty
Package: adjcalc 2012/05/16 v1.1 Provides advanced setlength with multiple back
-ends (calc, etex, pgfmath)
)
(/usr/local/texlive/2023/texmf-dist/tex/latex/adjustbox/trimclip.sty
Package: trimclip 2020/08/19 v1.2 Trim and clip general TeX material

(/usr/local/texlive/2023/texmf-dist/tex/latex/graphics/graphicx.sty
Package: graphicx 2021/09/16 v1.2d Enhanced LaTeX Graphics (DPC,SPQR)

(/usr/local/texlive/2023/texmf-dist/tex/latex/graphics/graphics.sty
Package: graphics 2022/03/10 v1.4e Standard LaTeX Graphics (DPC,SPQR)

(/usr/local/texlive/2023/texmf-dist/tex/latex/graphics/trig.sty
Package: trig 2021/08/11 v1.11 sin cos tan (DPC)
)
(/usr/local/texlive/2023/texmf-dist/tex/latex/graphics-cfg/graphics.cfg
File: graphics.cfg 2016/06/04 v1.11 sample graphics configuration
)
Package graphics Info: Driver file: pdftex.def on input line 107.

(/usr/local/texlive/2023/texmf-dist/tex/latex/graphics-def/pdftex.def
File: pdftex.def 2022/09/22 v1.2b Graphics/color driver for pdftex
))
\Gin@req@height=\dimen141
\Gin@req@width=\dimen142
)
(/usr/local/texlive/2023/texmf-dist/tex/latex/collectbox/collectbox.sty
Package: collectbox 2022/10/17 v0.4c Collect macro arguments as boxes
\collectedbox=\box51
)
\tc@llx=\dimen143
\tc@lly=\dimen144
\tc@urx=\dimen145
\tc@ury=\dimen146
Package trimclip Info: Using driver 'tc-pdftex.def'.

(/usr/local/texlive/2023/texmf-dist/tex/latex/adjustbox/tc-pdftex.def
File: tc-pdftex.def 2019/01/04 v2.2 Clipping driver for pdftex
))
\adjbox@Width=\dimen147
\adjbox@Height=\dimen148
\adjbox@Depth=\dimen149
\adjbox@Totalheight=\dimen150
\adjbox@pwidth=\dimen151
\adjbox@pheight=\dimen152
\adjbox@pdepth=\dimen153
\adjbox@ptotalheight=\dimen154

(/usr/local/texlive/2023/texmf-dist/tex/latex/ifoddpage/ifoddpage.sty
Package: ifoddpage 2022/10/18 v1.2 Conditionals for odd/even page detection
\c@checkoddpage=\count194
)
(/usr/local/texlive/2023/texmf-dist/tex/latex/varwidth/varwidth.sty
Package: varwidth 2009/03/30 ver 0.92;  Variable-width minipages
\@vwid@box=\box52
\sift@deathcycles=\count195
\@vwid@loff=\dimen155
\@vwid@roff=\dimen156
))
(./aaai.sty
Conference Style for AAAI for LaTeX 2e -- version of 7 December 2011
\titlebox=\skip50
) (/usr/local/texlive/2023/texmf-dist/tex/latex/psnfss/times.sty
Package: times 2020/03/25 PSNFSS-v9.3 (SPQR) 
)
(/usr/local/texlive/2023/texmf-dist/tex/latex/psnfss/helvet.sty
Package: helvet 2020/03/25 PSNFSS-v9.3 (WaS) 
)
(/usr/local/texlive/2023/texmf-dist/tex/latex/psnfss/courier.sty
Package: courier 2020/03/25 PSNFSS-v9.3 (WaS) 
)
(/usr/local/texlive/2023/texmf-dist/tex/latex/amsmath/amsmath.sty
Package: amsmath 2022/04/08 v2.17n AMS math features
\@mathmargin=\skip51

For additional information on amsmath, use the `?' option.
(/usr/local/texlive/2023/texmf-dist/tex/latex/amsmath/amstext.sty
Package: amstext 2021/08/26 v2.01 AMS text

(/usr/local/texlive/2023/texmf-dist/tex/latex/amsmath/amsgen.sty
File: amsgen.sty 1999/11/30 v2.0 generic functions
\@emptytoks=\toks18
\ex@=\dimen157
))
(/usr/local/texlive/2023/texmf-dist/tex/latex/amsmath/amsbsy.sty
Package: amsbsy 1999/11/29 v1.2d Bold Symbols
\pmbraise@=\dimen158
)
(/usr/local/texlive/2023/texmf-dist/tex/latex/amsmath/amsopn.sty
Package: amsopn 2022/04/08 v2.04 operator names
)
\inf@bad=\count196
LaTeX Info: Redefining \frac on input line 234.
\uproot@=\count197
\leftroot@=\count198
LaTeX Info: Redefining \overline on input line 399.
LaTeX Info: Redefining \colon on input line 410.
\classnum@=\count199
\DOTSCASE@=\count266
LaTeX Info: Redefining \ldots on input line 496.
LaTeX Info: Redefining \dots on input line 499.
LaTeX Info: Redefining \cdots on input line 620.
\Mathstrutbox@=\box53
\strutbox@=\box54
LaTeX Info: Redefining \big on input line 722.
LaTeX Info: Redefining \Big on input line 723.
LaTeX Info: Redefining \bigg on input line 724.
LaTeX Info: Redefining \Bigg on input line 725.
\big@size=\dimen159
LaTeX Font Info:    Redeclaring font encoding OML on input line 743.
LaTeX Font Info:    Redeclaring font encoding OMS on input line 744.
\macc@depth=\count267
LaTeX Info: Redefining \bmod on input line 905.
LaTeX Info: Redefining \pmod on input line 910.
LaTeX Info: Redefining \smash on input line 940.
LaTeX Info: Redefining \relbar on input line 970.
LaTeX Info: Redefining \Relbar on input line 971.
\c@MaxMatrixCols=\count268
\dotsspace@=\muskip16
\c@parentequation=\count269
\dspbrk@lvl=\count270
\tag@help=\toks19
\row@=\count271
\column@=\count272
\maxfields@=\count273
\andhelp@=\toks20
\eqnshift@=\dimen160
\alignsep@=\dimen161
\tagshift@=\dimen162
\tagwidth@=\dimen163
\totwidth@=\dimen164
\lineht@=\dimen165
\@envbody=\toks21
\multlinegap=\skip52
\multlinetaggap=\skip53
\mathdisplay@stack=\toks22
LaTeX Info: Redefining \[ on input line 2953.
LaTeX Info: Redefining \] on input line 2954.
)
(/usr/local/texlive/2023/texmf-dist/tex/latex/graphics/color.sty
Package: color 2022/01/06 v1.3d Standard LaTeX Color (DPC)

(/usr/local/texlive/2023/texmf-dist/tex/latex/graphics-cfg/color.cfg
File: color.cfg 2016/01/02 v1.6 sample color configuration
)
Package color Info: Driver file: pdftex.def on input line 149.

(/usr/local/texlive/2023/texmf-dist/tex/latex/graphics/mathcolor.ltx))
(/usr/local/texlive/2023/texmf-dist/tex/latex/url/url.sty
\Urlmuskip=\muskip17
Package: url 2013/09/16  ver 3.4  Verb mode for urls, etc.
)
(/usr/local/texlive/2023/texmf-dist/tex/latex/etex-pkg/etex.sty
Package: etex 2016/08/01 v2.7 eTeX basic definition package (PEB,DPC)


Package etex Warning: Extended allocation already in use.
(etex)                etex.sty code will not be used.
(etex)                To force etex package to load, add
(etex)                \RequirePackage{etex}
(etex)                at the start of the document.

) (/usr/local/texlive/2023/texmf-dist/tex/latex/amscls/amsthm.sty
Package: amsthm 2020/05/29 v2.20.6
\thm@style=\toks23
\thm@bodyfont=\toks24
\thm@headfont=\toks25
\thm@notefont=\toks26
\thm@headpunct=\toks27
\thm@preskip=\skip54
\thm@postskip=\skip55
\thm@headsep=\skip56
\dth@everypar=\toks28
)
(/usr/local/texlive/2023/texmf-dist/tex/latex/amsfonts/amsfonts.sty
Package: amsfonts 2013/01/14 v3.01 Basic AMSFonts support
\symAMSa=\mathgroup4
\symAMSb=\mathgroup5
LaTeX Font Info:    Redeclaring math symbol \hbar on input line 98.
LaTeX Font Info:    Overwriting math alphabet `\mathfrak' in version `bold'
(Font)                  U/euf/m/n --> U/euf/b/n on input line 106.
)
(/usr/local/texlive/2023/texmf-dist/tex/latex/tools/array.sty
Package: array 2022/09/04 v2.5g Tabular extension package (FMi)
\col@sep=\dimen166
\ar@mcellbox=\box55
\extrarowheight=\dimen167
\NC@list=\toks29
\extratabsurround=\skip57
\backup@length=\skip58
\ar@cellbox=\box56
)
(/usr/local/texlive/2023/texmf-dist/tex/latex/oberdiek/aliascnt.sty
Package: aliascnt 2018/09/07 v1.5 Alias counters (HO)
)
\c@theorem=\count274
\c@lemma=\count275
\c@definition=\count276
\c@corollary=\count277
\c@example=\count278
LaTeX Font Info:    Trying to load font information for OT1+ptm on input line 5
5.

(/usr/local/texlive/2023/texmf-dist/tex/latex/psnfss/ot1ptm.fd
File: ot1ptm.fd 2001/06/04 font definitions for OT1/ptm.
)
(/usr/local/texlive/2023/texmf-dist/tex/latex/l3backend/l3backend-pdftex.def
File: l3backend-pdftex.def 2023-01-16 L3 backend support: PDF output (pdfTeX)
\l__color_backend_stack_int=\count279
\l__pdf_internal_box=\box57
)
(./after_operator3.aux)
\openout1 = `after_operator3.aux'.

LaTeX Font Info:    Checking defaults for OML/cmm/m/it on input line 55.
LaTeX Font Info:    ... okay on input line 55.
LaTeX Font Info:    Checking defaults for OMS/cmsy/m/n on input line 55.
LaTeX Font Info:    ... okay on input line 55.
LaTeX Font Info:    Checking defaults for OT1/cmr/m/n on input line 55.
LaTeX Font Info:    ... okay on input line 55.
LaTeX Font Info:    Checking defaults for T1/cmr/m/n on input line 55.
LaTeX Font Info:    ... okay on input line 55.
LaTeX Font Info:    Checking defaults for TS1/cmr/m/n on input line 55.
LaTeX Font Info:    ... okay on input line 55.
LaTeX Font Info:    Checking defaults for OMX/cmex/m/n on input line 55.
LaTeX Font Info:    ... okay on input line 55.
LaTeX Font Info:    Checking defaults for U/cmr/m/n on input line 55.
LaTeX Font Info:    ... okay on input line 55.

(/usr/local/texlive/2023/texmf-dist/tex/context/base/mkii/supp-pdf.mkii
[Loading MPS to PDF converter (version 2006.09.02).]
\scratchcounter=\count280
\scratchdimen=\dimen168
\scratchbox=\box58
\nofMPsegments=\count281
\nofMParguments=\count282
\everyMPshowfont=\toks30
\MPscratchCnt=\count283
\MPscratchDim=\dimen169
\MPnumerator=\count284
\makeMPintoPDFobject=\count285
\everyMPtoPDFconversion=\toks31
) (/usr/local/texlive/2023/texmf-dist/tex/latex/epstopdf-pkg/epstopdf-base.sty
Package: epstopdf-base 2020-01-24 v2.11 Base part for package epstopdf
Package epstopdf-base Info: Redefining graphics rule for `.eps' on input line 4
85.

(/usr/local/texlive/2023/texmf-dist/tex/latex/latexconfig/epstopdf-sys.cfg
File: epstopdf-sys.cfg 2010/07/13 v1.3 Configuration of (r)epstopdf for TeX Liv
e
))
LaTeX Font Info:    Trying to load font information for U+msa on input line 57.


(/usr/local/texlive/2023/texmf-dist/tex/latex/amsfonts/umsa.fd
File: umsa.fd 2013/01/14 v3.01 AMS symbols A
)
LaTeX Font Info:    Trying to load font information for U+msb on input line 57.


(/usr/local/texlive/2023/texmf-dist/tex/latex/amsfonts/umsb.fd
File: umsb.fd 2013/01/14 v3.01 AMS symbols B
)
LaTeX Font Info:    Trying to load font information for TS1+ptm on input line 5
7.

(/usr/local/texlive/2023/texmf-dist/tex/latex/psnfss/ts1ptm.fd
File: ts1ptm.fd 2001/06/04 font definitions for TS1/ptm.
)

LaTeX Warning: Citation `Bernstein02' on page 1 undefined on input line 73.


LaTeX Warning: Citation `Seuken08' on page 1 undefined on input line 73.


Underfull \hbox (badness 1735) in paragraph at lines 73--74
[]\OT1/ptm/m/n/10 Decentralized POMDPs (Dec-POMDPs) of-fer a rich
 []


Underfull \hbox (badness 1337) in paragraph at lines 82--84
[]\OT1/ptm/m/n/10 In the next sec-tion we in-tro-duce the for-mal QDec-
 []


Underfull \vbox (badness 10000) has occurred while \output is active []

 [1{/usr/local/texlive/2023/texmf-var/fonts/map/pdftex/updmap/pdftex.map}{/usr/
local/texlive/2023/texmf-dist/fonts/enc/dvips/base/8r.enc}



]

LaTeX Warning: Citation `Bernstein02' on page 2 undefined on input line 179.


LaTeX Warning: Citation `Lewis78' on page 2 undefined on input line 179.


LaTeX Warning: Citation `Papadimitriou94' on page 2 undefined on input line 179
.


LaTeX Warning: Citation `Bernstein02' on page 2 undefined on input line 189.

[2]

LaTeX Font Warning: Command \scriptsize invalid in math mode on input line 229.



Underfull \hbox (badness 1389) in paragraph at lines 243--248
[]\OT1/ptm/m/n/10 In the multi-agent case there is no longer a sin-gle
 []


Underfull \hbox (badness 1708) in paragraph at lines 243--248
\OT1/ptm/m/n/10 be-lief state, but we can re-place that with the no-tion
 []


Underfull \hbox (badness 1424) in paragraph at lines 243--248
\OT1/ptm/m/n/10 of a his-tory. A \OT1/ptm/m/it/10 his-tory \OT1/ptm/m/n/10 is a
 se-quence of states and
 []


Underfull \hbox (badness 3219) in paragraph at lines 243--248
\OT1/ptm/m/n/10 ac-tions, of the form $\OT1/cmr/m/n/10 (\OML/cmm/m/it/10 s[]; a
[]; s[]; [] ; a[]; s[]\OT1/cmr/m/n/10 )$\OT1/ptm/m/n/10 , de-not-ing
 []


Underfull \hbox (badness 1648) in paragraph at lines 243--248
\OT1/ptm/m/n/10 the ini-tial state, the ini-tial ac-tion, the re-sult-ing state
,
 []


Underfull \hbox (badness 10000) in paragraph at lines 243--248

 []


LaTeX Font Warning: Command \scriptsize invalid in math mode on input line 250.


[3]
Underfull \hbox (badness 10000) in paragraph at lines 265--267

 []


LaTeX Font Warning: Command \scriptsize invalid in math mode on input line 269.



LaTeX Warning: Citation `Oliehoek08' on page 4 undefined on input line 297.


LaTeX Warning: Citation `KZTijcai11' on page 4 undefined on input line 297.


Underfull \hbox (badness 5175) in paragraph at lines 304--307
[]\OT1/ptm/b/n/10 Definition 4. []\OT1/ptm/m/it/10 A fac-tored QDec-POMDP is a 
tu-ple
 []


Underfull \hbox (badness 1231) in paragraph at lines 319--323
[]\OT1/ptm/m/n/10 For ev-ery joint ac-tion $[]$ and agent $\OML/cmm/m/it/10 i$\
OT1/ptm/m/n/10 , $[]\OT1/cmr/m/n/10 ([]\OML/cmm/m/it/10 ; i\OT1/cmr/m/n/10 ) =
 []

<JointPolicyTree.png, id=24, 529.98pt x 435.87843pt>
File: JointPolicyTree.png Graphic file (type png)
<use JointPolicyTree.png>
Package pdftex.def Info: JointPolicyTree.png  used on input line 331.
(pdftex.def)             Requested size: 252.94499pt x 208.0354pt.

Overfull \hbox (13.55061pt too wide) in paragraph at lines 331--333
 [][] 
 []

[4]
Underfull \hbox (badness 5008) in paragraph at lines 341--342
[]\OT1/ptm/m/n/10 We can hence de-fine $\OML/cmm/m/it/10 I \OT1/cmr/m/n/10 = \O
MS/cmsy/m/n/10 f\OT1/cmr/m/n/10 1\OML/cmm/m/it/10 ; \OT1/cmr/m/n/10 2\OMS/cmsy/
m/n/10 g$ \OT1/ptm/m/n/10 and $\OML/cmm/m/it/10 P \OT1/cmr/m/n/10 =
 []


Underfull \hbox (badness 6078) in paragraph at lines 343--344
[][]\OT1/cmr/m/n/10 )\OML/cmm/m/it/10 ; \OT1/cmr/m/n/10 ([][]\OML/cmm/m/it/10 ;
 \OMS/cmsy/m/n/10 :[][] ^ [][]\OT1/cmr/m/n/10 )\OMS/cmsy/m/n/10 g$\OT1/ptm/m/n/
10 .
 []


Underfull \vbox (badness 1348) has occurred while \output is active []



LaTeX Warning: Citation `Yoon' on page 5 undefined on input line 379.


LaTeX Warning: Citation `MPSR' on page 5 undefined on input line 381.

[5 <./JointPolicyTree.png>]

LaTeX Warning: Citation `MPSR' on page 6 undefined on input line 418.


Underfull \hbox (badness 3291) in paragraph at lines 424--425
[]\OT1/ptm/m/n/10 For each sub-set of states we de-fine one in-stance
 []


Underfull \hbox (badness 2042) in paragraph at lines 424--425
\OT1/ptm/m/n/10 of an ac-tion. For ex-am-ple, for $\OML/cmm/m/it/10 S[] \OT1/cm
r/m/n/10 = \OMS/cmsy/m/n/10 f\OML/cmm/m/it/10 s[]; s[]\OMS/cmsy/m/n/10 g$\OT1/p
tm/m/n/10 ,
 []


Underfull \hbox (badness 4779) in paragraph at lines 424--425
\OT1/ptm/m/n/10 and ac-tion $[]$ we will de-fine an ac-tion $[]$
 []


Underfull \hbox (badness 3471) in paragraph at lines 424--425
\OT1/ptm/m/n/10 also need to en-sure the BFS ex-pan-sion, by adding
 []


Underfull \hbox (badness 1077) in paragraph at lines 424--425
\OMS/cmsy/m/n/10 :[][] ^ :[][]$\OT1/ptm/m/n/10 . Fi-nally, we en-sure
 []


Underfull \hbox (badness 10000) in paragraph at lines 426--430
\OT1/cmr/m/n/10 ([][]\OML/cmm/m/it/10 =s[]; \OMS/cmsy/m/n/10 :[][]\OML/cmm/m/it
/10 =s[] \OMS/cmsy/m/n/10 ^ [][]\OML/cmm/m/it/10 =s[]\OT1/cmr/m/n/10 )$\OT1/ptm
/m/n/10 ,
 []


Underfull \hbox (badness 10000) in paragraph at lines 426--430
\OT1/cmr/m/n/10 ([][]\OML/cmm/m/it/10 =s[]; \OMS/cmsy/m/n/10 :[][]\OML/cmm/m/it
/10 =s[] \OMS/cmsy/m/n/10 ^ [][]\OML/cmm/m/it/10 =s[]\OT1/cmr/m/n/10 )$\OT1/ptm
/m/n/10 .
 []


Underfull \hbox (badness 3690) in paragraph at lines 426--430
\OT1/ptm/m/n/10 In ad-di-tion, we add to the ef-fects $[][] \OMS/cmsy/m/n/10 ^
 []


LaTeX Warning: Citation `SZuai07' on page 6 undefined on input line 437.


LaTeX Warning: Citation `Oliehoek' on page 6 undefined on input line 437.

LaTeX Font Info:    Trying to load font information for OT1+pcr on input line 4
37.
(/usr/local/texlive/2023/texmf-dist/tex/latex/psnfss/ot1pcr.fd
File: ot1pcr.fd 2001/06/04 font definitions for OT1/pcr.
)

LaTeX Warning: Citation `Amato' on page 6 undefined on input line 437.


LaTeX Warning: Citation `Helmert' on page 6 undefined on input line 437.

[6]

LaTeX Warning: Citation `WZCaij11' on page 7 undefined on input line 446.

[7] [8

]
No file after_operator3.bbl.
(./after_operator3.aux) ) 
Here is how much of TeX's memory you used:
 3899 strings out of 476025
 65151 string characters out of 5790016
 1881388 words of memory out of 5000000
 24257 multiletter control sequences out of 15000+600000
 536018 words of font info for 82 fonts, out of 8000000 for 9000
 1141 hyphenation exceptions out of 8191
 86i,11n,90p,2124b,285s stack positions out of 10000i,1000n,20000p,200000b,200000s
</usr/local/texlive/2023/texmf-dist/fonts/type1/public
/amsfonts/cm/cmex10.pfb></usr/local/texlive/2023/texmf-dist/fonts/type1/public/
amsfonts/cm/cmmi10.pfb></usr/local/texlive/2023/texmf-dist/fonts/type1/public/a
msfonts/cm/cmmi5.pfb></usr/local/texlive/2023/texmf-dist/fonts/type1/public/ams
fonts/cm/cmmi6.pfb></usr/local/texlive/2023/texmf-dist/fonts/type1/public/amsfo
nts/cm/cmmi7.pfb></usr/local/texlive/2023/texmf-dist/fonts/type1/public/amsfont
s/cm/cmmi9.pfb></usr/local/texlive/2023/texmf-dist/fonts/type1/public/amsfonts/
cm/cmr10.pfb></usr/local/texlive/2023/texmf-dist/fonts/type1/public/amsfonts/cm
/cmr5.pfb></usr/local/texlive/2023/texmf-dist/fonts/type1/public/amsfonts/cm/cm
r6.pfb></usr/local/texlive/2023/texmf-dist/fonts/type1/public/amsfonts/cm/cmr7.
pfb></usr/local/texlive/2023/texmf-dist/fonts/type1/public/amsfonts/cm/cmsy10.p
fb></usr/local/texlive/2023/texmf-dist/fonts/type1/public/amsfonts/cm/cmsy5.pfb
></usr/local/texlive/2023/texmf-dist/fonts/type1/public/amsfonts/cm/cmsy7.pfb><
/usr/local/texlive/2023/texmf-dist/fonts/type1/public/amsfonts/cm/cmsy9.pfb></u
sr/local/texlive/2023/texmf-dist/fonts/type1/public/amsfonts/cm/cmti10.pfb></us
r/local/texlive/2023/texmf-dist/fonts/type1/public/amsfonts/cm/cmti7.pfb></usr/
local/texlive/2023/texmf-dist/fonts/type1/urw/courier/ucrr8a.pfb></usr/local/te
xlive/2023/texmf-dist/fonts/type1/urw/times/utmb8a.pfb></usr/local/texlive/2023
/texmf-dist/fonts/type1/urw/times/utmr8a.pfb></usr/local/texlive/2023/texmf-dis
t/fonts/type1/urw/times/utmri8a.pfb>
Output written on after_operator3.pdf (8 pages, 307355 bytes).
PDF statistics:
 133 PDF objects out of 1000 (max. 8388607)
 81 compressed objects within 1 object stream
 0 named destinations out of 1000 (max. 500000)
 6 words of extra memory for PDF output out of 10000 (max. 10000000)

