This is pdfTeX, Version 3.141592653-2.6-1.40.25 (MiKTeX 23.5) (preloaded format=pdflatex 2023.9.8)  9 SEP 2023 15:06
entering extended mode
 restricted \write18 enabled.
 %&-line parsing enabled.
**./QDEC-POMDP.8_changed.tex
(QDEC-POMDP.8_changed.tex
LaTeX2e <2023-06-01> patch level 1
L3 programming layer <2023-08-29>
(C:\Users\orfuc\AppData\Local\Programs\MiKTeX\tex/latex/base\article.cls
Document Class: article 2023/05/17 v1.4n Standard LaTeX document class
(C:\Users\orfuc\AppData\Local\Programs\MiKTeX\tex/latex/base\size10.clo
File: size10.clo 2023/05/17 v1.4n Standard LaTeX file (size option)
)
\c@part=\count185
\c@section=\count186
\c@subsection=\count187
\c@subsubsection=\count188
\c@paragraph=\count189
\c@subparagraph=\count190
\c@figure=\count191
\c@table=\count192
\abovecaptionskip=\skip48
\belowcaptionskip=\skip49
\bibindent=\dimen140
)
(aaai.sty
Conference Style for AAAI for LaTeX 2e -- version of 7 December 2011
\titlebox=\skip50
) (C:\Users\orfuc\AppData\Local\Programs\MiKTeX\tex/latex/psnfss\times.sty
Package: times 2020/03/25 PSNFSS-v9.3 (SPQR) 
)
(C:\Users\orfuc\AppData\Local\Programs\MiKTeX\tex/latex/psnfss\helvet.sty
Package: helvet 2020/03/25 PSNFSS-v9.3 (WaS) 

(C:\Users\orfuc\AppData\Local\Programs\MiKTeX\tex/latex/graphics\keyval.sty
Package: keyval 2022/05/29 v1.15 key=value parser (DPC)
\KV@toks@=\toks17
))
(C:\Users\orfuc\AppData\Local\Programs\MiKTeX\tex/latex/psnfss\courier.sty
Package: courier 2020/03/25 PSNFSS-v9.3 (WaS) 
)
(C:\Users\orfuc\AppData\Local\Programs\MiKTeX\tex/latex/amsmath\amsmath.sty
Package: amsmath 2023/05/13 v2.17o AMS math features
\@mathmargin=\skip51

For additional information on amsmath, use the `?' option.
(C:\Users\orfuc\AppData\Local\Programs\MiKTeX\tex/latex/amsmath\amstext.sty
Package: amstext 2021/08/26 v2.01 AMS text

(C:\Users\orfuc\AppData\Local\Programs\MiKTeX\tex/latex/amsmath\amsgen.sty
File: amsgen.sty 1999/11/30 v2.0 generic functions
\@emptytoks=\toks18
\ex@=\dimen141
))
(C:\Users\orfuc\AppData\Local\Programs\MiKTeX\tex/latex/amsmath\amsbsy.sty
Package: amsbsy 1999/11/29 v1.2d Bold Symbols
\pmbraise@=\dimen142
)
(C:\Users\orfuc\AppData\Local\Programs\MiKTeX\tex/latex/amsmath\amsopn.sty
Package: amsopn 2022/04/08 v2.04 operator names
)
\inf@bad=\count193
LaTeX Info: Redefining \frac on input line 234.
\uproot@=\count194
\leftroot@=\count195
LaTeX Info: Redefining \overline on input line 399.
LaTeX Info: Redefining \colon on input line 410.
\classnum@=\count196
\DOTSCASE@=\count197
LaTeX Info: Redefining \ldots on input line 496.
LaTeX Info: Redefining \dots on input line 499.
LaTeX Info: Redefining \cdots on input line 620.
\Mathstrutbox@=\box51
\strutbox@=\box52
LaTeX Info: Redefining \big on input line 722.
LaTeX Info: Redefining \Big on input line 723.
LaTeX Info: Redefining \bigg on input line 724.
LaTeX Info: Redefining \Bigg on input line 725.
\big@size=\dimen143
LaTeX Font Info:    Redeclaring font encoding OML on input line 743.
LaTeX Font Info:    Redeclaring font encoding OMS on input line 744.
\macc@depth=\count198
LaTeX Info: Redefining \bmod on input line 905.
LaTeX Info: Redefining \pmod on input line 910.
LaTeX Info: Redefining \smash on input line 940.
LaTeX Info: Redefining \relbar on input line 970.
LaTeX Info: Redefining \Relbar on input line 971.
\c@MaxMatrixCols=\count199
\dotsspace@=\muskip16
\c@parentequation=\count266
\dspbrk@lvl=\count267
\tag@help=\toks19
\row@=\count268
\column@=\count269
\maxfields@=\count270
\andhelp@=\toks20
\eqnshift@=\dimen144
\alignsep@=\dimen145
\tagshift@=\dimen146
\tagwidth@=\dimen147
\totwidth@=\dimen148
\lineht@=\dimen149
\@envbody=\toks21
\multlinegap=\skip52
\multlinetaggap=\skip53
\mathdisplay@stack=\toks22
LaTeX Info: Redefining \[ on input line 2953.
LaTeX Info: Redefining \] on input line 2954.
)
(C:\Users\orfuc\AppData\Local\Programs\MiKTeX\tex/latex/graphics\color.sty
Package: color 2022/01/06 v1.3d Standard LaTeX Color (DPC)

(C:\Users\orfuc\AppData\Local\Programs\MiKTeX\tex/latex/graphics-cfg\color.cfg
File: color.cfg 2016/01/02 v1.6 sample color configuration
)
Package color Info: Driver file: pdftex.def on input line 149.

(C:\Users\orfuc\AppData\Local\Programs\MiKTeX\tex/latex/graphics-def\pdftex.def
File: pdftex.def 2022/09/22 v1.2b Graphics/color driver for pdftex
)
(C:\Users\orfuc\AppData\Local\Programs\MiKTeX\tex/latex/graphics\mathcolor.ltx)
) (C:\Users\orfuc\AppData\Local\Programs\MiKTeX\tex/latex/url\url.sty
\Urlmuskip=\muskip17
Package: url 2013/09/16  ver 3.4  Verb mode for urls, etc.
)
(C:\Users\orfuc\AppData\Local\Programs\MiKTeX\tex/latex/graphics\graphicx.sty
Package: graphicx 2021/09/16 v1.2d Enhanced LaTeX Graphics (DPC,SPQR)

(C:\Users\orfuc\AppData\Local\Programs\MiKTeX\tex/latex/graphics\graphics.sty
Package: graphics 2022/03/10 v1.4e Standard LaTeX Graphics (DPC,SPQR)

(C:\Users\orfuc\AppData\Local\Programs\MiKTeX\tex/latex/graphics\trig.sty
Package: trig 2021/08/11 v1.11 sin cos tan (DPC)
)
(C:\Users\orfuc\AppData\Local\Programs\MiKTeX\tex/latex/graphics-cfg\graphics.c
fg
File: graphics.cfg 2016/06/04 v1.11 sample graphics configuration
)
Package graphics Info: Driver file: pdftex.def on input line 107.
)
\Gin@req@height=\dimen150
\Gin@req@width=\dimen151
) (C:\Users\orfuc\AppData\Local\Programs\MiKTeX\tex/latex/etex-pkg\etex.sty
Package: etex 2016/08/01 v2.7 eTeX basic definition package (PEB,DPC)

Package etex Warning: Extended allocation already in use.
(etex)                etex.sty code will not be used.
(etex)                To force etex package to load, add
(etex)                \RequirePackage{etex}
(etex)                at the start of the document.

) (C:\Users\orfuc\AppData\Local\Programs\MiKTeX\tex/latex/amscls\amsthm.sty
Package: amsthm 2020/05/29 v2.20.6
\thm@style=\toks23
\thm@bodyfont=\toks24
\thm@headfont=\toks25
\thm@notefont=\toks26
\thm@headpunct=\toks27
\thm@preskip=\skip54
\thm@postskip=\skip55
\thm@headsep=\skip56
\dth@everypar=\toks28
)
(C:\Users\orfuc\AppData\Local\Programs\MiKTeX\tex/latex/amsfonts\amsfonts.sty
Package: amsfonts 2013/01/14 v3.01 Basic AMSFonts support
\symAMSa=\mathgroup4
\symAMSb=\mathgroup5
LaTeX Font Info:    Redeclaring math symbol \hbar on input line 98.
LaTeX Font Info:    Overwriting math alphabet `\mathfrak' in version `bold'
(Font)                  U/euf/m/n --> U/euf/b/n on input line 106.
)
(C:\Users\orfuc\AppData\Local\Programs\MiKTeX\tex/latex/tools\array.sty
Package: array 2022/09/04 v2.5g Tabular extension package (FMi)
\col@sep=\dimen152
\ar@mcellbox=\box53
\extrarowheight=\dimen153
\NC@list=\toks29
\extratabsurround=\skip57
\backup@length=\skip58
\ar@cellbox=\box54
)
(C:\Users\orfuc\AppData\Local\Programs\MiKTeX\tex/latex/oberdiek\aliascnt.sty
Package: aliascnt 2018/09/07 v1.5 Alias counters (HO)
)
\c@theorem=\count271
\c@lemma=\count272
\c@definition=\count273
\c@corollary=\count274
\c@example=\count275
LaTeX Font Info:    Trying to load font information for OT1+ptm on input line 6
0.

(C:\Users\orfuc\AppData\Local\Programs\MiKTeX\tex/latex/psnfss\ot1ptm.fd
File: ot1ptm.fd 2001/06/04 font definitions for OT1/ptm.
)
(C:\Users\orfuc\AppData\Local\Programs\MiKTeX\tex/latex/l3backend\l3backend-pdf
tex.def
File: l3backend-pdftex.def 2023-04-19 L3 backend support: PDF output (pdfTeX)
\l__color_backend_stack_int=\count276
\l__pdf_internal_box=\box55
) (QDEC-POMDP.8_changed.aux)
\openout1 = `QDEC-POMDP.8_changed.aux'.

LaTeX Font Info:    Checking defaults for OML/cmm/m/it on input line 60.
LaTeX Font Info:    ... okay on input line 60.
LaTeX Font Info:    Checking defaults for OMS/cmsy/m/n on input line 60.
LaTeX Font Info:    ... okay on input line 60.
LaTeX Font Info:    Checking defaults for OT1/cmr/m/n on input line 60.
LaTeX Font Info:    ... okay on input line 60.
LaTeX Font Info:    Checking defaults for T1/cmr/m/n on input line 60.
LaTeX Font Info:    ... okay on input line 60.
LaTeX Font Info:    Checking defaults for TS1/cmr/m/n on input line 60.
LaTeX Font Info:    ... okay on input line 60.
LaTeX Font Info:    Checking defaults for OMX/cmex/m/n on input line 60.
LaTeX Font Info:    ... okay on input line 60.
LaTeX Font Info:    Checking defaults for U/cmr/m/n on input line 60.
LaTeX Font Info:    ... okay on input line 60.

(C:\Users\orfuc\AppData\Local\Programs\MiKTeX\tex/context/base/mkii\supp-pdf.mk
ii
[Loading MPS to PDF converter (version 2006.09.02).]
\scratchcounter=\count277
\scratchdimen=\dimen154
\scratchbox=\box56
\nofMPsegments=\count278
\nofMParguments=\count279
\everyMPshowfont=\toks30
\MPscratchCnt=\count280
\MPscratchDim=\dimen155
\MPnumerator=\count281
\makeMPintoPDFobject=\count282
\everyMPtoPDFconversion=\toks31
)
(C:\Users\orfuc\AppData\Local\Programs\MiKTeX\tex/latex/epstopdf-pkg\epstopdf-b
ase.sty
Package: epstopdf-base 2020-01-24 v2.11 Base part for package epstopdf
Package epstopdf-base Info: Redefining graphics rule for `.eps' on input line 4
85.

(C:\Users\orfuc\AppData\Local\Programs\MiKTeX\tex/latex/00miktex\epstopdf-sys.c
fg
File: epstopdf-sys.cfg 2021/03/18 v2.0 Configuration of epstopdf for MiKTeX
))
LaTeX Font Info:    Trying to load font information for U+msa on input line 62.

 (C:\Users\orfuc\AppData\Local\Programs\MiKTeX\tex/latex/amsfonts\umsa.fd
File: umsa.fd 2013/01/14 v3.01 AMS symbols A
)
LaTeX Font Info:    Trying to load font information for U+msb on input line 62.


(C:\Users\orfuc\AppData\Local\Programs\MiKTeX\tex/latex/amsfonts\umsb.fd
File: umsb.fd 2013/01/14 v3.01 AMS symbols B
)
LaTeX Font Info:    Trying to load font information for TS1+ptm on input line 6
2.

(C:\Users\orfuc\AppData\Local\Programs\MiKTeX\tex/latex/psnfss\ts1ptm.fd
File: ts1ptm.fd 2001/06/04 font definitions for TS1/ptm.
)

LaTeX Warning: Citation `Bernstein02' on page 1 undefined on input line 80.


LaTeX Warning: Citation `Seuken08' on page 1 undefined on input line 80.


Underfull \hbox (badness 1735) in paragraph at lines 80--81
[]\OT1/ptm/m/n/10 Decentralized POMDPs (Dec-POMDPs) of-fer a rich
 []


Underfull \hbox (badness 1337) in paragraph at lines 92--94
[]\OT1/ptm/m/n/10 In the next sec-tion we in-tro-duce the for-mal QDec-
 []


Underfull \vbox (badness 10000) has occurred while \output is active []

 [1{C:/Users/orfuc/AppData/Local/MiKTeX/fonts/map/pdftex/pdftex.map}{C:/Users/o
rfuc/AppData/Local/Programs/MiKTeX/fonts/enc/dvips/base/8r.enc}



]

LaTeX Warning: Citation `Bernstein02' on page 2 undefined on input line 202.


LaTeX Warning: Citation `Lewis78' on page 2 undefined on input line 202.


LaTeX Warning: Citation `Papadimitriou94' on page 2 undefined on input line 202
.


LaTeX Warning: Citation `Bernstein02' on page 2 undefined on input line 212.

[2]

LaTeX Font Warning: Command \scriptsize invalid in math mode on input line 256.



Underfull \hbox (badness 1389) in paragraph at lines 270--275
[]\OT1/ptm/m/n/10 In the multi-agent case there is no longer a sin-gle
 []


Underfull \hbox (badness 1708) in paragraph at lines 270--275
\OT1/ptm/m/n/10 be-lief state, but we can re-place that with the no-tion
 []


Underfull \hbox (badness 1424) in paragraph at lines 270--275
\OT1/ptm/m/n/10 of a his-tory. A \OT1/ptm/m/it/10 his-tory \OT1/ptm/m/n/10 is a
 se-quence of states and
 []


Underfull \hbox (badness 3219) in paragraph at lines 270--275
\OT1/ptm/m/n/10 ac-tions, of the form $\OT1/cmr/m/n/10 (\OML/cmm/m/it/10 s[]; a
[]; s[]; [] ; a[]; s[]\OT1/cmr/m/n/10 )$\OT1/ptm/m/n/10 , de-not-ing
 []


Underfull \hbox (badness 1648) in paragraph at lines 270--275
\OT1/ptm/m/n/10 the ini-tial state, the ini-tial ac-tion, the re-sult-ing state
,
 []


Underfull \hbox (badness 10000) in paragraph at lines 270--275

 []


LaTeX Font Warning: Command \scriptsize invalid in math mode on input line 279.


[3]
Underfull \hbox (badness 10000) in paragraph at lines 294--296

 []


LaTeX Font Warning: Command \scriptsize invalid in math mode on input line 298.



LaTeX Warning: Citation `Oliehoek08' on page 4 undefined on input line 327.


LaTeX Warning: Citation `KZTijcai11' on page 4 undefined on input line 327.


Underfull \hbox (badness 5175) in paragraph at lines 334--337
[]\OT1/ptm/b/n/10 Definition 4. []\OT1/ptm/m/it/10 A fac-tored QDec-POMDP is a 
tu-ple
 []


Underfull \hbox (badness 1231) in paragraph at lines 349--353
[]\OT1/ptm/m/n/10 For ev-ery joint ac-tion $[]$ and agent $\OML/cmm/m/it/10 i$\
OT1/ptm/m/n/10 , $[]\OT1/cmr/m/n/10 ([]\OML/cmm/m/it/10 ; i\OT1/cmr/m/n/10 ) =
 []

<JointPolicyTree.png, id=23, 529.98pt x 435.87843pt>
File: JointPolicyTree.png Graphic file (type png)
<use JointPolicyTree.png>
Package pdftex.def Info: JointPolicyTree.png  used on input line 361.
(pdftex.def)             Requested size: 252.94499pt x 208.0354pt.

Overfull \hbox (13.55061pt too wide) in paragraph at lines 361--365
 [][] 
 []

[4]
Underfull \hbox (badness 5008) in paragraph at lines 375--376
[]\OT1/ptm/m/n/10 We can hence de-fine $\OML/cmm/m/it/10 I \OT1/cmr/m/n/10 = \O
MS/cmsy/m/n/10 f\OT1/cmr/m/n/10 1\OML/cmm/m/it/10 ; \OT1/cmr/m/n/10 2\OMS/cmsy/
m/n/10 g$ \OT1/ptm/m/n/10 and $\OML/cmm/m/it/10 P \OT1/cmr/m/n/10 =
 []


Underfull \hbox (badness 6078) in paragraph at lines 377--378
[][]\OT1/cmr/m/n/10 )\OML/cmm/m/it/10 ; \OT1/cmr/m/n/10 ([][]\OML/cmm/m/it/10 ;
 \OMS/cmsy/m/n/10 :[][] ^ [][]\OT1/cmr/m/n/10 )\OMS/cmsy/m/n/10 g$\OT1/ptm/m/n/
10 .
 []


Underfull \vbox (badness 1348) has occurred while \output is active []



LaTeX Warning: Citation `Yoon' on page 5 undefined on input line 416.


LaTeX Warning: Citation `MPSR' on page 5 undefined on input line 418.

[5 <./JointPolicyTree.png>]

LaTeX Warning: Citation `MPSR' on page 6 undefined on input line 461.


Underfull \hbox (badness 3291) in paragraph at lines 467--468
[]\OT1/ptm/m/n/10 For each sub-set of states we de-fine one in-stance
 []


Underfull \hbox (badness 2042) in paragraph at lines 467--468
\OT1/ptm/m/n/10 of an ac-tion. For ex-am-ple, for $\OML/cmm/m/it/10 S[] \OT1/cm
r/m/n/10 = \OMS/cmsy/m/n/10 f\OML/cmm/m/it/10 s[]; s[]\OMS/cmsy/m/n/10 g$\OT1/p
tm/m/n/10 ,
 []


Underfull \hbox (badness 4779) in paragraph at lines 467--468
\OT1/ptm/m/n/10 and ac-tion $[]$ we will de-fine an ac-tion $[]$
 []


Underfull \hbox (badness 3471) in paragraph at lines 467--468
\OT1/ptm/m/n/10 also need to en-sure the BFS ex-pan-sion, by adding
 []


Underfull \hbox (badness 1077) in paragraph at lines 467--468
\OMS/cmsy/m/n/10 :[][] ^ :[][]$\OT1/ptm/m/n/10 . Fi-nally, we en-sure
 []


Underfull \hbox (badness 10000) in paragraph at lines 469--473
\OT1/cmr/m/n/10 ([][]\OML/cmm/m/it/10 =s[]; \OMS/cmsy/m/n/10 :[][]\OML/cmm/m/it
/10 =s[] \OMS/cmsy/m/n/10 ^ [][]\OML/cmm/m/it/10 =s[]\OT1/cmr/m/n/10 )$\OT1/ptm
/m/n/10 ,
 []


Underfull \hbox (badness 10000) in paragraph at lines 469--473
\OT1/cmr/m/n/10 ([][]\OML/cmm/m/it/10 =s[]; \OMS/cmsy/m/n/10 :[][]\OML/cmm/m/it
/10 =s[] \OMS/cmsy/m/n/10 ^ [][]\OML/cmm/m/it/10 =s[]\OT1/cmr/m/n/10 )$\OT1/ptm
/m/n/10 .
 []


Underfull \hbox (badness 3690) in paragraph at lines 469--473
\OT1/ptm/m/n/10 In ad-di-tion, we add to the ef-fects $[][] \OMS/cmsy/m/n/10 ^
 []


LaTeX Warning: Citation `SZuai07' on page 6 undefined on input line 480.

[6]

LaTeX Warning: Citation `Oliehoek' on page 7 undefined on input line 483.

LaTeX Font Info:    Trying to load font information for OT1+pcr on input line 4
83.
(C:\Users\orfuc\AppData\Local\Programs\MiKTeX\tex/latex/psnfss\ot1pcr.fd
File: ot1pcr.fd 2001/06/04 font definitions for OT1/pcr.
)

LaTeX Warning: Citation `Amato' on page 7 undefined on input line 483.


LaTeX Warning: Citation `Helmert' on page 7 undefined on input line 483.


LaTeX Warning: Citation `WZCaij11' on page 7 undefined on input line 496.

[7] [8

]
No file QDEC-POMDP.8_changed.bbl.
(QDEC-POMDP.8_changed.aux)
 ***********
LaTeX2e <2023-06-01> patch level 1
L3 programming layer <2023-08-29>
 ***********
 ) 
Here is how much of TeX's memory you used:
 2768 strings out of 475247
 45181 string characters out of 5757793
 1947801 words of memory out of 5000000
 24234 multiletter control sequences out of 15000+600000
 581800 words of font info for 86 fonts, out of 8000000 for 9000
 1141 hyphenation exceptions out of 8191
 57i,11n,65p,1212b,283s stack positions out of 10000i,1000n,20000p,200000b,200000s
<C:/Users/orfuc/AppData/Local/Programs/MiKTeX/fonts/type1/public/amsfonts/cm/
cmex10.pfb><C:/Users/orfuc/AppData/Local/Programs/MiKTeX/fonts/type1/public/ams
fonts/cm/cmmi10.pfb><C:/Users/orfuc/AppData/Local/Programs/MiKTeX/fonts/type1/p
ublic/amsfonts/cm/cmmi5.pfb><C:/Users/orfuc/AppData/Local/Programs/MiKTeX/fonts
/type1/public/amsfonts/cm/cmmi6.pfb><C:/Users/orfuc/AppData/Local/Programs/MiKT
eX/fonts/type1/public/amsfonts/cm/cmmi7.pfb><C:/Users/orfuc/AppData/Local/Progr
ams/MiKTeX/fonts/type1/public/amsfonts/cm/cmmi9.pfb><C:/Users/orfuc/AppData/Loc
al/Programs/MiKTeX/fonts/type1/public/amsfonts/cm/cmr10.pfb><C:/Users/orfuc/App
Data/Local/Programs/MiKTeX/fonts/type1/public/amsfonts/cm/cmr5.pfb><C:/Users/or
fuc/AppData/Local/Programs/MiKTeX/fonts/type1/public/amsfonts/cm/cmr6.pfb><C:/U
sers/orfuc/AppData/Local/Programs/MiKTeX/fonts/type1/public/amsfonts/cm/cmr7.pf
b><C:/Users/orfuc/AppData/Local/Programs/MiKTeX/fonts/type1/public/amsfonts/cm/
cmsy10.pfb><C:/Users/orfuc/AppData/Local/Programs/MiKTeX/fonts/type1/public/ams
fonts/cm/cmsy5.pfb><C:/Users/orfuc/AppData/Local/Programs/MiKTeX/fonts/type1/pu
blic/amsfonts/cm/cmsy7.pfb><C:/Users/orfuc/AppData/Local/Programs/MiKTeX/fonts/
type1/public/amsfonts/cm/cmsy9.pfb><C:/Users/orfuc/AppData/Local/Programs/MiKTe
X/fonts/type1/public/amsfonts/cm/cmti10.pfb><C:/Users/orfuc/AppData/Local/Progr
ams/MiKTeX/fonts/type1/public/amsfonts/cm/cmti7.pfb><C:/Users/orfuc/AppData/Loc
al/Programs/MiKTeX/fonts/type1/urw/courier/ucrr8a.pfb><C:/Users/orfuc/AppData/L
ocal/Programs/MiKTeX/fonts/type1/urw/times/utmb8a.pfb><C:/Users/orfuc/AppData/L
ocal/Programs/MiKTeX/fonts/type1/urw/times/utmr8a.pfb><C:/Users/orfuc/AppData/L
ocal/Programs/MiKTeX/fonts/type1/urw/times/utmri8a.pfb>
Output written on QDEC-POMDP.8_changed.pdf (8 pages, 324765 bytes).
PDF statistics:
 131 PDF objects out of 1000 (max. 8388607)
 0 named destinations out of 1000 (max. 500000)
 6 words of extra memory for PDF output out of 10000 (max. 10000000)

