This is pdfTeX, Version 3.141592653-2.6-1.40.25 (MiKTeX 23.9) (preloaded format=pdflatex 2023.9.22)  16 JAN 2024 17:03
entering extended mode
 restricted \write18 enabled.
 %&-line parsing enabled.
**./camera_ready_changed.tex
(camera_ready_changed.tex
LaTeX2e <2023-06-01> patch level 1
L3 programming layer <2023-08-29>
(C:\Users\micha\AppData\Local\Programs\MiKTeX\tex/latex/base\article.cls
Document Class: article 2023/05/17 v1.4n Standard LaTeX document class
(C:\Users\micha\AppData\Local\Programs\MiKTeX\tex/latex/base\size10.clo
File: size10.clo 2023/05/17 v1.4n Standard LaTeX file (size option)
)
\c@part=\count185
\c@section=\count186
\c@subsection=\count187
\c@subsubsection=\count188
\c@paragraph=\count189
\c@subparagraph=\count190
\c@figure=\count191
\c@table=\count192
\abovecaptionskip=\skip48
\belowcaptionskip=\skip49
\bibindent=\dimen140
)
(aaai24.sty
Package: aaai24 2023/06/26 AAAI 2024 Submission format

Conference Style for AAAI for LaTeX 2e -- version for submission
\titlebox=\skip50
) (C:\Users\micha\AppData\Local\Programs\MiKTeX\tex/latex/psnfss\times.sty
Package: times 2020/03/25 PSNFSS-v9.3 (SPQR) 
)
(C:\Users\micha\AppData\Local\Programs\MiKTeX\tex/latex/psnfss\helvet.sty
Package: helvet 2020/03/25 PSNFSS-v9.3 (WaS) 

(C:\Users\micha\AppData\Local\Programs\MiKTeX\tex/latex/graphics\keyval.sty
Package: keyval 2022/05/29 v1.15 key=value parser (DPC)
\KV@toks@=\toks17
))
(C:\Users\micha\AppData\Local\Programs\MiKTeX\tex/latex/psnfss\courier.sty
Package: courier 2020/03/25 PSNFSS-v9.3 (WaS) 
)
(C:\Users\micha\AppData\Local\Programs\MiKTeX\tex/latex/url\url.sty
\Urlmuskip=\muskip16
Package: url 2013/09/16  ver 3.4  Verb mode for urls, etc.
)
(C:\Users\micha\AppData\Local\Programs\MiKTeX\tex/latex/graphics\graphicx.sty
Package: graphicx 2021/09/16 v1.2d Enhanced LaTeX Graphics (DPC,SPQR)

(C:\Users\micha\AppData\Local\Programs\MiKTeX\tex/latex/graphics\graphics.sty
Package: graphics 2022/03/10 v1.4e Standard LaTeX Graphics (DPC,SPQR)

(C:\Users\micha\AppData\Local\Programs\MiKTeX\tex/latex/graphics\trig.sty
Package: trig 2021/08/11 v1.11 sin cos tan (DPC)
)
(C:\Users\micha\AppData\Local\Programs\MiKTeX\tex/latex/graphics-cfg\graphics.c
fg
File: graphics.cfg 2016/06/04 v1.11 sample graphics configuration
)
Package graphics Info: Driver file: pdftex.def on input line 107.

(C:\Users\micha\AppData\Local\Programs\MiKTeX\tex/latex/graphics-def\pdftex.def
File: pdftex.def 2022/09/22 v1.2b Graphics/color driver for pdftex
))
\Gin@req@height=\dimen141
\Gin@req@width=\dimen142
) (C:\Users\micha\AppData\Local\Programs\MiKTeX\tex/latex/natbib\natbib.sty
Package: natbib 2010/09/13 8.31b (PWD, AO)
\bibhang=\skip51
\bibsep=\skip52
LaTeX Info: Redefining \cite on input line 694.
\c@NAT@ctr=\count193
)
(C:\Users\micha\AppData\Local\Programs\MiKTeX\tex/latex/caption\caption.sty
Package: caption 2023/07/31 v3.6n Customizing captions (AR)

(C:\Users\micha\AppData\Local\Programs\MiKTeX\tex/latex/caption\caption3.sty
Package: caption3 2023/07/31 v2.4d caption3 kernel (AR)
\caption@tempdima=\dimen143
\captionmargin=\dimen144
\caption@leftmargin=\dimen145
\caption@rightmargin=\dimen146
\caption@width=\dimen147
\caption@indent=\dimen148
\caption@parindent=\dimen149
\caption@hangindent=\dimen150
Package caption Info: Standard document class detected.
)
\c@caption@flags=\count194
\c@continuedfloat=\count195
)
(C:\Users\micha\AppData\Local\Programs\MiKTeX\tex/latex/algorithms\algorithm.st
y
Package: algorithm 2009/08/24 v0.1 Document Style `algorithm' - floating enviro
nment
 (C:\Users\micha\AppData\Local\Programs\MiKTeX\tex/latex/float\float.sty
Package: float 2001/11/08 v1.3d Float enhancements (AL)
\c@float@type=\count196
\float@exts=\toks18
\float@box=\box51
\@float@everytoks=\toks19
\@floatcapt=\box52
)
(C:\Users\micha\AppData\Local\Programs\MiKTeX\tex/latex/base\ifthen.sty
Package: ifthen 2022/04/13 v1.1d Standard LaTeX ifthen package (DPC)
)
\@float@every@algorithm=\toks20
\c@algorithm=\count197
)
(C:\Users\micha\AppData\Local\Programs\MiKTeX\tex/latex/algorithms\algorithmic.
sty
Package: algorithmic 2009/08/24 v0.1 Document Style `algorithmic'
\c@ALC@unique=\count198
\c@ALC@line=\count199
\c@ALC@rem=\count266
\c@ALC@depth=\count267
\ALC@tlm=\skip53
\algorithmicindent=\skip54
) (C:\Users\micha\AppData\Local\Programs\MiKTeX\tex/latex/tools\tabularx.sty
Package: tabularx 2020/01/15 v2.11c `tabularx' package (DPC)
(C:\Users\micha\AppData\Local\Programs\MiKTeX\tex/latex/tools\array.sty
Package: array 2022/09/04 v2.5g Tabular extension package (FMi)
\col@sep=\dimen151
\ar@mcellbox=\box53
\extrarowheight=\dimen152
\NC@list=\toks21
\extratabsurround=\skip55
\backup@length=\skip56
\ar@cellbox=\box54
)
\TX@col@width=\dimen153
\TX@old@table=\dimen154
\TX@old@col=\dimen155
\TX@target=\dimen156
\TX@delta=\dimen157
\TX@cols=\count268
\TX@ftn=\toks22
)
(C:\Users\micha\AppData\Local\Programs\MiKTeX\tex/latex/amsmath\amsmath.sty
Package: amsmath 2023/05/13 v2.17o AMS math features
\@mathmargin=\skip57

For additional information on amsmath, use the `?' option.
(C:\Users\micha\AppData\Local\Programs\MiKTeX\tex/latex/amsmath\amstext.sty
Package: amstext 2021/08/26 v2.01 AMS text

(C:\Users\micha\AppData\Local\Programs\MiKTeX\tex/latex/amsmath\amsgen.sty
File: amsgen.sty 1999/11/30 v2.0 generic functions
\@emptytoks=\toks23
\ex@=\dimen158
))
(C:\Users\micha\AppData\Local\Programs\MiKTeX\tex/latex/amsmath\amsbsy.sty
Package: amsbsy 1999/11/29 v1.2d Bold Symbols
\pmbraise@=\dimen159
)
(C:\Users\micha\AppData\Local\Programs\MiKTeX\tex/latex/amsmath\amsopn.sty
Package: amsopn 2022/04/08 v2.04 operator names
)
\inf@bad=\count269
LaTeX Info: Redefining \frac on input line 234.
\uproot@=\count270
\leftroot@=\count271
LaTeX Info: Redefining \overline on input line 399.
LaTeX Info: Redefining \colon on input line 410.
\classnum@=\count272
\DOTSCASE@=\count273
LaTeX Info: Redefining \ldots on input line 496.
LaTeX Info: Redefining \dots on input line 499.
LaTeX Info: Redefining \cdots on input line 620.
\Mathstrutbox@=\box55
\strutbox@=\box56
LaTeX Info: Redefining \big on input line 722.
LaTeX Info: Redefining \Big on input line 723.
LaTeX Info: Redefining \bigg on input line 724.
LaTeX Info: Redefining \Bigg on input line 725.
\big@size=\dimen160
LaTeX Font Info:    Redeclaring font encoding OML on input line 743.
LaTeX Font Info:    Redeclaring font encoding OMS on input line 744.
\macc@depth=\count274
LaTeX Info: Redefining \bmod on input line 905.
LaTeX Info: Redefining \pmod on input line 910.
LaTeX Info: Redefining \smash on input line 940.
LaTeX Info: Redefining \relbar on input line 970.
LaTeX Info: Redefining \Relbar on input line 971.
\c@MaxMatrixCols=\count275
\dotsspace@=\muskip17
\c@parentequation=\count276
\dspbrk@lvl=\count277
\tag@help=\toks24
\row@=\count278
\column@=\count279
\maxfields@=\count280
\andhelp@=\toks25
\eqnshift@=\dimen161
\alignsep@=\dimen162
\tagshift@=\dimen163
\tagwidth@=\dimen164
\totwidth@=\dimen165
\lineht@=\dimen166
\@envbody=\toks26
\multlinegap=\skip58
\multlinetaggap=\skip59
\mathdisplay@stack=\toks27
LaTeX Info: Redefining \[ on input line 2953.
LaTeX Info: Redefining \] on input line 2954.
)
(C:\Users\micha\AppData\Local\Programs\MiKTeX\tex/latex/amsfonts\amsfonts.sty
Package: amsfonts 2013/01/14 v3.01 Basic AMSFonts support
\symAMSa=\mathgroup4
\symAMSb=\mathgroup5
LaTeX Font Info:    Redeclaring math symbol \hbar on input line 98.
LaTeX Font Info:    Overwriting math alphabet `\mathfrak' in version `bold'
(Font)                  U/euf/m/n --> U/euf/b/n on input line 106.
)
(C:\Users\micha\AppData\Local\Programs\MiKTeX\tex/latex/booktabs\booktabs.sty
Package: booktabs 2020/01/12 v1.61803398 Publication quality tables
\heavyrulewidth=\dimen167
\lightrulewidth=\dimen168
\cmidrulewidth=\dimen169
\belowrulesep=\dimen170
\belowbottomsep=\dimen171
\aboverulesep=\dimen172
\abovetopsep=\dimen173
\cmidrulesep=\dimen174
\cmidrulekern=\dimen175
\defaultaddspace=\dimen176
\@cmidla=\count281
\@cmidlb=\count282
\@aboverulesep=\dimen177
\@belowrulesep=\dimen178
\@thisruleclass=\count283
\@lastruleclass=\count284
\@thisrulewidth=\dimen179
)
(C:\Users\micha\AppData\Local\Programs\MiKTeX\tex/latex/multirow\multirow.sty
Package: multirow 2021/03/15 v2.8 Span multiple rows of a table
\multirow@colwidth=\skip60
\multirow@cntb=\count285
\multirow@dima=\skip61
\bigstrutjot=\dimen180
)
(C:\Users\micha\AppData\Local\Programs\MiKTeX\tex/latex/newfloat\newfloat.sty
Package: newfloat 2023/10/01 v1.2 Defining new floating environments (AR)
)
(C:\Users\micha\AppData\Local\Programs\MiKTeX\tex/latex/listings\listings.sty
\lst@mode=\count286
\lst@gtempboxa=\box57
\lst@token=\toks28
\lst@length=\count287
\lst@currlwidth=\dimen181
\lst@column=\count288
\lst@pos=\count289
\lst@lostspace=\dimen182
\lst@width=\dimen183
\lst@newlines=\count290
\lst@lineno=\count291
\lst@maxwidth=\dimen184

(C:\Users\micha\AppData\Local\Programs\MiKTeX\tex/latex/listings\lstmisc.sty
File: lstmisc.sty 2023/02/27 1.9 (Carsten Heinz)
\c@lstnumber=\count292
\lst@skipnumbers=\count293
\lst@framebox=\box58
)
(C:\Users\micha\AppData\Local\Programs\MiKTeX\tex/latex/listings\listings.cfg
File: listings.cfg 2023/02/27 1.9 listings configuration
))
Package: listings 2023/02/27 1.9 (Carsten Heinz)
\@float@every@listing=\toks29
\c@listing=\count294
LaTeX Font Info:    Trying to load font information for OT1+ptm on input line 1
08.
(C:\Users\micha\AppData\Local\Programs\MiKTeX\tex/latex/psnfss\ot1ptm.fd
File: ot1ptm.fd 2001/06/04 font definitions for OT1/ptm.
)
(C:\Users\micha\AppData\Local\Programs\MiKTeX\tex/latex/l3backend\l3backend-pdf
tex.def
File: l3backend-pdftex.def 2023-04-19 L3 backend support: PDF output (pdfTeX)
\l__color_backend_stack_int=\count295
\l__pdf_internal_box=\box59
) (camera_ready_changed.aux)
\openout1 = `camera_ready_changed.aux'.

LaTeX Font Info:    Checking defaults for OML/cmm/m/it on input line 108.
LaTeX Font Info:    ... okay on input line 108.
LaTeX Font Info:    Checking defaults for OMS/cmsy/m/n on input line 108.
LaTeX Font Info:    ... okay on input line 108.
LaTeX Font Info:    Checking defaults for OT1/cmr/m/n on input line 108.
LaTeX Font Info:    ... okay on input line 108.
LaTeX Font Info:    Checking defaults for T1/cmr/m/n on input line 108.
LaTeX Font Info:    ... okay on input line 108.
LaTeX Font Info:    Checking defaults for TS1/cmr/m/n on input line 108.
LaTeX Font Info:    ... okay on input line 108.
LaTeX Font Info:    Checking defaults for OMX/cmex/m/n on input line 108.
LaTeX Font Info:    ... okay on input line 108.
LaTeX Font Info:    Checking defaults for U/cmr/m/n on input line 108.
LaTeX Font Info:    ... okay on input line 108.

(C:\Users\micha\AppData\Local\Programs\MiKTeX\tex/context/base/mkii\supp-pdf.mk
ii
[Loading MPS to PDF converter (version 2006.09.02).]
\scratchcounter=\count296
\scratchdimen=\dimen185
\scratchbox=\box60
\nofMPsegments=\count297
\nofMParguments=\count298
\everyMPshowfont=\toks30
\MPscratchCnt=\count299
\MPscratchDim=\dimen186
\MPnumerator=\count300
\makeMPintoPDFobject=\count301
\everyMPtoPDFconversion=\toks31
)
(C:\Users\micha\AppData\Local\Programs\MiKTeX\tex/latex/epstopdf-pkg\epstopdf-b
ase.sty
Package: epstopdf-base 2020-01-24 v2.11 Base part for package epstopdf
Package epstopdf-base Info: Redefining graphics rule for `.eps' on input line 4
85.

(C:\Users\micha\AppData\Local\Programs\MiKTeX\tex/latex/00miktex\epstopdf-sys.c
fg
File: epstopdf-sys.cfg 2021/03/18 v2.0 Configuration of epstopdf for MiKTeX
))
Package caption Info: Begin \AtBeginDocument code.
Package caption Info: float package is loaded.
Package caption Info: listings package is loaded.
Package caption Info: End \AtBeginDocument code.
Package newfloat Info: `float' package detected.
\c@lstlisting=\count302
\c@eqfn=\count303
\titlearea=\box61
LaTeX Font Info:    Trying to load font information for U+msa on input line 110
.
 (C:\Users\micha\AppData\Local\Programs\MiKTeX\tex/latex/amsfonts\umsa.fd
File: umsa.fd 2013/01/14 v3.01 AMS symbols A
)
LaTeX Font Info:    Trying to load font information for U+msb on input line 110
.

(C:\Users\micha\AppData\Local\Programs\MiKTeX\tex/latex/amsfonts\umsb.fd
File: umsb.fd 2013/01/14 v3.01 AMS symbols B
)
\actualheight=\skip62
LaTeX Font Info:    Trying to load font information for TS1+ptm on input line 1
10.

(C:\Users\micha\AppData\Local\Programs\MiKTeX\tex/latex/psnfss\ts1ptm.fd
File: ts1ptm.fd 2001/06/04 font definitions for TS1/ptm.
)

pdfTeX warning: pdflatex.exe (file ./figures/banner.pdf): PDF inclusion: found 
PDF version <1.7>, but at most version <1.5> allowed
<figures/banner.pdf, id=1, 1763.4884pt x 604.46028pt>
File: figures/banner.pdf Graphic file (type pdf)
<use figures/banner.pdf>
Package pdftex.def Info: figures/banner.pdf  used on input line 120.
(pdftex.def)             Requested size: 505.89pt x 173.39821pt.

Package natbib Warning: Citation `mildenhall2021nerf' on page 1 undefined on in
put line 125.


Package natbib Warning: Citation `gao2022nerf' on page 1 undefined on input lin
e 125.


Package natbib Warning: Citation `niemeyer2022regnerf' on page 1 undefined on i
nput line 125.


Package natbib Warning: Citation `Johari_2022_CVPR' on page 1 undefined on inpu
t line 125.


Package natbib Warning: Citation `jiang2022instantavatar' on page 1 undefined o
n input line 125.


Package natbib Warning: Citation `poole2022dreamfusion' on page 1 undefined on 
input line 125.


Package natbib Warning: Citation `turki2022mega' on page 1 undefined on input l
ine 125.


Package natbib Warning: Citation `muller2022instant' on page 1 undefined on inp
ut line 127.


Package natbib Warning: Citation `chen2022tensorf' on page 1 undefined on input
 line 127.


Underfull \hbox (badness 2293) in paragraph at lines 127--128
[]\OT1/ptm/m/n/10 However, to syn-the-size high-quality im-ages, cur-rent
 []


Package natbib Warning: Citation `mihajlovic2022keypointnerf' on page 1 undefin
ed on input line 129.


Package natbib Warning: Citation `kwon2021neural' on page 1 undefined on input 
line 129.


Package natbib Warning: Citation `park2022handoccnet' on page 1 undefined on in
put line 129.


Package natbib Warning: Citation `deng2022recurrent' on page 1 undefined on inp
ut line 129.


Package natbib Warning: Citation `mihajlovic2022keypointnerf' on page 1 undefin
ed on input line 131.


Package natbib Warning: Citation `saito2019pifu' on page 1 undefined on input l
ine 131.


Package natbib Warning: Citation `kwon2021neural' on page 1 undefined on input 
line 131.


Package natbib Warning: Citation `moon2020interhand2' on page 1 undefined on in
put line 137.


Package natbib Warning: Citation `meng20223d' on page 1 undefined on input line
 137.

[1{C:/Users/micha/AppData/Local/MiKTeX/fonts/map/pdftex/pdftex.map}{C:/Users/mi
cha/AppData/Local/Programs/MiKTeX/fonts/enc/dvips/base/8r.enc}



]

Package natbib Warning: Citation `mildenhall2021nerf' on page 2 undefined on in
put line 153.


Package natbib Warning: Citation `deng2022depth' on page 2 undefined on input l
ine 153.


Package natbib Warning: Citation `mildenhall2022nerf' on page 2 undefined on in
put line 153.


Package natbib Warning: Citation `johari2022geonerf' on page 2 undefined on inp
ut line 153.


Package natbib Warning: Citation `niemeyer2022regnerf' on page 2 undefined on i
nput line 153.


Package natbib Warning: Citation `Johari_2022_CVPR' on page 2 undefined on inpu
t line 153.


Package natbib Warning: Citation `martin2021nerf' on page 2 undefined on input 
line 153.


Package natbib Warning: Citation `raj2021pixel' on page 2 undefined on input li
ne 153.


Package natbib Warning: Citation `wang2021ibrnet' on page 2 undefined on input 
line 153.


Package natbib Warning: Citation `yu2021pixelnerf' on page 2 undefined on input
 line 153.


Package natbib Warning: Citation `mihajlovic2022keypointnerf' on page 2 undefin
ed on input line 153.


Package natbib Warning: Citation `peng2021neural' on page 2 undefined on input 
line 153.


Package natbib Warning: Citation `kwon2021neural' on page 2 undefined on input 
line 153.


Package natbib Warning: Citation `kwon2021neural' on page 2 undefined on input 
line 153.


Package natbib Warning: Citation `loper2015smpl' on page 2 undefined on input l
ine 153.


Package natbib Warning: Citation `or2022stylesdf' on page 2 undefined on input 
line 153.


Package natbib Warning: Citation `hong2022eva3d' on page 2 undefined on input l
ine 153.


Package natbib Warning: Citation `corona2022lisa' on page 2 undefined on input 
line 153.


Package natbib Warning: Citation `corona2022lisa' on page 2 undefined on input 
line 153.


Package natbib Warning: Citation `guo2023handnerf' on page 2 undefined on input
 line 153.


Package natbib Warning: Citation `hu2023sherf' on page 2 undefined on input lin
e 153.



pdfTeX warning: pdflatex.exe (file ./figures/frameworkm.pdf): PDF inclusion: fo
und PDF version <1.7>, but at most version <1.5> allowed
<figures/frameworkm.pdf, id=8, 1984.04237pt x 588.45444pt>
File: figures/frameworkm.pdf Graphic file (type pdf)
<use figures/frameworkm.pdf>
Package pdftex.def Info: figures/frameworkm.pdf  used on input line 159.
(pdftex.def)             Requested size: 505.89pt x 150.04042pt.

Package natbib Warning: Citation `romero2022embodied' on page 2 undefined on in
put line 165.


Package natbib Warning: Citation `zhang2021interacting' on page 2 undefined on 
input line 165.


Package natbib Warning: Citation `chen2021camera' on page 2 undefined on input 
line 165.


Package natbib Warning: Citation `kulon2020weakly' on page 2 undefined on input
 line 165.


Package natbib Warning: Citation `zhou2020monocular' on page 2 undefined on inp
ut line 165.


Package natbib Warning: Citation `chen2022hand' on page 2 undefined on input li
ne 165.


Package natbib Warning: Citation `chen2022alignsdf' on page 2 undefined on inpu
t line 165.


Package natbib Warning: Citation `karunratanakul2021skeleton' on page 2 undefin
ed on input line 165.


Package natbib Warning: Citation `gaodart2022' on page 2 undefined on input lin
e 165.


Package natbib Warning: Citation `goodfellow2020generative' on page 2 undefined
 on input line 168.


Package natbib Warning: Citation `schwarz2020graf' on page 2 undefined on input
 line 168.


Package natbib Warning: Citation `chan2021pi' on page 2 undefined on input line
 168.


Package natbib Warning: Citation `or2022stylesdf' on page 2 undefined on input 
line 168.


Package natbib Warning: Citation `hong2022eva3d' on page 2 undefined on input l
ine 168.


Package natbib Warning: Citation `deng2022gram' on page 2 undefined on input li
ne 168.


Package natbib Warning: Citation `niemeyer2021giraffe' on page 2 undefined on i
nput line 168.


Package natbib Warning: Citation `xu2021generative' on page 2 undefined on inpu
t line 168.


Package natbib Warning: Citation `chan2022efficient' on page 2 undefined on inp
ut line 168.


Package natbib Warning: Citation `hong2022eva3d' on page 2 undefined on input l
ine 168.


Underfull \vbox (badness 1917) has occurred while \output is active []

 [2 <./figures/banner.pdf>]

pdfTeX warning: pdflatex.exe (file ./figures/dis.pdf): PDF inclusion: found PDF
 version <1.7>, but at most version <1.5> allowed
<figures/dis.pdf, id=50, 2065.17226pt x 258.21469pt>
File: figures/dis.pdf Graphic file (type pdf)
<use figures/dis.pdf>
Package pdftex.def Info: figures/dis.pdf  used on input line 180.
(pdftex.def)             Requested size: 505.89pt x 63.24936pt.

Package natbib Warning: Citation `mildenhall2021nerf' on page 3 undefined on in
put line 185.


Package natbib Warning: Citation `romero2017embodied' on page 3 undefined on in
put line 187.


Package natbib Warning: Citation `mihajlovic2022keypointnerf' on page 3 undefin
ed on input line 187.


Package natbib Warning: Citation `newell2016stacked' on page 3 undefined on inp
ut line 187.


Package natbib Warning: Citation `johnson2016perceptual' on page 3 undefined on
 input line 187.


Package natbib Warning: Citation `hong2022eva3d' on page 3 undefined on input l
ine 187.


Package natbib Warning: Citation `wang2021ibrnet' on page 3 undefined on input 
line 192.

[3 <./figures/frameworkm.pdf>]
<figures/quality.pdf, id=89, 722.31526pt x 224.43349pt>
File: figures/quality.pdf Graphic file (type pdf)
<use figures/quality.pdf>
Package pdftex.def Info: figures/quality.pdf  used on input line 222.
(pdftex.def)             Requested size: 505.89pt x 157.18454pt.


Package natbib Warning: Citation `guler2018densepose' on page 4 undefined on in
put line 241.


Package natbib Warning: Citation `johnson2016perceptual' on page 4 undefined on
 input line 246.


Package natbib Warning: Citation `mescheder2018training' on page 4 undefined on
 input line 246.


Package natbib Warning: Citation `hong2022eva3d' on page 4 undefined on input l
ine 246.


Package natbib Warning: Citation `mescheder2018training' on page 4 undefined on
 input line 251.

[4 <./figures/dis.pdf>]

Package natbib Warning: Citation `moon2020interhand2' on page 5 undefined on in
put line 264.


Package natbib Warning: Citation `kingma2014adam' on page 5 undefined on input 
line 267.


Package natbib Warning: Citation `mihajlovic2022keypointnerf' on page 5 undefin
ed on input line 267.


Package natbib Warning: Citation `kwon2021neural' on page 5 undefined on input 
line 270.


Package natbib Warning: Citation `mihajlovic2022keypointnerf' on page 5 undefin
ed on input line 270.


Package natbib Warning: Citation `guo2023handnerf' on page 5 undefined on input
 line 270.


Package natbib Warning: Citation `prokudin2021smplpix' on page 5 undefined on i
nput line 270.


Package natbib Warning: Citation `sara2019image' on page 5 undefined on input l
ine 270.


Package natbib Warning: Citation `wang2004image' on page 5 undefined on input l
ine 270.


Package natbib Warning: Citation `zhang2018unreasonable' on page 5 undefined on
 input line 270.



pdfTeX warning: pdflatex.exe (file ./figures/large_view.pdf): PDF inclusion: fo
und PDF version <1.7>, but at most version <1.5> allowed
<figures/large_view.pdf, id=113, 366.83298pt x 257.96979pt>
File: figures/large_view.pdf Graphic file (type pdf)
<use figures/large_view.pdf>
Package pdftex.def Info: figures/large_view.pdf  used on input line 274.
(pdftex.def)             Requested size: 239.39438pt x 168.35147pt.
<figures/occlusion.pdf, id=114, 369.92856pt x 256.422pt>
File: figures/occlusion.pdf Graphic file (type pdf)
<use figures/occlusion.pdf>
Package pdftex.def Info: figures/occlusion.pdf  used on input line 281.
(pdftex.def)             Requested size: 239.39438pt x 165.94064pt.
LaTeX Info: Symbol \textuparrow not provided by
            font family ptm in TS1 encoding.
            Default family used instead on input line 292.
LaTeX Info: Symbol \textuparrow not provided by
            font family ptm in TS1 encoding.
            Default family used instead on input line 292.
LaTeX Info: Symbol \textdownarrow not provided by
            font family ptm in TS1 encoding.
            Default family used instead on input line 292.

Underfull \hbox (badness 1590) in paragraph at lines 304--304
[]\OT1/ptm/m/n/10 Table 2: |Per-for-mance com-par-i-son among gen-er-al-iz-able

 []

LaTeX Info: Symbol \textuparrow not provided by
            font family ptm in TS1 encoding.
            Default family used instead on input line 309.
LaTeX Info: Symbol \textuparrow not provided by
            font family ptm in TS1 encoding.
            Default family used instead on input line 309.
LaTeX Info: Symbol \textdownarrow not provided by
            font family ptm in TS1 encoding.
            Default family used instead on input line 309.

Underfull \hbox (badness 1590) in paragraph at lines 321--321
[]\OT1/ptm/m/n/10 Table 3: |Per-for-mance com-par-i-son among gen-er-al-iz-able

 []

LaTeX Info: Symbol \textuparrow not provided by
            font family ptm in TS1 encoding.
            Default family used instead on input line 326.
LaTeX Info: Symbol \textuparrow not provided by
            font family ptm in TS1 encoding.
            Default family used instead on input line 326.
LaTeX Info: Symbol \textdownarrow not provided by
            font family ptm in TS1 encoding.
            Default family used instead on input line 326.


pdfTeX warning: pdflatex.exe (file ./figures/vis_dis.pdf): PDF inclusion: found
 PDF version <1.7>, but at most version <1.5> allowed
<figures/vis_dis.pdf, id=115, 260.0335pt x 208.43973pt>
File: figures/vis_dis.pdf Graphic file (type pdf)
<use figures/vis_dis.pdf>
Package pdftex.def Info: figures/vis_dis.pdf  used on input line 343.
(pdftex.def)             Requested size: 239.39438pt x 191.89409pt.
LaTeX Info: Symbol \textuparrow not provided by
            font family ptm in TS1 encoding.
            Default family used instead on input line 355.
LaTeX Info: Symbol \textuparrow not provided by
            font family ptm in TS1 encoding.
            Default family used instead on input line 355.
LaTeX Info: Symbol \textdownarrow not provided by
            font family ptm in TS1 encoding.
            Default family used instead on input line 355.
LaTeX Info: Symbol \textuparrow not provided by
            font family ptm in TS1 encoding.
            Default family used instead on input line 371.
LaTeX Info: Symbol \textuparrow not provided by
            font family ptm in TS1 encoding.
            Default family used instead on input line 371.
LaTeX Info: Symbol \textdownarrow not provided by
            font family ptm in TS1 encoding.
            Default family used instead on input line 371.
LaTeX Info: Symbol \textuparrow not provided by
            font family ptm in TS1 encoding.
            Default family used instead on input line 387.
LaTeX Info: Symbol \textuparrow not provided by
            font family ptm in TS1 encoding.
            Default family used instead on input line 387.
LaTeX Info: Symbol \textdownarrow not provided by
            font family ptm in TS1 encoding.
            Default family used instead on input line 387.
[5 <./figures/quality.pdf, page is rotated 90 degrees> <./figures/large_view.pd
f, page is rotated 90 degrees>] [6 <./figures/occlusion.pdf, page is rotated 90
 degrees>]
Underfull \hbox (badness 4569) in paragraph at lines 425--426
\OT1/ptm/m/n/10 gram of China un-der Grant No. 2020AAA0109700,
 []


Underfull \hbox (badness 10000) in paragraph at lines 425--426
\OT1/ptm/m/n/10 Guang-dong Out-stand-ing Youth Fund (Grant No.
 []

[7 <./figures/vis_dis.pdf, page is rotated 90 degrees>] [8

]
No file camera_ready_changed.bbl.

Package natbib Warning: There were undefined citations.

(camera_ready_changed.aux)
 ***********
LaTeX2e <2023-06-01> patch level 1
L3 programming layer <2023-08-29>
 ***********
 ) 
Here is how much of TeX's memory you used:
 6286 strings out of 475247
 102849 string characters out of 5757792
 1946801 words of memory out of 5000000
 27720 multiletter control sequences out of 15000+600000
 587214 words of font info for 102 fonts, out of 8000000 for 9000
 1141 hyphenation exceptions out of 8191
 57i,17n,65p,2172b,305s stack positions out of 10000i,1000n,20000p,200000b,200000s
 <C:\Users\micha\AppData\Local\MiKTeX\fonts/pk/ljfour/jknappen/ec/dpi600\tcrm
0900.pk> <C:\Users\micha\AppData\Local\MiKTeX\fonts/pk/ljfour/jknappen/ec/dpi60
0\tcrm1000.pk><C:/Users/micha/AppData/Local/Programs/MiKTeX/fonts/type1/public/
amsfonts/cm/cmbx10.pfb><C:/Users/micha/AppData/Local/Programs/MiKTeX/fonts/type
1/public/amsfonts/cm/cmmi10.pfb><C:/Users/micha/AppData/Local/Programs/MiKTeX/f
onts/type1/public/amsfonts/cm/cmmi7.pfb><C:/Users/micha/AppData/Local/Programs/
MiKTeX/fonts/type1/public/amsfonts/cm/cmr10.pfb><C:/Users/micha/AppData/Local/P
rograms/MiKTeX/fonts/type1/public/amsfonts/cm/cmr7.pfb><C:/Users/micha/AppData/
Local/Programs/MiKTeX/fonts/type1/public/amsfonts/cm/cmsy10.pfb><C:/Users/micha
/AppData/Local/Programs/MiKTeX/fonts/type1/public/amsfonts/cm/cmsy7.pfb><C:/Use
rs/micha/AppData/Local/Programs/MiKTeX/fonts/type1/public/amsfonts/symbols/msbm
10.pfb><C:/Users/micha/AppData/Local/Programs/MiKTeX/fonts/type1/urw/times/utmb
8a.pfb><C:/Users/micha/AppData/Local/Programs/MiKTeX/fonts/type1/urw/times/utmr
8a.pfb>
Output written on camera_ready_changed.pdf (8 pages, 1417746 bytes).
PDF statistics:
 343 PDF objects out of 1000 (max. 8388607)
 0 named destinations out of 1000 (max. 500000)
 36 words of extra memory for PDF output out of 10000 (max. 10000000)

