This is pdfTeX, Version 3.141592653-2.6-1.40.25 (MiKTeX 23.5) (preloaded format=pdflatex 2024.1.12)  3 MAR 2024 12:57
entering extended mode
 restricted \write18 enabled.
 %&-line parsing enabled.
**./AAAI-ShiQ.8407_changed.tex
(AAAI-ShiQ.8407_changed.tex
LaTeX2e <2023-06-01> patch level 1
L3 programming layer <2023-08-29>
(C:\Users\orfuc\AppData\Local\Programs\MiKTeX\tex/latex/base\article.cls
Document Class: article 2023/05/17 v1.4n Standard LaTeX document class
(C:\Users\orfuc\AppData\Local\Programs\MiKTeX\tex/latex/base\size10.clo
File: size10.clo 2023/05/17 v1.4n Standard LaTeX file (size option)
)
\c@part=\count185
\c@section=\count186
\c@subsection=\count187
\c@subsubsection=\count188
\c@paragraph=\count189
\c@subparagraph=\count190
\c@figure=\count191
\c@table=\count192
\abovecaptionskip=\skip48
\belowcaptionskip=\skip49
\bibindent=\dimen140
)
(C:\Users\orfuc\AppData\Local\Programs\MiKTeX\tex/latex/cite\cite.sty
LaTeX Info: Redefining \cite on input line 302.
LaTeX Info: Redefining \nocite on input line 332.
Package: cite 2015/02/27  v 5.5
)
(aaai20.sty
Conference Style for AAAI for LaTeX 2e -- version for the AAAI-20 conference
\titlebox=\skip50
) (C:\Users\orfuc\AppData\Local\Programs\MiKTeX\tex/latex/psnfss\times.sty
Package: times 2020/03/25 PSNFSS-v9.3 (SPQR) 
)
(C:\Users\orfuc\AppData\Local\Programs\MiKTeX\tex/latex/psnfss\helvet.sty
Package: helvet 2020/03/25 PSNFSS-v9.3 (WaS) 

(C:\Users\orfuc\AppData\Local\Programs\MiKTeX\tex/latex/graphics\keyval.sty
Package: keyval 2022/05/29 v1.15 key=value parser (DPC)
\KV@toks@=\toks17
))
(C:\Users\orfuc\AppData\Local\Programs\MiKTeX\tex/latex/psnfss\courier.sty
Package: courier 2020/03/25 PSNFSS-v9.3 (WaS) 
)
(C:\Users\orfuc\AppData\Local\Programs\MiKTeX\tex/latex/url\url.sty
\Urlmuskip=\muskip16
Package: url 2013/09/16  ver 3.4  Verb mode for urls, etc.
)
(C:\Users\orfuc\AppData\Local\Programs\MiKTeX\tex/latex/graphics\graphicx.sty
Package: graphicx 2021/09/16 v1.2d Enhanced LaTeX Graphics (DPC,SPQR)

(C:\Users\orfuc\AppData\Local\Programs\MiKTeX\tex/latex/graphics\graphics.sty
Package: graphics 2022/03/10 v1.4e Standard LaTeX Graphics (DPC,SPQR)

(C:\Users\orfuc\AppData\Local\Programs\MiKTeX\tex/latex/graphics\trig.sty
Package: trig 2021/08/11 v1.11 sin cos tan (DPC)
)
(C:\Users\orfuc\AppData\Local\Programs\MiKTeX\tex/latex/graphics-cfg\graphics.c
fg
File: graphics.cfg 2016/06/04 v1.11 sample graphics configuration
)
Package graphics Info: Driver file: pdftex.def on input line 107.

(C:\Users\orfuc\AppData\Local\Programs\MiKTeX\tex/latex/graphics-def\pdftex.def
File: pdftex.def 2022/09/22 v1.2b Graphics/color driver for pdftex
))
\Gin@req@height=\dimen141
\Gin@req@width=\dimen142
) (C:\Users\orfuc\AppData\Local\Programs\MiKTeX\tex/latex/subfig\subfig.sty
Package: subfig 2005/06/28 ver: 1.3 subfig package

(C:\Users\orfuc\AppData\Local\Programs\MiKTeX\tex/latex/caption\caption.sty
Package: caption 2023/07/31 v3.6n Customizing captions (AR)

(C:\Users\orfuc\AppData\Local\Programs\MiKTeX\tex/latex/caption\caption3.sty
Package: caption3 2023/07/31 v2.4d caption3 kernel (AR)
\caption@tempdima=\dimen143
\captionmargin=\dimen144
\caption@leftmargin=\dimen145
\caption@rightmargin=\dimen146
\caption@width=\dimen147
\caption@indent=\dimen148
\caption@parindent=\dimen149
\caption@hangindent=\dimen150
Package caption Info: Standard document class detected.
)
\c@caption@flags=\count193
\c@continuedfloat=\count194
)
\c@KVtest=\count195
\sf@farskip=\skip51
\sf@captopadj=\dimen151
\sf@capskip=\skip52
\sf@nearskip=\skip53
\c@subfigure=\count196
\c@subfigure@save=\count197
\c@lofdepth=\count198
\c@subtable=\count199
\c@subtable@save=\count266
\c@lotdepth=\count267
\sf@top=\skip54
\sf@bottom=\skip55
)
(C:\Users\orfuc\AppData\Local\Programs\MiKTeX\tex/latex/epstopdf-pkg\epstopdf.s
ty
Package: epstopdf 2020-01-24 v2.11 Conversion with epstopdf on the fly (HO)

(C:\Users\orfuc\AppData\Local\Programs\MiKTeX\tex/generic/infwarerr\infwarerr.s
ty
Package: infwarerr 2019/12/03 v1.5 Providing info/warning/error messages (HO)
) (C:\Users\orfuc\AppData\Local\Programs\MiKTeX\tex/latex/grfext\grfext.sty
Package: grfext 2019/12/03 v1.3 Manage graphics extensions (HO)

(C:\Users\orfuc\AppData\Local\Programs\MiKTeX\tex/generic/kvdefinekeys\kvdefine
keys.sty
Package: kvdefinekeys 2019-12-19 v1.6 Define keys (HO)
))
(C:\Users\orfuc\AppData\Local\Programs\MiKTeX\tex/latex/kvoptions\kvoptions.sty
Package: kvoptions 2022-06-15 v3.15 Key value format for package options (HO)
(C:\Users\orfuc\AppData\Local\Programs\MiKTeX\tex/generic/ltxcmds\ltxcmds.sty
Package: ltxcmds 2020-05-10 v1.25 LaTeX kernel commands for general use (HO)
)
(C:\Users\orfuc\AppData\Local\Programs\MiKTeX\tex/latex/kvsetkeys\kvsetkeys.sty
Package: kvsetkeys 2022-10-05 v1.19 Key value parser (HO)
))
(C:\Users\orfuc\AppData\Local\Programs\MiKTeX\tex/generic/pdftexcmds\pdftexcmds
.sty
Package: pdftexcmds 2020-06-27 v0.33 Utility functions of pdfTeX for LuaTeX (HO
)
 (C:\Users\orfuc\AppData\Local\Programs\MiKTeX\tex/generic/iftex\iftex.sty
Package: iftex 2022/02/03 v1.0f TeX engine tests
)
Package pdftexcmds Info: \pdf@primitive is available.
Package pdftexcmds Info: \pdf@ifprimitive is available.
Package pdftexcmds Info: \pdfdraftmode found.
)
(C:\Users\orfuc\AppData\Local\Programs\MiKTeX\tex/latex/epstopdf-pkg\epstopdf-b
ase.sty
Package: epstopdf-base 2020-01-24 v2.11 Base part for package epstopdf
Package epstopdf-base Info: Redefining graphics rule for `.eps' on input line 4
85.
Package grfext Info: Graphics extension search list:
(grfext)             [.pdf,.png,.jpg,.mps,.jpeg,.jbig2,.jb2,.PDF,.PNG,.JPG,.JPE
G,.JBIG2,.JB2,.eps]
(grfext)             \AppendGraphicsExtensions on input line 504.

(C:\Users\orfuc\AppData\Local\Programs\MiKTeX\tex/latex/00miktex\epstopdf-sys.c
fg
File: epstopdf-sys.cfg 2021/03/18 v2.0 Configuration of epstopdf for MiKTeX
)))
(C:\Users\orfuc\AppData\Local\Programs\MiKTeX\tex/latex/amsfonts\eucal.sty
Package: eucal 2009/06/22 v3.00 Euler Script fonts
LaTeX Font Info:    Overwriting math alphabet `\EuScript' in version `bold'
(Font)                  U/eus/m/n --> U/eus/b/n on input line 33.
)
(C:\Users\orfuc\AppData\Local\Programs\MiKTeX\tex/latex/amsmath\amsbsy.sty
Package: amsbsy 1999/11/29 v1.2d Bold Symbols

(C:\Users\orfuc\AppData\Local\Programs\MiKTeX\tex/latex/amsmath\amsgen.sty
File: amsgen.sty 1999/11/30 v2.0 generic functions
\@emptytoks=\toks18
\ex@=\dimen152
)
\pmbraise@=\dimen153
)
(C:\Users\orfuc\AppData\Local\Programs\MiKTeX\tex/latex/algorithms\algorithm.st
y
Package: algorithm 2009/08/24 v0.1 Document Style `algorithm' - floating enviro
nment
 (C:\Users\orfuc\AppData\Local\Programs\MiKTeX\tex/latex/float\float.sty
Package: float 2001/11/08 v1.3d Float enhancements (AL)
\c@float@type=\count268
\float@exts=\toks19
\float@box=\box51
\@float@everytoks=\toks20
\@floatcapt=\box52
)
(C:\Users\orfuc\AppData\Local\Programs\MiKTeX\tex/latex/base\ifthen.sty
Package: ifthen 2022/04/13 v1.1d Standard LaTeX ifthen package (DPC)
)
\@float@every@algorithm=\toks21
\c@algorithm=\count269
)
(C:\Users\orfuc\AppData\Local\Programs\MiKTeX\tex/latex/algorithms\algorithmic.
sty
Package: algorithmic 2009/08/24 v0.1 Document Style `algorithmic'
\c@ALC@unique=\count270
\c@ALC@line=\count271
\c@ALC@rem=\count272
\c@ALC@depth=\count273
\ALC@tlm=\skip56
\algorithmicindent=\skip57
)
(C:\Users\orfuc\AppData\Local\Programs\MiKTeX\tex/latex/amsmath\amsmath.sty
Package: amsmath 2023/05/13 v2.17o AMS math features
\@mathmargin=\skip58

For additional information on amsmath, use the `?' option.
(C:\Users\orfuc\AppData\Local\Programs\MiKTeX\tex/latex/amsmath\amstext.sty
Package: amstext 2021/08/26 v2.01 AMS text
)
(C:\Users\orfuc\AppData\Local\Programs\MiKTeX\tex/latex/amsmath\amsopn.sty
Package: amsopn 2022/04/08 v2.04 operator names
)
\inf@bad=\count274
LaTeX Info: Redefining \frac on input line 234.
\uproot@=\count275
\leftroot@=\count276
LaTeX Info: Redefining \overline on input line 399.
LaTeX Info: Redefining \colon on input line 410.
\classnum@=\count277
\DOTSCASE@=\count278
LaTeX Info: Redefining \ldots on input line 496.
LaTeX Info: Redefining \dots on input line 499.
LaTeX Info: Redefining \cdots on input line 620.
\Mathstrutbox@=\box53
\strutbox@=\box54
LaTeX Info: Redefining \big on input line 722.
LaTeX Info: Redefining \Big on input line 723.
LaTeX Info: Redefining \bigg on input line 724.
LaTeX Info: Redefining \Bigg on input line 725.
\big@size=\dimen154
LaTeX Font Info:    Redeclaring font encoding OML on input line 743.
LaTeX Font Info:    Redeclaring font encoding OMS on input line 744.
\macc@depth=\count279
LaTeX Info: Redefining \bmod on input line 905.
LaTeX Info: Redefining \pmod on input line 910.
LaTeX Info: Redefining \smash on input line 940.
LaTeX Info: Redefining \relbar on input line 970.
LaTeX Info: Redefining \Relbar on input line 971.
\c@MaxMatrixCols=\count280
\dotsspace@=\muskip17
\c@parentequation=\count281
\dspbrk@lvl=\count282
\tag@help=\toks22
\row@=\count283
\column@=\count284
\maxfields@=\count285
\andhelp@=\toks23
\eqnshift@=\dimen155
\alignsep@=\dimen156
\tagshift@=\dimen157
\tagwidth@=\dimen158
\totwidth@=\dimen159
\lineht@=\dimen160
\@envbody=\toks24
\multlinegap=\skip59
\multlinetaggap=\skip60
\mathdisplay@stack=\toks25
LaTeX Info: Redefining \[ on input line 2953.
LaTeX Info: Redefining \] on input line 2954.
)
(C:\Users\orfuc\AppData\Local\Programs\MiKTeX\tex/latex/amsfonts\amssymb.sty
Package: amssymb 2013/01/14 v3.01 AMS font symbols

(C:\Users\orfuc\AppData\Local\Programs\MiKTeX\tex/latex/amsfonts\amsfonts.sty
Package: amsfonts 2013/01/14 v3.01 Basic AMSFonts support
\symAMSa=\mathgroup4
\symAMSb=\mathgroup5
LaTeX Font Info:    Redeclaring math symbol \hbar on input line 98.
LaTeX Font Info:    Overwriting math alphabet `\mathfrak' in version `bold'
(Font)                  U/euf/m/n --> U/euf/b/n on input line 106.
)) (C:\Users\orfuc\AppData\Local\Programs\MiKTeX\tex/latex/amscls\amsthm.sty
Package: amsthm 2020/05/29 v2.20.6
\thm@style=\toks26
\thm@bodyfont=\toks27
\thm@headfont=\toks28
\thm@notefont=\toks29
\thm@headpunct=\toks30
\thm@preskip=\skip61
\thm@postskip=\skip62
\thm@headsep=\skip63
\dth@everypar=\toks31
)
(C:\Users\orfuc\AppData\Local\Programs\MiKTeX\tex/latex/enumitem\enumitem.sty
Package: enumitem 2019/06/20 v3.9 Customized lists
\labelindent=\skip64
\enit@outerparindent=\dimen161
\enit@toks=\toks32
\enit@inbox=\box55
\enit@count@id=\count286
\enitdp@description=\count287
)
(C:\Users\orfuc\AppData\Local\Programs\MiKTeX\tex/latex/mdwtools\mdwmath.sty
Package: mdwmath 1996/04/11 1.1 Nice mathematical things
\sq@sqrt=\count288
LaTeX Info: Redefining \sqrt on input line 84.
)
(C:\Users\orfuc\AppData\Local\Programs\MiKTeX\tex/latex/mdwtools\mdwtab.sty
Package: mdwtab 1998/04/28 1.9 Table typesetting with style
\tab@state=\count289
\tab@columns=\count290
\tab@preamble=\toks33
\tab@shortline=\toks34
\extrarowheight=\dimen162
\tabextrasep=\dimen163
\arrayextrasep=\dimen164
\smarraycolsep=\dimen165
\smarrayextrasep=\dimen166
\tab@width=\dimen167
\col@sep=\dimen168
\tab@endheight=\dimen169
\tab@leftskip=\skip65
\tab@rightskip=\skip66
\fn@notes=\box56
\fn@width=\dimen170
)
\c@theorem=\count291
\c@lemma=\count292
\c@defn=\count293
\c@prop=\count294
\c@rmk=\count295
\c@thm=\count296
\c@Proposition=\count297
\c@coro=\count298

(C:\Users\orfuc\AppData\Local\Programs\MiKTeX\tex/latex/booktabs\booktabs.sty
Package: booktabs 2020/01/12 v1.61803398 Publication quality tables
\heavyrulewidth=\dimen171
\lightrulewidth=\dimen172
\cmidrulewidth=\dimen173
\belowrulesep=\dimen174
\belowbottomsep=\dimen175
\aboverulesep=\dimen176
\abovetopsep=\dimen177
\cmidrulesep=\dimen178
\cmidrulekern=\dimen179
\defaultaddspace=\dimen180
\@cmidla=\count299
\@cmidlb=\count300
\@aboverulesep=\dimen181
\@belowrulesep=\dimen182
\@thisruleclass=\count301
\@lastruleclass=\count302
\@thisrulewidth=\dimen183
)
LaTeX Font Info:    Trying to load font information for OT1+ptm on input line 1
52.

(C:\Users\orfuc\AppData\Local\Programs\MiKTeX\tex/latex/psnfss\ot1ptm.fd
File: ot1ptm.fd 2001/06/04 font definitions for OT1/ptm.
)
(C:\Users\orfuc\AppData\Local\Programs\MiKTeX\tex/latex/l3backend\l3backend-pdf
tex.def
File: l3backend-pdftex.def 2023-04-19 L3 backend support: PDF output (pdfTeX)
\l__color_backend_stack_int=\count303
\l__pdf_internal_box=\box57
) (AAAI-ShiQ.8407_changed.aux)
\openout1 = `AAAI-ShiQ.8407_changed.aux'.

LaTeX Font Info:    Checking defaults for OML/cmm/m/it on input line 152.
LaTeX Font Info:    ... okay on input line 152.
LaTeX Font Info:    Checking defaults for OMS/cmsy/m/n on input line 152.
LaTeX Font Info:    ... okay on input line 152.
LaTeX Font Info:    Checking defaults for OT1/cmr/m/n on input line 152.
LaTeX Font Info:    ... okay on input line 152.
LaTeX Font Info:    Checking defaults for T1/cmr/m/n on input line 152.
LaTeX Font Info:    ... okay on input line 152.
LaTeX Font Info:    Checking defaults for TS1/cmr/m/n on input line 152.
LaTeX Font Info:    ... okay on input line 152.
LaTeX Font Info:    Checking defaults for OMX/cmex/m/n on input line 152.
LaTeX Font Info:    ... okay on input line 152.
LaTeX Font Info:    Checking defaults for U/cmr/m/n on input line 152.
LaTeX Font Info:    ... okay on input line 152.

(C:\Users\orfuc\AppData\Local\Programs\MiKTeX\tex/context/base/mkii\supp-pdf.mk
ii
[Loading MPS to PDF converter (version 2006.09.02).]
\scratchcounter=\count304
\scratchdimen=\dimen184
\scratchbox=\box58
\nofMPsegments=\count305
\nofMParguments=\count306
\everyMPshowfont=\toks35
\MPscratchCnt=\count307
\MPscratchDim=\dimen185
\MPnumerator=\count308
\makeMPintoPDFobject=\count309
\everyMPtoPDFconversion=\toks36
)
Package caption Info: Begin \AtBeginDocument code.
Package caption Info: subfig package v1.3 is loaded.
Package caption Info: float package is loaded.
Package caption Info: End \AtBeginDocument code.
LaTeX Font Info:    Trying to load font information for U+msa on input line 154
.
 (C:\Users\orfuc\AppData\Local\Programs\MiKTeX\tex/latex/amsfonts\umsa.fd
File: umsa.fd 2013/01/14 v3.01 AMS symbols A
)
LaTeX Font Info:    Trying to load font information for U+msb on input line 154
.

(C:\Users\orfuc\AppData\Local\Programs\MiKTeX\tex/latex/amsfonts\umsb.fd
File: umsb.fd 2013/01/14 v3.01 AMS symbols B
)
LaTeX Font Info:    Trying to load font information for TS1+ptm on input line 1
54.

(C:\Users\orfuc\AppData\Local\Programs\MiKTeX\tex/latex/psnfss\ts1ptm.fd
File: ts1ptm.fd 2001/06/04 font definitions for TS1/ptm.
)
LaTeX Font Info:    Trying to load font information for OMS+ptm on input line 1
54.

(C:\Users\orfuc\AppData\Local\Programs\MiKTeX\tex/latex/psnfss\omsptm.fd
File: omsptm.fd 
)
LaTeX Font Info:    Font shape `OMS/ptm/m/n' in size <10> not available
(Font)              Font shape `OMS/cmsy/m/n' tried instead on input line 154.


LaTeX Warning: Citation `faloutsos2019forecasting' on page 1 undefined on input
 line 165.


LaTeX Warning: Citation `box1968some' on page 1 undefined on input line 167.


LaTeX Warning: Citation `liu2016online' on page 1 undefined on input line 167.


LaTeX Warning: Citation `taylor2018forecasting' on page 1 undefined on input li
ne 168.


LaTeX Warning: Citation `jing2018high' on page 1 undefined on input line 171.


LaTeX Warning: Citation `cichocki2016tensor' on page 1 undefined on input line 
175.


LaTeX Warning: Citation `shi2018feature' on page 1 undefined on input line 175.



LaTeX Warning: Citation `zhou2019probabilistic' on page 1 undefined on input li
ne 175.


LaTeX Warning: Citation `zhou2019bayesian' on page 1 undefined on input line 17
5.


LaTeX Warning: Citation `dunlavy2011temporal' on page 1 undefined on input line
 175.


LaTeX Warning: Citation `li2015tensor' on page 1 undefined on input line 175.


LaTeX Warning: Citation `tan2016short' on page 1 undefined on input line 175.


LaTeX Warning: Citation `bhanu2018forecasting' on page 1 undefined on input lin
e 175.


LaTeX Warning: Citation `faloutsos2018forecasting' on page 1 undefined on input
 line 175.


LaTeX Warning: Citation `jing2018high' on page 1 undefined on input line 176.


LaTeX Warning: Citation `yu2017long' on page 1 undefined on input line 176.


LaTeX Warning: Citation `ma2019large' on page 1 undefined on input line 176.


LaTeX Warning: Citation `smyl2016data' on page 1 undefined on input line 178.


LaTeX Warning: Citation `yokota2018missing' on page 1 undefined on input line 1
82.


LaTeX Warning: Citation `ding2015fast' on page 1 undefined on input line 182.


LaTeX Warning: Citation `yokota2018missing' on page 1 undefined on input line 1
82.


LaTeX Warning: Citation `yokota2018tensor' on page 1 undefined on input line 18
2.


Underfull \vbox (badness 1048) has occurred while \output is active []

 [1{C:/Users/orfuc/AppData/Local/MiKTeX/fonts/map/pdftex/pdftex.map}{C:/Users/o
rfuc/AppData/Local/Programs/MiKTeX/fonts/enc/dvips/base/8r.enc}



]

LaTeX Warning: Citation `kolda2009tensor' on page 2 undefined on input line 216
.


Underfull \hbox (badness 1496) in paragraph at lines 215--217
 \OT1/ptm/b/n/10 Tucker De-com-po-si-tion \OT1/ptm/m/n/10 It rep-re-sents a ten
-sor $[][] \OMS/cmsy/m/n/10 2
 []


LaTeX Font Warning: Command \small invalid in math mode on input line 219.


LaTeX Font Warning: Command \small invalid in math mode on input line 235.

LaTeX Font Info:    Calculating math sizes for size <> on input line 239.

LaTeX Font Warning: Font shape `OT1/cmr/m/n' in size <> not available
(Font)              size <5> substituted on input line 239.


LaTeX Font Warning: Font shape `OT1/cmr/m/n' in size <0.7> not available
(Font)              size <5> substituted on input line 239.


LaTeX Font Warning: Font shape `OT1/cmr/m/n' in size <0.5> not available
(Font)              size <5> substituted on input line 239.


LaTeX Font Warning: Font shape `OML/cmm/m/it' in size <> not available
(Font)              size <5> substituted on input line 239.


LaTeX Font Warning: Font shape `OML/cmm/m/it' in size <0.7> not available
(Font)              size <5> substituted on input line 239.


LaTeX Font Warning: Font shape `OML/cmm/m/it' in size <0.5> not available
(Font)              size <5> substituted on input line 239.


LaTeX Font Warning: Font shape `OMS/cmsy/m/n' in size <> not available
(Font)              size <5> substituted on input line 239.


LaTeX Font Warning: Font shape `OMS/cmsy/m/n' in size <0.7> not available
(Font)              size <5> substituted on input line 239.


LaTeX Font Warning: Font shape `OMS/cmsy/m/n' in size <0.5> not available
(Font)              size <5> substituted on input line 239.


LaTeX Font Warning: Font shape `OT1/cmr/bx/n' in size <> not available
(Font)              size <5> substituted on input line 239.


LaTeX Font Warning: Font shape `OT1/cmr/bx/n' in size <0.7> not available
(Font)              size <5> substituted on input line 239.


LaTeX Font Warning: Font shape `OT1/cmr/bx/n' in size <0.5> not available
(Font)              size <5> substituted on input line 239.


LaTeX Font Warning: Command \small invalid in math mode on input line 245.


LaTeX Warning: Citation `zhang2003time' on page 2 undefined on input line 250.


LaTeX Warning: Citation `khashei2011novel' on page 2 undefined on input line 25
0.


LaTeX Warning: Citation `liu2016online' on page 2 undefined on input line 250.

<Fig1a_BHTARIMA_2D.pdf, id=10, 769.79593pt x 442.97496pt>
File: Fig1a_BHTARIMA_2D.pdf Graphic file (type pdf)
<use Fig1a_BHTARIMA_2D.pdf>
Package pdftex.def Info: Fig1a_BHTARIMA_2D.pdf  used on input line 256.
(pdftex.def)             Requested size: 210.66821pt x 121.22705pt.
<Fig1b_BHTARIMA_3D.pdf, id=11, 963.6pt x 542.025pt>
File: Fig1b_BHTARIMA_3D.pdf Graphic file (type pdf)
<use Fig1b_BHTARIMA_3D.pdf>
Package pdftex.def Info: Fig1b_BHTARIMA_3D.pdf  used on input line 257.
(pdftex.def)             Requested size: 234.60545pt x 131.96608pt.
! Argument of \caption@@@withoptargs has an extra }.
<inserted text> 
                \par 
l.258 ...higher-order tensors is straightforward.}
                                                  
I've run across a `}' that doesn't seem to match anything.
For example, `\def\a#1{...}' and `\a}' would produce
this error. If you simply proceed now, the `\par' that
I've just inserted will cause me to report a runaway
argument that might be the root of the problem. But if
your `}' was spurious, just type `2' and it will go away.

Runaway argument?
{\caption@@xlabel }{\def \reserved@a *{\def \caption@tempa {*}\caption@@withopt
args \ETC.
! Paragraph ended before \caption@@@withoptargs was complete.
<to be read again> 
                   \par 
l.258 ...higher-order tensors is straightforward.}
                                                  
I suspect you've forgotten a `}', causing me to apply this
control sequence to too much text. How can we recover?
My plan is to forget the whole thing and hope for the best.


LaTeX Warning: Citation `rogers2013multilinear' on page 2 undefined on input li
ne 264.


LaTeX Warning: Citation `fanaee2016tensor' on page 2 undefined on input line 26
4.


LaTeX Warning: Citation `de2017tensorcast' on page 2 undefined on input line 26
4.


LaTeX Warning: Citation `bhanu2018forecasting' on page 2 undefined on input lin
e 264.


LaTeX Warning: Citation `agarwal2018model' on page 2 undefined on input line 26
4.


LaTeX Warning: Citation `jing2018high' on page 2 undefined on input line 264.


LaTeX Font Warning: Command \small invalid in math mode on input line 266.

[2]

LaTeX Warning: Citation `chen2018neucast' on page 3 undefined on input line 275
.


LaTeX Warning: Citation `ma2019large' on page 3 undefined on input line 275.


LaTeX Warning: Citation `sun2019bayesian' on page 3 undefined on input line 275
.


LaTeX Warning: Citation `yu2017long' on page 3 undefined on input line 275.


LaTeX Warning: Citation `yokota2018missing' on page 3 undefined on input line 2
82.


LaTeX Warning: Citation `yokota2019manifold' on page 3 undefined on input line 
282.


LaTeX Font Warning: Command \small invalid in math mode on input line 284.


Underfull \hbox (badness 2529) in paragraph at lines 288--290
\OT1/ptm/m/n/10 where $\OT1/cmr/bx/n/10 S[]  \OMS/cmsy/m/n/10 2  \U/msb/m/n/10 
R[]$ \OT1/ptm/m/n/10 is a du-pli-ca-tion ma-
 []


Underfull \hbox (badness 1960) in paragraph at lines 288--290
\OT1/ptm/m/n/10 trix and $[][]  \OT1/cmr/m/n/10 :  \U/msb/m/n/10 R[]$ $\OMS/cms
y/m/n/10 !$
 []

<Fig2_MDT_example.pdf, id=40, 1161.83755pt x 896.12888pt>
File: Fig2_MDT_example.pdf Graphic file (type pdf)
<use Fig2_MDT_example.pdf>
Package pdftex.def Info: Fig2_MDT_example.pdf  used on input line 306.
(pdftex.def)             Requested size: 215.45348pt x 166.17778pt.
! Argument of \caption@@@withoptargs has an extra }.
<inserted text> 
                \par 
l.307 ...i-modes  is straightforward for tensors.}
                                                  
I've run across a `}' that doesn't seem to match anything.
For example, `\def\a#1{...}' and `\a}' would produce
this error. If you simply proceed now, the `\par' that
I've just inserted will cause me to report a runaway
argument that might be the root of the problem. But if
your `}' was spurious, just type `2' and it will go away.

Runaway argument?
{\caption@@xlabel }{\def \reserved@a *{\def \caption@tempa {*}\caption@@withopt
args \ETC.
! Paragraph ended before \caption@@@withoptargs was complete.
<to be read again> 
                   \par 
l.307 ...i-modes  is straightforward for tensors.}
                                                  
I suspect you've forgotten a `}', causing me to apply this
control sequence to too much text. How can we recover?
My plan is to forget the whole thing and hope for the best.


LaTeX Warning: Citation `yokota2018missing' on page 3 undefined on input line 3
21.

[3 <./Fig1a_BHTARIMA_2D.pdf> <./Fig1b_BHTARIMA_3D.pdf> <./Fig2_MDT_example.pdf

pdfTeX warning: pdflatex (file ./Fig2_MDT_example.pdf): PDF inclusion: multiple
 pdfs with page group included in a single page
>]

LaTeX Font Warning: Command \small invalid in math mode on input line 346.


Underfull \hbox (badness 1082) in paragraph at lines 352--354
\OT1/ptm/m/n/10 cast-ing model di-rectly us-ing core ten-sors \OT1/ptm/m/it/10 
ex-plic-itly \OT1/ptm/m/n/10 in-
 []


LaTeX Font Warning: Command \small invalid in math mode on input line 361.


Overfull \hbox (1.48917pt too wide) detected at line 365
[][][]
 []


LaTeX Font Warning: Command \small invalid in math mode on input line 369.


Overfull \hbox (12.1667pt too wide) detected at line 373
[][][]
 []


LaTeX Font Warning: Command \small invalid in math mode on input line 380.


Overfull \hbox (12.86415pt too wide) detected at line 385
[][][] 
 []


LaTeX Font Warning: Command \small invalid in math mode on input line 391.


LaTeX Font Warning: Command \small invalid in math mode on input line 400.


LaTeX Warning: Citation `higham1995matrix' on page 4 undefined on input line 40
9.


LaTeX Font Warning: Command \small invalid in math mode on input line 411.


LaTeX Font Warning: Command \scriptsize invalid in math mode on input line 418.


[4]

LaTeX Font Warning: Command \small invalid in math mode on input line 424.


LaTeX Font Warning: Command \small invalid in math mode on input line 435.


LaTeX Font Warning: Command \small invalid in math mode on input line 444.


Underfull \hbox (badness 10000) in paragraph at lines 472--473
[] []\OT1/ptm/m/n/9 Conduct order-$\OML/cmm/m/it/9 d$ \OT1/ptm/m/n/9 dif-fer-en
c-ing for $ \OMS/cmsy/m/n/9 f [][] g[] $ \OT1/ptm/m/n/9 and get
 []


Underfull \hbox (badness 3838) in paragraph at lines 476--477
[] [] \OT1/ptm/m/n/9 Com-pute all the la-tent low-dimensional core ten-sors
 []


Underfull \hbox (badness 10000) in paragraph at lines 479--481
[] []  \OT1/ptm/m/n/9 Up-date $ \OT1/cmr/m/n/9 ^^A[] [] $ \OT1/ptm/m/n/9 by [] 
and get $\OT1/cmr/m/n/9 ^^A[][][]  =
 []


LaTeX Font Warning: Command \small invalid in math mode on input line 506.


LaTeX Warning: Citation `jing2018high' on page 5 undefined on input line 514.


Underfull \hbox (badness 2158) in paragraph at lines 512--515
\OT1/ptm/m/n/10 sor by Tucker model with op-ti-mized fac-tor ma-tri-ces:
 []


Underfull \hbox (badness 1221) in paragraph at lines 512--515
\U/msb/m/n/10 R[]$ \OT1/ptm/m/n/10 in the em-bed-ded space. Fi-nally, we
 []


Underfull \hbox (badness 1077) in paragraph at lines 512--515
\OT1/ptm/m/n/10 ap-ply in-verse MDT to get $[] \OT1/cmr/m/n/10 = \OMS/cmsy/m/n/
10 H[]\OT1/cmr/m/n/10 ([][]) \OMS/cmsy/m/n/10 2
 []


LaTeX Warning: Citation `yu2017spatio' on page 5 undefined on input line 528.


LaTeX Warning: Citation `lai2018modeling' on page 5 undefined on input line 529
.

[5]

LaTeX Warning: Citation `chen2016xgboost' on page 6 undefined on input line 538
.


LaTeX Warning: Citation `salinas2017deepar' on page 6 undefined on input line 5
38.


LaTeX Warning: Citation `yu2017long' on page 6 undefined on input line 538.


LaTeX Warning: Citation `cho2014learning' on page 6 undefined on input line 538
.


LaTeX Warning: Citation `yu2016temporal' on page 6 undefined on input line 539.



LaTeX Warning: Citation `yokota2016robust' on page 6 undefined on input line 55
7.


LaTeX Warning: Citation `shi2017tensor' on page 6 undefined on input line 557.

<Fig3_Convergence_curves.pdf, id=199, 702.625pt x 324.21124pt>
File: Fig3_Convergence_curves.pdf Graphic file (type pdf)
<use Fig3_Convergence_curves.pdf>
Package pdftex.def Info: Fig3_Convergence_curves.pdf  used on input line 563.
(pdftex.def)             Requested size: 203.48668pt x 93.89517pt.
! Argument of \caption@@@withoptargs has an extra }.
<inserted text> 
                \par 
l.564 ...HT-ARIMA on   the Raw materials dataset.}
                                                  
I've run across a `}' that doesn't seem to match anything.
For example, `\def\a#1{...}' and `\a}' would produce
this error. If you simply proceed now, the `\par' that
I've just inserted will cause me to report a runaway
argument that might be the root of the problem. But if
your `}' was spurious, just type `2' and it will go away.

Runaway argument?
{\caption@@xlabel }{\def \reserved@a *{\def \caption@tempa {*}\caption@@withopt
args \ETC.
! Paragraph ended before \caption@@@withoptargs was complete.
<to be read again> 
                   \par 
l.564 ...HT-ARIMA on   the Raw materials dataset.}
                                                  
I suspect you've forgotten a `}', causing me to apply this
control sequence to too much text. How can we recover?
My plan is to forget the whole thing and hope for the best.


LaTeX Font Warning: Command \scriptsize invalid in math mode on input line 572.


[6 <./Fig3_Convergence_curves.pdf>]
<Fig4_Video_TSF.pdf, id=235, 722.7pt x 430.60875pt>
File: Fig4_Video_TSF.pdf Graphic file (type pdf)
<use Fig4_Video_TSF.pdf>
Package pdftex.def Info: Fig4_Video_TSF.pdf  used on input line 688.
(pdftex.def)             Requested size: 191.51622pt x 114.11076pt.

! Argument of \caption@@@withoptargs has an extra }.
<inserted text> 
                \par 
l.689 ... (0.277) so we truncate its curve there.}
                                                  
I've run across a `}' that doesn't seem to match anything.
For example, `\def\a#1{...}' and `\a}' would produce
this error. If you simply proceed now, the `\par' that
I've just inserted will cause me to report a runaway
argument that might be the root of the problem. But if
your `}' was spurious, just type `2' and it will go away.

Runaway argument?
{\caption@@xlabel }{\def \reserved@a *{\def \caption@tempa {*}\caption@@withopt
args \ETC.
! Paragraph ended before \caption@@@withoptargs was complete.
<to be read again> 
                   \par 
l.689 ... (0.277) so we truncate its curve there.}
                                                  
I suspect you've forgotten a `}', causing me to apply this
control sequence to too much text. How can we recover?
My plan is to forget the whole thing and hope for the best.

<Fig5a_Multistep_Traffic80.pdf, id=236, 716.6775pt x 432.61626pt>
File: Fig5a_Multistep_Traffic80.pdf Graphic file (type pdf)
<use Fig5a_Multistep_Traffic80.pdf>
Package pdftex.def Info: Fig5a_Multistep_Traffic80.pdf  used on input line 698.

(pdftex.def)             Requested size: 120.89532pt x 72.97609pt.
<Fig5b_Multistep_Raw.pdf, id=237, 722.7pt x 430.60875pt>
File: Fig5b_Multistep_Raw.pdf Graphic file (type pdf)
<use Fig5b_Multistep_Raw.pdf>
Package pdftex.def Info: Fig5b_Multistep_Raw.pdf  used on input line 700.
(pdftex.def)             Requested size: 116.10641pt x 69.17476pt.
! Argument of \caption@@@withoptargs has an extra }.
<inserted text> 
                \par 
l.702 ... (truncate curves with too large NRMSE).}
                                                  
I've run across a `}' that doesn't seem to match anything.
For example, `\def\a#1{...}' and `\a}' would produce
this error. If you simply proceed now, the `\par' that
I've just inserted will cause me to report a runaway
argument that might be the root of the problem. But if
your `}' was spurious, just type `2' and it will go away.

Runaway argument?
{\caption@@xlabel }{\def \reserved@a *{\def \caption@tempa {*}\caption@@withopt
args \ETC.
! Paragraph ended before \caption@@@withoptargs was complete.
<to be read again> 
                   \par 
l.702 ... (truncate curves with too large NRMSE).}
                                                  
I suspect you've forgotten a `}', causing me to apply this
control sequence to too much text. How can we recover?
My plan is to forget the whole thing and hope for the best.

[7 <./Fig4_Video_TSF.pdf> <./Fig5a_Multistep_Traffic80.pdf> <./Fig5b_Multistep_
Raw.pdf>]
Underfull \hbox (badness 1502) in paragraph at lines 726--727
\OT1/ptm/m/n/10 This re-search was par-tially sup-ported by the Min-istry
 []


Underfull \hbox (badness 2951) in paragraph at lines 726--727
\OT1/ptm/m/n/10 of Ed-u-ca-tion and Sci-ence of the Rus-sian Fed-er-a-tion
 []

No file AAAI-ShiQ.8407_changed.bbl.

Underfull \hbox (badness 10000) in paragraph at lines 728--731
[]\OT1/ptm/m/n/10 Dignissimos quos an-imi no-bis quam, iure er-ror
 []


Underfull \hbox (badness 1769) in paragraph at lines 728--731
\OT1/ptm/m/n/10 ad?Tempora quas ac-cusamus op-tio beatae ip-sum vi-tae
 []


Underfull \hbox (badness 1142) in paragraph at lines 728--731
\OT1/ptm/m/n/10 quibus-dam delec-tus numquam sit, iure volup-tat-i-bus re-
 []


Underfull \hbox (badness 2799) in paragraph at lines 728--731
\OT1/ptm/m/n/10 pariatur sus-cipit do-lor ducimus re-rum quo quae odit
 []


Underfull \hbox (badness 1552) in paragraph at lines 728--731
\OT1/ptm/m/n/10 op-tio?Esse il-lum prae-sen-tium re-pel-lat as-per-natur, se-qu
i
 []


Underfull \hbox (badness 1552) in paragraph at lines 728--731
\OT1/ptm/m/n/10 ab do-lor.Recusandae ea ipsa numquam iusto blan-di-tiis
 []


Underfull \vbox (badness 10000) has occurred while \output is active []

 [8]
[9

] (AAAI-ShiQ.8407_changed.aux)
 ***********
LaTeX2e <2023-06-01> patch level 1
L3 programming layer <2023-08-29>
 ***********


LaTeX Font Warning: Size substitutions with differences
(Font)              up to 4.5pt have occurred.

 ) 
Here is how much of TeX's memory you used:
 6407 strings out of 475247
 106566 string characters out of 5757792
 1961801 words of memory out of 5000000
 27784 multiletter control sequences out of 15000+600000
 603671 words of font info for 143 fonts, out of 8000000 for 9000
 1141 hyphenation exceptions out of 8191
 69i,19n,79p,1977b,487s stack positions out of 10000i,1000n,20000p,200000b,200000s
<C:/Users/orfuc/AppData/Local/Programs/MiKTeX/fonts/type1/public/amsfonts/cm/
cmbsy10.pfb><C:/Users/orfuc/AppData/Local/Programs/MiKTeX/fonts/type1/public/am
sfonts/cmextra/cmbsy6.pfb><C:/Users/orfuc/AppData/Local/Programs/MiKTeX/fonts/t
ype1/public/amsfonts/cmextra/cmbsy9.pfb><C:/Users/orfuc/AppData/Local/Programs/
MiKTeX/fonts/type1/public/amsfonts/cm/cmbx10.pfb><C:/Users/orfuc/AppData/Local/
Programs/MiKTeX/fonts/type1/public/amsfonts/cm/cmbx6.pfb><C:/Users/orfuc/AppDat
a/Local/Programs/MiKTeX/fonts/type1/public/amsfonts/cm/cmbx7.pfb><C:/Users/orfu
c/AppData/Local/Programs/MiKTeX/fonts/type1/public/amsfonts/cm/cmbx9.pfb><C:/Us
ers/orfuc/AppData/Local/Programs/MiKTeX/fonts/type1/public/amsfonts/cm/cmex10.p
fb><C:/Users/orfuc/AppData/Local/Programs/MiKTeX/fonts/type1/public/amsfonts/cm
extra/cmex7.pfb><C:/Users/orfuc/AppData/Local/Programs/MiKTeX/fonts/type1/publi
c/amsfonts/cmextra/cmex9.pfb><C:/Users/orfuc/AppData/Local/Programs/MiKTeX/font
s/type1/public/amsfonts/cm/cmmi10.pfb><C:/Users/orfuc/AppData/Local/Programs/Mi
KTeX/fonts/type1/public/amsfonts/cm/cmmi5.pfb><C:/Users/orfuc/AppData/Local/Pro
grams/MiKTeX/fonts/type1/public/amsfonts/cm/cmmi6.pfb><C:/Users/orfuc/AppData/L
ocal/Programs/MiKTeX/fonts/type1/public/amsfonts/cm/cmmi7.pfb><C:/Users/orfuc/A
ppData/Local/Programs/MiKTeX/fonts/type1/public/amsfonts/cm/cmmi8.pfb><C:/Users
/orfuc/AppData/Local/Programs/MiKTeX/fonts/type1/public/amsfonts/cm/cmmi9.pfb><
C:/Users/orfuc/AppData/Local/Programs/MiKTeX/fonts/type1/public/amsfonts/cm/cmm
ib10.pfb><C:/Users/orfuc/AppData/Local/Programs/MiKTeX/fonts/type1/public/amsfo
nts/cmextra/cmmib6.pfb><C:/Users/orfuc/AppData/Local/Programs/MiKTeX/fonts/type
1/public/amsfonts/cmextra/cmmib7.pfb><C:/Users/orfuc/AppData/Local/Programs/MiK
TeX/fonts/type1/public/amsfonts/cmextra/cmmib9.pfb><C:/Users/orfuc/AppData/Loca
l/Programs/MiKTeX/fonts/type1/public/amsfonts/cm/cmr10.pfb><C:/Users/orfuc/AppD
ata/Local/Programs/MiKTeX/fonts/type1/public/amsfonts/cm/cmr5.pfb><C:/Users/orf
uc/AppData/Local/Programs/MiKTeX/fonts/type1/public/amsfonts/cm/cmr6.pfb><C:/Us
ers/orfuc/AppData/Local/Programs/MiKTeX/fonts/type1/public/amsfonts/cm/cmr7.pfb
><C:/Users/orfuc/AppData/Local/Programs/MiKTeX/fonts/type1/public/amsfonts/cm/c
mr8.pfb><C:/Users/orfuc/AppData/Local/Programs/MiKTeX/fonts/type1/public/amsfon
ts/cm/cmr9.pfb><C:/Users/orfuc/AppData/Local/Programs/MiKTeX/fonts/type1/public
/amsfonts/cm/cmsy10.pfb><C:/Users/orfuc/AppData/Local/Programs/MiKTeX/fonts/typ
e1/public/amsfonts/cm/cmsy5.pfb><C:/Users/orfuc/AppData/Local/Programs/MiKTeX/f
onts/type1/public/amsfonts/cm/cmsy6.pfb><C:/Users/orfuc/AppData/Local/Programs/
MiKTeX/fonts/type1/public/amsfonts/cm/cmsy7.pfb><C:/Users/orfuc/AppData/Local/P
rograms/MiKTeX/fonts/type1/public/amsfonts/cm/cmsy8.pfb><C:/Users/orfuc/AppData
/Local/Programs/MiKTeX/fonts/type1/public/amsfonts/cm/cmsy9.pfb><C:/Users/orfuc
/AppData/Local/Programs/MiKTeX/fonts/type1/public/amsfonts/symbols/msbm10.pfb><
C:/Users/orfuc/AppData/Local/Programs/MiKTeX/fonts/type1/urw/times/utmb8a.pfb><
C:/Users/orfuc/AppData/Local/Programs/MiKTeX/fonts/type1/urw/times/utmbi8a.pfb>
<C:/Users/orfuc/AppData/Local/Programs/MiKTeX/fonts/type1/urw/times/utmr8a.pfb>
<C:/Users/orfuc/AppData/Local/Programs/MiKTeX/fonts/type1/urw/times/utmri8a.pfb
>
Output written on AAAI-ShiQ.8407_changed.pdf (9 pages, 1086890 bytes).
PDF statistics:
 532 PDF objects out of 1000 (max. 8388607)
 0 named destinations out of 1000 (max. 500000)
 36 words of extra memory for PDF output out of 10000 (max. 10000000)

