This is pdfTeX, Version 3.141592653-2.6-1.40.25 (MiKTeX 23.5) (preloaded format=pdflatex 2024.1.12)  3 MAR 2024 12:47
entering extended mode
 restricted \write18 enabled.
 %&-line parsing enabled.
**./CameraReady-8393_changed.tex
(CameraReady-8393_changed.tex
LaTeX2e <2023-06-01> patch level 1
L3 programming layer <2023-08-29>
(C:\Users\orfuc\AppData\Local\Programs\MiKTeX\tex/latex/base\article.cls
Document Class: article 2023/05/17 v1.4n Standard LaTeX document class
(C:\Users\orfuc\AppData\Local\Programs\MiKTeX\tex/latex/base\size10.clo
File: size10.clo 2023/05/17 v1.4n Standard LaTeX file (size option)
)
\c@part=\count185
\c@section=\count186
\c@subsection=\count187
\c@subsubsection=\count188
\c@paragraph=\count189
\c@subparagraph=\count190
\c@figure=\count191
\c@table=\count192
\abovecaptionskip=\skip48
\belowcaptionskip=\skip49
\bibindent=\dimen140
)
(aaai24.sty
Package: aaai24 2023/06/26 AAAI 2024 Submission format

Conference Style for AAAI for LaTeX 2e -- version for submission
\titlebox=\skip50
) (C:\Users\orfuc\AppData\Local\Programs\MiKTeX\tex/latex/psnfss\times.sty
Package: times 2020/03/25 PSNFSS-v9.3 (SPQR) 
)
(C:\Users\orfuc\AppData\Local\Programs\MiKTeX\tex/latex/psnfss\helvet.sty
Package: helvet 2020/03/25 PSNFSS-v9.3 (WaS) 

(C:\Users\orfuc\AppData\Local\Programs\MiKTeX\tex/latex/graphics\keyval.sty
Package: keyval 2022/05/29 v1.15 key=value parser (DPC)
\KV@toks@=\toks17
))
(C:\Users\orfuc\AppData\Local\Programs\MiKTeX\tex/latex/psnfss\courier.sty
Package: courier 2020/03/25 PSNFSS-v9.3 (WaS) 
)
(C:\Users\orfuc\AppData\Local\Programs\MiKTeX\tex/latex/url\url.sty
\Urlmuskip=\muskip16
Package: url 2013/09/16  ver 3.4  Verb mode for urls, etc.
)
(C:\Users\orfuc\AppData\Local\Programs\MiKTeX\tex/latex/graphics\graphicx.sty
Package: graphicx 2021/09/16 v1.2d Enhanced LaTeX Graphics (DPC,SPQR)

(C:\Users\orfuc\AppData\Local\Programs\MiKTeX\tex/latex/graphics\graphics.sty
Package: graphics 2022/03/10 v1.4e Standard LaTeX Graphics (DPC,SPQR)

(C:\Users\orfuc\AppData\Local\Programs\MiKTeX\tex/latex/graphics\trig.sty
Package: trig 2021/08/11 v1.11 sin cos tan (DPC)
)
(C:\Users\orfuc\AppData\Local\Programs\MiKTeX\tex/latex/graphics-cfg\graphics.c
fg
File: graphics.cfg 2016/06/04 v1.11 sample graphics configuration
)
Package graphics Info: Driver file: pdftex.def on input line 107.

(C:\Users\orfuc\AppData\Local\Programs\MiKTeX\tex/latex/graphics-def\pdftex.def
File: pdftex.def 2022/09/22 v1.2b Graphics/color driver for pdftex
))
\Gin@req@height=\dimen141
\Gin@req@width=\dimen142
) (C:\Users\orfuc\AppData\Local\Programs\MiKTeX\tex/latex/natbib\natbib.sty
Package: natbib 2010/09/13 8.31b (PWD, AO)
\bibhang=\skip51
\bibsep=\skip52
LaTeX Info: Redefining \cite on input line 694.
\c@NAT@ctr=\count193
)
(C:\Users\orfuc\AppData\Local\Programs\MiKTeX\tex/latex/caption\caption.sty
Package: caption 2023/07/31 v3.6n Customizing captions (AR)

(C:\Users\orfuc\AppData\Local\Programs\MiKTeX\tex/latex/caption\caption3.sty
Package: caption3 2023/07/31 v2.4d caption3 kernel (AR)
\caption@tempdima=\dimen143
\captionmargin=\dimen144
\caption@leftmargin=\dimen145
\caption@rightmargin=\dimen146
\caption@width=\dimen147
\caption@indent=\dimen148
\caption@parindent=\dimen149
\caption@hangindent=\dimen150
Package caption Info: Standard document class detected.
)
\c@caption@flags=\count194
\c@continuedfloat=\count195
)
(C:\Users\orfuc\AppData\Local\Programs\MiKTeX\tex/latex/algorithms\algorithm.st
y
Package: algorithm 2009/08/24 v0.1 Document Style `algorithm' - floating enviro
nment
 (C:\Users\orfuc\AppData\Local\Programs\MiKTeX\tex/latex/float\float.sty
Package: float 2001/11/08 v1.3d Float enhancements (AL)
\c@float@type=\count196
\float@exts=\toks18
\float@box=\box51
\@float@everytoks=\toks19
\@floatcapt=\box52
)
(C:\Users\orfuc\AppData\Local\Programs\MiKTeX\tex/latex/base\ifthen.sty
Package: ifthen 2022/04/13 v1.1d Standard LaTeX ifthen package (DPC)
)
\@float@every@algorithm=\toks20
\c@algorithm=\count197
)
(C:\Users\orfuc\AppData\Local\Programs\MiKTeX\tex/latex/algorithms\algorithmic.
sty
Package: algorithmic 2009/08/24 v0.1 Document Style `algorithmic'
\c@ALC@unique=\count198
\c@ALC@line=\count199
\c@ALC@rem=\count266
\c@ALC@depth=\count267
\ALC@tlm=\skip53
\algorithmicindent=\skip54
)
(C:\Users\orfuc\AppData\Local\Programs\MiKTeX\tex/latex/amsmath\amsmath.sty
Package: amsmath 2023/05/13 v2.17o AMS math features
\@mathmargin=\skip55

For additional information on amsmath, use the `?' option.
(C:\Users\orfuc\AppData\Local\Programs\MiKTeX\tex/latex/amsmath\amstext.sty
Package: amstext 2021/08/26 v2.01 AMS text

(C:\Users\orfuc\AppData\Local\Programs\MiKTeX\tex/latex/amsmath\amsgen.sty
File: amsgen.sty 1999/11/30 v2.0 generic functions
\@emptytoks=\toks21
\ex@=\dimen151
))
(C:\Users\orfuc\AppData\Local\Programs\MiKTeX\tex/latex/amsmath\amsbsy.sty
Package: amsbsy 1999/11/29 v1.2d Bold Symbols
\pmbraise@=\dimen152
)
(C:\Users\orfuc\AppData\Local\Programs\MiKTeX\tex/latex/amsmath\amsopn.sty
Package: amsopn 2022/04/08 v2.04 operator names
)
\inf@bad=\count268
LaTeX Info: Redefining \frac on input line 234.
\uproot@=\count269
\leftroot@=\count270
LaTeX Info: Redefining \overline on input line 399.
LaTeX Info: Redefining \colon on input line 410.
\classnum@=\count271
\DOTSCASE@=\count272
LaTeX Info: Redefining \ldots on input line 496.
LaTeX Info: Redefining \dots on input line 499.
LaTeX Info: Redefining \cdots on input line 620.
\Mathstrutbox@=\box53
\strutbox@=\box54
LaTeX Info: Redefining \big on input line 722.
LaTeX Info: Redefining \Big on input line 723.
LaTeX Info: Redefining \bigg on input line 724.
LaTeX Info: Redefining \Bigg on input line 725.
\big@size=\dimen153
LaTeX Font Info:    Redeclaring font encoding OML on input line 743.
LaTeX Font Info:    Redeclaring font encoding OMS on input line 744.
\macc@depth=\count273
LaTeX Info: Redefining \bmod on input line 905.
LaTeX Info: Redefining \pmod on input line 910.
LaTeX Info: Redefining \smash on input line 940.
LaTeX Info: Redefining \relbar on input line 970.
LaTeX Info: Redefining \Relbar on input line 971.
\c@MaxMatrixCols=\count274
\dotsspace@=\muskip17
\c@parentequation=\count275
\dspbrk@lvl=\count276
\tag@help=\toks22
\row@=\count277
\column@=\count278
\maxfields@=\count279
\andhelp@=\toks23
\eqnshift@=\dimen154
\alignsep@=\dimen155
\tagshift@=\dimen156
\tagwidth@=\dimen157
\totwidth@=\dimen158
\lineht@=\dimen159
\@envbody=\toks24
\multlinegap=\skip56
\multlinetaggap=\skip57
\mathdisplay@stack=\toks25
LaTeX Info: Redefining \[ on input line 2953.
LaTeX Info: Redefining \] on input line 2954.
)
(C:\Users\orfuc\AppData\Local\Programs\MiKTeX\tex/latex/graphics\epsfig.sty
Package: epsfig 2017/06/25 v1.7b (e)psfig emulation (SPQR)
\epsfxsize=\dimen160
\epsfysize=\dimen161
)
(C:\Users\orfuc\AppData\Local\Programs\MiKTeX\tex/latex/amsfonts\amssymb.sty
Package: amssymb 2013/01/14 v3.01 AMS font symbols

(C:\Users\orfuc\AppData\Local\Programs\MiKTeX\tex/latex/amsfonts\amsfonts.sty
Package: amsfonts 2013/01/14 v3.01 Basic AMSFonts support
\symAMSa=\mathgroup4
\symAMSb=\mathgroup5
LaTeX Font Info:    Redeclaring math symbol \hbar on input line 98.
LaTeX Font Info:    Overwriting math alphabet `\mathfrak' in version `bold'
(Font)                  U/euf/m/n --> U/euf/b/n on input line 106.
)) (C:\Users\orfuc\AppData\Local\Programs\MiKTeX\tex/latex/fancyhdr\fancyhdr.st
y
Package: fancyhdr 2022/11/09 v4.1 Extensive control of page headers and footers

\f@nch@headwidth=\skip58
\f@nch@O@elh=\skip59
\f@nch@O@erh=\skip60
\f@nch@O@olh=\skip61
\f@nch@O@orh=\skip62
\f@nch@O@elf=\skip63
\f@nch@O@erf=\skip64
\f@nch@O@olf=\skip65
\f@nch@O@orf=\skip66
) (C:\Users\orfuc\AppData\Local\Programs\MiKTeX\tex/latex/booktabs\booktabs.sty
Package: booktabs 2020/01/12 v1.61803398 Publication quality tables
\heavyrulewidth=\dimen162
\lightrulewidth=\dimen163
\cmidrulewidth=\dimen164
\belowrulesep=\dimen165
\belowbottomsep=\dimen166
\aboverulesep=\dimen167
\abovetopsep=\dimen168
\cmidrulesep=\dimen169
\cmidrulekern=\dimen170
\defaultaddspace=\dimen171
\@cmidla=\count280
\@cmidlb=\count281
\@aboverulesep=\dimen172
\@belowrulesep=\dimen173
\@thisruleclass=\count282
\@lastruleclass=\count283
\@thisrulewidth=\dimen174
) (C:\Users\orfuc\AppData\Local\Programs\MiKTeX\tex/latex/multirow\multirow.sty
Package: multirow 2021/03/15 v2.8 Span multiple rows of a table
\multirow@colwidth=\skip67
\multirow@cntb=\count284
\multirow@dima=\skip68
\bigstrutjot=\dimen175
) (C:\Users\orfuc\AppData\Local\Programs\MiKTeX\tex/latex/base\fontenc.sty
Package: fontenc 2021/04/29 v2.0v Standard LaTeX package
LaTeX Font Info:    Trying to load font information for T1+ptm on input line 11
2.

(C:\Users\orfuc\AppData\Local\Programs\MiKTeX\tex/latex/psnfss\t1ptm.fd
File: t1ptm.fd 2001/06/04 font definitions for T1/ptm.
))
(C:\Users\orfuc\AppData\Local\Programs\MiKTeX\tex/latex/subfigure\subfigure.sty
Package: subfigure 2002/07/30 v2.1.4 subfigure package
\subfigtopskip=\skip69
\subfigcapskip=\skip70
\subfigcaptopadj=\dimen176
\subfigbottomskip=\skip71
\subfigcapmargin=\dimen177
\subfiglabelskip=\skip72
\c@subfigure=\count285
\c@lofdepth=\count286
\c@subtable=\count287
\c@lotdepth=\count288
****************************************
* Local config file subfigure.cfg used *
****************************************

(C:\Users\orfuc\AppData\Local\Programs\MiKTeX\tex/latex/subfigure\subfigure.cfg
)
\subfig@top=\skip73
\subfig@bottom=\skip74
)
(C:\Users\orfuc\AppData\Local\Programs\MiKTeX\tex/latex/newfloat\newfloat.sty
Package: newfloat 2019/09/02 v1.1l Defining new floating environments (AR)
)
(C:\Users\orfuc\AppData\Local\Programs\MiKTeX\tex/latex/listings\listings.sty
\lst@mode=\count289
\lst@gtempboxa=\box55
\lst@token=\toks26
\lst@length=\count290
\lst@currlwidth=\dimen178
\lst@column=\count291
\lst@pos=\count292
\lst@lostspace=\dimen179
\lst@width=\dimen180
\lst@newlines=\count293
\lst@lineno=\count294
\lst@maxwidth=\dimen181

(C:\Users\orfuc\AppData\Local\Programs\MiKTeX\tex/latex/listings\lstmisc.sty
File: lstmisc.sty 2023/02/27 1.9 (Carsten Heinz)
\c@lstnumber=\count295
\lst@skipnumbers=\count296
\lst@framebox=\box56
)
(C:\Users\orfuc\AppData\Local\Programs\MiKTeX\tex/latex/listings\listings.cfg
File: listings.cfg 2023/02/27 1.9 listings configuration
))
Package: listings 2023/02/27 1.9 (Carsten Heinz)
\@float@every@listing=\toks27
\c@listing=\count297
(C:\Users\orfuc\AppData\Local\Programs\MiKTeX\tex/latex/natbib\bibentry.sty
Package: bibentry 2007/10/30 1.5 (PWD)
)
(C:\Users\orfuc\AppData\Local\Programs\MiKTeX\tex/latex/l3backend\l3backend-pdf
tex.def
File: l3backend-pdftex.def 2023-04-19 L3 backend support: PDF output (pdfTeX)
\l__color_backend_stack_int=\count298
\l__pdf_internal_box=\box57
) (CameraReady-8393_changed.aux)
\openout1 = `CameraReady-8393_changed.aux'.

LaTeX Font Info:    Checking defaults for OML/cmm/m/it on input line 136.
LaTeX Font Info:    ... okay on input line 136.
LaTeX Font Info:    Checking defaults for OMS/cmsy/m/n on input line 136.
LaTeX Font Info:    ... okay on input line 136.
LaTeX Font Info:    Checking defaults for OT1/cmr/m/n on input line 136.
LaTeX Font Info:    ... okay on input line 136.
LaTeX Font Info:    Checking defaults for T1/cmr/m/n on input line 136.
LaTeX Font Info:    ... okay on input line 136.
LaTeX Font Info:    Checking defaults for TS1/cmr/m/n on input line 136.
LaTeX Font Info:    ... okay on input line 136.
LaTeX Font Info:    Checking defaults for OMX/cmex/m/n on input line 136.
LaTeX Font Info:    ... okay on input line 136.
LaTeX Font Info:    Checking defaults for U/cmr/m/n on input line 136.
LaTeX Font Info:    ... okay on input line 136.

(C:\Users\orfuc\AppData\Local\Programs\MiKTeX\tex/context/base/mkii\supp-pdf.mk
ii
[Loading MPS to PDF converter (version 2006.09.02).]
\scratchcounter=\count299
\scratchdimen=\dimen182
\scratchbox=\box58
\nofMPsegments=\count300
\nofMParguments=\count301
\everyMPshowfont=\toks28
\MPscratchCnt=\count302
\MPscratchDim=\dimen183
\MPnumerator=\count303
\makeMPintoPDFobject=\count304
\everyMPtoPDFconversion=\toks29
)
(C:\Users\orfuc\AppData\Local\Programs\MiKTeX\tex/latex/epstopdf-pkg\epstopdf-b
ase.sty
Package: epstopdf-base 2020-01-24 v2.11 Base part for package epstopdf
Package epstopdf-base Info: Redefining graphics rule for `.eps' on input line 4
85.

(C:\Users\orfuc\AppData\Local\Programs\MiKTeX\tex/latex/00miktex\epstopdf-sys.c
fg
File: epstopdf-sys.cfg 2021/03/18 v2.0 Configuration of epstopdf for MiKTeX
))
Package caption Info: Begin \AtBeginDocument code.
Package caption Info: float package is loaded.
Package caption Info: listings package is loaded.
Package caption Info: subfigure package is loaded.
Package caption Info: End \AtBeginDocument code.
Package newfloat Info: `float' package detected.
\c@lstlisting=\count305
\c@eqfn=\count306
\titlearea=\box59
LaTeX Font Info:    Trying to load font information for U+msa on input line 138
.
 (C:\Users\orfuc\AppData\Local\Programs\MiKTeX\tex/latex/amsfonts\umsa.fd
File: umsa.fd 2013/01/14 v3.01 AMS symbols A
)
LaTeX Font Info:    Trying to load font information for U+msb on input line 138
.

(C:\Users\orfuc\AppData\Local\Programs\MiKTeX\tex/latex/amsfonts\umsb.fd
File: umsb.fd 2013/01/14 v3.01 AMS symbols B
)
\actualheight=\skip75
LaTeX Font Info:    Trying to load font information for TS1+ptm on input line 1
38.

(C:\Users\orfuc\AppData\Local\Programs\MiKTeX\tex/latex/psnfss\ts1ptm.fd
File: ts1ptm.fd 2001/06/04 font definitions for TS1/ptm.
)
(Introduction.tex

Package natbib Warning: Citation `RN2' on page 1 undefined on input line 6.


Package natbib Warning: Citation `RN3' on page 1 undefined on input line 6.


Package natbib Warning: Citation `RN4' on page 1 undefined on input line 6.


Package natbib Warning: Citation `RN5' on page 1 undefined on input line 6.


Package natbib Warning: Citation `zheng2023generating' on page 1 undefined on i
nput line 6.


Package natbib Warning: Citation `wang2023scene' on page 1 undefined on input l
ine 6.


Package natbib Warning: Citation `RN7' on page 1 undefined on input line 7.


Package natbib Warning: Citation `RN28' on page 1 undefined on input line 7.


Package natbib Warning: Citation `RN29' on page 1 undefined on input line 7.

<images/Introduction.jpg, id=1, 1558.32187pt x 618.05907pt>
File: images/Introduction.jpg Graphic file (type jpg)
<use images/Introduction.jpg>
Package pdftex.def Info: images/Introduction.jpg  used on input line 19.
(pdftex.def)             Requested size: 239.39438pt x 94.93996pt.

Package natbib Warning: Citation `RN31' on page 1 undefined on input line 26.


Package natbib Warning: Citation `RN28' on page 1 undefined on input line 27.

[1{C:/Users/orfuc/AppData/Local/MiKTeX/fonts/map/pdftex/pdftex.map}{C:/Users/or
fuc/AppData/Local/Programs/MiKTeX/fonts/enc/dvips/base/8r.enc}



 <./images/Introduction.jpg>]) (RelatedWork.tex

Package natbib Warning: Citation `RN8' on page 2 undefined on input line 8.


Package natbib Warning: Citation `RN9' on page 2 undefined on input line 8.


Package natbib Warning: Citation `RN10' on page 2 undefined on input line 8.


Package natbib Warning: Citation `RN11' on page 2 undefined on input line 8.


Package natbib Warning: Citation `RN5' on page 2 undefined on input line 8.


Package natbib Warning: Citation `RN2' on page 2 undefined on input line 8.


Package natbib Warning: Citation `RN13' on page 2 undefined on input line 8.


Package natbib Warning: Citation `RN14' on page 2 undefined on input line 8.


Package natbib Warning: Citation `RN15' on page 2 undefined on input line 8.


Package natbib Warning: Citation `RN16' on page 2 undefined on input line 8.


Package natbib Warning: Citation `RN17' on page 2 undefined on input line 8.


Package natbib Warning: Citation `RN18' on page 2 undefined on input line 9.


Package natbib Warning: Citation `RN19' on page 2 undefined on input line 9.


Package natbib Warning: Citation `RN20' on page 2 undefined on input line 9.


Package natbib Warning: Citation `RN21' on page 2 undefined on input line 9.


Package natbib Warning: Citation `RN3' on page 2 undefined on input line 9.


Package natbib Warning: Citation `zheng2023generating' on page 2 undefined on i
nput line 9.


Package natbib Warning: Citation `wang2023scene' on page 2 undefined on input l
ine 9.


Package natbib Warning: Citation `RN22' on page 2 undefined on input line 9.


Package natbib Warning: Citation `RN23' on page 2 undefined on input line 9.


Package natbib Warning: Citation `RN25' on page 2 undefined on input line 9.


Package natbib Warning: Citation `RN26' on page 2 undefined on input line 9.


Package natbib Warning: Citation `RN4' on page 2 undefined on input line 9.


Package natbib Warning: Citation `zheng2023phrase' on page 2 undefined on input
 line 9.


Underfull \hbox (badness 1033) in paragraph at lines 5--10
\T1/ptm/m/n/10 rectly regress start and end times-tamps. Such meth-ods
 []


Underfull \vbox (badness 10000) has occurred while \output is active []



Package natbib Warning: Citation `RN34' on page 2 undefined on input line 16.


Package natbib Warning: Citation `RN36' on page 2 undefined on input line 16.


Package natbib Warning: Citation `RN28' on page 2 undefined on input line 16.


Package natbib Warning: Citation `RN30' on page 2 undefined on input line 17.


Package natbib Warning: Citation `RN35' on page 2 undefined on input line 17.


Package natbib Warning: Citation `RN29' on page 2 undefined on input line 17.


Package natbib Warning: Citation `lan2023curriculum' on page 2 undefined on inp
ut line 17.


Package natbib Warning: Citation `qi2023self' on page 2 undefined on input line
 17.


Package natbib Warning: Citation `lan2022closer' on page 2 undefined on input l
ine 17.


Package natbib Warning: Citation `yoon2023counterfactual' on page 2 undefined o
n input line 17.

) (Method.tex
<images/OverView.jpg, id=9, 949.146pt x 468.7914pt>
File: images/OverView.jpg Graphic file (type jpg)
<use images/OverView.jpg>
Package pdftex.def Info: images/OverView.jpg  used on input line 4.
(pdftex.def)             Requested size: 485.65779pt x 239.87445pt.
 [2]

Package natbib Warning: Citation `G3AN' on page 3 undefined on input line 35.

[3 <./images/OverView.jpg>]
Underfull \hbox (badness 1533) in paragraph at lines 155--156
 \T1/ptm/b/n/10 Dis-crim-i-na-tor Train-ing Ob-jec-tives \T1/ptm/m/n/10 The dis
-crim-i-na-tor
 []


Package natbib Warning: Citation `RN2' on page 4 undefined on input line 194.


Package natbib Warning: Citation `RN21' on page 4 undefined on input line 196.


Package natbib Warning: Citation `RN20' on page 4 undefined on input line 199.


Package natbib Warning: Citation `RN4' on page 4 undefined on input line 202.


Package natbib Warning: Citation `RN29' on page 4 undefined on input line 205.


Package natbib Warning: Citation `RN30' on page 4 undefined on input line 207.


Package natbib Warning: Citation `lan2022closer' on page 4 undefined on input l
ine 210.


Package natbib Warning: Citation `hao2022query' on page 4 undefined on input li
ne 213.


Package natbib Warning: Citation `RN3' on page 4 undefined on input line 219.


Package natbib Warning: Citation `RN4' on page 4 undefined on input line 223.

) (Experiment.tex

Package natbib Warning: Citation `lan2022closer' on page 4 undefined on input l
ine 7.

[4]

Package natbib Warning: Citation `Glove' on page 5 undefined on input line 21.


Package natbib Warning: Citation `I3D' on page 5 undefined on input line 21.


Package natbib Warning: Citation `C3D' on page 5 undefined on input line 21.


Package natbib Warning: Citation `AdamW' on page 5 undefined on input line 21.


Underfull \vbox (badness 2790) has occurred while \output is active []

 [5]
<images/cook.jpg, id=31, 801.2334pt x 299.1978pt>
File: images/cook.jpg Graphic file (type jpg)
<use images/cook.jpg>
Package pdftex.def Info: images/cook.jpg  used on input line 213.
(pdftex.def)             Requested size: 240.37187pt x 89.76003pt.
<images/start.jpg, id=32, 805.0878pt x 298.716pt>
File: images/start.jpg Graphic file (type jpg)
<use images/start.jpg>
Package pdftex.def Info: images/start.jpg  used on input line 220.
(pdftex.def)             Requested size: 241.5282pt x 89.61548pt.
<images/hold.jpg, id=33, 802.197pt x 298.716pt>
File: images/hold.jpg Graphic file (type jpg)
<use images/hold.jpg>
Package pdftex.def Info: images/hold.jpg  used on input line 226.
(pdftex.def)             Requested size: 240.66095pt x 89.61548pt.
<images/eat.jpg, id=34, 802.197pt x 299.1978pt>
File: images/eat.jpg Graphic file (type jpg)
<use images/eat.jpg>
Package pdftex.def Info: images/eat.jpg  used on input line 233.
(pdftex.def)             Requested size: 240.66095pt x 89.76003pt.

[6]
<images/distribution_four_word.jpg, id=38, 1494.33281pt x 356.83313pt>
File: images/distribution_four_word.jpg Graphic file (type jpg)
<use images/distribution_four_word.jpg>
Package pdftex.def Info: images/distribution_four_word.jpg  used on input line 
290.
(pdftex.def)             Requested size: 239.39438pt x 57.15979pt.
)
No file CameraReady-8393_changed.bbl.
[7 <./images/cook.jpg> <./images/start.jpg> <./images/hold.jpg> <./images/eat.j
pg> <./images/distribution_four_word.jpg>]

Package natbib Warning: There were undefined citations.

[8

] (CameraReady-8393_changed.aux)
 ***********
LaTeX2e <2023-06-01> patch level 1
L3 programming layer <2023-08-29>
 ***********
 ) 
Here is how much of TeX's memory you used:
 7293 strings out of 475247
 115592 string characters out of 5757792
 1967801 words of memory out of 5000000
 28704 multiletter control sequences out of 15000+600000
 605959 words of font info for 99 fonts, out of 8000000 for 9000
 1141 hyphenation exceptions out of 8191
 57i,17n,65p,1354b,544s stack positions out of 10000i,1000n,20000p,200000b,200000s
<C:/Users/orfuc/AppData/Local/Programs/MiKTeX/fonts/type1/public/amsfonts/cm/
cmex10.pfb><C:/Users/orfuc/AppData/Local/Programs/MiKTeX/fonts/type1/public/ams
fonts/cm/cmmi10.pfb><C:/Users/orfuc/AppData/Local/Programs/MiKTeX/fonts/type1/p
ublic/amsfonts/cm/cmmi7.pfb><C:/Users/orfuc/AppData/Local/Programs/MiKTeX/fonts
/type1/public/amsfonts/cm/cmr10.pfb><C:/Users/orfuc/AppData/Local/Programs/MiKT
eX/fonts/type1/public/amsfonts/cm/cmr7.pfb><C:/Users/orfuc/AppData/Local/Progra
ms/MiKTeX/fonts/type1/public/amsfonts/cm/cmsy10.pfb><C:/Users/orfuc/AppData/Loc
al/Programs/MiKTeX/fonts/type1/public/amsfonts/cm/cmsy7.pfb><C:/Users/orfuc/App
Data/Local/Programs/MiKTeX/fonts/type1/public/amsfonts/cm/cmsy9.pfb><C:/Users/o
rfuc/AppData/Local/Programs/MiKTeX/fonts/type1/public/amsfonts/symbols/msam10.p
fb><C:/Users/orfuc/AppData/Local/Programs/MiKTeX/fonts/type1/public/amsfonts/sy
mbols/msbm10.pfb><C:/Users/orfuc/AppData/Local/Programs/MiKTeX/fonts/type1/urw/
times/utmb8a.pfb><C:/Users/orfuc/AppData/Local/Programs/MiKTeX/fonts/type1/urw/
times/utmr8a.pfb><C:/Users/orfuc/AppData/Local/Programs/MiKTeX/fonts/type1/urw/
times/utmri8a.pfb>
Output written on CameraReady-8393_changed.pdf (8 pages, 1415276 bytes).
PDF statistics:
 102 PDF objects out of 1000 (max. 8388607)
 0 named destinations out of 1000 (max. 500000)
 36 words of extra memory for PDF output out of 10000 (max. 10000000)

