This is pdfTeX, Version 3.141592653-2.6-1.40.25 (MiKTeX 23.10) (preloaded format=pdflatex 2024.1.1)  10 MAR 2024 12:01
entering extended mode
 restricted \write18 enabled.
 %&-line parsing enabled.
**./paper_changed.tex
(paper_changed.tex
LaTeX2e <2023-06-01> patch level 1
L3 programming layer <2023-08-29>
(C:\Users\tal12\AppData\Local\Programs\MiKTeX\tex/latex/base\article.cls
Document Class: article 2023/05/17 v1.4n Standard LaTeX document class
(C:\Users\tal12\AppData\Local\Programs\MiKTeX\tex/latex/base\size10.clo
File: size10.clo 2023/05/17 v1.4n Standard LaTeX file (size option)
)
\c@part=\count185
\c@section=\count186
\c@subsection=\count187
\c@subsubsection=\count188
\c@paragraph=\count189
\c@subparagraph=\count190
\c@figure=\count191
\c@table=\count192
\abovecaptionskip=\skip48
\belowcaptionskip=\skip49
\bibindent=\dimen140
)
(aaai20.sty
Conference Style for AAAI for LaTeX 2e -- version for the AAAI-20 conference
\titlebox=\skip50
) (C:\Users\tal12\AppData\Local\Programs\MiKTeX\tex/latex/psnfss\times.sty
Package: times 2020/03/25 PSNFSS-v9.3 (SPQR) 
)
(C:\Users\tal12\AppData\Local\Programs\MiKTeX\tex/latex/psnfss\helvet.sty
Package: helvet 2020/03/25 PSNFSS-v9.3 (WaS) 

(C:\Users\tal12\AppData\Local\Programs\MiKTeX\tex/latex/graphics\keyval.sty
Package: keyval 2022/05/29 v1.15 key=value parser (DPC)
\KV@toks@=\toks17
))
(C:\Users\tal12\AppData\Local\Programs\MiKTeX\tex/latex/psnfss\courier.sty
Package: courier 2020/03/25 PSNFSS-v9.3 (WaS) 
)
(C:\Users\tal12\AppData\Local\Programs\MiKTeX\tex/latex/url\url.sty
\Urlmuskip=\muskip16
Package: url 2013/09/16  ver 3.4  Verb mode for urls, etc.
)
(C:\Users\tal12\AppData\Local\Programs\MiKTeX\tex/latex/graphics\graphicx.sty
Package: graphicx 2021/09/16 v1.2d Enhanced LaTeX Graphics (DPC,SPQR)

(C:\Users\tal12\AppData\Local\Programs\MiKTeX\tex/latex/graphics\graphics.sty
Package: graphics 2022/03/10 v1.4e Standard LaTeX Graphics (DPC,SPQR)

(C:\Users\tal12\AppData\Local\Programs\MiKTeX\tex/latex/graphics\trig.sty
Package: trig 2021/08/11 v1.11 sin cos tan (DPC)
)
(C:\Users\tal12\AppData\Local\Programs\MiKTeX\tex/latex/graphics-cfg\graphics.c
fg
File: graphics.cfg 2016/06/04 v1.11 sample graphics configuration
)
Package graphics Info: Driver file: pdftex.def on input line 107.

(C:\Users\tal12\AppData\Local\Programs\MiKTeX\tex/latex/graphics-def\pdftex.def
File: pdftex.def 2022/09/22 v1.2b Graphics/color driver for pdftex
))
\Gin@req@height=\dimen141
\Gin@req@width=\dimen142
) (C:\Users\tal12\AppData\Local\Programs\MiKTeX\tex/latex/xcolor\xcolor.sty
Package: xcolor 2022/06/12 v2.14 LaTeX color extensions (UK)

(C:\Users\tal12\AppData\Local\Programs\MiKTeX\tex/latex/graphics-cfg\color.cfg
File: color.cfg 2016/01/02 v1.6 sample color configuration
)
Package xcolor Info: Driver file: pdftex.def on input line 227.
(C:\Users\tal12\AppData\Local\Programs\MiKTeX\tex/latex/graphics\mathcolor.ltx)
Package xcolor Info: Model `cmy' substituted by `cmy0' on input line 1353.
Package xcolor Info: Model `hsb' substituted by `rgb' on input line 1357.
Package xcolor Info: Model `RGB' extended on input line 1369.
Package xcolor Info: Model `HTML' substituted by `rgb' on input line 1371.
Package xcolor Info: Model `Hsb' substituted by `hsb' on input line 1372.
Package xcolor Info: Model `tHsb' substituted by `hsb' on input line 1373.
Package xcolor Info: Model `HSB' substituted by `hsb' on input line 1374.
Package xcolor Info: Model `Gray' substituted by `gray' on input line 1375.
Package xcolor Info: Model `wave' substituted by `hsb' on input line 1376.
) (C:\Users\tal12\AppData\Local\Programs\MiKTeX\tex/latex/ulem\ulem.sty
\UL@box=\box51
\UL@hyphenbox=\box52
\UL@skip=\skip51
\UL@hook=\toks18
\UL@height=\dimen143
\UL@pe=\count193
\UL@pixel=\dimen144
\ULC@box=\box53
Package: ulem 2019/11/18
\ULdepth=\dimen145
)
LaTeX Font Info:    Trying to load font information for OT1+ptm on input line 3
6.

(C:\Users\tal12\AppData\Local\Programs\MiKTeX\tex/latex/psnfss\ot1ptm.fd
File: ot1ptm.fd 2001/06/04 font definitions for OT1/ptm.
)
(C:\Users\tal12\AppData\Local\Programs\MiKTeX\tex/latex/l3backend\l3backend-pdf
tex.def
File: l3backend-pdftex.def 2023-04-19 L3 backend support: PDF output (pdfTeX)
\l__color_backend_stack_int=\count194
\l__pdf_internal_box=\box54
) (paper_changed.aux)
\openout1 = `paper_changed.aux'.

LaTeX Font Info:    Checking defaults for OML/cmm/m/it on input line 36.
LaTeX Font Info:    ... okay on input line 36.
LaTeX Font Info:    Checking defaults for OMS/cmsy/m/n on input line 36.
LaTeX Font Info:    ... okay on input line 36.
LaTeX Font Info:    Checking defaults for OT1/cmr/m/n on input line 36.
LaTeX Font Info:    ... okay on input line 36.
LaTeX Font Info:    Checking defaults for T1/cmr/m/n on input line 36.
LaTeX Font Info:    ... okay on input line 36.
LaTeX Font Info:    Checking defaults for TS1/cmr/m/n on input line 36.
LaTeX Font Info:    ... okay on input line 36.
LaTeX Font Info:    Checking defaults for OMX/cmex/m/n on input line 36.
LaTeX Font Info:    ... okay on input line 36.
LaTeX Font Info:    Checking defaults for U/cmr/m/n on input line 36.
LaTeX Font Info:    ... okay on input line 36.

(C:\Users\tal12\AppData\Local\Programs\MiKTeX\tex/context/base/mkii\supp-pdf.mk
ii
[Loading MPS to PDF converter (version 2006.09.02).]
\scratchcounter=\count195
\scratchdimen=\dimen146
\scratchbox=\box55
\nofMPsegments=\count196
\nofMParguments=\count197
\everyMPshowfont=\toks19
\MPscratchCnt=\count198
\MPscratchDim=\dimen147
\MPnumerator=\count199
\makeMPintoPDFobject=\count266
\everyMPtoPDFconversion=\toks20
)
(C:\Users\tal12\AppData\Local\Programs\MiKTeX\tex/latex/epstopdf-pkg\epstopdf-b
ase.sty
Package: epstopdf-base 2020-01-24 v2.11 Base part for package epstopdf
Package epstopdf-base Info: Redefining graphics rule for `.eps' on input line 4
85.

(C:\Users\tal12\AppData\Local\Programs\MiKTeX\tex/latex/00miktex\epstopdf-sys.c
fg
File: epstopdf-sys.cfg 2021/03/18 v2.0 Configuration of epstopdf for MiKTeX
))
LaTeX Font Info:    External font `cmex10' loaded for size
(Font)              <7> on input line 38.
LaTeX Font Info:    External font `cmex10' loaded for size
(Font)              <5> on input line 38.

Underfull \hbox (badness 1728) in paragraph at lines 46--47
[]\OT1/ptm/m/n/10 The iden-ti-fi-ca-tion of ex-plo-sive de-vice char-ac-ter-is-
tics
 []


LaTeX Warning: Citation `gilpin:2018' on page 1 undefined on input line 48.


LaTeX Warning: Citation `guidotti:2018' on page 1 undefined on input line 48.


LaTeX Warning: Citation `hohman:2018' on page 1 undefined on input line 48.


LaTeX Warning: Citation `molnar:2019' on page 1 undefined on input line 48.


LaTeX Warning: Citation `montavon:2018' on page 1 undefined on input line 48.

<fig1.pdf, id=1, 207.77625pt x 108.405pt>
File: fig1.pdf Graphic file (type pdf)
<use fig1.pdf>
Package pdftex.def Info: fig1.pdf  used on input line 52.
(pdftex.def)             Requested size: 227.42392pt x 118.6603pt.
[1{C:/Users/tal12/AppData/Local/MiKTeX/fonts/map/pdftex/pdftex.map}{C:/Users/ta
l12/AppData/Local/Programs/MiKTeX/fonts/enc/dvips/base/8r.enc}



 <./fig1.pdf>]

LaTeX Warning: Citation `ramsay:2005' on page 2 undefined on input line 65.


LaTeX Warning: Citation `wang:2016' on page 2 undefined on input line 65.


LaTeX Warning: Citation `breiman:2001' on page 2 undefined on input line 67.


LaTeX Warning: Citation `breiman:2001' on page 2 undefined on input line 67.


LaTeX Warning: Citation `fisher:2019' on page 2 undefined on input line 67.


LaTeX Warning: Citation `fisher:2019' on page 2 undefined on input line 67.


LaTeX Warning: Citation `hooker:2019' on page 2 undefined on input line 69.


LaTeX Warning: Citation `nicodemus:2010' on page 2 undefined on input line 69.


LaTeX Warning: Citation `strobl:2007' on page 2 undefined on input line 69.


LaTeX Warning: Citation `hooker:2019' on page 2 undefined on input line 69.


LaTeX Warning: Citation `hooker:2019' on page 2 undefined on input line 69.


Underfull \hbox (badness 1107) in paragraph at lines 73--74
\OT1/ptm/m/n/10 Our orig-i-nal in-ter-est in us-ing PFI as an ex-plain-abil-ity

 []

<fig2.pdf, id=16, 207.77625pt x 144.54pt>
File: fig2.pdf Graphic file (type pdf)
<use fig2.pdf>
Package pdftex.def Info: fig2.pdf  used on input line 79.
(pdftex.def)             Requested size: 227.42392pt x 158.21371pt.
<fig3.pdf, id=17, 433.62pt x 126.4725pt>
File: fig3.pdf Graphic file (type pdf)
<use fig3.pdf>
Package pdftex.def Info: fig3.pdf  used on input line 86.
(pdftex.def)             Requested size: 466.8183pt x 136.16176pt.
[2 <./fig2.pdf>]

LaTeX Warning: Citation `ramsay:2005' on page 3 undefined on input line 105.


LaTeX Warning: Citation `ramsay:2005' on page 3 undefined on input line 106.

<fig4.pdf, id=27, 433.62pt x 126.4725pt>
File: fig4.pdf Graphic file (type pdf)
<use fig4.pdf>
Package pdftex.def Info: fig4.pdf  used on input line 118.
(pdftex.def)             Requested size: 466.8183pt x 136.16176pt.
<fig5.pdf, id=28, 433.62pt x 108.405pt>
File: fig5.pdf Graphic file (type pdf)
<use fig5.pdf>
Package pdftex.def Info: fig5.pdf  used on input line 125.
(pdftex.def)             Requested size: 466.8183pt x 116.71008pt.
<fig6.pdf, id=29, 433.62pt x 289.08pt>
File: fig6.pdf Graphic file (type pdf)
<use fig6.pdf>
Package pdftex.def Info: fig6.pdf  used on input line 134.
(pdftex.def)             Requested size: 466.8183pt x 311.22691pt.

LaTeX Warning: Citation `r' on page 3 undefined on input line 139.


LaTeX Warning: Citation `r' on page 3 undefined on input line 139.


LaTeX Warning: Citation `vanrossum:2009' on page 3 undefined on input line 141.



LaTeX Warning: Citation `vanrossum:2009' on page 3 undefined on input line 141.



LaTeX Warning: Citation `pedregosa:2011' on page 3 undefined on input line 141.



LaTeX Warning: Citation `pedregosa:2011' on page 3 undefined on input line 141.


[3 <./fig3.pdf>]

LaTeX Warning: Citation `wickham:2016' on page 4 undefined on input line 147.


LaTeX Warning: Citation `wickham:2016' on page 4 undefined on input line 147.

LaTeX Font Info:    Trying to load font information for TS1+ptm on input line 1
50.
(C:\Users\tal12\AppData\Local\Programs\MiKTeX\tex/latex/psnfss\ts1ptm.fd
File: ts1ptm.fd 2001/06/04 font definitions for TS1/ptm.
)
[4 <./fig4.pdf> <./fig5.pdf>]
<fig7.pdf, id=62, 207.77625pt x 207.77625pt>
File: fig7.pdf Graphic file (type pdf)
<use fig7.pdf>
Package pdftex.def Info: fig7.pdf  used on input line 162.
(pdftex.def)             Requested size: 227.42392pt x 227.43224pt.


LaTeX Warning: Citation `tucker:2020' on page 5 undefined on input line 163.


LaTeX Warning: Citation `tucker:2020' on page 5 undefined on input line 163.


LaTeX Warning: Citation `tucker:2020' on page 5 undefined on input line 163.


LaTeX Warning: Citation `tucker:2020' on page 5 undefined on input line 163.


Underfull \vbox (badness 10000) has occurred while \output is active []

 [5 <./fig6.pdf>]

LaTeX Warning: Citation `lee:2017' on page 6 undefined on input line 171.


LaTeX Warning: Citation `tucker:2013' on page 6 undefined on input line 171.


Underfull \hbox (badness 1389) in paragraph at lines 175--178
\OT1/ptm/m/n/10 dic-tions from a ma-chine learn-ing model trained us-ing
 []


Underfull \hbox (badness 10000) in paragraph at lines 175--178

 []


Underfull \hbox (badness 2302) in paragraph at lines 175--178
\OT1/ptm/m/it/10 Sandia Na-tional Lab-o-ra-to-ries is a mul-ti-mis-sion lab-o-
 []


Underfull \hbox (badness 1436) in paragraph at lines 175--178
\OT1/ptm/m/it/10 de-scribes ob-jec-tive tech-ni-cal re-sults and anal-y-sis. An
y
 []

No file paper_changed.bbl.
[6 <./fig7.pdf>] [7

] (paper_changed.aux)
 ***********
LaTeX2e <2023-06-01> patch level 1
L3 programming layer <2023-08-29>
 ***********
 ) 
Here is how much of TeX's memory you used:
 2206 strings out of 475247
 35228 string characters out of 5757793
 1934785 words of memory out of 5000000
 23731 multiletter control sequences out of 15000+600000
 569235 words of font info for 52 fonts, out of 8000000 for 9000
 1141 hyphenation exceptions out of 8191
 57i,11n,65p,1682b,263s stack positions out of 10000i,1000n,20000p,200000b,200000s
<C:/Users/tal12/AppData/Local/Programs/MiKTeX/fonts/type1/public/amsfonts/cm/
cmmi10.pfb><C:/Users/tal12/AppData/Local/Programs/MiKTeX/fonts/type1/public/ams
fonts/cm/cmr7.pfb><C:/Users/tal12/AppData/Local/Programs/MiKTeX/fonts/type1/urw
/times/utmb8a.pfb><C:/Users/tal12/AppData/Local/Programs/MiKTeX/fonts/type1/urw
/times/utmr8a.pfb><C:/Users/tal12/AppData/Local/Programs/MiKTeX/fonts/type1/urw
/times/utmri8a.pfb>
Output written on paper_changed.pdf (7 pages, 5138249 bytes).
PDF statistics:
 113 PDF objects out of 1000 (max. 8388607)
 0 named destinations out of 1000 (max. 500000)
 36 words of extra memory for PDF output out of 10000 (max. 10000000)

