This is pdfTeX, Version 3.141592653-2.6-1.40.25 (MiKTeX 23.9) (preloaded format=pdflatex 2023.9.22)  20 JAN 2024 14:59
entering extended mode
 restricted \write18 enabled.
 %&-line parsing enabled.
**./hu_changed.tex
(hu_changed.tex
LaTeX2e <2023-06-01> patch level 1
L3 programming layer <2023-08-29>
(C:\Users\micha\AppData\Local\Programs\MiKTeX\tex/latex/base\article.cls
Document Class: article 2023/05/17 v1.4n Standard LaTeX document class
(C:\Users\micha\AppData\Local\Programs\MiKTeX\tex/latex/base\size10.clo
File: size10.clo 2023/05/17 v1.4n Standard LaTeX file (size option)
)
\c@part=\count185
\c@section=\count186
\c@subsection=\count187
\c@subsubsection=\count188
\c@paragraph=\count189
\c@subparagraph=\count190
\c@figure=\count191
\c@table=\count192
\abovecaptionskip=\skip48
\belowcaptionskip=\skip49
\bibindent=\dimen140
)
(aaai24.sty
Package: aaai24 2023/06/26 AAAI 2024 Submission format

Conference Style for AAAI for LaTeX 2e -- version for submission
\titlebox=\skip50
) (C:\Users\micha\AppData\Local\Programs\MiKTeX\tex/latex/psnfss\times.sty
Package: times 2020/03/25 PSNFSS-v9.3 (SPQR) 
)
(C:\Users\micha\AppData\Local\Programs\MiKTeX\tex/latex/psnfss\helvet.sty
Package: helvet 2020/03/25 PSNFSS-v9.3 (WaS) 

(C:\Users\micha\AppData\Local\Programs\MiKTeX\tex/latex/graphics\keyval.sty
Package: keyval 2022/05/29 v1.15 key=value parser (DPC)
\KV@toks@=\toks17
))
(C:\Users\micha\AppData\Local\Programs\MiKTeX\tex/latex/psnfss\courier.sty
Package: courier 2020/03/25 PSNFSS-v9.3 (WaS) 
)
(C:\Users\micha\AppData\Local\Programs\MiKTeX\tex/latex/url\url.sty
\Urlmuskip=\muskip16
Package: url 2013/09/16  ver 3.4  Verb mode for urls, etc.
)
(C:\Users\micha\AppData\Local\Programs\MiKTeX\tex/latex/graphics\graphicx.sty
Package: graphicx 2021/09/16 v1.2d Enhanced LaTeX Graphics (DPC,SPQR)

(C:\Users\micha\AppData\Local\Programs\MiKTeX\tex/latex/graphics\graphics.sty
Package: graphics 2022/03/10 v1.4e Standard LaTeX Graphics (DPC,SPQR)

(C:\Users\micha\AppData\Local\Programs\MiKTeX\tex/latex/graphics\trig.sty
Package: trig 2021/08/11 v1.11 sin cos tan (DPC)
)
(C:\Users\micha\AppData\Local\Programs\MiKTeX\tex/latex/graphics-cfg\graphics.c
fg
File: graphics.cfg 2016/06/04 v1.11 sample graphics configuration
)
Package graphics Info: Driver file: pdftex.def on input line 107.

(C:\Users\micha\AppData\Local\Programs\MiKTeX\tex/latex/graphics-def\pdftex.def
File: pdftex.def 2022/09/22 v1.2b Graphics/color driver for pdftex
))
\Gin@req@height=\dimen141
\Gin@req@width=\dimen142
) (C:\Users\micha\AppData\Local\Programs\MiKTeX\tex/latex/natbib\natbib.sty
Package: natbib 2010/09/13 8.31b (PWD, AO)
\bibhang=\skip51
\bibsep=\skip52
LaTeX Info: Redefining \cite on input line 694.
\c@NAT@ctr=\count193
)
(C:\Users\micha\AppData\Local\Programs\MiKTeX\tex/latex/caption\caption.sty
Package: caption 2023/07/31 v3.6n Customizing captions (AR)

(C:\Users\micha\AppData\Local\Programs\MiKTeX\tex/latex/caption\caption3.sty
Package: caption3 2023/07/31 v2.4d caption3 kernel (AR)
\caption@tempdima=\dimen143
\captionmargin=\dimen144
\caption@leftmargin=\dimen145
\caption@rightmargin=\dimen146
\caption@width=\dimen147
\caption@indent=\dimen148
\caption@parindent=\dimen149
\caption@hangindent=\dimen150
Package caption Info: Standard document class detected.
)
\c@caption@flags=\count194
\c@continuedfloat=\count195
)
(C:\Users\micha\AppData\Local\Programs\MiKTeX\tex/latex/algorithms\algorithm.st
y
Package: algorithm 2009/08/24 v0.1 Document Style `algorithm' - floating enviro
nment
 (C:\Users\micha\AppData\Local\Programs\MiKTeX\tex/latex/float\float.sty
Package: float 2001/11/08 v1.3d Float enhancements (AL)
\c@float@type=\count196
\float@exts=\toks18
\float@box=\box51
\@float@everytoks=\toks19
\@floatcapt=\box52
)
(C:\Users\micha\AppData\Local\Programs\MiKTeX\tex/latex/base\ifthen.sty
Package: ifthen 2022/04/13 v1.1d Standard LaTeX ifthen package (DPC)
)
\@float@every@algorithm=\toks20
\c@algorithm=\count197
)
(C:\Users\micha\AppData\Local\Programs\MiKTeX\tex/latex/algorithms\algorithmic.
sty
Package: algorithmic 2009/08/24 v0.1 Document Style `algorithmic'
\c@ALC@unique=\count198
\c@ALC@line=\count199
\c@ALC@rem=\count266
\c@ALC@depth=\count267
\ALC@tlm=\skip53
\algorithmicindent=\skip54
)
(C:\Users\micha\AppData\Local\Programs\MiKTeX\tex/latex/amsfonts\amssymb.sty
Package: amssymb 2013/01/14 v3.01 AMS font symbols

(C:\Users\micha\AppData\Local\Programs\MiKTeX\tex/latex/amsfonts\amsfonts.sty
Package: amsfonts 2013/01/14 v3.01 Basic AMSFonts support
\@emptytoks=\toks21
\symAMSa=\mathgroup4
\symAMSb=\mathgroup5
LaTeX Font Info:    Redeclaring math symbol \hbar on input line 98.
LaTeX Font Info:    Overwriting math alphabet `\mathfrak' in version `bold'
(Font)                  U/euf/m/n --> U/euf/b/n on input line 106.
)) (C:\Users\micha\AppData\Local\Programs\MiKTeX\tex/latex/newfloat\newfloat.st
y
Package: newfloat 2023/10/01 v1.2 Defining new floating environments (AR)
) (C:\Users\micha\AppData\Local\Programs\MiKTeX\tex/latex/listings\listings.sty
\lst@mode=\count268
\lst@gtempboxa=\box53
\lst@token=\toks22
\lst@length=\count269
\lst@currlwidth=\dimen151
\lst@column=\count270
\lst@pos=\count271
\lst@lostspace=\dimen152
\lst@width=\dimen153
\lst@newlines=\count272
\lst@lineno=\count273
\lst@maxwidth=\dimen154

(C:\Users\micha\AppData\Local\Programs\MiKTeX\tex/latex/listings\lstmisc.sty
File: lstmisc.sty 2023/02/27 1.9 (Carsten Heinz)
\c@lstnumber=\count274
\lst@skipnumbers=\count275
\lst@framebox=\box54
)
(C:\Users\micha\AppData\Local\Programs\MiKTeX\tex/latex/listings\listings.cfg
File: listings.cfg 2023/02/27 1.9 listings configuration
))
Package: listings 2023/02/27 1.9 (Carsten Heinz)
\@float@every@listing=\toks23
\c@listing=\count276
(C:\Users\micha\AppData\Local\Programs\MiKTeX\tex/latex/multirow\multirow.sty
Package: multirow 2021/03/15 v2.8 Span multiple rows of a table
\multirow@colwidth=\skip55
\multirow@cntb=\count277
\multirow@dima=\skip56
\bigstrutjot=\dimen155
)
(C:\Users\micha\AppData\Local\Programs\MiKTeX\tex/latex/amsmath\amsmath.sty
Package: amsmath 2023/05/13 v2.17o AMS math features
\@mathmargin=\skip57

For additional information on amsmath, use the `?' option.
(C:\Users\micha\AppData\Local\Programs\MiKTeX\tex/latex/amsmath\amstext.sty
Package: amstext 2021/08/26 v2.01 AMS text

(C:\Users\micha\AppData\Local\Programs\MiKTeX\tex/latex/amsmath\amsgen.sty
File: amsgen.sty 1999/11/30 v2.0 generic functions
\@emptytoks=\toks24
\ex@=\dimen156
))
(C:\Users\micha\AppData\Local\Programs\MiKTeX\tex/latex/amsmath\amsbsy.sty
Package: amsbsy 1999/11/29 v1.2d Bold Symbols
\pmbraise@=\dimen157
)
(C:\Users\micha\AppData\Local\Programs\MiKTeX\tex/latex/amsmath\amsopn.sty
Package: amsopn 2022/04/08 v2.04 operator names
)
\inf@bad=\count278
LaTeX Info: Redefining \frac on input line 234.
\uproot@=\count279
\leftroot@=\count280
LaTeX Info: Redefining \overline on input line 399.
LaTeX Info: Redefining \colon on input line 410.
\classnum@=\count281
\DOTSCASE@=\count282
LaTeX Info: Redefining \ldots on input line 496.
LaTeX Info: Redefining \dots on input line 499.
LaTeX Info: Redefining \cdots on input line 620.
\Mathstrutbox@=\box55
\strutbox@=\box56
LaTeX Info: Redefining \big on input line 722.
LaTeX Info: Redefining \Big on input line 723.
LaTeX Info: Redefining \bigg on input line 724.
LaTeX Info: Redefining \Bigg on input line 725.
\big@size=\dimen158
LaTeX Font Info:    Redeclaring font encoding OML on input line 743.
LaTeX Font Info:    Redeclaring font encoding OMS on input line 744.
\macc@depth=\count283
LaTeX Info: Redefining \bmod on input line 905.
LaTeX Info: Redefining \pmod on input line 910.
LaTeX Info: Redefining \smash on input line 940.
LaTeX Info: Redefining \relbar on input line 970.
LaTeX Info: Redefining \Relbar on input line 971.
\c@MaxMatrixCols=\count284
\dotsspace@=\muskip17
\c@parentequation=\count285
\dspbrk@lvl=\count286
\tag@help=\toks25
\row@=\count287
\column@=\count288
\maxfields@=\count289
\andhelp@=\toks26
\eqnshift@=\dimen159
\alignsep@=\dimen160
\tagshift@=\dimen161
\tagwidth@=\dimen162
\totwidth@=\dimen163
\lineht@=\dimen164
\@envbody=\toks27
\multlinegap=\skip58
\multlinetaggap=\skip59
\mathdisplay@stack=\toks28
LaTeX Info: Redefining \[ on input line 2953.
LaTeX Info: Redefining \] on input line 2954.
)
(C:\Users\micha\AppData\Local\Programs\MiKTeX\tex/latex/makecell\makecell.sty
Package: makecell 2009/08/03 V0.1e Managing of Tab Column Heads and Cells

(C:\Users\micha\AppData\Local\Programs\MiKTeX\tex/latex/tools\array.sty
Package: array 2022/09/04 v2.5g Tabular extension package (FMi)
\col@sep=\dimen165
\ar@mcellbox=\box57
\extrarowheight=\dimen166
\NC@list=\toks29
\extratabsurround=\skip60
\backup@length=\skip61
\ar@cellbox=\box58
)
\rotheadsize=\dimen167
\c@nlinenum=\count290
\TeXr@lab=\toks30
)
LaTeX Font Info:    Trying to load font information for OT1+ptm on input line 1
02.

(C:\Users\micha\AppData\Local\Programs\MiKTeX\tex/latex/psnfss\ot1ptm.fd
File: ot1ptm.fd 2001/06/04 font definitions for OT1/ptm.
)
(C:\Users\micha\AppData\Local\Programs\MiKTeX\tex/latex/l3backend\l3backend-pdf
tex.def
File: l3backend-pdftex.def 2023-04-19 L3 backend support: PDF output (pdfTeX)
\l__color_backend_stack_int=\count291
\l__pdf_internal_box=\box59
) (hu_changed.aux)
\openout1 = `hu_changed.aux'.

LaTeX Font Info:    Checking defaults for OML/cmm/m/it on input line 102.
LaTeX Font Info:    ... okay on input line 102.
LaTeX Font Info:    Checking defaults for OMS/cmsy/m/n on input line 102.
LaTeX Font Info:    ... okay on input line 102.
LaTeX Font Info:    Checking defaults for OT1/cmr/m/n on input line 102.
LaTeX Font Info:    ... okay on input line 102.
LaTeX Font Info:    Checking defaults for T1/cmr/m/n on input line 102.
LaTeX Font Info:    ... okay on input line 102.
LaTeX Font Info:    Checking defaults for TS1/cmr/m/n on input line 102.
LaTeX Font Info:    ... okay on input line 102.
LaTeX Font Info:    Checking defaults for OMX/cmex/m/n on input line 102.
LaTeX Font Info:    ... okay on input line 102.
LaTeX Font Info:    Checking defaults for U/cmr/m/n on input line 102.
LaTeX Font Info:    ... okay on input line 102.

(C:\Users\micha\AppData\Local\Programs\MiKTeX\tex/context/base/mkii\supp-pdf.mk
ii
[Loading MPS to PDF converter (version 2006.09.02).]
\scratchcounter=\count292
\scratchdimen=\dimen168
\scratchbox=\box60
\nofMPsegments=\count293
\nofMParguments=\count294
\everyMPshowfont=\toks31
\MPscratchCnt=\count295
\MPscratchDim=\dimen169
\MPnumerator=\count296
\makeMPintoPDFobject=\count297
\everyMPtoPDFconversion=\toks32
)
(C:\Users\micha\AppData\Local\Programs\MiKTeX\tex/latex/epstopdf-pkg\epstopdf-b
ase.sty
Package: epstopdf-base 2020-01-24 v2.11 Base part for package epstopdf
Package epstopdf-base Info: Redefining graphics rule for `.eps' on input line 4
85.

(C:\Users\micha\AppData\Local\Programs\MiKTeX\tex/latex/00miktex\epstopdf-sys.c
fg
File: epstopdf-sys.cfg 2021/03/18 v2.0 Configuration of epstopdf for MiKTeX
))
Package caption Info: Begin \AtBeginDocument code.
Package caption Info: float package is loaded.
Package caption Info: listings package is loaded.
Package caption Info: End \AtBeginDocument code.
Package newfloat Info: `float' package detected.
\c@lstlisting=\count298
\c@eqfn=\count299
\titlearea=\box61
LaTeX Font Info:    Trying to load font information for U+msa on input line 104
.
 (C:\Users\micha\AppData\Local\Programs\MiKTeX\tex/latex/amsfonts\umsa.fd
File: umsa.fd 2013/01/14 v3.01 AMS symbols A
)
LaTeX Font Info:    Trying to load font information for U+msb on input line 104
.

(C:\Users\micha\AppData\Local\Programs\MiKTeX\tex/latex/amsfonts\umsb.fd
File: umsb.fd 2013/01/14 v3.01 AMS symbols B
)
LaTeX Font Info:    Trying to load font information for TS1+ptm on input line 1
04.

(C:\Users\micha\AppData\Local\Programs\MiKTeX\tex/latex/psnfss\ts1ptm.fd
File: ts1ptm.fd 2001/06/04 font definitions for TS1/ptm.
)
LaTeX Font Info:    Trying to load font information for OMS+ptm on input line 1
04.

(C:\Users\micha\AppData\Local\Programs\MiKTeX\tex/latex/psnfss\omsptm.fd
File: omsptm.fd 
)
LaTeX Font Info:    Font shape `OMS/ptm/m/n' in size <10> not available
(Font)              Font shape `OMS/cmsy/m/n' tried instead on input line 104.
\actualheight=\skip62


Package natbib Warning: Citation `DBLP:journals/corr/VilnisM14' on page 1 undef
ined on input line 112.


Package natbib Warning: Citation `DBLP:conf/iclr/PereyraTCKH17' on page 1 undef
ined on input line 112.


Package natbib Warning: Citation `DBLP:conf/iclr/MiyatoDG17' on page 1 undefine
d on input line 112.


Package natbib Warning: Citation `gunel2020supervised' on page 1 undefined on i
nput line 112.


Package natbib Warning: Citation `DBLP:conf/iclr/OhMPRSG19' on page 1 undefined
 on input line 114.


Package natbib Warning: Citation `DBLP:conf/iccv/ShiJ19' on page 1 undefined on
 input line 114.


Package natbib Warning: Citation `DBLP:conf/iclr/MahabadiBH21' on page 1 undefi
ned on input line 114.


Package natbib Warning: Citation `DBLP:conf/emnlp/0001HDZJMS22' on page 1 undef
ined on input line 114.


Underfull \hbox (badness 1117) in paragraph at lines 112--115
\OT1/ptm/m/n/10 Probabilistic em-bed-ding (\OT1/ptm/b/n/10 ?\OT1/ptm/m/n/10 ) i
s a flex-i-ble rep-re-sen-ta-tion
 []


Package natbib Warning: Citation `DBLP:journals/corr/KingmaW13' on page 1 undef
ined on input line 117.


Package natbib Warning: Citation `DBLP:conf/iclr/AlemiFD017' on page 1 undefine
d on input line 117.


Package natbib Warning: Citation `DBLP:conf/iclr/HigginsMPBGBML17' on page 1 un
defined on input line 117.


Package natbib Warning: Citation `DBLP:journals/entropy/Fischer20' on page 1 un
defined on input line 117.


Package natbib Warning: Citation `DBLP:conf/cvpr/AnJC23' on page 1 undefined on
 input line 117.


Package natbib Warning: Citation `tishby1999information' on page 1 undefined on
 input line 117.


Package natbib Warning: Citation `tishby2015deep' on page 1 undefined on input 
line 117.


Package natbib Warning: Citation `DBLP:journals/jsait/GoldfeldP20' on page 1 un
defined on input line 119.

[1{C:/Users/micha/AppData/Local/MiKTeX/fonts/map/pdftex/pdftex.map}{C:/Users/mi
cha/AppData/Local/Programs/MiKTeX/fonts/enc/dvips/base/8r.enc}



]
<figures/intro_t.png, id=8, 682.7106pt x 439.8834pt>
File: figures/intro_t.png Graphic file (type png)
<use figures/intro_t.png>
Package pdftex.def Info: figures/intro_t.png  used on input line 160.
(pdftex.def)             Requested size: 196.30513pt x 126.48227pt.

Underfull \vbox (badness 2020) has occurred while \output is active []



Package amsmath Warning: Cannot use `split' here;
(amsmath)                trying to recover with `aligned' on input line 186.


Package natbib Warning: Citation `DBLP:journals/corr/KingmaW13' on page 2 undef
ined on input line 200.

[2 <./figures/intro_t.png>]

Package natbib Warning: Citation `DBLP:conf/iclr/AlemiFD017' on page 3 undefine
d on input line 204.


Package natbib Warning: Citation `DBLP:journals/entropy/Fischer20' on page 3 un
defined on input line 204.


Package natbib Warning: Citation `DBLP:conf/cvpr/AnJC23' on page 3 undefined on
 input line 204.


Underfull \hbox (badness 2671) in paragraph at lines 210--214
 \OT1/ptm/b/n/10 Struc-tured Reg-u-lar-iza-tion \OT1/ptm/m/n/10 As men-tioned a
bove, the
 []


Package amsmath Warning: Cannot use `split' here;
(amsmath)                trying to recover with `aligned' on input line 226.


Package amsmath Warning: Cannot use `split' here;
(amsmath)                trying to recover with `aligned' on input line 236.


Underfull \hbox (badness 2142) in paragraph at lines 245--247
 \OT1/ptm/b/n/10 Struc-tured Prob-a-bilis-tic Cod-ing \OT1/ptm/m/n/10 We in-cor
-po-rate the
 []


Package amsmath Warning: Cannot use `split' here;
(amsmath)                trying to recover with `aligned' on input line 257.


Package natbib Warning: Citation `achille2018information' on page 3 undefined o
n input line 269.


Package natbib Warning: Citation `amjad2019learning' on page 3 undefined on inp
ut line 269.


Package natbib Warning: Citation `DBLP:conf/emnlp/BarbieriCAN20' on page 3 unde
fined on input line 280.


Package natbib Warning: Citation `DBLP:conf/semeval/BarbieriCRABBPS18' on page 
3 undefined on input line 281.


Package natbib Warning: Citation `DBLP:conf/semeval/MohammadBSK18' on page 3 un
defined on input line 282.


Package natbib Warning: Citation `DBLP:conf/semeval/BasileBFNPPRS19' on page 3 
undefined on input line 283.


Package natbib Warning: Citation `DBLP:conf/semeval/HeeLH18' on page 3 undefine
d on input line 284.


Package natbib Warning: Citation `DBLP:conf/semeval/ZampieriMNRFK19' on page 3 
undefined on input line 285.


Package natbib Warning: Citation `DBLP:conf/semeval/RosenthalRNS14' on page 3 u
ndefined on input line 286.


Package natbib Warning: Citation `DBLP:conf/semeval/MohammadKSZC16' on page 3 u
ndefined on input line 287.


Package natbib Warning: Citation `scherer1994evidence' on page 3 undefined on i
nput line 288.


Package natbib Warning: Citation `DBLP:conf/acl/PoriaHMNCM19' on page 3 undefin
ed on input line 289.


Package natbib Warning: Citation `DBLP:conf/acl/DemszkyMKCNR20' on page 3 undef
ined on input line 291.


Package natbib Warning: Citation `DBLP:conf/semeval/CerDALS17' on page 3 undefi
ned on input line 292.


Package natbib Warning: Citation `DBLP:conf/semeval/RothAS22' on page 3 undefin
ed on input line 292.


Package natbib Warning: Citation `DBLP:conf/naacl/DevlinCLT19' on page 3 undefi
ned on input line 335.


Package natbib Warning: Citation `DBLP:journals/corr/abs-1907-11692' on page 3 
undefined on input line 335.


Underfull \hbox (badness 1655) in paragraph at lines 332--337
\OT1/ptm/m/n/10 ing tech-nolo-gies (i.e., CE/MSE, CE/MSE+CP, CE+AT,
 []


Underfull \hbox (badness 1043) in paragraph at lines 332--337
\OT1/ptm/m/n/10 the oth-ers be-long to de-ter-min-is-tic em-bed-ding meth-ods.
 []

[3]

Package natbib Warning: Citation `cortes1995support' on page 4 undefined on inp
ut line 339.


Package natbib Warning: Citation `joulin2017bag' on page 4 undefined on input l
ine 340.


Package natbib Warning: Citation `hochreiter1997long' on page 4 undefined on in
put line 341.


Package natbib Warning: Citation `DBLP:conf/iclr/PereyraTCKH17' on page 4 undef
ined on input line 346.


Package natbib Warning: Citation `DBLP:conf/iclr/MiyatoDG17' on page 4 undefine
d on input line 347.


Package natbib Warning: Citation `gunel2020supervised' on page 4 undefined on i
nput line 348.


Package natbib Warning: Citation `khosla2020supervised' on page 4 undefined on 
input line 348.


Package natbib Warning: Citation `DBLP:conf/iclr/AlemiFD017' on page 4 undefine
d on input line 350.


Package natbib Warning: Citation `DBLP:conf/iclr/MahabadiBH21' on page 4 undefi
ned on input line 350.


Package natbib Warning: Citation `tishby2015deep' on page 4 undefined on input 
line 350.


Package natbib Warning: Citation `DBLP:conf/icml/BelghaziBROBHC18' on page 4 un
defined on input line 351.


Package natbib Warning: Citation `DBLP:conf/cvpr/AnJC23' on page 4 undefined on
 input line 354.


Underfull \hbox (badness 1215) in paragraph at lines 345--356
[]\OT1/ptm/b/n/10 CE/MSE \OT1/ptm/m/n/10 means a fine-tuned base-line with a cr
oss-
 []


Package natbib Warning: Citation `DBLP:conf/emnlp/BarbieriCAN20' on page 4 unde
fined on input line 364.


Package natbib Warning: Citation `kim2015t' on page 4 undefined on input line 3
68.


Package natbib Warning: Citation `DBLP:journals/corr/KingmaB14' on page 4 undef
ined on input line 375.


Package natbib Warning: Citation `DBLP:conf/emnlp/BarbieriCAN20' on page 4 unde
fined on input line 462.


Package natbib Warning: Citation `DBLP:conf/emnlp/BarbieriCAN20' on page 4 unde
fined on input line 462.

[4]
<figures/data_per.png, id=30, 867.24pt x 252.945pt>
File: figures/data_per.png Graphic file (type png)
<use figures/data_per.png>
Package pdftex.def Info: figures/data_per.png  used on input line 558.
(pdftex.def)             Requested size: 480.59395pt x 140.17386pt.

Underfull \hbox (badness 10000) in paragraph at lines 609--616
\OT1/ptm/m/n/10 related bench-marks in-clud-ing Emo-tionEval, ISEAR,
 []


LaTeX Warning: `!h' float specifier changed to `!ht'.

<figures/struc_eval.png, id=31, 867.24pt x 252.945pt>
File: figures/struc_eval.png Graphic file (type png)
<use figures/struc_eval.png>
Package pdftex.def Info: figures/struc_eval.png  used on input line 659.
(pdftex.def)             Requested size: 480.59395pt x 140.17386pt.
[5]

Package natbib Warning: Citation `DBLP:conf/acl/0001BWZH23' on page 6 undefined
 on input line 679.


Underfull \hbox (badness 1337) in paragraph at lines 687--688
\OT1/ptm/m/n/10 According to the na-ture of em-bed-dings, rep-re-sen-ta-tion
 []


Package natbib Warning: Citation `DBLP:conf/iclr/PereyraTCKH17' on page 6 undef
ined on input line 690.


Package natbib Warning: Citation `DBLP:conf/iclr/MiyatoDG17' on page 6 undefine
d on input line 690.


Package natbib Warning: Citation `gunel2020supervised' on page 6 undefined on i
nput line 690.


Package natbib Warning: Citation `DBLP:conf/acl/0001BWZH23' on page 6 undefined
 on input line 690.


Underfull \hbox (badness 10000) in paragraph at lines 690--691
 \OT1/ptm/b/n/10 De-ter-min-is-tic Em-bed-ding \OT1/ptm/m/n/10 De-ter-min-is-ti
c em-bed-ding
 []


Package natbib Warning: Citation `DBLP:journals/corr/VilnisM14' on page 6 undef
ined on input line 693.


Package natbib Warning: Citation `DBLP:conf/iclr/OhMPRSG19' on page 6 undefined
 on input line 693.


Package natbib Warning: Citation `DBLP:conf/iccv/ShiJ19' on page 6 undefined on
 input line 693.


Package natbib Warning: Citation `chang2020data' on page 6 undefined on input l
ine 693.


Package natbib Warning: Citation `DBLP:conf/iclr/RameC21' on page 6 undefined o
n input line 693.


Package natbib Warning: Citation `DBLP:conf/iclr/MahabadiBH21' on page 6 undefi
ned on input line 693.


Package natbib Warning: Citation `DBLP:conf/iclr/WangWCGJLL21' on page 6 undefi
ned on input line 693.


Package natbib Warning: Citation `DBLP:conf/emnlp/0001HDZJMS22' on page 6 undef
ined on input line 693.


Underfull \hbox (badness 1668) in paragraph at lines 693--694
 \OT1/ptm/b/n/10 Prob-a-bilis-tic Em-bed-ding \OT1/ptm/m/n/10 Prob-a-bilis-tic 
em-bed-ding (\OT1/ptm/b/n/10 ?\OT1/ptm/m/n/10 )
 []


Package natbib Warning: Citation `DBLP:journals/corr/KingmaW13' on page 6 undef
ined on input line 696.


Package natbib Warning: Citation `DBLP:conf/iclr/AlemiFD017' on page 6 undefine
d on input line 696.


Package natbib Warning: Citation `DBLP:conf/iclr/HigginsMPBGBML17' on page 6 un
defined on input line 696.


Package natbib Warning: Citation `DBLP:journals/entropy/Fischer20' on page 6 un
defined on input line 696.


Package natbib Warning: Citation `DBLP:conf/cvpr/AnJC23' on page 6 undefined on
 input line 696.


Package natbib Warning: Citation `tishby1999information' on page 6 undefined on
 input line 696.


Package natbib Warning: Citation `tishby2015deep' on page 6 undefined on input 
line 696.


Package natbib Warning: Citation `DBLP:conf/iclr/AlemiFD017' on page 6 undefine
d on input line 698.


Package natbib Warning: Citation `DBLP:conf/icml/BelghaziBROBHC18' on page 6 un
defined on input line 699.


Package natbib Warning: Citation `DBLP:conf/cvpr/RagonesiVCM21' on page 6 undef
ined on input line 700.


Package natbib Warning: Citation `DBLP:journals/entropy/Fischer20' on page 6 un
defined on input line 701.


Package natbib Warning: Citation `DBLP:conf/iclr/RameC21' on page 6 undefined o
n input line 701.


Package natbib Warning: Citation `DBLP:journals/corr/KingmaW13' on page 6 undef
ined on input line 703.


Package natbib Warning: Citation `DBLP:conf/iclr/HigginsMPBGBML17' on page 6 un
defined on input line 704.


Package natbib Warning: Citation `DBLP:conf/emnlp/0001HDZJMS22' on page 6 undef
ined on input line 705.


Package natbib Warning: Citation `DBLP:conf/cvpr/AnJC23' on page 6 undefined on
 input line 707.

[6 <./figures/data_per.png>]
Underfull \hbox (badness 1005) in paragraph at lines 712--715
\OT1/ptm/m/n/10 encoder-only prob-a-bilis-tic cod-ing tech-nol-ogy si-mul-ta-ne
-
 []


Underfull \vbox (badness 4391) has occurred while \output is active []

 [7 <./figures/struc_eval.png>] [8

]
No file hu_changed.bbl.

Package natbib Warning: Citation `DBLP:conf/semeval/BarbieriCRABBPS18' on page 
9 undefined on input line 742.


Package natbib Warning: Citation `DBLP:conf/semeval/MohammadBSK18' on page 9 un
defined on input line 744.


Package natbib Warning: Citation `DBLP:conf/semeval/BasileBFNPPRS19' on page 9 
undefined on input line 745.


Package natbib Warning: Citation `DBLP:conf/semeval/HeeLH18' on page 9 undefine
d on input line 747.


Package natbib Warning: Citation `DBLP:conf/semeval/ZampieriMNRFK19' on page 9 
undefined on input line 749.


Package natbib Warning: Citation `DBLP:conf/semeval/RosenthalRNS14' on page 9 u
ndefined on input line 751.


Package natbib Warning: Citation `DBLP:conf/semeval/MohammadKSZC16' on page 9 u
ndefined on input line 754.


Package natbib Warning: Citation `scherer1994evidence' on page 9 undefined on i
nput line 756.


Package natbib Warning: Citation `DBLP:conf/acl/PoriaHMNCM19' on page 9 undefin
ed on input line 759.


Package natbib Warning: Citation `DBLP:conf/acl/HuWH20' on page 9 undefined on 
input line 759.


Package natbib Warning: Citation `DBLP:conf/acl/DemszkyMKCNR20' on page 9 undef
ined on input line 761.


Underfull \hbox (badness 2452) in paragraph at lines 799--799
[]\OT1/ptm/m/n/10 Table 7: |Hy-per-pa-ram-e-ters of the pro-posed SPC with
 []


LaTeX Warning: `!h' float specifier changed to `!ht'.


Underfull \hbox (badness 2452) in paragraph at lines 818--818
[]\OT1/ptm/m/n/10 Table 8: |Hy-per-pa-ram-e-ters of the pro-posed SPC with
 []


LaTeX Warning: `!h' float specifier changed to `!ht'.

<figures/para_beta.png, id=47, 433.62pt x 578.16pt>
File: figures/para_beta.png Graphic file (type png)
<use figures/para_beta.png>
Package pdftex.def Info: figures/para_beta.png  used on input line 825.
(pdftex.def)             Requested size: 234.60545pt x 312.81047pt.
<figures/para_gamma.png, id=48, 448.074pt x 202.356pt>
File: figures/para_gamma.png Graphic file (type png)
<use figures/para_gamma.png>
Package pdftex.def Info: figures/para_gamma.png  used on input line 831.
(pdftex.def)             Requested size: 239.39438pt x 108.1158pt.

Package natbib Warning: Citation `DBLP:conf/semeval/CerDALS17' on page 9 undefi
ned on input line 840.


Package natbib Warning: Citation `DBLP:conf/semeval/RothAS22' on page 9 undefin
ed on input line 841.

[9


 <./figures/para_beta.png>]

Package natbib Warning: There were undefined citations.

[10

 <./figures/para_gamma.png>] (hu_changed.aux)
 ***********
LaTeX2e <2023-06-01> patch level 1
L3 programming layer <2023-08-29>
 ***********
 ) 
Here is how much of TeX's memory you used:
 6731 strings out of 475247
 106687 string characters out of 5757792
 1985801 words of memory out of 5000000
 28166 multiletter control sequences out of 15000+600000
 588607 words of font info for 100 fonts, out of 8000000 for 9000
 1141 hyphenation exceptions out of 8191
 57i,20n,65p,3641b,355s stack positions out of 10000i,1000n,20000p,200000b,200000s
<C:/Users/micha/AppData/Local/Programs/MiKTeX/fonts/type1/public/amsfonts/cm/
cmex10.pfb><C:/Users/micha/AppData/Local/Programs/MiKTeX/fonts/type1/public/ams
fonts/cm/cmmi10.pfb><C:/Users/micha/AppData/Local/Programs/MiKTeX/fonts/type1/p
ublic/amsfonts/cm/cmmi5.pfb><C:/Users/micha/AppData/Local/Programs/MiKTeX/fonts
/type1/public/amsfonts/cm/cmmi7.pfb><C:/Users/micha/AppData/Local/Programs/MiKT
eX/fonts/type1/public/amsfonts/cm/cmr10.pfb><C:/Users/micha/AppData/Local/Progr
ams/MiKTeX/fonts/type1/public/amsfonts/cm/cmr7.pfb><C:/Users/micha/AppData/Loca
l/Programs/MiKTeX/fonts/type1/public/amsfonts/cm/cmsy10.pfb><C:/Users/micha/App
Data/Local/Programs/MiKTeX/fonts/type1/public/amsfonts/cm/cmsy7.pfb><C:/Users/m
icha/AppData/Local/Programs/MiKTeX/fonts/type1/public/amsfonts/symbols/msam10.p
fb><C:/Users/micha/AppData/Local/Programs/MiKTeX/fonts/type1/public/amsfonts/sy
mbols/msbm10.pfb><C:/Users/micha/AppData/Local/Programs/MiKTeX/fonts/type1/urw/
times/utmb8a.pfb><C:/Users/micha/AppData/Local/Programs/MiKTeX/fonts/type1/urw/
times/utmr8a.pfb><C:/Users/micha/AppData/Local/Programs/MiKTeX/fonts/type1/urw/
times/utmri8a.pfb>
Output written on hu_changed.pdf (10 pages, 1691036 bytes).
PDF statistics:
 112 PDF objects out of 1000 (max. 8388607)
 0 named destinations out of 1000 (max. 500000)
 26 words of extra memory for PDF output out of 10000 (max. 10000000)

