This is pdfTeX, Version 3.141592653-2.6-1.40.25 (MiKTeX 23.5) (preloaded format=pdflatex 2024.1.12)  3 MAR 2024 15:31
entering extended mode
 restricted \write18 enabled.
 %&-line parsing enabled.
**./ms_changed.tex
(ms_changed.tex
LaTeX2e <2023-06-01> patch level 1
L3 programming layer <2023-08-29>
(C:\Users\orfuc\AppData\Local\Programs\MiKTeX\tex/latex/base\article.cls
Document Class: article 2023/05/17 v1.4n Standard LaTeX document class
(C:\Users\orfuc\AppData\Local\Programs\MiKTeX\tex/latex/base\size10.clo
File: size10.clo 2023/05/17 v1.4n Standard LaTeX file (size option)
)
\c@part=\count185
\c@section=\count186
\c@subsection=\count187
\c@subsubsection=\count188
\c@paragraph=\count189
\c@subparagraph=\count190
\c@figure=\count191
\c@table=\count192
\abovecaptionskip=\skip48
\belowcaptionskip=\skip49
\bibindent=\dimen140
)
(aaai17.sty
Conference Style for AAAI for LaTeX 2e -- version of 14 January 2017
\titlebox=\skip50
) (C:\Users\orfuc\AppData\Local\Programs\MiKTeX\tex/latex/psnfss\times.sty
Package: times 2020/03/25 PSNFSS-v9.3 (SPQR) 
)
(C:\Users\orfuc\AppData\Local\Programs\MiKTeX\tex/latex/psnfss\helvet.sty
Package: helvet 2020/03/25 PSNFSS-v9.3 (WaS) 

(C:\Users\orfuc\AppData\Local\Programs\MiKTeX\tex/latex/graphics\keyval.sty
Package: keyval 2022/05/29 v1.15 key=value parser (DPC)
\KV@toks@=\toks17
))
(C:\Users\orfuc\AppData\Local\Programs\MiKTeX\tex/latex/psnfss\courier.sty
Package: courier 2020/03/25 PSNFSS-v9.3 (WaS) 
)
(C:\Users\orfuc\AppData\Local\Programs\MiKTeX\tex/latex/url\url.sty
\Urlmuskip=\muskip16
Package: url 2013/09/16  ver 3.4  Verb mode for urls, etc.
)
(C:\Users\orfuc\AppData\Local\Programs\MiKTeX\tex/latex/graphics\graphicx.sty
Package: graphicx 2021/09/16 v1.2d Enhanced LaTeX Graphics (DPC,SPQR)

(C:\Users\orfuc\AppData\Local\Programs\MiKTeX\tex/latex/graphics\graphics.sty
Package: graphics 2022/03/10 v1.4e Standard LaTeX Graphics (DPC,SPQR)

(C:\Users\orfuc\AppData\Local\Programs\MiKTeX\tex/latex/graphics\trig.sty
Package: trig 2021/08/11 v1.11 sin cos tan (DPC)
)
(C:\Users\orfuc\AppData\Local\Programs\MiKTeX\tex/latex/graphics-cfg\graphics.c
fg
File: graphics.cfg 2016/06/04 v1.11 sample graphics configuration
)
Package graphics Info: Driver file: pdftex.def on input line 107.

(C:\Users\orfuc\AppData\Local\Programs\MiKTeX\tex/latex/graphics-def\pdftex.def
File: pdftex.def 2022/09/22 v1.2b Graphics/color driver for pdftex
))
\Gin@req@height=\dimen141
\Gin@req@width=\dimen142
) (C:\Users\orfuc\AppData\Local\Programs\MiKTeX\tex/latex/graphics\color.sty
Package: color 2022/01/06 v1.3d Standard LaTeX Color (DPC)

(C:\Users\orfuc\AppData\Local\Programs\MiKTeX\tex/latex/graphics-cfg\color.cfg
File: color.cfg 2016/01/02 v1.6 sample color configuration
)
Package color Info: Driver file: pdftex.def on input line 149.
(C:\Users\orfuc\AppData\Local\Programs\MiKTeX\tex/latex/graphics\mathcolor.ltx)
) (C:\Users\orfuc\AppData\Local\Programs\MiKTeX\tex/latex/hyperref\nameref.sty
Package: nameref 2023-08-07 v2.53 Cross-referencing by name of section

(C:\Users\orfuc\AppData\Local\Programs\MiKTeX\tex/latex/refcount\refcount.sty
Package: refcount 2019/12/15 v3.6 Data extraction from label references (HO)

(C:\Users\orfuc\AppData\Local\Programs\MiKTeX\tex/generic/ltxcmds\ltxcmds.sty
Package: ltxcmds 2020-05-10 v1.25 LaTeX kernel commands for general use (HO)
)
(C:\Users\orfuc\AppData\Local\Programs\MiKTeX\tex/generic/infwarerr\infwarerr.s
ty
Package: infwarerr 2019/12/03 v1.5 Providing info/warning/error messages (HO)
))
(C:\Users\orfuc\AppData\Local\Programs\MiKTeX\tex/generic/gettitlestring\gettit
lestring.sty
Package: gettitlestring 2019/12/15 v1.6 Cleanup title references (HO)

(C:\Users\orfuc\AppData\Local\Programs\MiKTeX\tex/latex/kvoptions\kvoptions.sty
Package: kvoptions 2022-06-15 v3.15 Key value format for package options (HO)

(C:\Users\orfuc\AppData\Local\Programs\MiKTeX\tex/latex/kvsetkeys\kvsetkeys.sty
Package: kvsetkeys 2022-10-05 v1.19 Key value parser (HO)
)))
\c@section@level=\count193
)
(C:\Users\orfuc\AppData\Local\Programs\MiKTeX\tex/latex/amsmath\amsmath.sty
Package: amsmath 2023/05/13 v2.17o AMS math features
\@mathmargin=\skip51

For additional information on amsmath, use the `?' option.
(C:\Users\orfuc\AppData\Local\Programs\MiKTeX\tex/latex/amsmath\amstext.sty
Package: amstext 2021/08/26 v2.01 AMS text

(C:\Users\orfuc\AppData\Local\Programs\MiKTeX\tex/latex/amsmath\amsgen.sty
File: amsgen.sty 1999/11/30 v2.0 generic functions
\@emptytoks=\toks18
\ex@=\dimen143
))
(C:\Users\orfuc\AppData\Local\Programs\MiKTeX\tex/latex/amsmath\amsbsy.sty
Package: amsbsy 1999/11/29 v1.2d Bold Symbols
\pmbraise@=\dimen144
)
(C:\Users\orfuc\AppData\Local\Programs\MiKTeX\tex/latex/amsmath\amsopn.sty
Package: amsopn 2022/04/08 v2.04 operator names
)
\inf@bad=\count194
LaTeX Info: Redefining \frac on input line 234.
\uproot@=\count195
\leftroot@=\count196
LaTeX Info: Redefining \overline on input line 399.
LaTeX Info: Redefining \colon on input line 410.
\classnum@=\count197
\DOTSCASE@=\count198
LaTeX Info: Redefining \ldots on input line 496.
LaTeX Info: Redefining \dots on input line 499.
LaTeX Info: Redefining \cdots on input line 620.
\Mathstrutbox@=\box51
\strutbox@=\box52
LaTeX Info: Redefining \big on input line 722.
LaTeX Info: Redefining \Big on input line 723.
LaTeX Info: Redefining \bigg on input line 724.
LaTeX Info: Redefining \Bigg on input line 725.
\big@size=\dimen145
LaTeX Font Info:    Redeclaring font encoding OML on input line 743.
LaTeX Font Info:    Redeclaring font encoding OMS on input line 744.
\macc@depth=\count199
LaTeX Info: Redefining \bmod on input line 905.
LaTeX Info: Redefining \pmod on input line 910.
LaTeX Info: Redefining \smash on input line 940.
LaTeX Info: Redefining \relbar on input line 970.
LaTeX Info: Redefining \Relbar on input line 971.
\c@MaxMatrixCols=\count266
\dotsspace@=\muskip17
\c@parentequation=\count267
\dspbrk@lvl=\count268
\tag@help=\toks19
\row@=\count269
\column@=\count270
\maxfields@=\count271
\andhelp@=\toks20
\eqnshift@=\dimen146
\alignsep@=\dimen147
\tagshift@=\dimen148
\tagwidth@=\dimen149
\totwidth@=\dimen150
\lineht@=\dimen151
\@envbody=\toks21
\multlinegap=\skip52
\multlinetaggap=\skip53
\mathdisplay@stack=\toks22
LaTeX Info: Redefining \[ on input line 2953.
LaTeX Info: Redefining \] on input line 2954.
)
(C:\Users\orfuc\AppData\Local\Programs\MiKTeX\tex/latex/float\float.sty
Package: float 2001/11/08 v1.3d Float enhancements (AL)
\c@float@type=\count272
\float@exts=\toks23
\float@box=\box53
\@float@everytoks=\toks24
\@floatcapt=\box54
)
\c@theorem=\count273
LaTeX Font Info:    Trying to load font information for OT1+ptm on input line 2
0.

(C:\Users\orfuc\AppData\Local\Programs\MiKTeX\tex/latex/psnfss\ot1ptm.fd
File: ot1ptm.fd 2001/06/04 font definitions for OT1/ptm.
)
(C:\Users\orfuc\AppData\Local\Programs\MiKTeX\tex/latex/l3backend\l3backend-pdf
tex.def
File: l3backend-pdftex.def 2023-04-19 L3 backend support: PDF output (pdfTeX)
\l__color_backend_stack_int=\count274
\l__pdf_internal_box=\box55
) (ms_changed.aux)
\openout1 = `ms_changed.aux'.

LaTeX Font Info:    Checking defaults for OML/cmm/m/it on input line 20.
LaTeX Font Info:    ... okay on input line 20.
LaTeX Font Info:    Checking defaults for OMS/cmsy/m/n on input line 20.
LaTeX Font Info:    ... okay on input line 20.
LaTeX Font Info:    Checking defaults for OT1/cmr/m/n on input line 20.
LaTeX Font Info:    ... okay on input line 20.
LaTeX Font Info:    Checking defaults for T1/cmr/m/n on input line 20.
LaTeX Font Info:    ... okay on input line 20.
LaTeX Font Info:    Checking defaults for TS1/cmr/m/n on input line 20.
LaTeX Font Info:    ... okay on input line 20.
LaTeX Font Info:    Checking defaults for OMX/cmex/m/n on input line 20.
LaTeX Font Info:    ... okay on input line 20.
LaTeX Font Info:    Checking defaults for U/cmr/m/n on input line 20.
LaTeX Font Info:    ... okay on input line 20.

(C:\Users\orfuc\AppData\Local\Programs\MiKTeX\tex/context/base/mkii\supp-pdf.mk
ii
[Loading MPS to PDF converter (version 2006.09.02).]
\scratchcounter=\count275
\scratchdimen=\dimen152
\scratchbox=\box56
\nofMPsegments=\count276
\nofMParguments=\count277
\everyMPshowfont=\toks25
\MPscratchCnt=\count278
\MPscratchDim=\dimen153
\MPnumerator=\count279
\makeMPintoPDFobject=\count280
\everyMPtoPDFconversion=\toks26
)
(C:\Users\orfuc\AppData\Local\Programs\MiKTeX\tex/latex/epstopdf-pkg\epstopdf-b
ase.sty
Package: epstopdf-base 2020-01-24 v2.11 Base part for package epstopdf
Package epstopdf-base Info: Redefining graphics rule for `.eps' on input line 4
85.

(C:\Users\orfuc\AppData\Local\Programs\MiKTeX\tex/latex/00miktex\epstopdf-sys.c
fg
File: epstopdf-sys.cfg 2021/03/18 v2.0 Configuration of epstopdf for MiKTeX
))
LaTeX Font Info:    Trying to load font information for OMS+ptm on input line 3
4.
 (C:\Users\orfuc\AppData\Local\Programs\MiKTeX\tex/latex/psnfss\omsptm.fd
File: omsptm.fd 
)
LaTeX Font Info:    Font shape `OMS/ptm/m/n' in size <10> not available
(Font)              Font shape `OMS/cmsy/m/n' tried instead on input line 34.
LaTeX Font Info:    Trying to load font information for TS1+ptm on input line 3
4.

(C:\Users\orfuc\AppData\Local\Programs\MiKTeX\tex/latex/psnfss\ts1ptm.fd
File: ts1ptm.fd 2001/06/04 font definitions for TS1/ptm.
)

LaTeX Warning: Citation `LIU2017' on page 1 undefined on input line 80.


LaTeX Warning: Citation `Liu2017a' on page 1 undefined on input line 80.


LaTeX Warning: Citation `Mavridis2015' on page 1 undefined on input line 80.


LaTeX Warning: Citation `Matuszek2014' on page 1 undefined on input line 81.


LaTeX Warning: Citation `Bisk2016' on page 1 undefined on input line 81.


LaTeX Warning: Citation `Scalise2016' on page 1 undefined on input line 81.


LaTeX Warning: Citation `Penkov2017' on page 1 undefined on input line 81.


LaTeX Warning: Citation `Whitney2017' on page 1 undefined on input line 81.


LaTeX Warning: Citation `Lemaignan2017' on page 1 undefined on input line 81.


LaTeX Warning: Citation `Bisk2016' on page 1 undefined on input line 81.


LaTeX Warning: Citation `Bisk2016' on page 1 undefined on input line 81.


LaTeX Warning: Citation `Orkin2011' on page 1 undefined on input line 81.


LaTeX Warning: Citation `Ishiguro2016' on page 1 undefined on input line 81.


LaTeX Warning: Citation `Scalise2016' on page 1 undefined on input line 81.


LaTeX Warning: Citation `Mavridis2015' on page 1 undefined on input line 81.


LaTeX Warning: Citation `Bisk2016' on page 1 undefined on input line 81.


LaTeX Warning: Citation `Orkin2011' on page 1 undefined on input line 81.


LaTeX Warning: Citation `Scalise2016' on page 1 undefined on input line 81.


LaTeX Warning: Citation `Bisk2016' on page 1 undefined on input line 81.


LaTeX Warning: Citation `Bisk2016' on page 1 undefined on input line 81.


LaTeX Warning: Citation `Misra2017' on page 1 undefined on input line 81.

[1{C:/Users/orfuc/AppData/Local/MiKTeX/fonts/map/pdftex/pdftex.map}{C:/Users/or
fuc/AppData/Local/Programs/MiKTeX/fonts/enc/dvips/base/8r.enc}



]

LaTeX Warning: Citation `Ishiguro2016' on page 2 undefined on input line 83.


LaTeX Warning: Citation `Bisk2016' on page 2 undefined on input line 83.


LaTeX Warning: Citation `Scalise2016' on page 2 undefined on input line 83.


LaTeX Warning: Citation `Ishiguro2016' on page 2 undefined on input line 83.

<xx.pdf, id=8, 185.31013pt x 46.20811pt>
File: xx.pdf Graphic file (type pdf)
<use xx.pdf>
Package pdftex.def Info: xx.pdf  used on input line 109.
(pdftex.def)             Requested size: 238.49121pt x 59.47261pt.

Underfull \vbox (badness 6252) has occurred while \output is active []

<HumanasRobot.jpg, id=9, 427.5975pt x 421.575pt>
File: HumanasRobot.jpg Graphic file (type jpg)
<use HumanasRobot.jpg>
Package pdftex.def Info: HumanasRobot.jpg  used on input line 121.
(pdftex.def)             Requested size: 238.49121pt x 235.12834pt.
 [2 <./xx.pdf> <./HumanasRobot.jpg>]
<HumanasRobotSimulation.jpg, id=22, 1156.32pt x 650.43pt>
File: HumanasRobotSimulation.jpg Graphic file (type jpg)
<use HumanasRobotSimulation.jpg>
Package pdftex.def Info: HumanasRobotSimulation.jpg  used on input line 134.
(pdftex.def)             Requested size: 238.49121pt x 134.14291pt.
<TrickyToBuild.jpg, id=23, 1638.12pt x 1228.59pt>
File: TrickyToBuild.jpg Graphic file (type jpg)
<use TrickyToBuild.jpg>
Package pdftex.def Info: TrickyToBuild.jpg  used on input line 153.
(pdftex.def)             Requested size: 238.49121pt x 178.86273pt.
 [3 <./HumanasRobotSimulation.jpg> <./TrickyToBuild.jpg>]

LaTeX Warning: Citation `Steinfeld2006' on page 4 undefined on input line 188.


LaTeX Warning: Citation `Crandall2007' on page 4 undefined on input line 188.


LaTeX Warning: Citation `Weiss2009' on page 4 undefined on input line 188.


LaTeX Warning: Citation `Singer2011' on page 4 undefined on input line 188.


LaTeX Warning: Citation `Olsen2003' on page 4 undefined on input line 188.

[4]
<FilteredGamesV3.jpg, id=35, 426.99525pt x 326.4195pt>
File: FilteredGamesV3.jpg Graphic file (type jpg)
<use FilteredGamesV3.jpg>
Package pdftex.def Info: FilteredGamesV3.jpg  used on input line 270.
(pdftex.def)             Requested size: 238.49121pt x 182.3155pt.
<WordsVsGesturesV3.jpg, id=36, 418.56375pt x 328.22626pt>
File: WordsVsGesturesV3.jpg Graphic file (type jpg)
<use WordsVsGesturesV3.jpg>
Package pdftex.def Info: WordsVsGesturesV3.jpg  used on input line 284.
(pdftex.def)             Requested size: 238.49121pt x 187.01578pt.
<TaskCompletionVsCommunicationV3.jpg, id=37, 424.58624pt x 333.6465pt>
File: TaskCompletionVsCommunicationV3.jpg Graphic file (type jpg)
<use TaskCompletionVsCommunicationV3.jpg>
Package pdftex.def Info: TaskCompletionVsCommunicationV3.jpg  used on input lin
e 302.
(pdftex.def)             Requested size: 238.49121pt x 187.41095pt.
<FavorGesturesV3.jpg, id=38, 413.74574pt x 328.22626pt>
File: FavorGesturesV3.jpg Graphic file (type jpg)
<use FavorGesturesV3.jpg>
Package pdftex.def Info: FavorGesturesV3.jpg  used on input line 318.
(pdftex.def)             Requested size: 238.49121pt x 189.1994pt.
 [5 <./FilteredGamesV3.jpg> <./WordsVsGesturesV3.jpg> <./TaskCompletionVsCommun
icationV3.jpg>]
No file ms_changed.bbl.

Underfull \vbox (badness 1430) has occurred while \output is active []

 [6 <./FavorGesturesV3.jpg>] [7

] (ms_changed.aux)
 ***********
LaTeX2e <2023-06-01> patch level 1
L3 programming layer <2023-08-29>
 ***********
 ) 
Here is how much of TeX's memory you used:
 3126 strings out of 475247
 52733 string characters out of 5757792
 1938801 words of memory out of 5000000
 24604 multiletter control sequences out of 15000+600000
 574122 words of font info for 60 fonts, out of 8000000 for 9000
 1141 hyphenation exceptions out of 8191
 69i,11n,79p,3074b,275s stack positions out of 10000i,1000n,20000p,200000b,200000s
<C:/Users/orfuc/AppData/Local/Programs/MiKTeX/fonts/type1/public/amsfonts/cm/
cmex10.pfb><C:/Users/orfuc/AppData/Local/Programs/MiKTeX/fonts/type1/public/ams
fonts/cm/cmmi10.pfb><C:/Users/orfuc/AppData/Local/Programs/MiKTeX/fonts/type1/p
ublic/amsfonts/cm/cmmi7.pfb><C:/Users/orfuc/AppData/Local/Programs/MiKTeX/fonts
/type1/public/amsfonts/cm/cmr10.pfb><C:/Users/orfuc/AppData/Local/Programs/MiKT
eX/fonts/type1/public/amsfonts/cm/cmr7.pfb><C:/Users/orfuc/AppData/Local/Progra
ms/MiKTeX/fonts/type1/public/amsfonts/cm/cmsy10.pfb><C:/Users/orfuc/AppData/Loc
al/Programs/MiKTeX/fonts/type1/urw/times/utmb8a.pfb><C:/Users/orfuc/AppData/Loc
al/Programs/MiKTeX/fonts/type1/urw/times/utmr8a.pfb><C:/Users/orfuc/AppData/Loc
al/Programs/MiKTeX/fonts/type1/urw/times/utmri8a.pfb>
Output written on ms_changed.pdf (7 pages, 1298014 bytes).
PDF statistics:
 88 PDF objects out of 1000 (max. 8388607)
 0 named destinations out of 1000 (max. 500000)
 41 words of extra memory for PDF output out of 10000 (max. 10000000)

