This is pdfTeX, Version 3.141592653-2.6-1.40.25 (MiKTeX 23.5) (preloaded format=pdflatex 2024.1.12)  3 MAR 2024 15:36
entering extended mode
 restricted \write18 enabled.
 %&-line parsing enabled.
**./nnr_changed.tex
(nnr_changed.tex
LaTeX2e <2023-06-01> patch level 1
L3 programming layer <2023-08-29>
(C:\Users\orfuc\AppData\Local\Programs\MiKTeX\tex/latex/base\article.cls
Document Class: article 2023/05/17 v1.4n Standard LaTeX document class
(C:\Users\orfuc\AppData\Local\Programs\MiKTeX\tex/latex/base\size10.clo
File: size10.clo 2023/05/17 v1.4n Standard LaTeX file (size option)
)
\c@part=\count185
\c@section=\count186
\c@subsection=\count187
\c@subsubsection=\count188
\c@paragraph=\count189
\c@subparagraph=\count190
\c@figure=\count191
\c@table=\count192
\abovecaptionskip=\skip48
\belowcaptionskip=\skip49
\bibindent=\dimen140
)
(aaai17.sty
Conference Style for AAAI for LaTeX 2e -- version of 1 January 2017
\titlebox=\skip50
) (C:\Users\orfuc\AppData\Local\Programs\MiKTeX\tex/latex/psnfss\times.sty
Package: times 2020/03/25 PSNFSS-v9.3 (SPQR) 
)
(C:\Users\orfuc\AppData\Local\Programs\MiKTeX\tex/latex/psnfss\helvet.sty
Package: helvet 2020/03/25 PSNFSS-v9.3 (WaS) 

(C:\Users\orfuc\AppData\Local\Programs\MiKTeX\tex/latex/graphics\keyval.sty
Package: keyval 2022/05/29 v1.15 key=value parser (DPC)
\KV@toks@=\toks17
))
(C:\Users\orfuc\AppData\Local\Programs\MiKTeX\tex/latex/psnfss\courier.sty
Package: courier 2020/03/25 PSNFSS-v9.3 (WaS) 
)
(C:\Users\orfuc\AppData\Local\Programs\MiKTeX\tex/latex/url\url.sty
\Urlmuskip=\muskip16
Package: url 2013/09/16  ver 3.4  Verb mode for urls, etc.
)
(C:\Users\orfuc\AppData\Local\Programs\MiKTeX\tex/latex/amsmath\amsmath.sty
Package: amsmath 2023/05/13 v2.17o AMS math features
\@mathmargin=\skip51

For additional information on amsmath, use the `?' option.
(C:\Users\orfuc\AppData\Local\Programs\MiKTeX\tex/latex/amsmath\amstext.sty
Package: amstext 2021/08/26 v2.01 AMS text

(C:\Users\orfuc\AppData\Local\Programs\MiKTeX\tex/latex/amsmath\amsgen.sty
File: amsgen.sty 1999/11/30 v2.0 generic functions
\@emptytoks=\toks18
\ex@=\dimen141
))
(C:\Users\orfuc\AppData\Local\Programs\MiKTeX\tex/latex/amsmath\amsbsy.sty
Package: amsbsy 1999/11/29 v1.2d Bold Symbols
\pmbraise@=\dimen142
)
(C:\Users\orfuc\AppData\Local\Programs\MiKTeX\tex/latex/amsmath\amsopn.sty
Package: amsopn 2022/04/08 v2.04 operator names
)
\inf@bad=\count193
LaTeX Info: Redefining \frac on input line 234.
\uproot@=\count194
\leftroot@=\count195
LaTeX Info: Redefining \overline on input line 399.
LaTeX Info: Redefining \colon on input line 410.
\classnum@=\count196
\DOTSCASE@=\count197
LaTeX Info: Redefining \ldots on input line 496.
LaTeX Info: Redefining \dots on input line 499.
LaTeX Info: Redefining \cdots on input line 620.
\Mathstrutbox@=\box51
\strutbox@=\box52
LaTeX Info: Redefining \big on input line 722.
LaTeX Info: Redefining \Big on input line 723.
LaTeX Info: Redefining \bigg on input line 724.
LaTeX Info: Redefining \Bigg on input line 725.
\big@size=\dimen143
LaTeX Font Info:    Redeclaring font encoding OML on input line 743.
LaTeX Font Info:    Redeclaring font encoding OMS on input line 744.
\macc@depth=\count198
LaTeX Info: Redefining \bmod on input line 905.
LaTeX Info: Redefining \pmod on input line 910.
LaTeX Info: Redefining \smash on input line 940.
LaTeX Info: Redefining \relbar on input line 970.
LaTeX Info: Redefining \Relbar on input line 971.
\c@MaxMatrixCols=\count199
\dotsspace@=\muskip17
\c@parentequation=\count266
\dspbrk@lvl=\count267
\tag@help=\toks19
\row@=\count268
\column@=\count269
\maxfields@=\count270
\andhelp@=\toks20
\eqnshift@=\dimen144
\alignsep@=\dimen145
\tagshift@=\dimen146
\tagwidth@=\dimen147
\totwidth@=\dimen148
\lineht@=\dimen149
\@envbody=\toks21
\multlinegap=\skip52
\multlinetaggap=\skip53
\mathdisplay@stack=\toks22
LaTeX Info: Redefining \[ on input line 2953.
LaTeX Info: Redefining \] on input line 2954.
)
(C:\Users\orfuc\AppData\Local\Programs\MiKTeX\tex/latex/graphics\graphicx.sty
Package: graphicx 2021/09/16 v1.2d Enhanced LaTeX Graphics (DPC,SPQR)

(C:\Users\orfuc\AppData\Local\Programs\MiKTeX\tex/latex/graphics\graphics.sty
Package: graphics 2022/03/10 v1.4e Standard LaTeX Graphics (DPC,SPQR)

(C:\Users\orfuc\AppData\Local\Programs\MiKTeX\tex/latex/graphics\trig.sty
Package: trig 2021/08/11 v1.11 sin cos tan (DPC)
)
(C:\Users\orfuc\AppData\Local\Programs\MiKTeX\tex/latex/graphics-cfg\graphics.c
fg
File: graphics.cfg 2016/06/04 v1.11 sample graphics configuration
)
Package graphics Info: Driver file: pdftex.def on input line 107.

(C:\Users\orfuc\AppData\Local\Programs\MiKTeX\tex/latex/graphics-def\pdftex.def
File: pdftex.def 2022/09/22 v1.2b Graphics/color driver for pdftex
))
\Gin@req@height=\dimen150
\Gin@req@width=\dimen151
)
(C:\Users\orfuc\AppData\Local\Programs\MiKTeX\tex/latex/caption\subcaption.sty
Package: subcaption 2023/07/28 v1.6b Sub-captions (AR)

(C:\Users\orfuc\AppData\Local\Programs\MiKTeX\tex/latex/caption\caption.sty
Package: caption 2023/07/31 v3.6n Customizing captions (AR)

(C:\Users\orfuc\AppData\Local\Programs\MiKTeX\tex/latex/caption\caption3.sty
Package: caption3 2023/07/31 v2.4d caption3 kernel (AR)
\caption@tempdima=\dimen152
\captionmargin=\dimen153
\caption@leftmargin=\dimen154
\caption@rightmargin=\dimen155
\caption@width=\dimen156
\caption@indent=\dimen157
\caption@parindent=\dimen158
\caption@hangindent=\dimen159
Package caption Info: Standard document class detected.
)
\c@caption@flags=\count271
\c@continuedfloat=\count272
)
Package caption Info: New subtype `subfigure' on input line 238.
\c@subfigure=\count273
Package caption Info: New subtype `subtable' on input line 238.
\c@subtable=\count274
) (C:\Users\orfuc\AppData\Local\Programs\MiKTeX\tex/latex/tools\array.sty
Package: array 2022/09/04 v2.5g Tabular extension package (FMi)
\col@sep=\dimen160
\ar@mcellbox=\box53
\extrarowheight=\dimen161
\NC@list=\toks23
\extratabsurround=\skip54
\backup@length=\skip55
\ar@cellbox=\box54
)
(C:\Users\orfuc\AppData\Local\Programs\MiKTeX\tex/latex/multirow\multirow.sty
Package: multirow 2021/03/15 v2.8 Span multiple rows of a table
\multirow@colwidth=\skip56
\multirow@cntb=\count275
\multirow@dima=\skip57
\bigstrutjot=\dimen162
)
(C:\Users\orfuc\AppData\Local\Programs\MiKTeX\tex/latex/cjk\CJK.sty
Package: CJK 2021/10/16 4.8.5

(C:\Users\orfuc\AppData\Local\Programs\MiKTeX\tex/latex/cjk/mule\MULEenc.sty
Package: MULEenc 2021/10/16 4.8.5
)
(C:\Users\orfuc\AppData\Local\Programs\MiKTeX\tex/latex/cjk\CJK.enc
File: CJK.enc 2021/10/16 4.8.5
Now handling font encoding C00 ...
... no UTF-8 mapping file for font encoding C00
Now handling font encoding C05 ...
... no UTF-8 mapping file for font encoding C05
Now handling font encoding C09 ...
... no UTF-8 mapping file for font encoding C09
Now handling font encoding C10 ...
... no UTF-8 mapping file for font encoding C10
Now handling font encoding C20 ...
... no UTF-8 mapping file for font encoding C20
Now handling font encoding C19 ...
... no UTF-8 mapping file for font encoding C19
Now handling font encoding C40 ...
... no UTF-8 mapping file for font encoding C40
Now handling font encoding C42 ...
... no UTF-8 mapping file for font encoding C42
Now handling font encoding C43 ...
... no UTF-8 mapping file for font encoding C43
Now handling font encoding C50 ...
... no UTF-8 mapping file for font encoding C50
Now handling font encoding C52 ...
... no UTF-8 mapping file for font encoding C52
Now handling font encoding C49 ...
... no UTF-8 mapping file for font encoding C49
Now handling font encoding C60 ...
... no UTF-8 mapping file for font encoding C60
Now handling font encoding C61 ...
... no UTF-8 mapping file for font encoding C61
Now handling font encoding C63 ...
... no UTF-8 mapping file for font encoding C63
Now handling font encoding C64 ...
... no UTF-8 mapping file for font encoding C64
Now handling font encoding C65 ...
... no UTF-8 mapping file for font encoding C65
Now handling font encoding C70 ...
... no UTF-8 mapping file for font encoding C70
Now handling font encoding C31 ...
... no UTF-8 mapping file for font encoding C31
Now handling font encoding C32 ...
... no UTF-8 mapping file for font encoding C32
Now handling font encoding C33 ...
... no UTF-8 mapping file for font encoding C33
Now handling font encoding C34 ...
... no UTF-8 mapping file for font encoding C34
Now handling font encoding C35 ...
... no UTF-8 mapping file for font encoding C35
Now handling font encoding C36 ...
... no UTF-8 mapping file for font encoding C36
Now handling font encoding C37 ...
... no UTF-8 mapping file for font encoding C37
Now handling font encoding C80 ...
... no UTF-8 mapping file for font encoding C80
Now handling font encoding C81 ...
... no UTF-8 mapping file for font encoding C81
Now handling font encoding C01 ...
... no UTF-8 mapping file for font encoding C01
Now handling font encoding C11 ...
... no UTF-8 mapping file for font encoding C11
Now handling font encoding C21 ...
... no UTF-8 mapping file for font encoding C21
Now handling font encoding C41 ...
... no UTF-8 mapping file for font encoding C41
Now handling font encoding C62 ...
... no UTF-8 mapping file for font encoding C62
)
\CJK@indent=\box55
)
LaTeX Font Info:    Trying to load font information for OT1+ptm on input line 2
3.

(C:\Users\orfuc\AppData\Local\Programs\MiKTeX\tex/latex/psnfss\ot1ptm.fd
File: ot1ptm.fd 2001/06/04 font definitions for OT1/ptm.
)
(C:\Users\orfuc\AppData\Local\Programs\MiKTeX\tex/latex/l3backend\l3backend-pdf
tex.def
File: l3backend-pdftex.def 2023-04-19 L3 backend support: PDF output (pdfTeX)
\l__color_backend_stack_int=\count276
\l__pdf_internal_box=\box56
) (nnr_changed.aux)
\openout1 = `nnr_changed.aux'.

LaTeX Font Info:    Checking defaults for OML/cmm/m/it on input line 23.
LaTeX Font Info:    ... okay on input line 23.
LaTeX Font Info:    Checking defaults for OMS/cmsy/m/n on input line 23.
LaTeX Font Info:    ... okay on input line 23.
LaTeX Font Info:    Checking defaults for OT1/cmr/m/n on input line 23.
LaTeX Font Info:    ... okay on input line 23.
LaTeX Font Info:    Checking defaults for T1/cmr/m/n on input line 23.
LaTeX Font Info:    ... okay on input line 23.
LaTeX Font Info:    Checking defaults for TS1/cmr/m/n on input line 23.
LaTeX Font Info:    ... okay on input line 23.
LaTeX Font Info:    Checking defaults for OMX/cmex/m/n on input line 23.
LaTeX Font Info:    ... okay on input line 23.
LaTeX Font Info:    Checking defaults for U/cmr/m/n on input line 23.
LaTeX Font Info:    ... okay on input line 23.
LaTeX Font Info:    Checking defaults for C00/song/m/n on input line 23.
LaTeX Font Info:    ... okay on input line 23.
LaTeX Font Info:    Checking defaults for C05/song/m/n on input line 23.
LaTeX Font Info:    ... okay on input line 23.
LaTeX Font Info:    Checking defaults for C09/song/m/n on input line 23.
LaTeX Font Info:    ... okay on input line 23.
LaTeX Font Info:    Checking defaults for C10/song/m/n on input line 23.
LaTeX Font Info:    ... okay on input line 23.
LaTeX Font Info:    Checking defaults for C20/song/m/n on input line 23.
LaTeX Font Info:    ... okay on input line 23.
LaTeX Font Info:    Checking defaults for C19/song/m/n on input line 23.
LaTeX Font Info:    ... okay on input line 23.
LaTeX Font Info:    Checking defaults for C40/song/m/n on input line 23.
LaTeX Font Info:    ... okay on input line 23.
LaTeX Font Info:    Checking defaults for C42/song/m/n on input line 23.
LaTeX Font Info:    ... okay on input line 23.
LaTeX Font Info:    Checking defaults for C43/song/m/n on input line 23.
LaTeX Font Info:    ... okay on input line 23.
LaTeX Font Info:    Checking defaults for C50/song/m/n on input line 23.
LaTeX Font Info:    ... okay on input line 23.
LaTeX Font Info:    Checking defaults for C52/song/m/n on input line 23.
LaTeX Font Info:    ... okay on input line 23.
LaTeX Font Info:    Checking defaults for C49/song/m/n on input line 23.
LaTeX Font Info:    ... okay on input line 23.
LaTeX Font Info:    Checking defaults for C60/mj/m/n on input line 23.
LaTeX Font Info:    ... okay on input line 23.
LaTeX Font Info:    Checking defaults for C61/mj/m/n on input line 23.
LaTeX Font Info:    ... okay on input line 23.
LaTeX Font Info:    Checking defaults for C63/mj/m/n on input line 23.
LaTeX Font Info:    ... okay on input line 23.
LaTeX Font Info:    Checking defaults for C64/mj/m/n on input line 23.
LaTeX Font Info:    ... okay on input line 23.
LaTeX Font Info:    Checking defaults for C65/mj/m/n on input line 23.
LaTeX Font Info:    ... okay on input line 23.
LaTeX Font Info:    Checking defaults for C70/song/m/n on input line 23.
LaTeX Font Info:    ... okay on input line 23.
LaTeX Font Info:    Checking defaults for C31/song/m/n on input line 23.
LaTeX Font Info:    ... okay on input line 23.
LaTeX Font Info:    Checking defaults for C32/song/m/n on input line 23.
LaTeX Font Info:    ... okay on input line 23.
LaTeX Font Info:    Checking defaults for C33/song/m/n on input line 23.
LaTeX Font Info:    ... okay on input line 23.
LaTeX Font Info:    Checking defaults for C34/song/m/n on input line 23.
LaTeX Font Info:    ... okay on input line 23.
LaTeX Font Info:    Checking defaults for C35/song/m/n on input line 23.
LaTeX Font Info:    ... okay on input line 23.
LaTeX Font Info:    Checking defaults for C36/song/m/n on input line 23.
LaTeX Font Info:    ... okay on input line 23.
LaTeX Font Info:    Checking defaults for C37/song/m/n on input line 23.
LaTeX Font Info:    ... okay on input line 23.
LaTeX Font Info:    Checking defaults for C80/song/m/n on input line 23.
LaTeX Font Info:    ... okay on input line 23.
LaTeX Font Info:    Checking defaults for C81/song/m/n on input line 23.
LaTeX Font Info:    ... okay on input line 23.
LaTeX Font Info:    Checking defaults for C01/song/m/n on input line 23.
LaTeX Font Info:    ... okay on input line 23.
LaTeX Font Info:    Checking defaults for C11/song/m/n on input line 23.
LaTeX Font Info:    ... okay on input line 23.
LaTeX Font Info:    Checking defaults for C21/song/m/n on input line 23.
LaTeX Font Info:    ... okay on input line 23.
LaTeX Font Info:    Checking defaults for C41/song/m/n on input line 23.
LaTeX Font Info:    ... okay on input line 23.
LaTeX Font Info:    Checking defaults for C62/song/m/n on input line 23.
LaTeX Font Info:    ... okay on input line 23.

(C:\Users\orfuc\AppData\Local\Programs\MiKTeX\tex/context/base/mkii\supp-pdf.mk
ii
[Loading MPS to PDF converter (version 2006.09.02).]
\scratchcounter=\count277
\scratchdimen=\dimen163
\scratchbox=\box57
\nofMPsegments=\count278
\nofMParguments=\count279
\everyMPshowfont=\toks24
\MPscratchCnt=\count280
\MPscratchDim=\dimen164
\MPnumerator=\count281
\makeMPintoPDFobject=\count282
\everyMPtoPDFconversion=\toks25
)
(C:\Users\orfuc\AppData\Local\Programs\MiKTeX\tex/latex/epstopdf-pkg\epstopdf-b
ase.sty
Package: epstopdf-base 2020-01-24 v2.11 Base part for package epstopdf
Package epstopdf-base Info: Redefining graphics rule for `.eps' on input line 4
85.

(C:\Users\orfuc\AppData\Local\Programs\MiKTeX\tex/latex/00miktex\epstopdf-sys.c
fg
File: epstopdf-sys.cfg 2021/03/18 v2.0 Configuration of epstopdf for MiKTeX
))
Package caption Info: Begin \AtBeginDocument code.
Package caption Info: End \AtBeginDocument code.
LaTeX Font Info:    Trying to load font information for OMS+ptm on input line 3
3.
 (C:\Users\orfuc\AppData\Local\Programs\MiKTeX\tex/latex/psnfss\omsptm.fd
File: omsptm.fd 
)
LaTeX Font Info:    Font shape `OMS/ptm/m/n' in size <10> not available
(Font)              Font shape `OMS/cmsy/m/n' tried instead on input line 33.
LaTeX Font Info:    Trying to load font information for TS1+ptm on input line 3
3.

(C:\Users\orfuc\AppData\Local\Programs\MiKTeX\tex/latex/psnfss\ts1ptm.fd
File: ts1ptm.fd 2001/06/04 font definitions for TS1/ptm.
)

LaTeX Warning: Citation `koehn_statistical_2003' on page 1 undefined on input l
ine 39.


LaTeX Warning: Citation `tillmann_unigram_2004' on page 1 undefined on input li
ne 39.


LaTeX Warning: Citation `koehn_edinburgh_2005' on page 1 undefined on input lin
e 39.


LaTeX Warning: Citation `galley_simple_2008' on page 1 undefined on input line 
39.


LaTeX Warning: Citation `chang_discriminative_2009' on page 1 undefined on inpu
t line 41.


LaTeX Warning: Citation `hadiwinoto_swap_2016' on page 1 undefined on input lin
e 41.


Underfull \hbox (badness 1077) in paragraph at lines 41--42
[]\OT1/ptm/m/n/10 Incorporating the de-pen-dency parse tree of an in-put
 []


LaTeX Warning: Citation `li_neural_2014' on page 1 undefined on input line 43.


LaTeX Warning: Citation `cui_lstm_2016' on page 1 undefined on input line 43.


LaTeX Warning: Citation `de_gispert_fast_2015' on page 1 undefined on input lin
e 43.


LaTeX Warning: Citation `miceli-barone_non-projective_2015' on page 1 undefined
 on input line 43.

<archi.pdf, id=1, 122.1363pt x 153.2124pt>
File: archi.pdf Graphic file (type pdf)
<use archi.pdf>
Package pdftex.def Info: archi.pdf  used on input line 54.
(pdftex.def)             Requested size: 101.17645pt x 126.92076pt.
<traininst.pdf, id=2, 678.13347pt x 322.0833pt>
File: traininst.pdf Graphic file (type pdf)
<use traininst.pdf>
Package pdftex.def Info: traininst.pdf  used on input line 59.
(pdftex.def)             Requested size: 263.06496pt x 124.94359pt.

Overfull \hbox (2.78293pt too wide) in paragraph at lines 83--94
 [][] 
 []

! Argument of \caption@@@withoptargs has an extra }.
<inserted text> 
                \par 
l.97 ...e swapped or kept in order, respectively.}
                                                  
I've run across a `}' that doesn't seem to match anything.
For example, `\def\a#1{...}' and `\a}' would produce
this error. If you simply proceed now, the `\par' that
I've just inserted will cause me to report a runaway
argument that might be the root of the problem. But if
your `}' was spurious, just type `2' and it will go away.

Runaway argument?
{\caption@@xlabel }{\def \reserved@a *{\def \caption@tempa {*}\caption@@withopt
args \ETC.
! Paragraph ended before \caption@@@withoptargs was complete.
<to be read again> 
                   \par 
l.97 ...e swapped or kept in order, respectively.}
                                                  
I suspect you've forgotten a `}', causing me to apply this
control sequence to too much text. How can we recover?
My plan is to forget the whole thing and hope for the best.

[1{C:/Users/orfuc/AppData/Local/MiKTeX/fonts/map/pdftex/pdftex.map}{C:/Users/or
fuc/AppData/Local/Programs/MiKTeX/fonts/enc/dvips/base/8r.enc}



]

LaTeX Warning: Citation `bansal_tailoring_2014' on page 2 undefined on input li
ne 130.


LaTeX Warning: Citation `mikolov_efficient_2013' on page 2 undefined on input l
ine 130.


LaTeX Warning: Citation `bansal_tailoring_2014' on page 2 undefined on input li
ne 136.

[2 <./archi.pdf> <./traininst.pdf>]

LaTeX Warning: Citation `srivastava_dropout:_2014' on page 3 undefined on input
 line 146.


LaTeX Warning: Citation `koehn_pharaoh:_2004' on page 3 undefined on input line
 150.


LaTeX Warning: Citation `och_discriminative_2002' on page 3 undefined on input 
line 150.


LaTeX Warning: Citation `koehn_statistical_2003' on page 3 undefined on input l
ine 152.


LaTeX Warning: Citation `tillmann_unigram_2004' on page 3 undefined on input li
ne 152.


LaTeX Warning: Citation `koehn_edinburgh_2005' on page 3 undefined on input lin
e 152.


LaTeX Warning: Citation `galley_simple_2008' on page 3 undefined on input line 
152.


Underfull \hbox (badness 5316) in paragraph at lines 152--153
[]\OT1/ptm/m/n/10 A phrase-based SMT sys-tem typ-i-cally in-cludes a
 []


LaTeX Warning: Citation `cherry_cohesive_2008' on page 3 undefined on input lin
e 156.


LaTeX Warning: Citation `hadiwinoto_swap_2016' on page 3 undefined on input lin
e 158.


LaTeX Warning: Citation `hadiwinoto_swap_2016' on page 3 undefined on input lin
e 160.


LaTeX Warning: Citation `koehn_moses:_2007' on page 3 undefined on input line 1
90.


Underfull \hbox (badness 10000) in paragraph at lines 190--190
\OT1/ptm/m/n/9 LDC2009T02, LDC2009T06, LDC2009T15, LDC2010T03,
 []


Underfull \hbox (badness 10000) in paragraph at lines 190--190
\OT1/ptm/m/n/9 LDC2013T11, LDC2013T16, LDC2014T04, LDC2014T11,
 []

[3]

LaTeX Warning: Citation `low_maximum_2005' on page 4 undefined on input line 19
2.


LaTeX Warning: Citation `och_systematic_2003' on page 4 undefined on input line
 192.


LaTeX Warning: Citation `brown_mathematics_1993' on page 4 undefined on input l
ine 192.


LaTeX Warning: Citation `hopkins_tuning_2011' on page 4 undefined on input line
 198.


LaTeX Warning: Citation `bohnet_transition-based_2012' on page 4 undefined on i
nput line 200.


LaTeX Warning: Citation `kumar_minimum_2004' on page 4 undefined on input line 
208.


LaTeX Warning: Citation `koehn_statistical_2003' on page 4 undefined on input l
ine 238.


LaTeX Warning: Citation `tillmann_unigram_2004' on page 4 undefined on input li
ne 238.


LaTeX Warning: Citation `koehn_edinburgh_2005' on page 4 undefined on input lin
e 238.


LaTeX Warning: Citation `galley_simple_2008' on page 4 undefined on input line 
238.


LaTeX Warning: Citation `cherry_cohesive_2008' on page 4 undefined on input lin
e 238.


LaTeX Warning: Citation `hadiwinoto_swap_2016' on page 4 undefined on input lin
e 238.

! Argument of \caption@@@withoptargs has an extra }.
<inserted text> 
                \par 
l.238 ...er\ddagger$: significant at $p < 0.01$).}
                                                  
I've run across a `}' that doesn't seem to match anything.
For example, `\def\a#1{...}' and `\a}' would produce
this error. If you simply proceed now, the `\par' that
I've just inserted will cause me to report a runaway
argument that might be the root of the problem. But if
your `}' was spurious, just type `2' and it will go away.

Runaway argument?
{\caption@@xlabel }{\def \reserved@a *{\def \caption@tempa {*}\caption@@withopt
args \ETC.
! Paragraph ended before \caption@@@withoptargs was complete.
<to be read again> 
                   \par 
l.238 ...er\ddagger$: significant at $p < 0.01$).}
                                                  
I suspect you've forgotten a `}', causing me to apply this
control sequence to too much text. How can we recover?
My plan is to forget the whole thing and hope for the best.


LaTeX Warning: Citation `koehn_statistical_2003' on page 4 undefined on input l
ine 238.


LaTeX Warning: Citation `tillmann_unigram_2004' on page 4 undefined on input li
ne 238.


LaTeX Warning: Citation `koehn_edinburgh_2005' on page 4 undefined on input lin
e 238.


LaTeX Warning: Citation `galley_simple_2008' on page 4 undefined on input line 
238.


LaTeX Warning: Citation `cherry_cohesive_2008' on page 4 undefined on input lin
e 238.


LaTeX Warning: Citation `hadiwinoto_swap_2016' on page 4 undefined on input lin
e 238.


LaTeX Warning: Citation `papineni_bleu:_2002' on page 4 undefined on input line
 243.

LaTeX Font Info:    Trying to load font information for OT1+pcr on input line 2
43.
(C:\Users\orfuc\AppData\Local\Programs\MiKTeX\tex/latex/psnfss\ot1pcr.fd
File: ot1pcr.fd 2001/06/04 font definitions for OT1/pcr.
)
Underfull \hbox (badness 10000) in paragraph at lines 243--243
[][]$\OT1/pcr/m/n/9 ftp : / / jaguar . ncsl . nist . gov / mt / resources /
 []


LaTeX Warning: Citation `koehn_statistical_2004' on page 4 undefined on input l
ine 243.


LaTeX Warning: Citation `bansal_tailoring_2014' on page 4 undefined on input li
ne 245.


Underfull \hbox (badness 1478) in paragraph at lines 245--246
[]\OT1/ptm/m/n/10 Table 1[] shows the ex-per-i-men-tal re-sults. The dis-tor-
 []


LaTeX Warning: Citation `bansal_tailoring_2014' on page 4 undefined on input li
ne 247.


LaTeX Warning: Citation `mikolov_efficient_2013' on page 4 undefined on input l
ine 247.

[4]

LaTeX Warning: Citation `hadiwinoto_swap_2016' on page 5 undefined on input lin
e 253.


Underfull \hbox (badness 1087) in paragraph at lines 255--256
[]\OT1/ptm/m/n/10 Using neu-ral clas-si-fiers with dependency-based word
 []


Underfull \hbox (badness 1087) in paragraph at lines 255--256
\OT1/ptm/m/n/10 em-bed-ding ini-tial-iza-tion yields sig-nif-i-cant im-prove-me
nt,
 []

(C:\Users\orfuc\AppData\Local\Programs\MiKTeX\tex/latex/cjk/UTF8\UTF8.bdg
File: UTF8.bdg 2021/10/16 4.8.5
)
(C:\Users\orfuc\AppData\Local\Programs\MiKTeX\tex/latex/cjk/UTF8\UTF8.enc
File: UTF8.enc 2021/10/16 4.8.5
)
(C:\Users\orfuc\AppData\Local\Programs\MiKTeX\tex/latex/cjk/UTF8\UTF8.chr
File: UTF8.chr 2021/10/16 4.8.5
)
Overfull \hbox (12.79999pt too wide) in paragraph at lines 261--281
[][] 
 []

<comparison1parse.pdf, id=56, 664.40218pt x 222.5916pt>
File: comparison1parse.pdf Graphic file (type pdf)
<use comparison1parse.pdf>
Package pdftex.def Info: comparison1parse.pdf  used on input line 287.
(pdftex.def)             Requested size: 303.53708pt x 101.6937pt.
! Argument of \caption@@@withoptargs has an extra }.
<inserted text> 
                \par 
l.289 ... Right}: a source dependency parse tree.}
                                                  
I've run across a `}' that doesn't seem to match anything.
For example, `\def\a#1{...}' and `\a}' would produce
this error. If you simply proceed now, the `\par' that
I've just inserted will cause me to report a runaway
argument that might be the root of the problem. But if
your `}' was spurious, just type `2' and it will go away.

Runaway argument?
{\caption@@xlabel }{\def \reserved@a *{\def \caption@tempa {*}\caption@@withopt
args \ETC.
! Paragraph ended before \caption@@@withoptargs was complete.
<to be read again> 
                   \par 
l.289 ... Right}: a source dependency parse tree.}
                                                  
I suspect you've forgotten a `}', causing me to apply this
control sequence to too much text. How can we recover?
My plan is to forget the whole thing and hope for the best.


Underfull \hbox (badness 1968) in paragraph at lines 293--294
\OT1/ptm/m/n/10 tem with con-ven-tional phrase-based re-order-ing mod-els
 []


Underfull \hbox (badness 4846) in paragraph at lines 295--296
\OT1/ptm/m/n/10 ven-tional phrase-based re-order-ing mod-els, the sparse
 []


Underfull \hbox (badness 6316) in paragraph at lines 295--296
\OT1/ptm/m/n/10 dependency-based fea-tures are un-able to out-per-form
 []


LaTeX Warning: Citation `chiang_hierarchical_2007' on page 5 undefined on input
 line 297.


LaTeX Warning: Citation `liu_tree--string_2006' on page 5 undefined on input li
ne 297.


LaTeX Warning: Citation `marcu_spmt:_2006' on page 5 undefined on input line 29
7.


LaTeX Warning: Citation `zhai_simple_2011' on page 5 undefined on input line 29
7.


LaTeX Warning: Citation `wang_memory-enhanced_2016' on page 5 undefined on inpu
t line 299.


LaTeX Warning: Citation `zhang_variational_2016' on page 5 undefined on input l
ine 299.


LaTeX Warning: Citation `junczys-dowmunt_is_2016' on page 5 undefined on input 
line 299.


LaTeX Warning: Citation `chang_discriminative_2009' on page 5 undefined on inpu
t line 303.


LaTeX Warning: Citation `chang_discriminative_2009' on page 5 undefined on inpu
t line 303.


LaTeX Warning: Citation `hadiwinoto_swap_2016' on page 5 undefined on input lin
e 303.


LaTeX Warning: Citation `hadiwinoto_swap_2016' on page 5 undefined on input lin
e 303.

[5]

LaTeX Warning: Citation `li_neural_2014' on page 6 undefined on input line 305.



LaTeX Warning: Citation `li_neural_2014' on page 6 undefined on input line 305.



LaTeX Warning: Citation `cui_lstm_2016' on page 6 undefined on input line 305.


LaTeX Warning: Citation `cui_lstm_2016' on page 6 undefined on input line 305.


LaTeX Warning: Citation `lerner_source-side_2013' on page 6 undefined on input 
line 307.


LaTeX Warning: Citation `jehl_source-side_2014' on page 6 undefined on input li
ne 307.


LaTeX Warning: Citation `de_gispert_fast_2015' on page 6 undefined on input lin
e 307.


LaTeX Warning: Citation `miceli-barone_non-projective_2015' on page 6 undefined
 on input line 307.


LaTeX Warning: Citation `miceli-barone_non-projective_2015' on page 6 undefined
 on input line 307.


LaTeX Warning: Citation `vaswani_decoding_2013' on page 6 undefined on input li
ne 309.


LaTeX Warning: Citation `devlin_fast_2014' on page 6 undefined on input line 30
9.


LaTeX Warning: Citation `mikolov_efficient_2013' on page 6 undefined on input l
ine 311.


LaTeX Warning: Citation `chen_fast_2014' on page 6 undefined on input line 311.



LaTeX Warning: Citation `andor_globally_2016' on page 6 undefined on input line
 311.

[6 <./comparison1parse.pdf>] [7

]
No file nnr_changed.bbl.
(nnr_changed.aux)
 ***********
LaTeX2e <2023-06-01> patch level 1
L3 programming layer <2023-08-29>
 ***********
 ) 
Here is how much of TeX's memory you used:
 5051 strings out of 475247
 81001 string characters out of 5757792
 1948801 words of memory out of 5000000
 26511 multiletter control sequences out of 15000+600000
 583299 words of font info for 81 fonts, out of 8000000 for 9000
 1141 hyphenation exceptions out of 8191
 67i,12n,77p,1674b,563s stack positions out of 10000i,1000n,20000p,200000b,200000s
<C:/Users/orfuc/AppData/Local/Programs/MiKTeX/fonts/type1/public/amsfonts/cm/
cmbx10.pfb><C:/Users/orfuc/AppData/Local/Programs/MiKTeX/fonts/type1/public/ams
fonts/cm/cmex10.pfb><C:/Users/orfuc/AppData/Local/Programs/MiKTeX/fonts/type1/p
ublic/amsfonts/cm/cmmi10.pfb><C:/Users/orfuc/AppData/Local/Programs/MiKTeX/font
s/type1/public/amsfonts/cm/cmmi6.pfb><C:/Users/orfuc/AppData/Local/Programs/MiK
TeX/fonts/type1/public/amsfonts/cm/cmmi7.pfb><C:/Users/orfuc/AppData/Local/Prog
rams/MiKTeX/fonts/type1/public/amsfonts/cm/cmmi9.pfb><C:/Users/orfuc/AppData/Lo
cal/Programs/MiKTeX/fonts/type1/public/amsfonts/cm/cmr10.pfb><C:/Users/orfuc/Ap
pData/Local/Programs/MiKTeX/fonts/type1/public/amsfonts/cm/cmr7.pfb><C:/Users/o
rfuc/AppData/Local/Programs/MiKTeX/fonts/type1/public/amsfonts/cm/cmr9.pfb><C:/
Users/orfuc/AppData/Local/Programs/MiKTeX/fonts/type1/public/amsfonts/cm/cmsy10
.pfb><C:/Users/orfuc/AppData/Local/Programs/MiKTeX/fonts/type1/public/amsfonts/
cm/cmsy6.pfb><C:/Users/orfuc/AppData/Local/Programs/MiKTeX/fonts/type1/public/a
msfonts/cm/cmsy7.pfb><C:/Users/orfuc/AppData/Local/Programs/MiKTeX/fonts/type1/
public/amsfonts/cm/cmsy9.pfb><C:/Users/orfuc/AppData/Local/Programs/MiKTeX/font
s/type1/urw/courier/ucrr8a.pfb><C:/Users/orfuc/AppData/Local/Programs/MiKTeX/fo
nts/type1/urw/times/utmb8a.pfb><C:/Users/orfuc/AppData/Local/Programs/MiKTeX/fo
nts/type1/urw/times/utmbi8a.pfb><C:/Users/orfuc/AppData/Local/Programs/MiKTeX/f
onts/type1/urw/times/utmr8a.pfb><C:/Users/orfuc/AppData/Local/Programs/MiKTeX/f
onts/type1/urw/times/utmri8a.pfb>
Output written on nnr_changed.pdf (7 pages, 3605757 bytes).
PDF statistics:
 156 PDF objects out of 1000 (max. 8388607)
 0 named destinations out of 1000 (max. 500000)
 16 words of extra memory for PDF output out of 10000 (max. 10000000)

