This is pdfTeX, Version 3.141592653-2.6-1.40.25 (MiKTeX 23.5) (preloaded format=pdflatex 2024.1.12)  3 MAR 2024 16:08
entering extended mode
 restricted \write18 enabled.
 %&-line parsing enabled.
**./Formatting-Instructions-LaTeX-2024_changed.tex
(Formatting-Instructions-LaTeX-2024_changed.tex
LaTeX2e <2023-06-01> patch level 1
L3 programming layer <2023-08-29>
(C:\Users\orfuc\AppData\Local\Programs\MiKTeX\tex/latex/base\article.cls
Document Class: article 2023/05/17 v1.4n Standard LaTeX document class
(C:\Users\orfuc\AppData\Local\Programs\MiKTeX\tex/latex/base\size10.clo
File: size10.clo 2023/05/17 v1.4n Standard LaTeX file (size option)
)
\c@part=\count185
\c@section=\count186
\c@subsection=\count187
\c@subsubsection=\count188
\c@paragraph=\count189
\c@subparagraph=\count190
\c@figure=\count191
\c@table=\count192
\abovecaptionskip=\skip48
\belowcaptionskip=\skip49
\bibindent=\dimen140
)
(aaai24.sty
Package: aaai24 2023/06/26 AAAI 2024 Submission format

Conference Style for AAAI for LaTeX 2e -- version for submission
\titlebox=\skip50
) (C:\Users\orfuc\AppData\Local\Programs\MiKTeX\tex/latex/psnfss\times.sty
Package: times 2020/03/25 PSNFSS-v9.3 (SPQR) 
)
(C:\Users\orfuc\AppData\Local\Programs\MiKTeX\tex/latex/psnfss\helvet.sty
Package: helvet 2020/03/25 PSNFSS-v9.3 (WaS) 

(C:\Users\orfuc\AppData\Local\Programs\MiKTeX\tex/latex/graphics\keyval.sty
Package: keyval 2022/05/29 v1.15 key=value parser (DPC)
\KV@toks@=\toks17
))
(C:\Users\orfuc\AppData\Local\Programs\MiKTeX\tex/latex/psnfss\courier.sty
Package: courier 2020/03/25 PSNFSS-v9.3 (WaS) 
)
(C:\Users\orfuc\AppData\Local\Programs\MiKTeX\tex/latex/url\url.sty
\Urlmuskip=\muskip16
Package: url 2013/09/16  ver 3.4  Verb mode for urls, etc.
)
(C:\Users\orfuc\AppData\Local\Programs\MiKTeX\tex/latex/graphics\graphicx.sty
Package: graphicx 2021/09/16 v1.2d Enhanced LaTeX Graphics (DPC,SPQR)

(C:\Users\orfuc\AppData\Local\Programs\MiKTeX\tex/latex/graphics\graphics.sty
Package: graphics 2022/03/10 v1.4e Standard LaTeX Graphics (DPC,SPQR)

(C:\Users\orfuc\AppData\Local\Programs\MiKTeX\tex/latex/graphics\trig.sty
Package: trig 2021/08/11 v1.11 sin cos tan (DPC)
)
(C:\Users\orfuc\AppData\Local\Programs\MiKTeX\tex/latex/graphics-cfg\graphics.c
fg
File: graphics.cfg 2016/06/04 v1.11 sample graphics configuration
)
Package graphics Info: Driver file: pdftex.def on input line 107.

(C:\Users\orfuc\AppData\Local\Programs\MiKTeX\tex/latex/graphics-def\pdftex.def
File: pdftex.def 2022/09/22 v1.2b Graphics/color driver for pdftex
))
\Gin@req@height=\dimen141
\Gin@req@width=\dimen142
) (C:\Users\orfuc\AppData\Local\Programs\MiKTeX\tex/latex/natbib\natbib.sty
Package: natbib 2010/09/13 8.31b (PWD, AO)
\bibhang=\skip51
\bibsep=\skip52
LaTeX Info: Redefining \cite on input line 694.
\c@NAT@ctr=\count193
)
(C:\Users\orfuc\AppData\Local\Programs\MiKTeX\tex/latex/caption\caption.sty
Package: caption 2023/07/31 v3.6n Customizing captions (AR)

(C:\Users\orfuc\AppData\Local\Programs\MiKTeX\tex/latex/caption\caption3.sty
Package: caption3 2023/07/31 v2.4d caption3 kernel (AR)
\caption@tempdima=\dimen143
\captionmargin=\dimen144
\caption@leftmargin=\dimen145
\caption@rightmargin=\dimen146
\caption@width=\dimen147
\caption@indent=\dimen148
\caption@parindent=\dimen149
\caption@hangindent=\dimen150
Package caption Info: Standard document class detected.
)
\c@caption@flags=\count194
\c@continuedfloat=\count195
)
(C:\Users\orfuc\AppData\Local\Programs\MiKTeX\tex/latex/algorithms\algorithm.st
y
Package: algorithm 2009/08/24 v0.1 Document Style `algorithm' - floating enviro
nment
 (C:\Users\orfuc\AppData\Local\Programs\MiKTeX\tex/latex/float\float.sty
Package: float 2001/11/08 v1.3d Float enhancements (AL)
\c@float@type=\count196
\float@exts=\toks18
\float@box=\box51
\@float@everytoks=\toks19
\@floatcapt=\box52
)
(C:\Users\orfuc\AppData\Local\Programs\MiKTeX\tex/latex/base\ifthen.sty
Package: ifthen 2022/04/13 v1.1d Standard LaTeX ifthen package (DPC)
)
\@float@every@algorithm=\toks20
\c@algorithm=\count197
)
(C:\Users\orfuc\AppData\Local\Programs\MiKTeX\tex/latex/algorithms\algorithmic.
sty
Package: algorithmic 2009/08/24 v0.1 Document Style `algorithmic'
\c@ALC@unique=\count198
\c@ALC@line=\count199
\c@ALC@rem=\count266
\c@ALC@depth=\count267
\ALC@tlm=\skip53
\algorithmicindent=\skip54
)
(C:\Users\orfuc\AppData\Local\Programs\MiKTeX\tex/latex/multirow\multirow.sty
Package: multirow 2021/03/15 v2.8 Span multiple rows of a table
\multirow@colwidth=\skip55
\multirow@cntb=\count268
\multirow@dima=\skip56
\bigstrutjot=\dimen151
)
(C:\Users\orfuc\AppData\Local\Programs\MiKTeX\tex/latex/amsfonts\amsfonts.sty
Package: amsfonts 2013/01/14 v3.01 Basic AMSFonts support
\@emptytoks=\toks21
\symAMSa=\mathgroup4
\symAMSb=\mathgroup5
LaTeX Font Info:    Redeclaring math symbol \hbar on input line 98.
LaTeX Font Info:    Overwriting math alphabet `\mathfrak' in version `bold'
(Font)                  U/euf/m/n --> U/euf/b/n on input line 106.
)
(C:\Users\orfuc\AppData\Local\Programs\MiKTeX\tex/latex/amsfonts\amssymb.sty
Package: amssymb 2013/01/14 v3.01 AMS font symbols
)
(C:\Users\orfuc\AppData\Local\Programs\MiKTeX\tex/latex/amsmath\amsmath.sty
Package: amsmath 2023/05/13 v2.17o AMS math features
\@mathmargin=\skip57

For additional information on amsmath, use the `?' option.
(C:\Users\orfuc\AppData\Local\Programs\MiKTeX\tex/latex/amsmath\amstext.sty
Package: amstext 2021/08/26 v2.01 AMS text

(C:\Users\orfuc\AppData\Local\Programs\MiKTeX\tex/latex/amsmath\amsgen.sty
File: amsgen.sty 1999/11/30 v2.0 generic functions
\@emptytoks=\toks22
\ex@=\dimen152
))
(C:\Users\orfuc\AppData\Local\Programs\MiKTeX\tex/latex/amsmath\amsbsy.sty
Package: amsbsy 1999/11/29 v1.2d Bold Symbols
\pmbraise@=\dimen153
)
(C:\Users\orfuc\AppData\Local\Programs\MiKTeX\tex/latex/amsmath\amsopn.sty
Package: amsopn 2022/04/08 v2.04 operator names
)
\inf@bad=\count269
LaTeX Info: Redefining \frac on input line 234.
\uproot@=\count270
\leftroot@=\count271
LaTeX Info: Redefining \overline on input line 399.
LaTeX Info: Redefining \colon on input line 410.
\classnum@=\count272
\DOTSCASE@=\count273
LaTeX Info: Redefining \ldots on input line 496.
LaTeX Info: Redefining \dots on input line 499.
LaTeX Info: Redefining \cdots on input line 620.
\Mathstrutbox@=\box53
\strutbox@=\box54
LaTeX Info: Redefining \big on input line 722.
LaTeX Info: Redefining \Big on input line 723.
LaTeX Info: Redefining \bigg on input line 724.
LaTeX Info: Redefining \Bigg on input line 725.
\big@size=\dimen154
LaTeX Font Info:    Redeclaring font encoding OML on input line 743.
LaTeX Font Info:    Redeclaring font encoding OMS on input line 744.
\macc@depth=\count274
LaTeX Info: Redefining \bmod on input line 905.
LaTeX Info: Redefining \pmod on input line 910.
LaTeX Info: Redefining \smash on input line 940.
LaTeX Info: Redefining \relbar on input line 970.
LaTeX Info: Redefining \Relbar on input line 971.
\c@MaxMatrixCols=\count275
\dotsspace@=\muskip17
\c@parentequation=\count276
\dspbrk@lvl=\count277
\tag@help=\toks23
\row@=\count278
\column@=\count279
\maxfields@=\count280
\andhelp@=\toks24
\eqnshift@=\dimen155
\alignsep@=\dimen156
\tagshift@=\dimen157
\tagwidth@=\dimen158
\totwidth@=\dimen159
\lineht@=\dimen160
\@envbody=\toks25
\multlinegap=\skip58
\multlinetaggap=\skip59
\mathdisplay@stack=\toks26
LaTeX Info: Redefining \[ on input line 2953.
LaTeX Info: Redefining \] on input line 2954.
)
(C:\Users\orfuc\AppData\Local\Programs\MiKTeX\tex/latex/amscls\amsthm.sty
Package: amsthm 2020/05/29 v2.20.6
\thm@style=\toks27
\thm@bodyfont=\toks28
\thm@headfont=\toks29
\thm@notefont=\toks30
\thm@headpunct=\toks31
\thm@preskip=\skip60
\thm@postskip=\skip61
\thm@headsep=\skip62
\dth@everypar=\toks32
)
(C:\Users\orfuc\AppData\Local\Programs\MiKTeX\tex/latex/stmaryrd\stmaryrd.sty
Package: stmaryrd 1994/03/03 St Mary's Road symbol package
\symstmry=\mathgroup6
LaTeX Font Info:    Overwriting symbol font `stmry' in version `bold'
(Font)                  U/stmry/m/n --> U/stmry/b/n on input line 89.
)
(C:\Users\orfuc\AppData\Local\Programs\MiKTeX\tex/latex/graphics\color.sty
Package: color 2022/01/06 v1.3d Standard LaTeX Color (DPC)

(C:\Users\orfuc\AppData\Local\Programs\MiKTeX\tex/latex/graphics-cfg\color.cfg
File: color.cfg 2016/01/02 v1.6 sample color configuration
)
Package color Info: Driver file: pdftex.def on input line 149.
(C:\Users\orfuc\AppData\Local\Programs\MiKTeX\tex/latex/graphics\mathcolor.ltx)
) (C:\Users\orfuc\AppData\Local\Programs\MiKTeX\tex/latex/booktabs\booktabs.sty
Package: booktabs 2020/01/12 v1.61803398 Publication quality tables
\heavyrulewidth=\dimen161
\lightrulewidth=\dimen162
\cmidrulewidth=\dimen163
\belowrulesep=\dimen164
\belowbottomsep=\dimen165
\aboverulesep=\dimen166
\abovetopsep=\dimen167
\cmidrulesep=\dimen168
\cmidrulekern=\dimen169
\defaultaddspace=\dimen170
\@cmidla=\count281
\@cmidlb=\count282
\@aboverulesep=\dimen171
\@belowrulesep=\dimen172
\@thisruleclass=\count283
\@lastruleclass=\count284
\@thisrulewidth=\dimen173
) (C:\Users\orfuc\AppData\Local\Programs\MiKTeX\tex/latex/newfloat\newfloat.sty
Package: newfloat 2019/09/02 v1.1l Defining new floating environments (AR)
) (C:\Users\orfuc\AppData\Local\Programs\MiKTeX\tex/latex/listings\listings.sty
\lst@mode=\count285
\lst@gtempboxa=\box55
\lst@token=\toks33
\lst@length=\count286
\lst@currlwidth=\dimen174
\lst@column=\count287
\lst@pos=\count288
\lst@lostspace=\dimen175
\lst@width=\dimen176
\lst@newlines=\count289
\lst@lineno=\count290
\lst@maxwidth=\dimen177
(C:\Users\orfuc\AppData\Local\Programs\MiKTeX\tex/latex/listings\lstmisc.sty
File: lstmisc.sty 2023/02/27 1.9 (Carsten Heinz)
\c@lstnumber=\count291
\lst@skipnumbers=\count292
\lst@framebox=\box56
)
(C:\Users\orfuc\AppData\Local\Programs\MiKTeX\tex/latex/listings\listings.cfg
File: listings.cfg 2023/02/27 1.9 listings configuration
))
Package: listings 2023/02/27 1.9 (Carsten Heinz)
\@float@every@listing=\toks34
\c@listing=\count293
(C:\Users\orfuc\AppData\Local\Programs\MiKTeX\tex/latex/natbib\bibentry.sty
Package: bibentry 2007/10/30 1.5 (PWD)
)
LaTeX Font Info:    Trying to load font information for OT1+ptm on input line 1
73.

(C:\Users\orfuc\AppData\Local\Programs\MiKTeX\tex/latex/psnfss\ot1ptm.fd
File: ot1ptm.fd 2001/06/04 font definitions for OT1/ptm.
)
(C:\Users\orfuc\AppData\Local\Programs\MiKTeX\tex/latex/l3backend\l3backend-pdf
tex.def
File: l3backend-pdftex.def 2023-04-19 L3 backend support: PDF output (pdfTeX)
\l__color_backend_stack_int=\count294
\l__pdf_internal_box=\box57
) (Formatting-Instructions-LaTeX-2024_changed.aux)
\openout1 = `Formatting-Instructions-LaTeX-2024_changed.aux'.

LaTeX Font Info:    Checking defaults for OML/cmm/m/it on input line 173.
LaTeX Font Info:    ... okay on input line 173.
LaTeX Font Info:    Checking defaults for OMS/cmsy/m/n on input line 173.
LaTeX Font Info:    ... okay on input line 173.
LaTeX Font Info:    Checking defaults for OT1/cmr/m/n on input line 173.
LaTeX Font Info:    ... okay on input line 173.
LaTeX Font Info:    Checking defaults for T1/cmr/m/n on input line 173.
LaTeX Font Info:    ... okay on input line 173.
LaTeX Font Info:    Checking defaults for TS1/cmr/m/n on input line 173.
LaTeX Font Info:    ... okay on input line 173.
LaTeX Font Info:    Checking defaults for OMX/cmex/m/n on input line 173.
LaTeX Font Info:    ... okay on input line 173.
LaTeX Font Info:    Checking defaults for U/cmr/m/n on input line 173.
LaTeX Font Info:    ... okay on input line 173.

(C:\Users\orfuc\AppData\Local\Programs\MiKTeX\tex/context/base/mkii\supp-pdf.mk
ii
[Loading MPS to PDF converter (version 2006.09.02).]
\scratchcounter=\count295
\scratchdimen=\dimen178
\scratchbox=\box58
\nofMPsegments=\count296
\nofMParguments=\count297
\everyMPshowfont=\toks35
\MPscratchCnt=\count298
\MPscratchDim=\dimen179
\MPnumerator=\count299
\makeMPintoPDFobject=\count300
\everyMPtoPDFconversion=\toks36
)
(C:\Users\orfuc\AppData\Local\Programs\MiKTeX\tex/latex/epstopdf-pkg\epstopdf-b
ase.sty
Package: epstopdf-base 2020-01-24 v2.11 Base part for package epstopdf
Package epstopdf-base Info: Redefining graphics rule for `.eps' on input line 4
85.

(C:\Users\orfuc\AppData\Local\Programs\MiKTeX\tex/latex/00miktex\epstopdf-sys.c
fg
File: epstopdf-sys.cfg 2021/03/18 v2.0 Configuration of epstopdf for MiKTeX
))
Package caption Info: Begin \AtBeginDocument code.
Package caption Info: float package is loaded.
Package caption Info: listings package is loaded.
Package caption Info: End \AtBeginDocument code.
Package newfloat Info: `float' package detected.
\c@lstlisting=\count301
\c@eqfn=\count302
\titlearea=\box59
LaTeX Font Info:    Trying to load font information for U+msa on input line 175
.
 (C:\Users\orfuc\AppData\Local\Programs\MiKTeX\tex/latex/amsfonts\umsa.fd
File: umsa.fd 2013/01/14 v3.01 AMS symbols A
)
LaTeX Font Info:    Trying to load font information for U+msb on input line 175
.

(C:\Users\orfuc\AppData\Local\Programs\MiKTeX\tex/latex/amsfonts\umsb.fd
File: umsb.fd 2013/01/14 v3.01 AMS symbols B
)
LaTeX Font Info:    Trying to load font information for U+stmry on input line 1
75.

(C:\Users\orfuc\AppData\Local\Programs\MiKTeX\tex/latex/stmaryrd\ustmry.fd)
LaTeX Font Info:    Trying to load font information for OMS+ptm on input line 1
75.

(C:\Users\orfuc\AppData\Local\Programs\MiKTeX\tex/latex/psnfss\omsptm.fd
File: omsptm.fd 
)
LaTeX Font Info:    Font shape `OMS/ptm/m/n' in size <10> not available
(Font)              Font shape `OMS/cmsy/m/n' tried instead on input line 175.
\actualheight=\skip63
LaTeX Font Info:    Trying to load font information for TS1+ptm on input line 1
75.

(C:\Users\orfuc\AppData\Local\Programs\MiKTeX\tex/latex/psnfss\ts1ptm.fd
File: ts1ptm.fd 2001/06/04 font definitions for TS1/ptm.
)

Package natbib Warning: Citation `DBLP:conf/acl/MiwaB16' on page 1 undefined on
 input line 183.


Package natbib Warning: Citation `DBLP:conf/emnlp/Zhang0M18' on page 1 undefine
d on input line 183.


Package natbib Warning: Citation `DBLP:conf/acl/YaoYLHLLLHZS19' on page 1 undef
ined on input line 183.


Package natbib Warning: Citation `DBLP:conf/aaai/Zhou0M021' on page 1 undefined
 on input line 183.


Package natbib Warning: Citation `DBLP:conf/naacl/XuCMZ22' on page 1 undefined 
on input line 183.


Package natbib Warning: Citation `DBLP:conf/naacl/YuYT22' on page 1 undefined o
n input line 183.


Package natbib Warning: Citation `DBLP:conf/ijcai/ZhouL22' on page 1 undefined 
on input line 183.


Package natbib Warning: Citation `DBLP:conf/acl/HuangH0ZF022' on page 1 undefin
ed on input line 185.


Package natbib Warning: Citation `DBLP:conf/acl/YaoYLHLLLHZS19' on page 1 undef
ined on input line 185.


Package natbib Warning: Citation `DBLP:conf/emnlp/Tan0BNA22' on page 1 undefine
d on input line 185.


Package natbib Warning: Citation `DBLP:conf/emnlp/WangLHZ22' on page 1 undefine
d on input line 185.


Package natbib Warning: Citation `DBLP:conf/emnlp/GaoYC21' on page 1 undefined 
on input line 187.


Package natbib Warning: Citation `DBLP:journals/jmlr/SrivastavaHKSS14' on page 
1 undefined on input line 187.


Underfull \hbox (badness 4001) in paragraph at lines 187--188
[]\OT1/ptm/m/n/10 Inspired by these stud-ies, we pro-pose a $[]$ositive-
 []



pdfTeX warning: pdflatex (file ./p3m.pdf): PDF inclusion: found PDF version <1.
7>, but at most version <1.5> allowed
<p3m.pdf, id=1, 853.53879pt x 312.96924pt>
File: p3m.pdf Graphic file (type pdf)
<use p3m.pdf>
Package pdftex.def Info: p3m.pdf  used on input line 193.
(pdftex.def)             Requested size: 505.89pt x 185.4955pt.

Package natbib Warning: Citation `DBLP:conf/acl/YaoYLHLLLHZS19' on page 1 undef
ined on input line 198.


Package natbib Warning: Citation `DBLP:conf/lrec/ZhangMTM22' on page 1 undefine
d on input line 198.

[1{C:/Users/orfuc/AppData/Local/MiKTeX/fonts/map/pdftex/pdftex.map}{C:/Users/or
fuc/AppData/Local/Programs/MiKTeX/fonts/enc/dvips/base/8r.enc}



]

Package natbib Warning: Citation `DBLP:conf/ijcai/ZhouL22' on page 2 undefined 
on input line 212.


Package natbib Warning: Citation `DBLP:conf/emnlp/WangLHZ22' on page 2 undefine
d on input line 212.


LaTeX Font Warning: Font shape `U/stmry/b/n' undefined
(Font)              using `U/stmry/m/n' instead on input line 214.


Package natbib Warning: Citation `DBLP:conf/iccv/QianSSHTLJ19' on page 2 undefi
ned on input line 216.

[2 <./p3m.pdf>]

Package natbib Warning: Citation `DBLP:conf/nips/PlessisNS14' on page 3 undefin
ed on input line 234.


Underfull \hbox (badness 4096) in paragraph at lines 239--242
\OT1/ptm/m/n/10 here $\U/msb/m/n/10 E[]\OT1/cmr/m/n/10 [\OMS/cmsy/m/n/10 ^^A\OT
1/cmr/m/n/10 ] = \U/msb/m/n/10 E[]\OT1/cmr/m/n/10 [\OMS/cmsy/m/n/10 ^^A\OT1/cmr
/m/n/10 ]$ \OT1/ptm/m/n/10 and $\U/msb/m/n/10 E[]\OT1/cmr/m/n/10 [\OML/cmm/m/it
/10 `\OT1/cmr/m/n/10 (\OML/cmm/m/it/10 f\OT1/cmr/m/n/10 ([])\OML/cmm/m/it/10 ; 
[]; []\OT1/cmr/m/n/10 )]$
 []


Package natbib Warning: Citation `DBLP:conf/emnlp/WangLHZ22' on page 3 undefine
d on input line 251.


Package natbib Warning: Citation `DBLP:conf/nips/KiryoNPS17' on page 3 undefine
d on input line 253.


Underfull \vbox (badness 3826) has occurred while \output is active []



Package natbib Warning: Citation `DBLP:conf/emnlp/GaoYC21' on page 3 undefined 
on input line 263.

[3]

Package natbib Warning: Citation `DBLP:conf/emnlp/WangLHZ22' on page 4 undefine
d on input line 373.


Package natbib Warning: Citation `DBLP:conf/emnlp/WangLHZ22' on page 4 undefine
d on input line 373.


Package natbib Warning: Citation `DBLP:conf/acl/YaoYLHLLLHZS19' on page 4 undef
ined on input line 383.


Package natbib Warning: Citation `DBLP:conf/emnlp/Tan0BNA22' on page 4 undefine
d on input line 383.


Package natbib Warning: Citation `DBLP:conf/emnlp/WangLHZ22' on page 4 undefine
d on input line 383.


Package natbib Warning: Citation `DBLP:conf/lrec/ZhangMTM22' on page 4 undefine
d on input line 383.


Package natbib Warning: Citation `DBLP:journals/nar/DavisGJSWWM21' on page 4 un
defined on input line 383.


Package natbib Warning: Citation `DBLP:conf/aaai/Zhou0M021' on page 4 undefined
 on input line 386.


Package natbib Warning: Citation `DBLP:conf/naacl/DevlinCLT19' on page 4 undefi
ned on input line 386.


Package natbib Warning: Citation `DBLP:journals/corr/abs-1907-11692' on page 4 
undefined on input line 386.


Package natbib Warning: Citation `DBLP:journals/health/GuTCLULNGP22' on page 4 
undefined on input line 386.


Package natbib Warning: Citation `DBLP:conf/emnlp/WolfDSCDMCRLFDS20' on page 4 
undefined on input line 386.


Package natbib Warning: Citation `DBLP:conf/iclr/LoshchilovH19' on page 4 undef
ined on input line 386.


Package natbib Warning: Citation `DBLP:journals/corr/GoyalDGNWKTJH17' on page 4
 undefined on input line 386.


Package natbib Warning: Citation `DBLP:conf/emnlp/WangLHZ22' on page 4 undefine
d on input line 386.


Package natbib Warning: Citation `DBLP:conf/acl/YaoYLHLLLHZS19' on page 4 undef
ined on input line 389.


Package natbib Warning: Citation `DBLP:conf/emnlp/ZengXCL20' on page 4 undefine
d on input line 389.


Package natbib Warning: Citation `DBLP:conf/ijcai/ZhangCXDTCHSC21' on page 4 un
defined on input line 389.


Package natbib Warning: Citation `DBLP:conf/aaai/Zhou0M021' on page 4 undefined
 on input line 389.


Package natbib Warning: Citation `DBLP:conf/emnlp/WangLHZ22' on page 4 undefine
d on input line 389.


Package natbib Warning: Citation `DBLP:conf/naacl/VergaSM18' on page 4 undefine
d on input line 389.


Package natbib Warning: Citation `DBLP:journals/health/GuTCLULNGP22' on page 4 
undefined on input line 389.


Package natbib Warning: Citation `DBLP:conf/lrec/ZhangMTM22' on page 4 undefine
d on input line 389.

[4]

Package natbib Warning: Citation `DBLP:conf/emnlp/WangLHZ22' on page 5 undefine
d on input line 414.


Package natbib Warning: Citation `DBLP:conf/lrec/ZhangMTM22' on page 5 undefine
d on input line 414.


Package natbib Warning: Citation `DBLP:conf/emnlp/WangLHZ22' on page 5 undefine
d on input line 414.


Package natbib Warning: Citation `DBLP:conf/lrec/ZhangMTM22' on page 5 undefine
d on input line 414.


Package natbib Warning: Citation `DBLP:conf/emnlp/WangLHZ22' on page 5 undefine
d on input line 433.


Package natbib Warning: Citation `DBLP:conf/emnlp/Tan0BNA22' on page 5 undefine
d on input line 433.


Package natbib Warning: Citation `DBLP:conf/emnlp/WangLHZ22' on page 5 undefine
d on input line 433.


Package natbib Warning: Citation `DBLP:conf/emnlp/Tan0BNA22' on page 5 undefine
d on input line 433.


Underfull \vbox (badness 3039) has occurred while \output is active []

 [5]

Package natbib Warning: Citation `miranda2021overview' on page 6 undefined on i
nput line 448.

<hyperparameters.pdf, id=57, 957.25145pt x 974.41298pt>
File: hyperparameters.pdf Graphic file (type pdf)
<use hyperparameters.pdf>
Package pdftex.def Info: hyperparameters.pdf  used on input line 454.
(pdftex.def)             Requested size: 237.7689pt x 242.0266pt.

Package natbib Warning: Citation `DBLP:conf/emnlp/Tan0BNA22' on page 6 undefine
d on input line 480.


Package natbib Warning: Citation `DBLP:conf/aaai/Zhou0M021' on page 6 undefined
 on input line 480.


Package natbib Warning: Citation `DBLP:conf/ijcai/ZhangCXDTCHSC21' on page 6 un
defined on input line 480.


Package natbib Warning: Citation `DBLP:conf/acl/TanHBN22' on page 6 undefined o
n input line 480.


Package natbib Warning: Citation `DBLP:conf/emnlp/WangLHZ22' on page 6 undefine
d on input line 480.

[6 <./hyperparameters.pdf>]

Package natbib Warning: Citation `DBLP:conf/acl/NanGSL20' on page 7 undefined o
n input line 491.


Package natbib Warning: Citation `DBLP:conf/coling/LiYSXXZ20' on page 7 undefin
ed on input line 491.


Package natbib Warning: Citation `DBLP:conf/emnlp/ZengXCL20' on page 7 undefine
d on input line 491.


Package natbib Warning: Citation `DBLP:conf/acl/ZengWC21' on page 7 undefined o
n input line 491.


Package natbib Warning: Citation `DBLP:conf/aaai/XuCZ21' on page 7 undefined on
 input line 491.


Package natbib Warning: Citation `DBLP:conf/aaai/Zhou0M021' on page 7 undefined
 on input line 491.


Package natbib Warning: Citation `DBLP:conf/aaai/XuWLZM21' on page 7 undefined 
on input line 491.


Package natbib Warning: Citation `DBLP:conf/ijcai/ZhangCXDTCHSC21' on page 7 un
defined on input line 491.


Package natbib Warning: Citation `DBLP:conf/acl/TanHBN22' on page 7 undefined o
n input line 491.


Package natbib Warning: Citation `DBLP:conf/acl/HuangH0ZF022' on page 7 undefin
ed on input line 491.


Package natbib Warning: Citation `DBLP:conf/emnlp/Tan0BNA22' on page 7 undefine
d on input line 491.


Package natbib Warning: Citation `DBLP:conf/emnlp/WangLHZ22' on page 7 undefine
d on input line 491.


Package natbib Warning: Citation `DBLP:conf/kdd/ElkanN08' on page 7 undefined o
n input line 494.


Package natbib Warning: Citation `DBLP:conf/nips/PlessisNS14' on page 7 undefin
ed on input line 494.


Package natbib Warning: Citation `DBLP:conf/icml/PlessisNS15' on page 7 undefin
ed on input line 494.


Package natbib Warning: Citation `DBLP:conf/nips/KiryoNPS17' on page 7 undefine
d on input line 494.


Package natbib Warning: Citation `DBLP:conf/nips/GargWSBL21' on page 7 undefine
d on input line 494.


Package natbib Warning: Citation `DBLP:conf/ijcai/LiL03' on page 7 undefined on
 input line 494.


Package natbib Warning: Citation `DBLP:conf/emnlp/CaoLERMH21' on page 7 undefin
ed on input line 494.


Package natbib Warning: Citation `DBLP:conf/acl/PengXZFH19' on page 7 undefined
 on input line 494.


Package natbib Warning: Citation `DBLP:conf/acl/ZhouLL22' on page 7 undefined o
n input line 494.


Package natbib Warning: Citation `DBLP:conf/ijcai/TangPZZZH022' on page 7 undef
ined on input line 494.


Package natbib Warning: Citation `DBLP:conf/aaai/HeC0ZWZ20' on page 7 undefined
 on input line 494.


Package natbib Warning: Citation `DBLP:conf/nips/ChuangRL0J20' on page 7 undefi
ned on input line 494.


Underfull \hbox (badness 3343) in paragraph at lines 494--495
 \OT1/ptm/b/n/10 Positive-Unlabeled Learn-ing. \OT1/ptm/m/n/10 Positive-unlabel
ed (PU)
 []


Package natbib Warning: Citation `DBLP:conf/cvpr/HadsellCL06' on page 7 undefin
ed on input line 497.


Package natbib Warning: Citation `DBLP:conf/cvpr/SchroffKP15' on page 7 undefin
ed on input line 497.


Package natbib Warning: Citation `DBLP:conf/nips/Sohn16' on page 7 undefined on
 input line 497.


Package natbib Warning: Citation `DBLP:conf/cvpr/WangHHDS19' on page 7 undefine
d on input line 497.


Package natbib Warning: Citation `DBLP:conf/iccv/Movshovitz-Attias17' on page 7
 undefined on input line 497.


Package natbib Warning: Citation `DBLP:conf/mm/WangXCY17' on page 7 undefined o
n input line 497.


Package natbib Warning: Citation `DBLP:conf/iccv/QianSSHTLJ19' on page 7 undefi
ned on input line 497.


Package natbib Warning: Citation `DBLP:journals/jbd/ShortenK19' on page 7 undef
ined on input line 500.


Package natbib Warning: Citation `DBLP:conf/naacl/HedderichLASK21' on page 7 un
defined on input line 500.


Package natbib Warning: Citation `DBLP:conf/emnlp/WeiZ19' on page 7 undefined o
n input line 500.


Package natbib Warning: Citation `ma2019nlpaug' on page 7 undefined on input li
ne 500.


Package natbib Warning: Citation `DBLP:conf/acl/LeeKLH20' on page 7 undefined o
n input line 500.


Package natbib Warning: Citation `DBLP:conf/emnlp/GaoYC21' on page 7 undefined 
on input line 500.


Package natbib Warning: Citation `DBLP:conf/iclr/ZhangCDL18' on page 7 undefine
d on input line 500.


Package natbib Warning: Citation `DBLP:conf/icml/VermaLBNMLB19' on page 7 undef
ined on input line 500.


Package natbib Warning: Citation `DBLP:conf/acl/ChenYY20' on page 7 undefined o
n input line 500.


Package natbib Warning: Citation `DBLP:conf/acl/YinWQX21' on page 7 undefined o
n input line 500.


Package natbib Warning: Citation `DBLP:conf/naacl/WuX0ZMXZ22' on page 7 undefin
ed on input line 500.


Package natbib Warning: Citation `DBLP:conf/nips/ChenLWZW20' on page 7 undefine
d on input line 500.


Package natbib Warning: Citation `DBLP:journals/corr/abs-2004-09388' on page 7 
undefined on input line 500.


Package natbib Warning: Citation `DBLP:conf/iclr/LiLFO22' on page 7 undefined o
n input line 500.


Package natbib Warning: Citation `DBLP:conf/cvpr/ZhaoXJWH22' on page 7 undefine
d on input line 500.


Package natbib Warning: Citation `DBLP:conf/acl/JeongBCHP22' on page 7 undefine
d on input line 500.

No file Formatting-Instructions-LaTeX-2024_changed.bbl.
[7]

Package natbib Warning: There were undefined citations.

[8

] (Formatting-Instructions-LaTeX-2024_changed.aux)
 ***********
LaTeX2e <2023-06-01> patch level 1
L3 programming layer <2023-08-29>
 ***********


LaTeX Font Warning: Some font shapes were not available, defaults substituted.

 ) 
Here is how much of TeX's memory you used:
 7036 strings out of 475247
 111877 string characters out of 5757792
 1958801 words of memory out of 5000000
 28440 multiletter control sequences out of 15000+600000
 589552 words of font info for 112 fonts, out of 8000000 for 9000
 1141 hyphenation exceptions out of 8191
 57i,12n,65p,1630b,357s stack positions out of 10000i,1000n,20000p,200000b,200000s
<C:/Users/orfuc/AppData/Local/Programs/MiKTeX/fonts/type1/public/amsfonts/cme
xtra/cmbsy5.pfb><C:/Users/orfuc/AppData/Local/Programs/MiKTeX/fonts/type1/publi
c/amsfonts/cmextra/cmbsy7.pfb><C:/Users/orfuc/AppData/Local/Programs/MiKTeX/fon
ts/type1/public/amsfonts/cm/cmbx10.pfb><C:/Users/orfuc/AppData/Local/Programs/M
iKTeX/fonts/type1/public/amsfonts/cm/cmbx7.pfb><C:/Users/orfuc/AppData/Local/Pr
ograms/MiKTeX/fonts/type1/public/amsfonts/cm/cmex10.pfb><C:/Users/orfuc/AppData
/Local/Programs/MiKTeX/fonts/type1/public/amsfonts/cm/cmmi10.pfb><C:/Users/orfu
c/AppData/Local/Programs/MiKTeX/fonts/type1/public/amsfonts/cm/cmmi5.pfb><C:/Us
ers/orfuc/AppData/Local/Programs/MiKTeX/fonts/type1/public/amsfonts/cm/cmmi7.pf
b><C:/Users/orfuc/AppData/Local/Programs/MiKTeX/fonts/type1/public/amsfonts/cm/
cmmib10.pfb><C:/Users/orfuc/AppData/Local/Programs/MiKTeX/fonts/type1/public/am
sfonts/cmextra/cmmib7.pfb><C:/Users/orfuc/AppData/Local/Programs/MiKTeX/fonts/t
ype1/public/amsfonts/cm/cmr10.pfb><C:/Users/orfuc/AppData/Local/Programs/MiKTeX
/fonts/type1/public/amsfonts/cm/cmr5.pfb><C:/Users/orfuc/AppData/Local/Programs
/MiKTeX/fonts/type1/public/amsfonts/cm/cmr6.pfb><C:/Users/orfuc/AppData/Local/P
rograms/MiKTeX/fonts/type1/public/amsfonts/cm/cmr7.pfb><C:/Users/orfuc/AppData/
Local/Programs/MiKTeX/fonts/type1/public/amsfonts/cm/cmsy10.pfb><C:/Users/orfuc
/AppData/Local/Programs/MiKTeX/fonts/type1/public/amsfonts/cm/cmsy7.pfb><C:/Use
rs/orfuc/AppData/Local/Programs/MiKTeX/fonts/type1/public/amsfonts/symbols/msbm
10.pfb><C:/Users/orfuc/AppData/Local/Programs/MiKTeX/fonts/type1/urw/times/utmb
8a.pfb><C:/Users/orfuc/AppData/Local/Programs/MiKTeX/fonts/type1/urw/times/utmr
8a.pfb><C:/Users/orfuc/AppData/Local/Programs/MiKTeX/fonts/type1/urw/times/utmr
i8a.pfb>
Output written on Formatting-Instructions-LaTeX-2024_changed.pdf (8 pages, 3120
32 bytes).
PDF statistics:
 198 PDF objects out of 1000 (max. 8388607)
 0 named destinations out of 1000 (max. 500000)
 11 words of extra memory for PDF output out of 10000 (max. 10000000)

