This is pdfTeX, Version 3.141592653-2.6-1.40.25 (MiKTeX 23.5) (preloaded format=pdflatex 2024.1.12)  10 MAR 2024 22:45
entering extended mode
 restricted \write18 enabled.
 %&-line parsing enabled.
**./after_operator1.tex
(after_operator1.tex
LaTeX2e <2023-06-01> patch level 1
L3 programming layer <2023-08-29>
(C:\Users\orfuc\AppData\Local\Programs\MiKTeX\tex/latex/base\article.cls
Document Class: article 2023/05/17 v1.4n Standard LaTeX document class
(C:\Users\orfuc\AppData\Local\Programs\MiKTeX\tex/latex/base\size10.clo
File: size10.clo 2023/05/17 v1.4n Standard LaTeX file (size option)
)
\c@part=\count185
\c@section=\count186
\c@subsection=\count187
\c@subsubsection=\count188
\c@paragraph=\count189
\c@subparagraph=\count190
\c@figure=\count191
\c@table=\count192
\abovecaptionskip=\skip48
\belowcaptionskip=\skip49
\bibindent=\dimen140
)
(aaai19.sty
Conference Style for AAAI for LaTeX 2e -- version for the AAAI-19 conference
\titlebox=\skip50
) (C:\Users\orfuc\AppData\Local\Programs\MiKTeX\tex/latex/psnfss\times.sty
Package: times 2020/03/25 PSNFSS-v9.3 (SPQR) 
)
(C:\Users\orfuc\AppData\Local\Programs\MiKTeX\tex/latex/psnfss\helvet.sty
Package: helvet 2020/03/25 PSNFSS-v9.3 (WaS) 

(C:\Users\orfuc\AppData\Local\Programs\MiKTeX\tex/latex/graphics\keyval.sty
Package: keyval 2022/05/29 v1.15 key=value parser (DPC)
\KV@toks@=\toks17
))
(C:\Users\orfuc\AppData\Local\Programs\MiKTeX\tex/latex/psnfss\courier.sty
Package: courier 2020/03/25 PSNFSS-v9.3 (WaS) 
)
(C:\Users\orfuc\AppData\Local\Programs\MiKTeX\tex/latex/url\url.sty
\Urlmuskip=\muskip16
Package: url 2013/09/16  ver 3.4  Verb mode for urls, etc.
)
(C:\Users\orfuc\AppData\Local\Programs\MiKTeX\tex/latex/graphics\graphicx.sty
Package: graphicx 2021/09/16 v1.2d Enhanced LaTeX Graphics (DPC,SPQR)

(C:\Users\orfuc\AppData\Local\Programs\MiKTeX\tex/latex/graphics\graphics.sty
Package: graphics 2022/03/10 v1.4e Standard LaTeX Graphics (DPC,SPQR)

(C:\Users\orfuc\AppData\Local\Programs\MiKTeX\tex/latex/graphics\trig.sty
Package: trig 2021/08/11 v1.11 sin cos tan (DPC)
)
(C:\Users\orfuc\AppData\Local\Programs\MiKTeX\tex/latex/graphics-cfg\graphics.c
fg
File: graphics.cfg 2016/06/04 v1.11 sample graphics configuration
)
Package graphics Info: Driver file: pdftex.def on input line 107.

(C:\Users\orfuc\AppData\Local\Programs\MiKTeX\tex/latex/graphics-def\pdftex.def
File: pdftex.def 2022/09/22 v1.2b Graphics/color driver for pdftex
))
\Gin@req@height=\dimen141
\Gin@req@width=\dimen142
)
LaTeX Font Info:    Trying to load font information for OT1+ptm on input line 1
4.
 (C:\Users\orfuc\AppData\Local\Programs\MiKTeX\tex/latex/psnfss\ot1ptm.fd
File: ot1ptm.fd 2001/06/04 font definitions for OT1/ptm.
)
(C:\Users\orfuc\AppData\Local\Programs\MiKTeX\tex/latex/l3backend\l3backend-pdf
tex.def
File: l3backend-pdftex.def 2023-04-19 L3 backend support: PDF output (pdfTeX)
\l__color_backend_stack_int=\count193
\l__pdf_internal_box=\box51
) (after_operator1.aux)
\openout1 = `after_operator1.aux'.

LaTeX Font Info:    Checking defaults for OML/cmm/m/it on input line 14.
LaTeX Font Info:    ... okay on input line 14.
LaTeX Font Info:    Checking defaults for OMS/cmsy/m/n on input line 14.
LaTeX Font Info:    ... okay on input line 14.
LaTeX Font Info:    Checking defaults for OT1/cmr/m/n on input line 14.
LaTeX Font Info:    ... okay on input line 14.
LaTeX Font Info:    Checking defaults for T1/cmr/m/n on input line 14.
LaTeX Font Info:    ... okay on input line 14.
LaTeX Font Info:    Checking defaults for TS1/cmr/m/n on input line 14.
LaTeX Font Info:    ... okay on input line 14.
LaTeX Font Info:    Checking defaults for OMX/cmex/m/n on input line 14.
LaTeX Font Info:    ... okay on input line 14.
LaTeX Font Info:    Checking defaults for U/cmr/m/n on input line 14.
LaTeX Font Info:    ... okay on input line 14.

(C:\Users\orfuc\AppData\Local\Programs\MiKTeX\tex/context/base/mkii\supp-pdf.mk
ii
[Loading MPS to PDF converter (version 2006.09.02).]
\scratchcounter=\count194
\scratchdimen=\dimen143
\scratchbox=\box52
\nofMPsegments=\count195
\nofMParguments=\count196
\everyMPshowfont=\toks18
\MPscratchCnt=\count197
\MPscratchDim=\dimen144
\MPnumerator=\count198
\makeMPintoPDFobject=\count199
\everyMPtoPDFconversion=\toks19
)
(C:\Users\orfuc\AppData\Local\Programs\MiKTeX\tex/latex/epstopdf-pkg\epstopdf-b
ase.sty
Package: epstopdf-base 2020-01-24 v2.11 Base part for package epstopdf
Package epstopdf-base Info: Redefining graphics rule for `.eps' on input line 4
85.

(C:\Users\orfuc\AppData\Local\Programs\MiKTeX\tex/latex/00miktex\epstopdf-sys.c
fg
File: epstopdf-sys.cfg 2021/03/18 v2.0 Configuration of epstopdf for MiKTeX
))
LaTeX Font Info:    External font `cmex10' loaded for size
(Font)              <7> on input line 21.
LaTeX Font Info:    External font `cmex10' loaded for size
(Font)              <5> on input line 21.
LaTeX Font Info:    Trying to load font information for TS1+ptm on input line 2
1.
 (C:\Users\orfuc\AppData\Local\Programs\MiKTeX\tex/latex/psnfss\ts1ptm.fd
File: ts1ptm.fd 2001/06/04 font definitions for TS1/ptm.
)

LaTeX Warning: Citation `wang2016dueling' on page 1 undefined on input line 26.



LaTeX Warning: Citation `schaul2015prioritized' on page 1 undefined on input li
ne 26.


LaTeX Warning: Citation `elman1993learning' on page 1 undefined on input line 3
3.

<graphics/training-loop.png, id=1, 459.81787pt x 338.76563pt>
File: graphics/training-loop.png Graphic file (type png)
<use graphics/training-loop.png>
Package pdftex.def Info: graphics/training-loop.png  used on input line 39.
(pdftex.def)             Requested size: 239.39438pt x 176.37106pt.

LaTeX Warning: Citation `minsky1954theory' on page 1 undefined on input line 46
.


LaTeX Warning: Citation `wang2016dueling' on page 1 undefined on input line 46.



LaTeX Warning: Citation `silver2017mastering' on page 1 undefined on input line
 46.


LaTeX Warning: Citation `silver2017masteringchess' on page 1 undefined on input
 line 46.


LaTeX Warning: Citation `anthony2017thinking' on page 1 undefined on input line
 46.


LaTeX Warning: Citation `sutton1998introduction' on page 1 undefined on input l
ine 49.


LaTeX Warning: Citation `minsky1954theory' on page 1 undefined on input line 50
.


LaTeX Warning: Citation `sutton1984temporal' on page 1 undefined on input line 
51.


LaTeX Warning: Citation `sutton1988learning' on page 1 undefined on input line 
51.


LaTeX Warning: Citation `watkins1992q' on page 1 undefined on input line 51.


LaTeX Warning: Citation `barto1983neuronlike' on page 1 undefined on input line
 51.


LaTeX Warning: Citation `gullapalli1990stochastic' on page 1 undefined on input
 line 52.


LaTeX Warning: Citation `williams1992simple' on page 1 undefined on input line 
52.


LaTeX Warning: Citation `rumelhart1986learning' on page 1 undefined on input li
ne 54.


LaTeX Warning: Citation `schmidhuber2015deep' on page 1 undefined on input line
 55.


LaTeX Warning: Citation `szepesvari2010algorithms' on page 1 undefined on input
 line 55.

[1{C:/Users/orfuc/AppData/Local/MiKTeX/fonts/map/pdftex/pdftex.map}{C:/Users/or
fuc/AppData/Local/Programs/MiKTeX/fonts/enc/dvips/base/8r.enc}



 <./graphics/training-loop.png>]

LaTeX Warning: Citation `mnih2015human' on page 2 undefined on input line 58.


LaTeX Warning: Citation `van2016deep' on page 2 undefined on input line 59.


LaTeX Warning: Citation `hessel2017rainbow' on page 2 undefined on input line 5
9.


LaTeX Warning: Citation `schaul2015prioritized' on page 2 undefined on input li
ne 60.


LaTeX Warning: Citation `wang2016dueling' on page 2 undefined on input line 62.



LaTeX Warning: Citation `silver2016mastering' on page 2 undefined on input line
 66.


LaTeX Warning: Citation `silver2017mastering' on page 2 undefined on input line
 67.


LaTeX Warning: Citation `silver2017masteringchess' on page 2 undefined on input
 line 67.


LaTeX Warning: Citation `anthony2017thinking' on page 2 undefined on input line
 68.


LaTeX Warning: Citation `togelius2016introduction' on page 2 undefined on input
 line 71.


LaTeX Warning: Citation `khalifa2017general' on page 2 undefined on input line 
71.


LaTeX Warning: Citation `ashlock2010automatic' on page 2 undefined on input lin
e 71.


LaTeX Warning: Citation `ashlock2011search' on page 2 undefined on input line 7
1.


LaTeX Warning: Citation `ashlock2015evolvable' on page 2 undefined on input lin
e 71.


LaTeX Warning: Citation `mcguinness2011decomposing' on page 2 undefined on inpu
t line 71.


LaTeX Warning: Citation `khalifa2016general' on page 2 undefined on input line 
72.


LaTeX Warning: Citation `khalifa2015automatic' on page 2 undefined on input lin
e 72.


LaTeX Warning: Citation `khalifa2018talakat' on page 2 undefined on input line 
72.


LaTeX Warning: Citation `green2018generating' on page 2 undefined on input line
 72.


LaTeX Warning: Citation `khalifa2015literature' on page 2 undefined on input li
ne 73.


LaTeX Warning: Citation `elman1993learning' on page 2 undefined on input line 7
6.


LaTeX Warning: Citation `krueger2009flexible' on page 2 undefined on input line
 76.


LaTeX Warning: Citation `bengio2009curriculum' on page 2 undefined on input lin
e 76.


LaTeX Warning: Citation `cai2018curriculum' on page 2 undefined on input line 7
6.


LaTeX Warning: Citation `ronald1994genetic' on page 2 undefined on input line 7
9.


LaTeX Warning: Citation `gruau1994neural' on page 2 undefined on input line 79.



LaTeX Warning: Citation `miller1997designing' on page 2 undefined on input line
 79.


LaTeX Warning: Citation `floreano2008neuroevolution' on page 2 undefined on inp
ut line 81.


LaTeX Warning: Citation `risi2017neuroevolution' on page 2 undefined on input l
ine 81.

[2]
<graphics/map-rep-1.png, id=12, 284.06125pt x 202.7575pt>
File: graphics/map-rep-1.png Graphic file (type png)
<use graphics/map-rep-1.png>
Package pdftex.def Info: graphics/map-rep-1.png  used on input line 84.
(pdftex.def)             Requested size: 239.39438pt x 170.8813pt.


LaTeX Warning: Citation `wang2016dueling' on page 3 undefined on input line 95.



LaTeX Warning: Citation `schaul2015prioritized' on page 3 undefined on input li
ne 95.


Underfull \hbox (badness 1173) in paragraph at lines 113--114
 \OT1/ptm/b/n/10 Game En-ti-ties \OT1/ptm/m/it/10 At-tacker \OT1/ptm/m/n/10 en-
ti-ties have hit-points (HP),
 []


Overfull \hbox (21.3032pt too wide) in paragraph at lines 116--127
[][] 
 []

[3 <./graphics/map-rep-1.png>]

LaTeX Warning: Citation `kimbrough2008feasible' on page 4 undefined on input li
ne 140.

<graphics/map-crossover.png, id=19, 689.57625pt x 740.7675pt>
File: graphics/map-crossover.png Graphic file (type png)
<use graphics/map-crossover.png>
Package pdftex.def Info: graphics/map-crossover.png  used on input line 147.
(pdftex.def)             Requested size: 178.27547pt x 191.51622pt.

LaTeX Warning: `h' float specifier changed to `ht'.


Overfull \hbox (12.53342pt too wide) in paragraph at lines 160--168
[][] 
 []


LaTeX Warning: Citation `wang2016dueling' on page 4 undefined on input line 173
.

[4 <./graphics/map-crossover.png>]
<graphics/network-diagram.png, id=27, 635.976pt x 261.97874pt>
File: graphics/network-diagram.png Graphic file (type png)
<use graphics/network-diagram.png>
Package pdftex.def Info: graphics/network-diagram.png  used on input line 179.
(pdftex.def)             Requested size: 505.89pt x 208.39203pt.
<graphics/loss-scores.png, id=28, 1003.75pt x 563.10374pt>
File: graphics/loss-scores.png Graphic file (type png)
<use graphics/loss-scores.png>
Package pdftex.def Info: graphics/loss-scores.png  used on input line 187.
(pdftex.def)             Requested size: 239.39438pt x 134.29703pt.
<graphics/loss-network.png, id=29, 395.67825pt x 122.40732pt>
File: graphics/loss-network.png Graphic file (type png)
<use graphics/loss-network.png>
Package pdftex.def Info: graphics/loss-network.png  used on input line 195.
(pdftex.def)             Requested size: 455.31625pt x 141.14273pt.


LaTeX Warning: No positions in optional float specifier.
               Default added (so using `tbp') on input line 205.

<graphics/test-scores.png, id=30, 1003.75pt x 563.10374pt>
File: graphics/test-scores.png Graphic file (type png)
<use graphics/test-scores.png>
Package pdftex.def Info: graphics/test-scores.png  used on input line 221.
(pdftex.def)             Requested size: 505.89pt x 283.81094pt.

Underfull \hbox (badness 2922) in paragraph at lines 228--229
\OT1/ptm/m/n/10 curriculum-trained net-work (full net-work), the mixed-
 []


Underfull \hbox (badness 5667) in paragraph at lines 228--229
\OT1/ptm/m/n/10 the randomly-generated-curriculum-trained (con-struc-tive
 []


Underfull \hbox (badness 6001) in paragraph at lines 243--244
[]\OT1/ptm/m/n/10 Based on our re-sults, our ini-tial hy-poth-e-sis that
 []

[5]
No file after_operator1.bbl.

Underfull \hbox (badness 1281) in paragraph at lines 250--253
\OT1/ptm/m/n/10 isci prae-sen-tium re-cu-san-dae ex qui-dem atque in quos,
 []


Underfull \vbox (badness 10000) has occurred while \output is active []

 [6 <./graphics/network-diagram.png> <./graphics/loss-scores.png>]
Underfull \vbox (badness 10000) has occurred while \output is active []

 [7 <./graphics/loss-network.png> <./graphics/test-scores.png>] (after_operator
1.aux)
 ***********
LaTeX2e <2023-06-01> patch level 1
L3 programming layer <2023-08-29>
 ***********
 ) 
Here is how much of TeX's memory you used:
 1625 strings out of 475247
 28998 string characters out of 5757792
 1940801 words of memory out of 5000000
 23160 multiletter control sequences out of 15000+600000
 576201 words of font info for 60 fonts, out of 8000000 for 9000
 1141 hyphenation exceptions out of 8191
 57i,14n,65p,3484b,262s stack positions out of 10000i,1000n,20000p,200000b,200000s
<C:/Users/orfuc/AppData/Local/Programs/MiKTeX/fonts/type1/public/amsfonts/cm/
cmmi10.pfb><C:/Users/orfuc/AppData/Local/Programs/MiKTeX/fonts/type1/public/ams
fonts/cm/cmr10.pfb><C:/Users/orfuc/AppData/Local/Programs/MiKTeX/fonts/type1/pu
blic/amsfonts/cm/cmr7.pfb><C:/Users/orfuc/AppData/Local/Programs/MiKTeX/fonts/t
ype1/urw/times/utmb8a.pfb><C:/Users/orfuc/AppData/Local/Programs/MiKTeX/fonts/t
ype1/urw/times/utmbi8a.pfb><C:/Users/orfuc/AppData/Local/Programs/MiKTeX/fonts/
type1/urw/times/utmr8a.pfb><C:/Users/orfuc/AppData/Local/Programs/MiKTeX/fonts/
type1/urw/times/utmri8a.pfb>
Output written on after_operator1.pdf (7 pages, 272325 bytes).
PDF statistics:
 74 PDF objects out of 1000 (max. 8388607)
 0 named destinations out of 1000 (max. 500000)
 36 words of extra memory for PDF output out of 10000 (max. 10000000)

