This is pdfTeX, Version 3.141592653-2.6-1.40.25 (MiKTeX 23.5) (preloaded format=pdflatex 2024.1.12)  3 MAR 2024 16:49
entering extended mode
 restricted \write18 enabled.
 %&-line parsing enabled.
**./AAAI_WangH_7426_changed.tex
(AAAI_WangH_7426_changed.tex
LaTeX2e <2023-06-01> patch level 1
L3 programming layer <2023-08-29>
(C:\Users\orfuc\AppData\Local\Programs\MiKTeX\tex/latex/base\article.cls
Document Class: article 2023/05/17 v1.4n Standard LaTeX document class
(C:\Users\orfuc\AppData\Local\Programs\MiKTeX\tex/latex/base\size10.clo
File: size10.clo 2023/05/17 v1.4n Standard LaTeX file (size option)
)
\c@part=\count185
\c@section=\count186
\c@subsection=\count187
\c@subsubsection=\count188
\c@paragraph=\count189
\c@subparagraph=\count190
\c@figure=\count191
\c@table=\count192
\abovecaptionskip=\skip48
\belowcaptionskip=\skip49
\bibindent=\dimen140
)
(aaai20.sty
Conference Style for AAAI for LaTeX 2e -- version for the AAAI-20 conference
\titlebox=\skip50
) (C:\Users\orfuc\AppData\Local\Programs\MiKTeX\tex/latex/psnfss\times.sty
Package: times 2020/03/25 PSNFSS-v9.3 (SPQR) 
)
(C:\Users\orfuc\AppData\Local\Programs\MiKTeX\tex/latex/psnfss\helvet.sty
Package: helvet 2020/03/25 PSNFSS-v9.3 (WaS) 

(C:\Users\orfuc\AppData\Local\Programs\MiKTeX\tex/latex/graphics\keyval.sty
Package: keyval 2022/05/29 v1.15 key=value parser (DPC)
\KV@toks@=\toks17
))
(C:\Users\orfuc\AppData\Local\Programs\MiKTeX\tex/latex/psnfss\courier.sty
Package: courier 2020/03/25 PSNFSS-v9.3 (WaS) 
)
(C:\Users\orfuc\AppData\Local\Programs\MiKTeX\tex/latex/url\url.sty
\Urlmuskip=\muskip16
Package: url 2013/09/16  ver 3.4  Verb mode for urls, etc.
)
(C:\Users\orfuc\AppData\Local\Programs\MiKTeX\tex/latex/graphics\graphicx.sty
Package: graphicx 2021/09/16 v1.2d Enhanced LaTeX Graphics (DPC,SPQR)

(C:\Users\orfuc\AppData\Local\Programs\MiKTeX\tex/latex/graphics\graphics.sty
Package: graphics 2022/03/10 v1.4e Standard LaTeX Graphics (DPC,SPQR)

(C:\Users\orfuc\AppData\Local\Programs\MiKTeX\tex/latex/graphics\trig.sty
Package: trig 2021/08/11 v1.11 sin cos tan (DPC)
)
(C:\Users\orfuc\AppData\Local\Programs\MiKTeX\tex/latex/graphics-cfg\graphics.c
fg
File: graphics.cfg 2016/06/04 v1.11 sample graphics configuration
)
Package graphics Info: Driver file: pdftex.def on input line 107.

(C:\Users\orfuc\AppData\Local\Programs\MiKTeX\tex/latex/graphics-def\pdftex.def
File: pdftex.def 2022/09/22 v1.2b Graphics/color driver for pdftex
))
\Gin@req@height=\dimen141
\Gin@req@width=\dimen142
) (C:\Users\orfuc\AppData\Local\Programs\MiKTeX\tex/latex/newtx\newtxmath.sty
Package: newtxmath 2024/02/24 v1.739

`newtxmath' v1.739, 2024/02/24 Math macros based originally on txfonts (msharpe
) (C:\Users\orfuc\AppData\Local\Programs\MiKTeX\tex/latex/amsmath\amsmath.sty
Package: amsmath 2023/05/13 v2.17o AMS math features
\@mathmargin=\skip51

For additional information on amsmath, use the `?' option.
(C:\Users\orfuc\AppData\Local\Programs\MiKTeX\tex/latex/amsmath\amstext.sty
Package: amstext 2021/08/26 v2.01 AMS text

(C:\Users\orfuc\AppData\Local\Programs\MiKTeX\tex/latex/amsmath\amsgen.sty
File: amsgen.sty 1999/11/30 v2.0 generic functions
\@emptytoks=\toks18
\ex@=\dimen143
))
(C:\Users\orfuc\AppData\Local\Programs\MiKTeX\tex/latex/amsmath\amsbsy.sty
Package: amsbsy 1999/11/29 v1.2d Bold Symbols
\pmbraise@=\dimen144
)
(C:\Users\orfuc\AppData\Local\Programs\MiKTeX\tex/latex/amsmath\amsopn.sty
Package: amsopn 2022/04/08 v2.04 operator names
)
\inf@bad=\count193
LaTeX Info: Redefining \frac on input line 234.
\uproot@=\count194
\leftroot@=\count195
LaTeX Info: Redefining \overline on input line 399.
LaTeX Info: Redefining \colon on input line 410.
\classnum@=\count196
\DOTSCASE@=\count197
LaTeX Info: Redefining \ldots on input line 496.
LaTeX Info: Redefining \dots on input line 499.
LaTeX Info: Redefining \cdots on input line 620.
\Mathstrutbox@=\box51
\strutbox@=\box52
LaTeX Info: Redefining \big on input line 722.
LaTeX Info: Redefining \Big on input line 723.
LaTeX Info: Redefining \bigg on input line 724.
LaTeX Info: Redefining \Bigg on input line 725.
\big@size=\dimen145
LaTeX Font Info:    Redeclaring font encoding OML on input line 743.
LaTeX Font Info:    Redeclaring font encoding OMS on input line 744.
\macc@depth=\count198
LaTeX Info: Redefining \bmod on input line 905.
LaTeX Info: Redefining \pmod on input line 910.
LaTeX Info: Redefining \smash on input line 940.
LaTeX Info: Redefining \relbar on input line 970.
LaTeX Info: Redefining \Relbar on input line 971.
\c@MaxMatrixCols=\count199
\dotsspace@=\muskip17
\c@parentequation=\count266
\dspbrk@lvl=\count267
\tag@help=\toks19
\row@=\count268
\column@=\count269
\maxfields@=\count270
\andhelp@=\toks20
\eqnshift@=\dimen146
\alignsep@=\dimen147
\tagshift@=\dimen148
\tagwidth@=\dimen149
\totwidth@=\dimen150
\lineht@=\dimen151
\@envbody=\toks21
\multlinegap=\skip52
\multlinetaggap=\skip53
\mathdisplay@stack=\toks22
LaTeX Info: Redefining \[ on input line 2953.
LaTeX Info: Redefining \] on input line 2954.
)
(C:\Users\orfuc\AppData\Local\Programs\MiKTeX\tex/latex/base\ifthen.sty
Package: ifthen 2022/04/13 v1.1d Standard LaTeX ifthen package (DPC)
)
(C:\Users\orfuc\AppData\Local\Programs\MiKTeX\tex/latex/etoolbox\etoolbox.sty
Package: etoolbox 2020/10/05 v2.5k e-TeX tools for LaTeX (JAW)
\etb@tempcnta=\count271
)
(C:\Users\orfuc\AppData\Local\Programs\MiKTeX\tex/generic/iftex\iftex.sty
Package: iftex 2022/02/03 v1.0f TeX engine tests
)
(C:\Users\orfuc\AppData\Local\Programs\MiKTeX\tex/latex/xkeyval\xkeyval.sty
Package: xkeyval 2022/06/16 v2.9 package option processing (HA)

(C:\Users\orfuc\AppData\Local\Programs\MiKTeX\tex/generic/xkeyval\xkeyval.tex
(C:\Users\orfuc\AppData\Local\Programs\MiKTeX\tex/generic/xkeyval\xkvutils.tex
\XKV@toks=\toks23
\XKV@tempa@toks=\toks24
)
\XKV@depth=\count272
File: xkeyval.tex 2014/12/03 v2.7a key=value parser (HA)
))
(C:\Users\orfuc\AppData\Local\Programs\MiKTeX\tex/latex/oberdiek\centernot.sty
Package: centernot 2016/05/16 v1.4 Centers the not symbol horizontally (HO)
)
\tx@cntz=\count273
(C:\Users\orfuc\AppData\Local\Programs\MiKTeX\tex/generic/binhex\binhex.tex)
\tx@Isdigit=\count274
\tx@IsAlNum=\count275
\tx@tA=\toks25
\tx@tB=\toks26
\tx@su=\read2

amsthm NOT loaded
LaTeX Font Info:    Redeclaring symbol font `operators' on input line 393.
LaTeX Font Info:    Overwriting symbol font `operators' in version `normal'
(Font)                  OT1/cmr/m/n --> OT1/minntx/m/n on input line 393.
LaTeX Font Info:    Overwriting symbol font `operators' in version `bold'
(Font)                  OT1/cmr/bx/n --> OT1/minntx/m/n on input line 393.
LaTeX Font Info:    Overwriting symbol font `operators' in version `bold'
(Font)                  OT1/minntx/m/n --> OT1/minntx/b/n on input line 394.
LaTeX Font Info:    Overwriting math alphabet `\mathsf' in version `bold'
(Font)                  OT1/cmss/bx/n --> OT1/phv/b/n on input line 408.
LaTeX Font Info:    Redeclaring math alphabet \mathit on input line 410.
LaTeX Font Info:    Overwriting math alphabet `\mathit' in version `normal'
(Font)                  OT1/cmr/m/it --> OT1/minntx/m/it on input line 410.
LaTeX Font Info:    Overwriting math alphabet `\mathit' in version `bold'
(Font)                  OT1/cmr/bx/it --> OT1/minntx/m/it on input line 410.
LaTeX Font Info:    Redeclaring math alphabet \mathtt on input line 411.
LaTeX Font Info:    Overwriting math alphabet `\mathtt' in version `normal'
(Font)                  OT1/cmtt/m/n --> OT1/pcr/m/n on input line 411.
LaTeX Font Info:    Overwriting math alphabet `\mathtt' in version `bold'
(Font)                  OT1/cmtt/m/n --> OT1/pcr/m/n on input line 411.
LaTeX Font Info:    Redeclaring math alphabet \mathbf on input line 413.
LaTeX Font Info:    Overwriting math alphabet `\mathbf' in version `normal'
(Font)                  OT1/cmr/bx/n --> OT1/minntx/b/n on input line 413.
LaTeX Font Info:    Overwriting math alphabet `\mathbf' in version `bold'
(Font)                  OT1/cmr/bx/n --> OT1/minntx/b/n on input line 413.
LaTeX Font Info:    Overwriting math alphabet `\mathit' in version `bold'
(Font)                  OT1/minntx/m/it --> OT1/minntx/b/it on input line 414.
LaTeX Font Info:    Overwriting math alphabet `\mathtt' in version `bold'
(Font)                  OT1/pcr/m/n --> OT1/pcr/b/n on input line 417.
LaTeX Font Info:    Redeclaring symbol font `letters' on input line 519.
LaTeX Font Info:    Overwriting symbol font `letters' in version `normal'
(Font)                  OML/cmm/m/it --> OML/ntxmi/m/it on input line 519.
LaTeX Font Info:    Overwriting symbol font `letters' in version `bold'
(Font)                  OML/cmm/b/it --> OML/ntxmi/m/it on input line 519.
LaTeX Font Info:    Overwriting symbol font `letters' in version `bold'
(Font)                  OML/ntxmi/m/it --> OML/ntxmi/b/it on input line 520.
\symlettersA=\mathgroup4
LaTeX Font Info:    Overwriting symbol font `lettersA' in version `bold'
(Font)                  U/ntxmia/m/it --> U/ntxmia/b/it on input line 565.
Now handling font encoding LMS ...
... no UTF-8 mapping file for font encoding LMS
LaTeX Font Info:    Redeclaring symbol font `symbols' on input line 587.
LaTeX Font Info:    Encoding `OMS' has changed to `LMS' for symbol font
(Font)              `symbols' in the math version `normal' on input line 587.
LaTeX Font Info:    Overwriting symbol font `symbols' in version `normal'
(Font)                  OMS/cmsy/m/n --> LMS/ntxsy/m/n on input line 587.
LaTeX Font Info:    Encoding `OMS' has changed to `LMS' for symbol font
(Font)              `symbols' in the math version `bold' on input line 587.
LaTeX Font Info:    Overwriting symbol font `symbols' in version `bold'
(Font)                  OMS/cmsy/b/n --> LMS/ntxsy/m/n on input line 587.
LaTeX Font Info:    Overwriting symbol font `symbols' in version `bold'
(Font)                  LMS/ntxsy/m/n --> LMS/ntxsy/b/n on input line 588.
\symAMSm=\mathgroup5
LaTeX Font Info:    Overwriting symbol font `AMSm' in version `bold'
(Font)                  U/ntxsym/m/n --> U/ntxsym/b/n on input line 613.
\symsymbolsC=\mathgroup6
LaTeX Font Info:    Overwriting symbol font `symbolsC' in version `bold'
(Font)                  U/ntxsyc/m/n --> U/ntxsyc/b/n on input line 634.
Now handling font encoding LMX ...
... no UTF-8 mapping file for font encoding LMX
LaTeX Font Info:    Redeclaring symbol font `largesymbols' on input line 647.
LaTeX Font Info:    Encoding `OMX' has changed to `LMX' for symbol font
(Font)              `largesymbols' in the math version `normal' on input line 6
47.
LaTeX Font Info:    Overwriting symbol font `largesymbols' in version `normal'
(Font)                  OMX/cmex/m/n --> LMX/ntxexx/m/n on input line 647.
LaTeX Font Info:    Encoding `OMX' has changed to `LMX' for symbol font
(Font)              `largesymbols' in the math version `bold' on input line 647
.
LaTeX Font Info:    Overwriting symbol font `largesymbols' in version `bold'
(Font)                  OMX/cmex/m/n --> LMX/ntxexx/m/n on input line 647.
LaTeX Font Info:    Overwriting symbol font `largesymbols' in version `bold'
(Font)                  LMX/ntxexx/m/n --> LMX/ntxexx/b/n on input line 648.
\symlargesymbolsTXA=\mathgroup7
LaTeX Font Info:    Overwriting symbol font `largesymbolsTXA' in version `bold'

(Font)                  U/ntxexa/m/n --> U/ntxexa/b/n on input line 662.
\tx@sbptoks=\toks27
LaTeX Font Info:    Redeclaring math delimiter \lfloor on input line 885.
LaTeX Font Info:    Redeclaring math delimiter \rfloor on input line 886.
LaTeX Font Info:    Redeclaring math delimiter \lceil on input line 887.
LaTeX Font Info:    Redeclaring math delimiter \rceil on input line 888.
LaTeX Font Info:    Redeclaring math delimiter \lbrace on input line 893.
LaTeX Font Info:    Redeclaring math delimiter \rbrace on input line 894.
LaTeX Font Info:    Redeclaring math delimiter \langle on input line 896.
LaTeX Font Info:    Redeclaring math delimiter \rangle on input line 898.
LaTeX Font Info:    Redeclaring math delimiter \arrowvert on input line 902.
LaTeX Font Info:    Redeclaring math delimiter \vert on input line 903.
LaTeX Font Info:    Redeclaring math symbol \hbar on input line 949.
LaTeX Font Info:    Redeclaring math accent \dot on input line 974.
LaTeX Font Info:    Redeclaring math accent \ddot on input line 975.
LaTeX Font Info:    Redeclaring math accent \vec on input line 2048.
LaTeX Info: Redefining \Bbbk on input line 2838.
LaTeX Info: Redefining \not on input line 2986.
) (C:\Users\orfuc\AppData\Local\Programs\MiKTeX\tex/latex/booktabs\booktabs.sty
Package: booktabs 2020/01/12 v1.61803398 Publication quality tables
\heavyrulewidth=\dimen152
\lightrulewidth=\dimen153
\cmidrulewidth=\dimen154
\belowrulesep=\dimen155
\belowbottomsep=\dimen156
\aboverulesep=\dimen157
\abovetopsep=\dimen158
\cmidrulesep=\dimen159
\cmidrulekern=\dimen160
\defaultaddspace=\dimen161
\@cmidla=\count276
\@cmidlb=\count277
\@aboverulesep=\dimen162
\@belowrulesep=\dimen163
\@thisruleclass=\count278
\@lastruleclass=\count279
\@thisrulewidth=\dimen164
)
(C:\Users\orfuc\AppData\Local\Programs\MiKTeX\tex/latex/threeparttable\threepar
ttable.sty
Package: threeparttable 2003/06/13  v 3.0
\@tempboxb=\box53
)
\c@mydef=\count280

(C:\Users\orfuc\AppData\Local\Programs\MiKTeX\tex/latex/caption\subcaption.sty
Package: subcaption 2023/07/28 v1.6b Sub-captions (AR)

(C:\Users\orfuc\AppData\Local\Programs\MiKTeX\tex/latex/caption\caption.sty
Package: caption 2023/07/31 v3.6n Customizing captions (AR)

(C:\Users\orfuc\AppData\Local\Programs\MiKTeX\tex/latex/caption\caption3.sty
Package: caption3 2023/07/31 v2.4d caption3 kernel (AR)
\caption@tempdima=\dimen165
\captionmargin=\dimen166
\caption@leftmargin=\dimen167
\caption@rightmargin=\dimen168
\caption@width=\dimen169
\caption@indent=\dimen170
\caption@parindent=\dimen171
\caption@hangindent=\dimen172
Package caption Info: Standard document class detected.
)
\c@caption@flags=\count281
\c@continuedfloat=\count282
Package caption Info: threeparttable package is loaded.
)
Package caption Info: New subtype `subfigure' on input line 238.
\c@subfigure=\count283
Package caption Info: New subtype `subtable' on input line 238.
\c@subtable=\count284
)
(C:\Users\orfuc\AppData\Local\Programs\MiKTeX\tex/latex/algorithm2e\algorithm2e
.sty
Package: algorithm2e 2017/07/18 v5.2 algorithms environments
\c@AlgoLine=\count285
\algocf@hangindent=\skip54

(C:\Users\orfuc\AppData\Local\Programs\MiKTeX\tex/latex/ifoddpage\ifoddpage.sty
Package: ifoddpage 2022/10/18 v1.2 Conditionals for odd/even page detection
\c@checkoddpage=\count286
) (C:\Users\orfuc\AppData\Local\Programs\MiKTeX\tex/latex/tools\xspace.sty
Package: xspace 2014/10/28 v1.13 Space after command names (DPC,MH)
)
(C:\Users\orfuc\AppData\Local\Programs\MiKTeX\tex/latex/relsize\relsize.sty
Package: relsize 2013/03/29 ver 4.1
)
\skiptotal=\skip55
\skiplinenumber=\skip56
\skiprule=\skip57
\skiphlne=\skip58
\skiptext=\skip59
\skiplength=\skip60
\algomargin=\skip61
\skipalgocfslide=\skip62
\algowidth=\dimen173
\inoutsize=\dimen174
\inoutindent=\dimen175
\interspacetitleruled=\dimen176
\interspacealgoruled=\dimen177
\interspacetitleboxruled=\dimen178
\algocf@ruledwidth=\skip63
\algocf@inoutbox=\box54
\algocf@inputbox=\box55
\AlCapSkip=\skip64
\AlCapHSkip=\skip65
\algoskipindent=\skip66
\algocf@nlbox=\box56
\algocf@hangingbox=\box57
\algocf@untilbox=\box58
\algocf@skipuntil=\skip67
\algocf@capbox=\box59
\algocf@lcaptionbox=\skip68
\algoheightruledefault=\skip69
\algoheightrule=\skip70
\algotitleheightruledefault=\skip71
\algotitleheightrule=\skip72
\c@algocfline=\count287
\c@algocfproc=\count288
\c@algocf=\count289
\algocf@algoframe=\box60
\algocf@algobox=\box61
)
LaTeX Font Info:    Trying to load font information for OT1+ptm on input line 1
29.

(C:\Users\orfuc\AppData\Local\Programs\MiKTeX\tex/latex/psnfss\ot1ptm.fd
File: ot1ptm.fd 2001/06/04 font definitions for OT1/ptm.
)
(C:\Users\orfuc\AppData\Local\Programs\MiKTeX\tex/latex/l3backend\l3backend-pdf
tex.def
File: l3backend-pdftex.def 2023-04-19 L3 backend support: PDF output (pdfTeX)
\l__color_backend_stack_int=\count290
\l__pdf_internal_box=\box62
) (AAAI_WangH_7426_changed.aux)
\openout1 = `AAAI_WangH_7426_changed.aux'.

LaTeX Font Info:    Checking defaults for OML/ntxmi/m/it on input line 129.
LaTeX Font Info:    Trying to load font information for OML+ntxmi on input line
 129.

(C:\Users\orfuc\AppData\Local\Programs\MiKTeX\tex/latex/newtx\omlntxmi.fd
File: omlntxmi.fd 2015/08/25 Fontinst v1.933 font definitions for OML/ntxmi.
)
LaTeX Font Info:    ... okay on input line 129.
LaTeX Font Info:    Checking defaults for OMS/cmsy/m/n on input line 129.
LaTeX Font Info:    ... okay on input line 129.
LaTeX Font Info:    Checking defaults for OT1/cmr/m/n on input line 129.
LaTeX Font Info:    ... okay on input line 129.
LaTeX Font Info:    Checking defaults for T1/cmr/m/n on input line 129.
LaTeX Font Info:    ... okay on input line 129.
LaTeX Font Info:    Checking defaults for TS1/cmr/m/n on input line 129.
LaTeX Font Info:    ... okay on input line 129.
LaTeX Font Info:    Checking defaults for OMX/cmex/m/n on input line 129.
LaTeX Font Info:    ... okay on input line 129.
LaTeX Font Info:    Checking defaults for U/ntxexa/m/n on input line 129.
LaTeX Font Info:    Trying to load font information for U+ntxexa on input line 
129.

(C:\Users\orfuc\AppData\Local\Programs\MiKTeX\tex/latex/newtx\untxexa.fd
File: untxexa.fd 2012/04/16 Fontinst v1.933 font definitions for U/ntxexa.
)
LaTeX Font Info:    ... okay on input line 129.
LaTeX Font Info:    Checking defaults for LMS/ntxsy/m/n on input line 129.
LaTeX Font Info:    Trying to load font information for LMS+ntxsy on input line
 129.

(C:\Users\orfuc\AppData\Local\Programs\MiKTeX\tex/latex/newtx\lmsntxsy.fd
File: lmsntxsy.fd 2016/07/02 Fontinst v1.933 font definitions for LMS/ntxsy.
)
LaTeX Font Info:    ... okay on input line 129.
LaTeX Font Info:    Checking defaults for LMX/ntxexx/m/n on input line 129.
LaTeX Font Info:    Trying to load font information for LMX+ntxexx on input lin
e 129.

(C:\Users\orfuc\AppData\Local\Programs\MiKTeX\tex/latex/newtx\lmxntxexx.fd
File: lmxntxexx.fd 2016/07/03 Fontinst v1.933 font definitions for LMX/ntxexx.
)
LaTeX Font Info:    ... okay on input line 129.

(C:\Users\orfuc\AppData\Local\Programs\MiKTeX\tex/context/base/mkii\supp-pdf.mk
ii
[Loading MPS to PDF converter (version 2006.09.02).]
\scratchcounter=\count291
\scratchdimen=\dimen179
\scratchbox=\box63
\nofMPsegments=\count292
\nofMParguments=\count293
\everyMPshowfont=\toks28
\MPscratchCnt=\count294
\MPscratchDim=\dimen180
\MPnumerator=\count295
\makeMPintoPDFobject=\count296
\everyMPtoPDFconversion=\toks29
)
(C:\Users\orfuc\AppData\Local\Programs\MiKTeX\tex/latex/epstopdf-pkg\epstopdf-b
ase.sty
Package: epstopdf-base 2020-01-24 v2.11 Base part for package epstopdf
Package epstopdf-base Info: Redefining graphics rule for `.eps' on input line 4
85.

(C:\Users\orfuc\AppData\Local\Programs\MiKTeX\tex/latex/00miktex\epstopdf-sys.c
fg
File: epstopdf-sys.cfg 2021/03/18 v2.0 Configuration of epstopdf for MiKTeX
))
LaTeX Info: Command `\dddot' is already robust on input line 129.
LaTeX Info: Command `\ddddot' is already robust on input line 129.
Package caption Info: Begin \AtBeginDocument code.
Package caption Info: End \AtBeginDocument code.
LaTeX Font Info:    Trying to load font information for OT1+minntx on input lin
e 130.
 (C:\Users\orfuc\AppData\Local\Programs\MiKTeX\tex/latex/newtx\ot1minntx.fd
File: ot1minntx.fd 2023/09/09 v1.1 font definition file for OT1/minntx
)
LaTeX Font Info:    Trying to load font information for U+ntxmia on input line 
130.
 (C:\Users\orfuc\AppData\Local\Programs\MiKTeX\tex/latex/newtx\untxmia.fd
File: untxmia.fd 2018/04/14 Fontinst v1.933 font definitions for U/ntxmia.
)
LaTeX Font Info:    Trying to load font information for U+ntxsym on input line 
130.

(C:\Users\orfuc\AppData\Local\Programs\MiKTeX\tex/latex/newtx\untxsym.fd
File: untxsym.fd 2023/08/16 Fontinst v1.933 font definitions for U/ntxsym.
)
LaTeX Font Info:    Trying to load font information for U+ntxsyc on input line 
130.

(C:\Users\orfuc\AppData\Local\Programs\MiKTeX\tex/latex/newtx\untxsyc.fd
File: untxsyc.fd 2012/04/12 Fontinst v1.933 font definitions for U/ntxsyc.
)
LaTeX Font Info:    Trying to load font information for OMS+ptm on input line 1
30.

(C:\Users\orfuc\AppData\Local\Programs\MiKTeX\tex/latex/psnfss\omsptm.fd
File: omsptm.fd 
)
LaTeX Font Info:    Font shape `OMS/ptm/m/n' in size <10> not available
(Font)              Font shape `OMS/cmsy/m/n' tried instead on input line 130.
LaTeX Font Info:    Trying to load font information for TS1+ptm on input line 1
30.

(C:\Users\orfuc\AppData\Local\Programs\MiKTeX\tex/latex/psnfss\ts1ptm.fd
File: ts1ptm.fd 2001/06/04 font definitions for TS1/ptm.
)
LaTeX Font Info:    Trying to load font information for OT1+pcr on input line 1
55.

(C:\Users\orfuc\AppData\Local\Programs\MiKTeX\tex/latex/psnfss\ot1pcr.fd
File: ot1pcr.fd 2001/06/04 font definitions for OT1/pcr.
)

LaTeX Warning: Citation `smalheiser2009author' on page 1 undefined on input lin
e 160.


LaTeX Warning: Citation `han:2014' on page 1 undefined on input line 170.


LaTeX Warning: Citation `Huang:2006' on page 1 undefined on input line 170.


LaTeX Warning: Citation `Yoshida:2010' on page 1 undefined on input line 170.


LaTeX Warning: Citation `Kanani:2007' on page 1 undefined on input line 175.


LaTeX Warning: Citation `Bekkerman:2005' on page 1 undefined on input line 175.



LaTeX Warning: Citation `JieTang' on page 1 undefined on input line 177.


LaTeX Warning: Citation `Anonymized' on page 1 undefined on input line 177.


LaTeX Warning: Citation `JieTang' on page 1 undefined on input line 178.


LaTeX Warning: Citation `GAN' on page 1 undefined on input line 183.


Underfull \vbox (badness 1400) has occurred while \output is active []

 [1{C:/Users/orfuc/AppData/Local/MiKTeX/fonts/map/pdftex/pdftex.map}{C:/Users/o
rfuc/AppData/Local/Programs/MiKTeX/fonts/enc/dvips/base/8r.enc}



]

LaTeX Warning: Citation `han:2014' on page 2 undefined on input line 213.


LaTeX Warning: Citation `Huang:2006' on page 2 undefined on input line 213.


LaTeX Warning: Citation `Block' on page 2 undefined on input line 213.


LaTeX Warning: Citation `Yoshida:2010' on page 2 undefined on input line 213.


LaTeX Warning: Citation `han:2014' on page 2 undefined on input line 216.


LaTeX Warning: Citation `han:2014' on page 2 undefined on input line 216.


LaTeX Warning: Citation `Huang:2006' on page 2 undefined on input line 217.


LaTeX Warning: Citation `Block' on page 2 undefined on input line 218.


LaTeX Warning: Citation `Block' on page 2 undefined on input line 218.


LaTeX Warning: Citation `Anonymized' on page 2 undefined on input line 221.


LaTeX Warning: Citation `Hermansson:2013' on page 2 undefined on input line 221
.


LaTeX Warning: Citation `Tang:2012' on page 2 undefined on input line 223.


LaTeX Warning: Citation `Tang:2012' on page 2 undefined on input line 223.


LaTeX Warning: Citation `Anonymized' on page 2 undefined on input line 224.


LaTeX Warning: Citation `Anonymized' on page 2 undefined on input line 224.


LaTeX Warning: Citation `JieTang' on page 2 undefined on input line 225.


LaTeX Warning: Citation `JieTang' on page 2 undefined on input line 225.


LaTeX Warning: Citation `JieTang' on page 2 undefined on input line 228.


LaTeX Warning: Citation `JieTang' on page 2 undefined on input line 228.


LaTeX Warning: Citation `DeepWalk' on page 2 undefined on input line 233.


LaTeX Warning: Citation `word2vec1' on page 2 undefined on input line 233.


LaTeX Warning: Citation `wor2vec2' on page 2 undefined on input line 233.


LaTeX Warning: Citation `Node2vec' on page 2 undefined on input line 234.


LaTeX Warning: Citation `LINE' on page 2 undefined on input line 235.


LaTeX Warning: Citation `PTE' on page 2 undefined on input line 236.


LaTeX Warning: Citation `Metapath2Vec' on page 2 undefined on input line 236.


LaTeX Warning: Citation `GAN' on page 2 undefined on input line 242.


LaTeX Warning: Citation `image' on page 2 undefined on input line 242.


LaTeX Warning: Citation `seq' on page 2 undefined on input line 242.


LaTeX Warning: Citation `Dialogue' on page 2 undefined on input line 242.


LaTeX Warning: Citation `IRGAN' on page 2 undefined on input line 243.


LaTeX Warning: Citation `GraphGAN' on page 2 undefined on input line 245.


LaTeX Warning: Citation `KBGAN' on page 2 undefined on input line 247.

<framework.pdf, id=9, 634.92204pt x 460.28362pt>
File: framework.pdf Graphic file (type pdf)
<use framework.pdf>
Package pdftex.def Info: framework.pdf  used on input line 252.
(pdftex.def)             Requested size: 202.3529pt x 146.69678pt.

Underfull \vbox (badness 10000) has occurred while \output is active []

 [2 <./framework.pdf>]
<GAN1.pdf, id=43, 531.00182pt x 146.56256pt>
File: GAN1.pdf Graphic file (type pdf)
<use GAN1.pdf>
Package pdftex.def Info: GAN1.pdf  used on input line 300.
(pdftex.def)             Requested size: 232.71278pt x 64.23053pt.


LaTeX Warning: Citation `Doc2vec' on page 3 undefined on input line 308.


LaTeX Warning: Citation `Node2vec' on page 3 undefined on input line 322.


LaTeX Warning: Citation `GraphGAN' on page 3 undefined on input line 331.

[3{C:/Users/orfuc/AppData/Local/Programs/MiKTeX/fonts/enc/dvips/newtx/ntx-ot1-t
lf.enc} <./GAN1.pdf>]

LaTeX Font Warning: Command \small invalid in math mode on input line 350.


LaTeX Font Warning: Command \small invalid in math mode on input line 350.

<D.pdf, id=110, 647.39786pt x 260.79286pt>
File: D.pdf Graphic file (type pdf)
<use D.pdf>
Package pdftex.def Info: D.pdf  used on input line 356.
(pdftex.def)             Requested size: 242.82503pt x 97.81697pt.

Overfull \hbox (3.43065pt too wide) in paragraph at lines 356--357
 [][] 
 []


LaTeX Warning: Citation `self1' on page 4 undefined on input line 380.


LaTeX Warning: Citation `self2' on page 4 undefined on input line 380.


LaTeX Font Warning: Command \small invalid in math mode on input line 384.

LaTeX Font Info:    Calculating math sizes for size <> on input line 390.
<G.pdf, id=111, 637.23018pt x 242.68578pt>
File: G.pdf Graphic file (type pdf)
<use G.pdf>
Package pdftex.def Info: G.pdf  used on input line 394.
(pdftex.def)             Requested size: 242.82503pt x 92.47705pt.

Overfull \hbox (3.43065pt too wide) in paragraph at lines 394--395
 [][] 
 []


LaTeX Warning: Citation `policy1' on page 4 undefined on input line 403.

[4 <./D.pdf> <./G.pdf>]
Underfull \hbox (badness 1552) in paragraph at lines 484--485
\OT1/ptm/m/n/10 the con-nected com-po-nent $\LMS/ntxsy/m/n/10 N[]$ \OT1/ptm/m/n
/10 as can-di-dates, which
 []


LaTeX Warning: `h' float specifier changed to `ht'.


LaTeX Warning: Citation `JieTang' on page 5 undefined on input line 552.


LaTeX Warning: Citation `Block' on page 5 undefined on input line 552.


LaTeX Warning: Citation `Block' on page 5 undefined on input line 552.


LaTeX Warning: Citation `Anonymized' on page 5 undefined on input line 552.


LaTeX Warning: Citation `Anonymized' on page 5 undefined on input line 552.


LaTeX Warning: Citation `JieTang' on page 5 undefined on input line 564.


LaTeX Warning: Citation `AceKG' on page 5 undefined on input line 566.


Overfull \hbox (1.86345pt too wide) in paragraph at lines 588--590
 [] 
 []

[5]

LaTeX Warning: Citation `Anonymized' on page 6 undefined on input line 600.


LaTeX Warning: Citation `Anonymized' on page 6 undefined on input line 600.


LaTeX Warning: Citation `Block' on page 6 undefined on input line 602.


LaTeX Warning: Citation `Block' on page 6 undefined on input line 602.


LaTeX Warning: Citation `JieTang' on page 6 undefined on input line 604.

<Yang_Liu_doc2vec_new.pdf, id=217, 1531.37624pt x 1204.5pt>
File: Yang_Liu_doc2vec_new.pdf Graphic file (type pdf)
<use Yang_Liu_doc2vec_new.pdf>
Package pdftex.def Info: Yang_Liu_doc2vec_new.pdf  used on input line 631.
(pdftex.def)             Requested size: 121.41637pt x 95.49814pt.
<Yang_Liu_emb_new.pdf, id=218, 1531.37624pt x 1204.5pt>
File: Yang_Liu_emb_new.pdf Graphic file (type pdf)
<use Yang_Liu_emb_new.pdf>
Package pdftex.def Info: Yang_Liu_emb_new.pdf  used on input line 637.
(pdftex.def)             Requested size: 121.41637pt x 95.49814pt.
<Yang_Liu_dis_new.pdf, id=219, 1531.37624pt x 1204.5pt>
File: Yang_Liu_dis_new.pdf Graphic file (type pdf)
<use Yang_Liu_dis_new.pdf>
Package pdftex.def Info: Yang_Liu_dis_new.pdf  used on input line 643.
(pdftex.def)             Requested size: 121.41637pt x 95.49814pt.
<Yang_Liu_gen_new.pdf, id=220, 1531.37624pt x 1204.5pt>
File: Yang_Liu_gen_new.pdf Graphic file (type pdf)
<use Yang_Liu_gen_new.pdf>
Package pdftex.def Info: Yang_Liu_gen_new.pdf  used on input line 649.
(pdftex.def)             Requested size: 121.41637pt x 95.49814pt.

LaTeX Warning: Citation `JieTang' on page 6 undefined on input line 664.


LaTeX Warning: Citation `Block' on page 6 undefined on input line 664.


LaTeX Warning: Citation `Block' on page 6 undefined on input line 669.

[6]
Underfull \hbox (badness 1199) in paragraph at lines 720--722
[]\OT1/ptm/m/n/10 Experiments show that re-la-tion rep-re-sen-ta-tion re-sults
 []


Underfull \vbox (badness 1057) has occurred while \output is active []


Underfull \hbox (badness 1097) in paragraph at lines 747--748
\OT1/ptm/m/n/10 This work was sup-ported by Na-tional Key R&D Pro-
 []


Underfull \hbox (badness 3579) in paragraph at lines 747--748
\OT1/ptm/m/n/10 gram of China 2018YFB1004700, NSF China un-der
 []

No file AAAI_WangH_7426_changed.bbl.
[7 <./Yang_Liu_doc2vec_new.pdf> <./Yang_Liu_emb_new.pdf> <./Yang_Liu_dis_new.pd
f> <./Yang_Liu_gen_new.pdf>] [8

] (AAAI_WangH_7426_changed.aux)
 ***********
LaTeX2e <2023-06-01> patch level 1
L3 programming layer <2023-08-29>
 ***********
 ) 
Here is how much of TeX's memory you used:
 8290 strings out of 475247
 125116 string characters out of 5757792
 1962801 words of memory out of 5000000
 29669 multiletter control sequences out of 15000+600000
 632868 words of font info for 180 fonts, out of 8000000 for 9000
 1141 hyphenation exceptions out of 8191
 83i,18n,131p,1259b,539s stack positions out of 10000i,1000n,20000p,200000b,200000s
<C:/Users/orfuc/AppData/Local/Programs/MiKTeX/fonts/type1/public/newtx/NewTXM
I.pfb><C:/Users/orfuc/AppData/Local/Programs/MiKTeX/fonts/type1/public/newtx/Ne
wTXMI5.pfb><C:/Users/orfuc/AppData/Local/Programs/MiKTeX/fonts/type1/public/new
tx/NewTXMI7.pfb><C:/Users/orfuc/AppData/Local/Programs/MiKTeX/fonts/type1/publi
c/amsfonts/cm/cmsy10.pfb><C:/Users/orfuc/AppData/Local/Programs/MiKTeX/fonts/ty
pe1/public/newtx/txexs.pfb><C:/Users/orfuc/AppData/Local/Programs/MiKTeX/fonts/
type1/public/newtx/txmiaX.pfb><C:/Users/orfuc/AppData/Local/Programs/MiKTeX/fon
ts/type1/public/newtx/txsym.pfb><C:/Users/orfuc/AppData/Local/Programs/MiKTeX/f
onts/type1/public/newtx/txsys.pfb><C:/Users/orfuc/AppData/Local/Programs/MiKTeX
/fonts/type1/urw/courier/ucrr8a.pfb><C:/Users/orfuc/AppData/Local/Programs/MiKT
eX/fonts/type1/urw/times/utmb8a.pfb><C:/Users/orfuc/AppData/Local/Programs/MiKT
eX/fonts/type1/urw/times/utmr8a.pfb><C:/Users/orfuc/AppData/Local/Programs/MiKT
eX/fonts/type1/urw/times/utmri8a.pfb><C:/Users/orfuc/AppData/Local/Programs/MiK
TeX/fonts/type1/public/newtx/ztmr.pfb>
Output written on AAAI_WangH_7426_changed.pdf (8 pages, 2244578 bytes).
PDF statistics:
 313 PDF objects out of 1000 (max. 8388607)
 0 named destinations out of 1000 (max. 500000)
 41 words of extra memory for PDF output out of 10000 (max. 10000000)

