This is pdfTeX, Version 3.141592653-2.6-1.40.25 (MiKTeX 23.5) (preloaded format=pdflatex 2024.1.12)  3 MAR 2024 16:25
entering extended mode
 restricted \write18 enabled.
 %&-line parsing enabled.
**./aaai19_changed.tex
(aaai19_changed.tex
LaTeX2e <2023-06-01> patch level 1
L3 programming layer <2023-08-29>
(C:\Users\orfuc\AppData\Local\Programs\MiKTeX\tex/latex/base\article.cls
Document Class: article 2023/05/17 v1.4n Standard LaTeX document class
(C:\Users\orfuc\AppData\Local\Programs\MiKTeX\tex/latex/base\size10.clo
File: size10.clo 2023/05/17 v1.4n Standard LaTeX file (size option)
)
\c@part=\count185
\c@section=\count186
\c@subsection=\count187
\c@subsubsection=\count188
\c@paragraph=\count189
\c@subparagraph=\count190
\c@figure=\count191
\c@table=\count192
\abovecaptionskip=\skip48
\belowcaptionskip=\skip49
\bibindent=\dimen140
)
(aaai19.sty
Conference Style for AAAI for LaTeX 2e -- version for the AAAI-19 conference
\titlebox=\skip50
) (C:\Users\orfuc\AppData\Local\Programs\MiKTeX\tex/latex/psnfss\times.sty
Package: times 2020/03/25 PSNFSS-v9.3 (SPQR) 
)
(C:\Users\orfuc\AppData\Local\Programs\MiKTeX\tex/latex/psnfss\helvet.sty
Package: helvet 2020/03/25 PSNFSS-v9.3 (WaS) 

(C:\Users\orfuc\AppData\Local\Programs\MiKTeX\tex/latex/graphics\keyval.sty
Package: keyval 2022/05/29 v1.15 key=value parser (DPC)
\KV@toks@=\toks17
))
(C:\Users\orfuc\AppData\Local\Programs\MiKTeX\tex/latex/psnfss\courier.sty
Package: courier 2020/03/25 PSNFSS-v9.3 (WaS) 
)
(C:\Users\orfuc\AppData\Local\Programs\MiKTeX\tex/latex/url\url.sty
\Urlmuskip=\muskip16
Package: url 2013/09/16  ver 3.4  Verb mode for urls, etc.
)
(C:\Users\orfuc\AppData\Local\Programs\MiKTeX\tex/latex/graphics\graphicx.sty
Package: graphicx 2021/09/16 v1.2d Enhanced LaTeX Graphics (DPC,SPQR)

(C:\Users\orfuc\AppData\Local\Programs\MiKTeX\tex/latex/graphics\graphics.sty
Package: graphics 2022/03/10 v1.4e Standard LaTeX Graphics (DPC,SPQR)

(C:\Users\orfuc\AppData\Local\Programs\MiKTeX\tex/latex/graphics\trig.sty
Package: trig 2021/08/11 v1.11 sin cos tan (DPC)
)
(C:\Users\orfuc\AppData\Local\Programs\MiKTeX\tex/latex/graphics-cfg\graphics.c
fg
File: graphics.cfg 2016/06/04 v1.11 sample graphics configuration
)
Package graphics Info: Driver file: pdftex.def on input line 107.

(C:\Users\orfuc\AppData\Local\Programs\MiKTeX\tex/latex/graphics-def\pdftex.def
File: pdftex.def 2022/09/22 v1.2b Graphics/color driver for pdftex
))
\Gin@req@height=\dimen141
\Gin@req@width=\dimen142
)
(C:\Users\orfuc\AppData\Local\Programs\MiKTeX\tex/latex/multirow\multirow.sty
Package: multirow 2021/03/15 v2.8 Span multiple rows of a table
\multirow@colwidth=\skip51
\multirow@cntb=\count193
\multirow@dima=\skip52
\bigstrutjot=\dimen143
)
(C:\Users\orfuc\AppData\Local\Programs\MiKTeX\tex/latex/booktabs\booktabs.sty
Package: booktabs 2020/01/12 v1.61803398 Publication quality tables
\heavyrulewidth=\dimen144
\lightrulewidth=\dimen145
\cmidrulewidth=\dimen146
\belowrulesep=\dimen147
\belowbottomsep=\dimen148
\aboverulesep=\dimen149
\abovetopsep=\dimen150
\cmidrulesep=\dimen151
\cmidrulekern=\dimen152
\defaultaddspace=\dimen153
\@cmidla=\count194
\@cmidlb=\count195
\@aboverulesep=\dimen154
\@belowrulesep=\dimen155
\@thisruleclass=\count196
\@lastruleclass=\count197
\@thisrulewidth=\dimen156
)
(C:\Users\orfuc\AppData\Local\Programs\MiKTeX\tex/latex/amsmath\amsmath.sty
Package: amsmath 2023/05/13 v2.17o AMS math features
\@mathmargin=\skip53

For additional information on amsmath, use the `?' option.
(C:\Users\orfuc\AppData\Local\Programs\MiKTeX\tex/latex/amsmath\amstext.sty
Package: amstext 2021/08/26 v2.01 AMS text

(C:\Users\orfuc\AppData\Local\Programs\MiKTeX\tex/latex/amsmath\amsgen.sty
File: amsgen.sty 1999/11/30 v2.0 generic functions
\@emptytoks=\toks18
\ex@=\dimen157
))
(C:\Users\orfuc\AppData\Local\Programs\MiKTeX\tex/latex/amsmath\amsbsy.sty
Package: amsbsy 1999/11/29 v1.2d Bold Symbols
\pmbraise@=\dimen158
)
(C:\Users\orfuc\AppData\Local\Programs\MiKTeX\tex/latex/amsmath\amsopn.sty
Package: amsopn 2022/04/08 v2.04 operator names
)
\inf@bad=\count198
LaTeX Info: Redefining \frac on input line 234.
\uproot@=\count199
\leftroot@=\count266
LaTeX Info: Redefining \overline on input line 399.
LaTeX Info: Redefining \colon on input line 410.
\classnum@=\count267
\DOTSCASE@=\count268
LaTeX Info: Redefining \ldots on input line 496.
LaTeX Info: Redefining \dots on input line 499.
LaTeX Info: Redefining \cdots on input line 620.
\Mathstrutbox@=\box51
\strutbox@=\box52
LaTeX Info: Redefining \big on input line 722.
LaTeX Info: Redefining \Big on input line 723.
LaTeX Info: Redefining \bigg on input line 724.
LaTeX Info: Redefining \Bigg on input line 725.
\big@size=\dimen159
LaTeX Font Info:    Redeclaring font encoding OML on input line 743.
LaTeX Font Info:    Redeclaring font encoding OMS on input line 744.
\macc@depth=\count269
LaTeX Info: Redefining \bmod on input line 905.
LaTeX Info: Redefining \pmod on input line 910.
LaTeX Info: Redefining \smash on input line 940.
LaTeX Info: Redefining \relbar on input line 970.
LaTeX Info: Redefining \Relbar on input line 971.
\c@MaxMatrixCols=\count270
\dotsspace@=\muskip17
\c@parentequation=\count271
\dspbrk@lvl=\count272
\tag@help=\toks19
\row@=\count273
\column@=\count274
\maxfields@=\count275
\andhelp@=\toks20
\eqnshift@=\dimen160
\alignsep@=\dimen161
\tagshift@=\dimen162
\tagwidth@=\dimen163
\totwidth@=\dimen164
\lineht@=\dimen165
\@envbody=\toks21
\multlinegap=\skip54
\multlinetaggap=\skip55
\mathdisplay@stack=\toks22
LaTeX Info: Redefining \[ on input line 2953.
LaTeX Info: Redefining \] on input line 2954.
)
(C:\Users\orfuc\AppData\Local\Programs\MiKTeX\tex/latex/amsfonts\amssymb.sty
Package: amssymb 2013/01/14 v3.01 AMS font symbols

(C:\Users\orfuc\AppData\Local\Programs\MiKTeX\tex/latex/amsfonts\amsfonts.sty
Package: amsfonts 2013/01/14 v3.01 Basic AMSFonts support
\symAMSa=\mathgroup4
\symAMSb=\mathgroup5
LaTeX Font Info:    Redeclaring math symbol \hbar on input line 98.
LaTeX Font Info:    Overwriting math alphabet `\mathfrak' in version `bold'
(Font)                  U/euf/m/n --> U/euf/b/n on input line 106.
)) (C:\Users\orfuc\AppData\Local\Programs\MiKTeX\tex/latex/makecell\makecell.st
y
Package: makecell 2009/08/03 V0.1e Managing of Tab Column Heads and Cells

(C:\Users\orfuc\AppData\Local\Programs\MiKTeX\tex/latex/tools\array.sty
Package: array 2022/09/04 v2.5g Tabular extension package (FMi)
\col@sep=\dimen166
\ar@mcellbox=\box53
\extrarowheight=\dimen167
\NC@list=\toks23
\extratabsurround=\skip56
\backup@length=\skip57
\ar@cellbox=\box54
)
\rotheadsize=\dimen168
\c@nlinenum=\count276
\TeXr@lab=\toks24
)
(C:\Users\orfuc\AppData\Local\Programs\MiKTeX\tex/latex/tools\verbatim.sty
Package: verbatim 2022-07-02 v1.5u LaTeX2e package for verbatim enhancements
\every@verbatim=\toks25
\verbatim@line=\toks26
\verbatim@in@stream=\read2
)
(C:\Users\orfuc\AppData\Local\Programs\MiKTeX\tex/latex/xcolor\xcolor.sty
Package: xcolor 2022/06/12 v2.14 LaTeX color extensions (UK)

(C:\Users\orfuc\AppData\Local\Programs\MiKTeX\tex/latex/graphics-cfg\color.cfg
File: color.cfg 2016/01/02 v1.6 sample color configuration
)
Package xcolor Info: Driver file: pdftex.def on input line 227.
(C:\Users\orfuc\AppData\Local\Programs\MiKTeX\tex/latex/graphics\mathcolor.ltx)
Package xcolor Info: Model `cmy' substituted by `cmy0' on input line 1353.
Package xcolor Info: Model `hsb' substituted by `rgb' on input line 1357.
Package xcolor Info: Model `RGB' extended on input line 1369.
Package xcolor Info: Model `HTML' substituted by `rgb' on input line 1371.
Package xcolor Info: Model `Hsb' substituted by `hsb' on input line 1372.
Package xcolor Info: Model `tHsb' substituted by `hsb' on input line 1373.
Package xcolor Info: Model `HSB' substituted by `hsb' on input line 1374.
Package xcolor Info: Model `Gray' substituted by `gray' on input line 1375.
Package xcolor Info: Model `wave' substituted by `hsb' on input line 1376.
) (C:\Users\orfuc\AppData\Local\Programs\MiKTeX\tex/generic/soul\soul.sty
Package: soul 2023-06-14 v3.1 Permit use of UTF-8 characters in soul (HO)

(C:\Users\orfuc\AppData\Local\Programs\MiKTeX\tex/generic/soul\soul-ori.sty
Package: soul-ori 2023-06-14 v3.1 letterspacing/underlining (mf)
\SOUL@word=\toks27
\SOUL@lasttoken=\toks28
\SOUL@syllable=\toks29
\SOUL@cmds=\toks30
\SOUL@buffer=\toks31
\SOUL@token=\toks32
\SOUL@syllgoal=\dimen169
\SOUL@syllwidth=\dimen170
\SOUL@charkern=\dimen171
\SOUL@hyphkern=\dimen172
\SOUL@dimen=\dimen173
\SOUL@dimeni=\dimen174
\SOUL@minus=\count277
\SOUL@comma=\count278
\SOUL@apo=\count279
\SOUL@grave=\count280
\SOUL@spaceskip=\skip58
\SOUL@ttwidth=\dimen175
\SOUL@uldp=\dimen176
\SOUL@ulht=\dimen177
)
(C:\Users\orfuc\AppData\Local\Programs\MiKTeX\tex/generic/infwarerr\infwarerr.s
ty
Package: infwarerr 2019/12/03 v1.5 Providing info/warning/error messages (HO)
)
(C:\Users\orfuc\AppData\Local\Programs\MiKTeX\tex/generic/etexcmds\etexcmds.sty
Package: etexcmds 2019/12/15 v1.7 Avoid name clashes with e-TeX commands (HO)
(C:\Users\orfuc\AppData\Local\Programs\MiKTeX\tex/generic/iftex\iftex.sty
Package: iftex 2022/02/03 v1.0f TeX engine tests
)))
(C:\Users\orfuc\AppData\Local\Programs\MiKTeX\tex/latex/psnfss\pifont.sty
Package: pifont 2020/03/25 PSNFSS-v9.3 Pi font support (SPQR) 
LaTeX Font Info:    Trying to load font information for U+pzd on input line 63.


(C:\Users\orfuc\AppData\Local\Programs\MiKTeX\tex/latex/psnfss\upzd.fd
File: upzd.fd 2001/06/04 font definitions for U/pzd.
)
LaTeX Font Info:    Trying to load font information for U+psy on input line 64.


(C:\Users\orfuc\AppData\Local\Programs\MiKTeX\tex/latex/psnfss\upsy.fd
File: upsy.fd 2001/06/04 font definitions for U/psy.
))
LaTeX Font Info:    Trying to load font information for OT1+ptm on input line 4
3.

(C:\Users\orfuc\AppData\Local\Programs\MiKTeX\tex/latex/psnfss\ot1ptm.fd
File: ot1ptm.fd 2001/06/04 font definitions for OT1/ptm.
)
(C:\Users\orfuc\AppData\Local\Programs\MiKTeX\tex/latex/l3backend\l3backend-pdf
tex.def
File: l3backend-pdftex.def 2023-04-19 L3 backend support: PDF output (pdfTeX)
\l__color_backend_stack_int=\count281
\l__pdf_internal_box=\box55
) (aaai19_changed.aux)
\openout1 = `aaai19_changed.aux'.

LaTeX Font Info:    Checking defaults for OML/cmm/m/it on input line 43.
LaTeX Font Info:    ... okay on input line 43.
LaTeX Font Info:    Checking defaults for OMS/cmsy/m/n on input line 43.
LaTeX Font Info:    ... okay on input line 43.
LaTeX Font Info:    Checking defaults for OT1/cmr/m/n on input line 43.
LaTeX Font Info:    ... okay on input line 43.
LaTeX Font Info:    Checking defaults for T1/cmr/m/n on input line 43.
LaTeX Font Info:    ... okay on input line 43.
LaTeX Font Info:    Checking defaults for TS1/cmr/m/n on input line 43.
LaTeX Font Info:    ... okay on input line 43.
LaTeX Font Info:    Checking defaults for OMX/cmex/m/n on input line 43.
LaTeX Font Info:    ... okay on input line 43.
LaTeX Font Info:    Checking defaults for U/cmr/m/n on input line 43.
LaTeX Font Info:    ... okay on input line 43.

(C:\Users\orfuc\AppData\Local\Programs\MiKTeX\tex/context/base/mkii\supp-pdf.mk
ii
[Loading MPS to PDF converter (version 2006.09.02).]
\scratchcounter=\count282
\scratchdimen=\dimen178
\scratchbox=\box56
\nofMPsegments=\count283
\nofMParguments=\count284
\everyMPshowfont=\toks33
\MPscratchCnt=\count285
\MPscratchDim=\dimen179
\MPnumerator=\count286
\makeMPintoPDFobject=\count287
\everyMPtoPDFconversion=\toks34
)
(C:\Users\orfuc\AppData\Local\Programs\MiKTeX\tex/latex/epstopdf-pkg\epstopdf-b
ase.sty
Package: epstopdf-base 2020-01-24 v2.11 Base part for package epstopdf
Package epstopdf-base Info: Redefining graphics rule for `.eps' on input line 4
85.

(C:\Users\orfuc\AppData\Local\Programs\MiKTeX\tex/latex/00miktex\epstopdf-sys.c
fg
File: epstopdf-sys.cfg 2021/03/18 v2.0 Configuration of epstopdf for MiKTeX
))
LaTeX Font Info:    Trying to load font information for U+msa on input line 59.

 (C:\Users\orfuc\AppData\Local\Programs\MiKTeX\tex/latex/amsfonts\umsa.fd
File: umsa.fd 2013/01/14 v3.01 AMS symbols A
)
LaTeX Font Info:    Trying to load font information for U+msb on input line 59.


(C:\Users\orfuc\AppData\Local\Programs\MiKTeX\tex/latex/amsfonts\umsb.fd
File: umsb.fd 2013/01/14 v3.01 AMS symbols B
)
LaTeX Font Info:    Trying to load font information for TS1+ptm on input line 5
9.

(C:\Users\orfuc\AppData\Local\Programs\MiKTeX\tex/latex/psnfss\ts1ptm.fd
File: ts1ptm.fd 2001/06/04 font definitions for TS1/ptm.
)
LaTeX Font Info:    Trying to load font information for OMS+ptm on input line 5
9.

(C:\Users\orfuc\AppData\Local\Programs\MiKTeX\tex/latex/psnfss\omsptm.fd
File: omsptm.fd 
)
LaTeX Font Info:    Font shape `OMS/ptm/m/n' in size <10> not available
(Font)              Font shape `OMS/cmsy/m/n' tried instead on input line 59.


LaTeX Warning: Citation `liu2012sentiment' on page 1 undefined on input line 66
.


LaTeX Warning: Citation `S14-2004' on page 1 undefined on input line 66.


LaTeX Warning: Citation `J11-1002' on page 1 undefined on input line 68.


LaTeX Warning: Citation `P13-1172' on page 1 undefined on input line 68.


LaTeX Warning: Citation `P14-1030' on page 1 undefined on input line 68.


LaTeX Warning: Citation `D15-1168' on page 1 undefined on input line 68.


LaTeX Warning: Citation `yin2016unsupervised' on page 1 undefined on input line
 68.


LaTeX Warning: Citation `D16-1059' on page 1 undefined on input line 68.


LaTeX Warning: Citation `wang2017coupled' on page 1 undefined on input line 68.



LaTeX Warning: Citation `P17-1036' on page 1 undefined on input line 68.


LaTeX Warning: Citation `D17-1310' on page 1 undefined on input line 68.


LaTeX Warning: Citation `li2018aspect' on page 1 undefined on input line 68.


LaTeX Warning: Citation `P18-2094' on page 1 undefined on input line 68.


LaTeX Warning: Citation `P14-2009' on page 1 undefined on input line 70.


LaTeX Warning: Citation `D16-1021' on page 1 undefined on input line 70.


LaTeX Warning: Citation `D16-1058' on page 1 undefined on input line 70.


LaTeX Warning: Citation `ma2017interactive' on page 1 undefined on input line 7
0.


LaTeX Warning: Citation `D17-1047' on page 1 undefined on input line 70.


LaTeX Warning: Citation `tay2017learning' on page 1 undefined on input line 70.



LaTeX Warning: Citation `ma2018targeted' on page 1 undefined on input line 70.


LaTeX Warning: Citation `N18-2043' on page 1 undefined on input line 70.


LaTeX Warning: Citation `P18-1087' on page 1 undefined on input line 70.


LaTeX Warning: Citation `P18-1088' on page 1 undefined on input line 70.


LaTeX Warning: Citation `P18-1234' on page 1 undefined on input line 70.


LaTeX Warning: Citation `P18-2092' on page 1 undefined on input line 70.


LaTeX Warning: Citation `li2019exploiting' on page 1 undefined on input line 70
.


LaTeX Warning: Citation `W03-1026' on page 1 undefined on input line 72.


LaTeX Warning: Citation `W04-3236' on page 1 undefined on input line 72.


LaTeX Warning: Citation `N09-1037' on page 1 undefined on input line 72.


LaTeX Warning: Citation `D14-1200' on page 1 undefined on input line 72.


LaTeX Warning: Citation `D13-1171' on page 1 undefined on input line 72.


LaTeX Warning: Citation `D15-1073' on page 1 undefined on input line 72.

LaTeX Font Info:    Trying to load font information for OT1+pcr on input line 7
2.
(C:\Users\orfuc\AppData\Local\Programs\MiKTeX\tex/latex/psnfss\ot1pcr.fd
File: ot1pcr.fd 2001/06/04 font definitions for OT1/pcr.
)
LaTeX Font Info:    Trying to load font information for OMS+pcr on input line 7
2.

(C:\Users\orfuc\AppData\Local\Programs\MiKTeX\tex/latex/psnfss\omspcr.fd
File: omspcr.fd 
)
LaTeX Font Info:    Font shape `OMS/pcr/m/n' in size <10> not available
(Font)              Font shape `OMS/cmsy/m/n' tried instead on input line 72.


LaTeX Warning: Citation `D13-1171' on page 1 undefined on input line 93.


LaTeX Warning: Citation `D15-1073' on page 1 undefined on input line 93.

[1{C:/Users/orfuc/AppData/Local/MiKTeX/fonts/map/pdftex/pdftex.map}{C:/Users/or
fuc/AppData/Local/Programs/MiKTeX/fonts/enc/dvips/base/8r.enc}



]

LaTeX Warning: Citation `S14-2004' on page 2 undefined on input line 102.


LaTeX Warning: Citation `S15-2082' on page 2 undefined on input line 102.


LaTeX Warning: Citation `S16-1002' on page 2 undefined on input line 102.



pdfTeX warning: pdflatex (file ./architecture_v8.pdf): PDF inclusion: found PDF
 version <1.7>, but at most version <1.5> allowed
<architecture_v8.pdf, id=11, 1618.0048pt x 513.59879pt>
File: architecture_v8.pdf Graphic file (type pdf)
<use architecture_v8.pdf>
Package pdftex.def Info: architecture_v8.pdf  used on input line 110.
(pdftex.def)             Requested size: 505.89pt x 160.57759pt.

Underfull \hbox (badness 10000) in paragraph at lines 119--122
\OT1/ptm/m/n/10 We for-mu-late the com-plete Target-Based Sen-ti-ment
 []


Underfull \hbox (badness 3780) in paragraph at lines 119--122
\OT1/ptm/m/n/10 Anal-y-sis (TBSA) task as a se-quence la-bel-ing prob-
 []


Underfull \hbox (badness 2961) in paragraph at lines 119--122
\OT1/ptm/m/n/10 lem, and em-ploy a uni-fied tag-ging scheme: $\OMS/cmsy/m/n/10 
Y[] \OT1/cmr/m/n/10 =
 []


Overfull \hbox (6.71652pt too wide) in paragraph at lines 119--122
\OMS/cmsy/m/n/10 f[]\OML/cmm/m/it/10 ; []; []; []; []; []; []; [] 
 []


Underfull \hbox (badness 7047) in paragraph at lines 119--122
[]\OML/cmm/m/it/10 ; []; []; []; []; []\OMS/cmsy/m/n/10 g$\OT1/ptm/m/n/10 . Ex-
cept \OT1/pcr/m/n/10 O\OT1/ptm/m/n/10 ,
 []


Underfull \hbox (badness 1354) in paragraph at lines 119--122
\OT1/ptm/m/n/10 with length $\OML/cmm/m/it/10 T$\OT1/ptm/m/n/10 , our goal is t
o pre-dict a tag se-quence
 []


Underfull \vbox (badness 10000) has occurred while \output is active []

 [2]

LaTeX Warning: Citation `D15-1073' on page 3 undefined on input line 151.


Underfull \hbox (badness 1584) in paragraph at lines 151--153
\OT1/ptm/m/n/10 posed to be use-ful for im-prov-ing the per-for-mance of
 []

[3 <./architecture_v8.pdf>]

LaTeX Warning: Citation `S14-2004' on page 4 undefined on input line 189.


LaTeX Warning: Citation `S15-2082' on page 4 undefined on input line 189.


LaTeX Warning: Citation `S16-1002' on page 4 undefined on input line 189.


Underfull \hbox (badness 1281) in paragraph at lines 199--200
\OT1/ptm/m/n/10 gradient-based meth-ods. Word/Token-level cross-entropy
 []


LaTeX Warning: No positions in optional float specifier.
               Default added (so using `tbp') on input line 208.


LaTeX Warning: No positions in optional float specifier.
               Default added (so using `tbp') on input line 227.


Overfull \hbox (26.31836pt too wide) in paragraph at lines 229--255
 [][] 
 []


LaTeX Warning: Citation `S14-2004' on page 4 undefined on input line 262.


LaTeX Warning: Citation `S15-2082' on page 4 undefined on input line 262.


LaTeX Warning: Citation `S16-1002' on page 4 undefined on input line 262.


LaTeX Warning: Citation `D13-1171' on page 4 undefined on input line 262.


LaTeX Warning: Citation `D13-1171' on page 4 undefined on input line 262.


LaTeX Warning: Citation `D15-1073' on page 4 undefined on input line 262.


LaTeX Warning: Citation `D13-1171' on page 4 undefined on input line 271.


LaTeX Warning: Citation `D15-1073' on page 4 undefined on input line 272.

[4]

LaTeX Warning: Citation `li2018aspect' on page 5 undefined on input line 273.


LaTeX Warning: Citation `P18-1087' on page 5 undefined on input line 273.


Underfull \hbox (badness 10000) in paragraph at lines 273--273
[][]\OT1/ptm/m/n/9 Available at: https://github.com/lixin4ever/HAST and
 []


LaTeX Warning: Citation `N16-1030' on page 5 undefined on input line 275.


LaTeX Warning: Citation `P16-1101' on page 5 undefined on input line 276.


LaTeX Warning: Citation `liu2017empower' on page 5 undefined on input line 277.



LaTeX Warning: Citation `D14-1162' on page 5 undefined on input line 283.


LaTeX Warning: Citation `D14-1181' on page 5 undefined on input line 283.


Underfull \vbox (badness 2443) has occurred while \output is active []



LaTeX Warning: Citation `glorot2010understanding' on page 5 undefined on input 
line 286.


LaTeX Warning: Citation `kingma2014adam' on page 5 undefined on input line 288.



LaTeX Warning: Citation `N16-1030' on page 5 undefined on input line 289.

[5]

LaTeX Warning: Citation `santos2014learning' on page 6 undefined on input line 
320.


LaTeX Warning: Citation `kim2016character' on page 6 undefined on input line 32
0.


LaTeX Warning: Citation `P18-1087' on page 6 undefined on input line 320.


Underfull \vbox (badness 3323) has occurred while \output is active []

 [6]

LaTeX Warning: Citation `D13-1171' on page 7 undefined on input line 344.


LaTeX Warning: Citation `D15-1073' on page 7 undefined on input line 344.

<param_tuning.pdf, id=60, 409.94215pt x 315.83257pt>
File: param_tuning.pdf Graphic file (type pdf)
<use param_tuning.pdf>
Package pdftex.def Info: param_tuning.pdf  used on input line 348.
(pdftex.def)             Requested size: 242.82503pt x 187.08174pt.

Overfull \hbox (3.43065pt too wide) in paragraph at lines 348--349
 [][] 
 []

[7 <./param_tuning.pdf>] [8

]
No file aaai19_changed.bbl.
(aaai19_changed.aux)
 ***********
LaTeX2e <2023-06-01> patch level 1
L3 programming layer <2023-08-29>
 ***********
 ) 
Here is how much of TeX's memory you used:
 4290 strings out of 475247
 64849 string characters out of 5757792
 1958801 words of memory out of 5000000
 25700 multiletter control sequences out of 15000+600000
 594288 words of font info for 121 fonts, out of 8000000 for 9000
 1141 hyphenation exceptions out of 8191
 57i,27n,65p,1616b,326s stack positions out of 10000i,1000n,20000p,200000b,200000s
<C:/Users/orfuc/AppData/Local/Programs/MiKTeX/fonts/type1/public/amsfonts/cm/
cmbx10.pfb><C:/Users/orfuc/AppData/Local/Programs/MiKTeX/fonts/type1/public/ams
fonts/cm/cmex10.pfb><C:/Users/orfuc/AppData/Local/Programs/MiKTeX/fonts/type1/p
ublic/amsfonts/cm/cmmi10.pfb><C:/Users/orfuc/AppData/Local/Programs/MiKTeX/font
s/type1/public/amsfonts/cm/cmmi5.pfb><C:/Users/orfuc/AppData/Local/Programs/MiK
TeX/fonts/type1/public/amsfonts/cm/cmmi7.pfb><C:/Users/orfuc/AppData/Local/Prog
rams/MiKTeX/fonts/type1/public/amsfonts/cm/cmr10.pfb><C:/Users/orfuc/AppData/Lo
cal/Programs/MiKTeX/fonts/type1/public/amsfonts/cm/cmr7.pfb><C:/Users/orfuc/App
Data/Local/Programs/MiKTeX/fonts/type1/public/amsfonts/cm/cmsy10.pfb><C:/Users/
orfuc/AppData/Local/Programs/MiKTeX/fonts/type1/public/amsfonts/cm/cmsy5.pfb><C
:/Users/orfuc/AppData/Local/Programs/MiKTeX/fonts/type1/public/amsfonts/cm/cmsy
7.pfb><C:/Users/orfuc/AppData/Local/Programs/MiKTeX/fonts/type1/public/amsfonts
/symbols/msbm10.pfb><C:/Users/orfuc/AppData/Local/Programs/MiKTeX/fonts/type1/u
rw/courier/ucrr8a.pfb><C:/Users/orfuc/AppData/Local/Programs/MiKTeX/fonts/type1
/urw/times/utmb8a.pfb><C:/Users/orfuc/AppData/Local/Programs/MiKTeX/fonts/type1
/urw/times/utmbi8a.pfb><C:/Users/orfuc/AppData/Local/Programs/MiKTeX/fonts/type
1/urw/times/utmr8a.pfb><C:/Users/orfuc/AppData/Local/Programs/MiKTeX/fonts/type
1/urw/times/utmri8a.pfb><C:/Users/orfuc/AppData/Local/Programs/MiKTeX/fonts/typ
e1/urw/zapfding/uzdr.pfb>
Output written on aaai19_changed.pdf (8 pages, 318817 bytes).
PDF statistics:
 180 PDF objects out of 1000 (max. 8388607)
 0 named destinations out of 1000 (max. 500000)
 11 words of extra memory for PDF output out of 10000 (max. 10000000)

