This is pdfTeX, Version 3.141592653-2.6-1.40.25 (MiKTeX 23.5) (preloaded format=pdflatex 2024.1.12)  2 MAR 2024 14:01
entering extended mode
 restricted \write18 enabled.
 %&-line parsing enabled.
**./after_operator7.tex
(after_operator7.tex
LaTeX2e <2023-06-01> patch level 1
L3 programming layer <2023-08-29>
(C:\Users\orfuc\AppData\Local\Programs\MiKTeX\tex/latex/base\article.cls
Document Class: article 2023/05/17 v1.4n Standard LaTeX document class
(C:\Users\orfuc\AppData\Local\Programs\MiKTeX\tex/latex/base\size10.clo
File: size10.clo 2023/05/17 v1.4n Standard LaTeX file (size option)
)
\c@part=\count185
\c@section=\count186
\c@subsection=\count187
\c@subsubsection=\count188
\c@paragraph=\count189
\c@subparagraph=\count190
\c@figure=\count191
\c@table=\count192
\abovecaptionskip=\skip48
\belowcaptionskip=\skip49
\bibindent=\dimen140
)
(C:\Users\orfuc\AppData\Local\Programs\MiKTeX\tex/latex/adjustbox\adjustbox.sty
Package: adjustbox 2022/10/17 v1.3a Adjusting TeX boxes (trim, clip, ...)
(C:\Users\orfuc\AppData\Local\Programs\MiKTeX\tex/latex/xkeyval\xkeyval.sty
Package: xkeyval 2022/06/16 v2.9 package option processing (HA)

(C:\Users\orfuc\AppData\Local\Programs\MiKTeX\tex/generic/xkeyval\xkeyval.tex
(C:\Users\orfuc\AppData\Local\Programs\MiKTeX\tex/generic/xkeyval\xkvutils.tex
\XKV@toks=\toks17
\XKV@tempa@toks=\toks18

(C:\Users\orfuc\AppData\Local\Programs\MiKTeX\tex/generic/xkeyval\keyval.tex))
\XKV@depth=\count193
File: xkeyval.tex 2014/12/03 v2.7a key=value parser (HA)
)) (C:\Users\orfuc\AppData\Local\Programs\MiKTeX\tex/latex/adjustbox\adjcalc.st
y
Package: adjcalc 2012/05/16 v1.1 Provides advanced setlength with multiple back
-ends (calc, etex, pgfmath)
)
(C:\Users\orfuc\AppData\Local\Programs\MiKTeX\tex/latex/adjustbox\trimclip.sty
Package: trimclip 2020/08/19 v1.2 Trim and clip general TeX material

(C:\Users\orfuc\AppData\Local\Programs\MiKTeX\tex/latex/graphics\graphicx.sty
Package: graphicx 2021/09/16 v1.2d Enhanced LaTeX Graphics (DPC,SPQR)

(C:\Users\orfuc\AppData\Local\Programs\MiKTeX\tex/latex/graphics\graphics.sty
Package: graphics 2022/03/10 v1.4e Standard LaTeX Graphics (DPC,SPQR)

(C:\Users\orfuc\AppData\Local\Programs\MiKTeX\tex/latex/graphics\trig.sty
Package: trig 2021/08/11 v1.11 sin cos tan (DPC)
)
(C:\Users\orfuc\AppData\Local\Programs\MiKTeX\tex/latex/graphics-cfg\graphics.c
fg
File: graphics.cfg 2016/06/04 v1.11 sample graphics configuration
)
Package graphics Info: Driver file: pdftex.def on input line 107.

(C:\Users\orfuc\AppData\Local\Programs\MiKTeX\tex/latex/graphics-def\pdftex.def
File: pdftex.def 2022/09/22 v1.2b Graphics/color driver for pdftex
))
\Gin@req@height=\dimen141
\Gin@req@width=\dimen142
)
(C:\Users\orfuc\AppData\Local\Programs\MiKTeX\tex/latex/collectbox\collectbox.s
ty
Package: collectbox 2022/10/17 v0.4c Collect macro arguments as boxes
\collectedbox=\box51
)
\tc@llx=\dimen143
\tc@lly=\dimen144
\tc@urx=\dimen145
\tc@ury=\dimen146
Package trimclip Info: Using driver 'tc-pdftex.def'.

(C:\Users\orfuc\AppData\Local\Programs\MiKTeX\tex/latex/adjustbox\tc-pdftex.def
File: tc-pdftex.def 2019/01/04 v2.2 Clipping driver for pdftex
))
\adjbox@Width=\dimen147
\adjbox@Height=\dimen148
\adjbox@Depth=\dimen149
\adjbox@Totalheight=\dimen150
\adjbox@pwidth=\dimen151
\adjbox@pheight=\dimen152
\adjbox@pdepth=\dimen153
\adjbox@ptotalheight=\dimen154

(C:\Users\orfuc\AppData\Local\Programs\MiKTeX\tex/latex/ifoddpage\ifoddpage.sty
Package: ifoddpage 2022/10/18 v1.2 Conditionals for odd/even page detection
\c@checkoddpage=\count194
) (C:\Users\orfuc\AppData\Local\Programs\MiKTeX\tex/latex/varwidth\varwidth.sty
Package: varwidth 2009/03/30 ver 0.92;  Variable-width minipages
\@vwid@box=\box52
\sift@deathcycles=\count195
\@vwid@loff=\dimen155
\@vwid@roff=\dimen156
)) (aaai24.sty
Package: aaai24 2023/06/26 AAAI 2024 Submission format

Conference Style for AAAI for LaTeX 2e -- version for submission
\titlebox=\skip50
) (C:\Users\orfuc\AppData\Local\Programs\MiKTeX\tex/latex/psnfss\times.sty
Package: times 2020/03/25 PSNFSS-v9.3 (SPQR) 
)
(C:\Users\orfuc\AppData\Local\Programs\MiKTeX\tex/latex/psnfss\helvet.sty
Package: helvet 2020/03/25 PSNFSS-v9.3 (WaS) 
)
(C:\Users\orfuc\AppData\Local\Programs\MiKTeX\tex/latex/psnfss\courier.sty
Package: courier 2020/03/25 PSNFSS-v9.3 (WaS) 
)
(C:\Users\orfuc\AppData\Local\Programs\MiKTeX\tex/latex/url\url.sty
\Urlmuskip=\muskip16
Package: url 2013/09/16  ver 3.4  Verb mode for urls, etc.
)
(C:\Users\orfuc\AppData\Local\Programs\MiKTeX\tex/latex/natbib\natbib.sty
Package: natbib 2010/09/13 8.31b (PWD, AO)
\bibhang=\skip51
\bibsep=\skip52
LaTeX Info: Redefining \cite on input line 694.
\c@NAT@ctr=\count196
)
(C:\Users\orfuc\AppData\Local\Programs\MiKTeX\tex/latex/caption\caption.sty
Package: caption 2023/07/31 v3.6n Customizing captions (AR)

(C:\Users\orfuc\AppData\Local\Programs\MiKTeX\tex/latex/caption\caption3.sty
Package: caption3 2023/07/31 v2.4d caption3 kernel (AR)
\caption@tempdima=\dimen157
\captionmargin=\dimen158
\caption@leftmargin=\dimen159
\caption@rightmargin=\dimen160
\caption@width=\dimen161
\caption@indent=\dimen162
\caption@parindent=\dimen163
\caption@hangindent=\dimen164
Package caption Info: Standard document class detected.
)
\c@caption@flags=\count197
\c@continuedfloat=\count198
)
(C:\Users\orfuc\AppData\Local\Programs\MiKTeX\tex/latex/caption\subcaption.sty
Package: subcaption 2023/07/28 v1.6b Sub-captions (AR)
Package caption Info: New subtype `subfigure' on input line 238.
\c@subfigure=\count199
Package caption Info: New subtype `subtable' on input line 238.
\c@subtable=\count266
)
(C:\Users\orfuc\AppData\Local\Programs\MiKTeX\tex/latex/algorithms\algorithm.st
y
Package: algorithm 2009/08/24 v0.1 Document Style `algorithm' - floating enviro
nment
 (C:\Users\orfuc\AppData\Local\Programs\MiKTeX\tex/latex/float\float.sty
Package: float 2001/11/08 v1.3d Float enhancements (AL)
\c@float@type=\count267
\float@exts=\toks19
\float@box=\box53
\@float@everytoks=\toks20
\@floatcapt=\box54
)
(C:\Users\orfuc\AppData\Local\Programs\MiKTeX\tex/latex/base\ifthen.sty
Package: ifthen 2022/04/13 v1.1d Standard LaTeX ifthen package (DPC)
)
\@float@every@algorithm=\toks21
\c@algorithm=\count268
)
(C:\Users\orfuc\AppData\Local\Programs\MiKTeX\tex/latex/algorithmicx\algpseudoc
ode.sty
Package: algpseudocode 

(C:\Users\orfuc\AppData\Local\Programs\MiKTeX\tex/latex/algorithmicx\algorithmi
cx.sty
Package: algorithmicx 2005/04/27 v1.2 Algorithmicx

Document Style algorithmicx 1.2 - a greatly improved `algorithmic' style
\c@ALG@line=\count269
\c@ALG@rem=\count270
\c@ALG@nested=\count271
\ALG@tlm=\skip53
\ALG@thistlm=\skip54
\c@ALG@Lnr=\count272
\c@ALG@blocknr=\count273
\c@ALG@storecount=\count274
\c@ALG@tmpcounter=\count275
\ALG@tmplength=\skip55
)
Document Style - pseudocode environments for use with the `algorithmicx' style
) (C:\Users\orfuc\AppData\Local\Programs\MiKTeX\tex/latex/graphics\color.sty
Package: color 2022/01/06 v1.3d Standard LaTeX Color (DPC)

(C:\Users\orfuc\AppData\Local\Programs\MiKTeX\tex/latex/graphics-cfg\color.cfg
File: color.cfg 2016/01/02 v1.6 sample color configuration
)
Package color Info: Driver file: pdftex.def on input line 149.
(C:\Users\orfuc\AppData\Local\Programs\MiKTeX\tex/latex/graphics\mathcolor.ltx)
) (C:\Users\orfuc\AppData\Local\Programs\MiKTeX\tex/latex/amsmath\amsmath.sty
Package: amsmath 2023/05/13 v2.17o AMS math features
\@mathmargin=\skip56

For additional information on amsmath, use the `?' option.
(C:\Users\orfuc\AppData\Local\Programs\MiKTeX\tex/latex/amsmath\amstext.sty
Package: amstext 2021/08/26 v2.01 AMS text

(C:\Users\orfuc\AppData\Local\Programs\MiKTeX\tex/latex/amsmath\amsgen.sty
File: amsgen.sty 1999/11/30 v2.0 generic functions
\@emptytoks=\toks22
\ex@=\dimen165
))
(C:\Users\orfuc\AppData\Local\Programs\MiKTeX\tex/latex/amsmath\amsbsy.sty
Package: amsbsy 1999/11/29 v1.2d Bold Symbols
\pmbraise@=\dimen166
)
(C:\Users\orfuc\AppData\Local\Programs\MiKTeX\tex/latex/amsmath\amsopn.sty
Package: amsopn 2022/04/08 v2.04 operator names
)
\inf@bad=\count276
LaTeX Info: Redefining \frac on input line 234.
\uproot@=\count277
\leftroot@=\count278
LaTeX Info: Redefining \overline on input line 399.
LaTeX Info: Redefining \colon on input line 410.
\classnum@=\count279
\DOTSCASE@=\count280
LaTeX Info: Redefining \ldots on input line 496.
LaTeX Info: Redefining \dots on input line 499.
LaTeX Info: Redefining \cdots on input line 620.
\Mathstrutbox@=\box55
\strutbox@=\box56
LaTeX Info: Redefining \big on input line 722.
LaTeX Info: Redefining \Big on input line 723.
LaTeX Info: Redefining \bigg on input line 724.
LaTeX Info: Redefining \Bigg on input line 725.
\big@size=\dimen167
LaTeX Font Info:    Redeclaring font encoding OML on input line 743.
LaTeX Font Info:    Redeclaring font encoding OMS on input line 744.
\macc@depth=\count281
LaTeX Info: Redefining \bmod on input line 905.
LaTeX Info: Redefining \pmod on input line 910.
LaTeX Info: Redefining \smash on input line 940.
LaTeX Info: Redefining \relbar on input line 970.
LaTeX Info: Redefining \Relbar on input line 971.
\c@MaxMatrixCols=\count282
\dotsspace@=\muskip17
\c@parentequation=\count283
\dspbrk@lvl=\count284
\tag@help=\toks23
\row@=\count285
\column@=\count286
\maxfields@=\count287
\andhelp@=\toks24
\eqnshift@=\dimen168
\alignsep@=\dimen169
\tagshift@=\dimen170
\tagwidth@=\dimen171
\totwidth@=\dimen172
\lineht@=\dimen173
\@envbody=\toks25
\multlinegap=\skip57
\multlinetaggap=\skip58
\mathdisplay@stack=\toks26
LaTeX Info: Redefining \[ on input line 2953.
LaTeX Info: Redefining \] on input line 2954.
)
(C:\Users\orfuc\AppData\Local\Programs\MiKTeX\tex/latex/amscls\amsthm.sty
Package: amsthm 2020/05/29 v2.20.6
\thm@style=\toks27
\thm@bodyfont=\toks28
\thm@headfont=\toks29
\thm@notefont=\toks30
\thm@headpunct=\toks31
\thm@preskip=\skip59
\thm@postskip=\skip60
\thm@headsep=\skip61
\dth@everypar=\toks32
)
(C:\Users\orfuc\AppData\Local\Programs\MiKTeX\tex/latex/amsfonts\amsfonts.sty
Package: amsfonts 2013/01/14 v3.01 Basic AMSFonts support
\symAMSa=\mathgroup4
\symAMSb=\mathgroup5
LaTeX Font Info:    Redeclaring math symbol \hbar on input line 98.
LaTeX Font Info:    Overwriting math alphabet `\mathfrak' in version `bold'
(Font)                  U/euf/m/n --> U/euf/b/n on input line 106.
)
\c@observation=\count288

(C:\Users\orfuc\AppData\Local\Programs\MiKTeX\tex/latex/units\nicefrac.sty
Package: nicefrac 1998/08/04 v0.9b Nice fractions
\L@UnitsRaiseDisplaystyle=\skip62
\L@UnitsRaiseTextstyle=\skip63
\L@UnitsRaiseScriptstyle=\skip64
)
(C:\Users\orfuc\AppData\Local\Programs\MiKTeX\tex/latex/newfloat\newfloat.sty
Package: newfloat 2019/09/02 v1.1l Defining new floating environments (AR)
)
(C:\Users\orfuc\AppData\Local\Programs\MiKTeX\tex/latex/listings\listings.sty
\lst@mode=\count289
\lst@gtempboxa=\box57
\lst@token=\toks33
\lst@length=\count290
\lst@currlwidth=\dimen174
\lst@column=\count291
\lst@pos=\count292
\lst@lostspace=\dimen175
\lst@width=\dimen176
\lst@newlines=\count293
\lst@lineno=\count294
\lst@maxwidth=\dimen177

(C:\Users\orfuc\AppData\Local\Programs\MiKTeX\tex/latex/listings\lstmisc.sty
File: lstmisc.sty 2023/02/27 1.9 (Carsten Heinz)
\c@lstnumber=\count295
\lst@skipnumbers=\count296
\lst@framebox=\box58
)
(C:\Users\orfuc\AppData\Local\Programs\MiKTeX\tex/latex/listings\listings.cfg
File: listings.cfg 2023/02/27 1.9 listings configuration
))
Package: listings 2023/02/27 1.9 (Carsten Heinz)
\@float@every@listing=\toks34
\c@listing=\count297
LaTeX Font Info:    Trying to load font information for OT1+ptm on input line 9
9.
(C:\Users\orfuc\AppData\Local\Programs\MiKTeX\tex/latex/psnfss\ot1ptm.fd
File: ot1ptm.fd 2001/06/04 font definitions for OT1/ptm.
)
(C:\Users\orfuc\AppData\Local\Programs\MiKTeX\tex/latex/l3backend\l3backend-pdf
tex.def
File: l3backend-pdftex.def 2023-04-19 L3 backend support: PDF output (pdfTeX)
\l__color_backend_stack_int=\count298
\l__pdf_internal_box=\box59
) (after_operator7.aux)
\openout1 = `after_operator7.aux'.

LaTeX Font Info:    Checking defaults for OML/cmm/m/it on input line 99.
LaTeX Font Info:    ... okay on input line 99.
LaTeX Font Info:    Checking defaults for OMS/cmsy/m/n on input line 99.
LaTeX Font Info:    ... okay on input line 99.
LaTeX Font Info:    Checking defaults for OT1/cmr/m/n on input line 99.
LaTeX Font Info:    ... okay on input line 99.
LaTeX Font Info:    Checking defaults for T1/cmr/m/n on input line 99.
LaTeX Font Info:    ... okay on input line 99.
LaTeX Font Info:    Checking defaults for TS1/cmr/m/n on input line 99.
LaTeX Font Info:    ... okay on input line 99.
LaTeX Font Info:    Checking defaults for OMX/cmex/m/n on input line 99.
LaTeX Font Info:    ... okay on input line 99.
LaTeX Font Info:    Checking defaults for U/cmr/m/n on input line 99.
LaTeX Font Info:    ... okay on input line 99.

(C:\Users\orfuc\AppData\Local\Programs\MiKTeX\tex/context/base/mkii\supp-pdf.mk
ii
[Loading MPS to PDF converter (version 2006.09.02).]
\scratchcounter=\count299
\scratchdimen=\dimen178
\scratchbox=\box60
\nofMPsegments=\count300
\nofMParguments=\count301
\everyMPshowfont=\toks35
\MPscratchCnt=\count302
\MPscratchDim=\dimen179
\MPnumerator=\count303
\makeMPintoPDFobject=\count304
\everyMPtoPDFconversion=\toks36
)
(C:\Users\orfuc\AppData\Local\Programs\MiKTeX\tex/latex/epstopdf-pkg\epstopdf-b
ase.sty
Package: epstopdf-base 2020-01-24 v2.11 Base part for package epstopdf
Package epstopdf-base Info: Redefining graphics rule for `.eps' on input line 4
85.

(C:\Users\orfuc\AppData\Local\Programs\MiKTeX\tex/latex/00miktex\epstopdf-sys.c
fg
File: epstopdf-sys.cfg 2021/03/18 v2.0 Configuration of epstopdf for MiKTeX
))
Package caption Info: Begin \AtBeginDocument code.
Package caption Info: float package is loaded.
Package caption Info: listings package is loaded.
Package caption Info: End \AtBeginDocument code.
Package newfloat Info: `float' package detected.
\c@lstlisting=\count305
\c@eqfn=\count306
\titlearea=\box61
\actualheight=\skip65
LaTeX Font Info:    Trying to load font information for U+msa on input line 104
.
 (C:\Users\orfuc\AppData\Local\Programs\MiKTeX\tex/latex/amsfonts\umsa.fd
File: umsa.fd 2013/01/14 v3.01 AMS symbols A
)
LaTeX Font Info:    Trying to load font information for U+msb on input line 104
.

(C:\Users\orfuc\AppData\Local\Programs\MiKTeX\tex/latex/amsfonts\umsb.fd
File: umsb.fd 2013/01/14 v3.01 AMS symbols B
)

Package natbib Warning: Citation `AFPT11' on page 1 undefined on input line 115
.


Package natbib Warning: Citation `Law22' on page 1 undefined on input line 117.



Package natbib Warning: Citation `LMNZCNR22' on page 1 undefined on input line 
117.

[1{C:/Users/orfuc/AppData/Local/MiKTeX/fonts/map/pdftex/pdftex.map}{C:/Users/or
fuc/AppData/Local/Programs/MiKTeX/fonts/enc/dvips/base/8r.enc}



]

Package natbib Warning: Citation `MS09' on page 2 undefined on input line 132.


Package natbib Warning: Citation `Sha22' on page 2 undefined on input line 132.



Underfull \hbox (badness 2503) in paragraph at lines 132--133
\OT1/ptm/m/n/10 The AI com-mu-nity's at-ten-tion to peer-evaluation was
 []


Package natbib Warning: Citation `AFPT11' on page 2 undefined on input line 134
.


Package natbib Warning: Citation `HM13a' on page 2 undefined on input line 134.



Package natbib Warning: Citation `HM13a' on page 2 undefined on input line 134.



Package natbib Warning: Citation `FK15' on page 2 undefined on input line 134.


Package natbib Warning: Citation `BNV14' on page 2 undefined on input line 134.



Package natbib Warning: Citation `BFK17' on page 2 undefined on input line 134.



Package natbib Warning: Citation `XZSS19' on page 2 undefined on input line 134
.


Package natbib Warning: Citation `ALMRW16' on page 2 undefined on input line 13
4.


Package natbib Warning: Citation `ALMRW19' on page 2 undefined on input line 13
4.


Package natbib Warning: Citation `KLMP15' on page 2 undefined on input line 136
.


Package natbib Warning: Citation `GWL19' on page 2 undefined on input line 136.



Package natbib Warning: Citation `MTZ20' on page 2 undefined on input line 136.



Package natbib Warning: Citation `LMTZ23' on page 2 undefined on input line 136
.


Package natbib Warning: Citation `Wal14' on page 2 undefined on input line 136.



Package natbib Warning: Citation `NSP19' on page 2 undefined on input line 136.



Package natbib Warning: Citation `SSS19' on page 2 undefined on input line 136.



Package natbib Warning: Citation `WS19' on page 2 undefined on input line 136.


Package natbib Warning: Citation `Mal57' on page 2 undefined on input line 138.



Package natbib Warning: Citation `ALMRW16' on page 2 undefined on input line 13
8.


Package natbib Warning: Citation `ALMRW19' on page 2 undefined on input line 13
8.


Package natbib Warning: Citation `MTZ20' on page 2 undefined on input line 138.



Package natbib Warning: Citation `LMTZ23' on page 2 undefined on input line 138
.


Underfull \hbox (badness 1527) in paragraph at lines 142--143
\OT1/ptm/m/n/10 Our peer-evaluation agents will be de-noted by $\OML/cmm/m/it/1
0 N \OT1/cmr/m/n/10 =
 []


Package natbib Warning: Citation `ALMRW16' on page 2 undefined on input line 14
8.


Package natbib Warning: Citation `ALMRW19' on page 2 undefined on input line 14
8.


Package natbib Warning: Citation `AFPT11' on page 2 undefined on input line 151
.


Package natbib Warning: Citation `ALMRW16' on page 2 undefined on input line 15
2.


Package natbib Warning: Citation `ALMRW19' on page 2 undefined on input line 15
2.


Package natbib Warning: Citation `LMTZ23' on page 2 undefined on input line 152
.

[2]
Underfull \hbox (badness 10000) in paragraph at lines 167--181
\OML/cmm/m/it/9 Reviewer\OT1/cmr/m/n/9 2\OML/cmm/m/it/9 Agents\OT1/cmr/m/n/9 (\
OML/cmm/m/it/9 C[]; C[]; H; L; AgentReviewed; m[]\OT1/cmr/m/n/9 )$ \OT1/ptm/m/n
/9 a
 []


Underfull \hbox (badness 10000) in paragraph at lines 167--181

 []


Overfull \hbox (1.87839pt too wide) in paragraph at lines 189--190
[] $\OML/cmm/m/it/9 Reviewer\OT1/cmr/m/n/9 2\OML/cmm/m/it/9 Agents\OT1/cmr/m/n/
9 (\OML/cmm/m/it/9 C[]; C[]; W; L; AgentReviewed; m[]\OT1/cmr/m/n/9 )$ 
 []

[3]
Underfull \hbox (badness 10000) in paragraph at lines 223--236
\OML/cmm/m/it/9 Reviewer\OT1/cmr/m/n/9 2\OML/cmm/m/it/9 Agents\OT1/cmr/m/n/9 (\
OML/cmm/m/it/9 C[]; C[]; H; L; AgentReviewed; m[]\OT1/cmr/m/n/9 )$ \OT1/ptm/m/n
/9 a
 []


Underfull \hbox (badness 10000) in paragraph at lines 223--236

 []


Overfull \hbox (1.25339pt too wide) in paragraph at lines 244--245
[] $\OML/cmm/m/it/9 Reviewer\OT1/cmr/m/n/9 2\OML/cmm/m/it/9 Agents\OT1/cmr/m/n/
9 (\OML/cmm/m/it/9 C[]; C[]; H; L; AgentReviewed; m[]\OT1/cmr/m/n/9 )$ 
 []


Package natbib Warning: Citation `ALMRW19' on page 4 undefined on input line 27
3.


Package natbib Warning: Citation `LMTZ23' on page 4 undefined on input line 273
.


Package natbib Warning: Citation `AFPT11' on page 4 undefined on input line 289
.

<./images/candidates_results_18_winners_phi_0_85_last_new_new_new_new.png, id=2
7, 1586.3265pt x 1072.4868pt>
File: ./images/candidates_results_18_winners_phi_0_85_last_new_new_new_new.png 
Graphic file (type png)
<use ./images/candidates_results_18_winners_phi_0_85_last_new_new_new_new.png>
Package pdftex.def Info: ./images/candidates_results_18_winners_phi_0_85_last_n
ew_new_new_new.png  used on input line 304.
(pdftex.def)             Requested size: 239.39438pt x 161.84796pt.
<./images/improve_in_candidates_review_5_winner_12_new_new_new.png, id=29, 1567
.5363pt x 1072.4868pt>
File: ./images/improve_in_candidates_review_5_winner_12_new_new_new.png Graphic
 file (type png)
<use ./images/improve_in_candidates_review_5_winner_12_new_new_new.png>
Package pdftex.def Info: ./images/improve_in_candidates_review_5_winner_12_new_
new_new.png  used on input line 314.
(pdftex.def)             Requested size: 191.51622pt x 131.01666pt.
[4]
<./images/recall_compare_1_step_partition_with_phi_new_new.png, id=33, 1567.536
3pt x 1086.2181pt>
File: ./images/recall_compare_1_step_partition_with_phi_new_new.png Graphic fil
e (type png)
<use ./images/recall_compare_1_step_partition_with_phi_new_new.png>
Package pdftex.def Info: ./images/recall_compare_1_step_partition_with_phi_new_
new.png  used on input line 324.
(pdftex.def)             Requested size: 121.41637pt x 84.1313pt.
<./images/recall_compare_1_step_partition_reviews_with_phi_new_new.png, id=34, 
1567.5363pt x 1086.2181pt>
File: ./images/recall_compare_1_step_partition_reviews_with_phi_new_new.png Gra
phic file (type png)
<use ./images/recall_compare_1_step_partition_reviews_with_phi_new_new.png>
Package pdftex.def Info: ./images/recall_compare_1_step_partition_reviews_with_
phi_new_new.png  used on input line 330.
(pdftex.def)             Requested size: 121.41637pt x 84.1313pt.
<./images/recall_compare_1_step_partition_with_phi_2_algo_new_new.png, id=35, 1
567.5363pt x 1072.4868pt>
File: ./images/recall_compare_1_step_partition_with_phi_2_algo_new_new.png Grap
hic file (type png)
<use ./images/recall_compare_1_step_partition_with_phi_2_algo_new_new.png>
Package pdftex.def Info: ./images/recall_compare_1_step_partition_with_phi_2_al
go_new_new.png  used on input line 336.
(pdftex.def)             Requested size: 121.41637pt x 83.06776pt.
<./images/recall_compare_1_step_partition_reviews_with_phi_2_algo_new_new_new.p
ng, id=36, 1567.5363pt x 1072.4868pt>
File: ./images/recall_compare_1_step_partition_reviews_with_phi_2_algo_new_new_
new.png Graphic file (type png)
<use ./images/recall_compare_1_step_partition_reviews_with_phi_2_algo_new_new_n
ew.png>
Package pdftex.def Info: ./images/recall_compare_1_step_partition_reviews_with_
phi_2_algo_new_new_new.png  used on input line 342.
(pdftex.def)             Requested size: 121.41637pt x 83.06776pt.


LaTeX Warning: Reference `fig:candidates-performances_per_candidates_in_winning
_group' on page 5 undefined on input line 353.

<./images/First_step_loser_phi_0_85_split_per_0_2_win_group_0_m_12_new.png, id=
37, 1579.0995pt x 1086.2181pt>
File: ./images/First_step_loser_phi_0_85_split_per_0_2_win_group_0_m_12_new.png
 Graphic file (type png)
<use ./images/First_step_loser_phi_0_85_split_per_0_2_win_group_0_m_12_new.png>

Package pdftex.def Info: ./images/First_step_loser_phi_0_85_split_per_0_2_win_g
roup_0_m_12_new.png  used on input line 361.
(pdftex.def)             Requested size: 191.51622pt x 131.73279pt.
<./images/percentage_of_low_rank_group_for_num_of_winners_with_phi_new_new.png,
 id=38, 1510.443pt x 1082.6046pt>
File: ./images/percentage_of_low_rank_group_for_num_of_winners_with_phi_new_new
.png Graphic file (type png)
<use ./images/percentage_of_low_rank_group_for_num_of_winners_with_phi_new_new.
png>
Package pdftex.def Info: ./images/percentage_of_low_rank_group_for_num_of_winne
rs_with_phi_new_new.png  used on input line 377.
(pdftex.def)             Requested size: 121.4141pt x 78.03667pt.

Underfull \hbox (badness 2326) in paragraph at lines 378--378
[]\OT1/ptm/m/n/9 (a) |Best per-form-ing size of $\OML/cmm/m/it/9 l$
 []

<./images/size_of_high_rank_group_for_num_of_reviews_with_phi_new_new.png, id=3
9, 1487.3166pt x 1072.4868pt>
File: ./images/size_of_high_rank_group_for_num_of_reviews_with_phi_new_new.png 
Graphic file (type png)
<use ./images/size_of_high_rank_group_for_num_of_reviews_with_phi_new_new.png>
Package pdftex.def Info: ./images/size_of_high_rank_group_for_num_of_reviews_wi
th_phi_new_new.png  used on input line 383.
(pdftex.def)             Requested size: 121.41608pt x 78.04378pt.

Underfull \hbox (badness 1418) in paragraph at lines 384--384
[]\OT1/ptm/m/n/9 (b) |Best per-form-ing size of $\OML/cmm/m/it/9 h$
 []

<./images/percentage_of_low_rank_group_for_num_of_reviews_with_phi_new_new.png,
 id=40, 1510.443pt x 1072.4868pt>
File: ./images/percentage_of_low_rank_group_for_num_of_reviews_with_phi_new_new
.png Graphic file (type png)
<use ./images/percentage_of_low_rank_group_for_num_of_reviews_with_phi_new_new.
png>
Package pdftex.def Info: ./images/percentage_of_low_rank_group_for_num_of_revie
ws_with_phi_new_new.png  used on input line 390.
(pdftex.def)             Requested size: 121.41637pt x 86.20981pt.

Underfull \hbox (badness 2326) in paragraph at lines 391--391
[]\OT1/ptm/m/n/9 (c) |Best per-form-ing size of $\OML/cmm/m/it/9 l$
 []

<./images/size_of_high_rank_group_for_num_of_winners_with_phi_new_new.png, id=4
1, 1487.3166pt x 1072.4868pt>
File: ./images/size_of_high_rank_group_for_num_of_winners_with_phi_new_new.png 
Graphic file (type png)
<use ./images/size_of_high_rank_group_for_num_of_winners_with_phi_new_new.png>
Package pdftex.def Info: ./images/size_of_high_rank_group_for_num_of_winners_wi
th_phi_new_new.png  used on input line 396.
(pdftex.def)             Requested size: 121.41608pt x 78.69836pt.

Underfull \hbox (badness 1418) in paragraph at lines 397--397
[]\OT1/ptm/m/n/9 (d) |Best per-form-ing size of $\OML/cmm/m/it/9 h$
 []

<./images/First_step_win_phi_0_85_split_per_0_2_loser_0_7_m_12_new.png, id=42, 
1567.5363pt x 1086.2181pt>
File: ./images/First_step_win_phi_0_85_split_per_0_2_loser_0_7_m_12_new.png Gra
phic file (type png)
<use ./images/First_step_win_phi_0_85_split_per_0_2_loser_0_7_m_12_new.png>
Package pdftex.def Info: ./images/First_step_win_phi_0_85_split_per_0_2_loser_0
_7_m_12_new.png  used on input line 408.
(pdftex.def)             Requested size: 167.57533pt x 116.11977pt.
[5 <./images/candidates_results_18_winners_phi_0_85_last_new_new_new_new.png> <
./images/improve_in_candidates_review_5_winner_12_new_new_new.png>]
<./images/split_per_phi_0_85_loser_0_7_0_2_win_group_0_m_12_new.png, id=48, 154
5.1326pt x 1086.2181pt>
File: ./images/split_per_phi_0_85_loser_0_7_0_2_win_group_0_m_12_new.png Graphi
c file (type png)
<use ./images/split_per_phi_0_85_loser_0_7_0_2_win_group_0_m_12_new.png>
Package pdftex.def Info: ./images/split_per_phi_0_85_loser_0_7_0_2_win_group_0_
m_12_new.png  used on input line 418.
(pdftex.def)             Requested size: 167.57533pt x 117.79378pt.


Package natbib Warning: Citation `LMNZCNR22' on page 6 undefined on input line 
425.

[6 <./images/recall_compare_1_step_partition_with_phi_new_new.png> <./images/re
call_compare_1_step_partition_reviews_with_phi_new_new.png> <./images/recall_co
mpare_1_step_partition_with_phi_2_algo_new_new.png> <./images/recall_compare_1_
step_partition_reviews_with_phi_2_algo_new_new_new.png> <./images/First_step_lo
ser_phi_0_85_split_per_0_2_win_group_0_m_12_new.png>] [7 <./images/percentage_o
f_low_rank_group_for_num_of_winners_with_phi_new_new.png> <./images/size_of_hig
h_rank_group_for_num_of_reviews_with_phi_new_new.png> <./images/percentage_of_l
ow_rank_group_for_num_of_reviews_with_phi_new_new.png> <./images/size_of_high_r
ank_group_for_num_of_winners_with_phi_new_new.png> <./images/First_step_win_phi
_0_85_split_per_0_2_loser_0_7_m_12_new.png> <./images/split_per_phi_0_85_loser_
0_7_0_2_win_group_0_m_12_new.png>]
No file after_operator7.bbl.

Package natbib Warning: There were undefined citations.

(after_operator7.aux)
 ***********
LaTeX2e <2023-06-01> patch level 1
L3 programming layer <2023-08-29>
 ***********


LaTeX Warning: There were undefined references.


LaTeX Warning: Label(s) may have changed. Rerun to get cross-references right.

 ) 
Here is how much of TeX's memory you used:
 7831 strings out of 475247
 136984 string characters out of 5757792
 1949801 words of memory out of 5000000
 29239 multiletter control sequences out of 15000+600000
 582229 words of font info for 81 fonts, out of 8000000 for 9000
 1141 hyphenation exceptions out of 8191
 86i,9n,117p,2421b,551s stack positions out of 10000i,1000n,20000p,200000b,200000s
<C:/Users/orfuc/AppData/Local/Programs/MiKTeX/fonts/type1/public/amsfonts/cm/
cmmi10.pfb><C:/Users/orfuc/AppData/Local/Programs/MiKTeX/fonts/type1/public/ams
fonts/cm/cmmi6.pfb><C:/Users/orfuc/AppData/Local/Programs/MiKTeX/fonts/type1/pu
blic/amsfonts/cm/cmmi7.pfb><C:/Users/orfuc/AppData/Local/Programs/MiKTeX/fonts/
type1/public/amsfonts/cm/cmmi9.pfb><C:/Users/orfuc/AppData/Local/Programs/MiKTe
X/fonts/type1/public/amsfonts/cm/cmr10.pfb><C:/Users/orfuc/AppData/Local/Progra
ms/MiKTeX/fonts/type1/public/amsfonts/cm/cmr6.pfb><C:/Users/orfuc/AppData/Local
/Programs/MiKTeX/fonts/type1/public/amsfonts/cm/cmr7.pfb><C:/Users/orfuc/AppDat
a/Local/Programs/MiKTeX/fonts/type1/public/amsfonts/cm/cmr9.pfb><C:/Users/orfuc
/AppData/Local/Programs/MiKTeX/fonts/type1/public/amsfonts/cm/cmsy10.pfb><C:/Us
ers/orfuc/AppData/Local/Programs/MiKTeX/fonts/type1/public/amsfonts/cm/cmsy6.pf
b><C:/Users/orfuc/AppData/Local/Programs/MiKTeX/fonts/type1/public/amsfonts/cm/
cmsy7.pfb><C:/Users/orfuc/AppData/Local/Programs/MiKTeX/fonts/type1/public/amsf
onts/cm/cmsy9.pfb><C:/Users/orfuc/AppData/Local/Programs/MiKTeX/fonts/type1/pub
lic/amsfonts/symbols/msbm10.pfb><C:/Users/orfuc/AppData/Local/Programs/MiKTeX/f
onts/type1/urw/times/utmb8a.pfb><C:/Users/orfuc/AppData/Local/Programs/MiKTeX/f
onts/type1/urw/times/utmr8a.pfb><C:/Users/orfuc/AppData/Local/Programs/MiKTeX/f
onts/type1/urw/times/utmri8a.pfb>
Output written on after_operator7.pdf (7 pages, 2326976 bytes).
PDF statistics:
 134 PDF objects out of 1000 (max. 8388607)
 0 named destinations out of 1000 (max. 500000)
 66 words of extra memory for PDF output out of 10000 (max. 10000000)

