This is pdfTeX, Version 3.141592653-2.6-1.40.25 (MiKTeX 23.5) (preloaded format=pdflatex 2024.1.12)  3 MAR 2024 13:03
entering extended mode
 restricted \write18 enabled.
 %&-line parsing enabled.
**./AAAI-ZhaoM.9590_archive_add_appendix_changed.tex
(AAAI-ZhaoM.9590_archive_add_appendix_changed.tex
LaTeX2e <2023-06-01> patch level 1
L3 programming layer <2023-08-29>
(C:\Users\orfuc\AppData\Local\Programs\MiKTeX\tex/latex/base\article.cls
Document Class: article 2023/05/17 v1.4n Standard LaTeX document class
(C:\Users\orfuc\AppData\Local\Programs\MiKTeX\tex/latex/base\size10.clo
File: size10.clo 2023/05/17 v1.4n Standard LaTeX file (size option)
)
\c@part=\count185
\c@section=\count186
\c@subsection=\count187
\c@subsubsection=\count188
\c@paragraph=\count189
\c@subparagraph=\count190
\c@figure=\count191
\c@table=\count192
\abovecaptionskip=\skip48
\belowcaptionskip=\skip49
\bibindent=\dimen140
)
(aaai20.sty
Conference Style for AAAI for LaTeX 2e -- version for the AAAI-20 conference
\titlebox=\skip50
) (C:\Users\orfuc\AppData\Local\Programs\MiKTeX\tex/latex/psnfss\times.sty
Package: times 2020/03/25 PSNFSS-v9.3 (SPQR) 
)
(C:\Users\orfuc\AppData\Local\Programs\MiKTeX\tex/latex/psnfss\helvet.sty
Package: helvet 2020/03/25 PSNFSS-v9.3 (WaS) 

(C:\Users\orfuc\AppData\Local\Programs\MiKTeX\tex/latex/graphics\keyval.sty
Package: keyval 2022/05/29 v1.15 key=value parser (DPC)
\KV@toks@=\toks17
))
(C:\Users\orfuc\AppData\Local\Programs\MiKTeX\tex/latex/psnfss\courier.sty
Package: courier 2020/03/25 PSNFSS-v9.3 (WaS) 
)
(C:\Users\orfuc\AppData\Local\Programs\MiKTeX\tex/latex/url\url.sty
\Urlmuskip=\muskip16
Package: url 2013/09/16  ver 3.4  Verb mode for urls, etc.
)
(C:\Users\orfuc\AppData\Local\Programs\MiKTeX\tex/latex/graphics\graphicx.sty
Package: graphicx 2021/09/16 v1.2d Enhanced LaTeX Graphics (DPC,SPQR)

(C:\Users\orfuc\AppData\Local\Programs\MiKTeX\tex/latex/graphics\graphics.sty
Package: graphics 2022/03/10 v1.4e Standard LaTeX Graphics (DPC,SPQR)

(C:\Users\orfuc\AppData\Local\Programs\MiKTeX\tex/latex/graphics\trig.sty
Package: trig 2021/08/11 v1.11 sin cos tan (DPC)
)
(C:\Users\orfuc\AppData\Local\Programs\MiKTeX\tex/latex/graphics-cfg\graphics.c
fg
File: graphics.cfg 2016/06/04 v1.11 sample graphics configuration
)
Package graphics Info: Driver file: pdftex.def on input line 107.

(C:\Users\orfuc\AppData\Local\Programs\MiKTeX\tex/latex/graphics-def\pdftex.def
File: pdftex.def 2022/09/22 v1.2b Graphics/color driver for pdftex
))
\Gin@req@height=\dimen141
\Gin@req@width=\dimen142
)
(C:\Users\orfuc\AppData\Local\Programs\MiKTeX\tex/latex/booktabs\booktabs.sty
Package: booktabs 2020/01/12 v1.61803398 Publication quality tables
\heavyrulewidth=\dimen143
\lightrulewidth=\dimen144
\cmidrulewidth=\dimen145
\belowrulesep=\dimen146
\belowbottomsep=\dimen147
\aboverulesep=\dimen148
\abovetopsep=\dimen149
\cmidrulesep=\dimen150
\cmidrulekern=\dimen151
\defaultaddspace=\dimen152
\@cmidla=\count193
\@cmidlb=\count194
\@aboverulesep=\dimen153
\@belowrulesep=\dimen154
\@thisruleclass=\count195
\@lastruleclass=\count196
\@thisrulewidth=\dimen155
)
(C:\Users\orfuc\AppData\Local\Programs\MiKTeX\tex/latex/amsfonts\amsfonts.sty
Package: amsfonts 2013/01/14 v3.01 Basic AMSFonts support
\@emptytoks=\toks18
\symAMSa=\mathgroup4
\symAMSb=\mathgroup5
LaTeX Font Info:    Redeclaring math symbol \hbar on input line 98.
LaTeX Font Info:    Overwriting math alphabet `\mathfrak' in version `bold'
(Font)                  U/euf/m/n --> U/euf/b/n on input line 106.
)
(C:\Users\orfuc\AppData\Local\Programs\MiKTeX\tex/latex/units\nicefrac.sty
Package: nicefrac 1998/08/04 v0.9b Nice fractions
\L@UnitsRaiseDisplaystyle=\skip51
\L@UnitsRaiseTextstyle=\skip52
\L@UnitsRaiseScriptstyle=\skip53

(C:\Users\orfuc\AppData\Local\Programs\MiKTeX\tex/latex/base\ifthen.sty
Package: ifthen 2022/04/13 v1.1d Standard LaTeX ifthen package (DPC)
))
(C:\Users\orfuc\AppData\Local\Programs\MiKTeX\tex/latex/microtype\microtype.sty
Package: microtype 2023/03/13 v3.1a Micro-typographical refinements (RS)
(C:\Users\orfuc\AppData\Local\Programs\MiKTeX\tex/latex/etoolbox\etoolbox.sty
Package: etoolbox 2020/10/05 v2.5k e-TeX tools for LaTeX (JAW)
\etb@tempcnta=\count197
)
\MT@toks=\toks19
\MT@tempbox=\box51
\MT@count=\count198
LaTeX Info: Redefining \noprotrusionifhmode on input line 1059.
LaTeX Info: Redefining \leftprotrusion on input line 1060.
\MT@prot@toks=\toks20
LaTeX Info: Redefining \rightprotrusion on input line 1078.
LaTeX Info: Redefining \textls on input line 1368.
\MT@outer@kern=\dimen156
LaTeX Info: Redefining \textmicrotypecontext on input line 1988.
\MT@listname@count=\count199

(C:\Users\orfuc\AppData\Local\Programs\MiKTeX\tex/latex/microtype\microtype-pdf
tex.def
File: microtype-pdftex.def 2023/03/13 v3.1a Definitions specific to pdftex (RS)

LaTeX Info: Redefining \lsstyle on input line 902.
LaTeX Info: Redefining \lslig on input line 902.
\MT@outer@space=\skip54
)
Package microtype Info: Loading configuration file microtype.cfg.

(C:\Users\orfuc\AppData\Local\Programs\MiKTeX\tex/latex/microtype\microtype.cfg
File: microtype.cfg 2023/03/13 v3.1a microtype main configuration file (RS)
)) (C:\Users\orfuc\AppData\Local\Programs\MiKTeX\tex/latex/amsmath\amsmath.sty
Package: amsmath 2023/05/13 v2.17o AMS math features
\@mathmargin=\skip55

For additional information on amsmath, use the `?' option.
(C:\Users\orfuc\AppData\Local\Programs\MiKTeX\tex/latex/amsmath\amstext.sty
Package: amstext 2021/08/26 v2.01 AMS text

(C:\Users\orfuc\AppData\Local\Programs\MiKTeX\tex/latex/amsmath\amsgen.sty
File: amsgen.sty 1999/11/30 v2.0 generic functions
\@emptytoks=\toks21
\ex@=\dimen157
))
(C:\Users\orfuc\AppData\Local\Programs\MiKTeX\tex/latex/amsmath\amsbsy.sty
Package: amsbsy 1999/11/29 v1.2d Bold Symbols
\pmbraise@=\dimen158
)
(C:\Users\orfuc\AppData\Local\Programs\MiKTeX\tex/latex/amsmath\amsopn.sty
Package: amsopn 2022/04/08 v2.04 operator names
)
\inf@bad=\count266
LaTeX Info: Redefining \frac on input line 234.
\uproot@=\count267
\leftroot@=\count268
LaTeX Info: Redefining \overline on input line 399.
LaTeX Info: Redefining \colon on input line 410.
\classnum@=\count269
\DOTSCASE@=\count270
LaTeX Info: Redefining \ldots on input line 496.
LaTeX Info: Redefining \dots on input line 499.
LaTeX Info: Redefining \cdots on input line 620.
\Mathstrutbox@=\box52
\strutbox@=\box53
LaTeX Info: Redefining \big on input line 722.
LaTeX Info: Redefining \Big on input line 723.
LaTeX Info: Redefining \bigg on input line 724.
LaTeX Info: Redefining \Bigg on input line 725.
\big@size=\dimen159
LaTeX Font Info:    Redeclaring font encoding OML on input line 743.
LaTeX Font Info:    Redeclaring font encoding OMS on input line 744.
\macc@depth=\count271
LaTeX Info: Redefining \bmod on input line 905.
LaTeX Info: Redefining \pmod on input line 910.
LaTeX Info: Redefining \smash on input line 940.
LaTeX Info: Redefining \relbar on input line 970.
LaTeX Info: Redefining \Relbar on input line 971.
\c@MaxMatrixCols=\count272
\dotsspace@=\muskip17
\c@parentequation=\count273
\dspbrk@lvl=\count274
\tag@help=\toks22
\row@=\count275
\column@=\count276
\maxfields@=\count277
\andhelp@=\toks23
\eqnshift@=\dimen160
\alignsep@=\dimen161
\tagshift@=\dimen162
\tagwidth@=\dimen163
\totwidth@=\dimen164
\lineht@=\dimen165
\@envbody=\toks24
\multlinegap=\skip56
\multlinetaggap=\skip57
\mathdisplay@stack=\toks25
LaTeX Info: Redefining \[ on input line 2953.
LaTeX Info: Redefining \] on input line 2954.
)
(C:\Users\orfuc\AppData\Local\Programs\MiKTeX\tex/latex/amscls\amsthm.sty
Package: amsthm 2020/05/29 v2.20.6
\thm@style=\toks26
\thm@bodyfont=\toks27
\thm@headfont=\toks28
\thm@notefont=\toks29
\thm@headpunct=\toks30
\thm@preskip=\skip58
\thm@postskip=\skip59
\thm@headsep=\skip60
\dth@everypar=\toks31
)
(C:\Users\orfuc\AppData\Local\Programs\MiKTeX\tex/latex/amsfonts\amssymb.sty
Package: amssymb 2013/01/14 v3.01 AMS font symbols
)
(C:\Users\orfuc\AppData\Local\Programs\MiKTeX\tex/latex/graphics\color.sty
Package: color 2022/01/06 v1.3d Standard LaTeX Color (DPC)

(C:\Users\orfuc\AppData\Local\Programs\MiKTeX\tex/latex/graphics-cfg\color.cfg
File: color.cfg 2016/01/02 v1.6 sample color configuration
)
Package color Info: Driver file: pdftex.def on input line 149.
(C:\Users\orfuc\AppData\Local\Programs\MiKTeX\tex/latex/graphics\mathcolor.ltx)
)
(C:\Users\orfuc\AppData\Local\Programs\MiKTeX\tex/latex/caption\subcaption.sty
Package: subcaption 2023/07/28 v1.6b Sub-captions (AR)

(C:\Users\orfuc\AppData\Local\Programs\MiKTeX\tex/latex/caption\caption.sty
Package: caption 2023/07/31 v3.6n Customizing captions (AR)

(C:\Users\orfuc\AppData\Local\Programs\MiKTeX\tex/latex/caption\caption3.sty
Package: caption3 2023/07/31 v2.4d caption3 kernel (AR)
\caption@tempdima=\dimen166
\captionmargin=\dimen167
\caption@leftmargin=\dimen168
\caption@rightmargin=\dimen169
\caption@width=\dimen170
\caption@indent=\dimen171
\caption@parindent=\dimen172
\caption@hangindent=\dimen173
Package caption Info: Standard document class detected.
)
\c@caption@flags=\count278
\c@continuedfloat=\count279
)
Package caption Info: New subtype `subfigure' on input line 238.
\c@subfigure=\count280
Package caption Info: New subtype `subtable' on input line 238.
\c@subtable=\count281
) (C:\Users\orfuc\AppData\Local\Programs\MiKTeX\tex/latex/psnfss\pifont.sty
Package: pifont 2020/03/25 PSNFSS-v9.3 Pi font support (SPQR) 
LaTeX Font Info:    Trying to load font information for U+pzd on input line 63.


(C:\Users\orfuc\AppData\Local\Programs\MiKTeX\tex/latex/psnfss\upzd.fd
File: upzd.fd 2001/06/04 font definitions for U/pzd.
)
LaTeX Font Info:    Trying to load font information for U+psy on input line 64.


(C:\Users\orfuc\AppData\Local\Programs\MiKTeX\tex/latex/psnfss\upsy.fd
File: upsy.fd 2001/06/04 font definitions for U/psy.
))
(C:\Users\orfuc\AppData\Local\Programs\MiKTeX\tex/latex/diagbox\diagbox.sty
Package: diagbox 2020/02/09 v2.3 Making table heads with diagonal lines

(C:\Users\orfuc\AppData\Local\Programs\MiKTeX\tex/latex/pict2e\pict2e.sty
Package: pict2e 2020/09/30 v0.4b Improved picture commands (HjG,RN,JT)

(C:\Users\orfuc\AppData\Local\Programs\MiKTeX\tex/latex/pict2e\pict2e.cfg
File: pict2e.cfg 2016/02/05 v0.1u pict2e configuration for teTeX/TeXLive
)
Package pict2e Info: Driver file: pdftex.def on input line 112.
Package pict2e Info: Driver file for pict2e: p2e-pdftex.def on input line 114.

(C:\Users\orfuc\AppData\Local\Programs\MiKTeX\tex/latex/pict2e\p2e-pdftex.def
File: p2e-pdftex.def 2016/02/05 v0.1u Driver-dependant file (RN,HjG,JT)
)
\pIIe@GRAPH=\toks32
\@arclen=\dimen174
\@arcrad=\dimen175
\pIIe@tempdima=\dimen176
\pIIe@tempdimb=\dimen177
\pIIe@tempdimc=\dimen178
\pIIe@tempdimd=\dimen179
\pIIe@tempdime=\dimen180
\pIIe@tempdimf=\dimen181
) (C:\Users\orfuc\AppData\Local\Programs\MiKTeX\tex/latex/tools\calc.sty
Package: calc 2017/05/25 v4.3 Infix arithmetic (KKT,FJ)
\calc@Acount=\count282
\calc@Bcount=\count283
\calc@Adimen=\dimen182
\calc@Bdimen=\dimen183
\calc@Askip=\skip61
\calc@Bskip=\skip62
LaTeX Info: Redefining \setlength on input line 80.
LaTeX Info: Redefining \addtolength on input line 81.
\calc@Ccount=\count284
\calc@Cskip=\skip63
)
(C:\Users\orfuc\AppData\Local\Programs\MiKTeX\tex/latex/tools\array.sty
Package: array 2022/09/04 v2.5g Tabular extension package (FMi)
\col@sep=\dimen184
\ar@mcellbox=\box54
\extrarowheight=\dimen185
\NC@list=\toks33
\extratabsurround=\skip64
\backup@length=\skip65
\ar@cellbox=\box55
)
\diagbox@boxa=\box56
\diagbox@boxb=\box57
\diagbox@boxm=\box58
\diagbox@wd=\dimen186
\diagbox@ht=\dimen187
\diagbox@insepl=\dimen188
\diagbox@insepr=\dimen189
\diagbox@outsepl=\dimen190
\diagbox@outsepr=\dimen191
)
(C:\Users\orfuc\AppData\Local\Programs\MiKTeX\tex/latex/multirow\multirow.sty
Package: multirow 2021/03/15 v2.8 Span multiple rows of a table
\multirow@colwidth=\skip66
\multirow@cntb=\count285
\multirow@dima=\skip67
\bigstrutjot=\dimen192
)
(C:\Users\orfuc\AppData\Local\Programs\MiKTeX\tex/latex/enumitem\enumitem.sty
Package: enumitem 2019/06/20 v3.9 Customized lists
\labelindent=\skip68
\enit@outerparindent=\dimen193
\enit@toks=\toks34
\enit@inbox=\box59
\enit@count@id=\count286
\enitdp@description=\count287
)
(C:\Users\orfuc\AppData\Local\Programs\MiKTeX\tex/latex/algorithms\algorithm.st
y
Package: algorithm 2009/08/24 v0.1 Document Style `algorithm' - floating enviro
nment
 (C:\Users\orfuc\AppData\Local\Programs\MiKTeX\tex/latex/float\float.sty
Package: float 2001/11/08 v1.3d Float enhancements (AL)
\c@float@type=\count288
\float@exts=\toks35
\float@box=\box60
\@float@everytoks=\toks36
\@floatcapt=\box61
)
\@float@every@algorithm=\toks37
\c@algorithm=\count289
)
(C:\Users\orfuc\AppData\Local\Programs\MiKTeX\tex/latex/algorithms\algorithmic.
sty
Package: algorithmic 2009/08/24 v0.1 Document Style `algorithmic'
\c@ALC@unique=\count290
\c@ALC@line=\count291
\c@ALC@rem=\count292
\c@ALC@depth=\count293
\ALC@tlm=\skip69
\algorithmicindent=\skip70
)
(C:\Users\orfuc\AppData\Local\Programs\MiKTeX\tex/latex/scalerel\scalerel.sty
Package: scalerel 2016/12/29 v1.8 Routines for constrained scaling and stretchi
ng of objects, relative to a reference object or in absolute terms
\thesrwidth=\skip71
\thesrheight=\skip72
\srblobheight=\skip73
\srblobdepth=\skip74
\mnxsrwidth=\skip75
\LMex=\skip76
\LMpt=\skip77
)
LaTeX Font Info:    Trying to load font information for OT1+ptm on input line 3
47.

(C:\Users\orfuc\AppData\Local\Programs\MiKTeX\tex/latex/psnfss\ot1ptm.fd
File: ot1ptm.fd 2001/06/04 font definitions for OT1/ptm.
)
(C:\Users\orfuc\AppData\Local\Programs\MiKTeX\tex/latex/l3backend\l3backend-pdf
tex.def
File: l3backend-pdftex.def 2023-04-19 L3 backend support: PDF output (pdfTeX)
\l__color_backend_stack_int=\count294
\l__pdf_internal_box=\box62
) (AAAI-ZhaoM.9590_archive_add_appendix_changed.aux
Runaway argument?
{{4}{6}{Quantitative performance of the methods along the training pr\ETC.
! Paragraph ended before \@newl@bel was complete.
<to be read again> 
                   \par 
l.121 ...ip 0in{##1})}\let \reserved@d =[\def \par
                                                   }{}{}}
I suspect you've forgotten a `}', causing me to apply this
control sequence to too much text. How can we recover?
My plan is to forget the whole thing and hope for the best.

! Extra }, or forgotten \endgroup.
l.121 ... 0in{##1})}\let \reserved@d =[\def \par }
                                                  {}{}}
I've deleted a group-closing symbol because it seems to be
spurious, as in `$x}$'. But perhaps the } is legitimate and
you forgot something else, as in `\hbox{$x}'. In such cases
the way to recover is to insert both the forgotten and the
deleted material, e.g., by typing `I$}'.

! Extra }, or forgotten \endgroup.
l.121 ...##1})}\let \reserved@d =[\def \par }{}{}}
                                                  
I've deleted a group-closing symbol because it seems to be
spurious, as in `$x}$'. But perhaps the } is legitimate and
you forgot something else, as in `\hbox{$x}'. In such cases
the way to recover is to insert both the forgotten and the
deleted material, e.g., by typing `I$}'.

)
\openout1 = `AAAI-ZhaoM.9590_archive_add_appendix_changed.aux'.

LaTeX Font Info:    Checking defaults for OML/cmm/m/it on input line 347.
LaTeX Font Info:    ... okay on input line 347.
LaTeX Font Info:    Checking defaults for OMS/cmsy/m/n on input line 347.
LaTeX Font Info:    ... okay on input line 347.
LaTeX Font Info:    Checking defaults for OT1/cmr/m/n on input line 347.
LaTeX Font Info:    ... okay on input line 347.
LaTeX Font Info:    Checking defaults for T1/cmr/m/n on input line 347.
LaTeX Font Info:    ... okay on input line 347.
LaTeX Font Info:    Checking defaults for TS1/cmr/m/n on input line 347.
LaTeX Font Info:    ... okay on input line 347.
LaTeX Font Info:    Checking defaults for OMX/cmex/m/n on input line 347.
LaTeX Font Info:    ... okay on input line 347.
LaTeX Font Info:    Checking defaults for U/cmr/m/n on input line 347.
LaTeX Font Info:    ... okay on input line 347.

(C:\Users\orfuc\AppData\Local\Programs\MiKTeX\tex/context/base/mkii\supp-pdf.mk
ii
[Loading MPS to PDF converter (version 2006.09.02).]
\scratchcounter=\count295
\scratchdimen=\dimen194
\scratchbox=\box63
\nofMPsegments=\count296
\nofMParguments=\count297
\everyMPshowfont=\toks38
\MPscratchCnt=\count298
\MPscratchDim=\dimen195
\MPnumerator=\count299
\makeMPintoPDFobject=\count300
\everyMPtoPDFconversion=\toks39
)
(C:\Users\orfuc\AppData\Local\Programs\MiKTeX\tex/latex/epstopdf-pkg\epstopdf-b
ase.sty
Package: epstopdf-base 2020-01-24 v2.11 Base part for package epstopdf
Package epstopdf-base Info: Redefining graphics rule for `.eps' on input line 4
85.

(C:\Users\orfuc\AppData\Local\Programs\MiKTeX\tex/latex/00miktex\epstopdf-sys.c
fg
File: epstopdf-sys.cfg 2021/03/18 v2.0 Configuration of epstopdf for MiKTeX
))
LaTeX Info: Redefining \microtypecontext on input line 347.
Package microtype Info: Applying patch `item' on input line 347.
Package microtype Info: Applying patch `toc' on input line 347.
Package microtype Info: Applying patch `eqnum' on input line 347.
Package microtype Info: Applying patch `footnote' on input line 347.
Package microtype Info: Applying patch `verbatim' on input line 347.
Package microtype Info: Generating PDF output.
Package microtype Info: Character protrusion enabled (level 2).
Package microtype Info: Using default protrusion set `alltext'.
Package microtype Info: Automatic font expansion enabled (level 2),
(microtype)             stretch: 20, shrink: 20, step: 1, non-selected.
Package microtype Info: Using default expansion set `alltext-nott'.
LaTeX Info: Redefining \showhyphens on input line 347.
Package microtype Info: No adjustment of tracking.
Package microtype Info: No adjustment of interword spacing.
Package microtype Info: No adjustment of character kerning.

(C:\Users\orfuc\AppData\Local\Programs\MiKTeX\tex/latex/microtype\mt-ptm.cfg
File: mt-ptm.cfg 2006/04/20 v1.7 microtype config. file: Times (RS)
)
Package caption Info: Begin \AtBeginDocument code.
Package caption Info: float package is loaded.
Package caption Info: End \AtBeginDocument code.

(C:\Users\orfuc\AppData\Local\Programs\MiKTeX\tex/latex/microtype\mt-cmr.cfg
File: mt-cmr.cfg 2013/05/19 v2.2 microtype config. file: Computer Modern Roman 
(RS)
)
LaTeX Font Info:    Trying to load font information for U+msa on input line 349
.

(C:\Users\orfuc\AppData\Local\Programs\MiKTeX\tex/latex/amsfonts\umsa.fd
File: umsa.fd 2013/01/14 v3.01 AMS symbols A
)
(C:\Users\orfuc\AppData\Local\Programs\MiKTeX\tex/latex/microtype\mt-msa.cfg
File: mt-msa.cfg 2006/02/04 v1.1 microtype config. file: AMS symbols (a) (RS)
)
LaTeX Font Info:    Trying to load font information for U+msb on input line 349
.

(C:\Users\orfuc\AppData\Local\Programs\MiKTeX\tex/latex/amsfonts\umsb.fd
File: umsb.fd 2013/01/14 v3.01 AMS symbols B
)
(C:\Users\orfuc\AppData\Local\Programs\MiKTeX\tex/latex/microtype\mt-msb.cfg
File: mt-msb.cfg 2005/06/01 v1.0 microtype config. file: AMS symbols (b) (RS)
)
LaTeX Font Info:    Trying to load font information for TS1+ptm on input line 3
49.

(C:\Users\orfuc\AppData\Local\Programs\MiKTeX\tex/latex/psnfss\ts1ptm.fd
File: ts1ptm.fd 2001/06/04 font definitions for TS1/ptm.
)

LaTeX Warning: Citation `bishop_2006_PRML' on page 1 undefined on input line 36
3.


LaTeX Warning: Citation `goodfellow2014generative' on page 1 undefined on input
 line 363.


LaTeX Warning: Citation `mclachlan2007algorithm' on page 1 undefined on input l
ine 366.


LaTeX Warning: Citation `jordan1999introduction' on page 1 undefined on input l
ine 367.


LaTeX Warning: Citation `blei2006variational' on page 1 undefined on input line
 367.


LaTeX Warning: Citation `kingma2014auto' on page 1 undefined on input line 368.



LaTeX Warning: Citation `dai2018diagnosing' on page 1 undefined on input line 3
68.


LaTeX Warning: Citation `minka2005divergence' on page 1 undefined on input line
 371.


LaTeX Warning: Citation `srivastava2017veegan' on page 1 undefined on input lin
e 371.


LaTeX Warning: Citation `goodfellow2014generative' on page 1 undefined on input
 line 374.


LaTeX Warning: Citation `larsen2015autoencoding' on page 1 undefined on input l
ine 374.


LaTeX Warning: Citation `goodfellow2014generative' on page 1 undefined on input
 line 375.


LaTeX Warning: Citation `nowozin2016f' on page 1 undefined on input line 375.


LaTeX Warning: Citation `zhang2018self' on page 1 undefined on input line 375.


LaTeX Warning: Citation `gulrajani2017improved' on page 1 undefined on input li
ne 375.


LaTeX Warning: Citation `brock2018large' on page 1 undefined on input line 375.



LaTeX Warning: Citation `goodfellow2014generative' on page 1 undefined on input
 line 378.


LaTeX Warning: Citation `nowozin2016f' on page 1 undefined on input line 378.


LaTeX Warning: Citation `li2019adversarial' on page 1 undefined on input line 3
79.


LaTeX Warning: Citation `GoogleCompareGAN' on page 1 undefined on input line 38
1.


LaTeX Warning: Citation `nowozin2016f' on page 1 undefined on input line 381.


LaTeX Warning: Citation `li2019adversarial' on page 1 undefined on input line 3
81.


LaTeX Warning: No positions in optional float specifier.
               Default added (so using `tbp') on input line 385.

! Argument of \caption@@@withoptargs has an extra }.
<inserted text> 
                \par 
l.386 .... \label{tab:forward_reverse_KL_pro_con}}
                                                  
I've run across a `}' that doesn't seem to match anything.
For example, `\def\a#1{...}' and `\a}' would produce
this error. If you simply proceed now, the `\par' that
I've just inserted will cause me to report a runaway
argument that might be the root of the problem. But if
your `}' was spurious, just type `2' and it will go away.

Runaway argument?
{\caption@@xlabel }{\def \reserved@a *{\def \caption@tempa {*}\caption@@withopt
args \ETC.
! Paragraph ended before \caption@@@withoptargs was complete.
<to be read again> 
                   \par 
l.386 .... \label{tab:forward_reverse_KL_pro_con}}
                                                  
I suspect you've forgotten a `}', causing me to apply this
control sequence to too much text. How can we recover?
My plan is to forget the whole thing and hope for the best.


LaTeX Warning: Citation `nguyen2017dual' on page 1 undefined on input line 404.



LaTeX Warning: Citation `larsen2015autoencoding' on page 1 undefined on input l
ine 405.


LaTeX Warning: Citation `mathieu2016disentangling' on page 1 undefined on input
 line 405.


LaTeX Warning: Citation `zhang2019training' on page 1 undefined on input line 4
05.


LaTeX Warning: Citation `kirkpatrick2017overcoming' on page 1 undefined on inpu
t line 407.


LaTeX Warning: Citation `liang2018generative' on page 1 undefined on input line
 407.


LaTeX Warning: Reference `sec:vs_FKLpRKL' on page 1 undefined on input line 409
.

[1{C:/Users/orfuc/AppData/Local/MiKTeX/fonts/map/pdftex/pdftex.map}{C:/Users/or
fuc/AppData/Local/Programs/MiKTeX/fonts/enc/dvips/base/8r.enc}



]

LaTeX Warning: Citation `zhu2017unpaired' on page 2 undefined on input line 419
.


LaTeX Warning: Citation `li2017alice' on page 2 undefined on input line 419.



pdfTeX warning: pdflatex (file ./Figures/25GS_MNIST_SN_Forgetting.pdf): PDF inc
lusion: found PDF version <1.7>, but at most version <1.5> allowed
<Figures/25GS_MNIST_SN_Forgetting.pdf, id=11, 962.17769pt x 237.5806pt>
File: Figures/25GS_MNIST_SN_Forgetting.pdf Graphic file (type pdf)
<use Figures/25GS_MNIST_SN_Forgetting.pdf>
Package pdftex.def Info: Figures/25GS_MNIST_SN_Forgetting.pdf  used on input li
ne 443.
(pdftex.def)             Requested size: 222.9846pt x 55.05968pt.

LaTeX Warning: Reference `sec:ML_AL_explode' on page 2 undefined on input line 
449.


LaTeX Warning: Reference `sec:ML_AL_explode' on page 2 undefined on input line 
449.


Underfull \vbox (badness 1033) has occurred while \output is active []



LaTeX Warning: Citation `jordan1999introduction' on page 2 undefined on input l
ine 475.


LaTeX Warning: Citation `kingma2014auto' on page 2 undefined on input line 475.



LaTeX Warning: Citation `blei2017variational' on page 2 undefined on input line
 475.


LaTeX Warning: Citation `goodfellow2014generative' on page 2 undefined on input
 line 497.


LaTeX Warning: Citation `gulrajani2017improved' on page 2 undefined on input li
ne 497.


LaTeX Warning: Citation `nowozin2016f' on page 2 undefined on input line 497.


LaTeX Warning: Citation `brock2018large' on page 2 undefined on input line 497.



LaTeX Warning: Citation `goodfellow2014generative' on page 2 undefined on input
 line 498.


LaTeX Warning: Citation `goodfellow2014generative' on page 2 undefined on input
 line 513.


LaTeX Warning: Citation `goodfellow2014generative' on page 2 undefined on input
 line 519.


LaTeX Warning: Citation `nowozin2016f' on page 2 undefined on input line 522.


LaTeX Warning: Citation `li2019adversarial' on page 2 undefined on input line 5
22.


LaTeX Warning: Citation `nowozin2016f' on page 2 undefined on input line 522.


LaTeX Warning: Citation `GoogleCompareGAN' on page 2 undefined on input line 52
2.

[2 <./Figures/25GS_MNIST_SN_Forgetting.pdf>]

LaTeX Warning: Citation `cichocki2010families' on page 3 undefined on input lin
e 543.


LaTeX Warning: Citation `cichocki2010families' on page 3 undefined on input lin
e 552.


LaTeX Warning: Citation `amari2009alpha' on page 3 undefined on input line 553.



Underfull \hbox (badness 10000) in paragraph at lines 551--558
\OT1/ptm/m/n/10 (+20) The $\OML/cmm/m/it/10 $\OT1/ptm/m/n/10 (+20) -divergence
 has many at-trac-tive prop-er-
 []


Underfull \hbox (badness 10000) in paragraph at lines 551--558
\OT1/ptm/m/n/10 (+20) ties ( \OT1/ptm/b/n/10 (+20) ?\OT1/ptm/m/n/10 (+20) ), fo
r ex-am-ple, ($\OML/cmm/m/it/10 i$\OT1/ptm/m/n/10 (+20) ) it is unique ( \OT1/p
tm/b/n/10 (+20) ?\OT1/ptm/m/n/10 (+20) ); ($\OML/cmm/m/it/10 ii$\OT1/ptm/m/n/10
 (+20) )
 []


Underfull \hbox (badness 7504) in paragraph at lines 551--558
[][] \OMS/cmsy/m/n/10 D[]\OT1/cmr/m/n/10 [\OML/cmm/m/it/10 p[]\OT1/cmr/m/n/10 (
[])\OMS/cmsy/m/n/10 k\OML/cmm/m/it/10 q\OT1/cmr/m/n/10 ([])] = \OMS/cmsy/m/n/10
 D[]\OT1/cmr/m/n/10 [\OML/cmm/m/it/10 q\OT1/cmr/m/n/10 ([])\OMS/cmsy/m/n/10 k\O
ML/cmm/m/it/10 p[]\OT1/cmr/m/n/10 ([])]$\OT1/ptm/m/n/10 (+20) ; ($\OML/cmm/m/it
/10 iii$\OT1/ptm/m/n/10 (+20) )
 []


LaTeX Warning: Reference `sec:derive_twin_grad' on page 3 undefined on input li
ne 575.


LaTeX Warning: Citation `cong2019go' on page 3 undefined on input line 608.


LaTeX Warning: Reference `sec:alpha_w_alpha' on page 3 undefined on input line 
627.

[3]

pdfTeX warning: pdflatex (file ./Figures/N_mu_std_p_compare_3.pdf): PDF inclusi
on: found PDF version <1.7>, but at most version <1.5> allowed
<Figures/N_mu_std_p_compare_3.pdf, id=40, 903.84955pt x 314.4026pt>
File: Figures/N_mu_std_p_compare_3.pdf Graphic file (type pdf)
<use Figures/N_mu_std_p_compare_3.pdf>
Package pdftex.def Info: Figures/N_mu_std_p_compare_3.pdf  used on input line 6
42.
(pdftex.def)             Requested size: 234.60545pt x 81.60362pt.
! Argument of \caption@@@withoptargs has an extra }.
<inserted text> 
                \par 
l.642 	}
        
I've run across a `}' that doesn't seem to match anything.
For example, `\def\a#1{...}' and `\a}' would produce
this error. If you simply proceed now, the `\par' that
I've just inserted will cause me to report a runaway
argument that might be the root of the problem. But if
your `}' was spurious, just type `2' and it will go away.

Runaway argument?
{\caption@@xlabel }{\def \reserved@a *{\def \caption@tempa {*}\caption@@withopt
args \ETC.
! Paragraph ended before \caption@@@withoptargs was complete.
<to be read again> 
                   \par 
l.642 	}
        
I suspect you've forgotten a `}', causing me to apply this
control sequence to too much text. How can we recover?
My plan is to forget the whole thing and hope for the best.

! Argument of \caption@@@withoptargs has an extra }.
<inserted text> 
                \par 
l.642 	}
        
I've run across a `}' that doesn't seem to match anything.
For example, `\def\a#1{...}' and `\a}' would produce
this error. If you simply proceed now, the `\par' that
I've just inserted will cause me to report a runaway
argument that might be the root of the problem. But if
your `}' was spurious, just type `2' and it will go away.

Runaway argument?
{\caption@@xlabel }{\def \reserved@a *{\def \caption@tempa {*}\caption@@withopt
args \ETC.
! Paragraph ended before \caption@@@withoptargs was complete.
<to be read again> 
                   \par 
l.642 	}
        
I suspect you've forgotten a `}', causing me to apply this
control sequence to too much text. How can we recover?
My plan is to forget the whole thing and hope for the best.



pdfTeX warning: pdflatex (file ./Figures/N_mu_std_p_compare_1.pdf): PDF inclusi
on: found PDF version <1.7>, but at most version <1.5> allowed
<Figures/N_mu_std_p_compare_1.pdf, id=41, 901.00433pt x 320.09387pt>
File: Figures/N_mu_std_p_compare_1.pdf Graphic file (type pdf)
<use Figures/N_mu_std_p_compare_1.pdf>
Package pdftex.def Info: Figures/N_mu_std_p_compare_1.pdf  used on input line 6
47.
(pdftex.def)             Requested size: 234.60545pt x 83.34454pt.
! Argument of \caption@@@withoptargs has an extra }.
<inserted text> 
                \par 
l.647 	}
        
I've run across a `}' that doesn't seem to match anything.
For example, `\def\a#1{...}' and `\a}' would produce
this error. If you simply proceed now, the `\par' that
I've just inserted will cause me to report a runaway
argument that might be the root of the problem. But if
your `}' was spurious, just type `2' and it will go away.

Runaway argument?
{\caption@@xlabel }{\def \reserved@a *{\def \caption@tempa {*}\caption@@withopt
args \ETC.
! Paragraph ended before \caption@@@withoptargs was complete.
<to be read again> 
                   \par 
l.647 	}
        
I suspect you've forgotten a `}', causing me to apply this
control sequence to too much text. How can we recover?
My plan is to forget the whole thing and hope for the best.

! Argument of \caption@@@withoptargs has an extra }.
<inserted text> 
                \par 
l.647 	}
        
I've run across a `}' that doesn't seem to match anything.
For example, `\def\a#1{...}' and `\a}' would produce
this error. If you simply proceed now, the `\par' that
I've just inserted will cause me to report a runaway
argument that might be the root of the problem. But if
your `}' was spurious, just type `2' and it will go away.

Runaway argument?
{\caption@@xlabel }{\def \reserved@a *{\def \caption@tempa {*}\caption@@withopt
args \ETC.
! Paragraph ended before \caption@@@withoptargs was complete.
<to be read again> 
                   \par 
l.647 	}
        
I suspect you've forgotten a `}', causing me to apply this
control sequence to too much text. How can we recover?
My plan is to forget the whole thing and hope for the best.


Underfull \hbox (badness 10000) in paragraph at lines 649--649
[]\OT1/ptm/m/n/10 (+20) Figure 2: |Il-lus-tra-tion of dif-fer-ent MC vari-ance
 []


Underfull \hbox (badness 10000) in paragraph at lines 649--649
\OT1/ptm/m/n/10 (+20) prop-er-ties of dif-fer-ent gra-di-ent es-ti-ma-tors of
 []


Underfull \hbox (badness 2197) in paragraph at lines 649--649
\OMS/cmsy/m/n/10 r[]D[]\OT1/cmr/m/n/10 [\OMS/cmsy/m/n/10 N\OT1/cmr/m/n/10 (\OML
/cmm/m/it/10 x\OT1/cmr/m/n/10 ; \OML/cmm/m/it/10 ^^V; ^^[[]\OT1/cmr/m/n/10 )\OM
S/cmsy/m/n/10 jjN\OT1/cmr/m/n/10 (\OML/cmm/m/it/10 x\OT1/cmr/m/n/10 ; 0\OML/cmm
/m/it/10 ; \OT1/cmr/m/n/10 1)]$ \OT1/ptm/m/n/10 (+20) for $\OML/cmm/m/it/10  \
OMS/cmsy/m/n/10 2 \OT1/cmr/m/n/10 (0\OML/cmm/m/it/10 ; \OT1/cmr/m/n/10 1)$\OT1/
ptm/m/n/10 (+20) . $\OT1/cmr/m/n/10 1$
 []


Underfull \hbox (badness 10000) in paragraph at lines 672--673
[] []\OT1/ptm/m/n/10 (+20) Train $[]$ by min-i-miz-ing the $\OML/cmm/m/it/10 $
\OT1/ptm/m/n/10 (+20) -divergence
 []


LaTeX Warning: Reference `sec:other_poten_gener' on page 4 undefined on input l
ine 698.


LaTeX Warning: Reference `sec:app_semi_implicit' on page 4 undefined on input l
ine 707.


LaTeX Warning: Citation `yin2018semi' on page 4 undefined on input line 708.

[4 <./Figures/N_mu_std_p_compare_3.pdf> <./Figures/N_mu_std_p_compare_1.pdf

pdfTeX warning: pdflatex (file ./Figures/N_mu_std_p_compare_1.pdf): PDF inclusi
on: multiple pdfs with page group included in a single page
>]

LaTeX Warning: Citation `zhu2017unpaired' on page 5 undefined on input line 767
.


LaTeX Warning: Citation `li2017alice' on page 5 undefined on input line 767.


LaTeX Warning: Reference `sec:Two_connections_cycle' on page 5 undefined on inp
ut line 769.


LaTeX Warning: Citation `li2017alice' on page 5 undefined on input line 794.


LaTeX Warning: Citation `zhu2017unpaired' on page 5 undefined on input line 794
.


LaTeX Warning: Citation `kim2017learning' on page 5 undefined on input line 794
.


LaTeX Warning: Reference `sec:Two_connections_cycle' on page 5 undefined on inp
ut line 798.


LaTeX Warning: Citation `li2017alice' on page 5 undefined on input line 867.


LaTeX Warning: Citation `larsen2015autoencoding' on page 5 undefined on input l
ine 875.


LaTeX Warning: Citation `mathieu2016disentangling' on page 5 undefined on input
 line 876.


LaTeX Warning: Citation `zhang2019training' on page 5 undefined on input line 8
77.


LaTeX Warning: Citation `makhzani2015adversarial' on page 5 undefined on input 
line 880.


LaTeX Warning: Citation `mescheder2017adversarial' on page 5 undefined on input
 line 880.


LaTeX Warning: Citation `berthelot2017began' on page 5 undefined on input line 
881.


LaTeX Warning: Citation `ulyanov2018takes' on page 5 undefined on input line 88
1.


LaTeX Warning: Citation `pu2017adversarial' on page 5 undefined on input line 8
82.


LaTeX Warning: Citation `chen2018symmetric' on page 5 undefined on input line 8
82.



pdfTeX warning: pdflatex (file ./Figures/25Gs_GenProcess_GP_SN.pdf): PDF inclus
ion: found PDF version <1.7>, but at most version <1.5> allowed
<Figures/25Gs_GenProcess_GP_SN.pdf, id=59, 684.76224pt x 536.33412pt>
File: Figures/25Gs_GenProcess_GP_SN.pdf Graphic file (type pdf)
<use Figures/25Gs_GenProcess_GP_SN.pdf>
Package pdftex.def Info: Figures/25Gs_GenProcess_GP_SN.pdf  used on input line 
893.
(pdftex.def)             Requested size: 203.48668pt x 159.37929pt.
<Figures/0-5KL_25Gs_4comErr_IS_2e4_0_1.pdf, id=60, 386.67361pt x 291.3565pt>
File: Figures/0-5KL_25Gs_4comErr_IS_2e4_0_1.pdf Graphic file (type pdf)
<use Figures/0-5KL_25Gs_4comErr_IS_2e4_0_1.pdf>
Package pdftex.def Info: Figures/0-5KL_25Gs_4comErr_IS_2e4_0_1.pdf  used on inp
ut line 910.
(pdftex.def)             Requested size: 104.84578pt x 79.00058pt.
! Argument of \caption@@@withoptargs has an extra }.
<inserted text> 
                \par 
l.910 	}
        
I've run across a `}' that doesn't seem to match anything.
For example, `\def\a#1{...}' and `\a}' would produce
this error. If you simply proceed now, the `\par' that
I've just inserted will cause me to report a runaway
argument that might be the root of the problem. But if
your `}' was spurious, just type `2' and it will go away.

Runaway argument?
{\caption@@xlabel }{\def \reserved@a *{\def \caption@tempa {*}\caption@@withopt
args \ETC.
! Paragraph ended before \caption@@@withoptargs was complete.
<to be read again> 
                   \par 
l.910 	}
        
I suspect you've forgotten a `}', causing me to apply this
control sequence to too much text. How can we recover?
My plan is to forget the whole thing and hope for the best.

! Argument of \caption@@@withoptargs has an extra }.
<inserted text> 
                \par 
l.910 	}
        
I've run across a `}' that doesn't seem to match anything.
For example, `\def\a#1{...}' and `\a}' would produce
this error. If you simply proceed now, the `\par' that
I've just inserted will cause me to report a runaway
argument that might be the root of the problem. But if
your `}' was spurious, just type `2' and it will go away.

Runaway argument?
{\caption@@xlabel }{\def \reserved@a *{\def \caption@tempa {*}\caption@@withopt
args \ETC.
! Paragraph ended before \caption@@@withoptargs was complete.
<to be read again> 
                   \par 
l.910 	}
        
I suspect you've forgotten a `}', causing me to apply this
control sequence to too much text. How can we recover?
My plan is to forget the whole thing and hope for the best.

<Figures/0-5KL_25Gs_4comErr_loglikehood_2e4_0_1.pdf, id=61, 383.82799pt x 297.0
4677pt>
File: Figures/0-5KL_25Gs_4comErr_loglikehood_2e4_0_1.pdf Graphic file (type pdf
)
<use Figures/0-5KL_25Gs_4comErr_loglikehood_2e4_0_1.pdf>
Package pdftex.def Info: Figures/0-5KL_25Gs_4comErr_loglikehood_2e4_0_1.pdf  us
ed on input line 913.
(pdftex.def)             Requested size: 102.07704pt x 79.00058pt.
! Argument of \caption@@@withoptargs has an extra }.
<inserted text> 
                \par 
l.913 	}
        
I've run across a `}' that doesn't seem to match anything.
For example, `\def\a#1{...}' and `\a}' would produce
this error. If you simply proceed now, the `\par' that
I've just inserted will cause me to report a runaway
argument that might be the root of the problem. But if
your `}' was spurious, just type `2' and it will go away.

Runaway argument?
{\caption@@xlabel }{\def \reserved@a *{\def \caption@tempa {*}\caption@@withopt
args \ETC.
! Paragraph ended before \caption@@@withoptargs was complete.
<to be read again> 
                   \par 
l.913 	}
        
I suspect you've forgotten a `}', causing me to apply this
control sequence to too much text. How can we recover?
My plan is to forget the whole thing and hope for the best.

! Argument of \caption@@@withoptargs has an extra }.
<inserted text> 
                \par 
l.913 	}
        
I've run across a `}' that doesn't seem to match anything.
For example, `\def\a#1{...}' and `\a}' would produce
this error. If you simply proceed now, the `\par' that
I've just inserted will cause me to report a runaway
argument that might be the root of the problem. But if
your `}' was spurious, just type `2' and it will go away.

Runaway argument?
{\caption@@xlabel }{\def \reserved@a *{\def \caption@tempa {*}\caption@@withopt
args \ETC.
! Paragraph ended before \caption@@@withoptargs was complete.
<to be read again> 
                   \par 
l.913 	}
        
I suspect you've forgotten a `}', causing me to apply this
control sequence to too much text. How can we recover?
My plan is to forget the whole thing and hope for the best.

<Figures/0-5KL_25Gs_4comErr_IS_2e4_0_5.pdf, id=62, 383.82799pt x 291.3565pt>
File: Figures/0-5KL_25Gs_4comErr_IS_2e4_0_5.pdf Graphic file (type pdf)
<use Figures/0-5KL_25Gs_4comErr_IS_2e4_0_5.pdf>
Package pdftex.def Info: Figures/0-5KL_25Gs_4comErr_IS_2e4_0_5.pdf  used on inp
ut line 916.
(pdftex.def)             Requested size: 104.07419pt x 79.00058pt.
! Argument of \caption@@@withoptargs has an extra }.
<inserted text> 
                \par 
l.916 	}
        
I've run across a `}' that doesn't seem to match anything.
For example, `\def\a#1{...}' and `\a}' would produce
this error. If you simply proceed now, the `\par' that
I've just inserted will cause me to report a runaway
argument that might be the root of the problem. But if
your `}' was spurious, just type `2' and it will go away.

Runaway argument?
{\caption@@xlabel }{\def \reserved@a *{\def \caption@tempa {*}\caption@@withopt
args \ETC.
! Paragraph ended before \caption@@@withoptargs was complete.
<to be read again> 
                   \par 
l.916 	}
        
I suspect you've forgotten a `}', causing me to apply this
control sequence to too much text. How can we recover?
My plan is to forget the whole thing and hope for the best.

! Argument of \caption@@@withoptargs has an extra }.
<inserted text> 
                \par 
l.916 	}
        
I've run across a `}' that doesn't seem to match anything.
For example, `\def\a#1{...}' and `\a}' would produce
this error. If you simply proceed now, the `\par' that
I've just inserted will cause me to report a runaway
argument that might be the root of the problem. But if
your `}' was spurious, just type `2' and it will go away.

Runaway argument?
{\caption@@xlabel }{\def \reserved@a *{\def \caption@tempa {*}\caption@@withopt
args \ETC.
! Paragraph ended before \caption@@@withoptargs was complete.
<to be read again> 
                   \par 
l.916 	}
        
I suspect you've forgotten a `}', causing me to apply this
control sequence to too much text. How can we recover?
My plan is to forget the whole thing and hope for the best.

<Figures/0-5KL_25Gs_4comErr_loglikehood_2e4_0_5.pdf, id=63, 383.82799pt x 297.0
4677pt>
File: Figures/0-5KL_25Gs_4comErr_loglikehood_2e4_0_5.pdf Graphic file (type pdf
)
<use Figures/0-5KL_25Gs_4comErr_loglikehood_2e4_0_5.pdf>
Package pdftex.def Info: Figures/0-5KL_25Gs_4comErr_loglikehood_2e4_0_5.pdf  us
ed on input line 919.
(pdftex.def)             Requested size: 102.07704pt x 79.00058pt.
! Argument of \caption@@@withoptargs has an extra }.
<inserted text> 
                \par 
l.919 	}
        
I've run across a `}' that doesn't seem to match anything.
For example, `\def\a#1{...}' and `\a}' would produce
this error. If you simply proceed now, the `\par' that
I've just inserted will cause me to report a runaway
argument that might be the root of the problem. But if
your `}' was spurious, just type `2' and it will go away.

Runaway argument?
{\caption@@xlabel }{\def \reserved@a *{\def \caption@tempa {*}\caption@@withopt
args \ETC.
! Paragraph ended before \caption@@@withoptargs was complete.
<to be read again> 
                   \par 
l.919 	}
        
I suspect you've forgotten a `}', causing me to apply this
control sequence to too much text. How can we recover?
My plan is to forget the whole thing and hope for the best.

! Argument of \caption@@@withoptargs has an extra }.
<inserted text> 
                \par 
l.919 	}
        
I've run across a `}' that doesn't seem to match anything.
For example, `\def\a#1{...}' and `\a}' would produce
this error. If you simply proceed now, the `\par' that
I've just inserted will cause me to report a runaway
argument that might be the root of the problem. But if
your `}' was spurious, just type `2' and it will go away.

Runaway argument?
{\caption@@xlabel }{\def \reserved@a *{\def \caption@tempa {*}\caption@@withopt
args \ETC.
! Paragraph ended before \caption@@@withoptargs was complete.
<to be read again> 
                   \par 
l.919 	}
        
I suspect you've forgotten a `}', causing me to apply this
control sequence to too much text. How can we recover?
My plan is to forget the whole thing and hope for the best.


LaTeX Warning: Citation `kingma2014adam' on page 5 undefined on input line 925.



LaTeX Warning: Citation `kingma2014adam' on page 5 undefined on input line 925.


! Undefined control sequence.
\citeauthoryear #1#2->\def \@thisauthor 
                                        {#1}\ifx \@lastauthor \@thisauthor \...
l.926 	\label{fig:25Gs_IS_LL}
                             
The control sequence at the end of the top line
of your error message was never \def'ed. If you have
misspelled it (e.g., `\hobx'), type `I' and the correct
spelling (e.g., `I\hbox'). Otherwise just continue,
and I'll forget about whatever was undefined.

! Illegal parameter number in definition of \reserved@a.
<to be read again> 
                   }
l.926 	\label{fig:25Gs_IS_LL}
                             
You meant to type ## instead of #, right?
Or maybe a } was forgotten somewhere earlier, and things
are all screwed up? I'm going to assume that you meant ##.

! Illegal parameter number in definition of \reserved@a.
<to be read again> 
                    
l.926 	\label{fig:25Gs_IS_LL}
                             
You meant to type ## instead of #, right?
Or maybe a } was forgotten somewhere earlier, and things
are all screwed up? I'm going to assume that you meant ##.

! Illegal parameter number in definition of \reserved@a.
<to be read again> 
                   2
l.926 	\label{fig:25Gs_IS_LL}
                             
You meant to type ## instead of #, right?
Or maybe a } was forgotten somewhere earlier, and things
are all screwed up? I'm going to assume that you meant ##.

! Undefined control sequence.
\cite ...\citeauthoryear ##1##2{\def \@thisauthor 
                                                  {##1}\ifx \@lastauthor \@t...
l.926 	\label{fig:25Gs_IS_LL}
                             
The control sequence at the end of the top line
of your error message was never \def'ed. If you have
misspelled it (e.g., `\hobx'), type `I' and the correct
spelling (e.g., `I\hbox'). Otherwise just continue,
and I'll forget about whatever was undefined.

! Illegal parameter number in definition of \reserved@a.
<to be read again> 
                   1
l.926 	\label{fig:25Gs_IS_LL}
                             
You meant to type ## instead of #, right?
Or maybe a } was forgotten somewhere earlier, and things
are all screwed up? I'm going to assume that you meant ##.

! Illegal parameter number in definition of \reserved@a.
<to be read again> 
                   1
l.926 	\label{fig:25Gs_IS_LL}
                             
You meant to type ## instead of #, right?
Or maybe a } was forgotten somewhere earlier, and things
are all screwed up? I'm going to assume that you meant ##.

! Illegal parameter number in definition of \reserved@a.
<to be read again> 
                   2
l.926 	\label{fig:25Gs_IS_LL}
                             
You meant to type ## instead of #, right?
Or maybe a } was forgotten somewhere earlier, and things
are all screwed up? I'm going to assume that you meant ##.

! Illegal parameter number in definition of \reserved@a.
<to be read again> 
                   }
l.926 	\label{fig:25Gs_IS_LL}
                             
You meant to type ## instead of #, right?
Or maybe a } was forgotten somewhere earlier, and things
are all screwed up? I'm going to assume that you meant ##.

! Illegal parameter number in definition of \reserved@a.
<to be read again> 
                   2
l.926 	\label{fig:25Gs_IS_LL}
                             
You meant to type ## instead of #, right?
Or maybe a } was forgotten somewhere earlier, and things
are all screwed up? I'm going to assume that you meant ##.

! Illegal parameter number in definition of \reserved@a.
<to be read again> 
                   1
l.926 	\label{fig:25Gs_IS_LL}
                             
You meant to type ## instead of #, right?
Or maybe a } was forgotten somewhere earlier, and things
are all screwed up? I'm going to assume that you meant ##.

! Argument of \caption@@@withoptargs has an extra }.
<inserted text> 
                \par 
l.926 	\label{fig:25Gs_IS_LL}
                             
I've run across a `}' that doesn't seem to match anything.
For example, `\def\a#1{...}' and `\a}' would produce
this error. If you simply proceed now, the `\par' that
I've just inserted will cause me to report a runaway
argument that might be the root of the problem. But if
your `}' was spurious, just type `2' and it will go away.

Runaway argument?
{\caption@@xlabel }{\@tempswatrue \@citex }\def \reserved@b {\@tempswafalse \ET
C.
! Paragraph ended before \caption@@@withoptargs was complete.
<to be read again> 
                   \par 
l.926 	\label{fig:25Gs_IS_LL}
                             
I suspect you've forgotten a `}', causing me to apply this
control sequence to too much text. How can we recover?
My plan is to forget the whole thing and hope for the best.


LaTeX Warning: Reference `sec:app_exp' on page 5 undefined on input line 935.


LaTeX Warning: Citation `tao2018chi' on page 5 undefined on input line 943.


LaTeX Warning: Citation `mescheder2018training' on page 5 undefined on input li
ne 943.


LaTeX Warning: Citation `miyato2018spectral' on page 5 undefined on input line 
943.


LaTeX Warning: Citation `GoogleCompareGAN' on page 5 undefined on input line 94
3.


LaTeX Warning: Citation `gulrajani2017improved' on page 5 undefined on input li
ne 943.


LaTeX Warning: Citation `salimans2016improved' on page 5 undefined on input lin
e 944.


LaTeX Warning: Citation `parzen1962estimation' on page 5 undefined on input lin
e 944.


LaTeX Warning: Reference `sec:app_tuningbase_25Gs' on page 5 undefined on input
 line 947.

[5]

LaTeX Warning: Reference `fig:25Gs_IS_LL' on page 6 undefined on input line 949
.


LaTeX Warning: Reference `sec:app_tuningbase_25Gs' on page 6 undefined on input
 line 953.


LaTeX Warning: Citation `krizhevsky2009learning' on page 6 undefined on input l
ine 956.


LaTeX Warning: Citation `heusel2017gans' on page 6 undefined on input line 957.



LaTeX Warning: Reference `sec:app_exp_cifar10' on page 6 undefined on input lin
e 959.


LaTeX Warning: Citation `lecun1998gradient' on page 6 undefined on input line 9
67.


LaTeX Warning: Citation `liu2015deep' on page 6 undefined on input line 967.



pdfTeX warning: pdflatex (file ./Figures/MNIST_CelebA_transfer.pdf): PDF inclus
ion: found PDF version <1.7>, but at most version <1.5> allowed
<Figures/MNIST_CelebA_transfer.pdf, id=68, 553.88026pt x 539.17972pt>
File: Figures/MNIST_CelebA_transfer.pdf Graphic file (type pdf)
<use Figures/MNIST_CelebA_transfer.pdf>
Package pdftex.def Info: Figures/MNIST_CelebA_transfer.pdf  used on input line 
979.
(pdftex.def)             Requested size: 239.39438pt x 233.03569pt.


pdfTeX warning: pdflatex (file ./Figures/Recon_Attribute_infer_CelebA.pdf): PDF
 inclusion: found PDF version <1.7>, but at most version <1.5> allowed
<Figures/Recon_Attribute_infer_CelebA.pdf, id=69, 590.86848pt x 536.33412pt>
File: Figures/Recon_Attribute_infer_CelebA.pdf Graphic file (type pdf)
<use Figures/Recon_Attribute_infer_CelebA.pdf>
Package pdftex.def Info: Figures/Recon_Attribute_infer_CelebA.pdf  used on inpu
t line 997.
(pdftex.def)             Requested size: 239.39438pt x 217.29596pt.

LaTeX Warning: Reference `sec:app_TransInferArm' on page 6 undefined on input l
ine 1007.


LaTeX Warning: Reference `sec:app_TransInferArm' on page 6 undefined on input l
ine 1014.

[6 <./Figures/25Gs_GenProcess_GP_SN.pdf> <./Figures/0-5KL_25Gs_4comErr_IS_2e4_0
_1.pdf> <./Figures/0-5KL_25Gs_4comErr_loglikehood_2e4_0_1.pdf> <./Figures/0-5KL
_25Gs_4comErr_IS_2e4_0_5.pdf> <./Figures/0-5KL_25Gs_4comErr_loglikehood_2e4_0_5
.pdf>]

LaTeX Warning: Citation `zhu2017unpaired' on page 7 undefined on input line 102
5.


LaTeX Warning: Citation `li2017alice' on page 7 undefined on input line 1025.


Underfull \vbox (badness 10000) has occurred while \output is active []

 [7 <./Figures/MNIST_CelebA_transfer.pdf> <./Figures/Recon_Attribute_infer_Cele
bA.pdf

pdfTeX warning: pdflatex (file ./Figures/Recon_Attribute_infer_CelebA.pdf): PDF
 inclusion: multiple pdfs with page group included in a single page
>] [8

]
No file AAAI-ZhaoM.9590_archive_add_appendix_changed.bbl.
(AAAI-ZhaoM.9590_archive_add_appendix_changed.aux
Runaway argument?
{{4}{6}{Quantitative performance of the methods along the training pr\ETC.
! Paragraph ended before \@newl@bel was complete.
<to be read again> 
                   \par 
l.121 ...ip 0in{##1})}\let \reserved@d =[\def \par
                                                   }{}{}}
I suspect you've forgotten a `}', causing me to apply this
control sequence to too much text. How can we recover?
My plan is to forget the whole thing and hope for the best.

! Extra }, or forgotten \endgroup.
l.121 ... 0in{##1})}\let \reserved@d =[\def \par }
                                                  {}{}}
I've deleted a group-closing symbol because it seems to be
spurious, as in `$x}$'. But perhaps the } is legitimate and
you forgot something else, as in `\hbox{$x}'. In such cases
the way to recover is to insert both the forgotten and the
deleted material, e.g., by typing `I$}'.

! Extra }, or forgotten \endgroup.
l.121 ...##1})}\let \reserved@d =[\def \par }{}{}}
                                                  
I've deleted a group-closing symbol because it seems to be
spurious, as in `$x}$'. But perhaps the } is legitimate and
you forgot something else, as in `\hbox{$x}'. In such cases
the way to recover is to insert both the forgotten and the
deleted material, e.g., by typing `I$}'.

)
 ***********
LaTeX2e <2023-06-01> patch level 1
L3 programming layer <2023-08-29>
 ***********


LaTeX Warning: There were undefined references.

 ) 
Here is how much of TeX's memory you used:
 8973 strings out of 475247
 146757 string characters out of 5757792
 1960801 words of memory out of 5000000
 29956 multiletter control sequences out of 15000+600000
 612924 words of font info for 362 fonts, out of 8000000 for 9000
 1141 hyphenation exceptions out of 8191
 67i,26n,77p,2695b,573s stack positions out of 10000i,1000n,20000p,200000b,200000s
<C:/Users/orfuc/AppData/Local/Programs/MiKTeX/fonts/type1/public/amsfonts/cm/
cmbx10.pfb><C:/Users/orfuc/AppData/Local/Programs/MiKTeX/fonts/type1/public/ams
fonts/cm/cmex10.pfb><C:/Users/orfuc/AppData/Local/Programs/MiKTeX/fonts/type1/p
ublic/amsfonts/cm/cmmi10.pfb><C:/Users/orfuc/AppData/Local/Programs/MiKTeX/font
s/type1/public/amsfonts/cm/cmmi12.pfb><C:/Users/orfuc/AppData/Local/Programs/Mi
KTeX/fonts/type1/public/amsfonts/cm/cmmi5.pfb><C:/Users/orfuc/AppData/Local/Pro
grams/MiKTeX/fonts/type1/public/amsfonts/cm/cmmi6.pfb><C:/Users/orfuc/AppData/L
ocal/Programs/MiKTeX/fonts/type1/public/amsfonts/cm/cmmi7.pfb><C:/Users/orfuc/A
ppData/Local/Programs/MiKTeX/fonts/type1/public/amsfonts/cm/cmmi9.pfb><C:/Users
/orfuc/AppData/Local/Programs/MiKTeX/fonts/type1/public/amsfonts/cm/cmmib10.pfb
><C:/Users/orfuc/AppData/Local/Programs/MiKTeX/fonts/type1/public/amsfonts/cmex
tra/cmmib5.pfb><C:/Users/orfuc/AppData/Local/Programs/MiKTeX/fonts/type1/public
/amsfonts/cmextra/cmmib6.pfb><C:/Users/orfuc/AppData/Local/Programs/MiKTeX/font
s/type1/public/amsfonts/cmextra/cmmib7.pfb><C:/Users/orfuc/AppData/Local/Progra
ms/MiKTeX/fonts/type1/public/amsfonts/cmextra/cmmib9.pfb><C:/Users/orfuc/AppDat
a/Local/Programs/MiKTeX/fonts/type1/public/amsfonts/cm/cmr10.pfb><C:/Users/orfu
c/AppData/Local/Programs/MiKTeX/fonts/type1/public/amsfonts/cm/cmr5.pfb><C:/Use
rs/orfuc/AppData/Local/Programs/MiKTeX/fonts/type1/public/amsfonts/cm/cmr6.pfb>
<C:/Users/orfuc/AppData/Local/Programs/MiKTeX/fonts/type1/public/amsfonts/cm/cm
r7.pfb><C:/Users/orfuc/AppData/Local/Programs/MiKTeX/fonts/type1/public/amsfont
s/cm/cmr9.pfb><C:/Users/orfuc/AppData/Local/Programs/MiKTeX/fonts/type1/public/
amsfonts/cm/cmsy10.pfb><C:/Users/orfuc/AppData/Local/Programs/MiKTeX/fonts/type
1/public/amsfonts/cm/cmsy5.pfb><C:/Users/orfuc/AppData/Local/Programs/MiKTeX/fo
nts/type1/public/amsfonts/cm/cmsy6.pfb><C:/Users/orfuc/AppData/Local/Programs/M
iKTeX/fonts/type1/public/amsfonts/cm/cmsy7.pfb><C:/Users/orfuc/AppData/Local/Pr
ograms/MiKTeX/fonts/type1/public/amsfonts/symbols/msam10.pfb><C:/Users/orfuc/Ap
pData/Local/Programs/MiKTeX/fonts/type1/public/amsfonts/symbols/msbm10.pfb><C:/
Users/orfuc/AppData/Local/Programs/MiKTeX/fonts/type1/urw/times/utmb8a.pfb><C:/
Users/orfuc/AppData/Local/Programs/MiKTeX/fonts/type1/urw/times/utmbi8a.pfb><C:
/Users/orfuc/AppData/Local/Programs/MiKTeX/fonts/type1/urw/times/utmr8a.pfb><C:
/Users/orfuc/AppData/Local/Programs/MiKTeX/fonts/type1/urw/times/utmri8a.pfb><C
:/Users/orfuc/AppData/Local/Programs/MiKTeX/fonts/type1/urw/zapfding/uzdr.pfb>
Output written on AAAI-ZhaoM.9590_archive_add_appendix_changed.pdf (8 pages, 20
23834 bytes).
PDF statistics:
 237 PDF objects out of 1000 (max. 8388607)
 0 named destinations out of 1000 (max. 500000)
 75827 words of extra memory for PDF output out of 89155 (max. 10000000)

