This is pdfTeX, Version 3.141592653-2.6-1.40.25 (MiKTeX 23.9) (preloaded format=pdflatex 2023.9.22)  16 JAN 2024 17:49
entering extended mode
 restricted \write18 enabled.
 %&-line parsing enabled.
**./main_changed.tex
(main_changed.tex
LaTeX2e <2023-06-01> patch level 1
L3 programming layer <2023-08-29>
(C:\Users\micha\AppData\Local\Programs\MiKTeX\tex/latex/base\article.cls
Document Class: article 2023/05/17 v1.4n Standard LaTeX document class
(C:\Users\micha\AppData\Local\Programs\MiKTeX\tex/latex/base\size10.clo
File: size10.clo 2023/05/17 v1.4n Standard LaTeX file (size option)
)
\c@part=\count185
\c@section=\count186
\c@subsection=\count187
\c@subsubsection=\count188
\c@paragraph=\count189
\c@subparagraph=\count190
\c@figure=\count191
\c@table=\count192
\abovecaptionskip=\skip48
\belowcaptionskip=\skip49
\bibindent=\dimen140
)
(aaai24.sty
Package: aaai24 2023/06/26 AAAI 2024 Submission format

Conference Style for AAAI for LaTeX 2e -- version for submission
\titlebox=\skip50
) (C:\Users\micha\AppData\Local\Programs\MiKTeX\tex/latex/psnfss\times.sty
Package: times 2020/03/25 PSNFSS-v9.3 (SPQR) 
)
(C:\Users\micha\AppData\Local\Programs\MiKTeX\tex/latex/psnfss\helvet.sty
Package: helvet 2020/03/25 PSNFSS-v9.3 (WaS) 

(C:\Users\micha\AppData\Local\Programs\MiKTeX\tex/latex/graphics\keyval.sty
Package: keyval 2022/05/29 v1.15 key=value parser (DPC)
\KV@toks@=\toks17
))
(C:\Users\micha\AppData\Local\Programs\MiKTeX\tex/latex/psnfss\courier.sty
Package: courier 2020/03/25 PSNFSS-v9.3 (WaS) 
)
(C:\Users\micha\AppData\Local\Programs\MiKTeX\tex/latex/url\url.sty
\Urlmuskip=\muskip16
Package: url 2013/09/16  ver 3.4  Verb mode for urls, etc.
)
(C:\Users\micha\AppData\Local\Programs\MiKTeX\tex/latex/graphics\graphicx.sty
Package: graphicx 2021/09/16 v1.2d Enhanced LaTeX Graphics (DPC,SPQR)

(C:\Users\micha\AppData\Local\Programs\MiKTeX\tex/latex/graphics\graphics.sty
Package: graphics 2022/03/10 v1.4e Standard LaTeX Graphics (DPC,SPQR)

(C:\Users\micha\AppData\Local\Programs\MiKTeX\tex/latex/graphics\trig.sty
Package: trig 2021/08/11 v1.11 sin cos tan (DPC)
)
(C:\Users\micha\AppData\Local\Programs\MiKTeX\tex/latex/graphics-cfg\graphics.c
fg
File: graphics.cfg 2016/06/04 v1.11 sample graphics configuration
)
Package graphics Info: Driver file: pdftex.def on input line 107.

(C:\Users\micha\AppData\Local\Programs\MiKTeX\tex/latex/graphics-def\pdftex.def
File: pdftex.def 2022/09/22 v1.2b Graphics/color driver for pdftex
))
\Gin@req@height=\dimen141
\Gin@req@width=\dimen142
) (C:\Users\micha\AppData\Local\Programs\MiKTeX\tex/latex/natbib\natbib.sty
Package: natbib 2010/09/13 8.31b (PWD, AO)
\bibhang=\skip51
\bibsep=\skip52
LaTeX Info: Redefining \cite on input line 694.
\c@NAT@ctr=\count193
)
(C:\Users\micha\AppData\Local\Programs\MiKTeX\tex/latex/caption\caption.sty
Package: caption 2023/07/31 v3.6n Customizing captions (AR)

(C:\Users\micha\AppData\Local\Programs\MiKTeX\tex/latex/caption\caption3.sty
Package: caption3 2023/07/31 v2.4d caption3 kernel (AR)
\caption@tempdima=\dimen143
\captionmargin=\dimen144
\caption@leftmargin=\dimen145
\caption@rightmargin=\dimen146
\caption@width=\dimen147
\caption@indent=\dimen148
\caption@parindent=\dimen149
\caption@hangindent=\dimen150
Package caption Info: Standard document class detected.
)
\c@caption@flags=\count194
\c@continuedfloat=\count195
)
(C:\Users\micha\AppData\Local\Programs\MiKTeX\tex/latex/algorithms\algorithm.st
y
Package: algorithm 2009/08/24 v0.1 Document Style `algorithm' - floating enviro
nment
 (C:\Users\micha\AppData\Local\Programs\MiKTeX\tex/latex/float\float.sty
Package: float 2001/11/08 v1.3d Float enhancements (AL)
\c@float@type=\count196
\float@exts=\toks18
\float@box=\box51
\@float@everytoks=\toks19
\@floatcapt=\box52
)
(C:\Users\micha\AppData\Local\Programs\MiKTeX\tex/latex/base\ifthen.sty
Package: ifthen 2022/04/13 v1.1d Standard LaTeX ifthen package (DPC)
)
\@float@every@algorithm=\toks20
\c@algorithm=\count197
)
(C:\Users\micha\AppData\Local\Programs\MiKTeX\tex/latex/algorithms\algorithmic.
sty
Package: algorithmic 2009/08/24 v0.1 Document Style `algorithmic'
\c@ALC@unique=\count198
\c@ALC@line=\count199
\c@ALC@rem=\count266
\c@ALC@depth=\count267
\ALC@tlm=\skip53
\algorithmicindent=\skip54
)
(C:\Users\micha\AppData\Local\Programs\MiKTeX\tex/latex/newfloat\newfloat.sty
Package: newfloat 2023/10/01 v1.2 Defining new floating environments (AR)
)
(C:\Users\micha\AppData\Local\Programs\MiKTeX\tex/latex/listings\listings.sty
\lst@mode=\count268
\lst@gtempboxa=\box53
\lst@token=\toks21
\lst@length=\count269
\lst@currlwidth=\dimen151
\lst@column=\count270
\lst@pos=\count271
\lst@lostspace=\dimen152
\lst@width=\dimen153
\lst@newlines=\count272
\lst@lineno=\count273
\lst@maxwidth=\dimen154

(C:\Users\micha\AppData\Local\Programs\MiKTeX\tex/latex/listings\lstmisc.sty
File: lstmisc.sty 2023/02/27 1.9 (Carsten Heinz)
\c@lstnumber=\count274
\lst@skipnumbers=\count275
\lst@framebox=\box54
)
(C:\Users\micha\AppData\Local\Programs\MiKTeX\tex/latex/listings\listings.cfg
File: listings.cfg 2023/02/27 1.9 listings configuration
))
Package: listings 2023/02/27 1.9 (Carsten Heinz)
\@float@every@listing=\toks22
\c@listing=\count276
(C:\Users\micha\AppData\Local\Programs\MiKTeX\tex/latex/multirow\multirow.sty
Package: multirow 2021/03/15 v2.8 Span multiple rows of a table
\multirow@colwidth=\skip55
\multirow@cntb=\count277
\multirow@dima=\skip56
\bigstrutjot=\dimen155
)
(C:\Users\micha\AppData\Local\Programs\MiKTeX\tex/latex/booktabs\booktabs.sty
Package: booktabs 2020/01/12 v1.61803398 Publication quality tables
\heavyrulewidth=\dimen156
\lightrulewidth=\dimen157
\cmidrulewidth=\dimen158
\belowrulesep=\dimen159
\belowbottomsep=\dimen160
\aboverulesep=\dimen161
\abovetopsep=\dimen162
\cmidrulesep=\dimen163
\cmidrulekern=\dimen164
\defaultaddspace=\dimen165
\@cmidla=\count278
\@cmidlb=\count279
\@aboverulesep=\dimen166
\@belowrulesep=\dimen167
\@thisruleclass=\count280
\@lastruleclass=\count281
\@thisrulewidth=\dimen168
)
(C:\Users\micha\AppData\Local\Programs\MiKTeX\tex/latex/tools\xspace.sty
Package: xspace 2014/10/28 v1.13 Space after command names (DPC,MH)
)
(C:\Users\micha\AppData\Local\Programs\MiKTeX\tex/latex/xcolor\xcolor.sty
Package: xcolor 2022/06/12 v2.14 LaTeX color extensions (UK)

(C:\Users\micha\AppData\Local\Programs\MiKTeX\tex/latex/graphics-cfg\color.cfg
File: color.cfg 2016/01/02 v1.6 sample color configuration
)
Package xcolor Info: Driver file: pdftex.def on input line 227.
(C:\Users\micha\AppData\Local\Programs\MiKTeX\tex/latex/graphics\mathcolor.ltx)
Package xcolor Info: Model `cmy' substituted by `cmy0' on input line 1353.
Package xcolor Info: Model `hsb' substituted by `rgb' on input line 1357.
Package xcolor Info: Model `RGB' extended on input line 1369.
Package xcolor Info: Model `HTML' substituted by `rgb' on input line 1371.
Package xcolor Info: Model `Hsb' substituted by `hsb' on input line 1372.
Package xcolor Info: Model `tHsb' substituted by `hsb' on input line 1373.
Package xcolor Info: Model `HSB' substituted by `hsb' on input line 1374.
Package xcolor Info: Model `Gray' substituted by `gray' on input line 1375.
Package xcolor Info: Model `wave' substituted by `hsb' on input line 1376.
) (C:\Users\micha\AppData\Local\Programs\MiKTeX\tex/latex/amsmath\amsmath.sty
Package: amsmath 2023/05/13 v2.17o AMS math features
\@mathmargin=\skip57

For additional information on amsmath, use the `?' option.
(C:\Users\micha\AppData\Local\Programs\MiKTeX\tex/latex/amsmath\amstext.sty
Package: amstext 2021/08/26 v2.01 AMS text

(C:\Users\micha\AppData\Local\Programs\MiKTeX\tex/latex/amsmath\amsgen.sty
File: amsgen.sty 1999/11/30 v2.0 generic functions
\@emptytoks=\toks23
\ex@=\dimen169
))
(C:\Users\micha\AppData\Local\Programs\MiKTeX\tex/latex/amsmath\amsbsy.sty
Package: amsbsy 1999/11/29 v1.2d Bold Symbols
\pmbraise@=\dimen170
)
(C:\Users\micha\AppData\Local\Programs\MiKTeX\tex/latex/amsmath\amsopn.sty
Package: amsopn 2022/04/08 v2.04 operator names
)
\inf@bad=\count282
LaTeX Info: Redefining \frac on input line 234.
\uproot@=\count283
\leftroot@=\count284
LaTeX Info: Redefining \overline on input line 399.
LaTeX Info: Redefining \colon on input line 410.
\classnum@=\count285
\DOTSCASE@=\count286
LaTeX Info: Redefining \ldots on input line 496.
LaTeX Info: Redefining \dots on input line 499.
LaTeX Info: Redefining \cdots on input line 620.
\Mathstrutbox@=\box55
\strutbox@=\box56
LaTeX Info: Redefining \big on input line 722.
LaTeX Info: Redefining \Big on input line 723.
LaTeX Info: Redefining \bigg on input line 724.
LaTeX Info: Redefining \Bigg on input line 725.
\big@size=\dimen171
LaTeX Font Info:    Redeclaring font encoding OML on input line 743.
LaTeX Font Info:    Redeclaring font encoding OMS on input line 744.
\macc@depth=\count287
LaTeX Info: Redefining \bmod on input line 905.
LaTeX Info: Redefining \pmod on input line 910.
LaTeX Info: Redefining \smash on input line 940.
LaTeX Info: Redefining \relbar on input line 970.
LaTeX Info: Redefining \Relbar on input line 971.
\c@MaxMatrixCols=\count288
\dotsspace@=\muskip17
\c@parentequation=\count289
\dspbrk@lvl=\count290
\tag@help=\toks24
\row@=\count291
\column@=\count292
\maxfields@=\count293
\andhelp@=\toks25
\eqnshift@=\dimen172
\alignsep@=\dimen173
\tagshift@=\dimen174
\tagwidth@=\dimen175
\totwidth@=\dimen176
\lineht@=\dimen177
\@envbody=\toks26
\multlinegap=\skip58
\multlinetaggap=\skip59
\mathdisplay@stack=\toks27
LaTeX Info: Redefining \[ on input line 2953.
LaTeX Info: Redefining \] on input line 2954.
)
(C:\Users\micha\AppData\Local\Programs\MiKTeX\tex/latex/arydshln\arydshln.sty
Package: arydshln 2019/02/21 v1.76 
\dashlinedash=\dimen178
\dashlinegap=\dimen179
\adl@box=\box57
\adl@height=\dimen180
\adl@heightsave=\dimen181
\adl@depth=\dimen182
\adl@depthsave=\dimen183
\adl@finaldepth=\dimen184
\adl@columns=\count294
\adl@ncol=\count295
\adl@currentcolumn=\count296
\adl@currentcolumnsave=\count297
\adl@totalheight=\count298
\adl@totalheightsave=\count299
\adl@dash=\count300
\adl@gap=\count301
\adl@cla=\count302
\adl@clb=\count303
\adl@everyvbox=\toks28
\adl@LTpagetotal=\dimen185
)
(C:\Users\micha\AppData\Local\Programs\MiKTeX\tex/latex/amsfonts\amsfonts.sty
Package: amsfonts 2013/01/14 v3.01 Basic AMSFonts support
\symAMSa=\mathgroup4
\symAMSb=\mathgroup5
LaTeX Font Info:    Redeclaring math symbol \hbar on input line 98.
LaTeX Font Info:    Overwriting math alphabet `\mathfrak' in version `bold'
(Font)                  U/euf/m/n --> U/euf/b/n on input line 106.
)
(C:\Users\micha\AppData\Local\Programs\MiKTeX\tex/latex/pgfplots\pgfplotstable.
sty
(C:\Users\micha\AppData\Local\Programs\MiKTeX\tex/generic/pgfplots\pgfplots.rev
ision.tex)
Package: pgfplotstable 2021/05/15 v1.18.1 Table typesetting and Pretty-printing
 (1.18.1)

(C:\Users\micha\AppData\Local\Programs\MiKTeX\tex/latex/pgfplots\pgfplots.sty
(C:\Users\micha\AppData\Local\Programs\MiKTeX\tex/generic/pgfplots\pgfplots.rev
ision.tex)
Package: pgfplots 2021/05/15 v1.18.1 Data Visualization (1.18.1)

(C:\Users\micha\AppData\Local\Programs\MiKTeX\tex/latex/pgf/frontendlayer\tikz.
sty
(C:\Users\micha\AppData\Local\Programs\MiKTeX\tex/latex/pgf/basiclayer\pgf.sty
(C:\Users\micha\AppData\Local\Programs\MiKTeX\tex/latex/pgf/utilities\pgfrcs.st
y
(C:\Users\micha\AppData\Local\Programs\MiKTeX\tex/generic/pgf/utilities\pgfutil
-common.tex
\pgfutil@everybye=\toks29
\pgfutil@tempdima=\dimen186
\pgfutil@tempdimb=\dimen187
)
(C:\Users\micha\AppData\Local\Programs\MiKTeX\tex/generic/pgf/utilities\pgfutil
-latex.def
\pgfutil@abb=\box58
)
(C:\Users\micha\AppData\Local\Programs\MiKTeX\tex/generic/pgf/utilities\pgfrcs.
code.tex
(C:\Users\micha\AppData\Local\Programs\MiKTeX\tex/generic/pgf\pgf.revision.tex)
Package: pgfrcs 2023-01-15 v3.1.10 (3.1.10)
))
Package: pgf 2023-01-15 v3.1.10 (3.1.10)

(C:\Users\micha\AppData\Local\Programs\MiKTeX\tex/latex/pgf/basiclayer\pgfcore.
sty
(C:\Users\micha\AppData\Local\Programs\MiKTeX\tex/latex/pgf/systemlayer\pgfsys.
sty
(C:\Users\micha\AppData\Local\Programs\MiKTeX\tex/generic/pgf/systemlayer\pgfsy
s.code.tex
Package: pgfsys 2023-01-15 v3.1.10 (3.1.10)

(C:\Users\micha\AppData\Local\Programs\MiKTeX\tex/generic/pgf/utilities\pgfkeys
.code.tex
\pgfkeys@pathtoks=\toks30
\pgfkeys@temptoks=\toks31

(C:\Users\micha\AppData\Local\Programs\MiKTeX\tex/generic/pgf/utilities\pgfkeys
libraryfiltered.code.tex
\pgfkeys@tmptoks=\toks32
))
\pgf@x=\dimen188
\pgf@y=\dimen189
\pgf@xa=\dimen190
\pgf@ya=\dimen191
\pgf@xb=\dimen192
\pgf@yb=\dimen193
\pgf@xc=\dimen194
\pgf@yc=\dimen195
\pgf@xd=\dimen196
\pgf@yd=\dimen197
\w@pgf@writea=\write3
\r@pgf@reada=\read2
\c@pgf@counta=\count304
\c@pgf@countb=\count305
\c@pgf@countc=\count306
\c@pgf@countd=\count307
\t@pgf@toka=\toks33
\t@pgf@tokb=\toks34
\t@pgf@tokc=\toks35
\pgf@sys@id@count=\count308

(C:\Users\micha\AppData\Local\Programs\MiKTeX\tex/generic/pgf/systemlayer\pgf.c
fg
File: pgf.cfg 2023-01-15 v3.1.10 (3.1.10)
)
Driver file for pgf: pgfsys-pdftex.def

(C:\Users\micha\AppData\Local\Programs\MiKTeX\tex/generic/pgf/systemlayer\pgfsy
s-pdftex.def
File: pgfsys-pdftex.def 2023-01-15 v3.1.10 (3.1.10)

(C:\Users\micha\AppData\Local\Programs\MiKTeX\tex/generic/pgf/systemlayer\pgfsy
s-common-pdf.def
File: pgfsys-common-pdf.def 2023-01-15 v3.1.10 (3.1.10)
)))
(C:\Users\micha\AppData\Local\Programs\MiKTeX\tex/generic/pgf/systemlayer\pgfsy
ssoftpath.code.tex
File: pgfsyssoftpath.code.tex 2023-01-15 v3.1.10 (3.1.10)
\pgfsyssoftpath@smallbuffer@items=\count309
\pgfsyssoftpath@bigbuffer@items=\count310
)
(C:\Users\micha\AppData\Local\Programs\MiKTeX\tex/generic/pgf/systemlayer\pgfsy
sprotocol.code.tex
File: pgfsysprotocol.code.tex 2023-01-15 v3.1.10 (3.1.10)
))
(C:\Users\micha\AppData\Local\Programs\MiKTeX\tex/generic/pgf/basiclayer\pgfcor
e.code.tex
Package: pgfcore 2023-01-15 v3.1.10 (3.1.10)

(C:\Users\micha\AppData\Local\Programs\MiKTeX\tex/generic/pgf/math\pgfmath.code
.tex
(C:\Users\micha\AppData\Local\Programs\MiKTeX\tex/generic/pgf/math\pgfmathutil.
code.tex)
(C:\Users\micha\AppData\Local\Programs\MiKTeX\tex/generic/pgf/math\pgfmathparse
r.code.tex
\pgfmath@dimen=\dimen198
\pgfmath@count=\count311
\pgfmath@box=\box59
\pgfmath@toks=\toks36
\pgfmath@stack@operand=\toks37
\pgfmath@stack@operation=\toks38
)
(C:\Users\micha\AppData\Local\Programs\MiKTeX\tex/generic/pgf/math\pgfmathfunct
ions.code.tex)
(C:\Users\micha\AppData\Local\Programs\MiKTeX\tex/generic/pgf/math\pgfmathfunct
ions.basic.code.tex)
(C:\Users\micha\AppData\Local\Programs\MiKTeX\tex/generic/pgf/math\pgfmathfunct
ions.trigonometric.code.tex)
(C:\Users\micha\AppData\Local\Programs\MiKTeX\tex/generic/pgf/math\pgfmathfunct
ions.random.code.tex)
(C:\Users\micha\AppData\Local\Programs\MiKTeX\tex/generic/pgf/math\pgfmathfunct
ions.comparison.code.tex)
(C:\Users\micha\AppData\Local\Programs\MiKTeX\tex/generic/pgf/math\pgfmathfunct
ions.base.code.tex)
(C:\Users\micha\AppData\Local\Programs\MiKTeX\tex/generic/pgf/math\pgfmathfunct
ions.round.code.tex)
(C:\Users\micha\AppData\Local\Programs\MiKTeX\tex/generic/pgf/math\pgfmathfunct
ions.misc.code.tex)
(C:\Users\micha\AppData\Local\Programs\MiKTeX\tex/generic/pgf/math\pgfmathfunct
ions.integerarithmetics.code.tex)
(C:\Users\micha\AppData\Local\Programs\MiKTeX\tex/generic/pgf/math\pgfmathcalc.
code.tex)
(C:\Users\micha\AppData\Local\Programs\MiKTeX\tex/generic/pgf/math\pgfmathfloat
.code.tex
\c@pgfmathroundto@lastzeros=\count312
))
(C:\Users\micha\AppData\Local\Programs\MiKTeX\tex/generic/pgf/math\pgfint.code.
tex)
(C:\Users\micha\AppData\Local\Programs\MiKTeX\tex/generic/pgf/basiclayer\pgfcor
epoints.code.tex
File: pgfcorepoints.code.tex 2023-01-15 v3.1.10 (3.1.10)
\pgf@picminx=\dimen199
\pgf@picmaxx=\dimen256
\pgf@picminy=\dimen257
\pgf@picmaxy=\dimen258
\pgf@pathminx=\dimen259
\pgf@pathmaxx=\dimen260
\pgf@pathminy=\dimen261
\pgf@pathmaxy=\dimen262
\pgf@xx=\dimen263
\pgf@xy=\dimen264
\pgf@yx=\dimen265
\pgf@yy=\dimen266
\pgf@zx=\dimen267
\pgf@zy=\dimen268
)
(C:\Users\micha\AppData\Local\Programs\MiKTeX\tex/generic/pgf/basiclayer\pgfcor
epathconstruct.code.tex
File: pgfcorepathconstruct.code.tex 2023-01-15 v3.1.10 (3.1.10)
\pgf@path@lastx=\dimen269
\pgf@path@lasty=\dimen270
)
(C:\Users\micha\AppData\Local\Programs\MiKTeX\tex/generic/pgf/basiclayer\pgfcor
epathusage.code.tex
File: pgfcorepathusage.code.tex 2023-01-15 v3.1.10 (3.1.10)
\pgf@shorten@end@additional=\dimen271
\pgf@shorten@start@additional=\dimen272
)
(C:\Users\micha\AppData\Local\Programs\MiKTeX\tex/generic/pgf/basiclayer\pgfcor
escopes.code.tex
File: pgfcorescopes.code.tex 2023-01-15 v3.1.10 (3.1.10)
\pgfpic=\box60
\pgf@hbox=\box61
\pgf@layerbox@main=\box62
\pgf@picture@serial@count=\count313
)
(C:\Users\micha\AppData\Local\Programs\MiKTeX\tex/generic/pgf/basiclayer\pgfcor
egraphicstate.code.tex
File: pgfcoregraphicstate.code.tex 2023-01-15 v3.1.10 (3.1.10)
\pgflinewidth=\dimen273
)
(C:\Users\micha\AppData\Local\Programs\MiKTeX\tex/generic/pgf/basiclayer\pgfcor
etransformations.code.tex
File: pgfcoretransformations.code.tex 2023-01-15 v3.1.10 (3.1.10)
\pgf@pt@x=\dimen274
\pgf@pt@y=\dimen275
\pgf@pt@temp=\dimen276
)
(C:\Users\micha\AppData\Local\Programs\MiKTeX\tex/generic/pgf/basiclayer\pgfcor
equick.code.tex
File: pgfcorequick.code.tex 2023-01-15 v3.1.10 (3.1.10)
)
(C:\Users\micha\AppData\Local\Programs\MiKTeX\tex/generic/pgf/basiclayer\pgfcor
eobjects.code.tex
File: pgfcoreobjects.code.tex 2023-01-15 v3.1.10 (3.1.10)
)
(C:\Users\micha\AppData\Local\Programs\MiKTeX\tex/generic/pgf/basiclayer\pgfcor
epathprocessing.code.tex
File: pgfcorepathprocessing.code.tex 2023-01-15 v3.1.10 (3.1.10)
)
(C:\Users\micha\AppData\Local\Programs\MiKTeX\tex/generic/pgf/basiclayer\pgfcor
earrows.code.tex
File: pgfcorearrows.code.tex 2023-01-15 v3.1.10 (3.1.10)
\pgfarrowsep=\dimen277
)
(C:\Users\micha\AppData\Local\Programs\MiKTeX\tex/generic/pgf/basiclayer\pgfcor
eshade.code.tex
File: pgfcoreshade.code.tex 2023-01-15 v3.1.10 (3.1.10)
\pgf@max=\dimen278
\pgf@sys@shading@range@num=\count314
\pgf@shadingcount=\count315
)
(C:\Users\micha\AppData\Local\Programs\MiKTeX\tex/generic/pgf/basiclayer\pgfcor
eimage.code.tex
File: pgfcoreimage.code.tex 2023-01-15 v3.1.10 (3.1.10)
)
(C:\Users\micha\AppData\Local\Programs\MiKTeX\tex/generic/pgf/basiclayer\pgfcor
eexternal.code.tex
File: pgfcoreexternal.code.tex 2023-01-15 v3.1.10 (3.1.10)
\pgfexternal@startupbox=\box63
)
(C:\Users\micha\AppData\Local\Programs\MiKTeX\tex/generic/pgf/basiclayer\pgfcor
elayers.code.tex
File: pgfcorelayers.code.tex 2023-01-15 v3.1.10 (3.1.10)
)
(C:\Users\micha\AppData\Local\Programs\MiKTeX\tex/generic/pgf/basiclayer\pgfcor
etransparency.code.tex
File: pgfcoretransparency.code.tex 2023-01-15 v3.1.10 (3.1.10)
)
(C:\Users\micha\AppData\Local\Programs\MiKTeX\tex/generic/pgf/basiclayer\pgfcor
epatterns.code.tex
File: pgfcorepatterns.code.tex 2023-01-15 v3.1.10 (3.1.10)
)
(C:\Users\micha\AppData\Local\Programs\MiKTeX\tex/generic/pgf/basiclayer\pgfcor
erdf.code.tex
File: pgfcorerdf.code.tex 2023-01-15 v3.1.10 (3.1.10)
)))
(C:\Users\micha\AppData\Local\Programs\MiKTeX\tex/generic/pgf/modules\pgfmodule
shapes.code.tex
File: pgfmoduleshapes.code.tex 2023-01-15 v3.1.10 (3.1.10)
\pgfnodeparttextbox=\box64
)
(C:\Users\micha\AppData\Local\Programs\MiKTeX\tex/generic/pgf/modules\pgfmodule
plot.code.tex
File: pgfmoduleplot.code.tex 2023-01-15 v3.1.10 (3.1.10)
)
(C:\Users\micha\AppData\Local\Programs\MiKTeX\tex/latex/pgf/compatibility\pgfco
mp-version-0-65.sty
Package: pgfcomp-version-0-65 2023-01-15 v3.1.10 (3.1.10)
\pgf@nodesepstart=\dimen279
\pgf@nodesepend=\dimen280
)
(C:\Users\micha\AppData\Local\Programs\MiKTeX\tex/latex/pgf/compatibility\pgfco
mp-version-1-18.sty
Package: pgfcomp-version-1-18 2023-01-15 v3.1.10 (3.1.10)
))
(C:\Users\micha\AppData\Local\Programs\MiKTeX\tex/latex/pgf/utilities\pgffor.st
y
(C:\Users\micha\AppData\Local\Programs\MiKTeX\tex/latex/pgf/utilities\pgfkeys.s
ty
(C:\Users\micha\AppData\Local\Programs\MiKTeX\tex/generic/pgf/utilities\pgfkeys
.code.tex))
(C:\Users\micha\AppData\Local\Programs\MiKTeX\tex/latex/pgf/math\pgfmath.sty
(C:\Users\micha\AppData\Local\Programs\MiKTeX\tex/generic/pgf/math\pgfmath.code
.tex))
(C:\Users\micha\AppData\Local\Programs\MiKTeX\tex/generic/pgf/utilities\pgffor.
code.tex
Package: pgffor 2023-01-15 v3.1.10 (3.1.10)
\pgffor@iter=\dimen281
\pgffor@skip=\dimen282
\pgffor@stack=\toks39
\pgffor@toks=\toks40
))
(C:\Users\micha\AppData\Local\Programs\MiKTeX\tex/generic/pgf/frontendlayer/tik
z\tikz.code.tex
Package: tikz 2023-01-15 v3.1.10 (3.1.10)

(C:\Users\micha\AppData\Local\Programs\MiKTeX\tex/generic/pgf/libraries\pgflibr
aryplothandlers.code.tex
File: pgflibraryplothandlers.code.tex 2023-01-15 v3.1.10 (3.1.10)
\pgf@plot@mark@count=\count316
\pgfplotmarksize=\dimen283
)
\tikz@lastx=\dimen284
\tikz@lasty=\dimen285
\tikz@lastxsaved=\dimen286
\tikz@lastysaved=\dimen287
\tikz@lastmovetox=\dimen288
\tikz@lastmovetoy=\dimen289
\tikzleveldistance=\dimen290
\tikzsiblingdistance=\dimen291
\tikz@figbox=\box65
\tikz@figbox@bg=\box66
\tikz@tempbox=\box67
\tikz@tempbox@bg=\box68
\tikztreelevel=\count317
\tikznumberofchildren=\count318
\tikznumberofcurrentchild=\count319
\tikz@fig@count=\count320

(C:\Users\micha\AppData\Local\Programs\MiKTeX\tex/generic/pgf/modules\pgfmodule
matrix.code.tex
File: pgfmodulematrix.code.tex 2023-01-15 v3.1.10 (3.1.10)
\pgfmatrixcurrentrow=\count321
\pgfmatrixcurrentcolumn=\count322
\pgf@matrix@numberofcolumns=\count323
)
\tikz@expandcount=\count324

(C:\Users\micha\AppData\Local\Programs\MiKTeX\tex/generic/pgf/frontendlayer/tik
z/libraries\tikzlibrarytopaths.code.tex
File: tikzlibrarytopaths.code.tex 2023-01-15 v3.1.10 (3.1.10)
)))
(C:\Users\micha\AppData\Local\Programs\MiKTeX\tex/generic/pgfplots\pgfplots.cod
e.tex
(C:\Users\micha\AppData\Local\Programs\MiKTeX\tex/generic/pgfplots\pgfplotscore
.code.tex
\t@pgfplots@toka=\toks41
\t@pgfplots@tokb=\toks42
\t@pgfplots@tokc=\toks43
\pgfplots@tmpa=\dimen292
\c@pgfplots@coordindex=\count325
\c@pgfplots@scanlineindex=\count326

(C:\Users\micha\AppData\Local\Programs\MiKTeX\tex/generic/pgfplots/sys\pgfplots
sysgeneric.code.tex))
(C:\Users\micha\AppData\Local\Programs\MiKTeX\tex/generic/pgfplots/libs\pgfplot
slibrary.code.tex)
(C:\Users\micha\AppData\Local\Programs\MiKTeX\tex/generic/pgfplots/oldpgfcompat
ib\pgfplotsoldpgfsupp_loader.code.tex
(C:\Users\micha\AppData\Local\Programs\MiKTeX\tex/generic/pgf/libraries\pgflibr
aryfpu.code.tex)
Package pgfplots: loading complementary utilities for your pgf version...
\t@pgf@toka=\toks44
\t@pgf@tokb=\toks45
\t@pgf@tokc=\toks46

(C:\Users\micha\AppData\Local\Programs\MiKTeX\tex/generic/pgfplots/oldpgfcompat
ib\pgfplotsoldpgfsupp_pgfutil-common-lists.tex))
(C:\Users\micha\AppData\Local\Programs\MiKTeX\tex/generic/pgfplots/util\pgfplot
sutil.code.tex
(C:\Users\micha\AppData\Local\Programs\MiKTeX\tex/generic/pgfplots/liststructur
e\pgfplotsliststructure.code.tex)
(C:\Users\micha\AppData\Local\Programs\MiKTeX\tex/generic/pgfplots/liststructur
e\pgfplotsliststructureext.code.tex)
(C:\Users\micha\AppData\Local\Programs\MiKTeX\tex/generic/pgfplots/liststructur
e\pgfplotsarray.code.tex
\c@pgfplotsarray@tmp=\count327
)
(C:\Users\micha\AppData\Local\Programs\MiKTeX\tex/generic/pgfplots/liststructur
e\pgfplotsmatrix.code.tex)
(C:\Users\micha\AppData\Local\Programs\MiKTeX\tex/generic/pgfplots/numtable\pgf
plotstableshared.code.tex
\c@pgfplotstable@counta=\count328
\t@pgfplotstable@a=\toks47
)
(C:\Users\micha\AppData\Local\Programs\MiKTeX\tex/generic/pgfplots/liststructur
e\pgfplotsdeque.code.tex)
(C:\Users\micha\AppData\Local\Programs\MiKTeX\tex/generic/pgfplots/util\pgfplot
sbinary.code.tex
(C:\Users\micha\AppData\Local\Programs\MiKTeX\tex/generic/pgfplots/util\pgfplot
sbinary.data.code.tex))
(C:\Users\micha\AppData\Local\Programs\MiKTeX\tex/generic/pgfplots/util\pgfplot
sutil.verb.code.tex)
(C:\Users\micha\AppData\Local\Programs\MiKTeX\tex/generic/pgfplots/libs\pgflibr
arypgfplots.surfshading.code.tex
\c@pgfplotslibrarysurf@no=\count329

(C:\Users\micha\AppData\Local\Programs\MiKTeX\tex/generic/pgfplots/sys\pgflibra
rypgfplots.surfshading.pgfsys-pdftex.def)))
(C:\Users\micha\AppData\Local\Programs\MiKTeX\tex/generic/pgfplots/util\pgfplot
scolormap.code.tex
(C:\Users\micha\AppData\Local\Programs\MiKTeX\tex/generic/pgfplots/util\pgfplot
scolor.code.tex))
(C:\Users\micha\AppData\Local\Programs\MiKTeX\tex/generic/pgfplots\pgfplotsstac
kedplots.code.tex)
(C:\Users\micha\AppData\Local\Programs\MiKTeX\tex/generic/pgfplots\pgfplotsplot
handlers.code.tex
(C:\Users\micha\AppData\Local\Programs\MiKTeX\tex/generic/pgfplots\pgfplotsmesh
plothandler.code.tex
(C:\Users\micha\AppData\Local\Programs\MiKTeX\tex/generic/pgfplots\pgfplotsmesh
plotimage.code.tex)))
(C:\Users\micha\AppData\Local\Programs\MiKTeX\tex/generic/pgfplots\pgfplots.sca
ling.code.tex)
(C:\Users\micha\AppData\Local\Programs\MiKTeX\tex/generic/pgfplots\pgfplotscoor
dprocessing.code.tex)
(C:\Users\micha\AppData\Local\Programs\MiKTeX\tex/generic/pgfplots\pgfplots.err
orbars.code.tex)
(C:\Users\micha\AppData\Local\Programs\MiKTeX\tex/generic/pgfplots\pgfplots.mar
kers.code.tex)
(C:\Users\micha\AppData\Local\Programs\MiKTeX\tex/generic/pgfplots\pgfplotstick
s.code.tex)
(C:\Users\micha\AppData\Local\Programs\MiKTeX\tex/generic/pgfplots\pgfplots.pat
hs.code.tex)
(C:\Users\micha\AppData\Local\Programs\MiKTeX\tex/generic/pgf/frontendlayer/tik
z/libraries\tikzlibrarydecorations.code.tex
(C:\Users\micha\AppData\Local\Programs\MiKTeX\tex/generic/pgf/modules\pgfmodule
decorations.code.tex
\pgfdecoratedcompleteddistance=\dimen293
\pgfdecoratedremainingdistance=\dimen294
\pgfdecoratedinputsegmentcompleteddistance=\dimen295
\pgfdecoratedinputsegmentremainingdistance=\dimen296
\pgf@decorate@distancetomove=\dimen297
\pgf@decorate@repeatstate=\count330
\pgfdecorationsegmentamplitude=\dimen298
\pgfdecorationsegmentlength=\dimen299
)
\tikz@lib@dec@box=\box69
)
(C:\Users\micha\AppData\Local\Programs\MiKTeX\tex/generic/pgf/frontendlayer/tik
z/libraries\tikzlibrarydecorations.pathmorphing.code.tex
(C:\Users\micha\AppData\Local\Programs\MiKTeX\tex/generic/pgf/libraries/decorat
ions\pgflibrarydecorations.pathmorphing.code.tex))
(C:\Users\micha\AppData\Local\Programs\MiKTeX\tex/generic/pgf/frontendlayer/tik
z/libraries\tikzlibrarydecorations.pathreplacing.code.tex
(C:\Users\micha\AppData\Local\Programs\MiKTeX\tex/generic/pgf/libraries/decorat
ions\pgflibrarydecorations.pathreplacing.code.tex))
(C:\Users\micha\AppData\Local\Programs\MiKTeX\tex/generic/pgfplots/libs\tikzlib
rarypgfplots.contourlua.code.tex)
\pgfplots@numplots=\count331
\pgfplots@xmin@reg=\dimen300
\pgfplots@xmax@reg=\dimen301
\pgfplots@ymin@reg=\dimen302
\pgfplots@ymax@reg=\dimen303
\pgfplots@zmin@reg=\dimen304
\pgfplots@zmax@reg=\dimen305
)
(C:\Users\micha\AppData\Local\Programs\MiKTeX\tex/generic/pgf/frontendlayer/tik
z/libraries\tikzlibraryplotmarks.code.tex
File: tikzlibraryplotmarks.code.tex 2023-01-15 v3.1.10 (3.1.10)

(C:\Users\micha\AppData\Local\Programs\MiKTeX\tex/generic/pgf/libraries\pgflibr
aryplotmarks.code.tex
File: pgflibraryplotmarks.code.tex 2023-01-15 v3.1.10 (3.1.10)
)))
(C:\Users\micha\AppData\Local\Programs\MiKTeX\tex/generic/pgfplots/numtable\pgf
plotstable.code.tex
(C:\Users\micha\AppData\Local\Programs\MiKTeX\tex/generic/pgfplots/numtable\pgf
plotstable.coltype.code.tex))
(C:\Users\micha\AppData\Local\Programs\MiKTeX\tex/latex/tools\array.sty
Package: array 2022/09/04 v2.5g Tabular extension package (FMi)
\col@sep=\dimen306
\ar@mcellbox=\box70
\extrarowheight=\dimen307
\NC@list=\toks48
\extratabsurround=\skip60
\backup@length=\skip61
\ar@cellbox=\box71
))
(C:\Users\micha\AppData\Local\Programs\MiKTeX\tex/latex/subfigure\subfigure.sty
Package: subfigure 2002/07/30 v2.1.4 subfigure package
\subfigtopskip=\skip62
\subfigcapskip=\skip63
\subfigcaptopadj=\dimen308
\subfigbottomskip=\skip64
\subfigcapmargin=\dimen309
\subfiglabelskip=\skip65
\c@subfigure=\count332
\c@lofdepth=\count333
\c@subtable=\count334
\c@lotdepth=\count335
****************************************
* Local config file subfigure.cfg used *
****************************************

(C:\Users\micha\AppData\Local\Programs\MiKTeX\tex/latex/subfigure\subfigure.cfg
)
\subfig@top=\skip66
\subfig@bottom=\skip67
)
LaTeX Font Info:    Trying to load font information for OT1+ptm on input line 1
65.
 (C:\Users\micha\AppData\Local\Programs\MiKTeX\tex/latex/psnfss\ot1ptm.fd
File: ot1ptm.fd 2001/06/04 font definitions for OT1/ptm.
)
(C:\Users\micha\AppData\Local\Programs\MiKTeX\tex/latex/l3backend\l3backend-pdf
tex.def
File: l3backend-pdftex.def 2023-04-19 L3 backend support: PDF output (pdfTeX)
\l__color_backend_stack_int=\count336
\l__pdf_internal_box=\box72
)
No file main_changed.aux.
\openout1 = `main_changed.aux'.

LaTeX Font Info:    Checking defaults for OML/cmm/m/it on input line 165.
LaTeX Font Info:    ... okay on input line 165.
LaTeX Font Info:    Checking defaults for OMS/cmsy/m/n on input line 165.
LaTeX Font Info:    ... okay on input line 165.
LaTeX Font Info:    Checking defaults for OT1/cmr/m/n on input line 165.
LaTeX Font Info:    ... okay on input line 165.
LaTeX Font Info:    Checking defaults for T1/cmr/m/n on input line 165.
LaTeX Font Info:    ... okay on input line 165.
LaTeX Font Info:    Checking defaults for TS1/cmr/m/n on input line 165.
LaTeX Font Info:    ... okay on input line 165.
LaTeX Font Info:    Checking defaults for OMX/cmex/m/n on input line 165.
LaTeX Font Info:    ... okay on input line 165.
LaTeX Font Info:    Checking defaults for U/cmr/m/n on input line 165.
LaTeX Font Info:    ... okay on input line 165.

(C:\Users\micha\AppData\Local\Programs\MiKTeX\tex/context/base/mkii\supp-pdf.mk
ii
[Loading MPS to PDF converter (version 2006.09.02).]
\scratchcounter=\count337
\scratchdimen=\dimen310
\scratchbox=\box73
\nofMPsegments=\count338
\nofMParguments=\count339
\everyMPshowfont=\toks49
\MPscratchCnt=\count340
\MPscratchDim=\dimen311
\MPnumerator=\count341
\makeMPintoPDFobject=\count342
\everyMPtoPDFconversion=\toks50
)
(C:\Users\micha\AppData\Local\Programs\MiKTeX\tex/latex/epstopdf-pkg\epstopdf-b
ase.sty
Package: epstopdf-base 2020-01-24 v2.11 Base part for package epstopdf
Package epstopdf-base Info: Redefining graphics rule for `.eps' on input line 4
85.

(C:\Users\micha\AppData\Local\Programs\MiKTeX\tex/latex/00miktex\epstopdf-sys.c
fg
File: epstopdf-sys.cfg 2021/03/18 v2.0 Configuration of epstopdf for MiKTeX
))
Package caption Info: Begin \AtBeginDocument code.
Package caption Info: float package is loaded.
Package caption Info: listings package is loaded.
Package caption Info: subfigure package is loaded.
Package caption Info: End \AtBeginDocument code.
Package newfloat Info: `float' package detected.
\c@lstlisting=\count343

Package pgfplots notification 'compat/show suggested version=true': document ha
s been generated with the most recent feature set (\pgfplotsset{compat=1.18}).

\c@eqfn=\count344
\titlearea=\box74
LaTeX Font Info:    Trying to load font information for U+msa on input line 167
.
(C:\Users\micha\AppData\Local\Programs\MiKTeX\tex/latex/amsfonts\umsa.fd
File: umsa.fd 2013/01/14 v3.01 AMS symbols A
)
LaTeX Font Info:    Trying to load font information for U+msb on input line 167
.

(C:\Users\micha\AppData\Local\Programs\MiKTeX\tex/latex/amsfonts\umsb.fd
File: umsb.fd 2013/01/14 v3.01 AMS symbols B
)
\actualheight=\skip68
LaTeX Font Info:    Trying to load font information for TS1+ptm on input line 1
67.

(C:\Users\micha\AppData\Local\Programs\MiKTeX\tex/latex/psnfss\ts1ptm.fd
File: ts1ptm.fd 2001/06/04 font definitions for TS1/ptm.
)
LaTeX Font Info:    Trying to load font information for OT1+augie on input line
 171.
LaTeX Font Info:    No file OT1augie.fd. on input line 171.


LaTeX Font Warning: Font shape `OT1/augie/m/n' undefined
(Font)              using `OT1/cmr/m/n' instead on input line 171.


Underfull \hbox (badness 1888) in paragraph at lines 170--172
[]\OT1/ptm/m/n/9 Zero-shot Nat-u-ral Language-Video Lo-cal-iza-tion (NLVL)
 []

(sections/introduction.tex

Package natbib Warning: Citation `cao_visual_2022' on page 1 undefined on input
 line 4.


Package natbib Warning: Citation `qian_locate_2022' on page 1 undefined on inpu
t line 4.


Package natbib Warning: Citation `lei_tvqa_2020' on page 1 undefined on input l
ine 4.


Package natbib Warning: Citation `gao_end--end_2022' on page 1 undefined on inp
ut line 4.


Package natbib Warning: Citation `zeng_dense_2020' on page 1 undefined on input
 line 10.


Package natbib Warning: Citation `wang_temporally_2020' on page 1 undefined on 
input line 10.


Package natbib Warning: Citation `soldan_vlg-net_2021' on page 1 undefined on i
nput line 10.


Package natbib Warning: Citation `liu_context-aware_2021' on page 1 undefined o
n input line 10.


Package natbib Warning: Citation `yu_intra-_2020' on page 1 undefined on input 
line 10.


Package natbib Warning: Citation `gao_relation-aware_2021' on page 1 undefined 
on input line 10.


Package natbib Warning: Citation `mun_local-global_2020' on page 1 undefined on
 input line 11.


Package natbib Warning: Citation `zhang_counterfactual_2020' on page 1 undefine
d on input line 11.


Package natbib Warning: Citation `zhang_video_2021' on page 1 undefined on inpu
t line 11.


LaTeX Warning: Reference `fig:teaser' on page 1 undefined on input line 13.

(figures/teaser.tex

pdfTeX warning: pdflatex.exe (file ./figures/figure_files/Teaser.pdf): PDF incl
usion: found PDF version <1.7>, but at most version <1.5> allowed
<figures/figure_files/Teaser.pdf, id=4, 465.65968pt x 346.4142pt>
File: figures/figure_files/Teaser.pdf Graphic file (type pdf)
<use figures/figure_files/Teaser.pdf>
Package pdftex.def Info: figures/figure_files/Teaser.pdf  used on input line 3.

(pdftex.def)             Requested size: 215.45348pt x 160.27748pt.

LaTeX Font Warning: Font shape `OT1/augie/b/n' undefined
(Font)              using `OT1/augie/m/n' instead on input line 5.

)

Package natbib Warning: Citation `nam_zero-shot_2021' on page 1 undefined on in
put line 16.


Package natbib Warning: Citation `kim2023language' on page 1 undefined on input
 line 16.


Package natbib Warning: Citation `nam_zero-shot_2021' on page 1 undefined on in
put line 16.


Package natbib Warning: Citation `kim2023language' on page 1 undefined on input
 line 16.


Package natbib Warning: Citation `nam_zero-shot_2021' on page 1 undefined on in
put line 18.


Package natbib Warning: Citation `mun_local-global_2020' on page 1 undefined on
 input line 18.


Package natbib Warning: Citation `fang_video2commonsense_2020' on page 1 undefi
ned on input line 18.


Package natbib Warning: Citation `ding_dynamic_2021' on page 1 undefined on inp
ut line 18.


Package natbib Warning: Citation `yu_hybrid_2021' on page 1 undefined on input 
line 18.


Package natbib Warning: Citation `li_representation_2022' on page 1 undefined o
n input line 18.


Package natbib Warning: Citation `maharana_integrating_2021' on page 1 undefine
d on input line 18.


Package natbib Warning: Citation `cao_visual_2022' on page 1 undefined on input
 line 18.

[1{C:/Users/micha/AppData/Local/MiKTeX/fonts/map/pdftex/pdftex.map}{C:/Users/mi
cha/AppData/Local/Programs/MiKTeX/fonts/enc/dvips/base/8r.enc}



 <./figures/figure_files/Teaser.pdf>]

Package natbib Warning: Citation `speer_conceptnet_2017' on page 2 undefined on
 input line 21.

) (sections/relatedworks.tex

Package natbib Warning: Citation `liu_exploring_2022' on page 2 undefined on in
put line 4.


Package natbib Warning: Citation `gao_relation-aware_2021' on page 2 undefined 
on input line 4.


Package natbib Warning: Citation `soldan_vlg-net_2021' on page 2 undefined on i
nput line 4.


Package natbib Warning: Citation `xiao_boundary_2021' on page 2 undefined on in
put line 4.


Package natbib Warning: Citation `yang_deconfounded_2021' on page 2 undefined o
n input line 4.


Package natbib Warning: Citation `gao_fast_2021' on page 2 undefined on input l
ine 4.


Package natbib Warning: Citation `yu_intra-_2020' on page 2 undefined on input 
line 4.


Package natbib Warning: Citation `wu_learning_2022' on page 2 undefined on inpu
t line 4.


Package natbib Warning: Citation `rodriguez_proposal-free_2020' on page 2 undef
ined on input line 4.


Package natbib Warning: Citation `chen_hierarchical_2020' on page 2 undefined o
n input line 4.


Package natbib Warning: Citation `mun_local-global_2020' on page 2 undefined on
 input line 4.


Package natbib Warning: Citation `zeng_multi-modal_2021' on page 2 undefined on
 input line 4.


Package natbib Warning: Citation `zhao_cascaded_2021' on page 2 undefined on in
put line 4.


Package natbib Warning: Citation `zhang_natural_2022' on page 2 undefined on in
put line 4.


Package natbib Warning: Citation `rodriguez-opazo_dori_2021' on page 2 undefine
d on input line 4.


Package natbib Warning: Citation `zeng_dense_2020' on page 2 undefined on input
 line 6.


Package natbib Warning: Citation `wang_temporally_2020' on page 2 undefined on 
input line 6.


Package natbib Warning: Citation `rodriguez-opazo_dori_2021' on page 2 undefine
d on input line 6.


Package natbib Warning: Citation `xiao_boundary_2021' on page 2 undefined on in
put line 6.


Package natbib Warning: Citation `soldan_vlg-net_2021' on page 2 undefined on i
nput line 6.


Package natbib Warning: Citation `rodriguez-opazo_dori_2021' on page 2 undefine
d on input line 6.


Package natbib Warning: Citation `zeng_multi-modal_2021' on page 2 undefined on
 input line 6.


Package natbib Warning: Citation `chen_hierarchical_2020' on page 2 undefined o
n input line 6.


Package natbib Warning: Citation `li_proposal-free_2021' on page 2 undefined on
 input line 6.


Package natbib Warning: Citation `zhang_natural_2022' on page 2 undefined on in
put line 6.


Package natbib Warning: Citation `chen_hierarchical_2020' on page 2 undefined o
n input line 6.


Package natbib Warning: Citation `li2023momentdiff' on page 2 undefined on inpu
t line 6.


Package natbib Warning: Citation `gao_relation-aware_2021' on page 2 undefined 
on input line 6.


Package natbib Warning: Citation `liu_context-aware_2021' on page 2 undefined o
n input line 6.


Package natbib Warning: Citation `huang_cross-sentence_2021' on page 2 undefine
d on input line 12.


Package natbib Warning: Citation `zhang_counterfactual_2020' on page 2 undefine
d on input line 12.


Package natbib Warning: Citation `ma_vlanet_2020' on page 2 undefined on input 
line 12.


Package natbib Warning: Citation `detr' on page 2 undefined on input line 12.


Package natbib Warning: Citation `zhang_counterfactual_2020' on page 2 undefine
d on input line 13.


Package natbib Warning: Citation `zhang_video_2021' on page 2 undefined on inpu
t line 13.


Package natbib Warning: Citation `ma_vlanet_2020' on page 2 undefined on input 
line 13.


Package natbib Warning: Citation `tan_logan_2021' on page 2 undefined on input 
line 13.


Package natbib Warning: Citation `wang_fine-grained_2021' on page 2 undefined o
n input line 13.

(figures/overview_fig.tex

pdfTeX warning: pdflatex.exe (file ./figures/figure_files/ApproachFull.pdf): PD
F inclusion: found PDF version <1.7>, but at most version <1.5> allowed
<figures/figure_files/ApproachFull.pdf, id=35, 1722.435pt x 517.935pt>
File: figures/figure_files/ApproachFull.pdf Graphic file (type pdf)
<use figures/figure_files/ApproachFull.pdf>
Package pdftex.def Info: figures/figure_files/ApproachFull.pdf  used on input l
ine 3.
(pdftex.def)             Requested size: 480.59395pt x 144.515pt.
)

Package natbib Warning: Citation `liu_unsupervised_2022' on page 2 undefined on
 input line 16.


Package natbib Warning: Citation `nam_zero-shot_2021' on page 2 undefined on in
put line 16.


Package natbib Warning: Citation `nam_zero-shot_2021' on page 2 undefined on in
put line 17.


Package natbib Warning: Citation `jiang_pseudo-q_2022' on page 2 undefined on i
nput line 17.


Package natbib Warning: Citation `nam_zero-shot_2021' on page 2 undefined on in
put line 18.


Package natbib Warning: Citation `kim2023language' on page 2 undefined on input
 line 19.


Package natbib Warning: Citation `fang_video2commonsense_2020' on page 2 undefi
ned on input line 23.


Package natbib Warning: Citation `goyal_something_2017' on page 2 undefined on 
input line 23.


Package natbib Warning: Citation `liu_violin_2020' on page 2 undefined on input
 line 23.


Package natbib Warning: Citation `peng_multi-modal_2021' on page 2 undefined on
 input line 23.


Package natbib Warning: Citation `lei_what_2020' on page 2 undefined on input l
ine 23.


Package natbib Warning: Citation `shin_cogme_2021' on page 2 undefined on input
 line 23.


Package natbib Warning: Citation `park_exposing_2022' on page 2 undefined on in
put line 23.


Package natbib Warning: Citation `yu_hybrid_2021' on page 2 undefined on input 
line 24.


Package natbib Warning: Citation `li_representation_2022' on page 2 undefined o
n input line 24.


Package natbib Warning: Citation `maharana_integrating_2021' on page 2 undefine
d on input line 24.


Package natbib Warning: Citation `wu_learning_2022' on page 2 undefined on inpu
t line 25.


Package natbib Warning: Citation `cao_visual_2022' on page 2 undefined on input
 line 25.


Package natbib Warning: Citation `speer_conceptnet_2017' on page 2 undefined on
 input line 25.

) (sections/method.tex [2]
Underfull \hbox (badness 1062) in paragraph at lines 9--12
\OT1/ptm/m/n/10 In the zero-shot set-ting, the goal is to learn this task
 []


Underfull \hbox (badness 3557) in paragraph at lines 9--12
\OT1/ptm/m/n/10 and video mo-ment an-no-ta-tions are de-rived from $\OML/cmm/m/
it/10 V$\OT1/ptm/m/n/10 ,
 []


Underfull \hbox (badness 1783) in paragraph at lines 9--12
\OT1/ptm/m/n/10 us-ing a dy-namic video mo-ment pro-posal method fol-
 []


LaTeX Warning: Reference `fig:approach' on page 3 undefined on input line 17.


Package natbib Warning: Citation `nam_zero-shot_2021' on page 3 undefined on in
put line 22.

[3 <./figures/figure_files/ApproachFull.pdf>]
Underfull \hbox (badness 1057) in paragraph at lines 24--25
 \OT1/ptm/b/n/10 Pseudo-query Gen-er-a-tion ($\OML/cmm/m/it/10 f[]$\OT1/ptm/b/n
/10 ). \OT1/ptm/m/n/10 The pseudo-query is
 []


Package natbib Warning: Citation `qian_locate_2022' on page 4 undefined on inpu
t line 27.


LaTeX Warning: Reference `fig:cem' on page 4 undefined on input line 34.

(figures/commonsense_fig.tex

pdfTeX warning: pdflatex.exe (file ./figures/figure_files/Cem.pdf): PDF inclusi
on: found PDF version <1.7>, but at most version <1.5> allowed
<figures/figure_files/Cem.pdf, id=72, 669.46106pt x 460.6008pt>
File: figures/figure_files/Cem.pdf Graphic file (type pdf)
<use figures/figure_files/Cem.pdf>
Package pdftex.def Info: figures/figure_files/Cem.pdf  used on input line 3.
(pdftex.def)             Requested size: 191.51622pt x 131.76456pt.
)

Package natbib Warning: Citation `hammond_wavelets_2011' on page 4 undefined on
 input line 49.


Underfull \hbox (badness 1442) in paragraph at lines 49--50
 \OT1/ptm/b/n/10 Con-cept En-coder. \OT1/ptm/m/n/10 The con-cept vec-tors $\OML
/cmm/m/it/10 C$ \OT1/ptm/m/n/10 men-tioned
 []


Package natbib Warning: Citation `speer_conceptnet_2017' on page 4 undefined on
 input line 58.


LaTeX Warning: Reference `tab:relations' on page 4 undefined on input line 59.


Package natbib Warning: Citation `rodriguez_proposal-free_2020' on page 4 undef
ined on input line 61.


Underfull \hbox (badness 1565) in paragraph at lines 61--62
 \OT1/ptm/b/n/10 Cross-Modal In-ter-ac-tion Mod-ule. \OT1/ptm/m/n/10 The com-mo
n-sense
 []

[4 <./figures/figure_files/Cem.pdf>]
Underfull \hbox (badness 1048) in paragraph at lines 64--65
\OT1/ptm/m/n/10 a re-gres-sion layer that ap-prox-i-mates $[]$. We em-ploy
 []

(tables/relations.tex)) (sections/experiments.tex (tables/results.tex

Package natbib Warning: Citation `Gao_2017_ICCV' on page 5 undefined on input l
ine 23.


Package natbib Warning: Citation `mun_local-global_2020' on page 5 undefined on
 input line 23.


Package natbib Warning: Citation `mithun_weakly_2019' on page 5 undefined on in
put line 23.


Package natbib Warning: Citation `chen_look_2020' on page 5 undefined on input 
line 23.


Package natbib Warning: Citation `lin_weakly-supervised_2020' on page 5 undefin
ed on input line 23.


Package natbib Warning: Citation `duan2018weakly' on page 5 undefined on input 
line 23.


Package natbib Warning: Citation `gao2019wslln' on page 5 undefined on input li
ne 23.


Package natbib Warning: Citation `nam_zero-shot_2021' on page 5 undefined on in
put line 23.


Package natbib Warning: Citation `kim2023language' on page 5 undefined on input
 line 23.

)

Package natbib Warning: Citation `Gao_2017_ICCV' on page 5 undefined on input l
ine 5.


Package natbib Warning: Citation `heilbron2015activitynet' on page 5 undefined 
on input line 5.


Package natbib Warning: Citation `krishna2017dense' on page 5 undefined on inpu
t line 5.


Package natbib Warning: Citation `nam_zero-shot_2021' on page 5 undefined on in
put line 5.


Package natbib Warning: Citation `kim2023language' on page 5 undefined on input
 line 5.


Package natbib Warning: Citation `mithun_weakly_2019' on page 5 undefined on in
put line 5.


Package natbib Warning: Citation `chen_look_2020' on page 5 undefined on input 
line 5.


Package natbib Warning: Citation `lin_weakly-supervised_2020' on page 5 undefin
ed on input line 5.


Package natbib Warning: Citation `duan2018weakly' on page 5 undefined on input 
line 5.


Package natbib Warning: Citation `gao2019wslln' on page 5 undefined on input li
ne 5.


Package natbib Warning: Citation `Gao_2017_ICCV' on page 5 undefined on input l
ine 5.


Package natbib Warning: Citation `mun_local-global_2020' on page 5 undefined on
 input line 5.


Underfull \hbox (badness 2460) in paragraph at lines 5--6
 \OT1/ptm/b/n/10 Ex-per-i-men-tal Setup. \OT1/ptm/m/n/10 Con-sis-tent with prio
r zero-shot
 []


LaTeX Warning: Reference `tab:resultsCompare' on page 5 undefined on input line
 8.

[5] (tables/relationTypes.tex

LaTeX Warning: Reference `tab:relations' on page 6 undefined on input line 17.


LaTeX Warning: Reference `tab:relations' on page 6 undefined on input line 17.

) (figures/qualitative_supplementary.tex

pdfTeX warning: pdflatex.exe (file ./figures/figure_files/Qualitative.pdf): PDF
 inclusion: found PDF version <1.7>, but at most version <1.5> allowed
<figures/figure_files/Qualitative.pdf, id=96, 1729.42107pt x 739.80388pt>
File: figures/figure_files/Qualitative.pdf Graphic file (type pdf)
<use figures/figure_files/Qualitative.pdf>
Package pdftex.def Info: figures/figure_files/Qualitative.pdf  used on input li
ne 3.
(pdftex.def)             Requested size: 455.2979pt x 194.76021pt.
)

LaTeX Warning: Reference `tab:relations' on page 6 undefined on input line 24.


Underfull \vbox (badness 2689) has occurred while \output is active []



LaTeX Warning: Reference `tab:ablationRelation' on page 6 undefined on input li
ne 26.


LaTeX Warning: Reference `fig:qual' on page 6 undefined on input line 31.


Package natbib Warning: Citation `coref_commonsense_ieee' on page 6 undefined o
n input line 33.


Package natbib Warning: Citation `coref_commonsense_acl_ravi-etal-2023-happens'
 on page 6 undefined on input line 33.

[6]) (sections/conclusion.tex
Underfull \vbox (badness 10000) has occurred while \output is active []

) [7 <./figures/figure_files/Qualitative.pdf>]
No file main_changed.bbl.
(supplementary.tex

Package natbib Warning: Citation `qian_locate_2022' on page 8 undefined on inpu
t line 2.


Package natbib Warning: Citation `c3d' on page 8 undefined on input line 2.


Package natbib Warning: Citation `krishna_visual_2017' on page 8 undefined on i
nput line 4.


Package natbib Warning: Citation `nam_zero-shot_2021' on page 8 undefined on in
put line 4.


Package natbib Warning: Citation `speer_conceptnet_2017' on page 8 undefined on
 input line 5.


Underfull \hbox (badness 1796) in paragraph at lines 2--8
\OT1/ptm/m/n/10 We em-ploy pre-trained I3D (\OT1/ptm/b/n/10 ?\OT1/ptm/m/n/10 ) 
and C3D (\OT1/ptm/b/n/10 ?\OT1/ptm/m/n/10 ) mod-els
 []


Underfull \hbox (badness 1389) in paragraph at lines 2--8
\OT1/ptm/m/n/10 to ex-tract video frame fea-tures for Charades-STA and
 []


Package natbib Warning: Citation `Gao_2017_ICCV' on page 8 undefined on input l
ine 11.

(supp_sections/qcc.tex

LaTeX Warning: Reference `fig:ablation_qcc' on page 8 undefined on input line 3
.

(supp_sections/tables/qcc.tex
Package pgfplots info on input line 42: Using 'lua backend=false' for axis: x c
oord trafo unsupported.

Overfull \hbox (8.55148pt too wide) in paragraph at lines 48--48
 [][]$\OT1/cmr/m/n/10 32\OML/cmm/m/it/10 :\OT1/cmr/m/n/10 73$ 
 []


Overfull \hbox (8.55148pt too wide) in paragraph at lines 48--48
 [][]$\OT1/cmr/m/n/10 49\OML/cmm/m/it/10 :\OT1/cmr/m/n/10 21$ 
 []


Overfull \hbox (3.55147pt too wide) in paragraph at lines 48--48
 [][]$\OT1/cmr/m/n/10 34\OML/cmm/m/it/10 :\OT1/cmr/m/n/10 6$ 
 []


Overfull \hbox (8.55148pt too wide) in paragraph at lines 48--48
 [][]$\OT1/cmr/m/n/10 17\OML/cmm/m/it/10 :\OT1/cmr/m/n/10 93$ 
 []


Overfull \hbox (8.55148pt too wide) in paragraph at lines 48--48
 [][]$\OT1/cmr/m/n/10 30\OML/cmm/m/it/10 :\OT1/cmr/m/n/10 33$ 
 []


Overfull \hbox (8.55148pt too wide) in paragraph at lines 48--48
 [][]$\OT1/cmr/m/n/10 46\OML/cmm/m/it/10 :\OT1/cmr/m/n/10 72$ 
 []


Overfull \hbox (8.55148pt too wide) in paragraph at lines 48--48
 [][]$\OT1/cmr/m/n/10 29\OML/cmm/m/it/10 :\OT1/cmr/m/n/10 33$ 
 []


Overfull \hbox (8.55148pt too wide) in paragraph at lines 48--48
 [][]$\OT1/cmr/m/n/10 13\OML/cmm/m/it/10 :\OT1/cmr/m/n/10 69$ 
 []

Package pgfplots info on input line 75: Using 'lua backend=false' for axis: x c
oord trafo unsupported.

Overfull \hbox (8.55148pt too wide) in paragraph at lines 80--80
 [][]$\OT1/cmr/m/n/10 33\OML/cmm/m/it/10 :\OT1/cmr/m/n/10 06$ 
 []


Overfull \hbox (8.55148pt too wide) in paragraph at lines 80--80
 [][]$\OT1/cmr/m/n/10 50\OML/cmm/m/it/10 :\OT1/cmr/m/n/10 98$ 
 []


Overfull \hbox (8.55148pt too wide) in paragraph at lines 80--80
 [][]$\OT1/cmr/m/n/10 33\OML/cmm/m/it/10 :\OT1/cmr/m/n/10 18$ 
 []


Overfull \hbox (8.55148pt too wide) in paragraph at lines 80--80
 [][]$\OT1/cmr/m/n/10 16\OML/cmm/m/it/10 :\OT1/cmr/m/n/10 48$ 
 []


Overfull \hbox (8.55148pt too wide) in paragraph at lines 80--80
 [][]$\OT1/cmr/m/n/10 29\OML/cmm/m/it/10 :\OT1/cmr/m/n/10 38$ 
 []


Overfull \hbox (8.55148pt too wide) in paragraph at lines 80--80
 [][]$\OT1/cmr/m/n/10 42\OML/cmm/m/it/10 :\OT1/cmr/m/n/10 77$ 
 []


Overfull \hbox (3.55147pt too wide) in paragraph at lines 80--80
 [][]$\OT1/cmr/m/n/10 31\OML/cmm/m/it/10 :\OT1/cmr/m/n/10 4$ 
 []


Overfull \hbox (8.55148pt too wide) in paragraph at lines 80--80
 [][]$\OT1/cmr/m/n/10 15\OML/cmm/m/it/10 :\OT1/cmr/m/n/10 62$ 
 []


LaTeX Warning: Reference `legqcc' on page 8 undefined on input line 83.

)) (supp_sections/cem.tex (supp_sections/tables/cemWeights.tex)

LaTeX Warning: Reference `tab:weightsCEM' on page 8 undefined on input line 8.

) (supp_sections/prepost.tex (supp_sections/tables/prevpost.tex
Package pgfplots info on input line 42: Using 'lua backend=false' for axis: x c
oord trafo unsupported.

Overfull \hbox (8.55148pt too wide) in paragraph at lines 48--48
 [][]$\OT1/cmr/m/n/10 32\OML/cmm/m/it/10 :\OT1/cmr/m/n/10 73$ 
 []


Overfull \hbox (8.55148pt too wide) in paragraph at lines 48--48
 [][]$\OT1/cmr/m/n/10 49\OML/cmm/m/it/10 :\OT1/cmr/m/n/10 21$ 
 []


Overfull \hbox (3.55147pt too wide) in paragraph at lines 48--48
 [][]$\OT1/cmr/m/n/10 34\OML/cmm/m/it/10 :\OT1/cmr/m/n/10 6$ 
 []


Overfull \hbox (8.55148pt too wide) in paragraph at lines 48--48
 [][]$\OT1/cmr/m/n/10 17\OML/cmm/m/it/10 :\OT1/cmr/m/n/10 93$ 
 []


Overfull \hbox (8.55148pt too wide) in paragraph at lines 48--48
 [][]$\OT1/cmr/m/n/10 28\OML/cmm/m/it/10 :\OT1/cmr/m/n/10 74$ 
 []


Overfull \hbox (8.55148pt too wide) in paragraph at lines 48--48
 [][]$\OT1/cmr/m/n/10 44\OML/cmm/m/it/10 :\OT1/cmr/m/n/10 64$ 
 []


Overfull \hbox (3.55147pt too wide) in paragraph at lines 48--48
 [][]$\OT1/cmr/m/n/10 26\OML/cmm/m/it/10 :\OT1/cmr/m/n/10 5$ 
 []


Overfull \hbox (8.55148pt too wide) in paragraph at lines 48--48
 [][]$\OT1/cmr/m/n/10 13\OML/cmm/m/it/10 :\OT1/cmr/m/n/10 14$ 
 []

Package pgfplots info on input line 75: Using 'lua backend=false' for axis: x c
oord trafo unsupported.

Overfull \hbox (8.55148pt too wide) in paragraph at lines 80--80
 [][]$\OT1/cmr/m/n/10 33\OML/cmm/m/it/10 :\OT1/cmr/m/n/10 06$ 
 []


Overfull \hbox (8.55148pt too wide) in paragraph at lines 80--80
 [][]$\OT1/cmr/m/n/10 50\OML/cmm/m/it/10 :\OT1/cmr/m/n/10 98$ 
 []


Overfull \hbox (8.55148pt too wide) in paragraph at lines 80--80
 [][]$\OT1/cmr/m/n/10 33\OML/cmm/m/it/10 :\OT1/cmr/m/n/10 18$ 
 []


Overfull \hbox (8.55148pt too wide) in paragraph at lines 80--80
 [][]$\OT1/cmr/m/n/10 16\OML/cmm/m/it/10 :\OT1/cmr/m/n/10 48$ 
 []


Overfull \hbox (8.55148pt too wide) in paragraph at lines 80--80
 [][]$\OT1/cmr/m/n/10 28\OML/cmm/m/it/10 :\OT1/cmr/m/n/10 74$ 
 []


Overfull \hbox (8.55148pt too wide) in paragraph at lines 80--80
 [][]$\OT1/cmr/m/n/10 43\OML/cmm/m/it/10 :\OT1/cmr/m/n/10 09$ 
 []


Overfull \hbox (8.55148pt too wide) in paragraph at lines 80--80
 [][]$\OT1/cmr/m/n/10 28\OML/cmm/m/it/10 :\OT1/cmr/m/n/10 63$ 
 []


Overfull \hbox (8.55148pt too wide) in paragraph at lines 80--80
 [][]$\OT1/cmr/m/n/10 13\OML/cmm/m/it/10 :\OT1/cmr/m/n/10 72$ 
 []


LaTeX Warning: Reference `legprepost' on page 8 undefined on input line 83.

) [8

]

LaTeX Warning: Reference `tab:ablation_pre_vs_post' on page 9 undefined on inpu
t line 5.

) (supp_sections/relational.tex

Package natbib Warning: Citation `schlichtkrull2018modeling' on page 9 undefine
d on input line 2.

(supp_sections/tables/relational.tex
Underfull \hbox (badness 4181) in paragraph at lines 14--14
[]\OT1/ptm/m/n/10 Table 5: |\OT1/augie/b/n/7 CORO-NET \OT1/ptm/m/n/10 per-for-m
ance with multi-relational
 []


Underfull \hbox (badness 2707) in paragraph at lines 14--14
\OT1/ptm/m/n/10 di-rected $\OML/cmm/m/it/10 G[]$ \OT1/ptm/m/n/10 with pre- (\OT
1/augie/b/n/7 CORONET\OT1/ptm/m/n/10 -R) and post-fusion
 []

)

LaTeX Warning: Reference `tab:ablation_relational' on page 9 undefined on input
 line 11.

) (supp_sections/hops.tex (supp_sections/tables/hops.tex
Package pgfplots info on input line 41: Using 'lua backend=false' for axis: x c
oord trafo unsupported.

Overfull \hbox (8.55148pt too wide) in paragraph at lines 47--47
 [][]$\OT1/cmr/m/n/10 49\OML/cmm/m/it/10 :\OT1/cmr/m/n/10 21$ 
 []


Overfull \hbox (3.55147pt too wide) in paragraph at lines 47--47
 [][]$\OT1/cmr/m/n/10 34\OML/cmm/m/it/10 :\OT1/cmr/m/n/10 6$ 
 []


Overfull \hbox (8.55148pt too wide) in paragraph at lines 47--47
 [][]$\OT1/cmr/m/n/10 17\OML/cmm/m/it/10 :\OT1/cmr/m/n/10 93$ 
 []


Overfull \hbox (8.55148pt too wide) in paragraph at lines 47--47
 [][]$\OT1/cmr/m/n/10 32\OML/cmm/m/it/10 :\OT1/cmr/m/n/10 73$ 
 []


Overfull \hbox (8.55148pt too wide) in paragraph at lines 47--47
 [][]$\OT1/cmr/m/n/10 42\OML/cmm/m/it/10 :\OT1/cmr/m/n/10 29$ 
 []


Overfull \hbox (8.55148pt too wide) in paragraph at lines 47--47
 [][]$\OT1/cmr/m/n/10 28\OML/cmm/m/it/10 :\OT1/cmr/m/n/10 81$ 
 []


Overfull \hbox (8.55148pt too wide) in paragraph at lines 47--47
 [][]$\OT1/cmr/m/n/10 14\OML/cmm/m/it/10 :\OT1/cmr/m/n/10 68$ 
 []


Overfull \hbox (8.55148pt too wide) in paragraph at lines 47--47
 [][]$\OT1/cmr/m/n/10 28\OML/cmm/m/it/10 :\OT1/cmr/m/n/10 44$ 
 []

Package pgfplots info on input line 74: Using 'lua backend=false' for axis: x c
oord trafo unsupported.

Overfull \hbox (8.55148pt too wide) in paragraph at lines 79--79
 [][]$\OT1/cmr/m/n/10 33\OML/cmm/m/it/10 :\OT1/cmr/m/n/10 06$ 
 []


Overfull \hbox (8.55148pt too wide) in paragraph at lines 79--79
 [][]$\OT1/cmr/m/n/10 50\OML/cmm/m/it/10 :\OT1/cmr/m/n/10 98$ 
 []


Overfull \hbox (8.55148pt too wide) in paragraph at lines 79--79
 [][]$\OT1/cmr/m/n/10 33\OML/cmm/m/it/10 :\OT1/cmr/m/n/10 18$ 
 []


Overfull \hbox (8.55148pt too wide) in paragraph at lines 79--79
 [][]$\OT1/cmr/m/n/10 16\OML/cmm/m/it/10 :\OT1/cmr/m/n/10 48$ 
 []


Overfull \hbox (8.55148pt too wide) in paragraph at lines 79--79
 [][]$\OT1/cmr/m/n/10 30\OML/cmm/m/it/10 :\OT1/cmr/m/n/10 65$ 
 []


Overfull \hbox (8.55148pt too wide) in paragraph at lines 79--79
 [][]$\OT1/cmr/m/n/10 45\OML/cmm/m/it/10 :\OT1/cmr/m/n/10 33$ 
 []


Overfull \hbox (8.55148pt too wide) in paragraph at lines 79--79
 [][]$\OT1/cmr/m/n/10 30\OML/cmm/m/it/10 :\OT1/cmr/m/n/10 99$ 
 []


Overfull \hbox (8.55148pt too wide) in paragraph at lines 79--79
 [][]$\OT1/cmr/m/n/10 15\OML/cmm/m/it/10 :\OT1/cmr/m/n/10 15$ 
 []


LaTeX Warning: Reference `leg' on page 9 undefined on input line 82.

)

LaTeX Warning: Reference `fig:ablationHops' on page 9 undefined on input line 5
.

) (supp_sections/encoder.tex (supp_sections/tables/encoders.tex) [9]

Package natbib Warning: Citation `vaswani_attention_2017' on page 10 undefined 
on input line 4.


LaTeX Warning: Reference `tab:encoderAblation' on page 10 undefined on input li
ne 4.

) (supp_sections/lfvl.tex (supp_sections/tables/lfvl.tex

Package natbib Warning: Citation `kim2023language' on page 10 undefined on inpu
t line 12.


Package natbib Warning: Citation `kim2023language' on page 10 undefined on inpu
t line 14.


Package natbib Warning: Citation `kim2023language' on page 10 undefined on inpu
t line 14.


Underfull \hbox (badness 1701) in paragraph at lines 14--14
[]\OT1/ptm/m/n/10 Table 7: |Com-mon-sense en-hance-ment in-te-grated to the
 []

)

Package natbib Warning: Citation `kim2023language' on page 10 undefined on inpu
t line 4.


Package natbib Warning: Citation `radford2021learning' on page 10 undefined on 
input line 4.


LaTeX Warning: Reference `tab:lfvl' on page 10 undefined on input line 4.

))

Package natbib Warning: There were undefined citations.

[10] (main_changed.aux)
 ***********
LaTeX2e <2023-06-01> patch level 1
L3 programming layer <2023-08-29>
 ***********


LaTeX Font Warning: Some font shapes were not available, defaults substituted.


LaTeX Warning: There were undefined references.


LaTeX Warning: Label(s) may have changed. Rerun to get cross-references right.

 ) 
Here is how much of TeX's memory you used:
 28376 strings out of 475247
 719293 string characters out of 5757792
 1976801 words of memory out of 5000000
 49360 multiletter control sequences out of 15000+600000
 588155 words of font info for 98 fonts, out of 8000000 for 9000
 1141 hyphenation exceptions out of 8191
 114i,15n,115p,4695b,2375s stack positions out of 10000i,1000n,20000p,200000b,200000s
<C:/Users/micha/AppData/Local/Programs/MiKTeX/fonts/type1/public/amsfonts/cm/
cmex10.pfb><C:/Users/micha/AppData/Local/Programs/MiKTeX/fonts/type1/public/ams
fonts/cm/cmmi10.pfb><C:/Users/micha/AppData/Local/Programs/MiKTeX/fonts/type1/p
ublic/amsfonts/cm/cmmi5.pfb><C:/Users/micha/AppData/Local/Programs/MiKTeX/fonts
/type1/public/amsfonts/cm/cmmi7.pfb><C:/Users/micha/AppData/Local/Programs/MiKT
eX/fonts/type1/public/amsfonts/cm/cmmi9.pfb><C:/Users/micha/AppData/Local/Progr
ams/MiKTeX/fonts/type1/public/amsfonts/cm/cmr10.pfb><C:/Users/micha/AppData/Loc
al/Programs/MiKTeX/fonts/type1/public/amsfonts/cm/cmr7.pfb><C:/Users/micha/AppD
ata/Local/Programs/MiKTeX/fonts/type1/public/amsfonts/cm/cmr9.pfb><C:/Users/mic
ha/AppData/Local/Programs/MiKTeX/fonts/type1/public/amsfonts/cm/cmsy10.pfb><C:/
Users/micha/AppData/Local/Programs/MiKTeX/fonts/type1/public/amsfonts/cm/cmsy7.
pfb><C:/Users/micha/AppData/Local/Programs/MiKTeX/fonts/type1/public/amsfonts/s
ymbols/msbm10.pfb><C:/Users/micha/AppData/Local/Programs/MiKTeX/fonts/type1/urw
/times/utmb8a.pfb><C:/Users/micha/AppData/Local/Programs/MiKTeX/fonts/type1/urw
/times/utmr8a.pfb><C:/Users/micha/AppData/Local/Programs/MiKTeX/fonts/type1/urw
/times/utmri8a.pfb>
Output written on main_changed.pdf (10 pages, 3276235 bytes).
PDF statistics:
 249 PDF objects out of 1000 (max. 8388607)
 0 named destinations out of 1000 (max. 500000)
 33 words of extra memory for PDF output out of 10000 (max. 10000000)

