This is pdfTeX, Version 3.141592653-2.6-1.40.25 (MiKTeX 23.5) (preloaded format=pdflatex 2024.1.12)  3 MAR 2024 13:08
entering extended mode
 restricted \write18 enabled.
 %&-line parsing enabled.
**./conceptSimilarity_arxiv_changed.tex
(conceptSimilarity_arxiv_changed.tex
LaTeX2e <2023-06-01> patch level 1
L3 programming layer <2023-08-29>
(C:\Users\orfuc\AppData\Local\Programs\MiKTeX\tex/latex/base\article.cls
Document Class: article 2023/05/17 v1.4n Standard LaTeX document class
(C:\Users\orfuc\AppData\Local\Programs\MiKTeX\tex/latex/base\size10.clo
File: size10.clo 2023/05/17 v1.4n Standard LaTeX file (size option)
)
\c@part=\count185
\c@section=\count186
\c@subsection=\count187
\c@subsubsection=\count188
\c@paragraph=\count189
\c@subparagraph=\count190
\c@figure=\count191
\c@table=\count192
\abovecaptionskip=\skip48
\belowcaptionskip=\skip49
\bibindent=\dimen140
)
(aaai20.sty
Conference Style for AAAI for LaTeX 2e -- version for the AAAI-20 conference
\titlebox=\skip50
) (C:\Users\orfuc\AppData\Local\Programs\MiKTeX\tex/latex/psnfss\times.sty
Package: times 2020/03/25 PSNFSS-v9.3 (SPQR) 
)
(C:\Users\orfuc\AppData\Local\Programs\MiKTeX\tex/latex/psnfss\helvet.sty
Package: helvet 2020/03/25 PSNFSS-v9.3 (WaS) 

(C:\Users\orfuc\AppData\Local\Programs\MiKTeX\tex/latex/graphics\keyval.sty
Package: keyval 2022/05/29 v1.15 key=value parser (DPC)
\KV@toks@=\toks17
))
(C:\Users\orfuc\AppData\Local\Programs\MiKTeX\tex/latex/psnfss\courier.sty
Package: courier 2020/03/25 PSNFSS-v9.3 (WaS) 
)
(C:\Users\orfuc\AppData\Local\Programs\MiKTeX\tex/latex/url\url.sty
\Urlmuskip=\muskip16
Package: url 2013/09/16  ver 3.4  Verb mode for urls, etc.
)
(C:\Users\orfuc\AppData\Local\Programs\MiKTeX\tex/latex/graphics\graphicx.sty
Package: graphicx 2021/09/16 v1.2d Enhanced LaTeX Graphics (DPC,SPQR)

(C:\Users\orfuc\AppData\Local\Programs\MiKTeX\tex/latex/graphics\graphics.sty
Package: graphics 2022/03/10 v1.4e Standard LaTeX Graphics (DPC,SPQR)

(C:\Users\orfuc\AppData\Local\Programs\MiKTeX\tex/latex/graphics\trig.sty
Package: trig 2021/08/11 v1.11 sin cos tan (DPC)
)
(C:\Users\orfuc\AppData\Local\Programs\MiKTeX\tex/latex/graphics-cfg\graphics.c
fg
File: graphics.cfg 2016/06/04 v1.11 sample graphics configuration
)
Package graphics Info: Driver file: pdftex.def on input line 107.

(C:\Users\orfuc\AppData\Local\Programs\MiKTeX\tex/latex/graphics-def\pdftex.def
File: pdftex.def 2022/09/22 v1.2b Graphics/color driver for pdftex
))
\Gin@req@height=\dimen141
\Gin@req@width=\dimen142
)
(C:\Users\orfuc\AppData\Local\Programs\MiKTeX\tex/latex/booktabs\booktabs.sty
Package: booktabs 2020/01/12 v1.61803398 Publication quality tables
\heavyrulewidth=\dimen143
\lightrulewidth=\dimen144
\cmidrulewidth=\dimen145
\belowrulesep=\dimen146
\belowbottomsep=\dimen147
\aboverulesep=\dimen148
\abovetopsep=\dimen149
\cmidrulesep=\dimen150
\cmidrulekern=\dimen151
\defaultaddspace=\dimen152
\@cmidla=\count193
\@cmidlb=\count194
\@aboverulesep=\dimen153
\@belowrulesep=\dimen154
\@thisruleclass=\count195
\@lastruleclass=\count196
\@thisrulewidth=\dimen155
)
(C:\Users\orfuc\AppData\Local\Programs\MiKTeX\tex/latex/multirow\multirow.sty
Package: multirow 2021/03/15 v2.8 Span multiple rows of a table
\multirow@colwidth=\skip51
\multirow@cntb=\count197
\multirow@dima=\skip52
\bigstrutjot=\dimen156
)
(C:\Users\orfuc\AppData\Local\Programs\MiKTeX\tex/latex/adjustbox\adjustbox.sty
Package: adjustbox 2022/10/17 v1.3a Adjusting TeX boxes (trim, clip, ...)
(C:\Users\orfuc\AppData\Local\Programs\MiKTeX\tex/latex/xkeyval\xkeyval.sty
Package: xkeyval 2022/06/16 v2.9 package option processing (HA)

(C:\Users\orfuc\AppData\Local\Programs\MiKTeX\tex/generic/xkeyval\xkeyval.tex
(C:\Users\orfuc\AppData\Local\Programs\MiKTeX\tex/generic/xkeyval\xkvutils.tex
\XKV@toks=\toks18
\XKV@tempa@toks=\toks19
)
\XKV@depth=\count198
File: xkeyval.tex 2014/12/03 v2.7a key=value parser (HA)
))
(C:\Users\orfuc\AppData\Local\Programs\MiKTeX\tex/latex/adjustbox\adjcalc.sty
Package: adjcalc 2012/05/16 v1.1 Provides advanced setlength with multiple back
-ends (calc, etex, pgfmath)
)
(C:\Users\orfuc\AppData\Local\Programs\MiKTeX\tex/latex/adjustbox\trimclip.sty
Package: trimclip 2020/08/19 v1.2 Trim and clip general TeX material

(C:\Users\orfuc\AppData\Local\Programs\MiKTeX\tex/latex/collectbox\collectbox.s
ty
Package: collectbox 2022/10/17 v0.4c Collect macro arguments as boxes
\collectedbox=\box51
)
\tc@llx=\dimen157
\tc@lly=\dimen158
\tc@urx=\dimen159
\tc@ury=\dimen160
Package trimclip Info: Using driver 'tc-pdftex.def'.

(C:\Users\orfuc\AppData\Local\Programs\MiKTeX\tex/latex/adjustbox\tc-pdftex.def
File: tc-pdftex.def 2019/01/04 v2.2 Clipping driver for pdftex
))
\adjbox@Width=\dimen161
\adjbox@Height=\dimen162
\adjbox@Depth=\dimen163
\adjbox@Totalheight=\dimen164
\adjbox@pwidth=\dimen165
\adjbox@pheight=\dimen166
\adjbox@pdepth=\dimen167
\adjbox@ptotalheight=\dimen168

(C:\Users\orfuc\AppData\Local\Programs\MiKTeX\tex/latex/ifoddpage\ifoddpage.sty
Package: ifoddpage 2022/10/18 v1.2 Conditionals for odd/even page detection
\c@checkoddpage=\count199
) (C:\Users\orfuc\AppData\Local\Programs\MiKTeX\tex/latex/varwidth\varwidth.sty
Package: varwidth 2009/03/30 ver 0.92;  Variable-width minipages
\@vwid@box=\box52
\sift@deathcycles=\count266
\@vwid@loff=\dimen169
\@vwid@roff=\dimen170
))
(C:\Users\orfuc\AppData\Local\Programs\MiKTeX\tex/latex/graphics\rotating.sty
Package: rotating 2016/08/11 v2.16d rotated objects in LaTeX

(C:\Users\orfuc\AppData\Local\Programs\MiKTeX\tex/latex/base\ifthen.sty
Package: ifthen 2022/04/13 v1.1d Standard LaTeX ifthen package (DPC)
)
\c@r@tfl@t=\count267
\rotFPtop=\skip53
\rotFPbot=\skip54
\rot@float@box=\box53
\rot@mess@toks=\toks20
)
(C:\Users\orfuc\AppData\Local\Programs\MiKTeX\tex/latex/pgf/frontendlayer\tikz.
sty
(C:\Users\orfuc\AppData\Local\Programs\MiKTeX\tex/latex/pgf/basiclayer\pgf.sty
(C:\Users\orfuc\AppData\Local\Programs\MiKTeX\tex/latex/pgf/utilities\pgfrcs.st
y
(C:\Users\orfuc\AppData\Local\Programs\MiKTeX\tex/generic/pgf/utilities\pgfutil
-common.tex
\pgfutil@everybye=\toks21
\pgfutil@tempdima=\dimen171
\pgfutil@tempdimb=\dimen172
)
(C:\Users\orfuc\AppData\Local\Programs\MiKTeX\tex/generic/pgf/utilities\pgfutil
-latex.def
\pgfutil@abb=\box54
)
(C:\Users\orfuc\AppData\Local\Programs\MiKTeX\tex/generic/pgf/utilities\pgfrcs.
code.tex
(C:\Users\orfuc\AppData\Local\Programs\MiKTeX\tex/generic/pgf\pgf.revision.tex)
Package: pgfrcs 2023-01-15 v3.1.10 (3.1.10)
))
Package: pgf 2023-01-15 v3.1.10 (3.1.10)

(C:\Users\orfuc\AppData\Local\Programs\MiKTeX\tex/latex/pgf/basiclayer\pgfcore.
sty
(C:\Users\orfuc\AppData\Local\Programs\MiKTeX\tex/latex/pgf/systemlayer\pgfsys.
sty
(C:\Users\orfuc\AppData\Local\Programs\MiKTeX\tex/generic/pgf/systemlayer\pgfsy
s.code.tex
Package: pgfsys 2023-01-15 v3.1.10 (3.1.10)

(C:\Users\orfuc\AppData\Local\Programs\MiKTeX\tex/generic/pgf/utilities\pgfkeys
.code.tex
\pgfkeys@pathtoks=\toks22
\pgfkeys@temptoks=\toks23

(C:\Users\orfuc\AppData\Local\Programs\MiKTeX\tex/generic/pgf/utilities\pgfkeys
libraryfiltered.code.tex
\pgfkeys@tmptoks=\toks24
))
\pgf@x=\dimen173
\pgf@y=\dimen174
\pgf@xa=\dimen175
\pgf@ya=\dimen176
\pgf@xb=\dimen177
\pgf@yb=\dimen178
\pgf@xc=\dimen179
\pgf@yc=\dimen180
\pgf@xd=\dimen181
\pgf@yd=\dimen182
\w@pgf@writea=\write3
\r@pgf@reada=\read2
\c@pgf@counta=\count268
\c@pgf@countb=\count269
\c@pgf@countc=\count270
\c@pgf@countd=\count271
\t@pgf@toka=\toks25
\t@pgf@tokb=\toks26
\t@pgf@tokc=\toks27
\pgf@sys@id@count=\count272

(C:\Users\orfuc\AppData\Local\Programs\MiKTeX\tex/generic/pgf/systemlayer\pgf.c
fg
File: pgf.cfg 2023-01-15 v3.1.10 (3.1.10)
)
Driver file for pgf: pgfsys-pdftex.def

(C:\Users\orfuc\AppData\Local\Programs\MiKTeX\tex/generic/pgf/systemlayer\pgfsy
s-pdftex.def
File: pgfsys-pdftex.def 2023-01-15 v3.1.10 (3.1.10)

(C:\Users\orfuc\AppData\Local\Programs\MiKTeX\tex/generic/pgf/systemlayer\pgfsy
s-common-pdf.def
File: pgfsys-common-pdf.def 2023-01-15 v3.1.10 (3.1.10)
)))
(C:\Users\orfuc\AppData\Local\Programs\MiKTeX\tex/generic/pgf/systemlayer\pgfsy
ssoftpath.code.tex
File: pgfsyssoftpath.code.tex 2023-01-15 v3.1.10 (3.1.10)
\pgfsyssoftpath@smallbuffer@items=\count273
\pgfsyssoftpath@bigbuffer@items=\count274
)
(C:\Users\orfuc\AppData\Local\Programs\MiKTeX\tex/generic/pgf/systemlayer\pgfsy
sprotocol.code.tex
File: pgfsysprotocol.code.tex 2023-01-15 v3.1.10 (3.1.10)
))
(C:\Users\orfuc\AppData\Local\Programs\MiKTeX\tex/latex/xcolor\xcolor.sty
Package: xcolor 2022/06/12 v2.14 LaTeX color extensions (UK)

(C:\Users\orfuc\AppData\Local\Programs\MiKTeX\tex/latex/graphics-cfg\color.cfg
File: color.cfg 2016/01/02 v1.6 sample color configuration
)
Package xcolor Info: Driver file: pdftex.def on input line 227.
(C:\Users\orfuc\AppData\Local\Programs\MiKTeX\tex/latex/graphics\mathcolor.ltx)
Package xcolor Info: Model `cmy' substituted by `cmy0' on input line 1353.
Package xcolor Info: Model `hsb' substituted by `rgb' on input line 1357.
Package xcolor Info: Model `RGB' extended on input line 1369.
Package xcolor Info: Model `HTML' substituted by `rgb' on input line 1371.
Package xcolor Info: Model `Hsb' substituted by `hsb' on input line 1372.
Package xcolor Info: Model `tHsb' substituted by `hsb' on input line 1373.
Package xcolor Info: Model `HSB' substituted by `hsb' on input line 1374.
Package xcolor Info: Model `Gray' substituted by `gray' on input line 1375.
Package xcolor Info: Model `wave' substituted by `hsb' on input line 1376.
)
(C:\Users\orfuc\AppData\Local\Programs\MiKTeX\tex/generic/pgf/basiclayer\pgfcor
e.code.tex
Package: pgfcore 2023-01-15 v3.1.10 (3.1.10)

(C:\Users\orfuc\AppData\Local\Programs\MiKTeX\tex/generic/pgf/math\pgfmath.code
.tex
(C:\Users\orfuc\AppData\Local\Programs\MiKTeX\tex/generic/pgf/math\pgfmathutil.
code.tex)
(C:\Users\orfuc\AppData\Local\Programs\MiKTeX\tex/generic/pgf/math\pgfmathparse
r.code.tex
\pgfmath@dimen=\dimen183
\pgfmath@count=\count275
\pgfmath@box=\box55
\pgfmath@toks=\toks28
\pgfmath@stack@operand=\toks29
\pgfmath@stack@operation=\toks30
)
(C:\Users\orfuc\AppData\Local\Programs\MiKTeX\tex/generic/pgf/math\pgfmathfunct
ions.code.tex)
(C:\Users\orfuc\AppData\Local\Programs\MiKTeX\tex/generic/pgf/math\pgfmathfunct
ions.basic.code.tex)
(C:\Users\orfuc\AppData\Local\Programs\MiKTeX\tex/generic/pgf/math\pgfmathfunct
ions.trigonometric.code.tex)
(C:\Users\orfuc\AppData\Local\Programs\MiKTeX\tex/generic/pgf/math\pgfmathfunct
ions.random.code.tex)
(C:\Users\orfuc\AppData\Local\Programs\MiKTeX\tex/generic/pgf/math\pgfmathfunct
ions.comparison.code.tex)
(C:\Users\orfuc\AppData\Local\Programs\MiKTeX\tex/generic/pgf/math\pgfmathfunct
ions.base.code.tex)
(C:\Users\orfuc\AppData\Local\Programs\MiKTeX\tex/generic/pgf/math\pgfmathfunct
ions.round.code.tex)
(C:\Users\orfuc\AppData\Local\Programs\MiKTeX\tex/generic/pgf/math\pgfmathfunct
ions.misc.code.tex)
(C:\Users\orfuc\AppData\Local\Programs\MiKTeX\tex/generic/pgf/math\pgfmathfunct
ions.integerarithmetics.code.tex)
(C:\Users\orfuc\AppData\Local\Programs\MiKTeX\tex/generic/pgf/math\pgfmathcalc.
code.tex)
(C:\Users\orfuc\AppData\Local\Programs\MiKTeX\tex/generic/pgf/math\pgfmathfloat
.code.tex
\c@pgfmathroundto@lastzeros=\count276
))
(C:\Users\orfuc\AppData\Local\Programs\MiKTeX\tex/generic/pgf/math\pgfint.code.
tex)
(C:\Users\orfuc\AppData\Local\Programs\MiKTeX\tex/generic/pgf/basiclayer\pgfcor
epoints.code.tex
File: pgfcorepoints.code.tex 2023-01-15 v3.1.10 (3.1.10)
\pgf@picminx=\dimen184
\pgf@picmaxx=\dimen185
\pgf@picminy=\dimen186
\pgf@picmaxy=\dimen187
\pgf@pathminx=\dimen188
\pgf@pathmaxx=\dimen189
\pgf@pathminy=\dimen190
\pgf@pathmaxy=\dimen191
\pgf@xx=\dimen192
\pgf@xy=\dimen193
\pgf@yx=\dimen194
\pgf@yy=\dimen195
\pgf@zx=\dimen196
\pgf@zy=\dimen197
)
(C:\Users\orfuc\AppData\Local\Programs\MiKTeX\tex/generic/pgf/basiclayer\pgfcor
epathconstruct.code.tex
File: pgfcorepathconstruct.code.tex 2023-01-15 v3.1.10 (3.1.10)
\pgf@path@lastx=\dimen198
\pgf@path@lasty=\dimen199
)
(C:\Users\orfuc\AppData\Local\Programs\MiKTeX\tex/generic/pgf/basiclayer\pgfcor
epathusage.code.tex
File: pgfcorepathusage.code.tex 2023-01-15 v3.1.10 (3.1.10)
\pgf@shorten@end@additional=\dimen256
\pgf@shorten@start@additional=\dimen257
)
(C:\Users\orfuc\AppData\Local\Programs\MiKTeX\tex/generic/pgf/basiclayer\pgfcor
escopes.code.tex
File: pgfcorescopes.code.tex 2023-01-15 v3.1.10 (3.1.10)
\pgfpic=\box56
\pgf@hbox=\box57
\pgf@layerbox@main=\box58
\pgf@picture@serial@count=\count277
)
(C:\Users\orfuc\AppData\Local\Programs\MiKTeX\tex/generic/pgf/basiclayer\pgfcor
egraphicstate.code.tex
File: pgfcoregraphicstate.code.tex 2023-01-15 v3.1.10 (3.1.10)
\pgflinewidth=\dimen258
)
(C:\Users\orfuc\AppData\Local\Programs\MiKTeX\tex/generic/pgf/basiclayer\pgfcor
etransformations.code.tex
File: pgfcoretransformations.code.tex 2023-01-15 v3.1.10 (3.1.10)
\pgf@pt@x=\dimen259
\pgf@pt@y=\dimen260
\pgf@pt@temp=\dimen261
)
(C:\Users\orfuc\AppData\Local\Programs\MiKTeX\tex/generic/pgf/basiclayer\pgfcor
equick.code.tex
File: pgfcorequick.code.tex 2023-01-15 v3.1.10 (3.1.10)
)
(C:\Users\orfuc\AppData\Local\Programs\MiKTeX\tex/generic/pgf/basiclayer\pgfcor
eobjects.code.tex
File: pgfcoreobjects.code.tex 2023-01-15 v3.1.10 (3.1.10)
)
(C:\Users\orfuc\AppData\Local\Programs\MiKTeX\tex/generic/pgf/basiclayer\pgfcor
epathprocessing.code.tex
File: pgfcorepathprocessing.code.tex 2023-01-15 v3.1.10 (3.1.10)
)
(C:\Users\orfuc\AppData\Local\Programs\MiKTeX\tex/generic/pgf/basiclayer\pgfcor
earrows.code.tex
File: pgfcorearrows.code.tex 2023-01-15 v3.1.10 (3.1.10)
\pgfarrowsep=\dimen262
)
(C:\Users\orfuc\AppData\Local\Programs\MiKTeX\tex/generic/pgf/basiclayer\pgfcor
eshade.code.tex
File: pgfcoreshade.code.tex 2023-01-15 v3.1.10 (3.1.10)
\pgf@max=\dimen263
\pgf@sys@shading@range@num=\count278
\pgf@shadingcount=\count279
)
(C:\Users\orfuc\AppData\Local\Programs\MiKTeX\tex/generic/pgf/basiclayer\pgfcor
eimage.code.tex
File: pgfcoreimage.code.tex 2023-01-15 v3.1.10 (3.1.10)
)
(C:\Users\orfuc\AppData\Local\Programs\MiKTeX\tex/generic/pgf/basiclayer\pgfcor
eexternal.code.tex
File: pgfcoreexternal.code.tex 2023-01-15 v3.1.10 (3.1.10)
\pgfexternal@startupbox=\box59
)
(C:\Users\orfuc\AppData\Local\Programs\MiKTeX\tex/generic/pgf/basiclayer\pgfcor
elayers.code.tex
File: pgfcorelayers.code.tex 2023-01-15 v3.1.10 (3.1.10)
)
(C:\Users\orfuc\AppData\Local\Programs\MiKTeX\tex/generic/pgf/basiclayer\pgfcor
etransparency.code.tex
File: pgfcoretransparency.code.tex 2023-01-15 v3.1.10 (3.1.10)
)
(C:\Users\orfuc\AppData\Local\Programs\MiKTeX\tex/generic/pgf/basiclayer\pgfcor
epatterns.code.tex
File: pgfcorepatterns.code.tex 2023-01-15 v3.1.10 (3.1.10)
)
(C:\Users\orfuc\AppData\Local\Programs\MiKTeX\tex/generic/pgf/basiclayer\pgfcor
erdf.code.tex
File: pgfcorerdf.code.tex 2023-01-15 v3.1.10 (3.1.10)
)))
(C:\Users\orfuc\AppData\Local\Programs\MiKTeX\tex/generic/pgf/modules\pgfmodule
shapes.code.tex
File: pgfmoduleshapes.code.tex 2023-01-15 v3.1.10 (3.1.10)
\pgfnodeparttextbox=\box60
)
(C:\Users\orfuc\AppData\Local\Programs\MiKTeX\tex/generic/pgf/modules\pgfmodule
plot.code.tex
File: pgfmoduleplot.code.tex 2023-01-15 v3.1.10 (3.1.10)
)
(C:\Users\orfuc\AppData\Local\Programs\MiKTeX\tex/latex/pgf/compatibility\pgfco
mp-version-0-65.sty
Package: pgfcomp-version-0-65 2023-01-15 v3.1.10 (3.1.10)
\pgf@nodesepstart=\dimen264
\pgf@nodesepend=\dimen265
)
(C:\Users\orfuc\AppData\Local\Programs\MiKTeX\tex/latex/pgf/compatibility\pgfco
mp-version-1-18.sty
Package: pgfcomp-version-1-18 2023-01-15 v3.1.10 (3.1.10)
))
(C:\Users\orfuc\AppData\Local\Programs\MiKTeX\tex/latex/pgf/utilities\pgffor.st
y
(C:\Users\orfuc\AppData\Local\Programs\MiKTeX\tex/latex/pgf/utilities\pgfkeys.s
ty
(C:\Users\orfuc\AppData\Local\Programs\MiKTeX\tex/generic/pgf/utilities\pgfkeys
.code.tex))
(C:\Users\orfuc\AppData\Local\Programs\MiKTeX\tex/latex/pgf/math\pgfmath.sty
(C:\Users\orfuc\AppData\Local\Programs\MiKTeX\tex/generic/pgf/math\pgfmath.code
.tex))
(C:\Users\orfuc\AppData\Local\Programs\MiKTeX\tex/generic/pgf/utilities\pgffor.
code.tex
Package: pgffor 2023-01-15 v3.1.10 (3.1.10)
\pgffor@iter=\dimen266
\pgffor@skip=\dimen267
\pgffor@stack=\toks31
\pgffor@toks=\toks32
))
(C:\Users\orfuc\AppData\Local\Programs\MiKTeX\tex/generic/pgf/frontendlayer/tik
z\tikz.code.tex
Package: tikz 2023-01-15 v3.1.10 (3.1.10)

(C:\Users\orfuc\AppData\Local\Programs\MiKTeX\tex/generic/pgf/libraries\pgflibr
aryplothandlers.code.tex
File: pgflibraryplothandlers.code.tex 2023-01-15 v3.1.10 (3.1.10)
\pgf@plot@mark@count=\count280
\pgfplotmarksize=\dimen268
)
\tikz@lastx=\dimen269
\tikz@lasty=\dimen270
\tikz@lastxsaved=\dimen271
\tikz@lastysaved=\dimen272
\tikz@lastmovetox=\dimen273
\tikz@lastmovetoy=\dimen274
\tikzleveldistance=\dimen275
\tikzsiblingdistance=\dimen276
\tikz@figbox=\box61
\tikz@figbox@bg=\box62
\tikz@tempbox=\box63
\tikz@tempbox@bg=\box64
\tikztreelevel=\count281
\tikznumberofchildren=\count282
\tikznumberofcurrentchild=\count283
\tikz@fig@count=\count284

(C:\Users\orfuc\AppData\Local\Programs\MiKTeX\tex/generic/pgf/modules\pgfmodule
matrix.code.tex
File: pgfmodulematrix.code.tex 2023-01-15 v3.1.10 (3.1.10)
\pgfmatrixcurrentrow=\count285
\pgfmatrixcurrentcolumn=\count286
\pgf@matrix@numberofcolumns=\count287
)
\tikz@expandcount=\count288

(C:\Users\orfuc\AppData\Local\Programs\MiKTeX\tex/generic/pgf/frontendlayer/tik
z/libraries\tikzlibrarytopaths.code.tex
File: tikzlibrarytopaths.code.tex 2023-01-15 v3.1.10 (3.1.10)
)))
(C:\Users\orfuc\AppData\Local\Programs\MiKTeX\tex/latex/pgfplots\pgfplots.sty
(C:\Users\orfuc\AppData\Local\Programs\MiKTeX\tex/generic/pgfplots\pgfplots.rev
ision.tex)
Package: pgfplots 2021/05/15 v1.18.1 Data Visualization (1.18.1)

(C:\Users\orfuc\AppData\Local\Programs\MiKTeX\tex/generic/pgfplots\pgfplots.cod
e.tex
(C:\Users\orfuc\AppData\Local\Programs\MiKTeX\tex/generic/pgfplots\pgfplotscore
.code.tex
\t@pgfplots@toka=\toks33
\t@pgfplots@tokb=\toks34
\t@pgfplots@tokc=\toks35
\pgfplots@tmpa=\dimen277
\c@pgfplots@coordindex=\count289
\c@pgfplots@scanlineindex=\count290

(C:\Users\orfuc\AppData\Local\Programs\MiKTeX\tex/generic/pgfplots/sys\pgfplots
sysgeneric.code.tex))
(C:\Users\orfuc\AppData\Local\Programs\MiKTeX\tex/generic/pgfplots/libs\pgfplot
slibrary.code.tex)
(C:\Users\orfuc\AppData\Local\Programs\MiKTeX\tex/generic/pgfplots/oldpgfcompat
ib\pgfplotsoldpgfsupp_loader.code.tex
(C:\Users\orfuc\AppData\Local\Programs\MiKTeX\tex/generic/pgf/libraries\pgflibr
aryfpu.code.tex)
Package pgfplots: loading complementary utilities for your pgf version...
\t@pgf@toka=\toks36
\t@pgf@tokb=\toks37
\t@pgf@tokc=\toks38

(C:\Users\orfuc\AppData\Local\Programs\MiKTeX\tex/generic/pgfplots/oldpgfcompat
ib\pgfplotsoldpgfsupp_pgfutil-common-lists.tex))
(C:\Users\orfuc\AppData\Local\Programs\MiKTeX\tex/generic/pgfplots/util\pgfplot
sutil.code.tex
(C:\Users\orfuc\AppData\Local\Programs\MiKTeX\tex/generic/pgfplots/liststructur
e\pgfplotsliststructure.code.tex)
(C:\Users\orfuc\AppData\Local\Programs\MiKTeX\tex/generic/pgfplots/liststructur
e\pgfplotsliststructureext.code.tex)
(C:\Users\orfuc\AppData\Local\Programs\MiKTeX\tex/generic/pgfplots/liststructur
e\pgfplotsarray.code.tex
\c@pgfplotsarray@tmp=\count291
)
(C:\Users\orfuc\AppData\Local\Programs\MiKTeX\tex/generic/pgfplots/liststructur
e\pgfplotsmatrix.code.tex)
(C:\Users\orfuc\AppData\Local\Programs\MiKTeX\tex/generic/pgfplots/numtable\pgf
plotstableshared.code.tex
\c@pgfplotstable@counta=\count292
\t@pgfplotstable@a=\toks39
)
(C:\Users\orfuc\AppData\Local\Programs\MiKTeX\tex/generic/pgfplots/liststructur
e\pgfplotsdeque.code.tex)
(C:\Users\orfuc\AppData\Local\Programs\MiKTeX\tex/generic/pgfplots/util\pgfplot
sbinary.code.tex
(C:\Users\orfuc\AppData\Local\Programs\MiKTeX\tex/generic/pgfplots/util\pgfplot
sbinary.data.code.tex))
(C:\Users\orfuc\AppData\Local\Programs\MiKTeX\tex/generic/pgfplots/util\pgfplot
sutil.verb.code.tex)
(C:\Users\orfuc\AppData\Local\Programs\MiKTeX\tex/generic/pgfplots/libs\pgflibr
arypgfplots.surfshading.code.tex
\c@pgfplotslibrarysurf@no=\count293

(C:\Users\orfuc\AppData\Local\Programs\MiKTeX\tex/generic/pgfplots/sys\pgflibra
rypgfplots.surfshading.pgfsys-pdftex.def)))
(C:\Users\orfuc\AppData\Local\Programs\MiKTeX\tex/generic/pgfplots/util\pgfplot
scolormap.code.tex
(C:\Users\orfuc\AppData\Local\Programs\MiKTeX\tex/generic/pgfplots/util\pgfplot
scolor.code.tex))
(C:\Users\orfuc\AppData\Local\Programs\MiKTeX\tex/generic/pgfplots\pgfplotsstac
kedplots.code.tex)
(C:\Users\orfuc\AppData\Local\Programs\MiKTeX\tex/generic/pgfplots\pgfplotsplot
handlers.code.tex
(C:\Users\orfuc\AppData\Local\Programs\MiKTeX\tex/generic/pgfplots\pgfplotsmesh
plothandler.code.tex
(C:\Users\orfuc\AppData\Local\Programs\MiKTeX\tex/generic/pgfplots\pgfplotsmesh
plotimage.code.tex)))
(C:\Users\orfuc\AppData\Local\Programs\MiKTeX\tex/generic/pgfplots\pgfplots.sca
ling.code.tex)
(C:\Users\orfuc\AppData\Local\Programs\MiKTeX\tex/generic/pgfplots\pgfplotscoor
dprocessing.code.tex)
(C:\Users\orfuc\AppData\Local\Programs\MiKTeX\tex/generic/pgfplots\pgfplots.err
orbars.code.tex)
(C:\Users\orfuc\AppData\Local\Programs\MiKTeX\tex/generic/pgfplots\pgfplots.mar
kers.code.tex)
(C:\Users\orfuc\AppData\Local\Programs\MiKTeX\tex/generic/pgfplots\pgfplotstick
s.code.tex)
(C:\Users\orfuc\AppData\Local\Programs\MiKTeX\tex/generic/pgfplots\pgfplots.pat
hs.code.tex)
(C:\Users\orfuc\AppData\Local\Programs\MiKTeX\tex/generic/pgf/frontendlayer/tik
z/libraries\tikzlibrarydecorations.code.tex
(C:\Users\orfuc\AppData\Local\Programs\MiKTeX\tex/generic/pgf/modules\pgfmodule
decorations.code.tex
\pgfdecoratedcompleteddistance=\dimen278
\pgfdecoratedremainingdistance=\dimen279
\pgfdecoratedinputsegmentcompleteddistance=\dimen280
\pgfdecoratedinputsegmentremainingdistance=\dimen281
\pgf@decorate@distancetomove=\dimen282
\pgf@decorate@repeatstate=\count294
\pgfdecorationsegmentamplitude=\dimen283
\pgfdecorationsegmentlength=\dimen284
)
\tikz@lib@dec@box=\box65
)
(C:\Users\orfuc\AppData\Local\Programs\MiKTeX\tex/generic/pgf/frontendlayer/tik
z/libraries\tikzlibrarydecorations.pathmorphing.code.tex
(C:\Users\orfuc\AppData\Local\Programs\MiKTeX\tex/generic/pgf/libraries/decorat
ions\pgflibrarydecorations.pathmorphing.code.tex))
(C:\Users\orfuc\AppData\Local\Programs\MiKTeX\tex/generic/pgf/frontendlayer/tik
z/libraries\tikzlibrarydecorations.pathreplacing.code.tex
(C:\Users\orfuc\AppData\Local\Programs\MiKTeX\tex/generic/pgf/libraries/decorat
ions\pgflibrarydecorations.pathreplacing.code.tex))
(C:\Users\orfuc\AppData\Local\Programs\MiKTeX\tex/generic/pgfplots/libs\tikzlib
rarypgfplots.contourlua.code.tex)
\pgfplots@numplots=\count295
\pgfplots@xmin@reg=\dimen285
\pgfplots@xmax@reg=\dimen286
\pgfplots@ymin@reg=\dimen287
\pgfplots@ymax@reg=\dimen288
\pgfplots@zmin@reg=\dimen289
\pgfplots@zmax@reg=\dimen290
)
(C:\Users\orfuc\AppData\Local\Programs\MiKTeX\tex/generic/pgf/frontendlayer/tik
z/libraries\tikzlibraryplotmarks.code.tex
File: tikzlibraryplotmarks.code.tex 2023-01-15 v3.1.10 (3.1.10)

(C:\Users\orfuc\AppData\Local\Programs\MiKTeX\tex/generic/pgf/libraries\pgflibr
aryplotmarks.code.tex
File: pgflibraryplotmarks.code.tex 2023-01-15 v3.1.10 (3.1.10)
)))
(C:\Users\orfuc\AppData\Local\Programs\MiKTeX\tex/latex/chngcntr\chngcntr.sty
Package: chngcntr 2018/04/09 v1.1a change counter resetting
Package chngcntr Info: \counterwithout already defined.
(chngcntr)             Quitting chngcntr on input line 21.
)
(C:\Users\orfuc\AppData\Local\Programs\MiKTeX\tex/latex/refcount\refcount.sty
Package: refcount 2019/12/15 v3.6 Data extraction from label references (HO)

(C:\Users\orfuc\AppData\Local\Programs\MiKTeX\tex/generic/ltxcmds\ltxcmds.sty
Package: ltxcmds 2020-05-10 v1.25 LaTeX kernel commands for general use (HO)
)
(C:\Users\orfuc\AppData\Local\Programs\MiKTeX\tex/generic/infwarerr\infwarerr.s
ty
Package: infwarerr 2019/12/03 v1.5 Providing info/warning/error messages (HO)
))
(C:\Users\orfuc\AppData\Local\Programs\MiKTeX\tex/latex/mdwtools\footnote.sty
Package: footnote 1997/01/28 1.13 Save footnotes around boxes
\fn@notes=\box66
\fn@width=\dimen291
)
LaTeX Font Info:    Trying to load font information for OT1+ptm on input line 5
2.

(C:\Users\orfuc\AppData\Local\Programs\MiKTeX\tex/latex/psnfss\ot1ptm.fd
File: ot1ptm.fd 2001/06/04 font definitions for OT1/ptm.
)
(C:\Users\orfuc\AppData\Local\Programs\MiKTeX\tex/latex/l3backend\l3backend-pdf
tex.def
File: l3backend-pdftex.def 2023-04-19 L3 backend support: PDF output (pdfTeX)
\l__color_backend_stack_int=\count296
\l__pdf_internal_box=\box67
) (conceptSimilarity_arxiv_changed.aux)
\openout1 = `conceptSimilarity_arxiv_changed.aux'.

LaTeX Font Info:    Checking defaults for OML/cmm/m/it on input line 52.
LaTeX Font Info:    ... okay on input line 52.
LaTeX Font Info:    Checking defaults for OMS/cmsy/m/n on input line 52.
LaTeX Font Info:    ... okay on input line 52.
LaTeX Font Info:    Checking defaults for OT1/cmr/m/n on input line 52.
LaTeX Font Info:    ... okay on input line 52.
LaTeX Font Info:    Checking defaults for T1/cmr/m/n on input line 52.
LaTeX Font Info:    ... okay on input line 52.
LaTeX Font Info:    Checking defaults for TS1/cmr/m/n on input line 52.
LaTeX Font Info:    ... okay on input line 52.
LaTeX Font Info:    Checking defaults for OMX/cmex/m/n on input line 52.
LaTeX Font Info:    ... okay on input line 52.
LaTeX Font Info:    Checking defaults for U/cmr/m/n on input line 52.
LaTeX Font Info:    ... okay on input line 52.

(C:\Users\orfuc\AppData\Local\Programs\MiKTeX\tex/context/base/mkii\supp-pdf.mk
ii
[Loading MPS to PDF converter (version 2006.09.02).]
\scratchcounter=\count297
\scratchdimen=\dimen292
\scratchbox=\box68
\nofMPsegments=\count298
\nofMParguments=\count299
\everyMPshowfont=\toks40
\MPscratchCnt=\count300
\MPscratchDim=\dimen293
\MPnumerator=\count301
\makeMPintoPDFobject=\count302
\everyMPtoPDFconversion=\toks41
)
(C:\Users\orfuc\AppData\Local\Programs\MiKTeX\tex/latex/epstopdf-pkg\epstopdf-b
ase.sty
Package: epstopdf-base 2020-01-24 v2.11 Base part for package epstopdf
Package epstopdf-base Info: Redefining graphics rule for `.eps' on input line 4
85.

(C:\Users\orfuc\AppData\Local\Programs\MiKTeX\tex/latex/00miktex\epstopdf-sys.c
fg
File: epstopdf-sys.cfg 2021/03/18 v2.0 Configuration of epstopdf for MiKTeX
))
Package pgfplots notification 'compat/show suggested version=true': you might b
enefit from \pgfplotsset{compat=1.18} (current compat level: 1.5.1).

LaTeX Font Info:    External font `cmex10' loaded for size
(Font)              <14.4> on input line 54.
LaTeX Font Info:    External font `cmex10' loaded for size
(Font)              <7> on input line 54.
LaTeX Font Info:    Trying to load font information for TS1+ptm on input line 5
4.
(C:\Users\orfuc\AppData\Local\Programs\MiKTeX\tex/latex/psnfss\ts1ptm.fd
File: ts1ptm.fd 2001/06/04 font definitions for TS1/ptm.
)
LaTeX Font Info:    External font `cmex10' loaded for size
(Font)              <5> on input line 54.
LaTeX Font Info:    Trying to load font information for OMS+ptm on input line 5
4.

(C:\Users\orfuc\AppData\Local\Programs\MiKTeX\tex/latex/psnfss\omsptm.fd
File: omsptm.fd 
)
LaTeX Font Info:    Font shape `OMS/ptm/m/n' in size <10> not available
(Font)              Font shape `OMS/cmsy/m/n' tried instead on input line 54.
LaTeX Font Info:    External font `cmex10' loaded for size
(Font)              <9> on input line 54.
LaTeX Font Info:    External font `cmex10' loaded for size
(Font)              <6> on input line 54.


LaTeX Warning: Citation `ardila2019end' on page 1 undefined on input line 70.


LaTeX Warning: Citation `liu2018deep' on page 1 undefined on input line 70.


LaTeX Warning: Citation `Neumann2019ScispaCyFA' on page 1 undefined on input li
ne 70.


LaTeX Warning: Citation `PedersenPPC2007' on page 1 undefined on input line 80.



LaTeX Warning: Citation `PakhomovEtAl2010' on page 1 undefined on input line 80
.


LaTeX Warning: Citation `ChiuPVK2018' on page 1 undefined on input line 80.


LaTeX Warning: Citation `donnelly2006snomed' on page 1 undefined on input line 
85.


LaTeX Warning: Citation `ZhelezniakEtAl2019-correlation' on page 1 undefined on
 input line 92.


LaTeX Warning: Citation `ZhelezniakEtAl2019-correlation' on page 1 undefined on
 input line 114.


Underfull \vbox (badness 2293) has occurred while \output is active []

 [1{C:/Users/orfuc/AppData/Local/MiKTeX/fonts/map/pdftex/pdftex.map}{C:/Users/o
rfuc/AppData/Local/Programs/MiKTeX/fonts/enc/dvips/base/8r.enc}



]

LaTeX Warning: Citation `Hliaoutakis2005' on page 2 undefined on input line 129
.


LaTeX Warning: Citation `PedersenPPC2007' on page 2 undefined on input line 131
.


LaTeX Warning: Citation `PakhomovEtAl2011' on page 2 undefined on input line 13
3.


LaTeX Warning: Citation `PakhomovEtAl2010' on page 2 undefined on input line 13
5.


LaTeX Warning: Citation `PakhomovEtAl2016' on page 2 undefined on input line 13
7.


LaTeX Warning: Citation `PakhomovEtAl2010' on page 2 undefined on input line 13
9.


LaTeX Warning: Citation `PakhomovEtAl2016' on page 2 undefined on input line 14
1.


LaTeX Warning: Citation `ChiuPVK2018' on page 2 undefined on input line 143.


LaTeX Warning: Citation `ChiuPVK2018' on page 2 undefined on input line 145.


LaTeX Warning: Citation `BeamEtAl2018' on page 2 undefined on input line 152.


LaTeX Warning: Citation `BeamEtAl2018' on page 2 undefined on input line 152.


LaTeX Warning: Citation `AgarwalEtAl2019' on page 2 undefined on input line 154
.


LaTeX Warning: Citation `AgarwalEtAl2019' on page 2 undefined on input line 154
.


LaTeX Warning: Citation `BeamEtAl2018' on page 2 undefined on input line 154.


LaTeX Warning: Citation `WangCZ2015' on page 2 undefined on input line 155.


LaTeX Warning: Citation `WangCZ2015' on page 2 undefined on input line 155.


LaTeX Warning: Citation `HenryCM2018' on page 2 undefined on input line 159.


LaTeX Warning: Citation `HenryCM2018' on page 2 undefined on input line 159.

[2]
Underfull \hbox (badness 1701) in paragraph at lines 308--314
[]\OT1/ptm/m/n/10 The \OT1/ptm/m/it/10 dif-fi-culty \OT1/ptm/m/n/10 (re-gard-in
g hu-man judge-ment) of each
 []

[3]

LaTeX Warning: Citation `LingEtAl2017' on page 4 undefined on input line 331.


LaTeX Warning: Citation `HenryCM2018' on page 4 undefined on input line 331.


LaTeX Warning: Reference `tab:embeddings' on page 4 undefined on input line 337
.


LaTeX Warning: Reference `tab:embedding_coverage' on page 4 undefined on input 
line 337.


LaTeX Warning: Citation `MikolovEtAl2013' on page 4 undefined on input line 338
.


LaTeX Warning: Citation `PyysaloEtAl2013' on page 4 undefined on input line 339
.


LaTeX Warning: Citation `KosmopoulosAP2015' on page 4 undefined on input line 3
40.


LaTeX Warning: Citation `ChiuEtAl2016' on page 4 undefined on input line 341.


LaTeX Warning: Citation `McdonaldEtAl2018' on page 4 undefined on input line 34
3.


LaTeX Warning: Citation `BojanowskiGJM2017' on page 4 undefined on input line 3
44.


LaTeX Warning: Citation `ZhangEtAl2019' on page 4 undefined on input line 345.


LaTeX Warning: Citation `ChenPL2019' on page 4 undefined on input line 346.


LaTeX Warning: Citation `PenningtonEtAl2014' on page 4 undefined on input line 
348.


LaTeX Warning: Citation `MikolovEtAl2018' on page 4 undefined on input line 349
.


Underfull \hbox (badness 1024) in paragraph at lines 337--350
[]\OT1/ptm/m/n/10 - 4 \OT1/ptm/m/it/10 Bio \OT1/ptm/m/n/10 em-bed-dings ( \OT1/
ptm/b/n/10 ?\OT1/ptm/m/n/10 ) trained on PubMed Cen-tral
 []


LaTeX Warning: Reference `tab:embeddings' on page 4 undefined on input line 351
.


LaTeX Warning: Citation `peters-etal-2018-deep' on page 4 undefined on input li
ne 354.


LaTeX Warning: Citation `akbik2019naacl' on page 4 undefined on input line 354.



LaTeX Warning: Citation `DBLP:journals/corr/abs-1810-04805' on page 4 undefined
 on input line 354.


LaTeX Warning: Citation `Beltagy2019SciBERT' on page 4 undefined on input line 
354.


LaTeX Warning: Citation `Radford2018ImprovingLU' on page 4 undefined on input l
ine 354.


LaTeX Warning: Citation `HenryCM2018' on page 4 undefined on input line 397.


LaTeX Warning: Citation `HenryCM2018' on page 4 undefined on input line 397.


LaTeX Warning: Citation `ZhelezniakEtAl2019-correlation' on page 4 undefined on
 input line 401.


LaTeX Warning: Citation `ZhelezniakEtAl2019-correlation' on page 4 undefined on
 input line 401.


LaTeX Warning: Citation `ZhelezniakEtAl2019-fuzzyJaccard' on page 4 undefined o
n input line 403.

[4]

LaTeX Warning: Citation `ZhelezniakEtAl2019-fuzzyJaccard' on page 5 undefined o
n input line 415.


LaTeX Warning: Reference `tab:significance_existingDatasets_full' on page 5 und
efined on input line 419.


LaTeX Warning: Reference `tab:significance_existingDatasets_methods1' on page 5
 undefined on input line 420.


LaTeX Warning: Reference `tab:significance_existingDatasets_methods4' on page 5
 undefined on input line 420.


LaTeX Warning: Citation `ZhelezniakEtAl2019-fuzzyJaccard' on page 5 undefined o
n input line 421.


LaTeX Warning: Citation `ZhelezniakEtAl2019-fuzzyJaccard' on page 5 undefined o
n input line 421.


Overfull \hbox (18.16855pt too wide) in paragraph at lines 432--514
 [][] 
 []


LaTeX Warning: Citation `LingEtAl2017' on page 5 undefined on input line 521.


LaTeX Warning: Citation `AbdeddaimVS2018' on page 5 undefined on input line 521
.

[5]

LaTeX Warning: Citation `ChiuPVK2018' on page 6 undefined on input line 534.


LaTeX Warning: Reference `tab:newDatasets_auc_negL' on page 6 undefined on inpu
t line 541.


LaTeX Warning: Reference `tab:newDatasets_auc_negR' on page 6 undefined on inpu
t line 541.


LaTeX Warning: Reference `tab:significance_snomedDatasets_methods1' on page 6 u
ndefined on input line 544.


LaTeX Warning: Reference `tab:significance_snomedDatasets_methods5' on page 6 u
ndefined on input line 544.


LaTeX Warning: Reference `tab:significance_newDatasets_subset_negR' on page 6 u
ndefined on input line 552.


LaTeX Warning: Reference `tab:newDatasets_auc_negR' on page 6 undefined on inpu
t line 552.


Underfull \vbox (badness 3058) has occurred while \output is active []

 [6]

LaTeX Warning: Reference `tab:newDatasets_auc_negL' on page 7 undefined on inpu
t line 559.


LaTeX Warning: Citation `DBLP:journals/corr/abs-1803-04488' on page 7 undefined
 on input line 585.


LaTeX Warning: Citation `DBLP:journals/corr/abs-1803-04488' on page 7 undefined
 on input line 585.


LaTeX Warning: Reference `tab:categorisation_evaluation_withSimScores' on page 
7 undefined on input line 588.


LaTeX Warning: Citation `ZhelezniakEtAl2019-fuzzyJaccard' on page 7 undefined o
n input line 623.


Underfull \hbox (badness 2726) in paragraph at lines 632--632
[]\OT1/ptm/m/n/10 Hic volup-tatem ni-hil culpa nulla tem-pora, tem-pora
 []

[7] [8

]
No file conceptSimilarity_arxiv_changed.bbl.
(conceptSimilarity_arxiv_changed.aux)
 ***********
LaTeX2e <2023-06-01> patch level 1
L3 programming layer <2023-08-29>
 ***********


 *File List*
 article.cls    2023/05/17 v1.4n Standard LaTeX document class
  size10.clo    2023/05/17 v1.4n Standard LaTeX file (size option)
  aaai20.sty    
   times.sty    2020/03/25 PSNFSS-v9.3 (SPQR) 
  helvet.sty    2020/03/25 PSNFSS-v9.3 (WaS) 
  keyval.sty    2022/05/29 v1.15 key=value parser (DPC)
 courier.sty    2020/03/25 PSNFSS-v9.3 (WaS) 
     url.sty    2013/09/16  ver 3.4  Verb mode for urls, etc.
graphicx.sty    2021/09/16 v1.2d Enhanced LaTeX Graphics (DPC,SPQR)
graphics.sty    2022/03/10 v1.4e Standard LaTeX Graphics (DPC,SPQR)
    trig.sty    2021/08/11 v1.11 sin cos tan (DPC)
graphics.cfg    2016/06/04 v1.11 sample graphics configuration
  pdftex.def    2022/09/22 v1.2b Graphics/color driver for pdftex
booktabs.sty    2020/01/12 v1.61803398 Publication quality tables
multirow.sty    2021/03/15 v2.8 Span multiple rows of a table
adjustbox.sty    2022/10/17 v1.3a Adjusting TeX boxes (trim, clip, ...)
 xkeyval.sty    2022/06/16 v2.9 package option processing (HA)
 xkeyval.tex    2014/12/03 v2.7a key=value parser (HA)
 adjcalc.sty    2012/05/16 v1.1 Provides advanced setlength with multiple back-
ends (calc, etex, pgfmath)
trimclip.sty    2020/08/19 v1.2 Trim and clip general TeX material
collectbox.sty    2022/10/17 v0.4c Collect macro arguments as boxes
tc-pdftex.def    2019/01/04 v2.2 Clipping driver for pdftex
ifoddpage.sty    2022/10/18 v1.2 Conditionals for odd/even page detection
varwidth.sty    2009/03/30 ver 0.92;  Variable-width minipages
rotating.sty    2016/08/11 v2.16d rotated objects in LaTeX
  ifthen.sty    2022/04/13 v1.1d Standard LaTeX ifthen package (DPC)
    tikz.sty    2023-01-15 v3.1.10 (3.1.10)
     pgf.sty    2023-01-15 v3.1.10 (3.1.10)
  pgfrcs.sty    2023-01-15 v3.1.10 (3.1.10)
pgfrcs.code.tex
 pgfcore.sty    2023-01-15 v3.1.10 (3.1.10)
  pgfsys.sty    2023-01-15 v3.1.10 (3.1.10)
pgfsys.code.tex
pgfsyssoftpath.code.tex    2023-01-15 v3.1.10 (3.1.10)
pgfsysprotocol.code.tex    2023-01-15 v3.1.10 (3.1.10)
  xcolor.sty    2022/06/12 v2.14 LaTeX color extensions (UK)
   color.cfg    2016/01/02 v1.6 sample color configuration
mathcolor.ltx
pgfcore.code.tex
pgfcomp-version-0-65.sty    2023-01-15 v3.1.10 (3.1.10)
pgfcomp-version-1-18.sty    2023-01-15 v3.1.10 (3.1.10)
  pgffor.sty    2023-01-15 v3.1.10 (3.1.10)
 pgfkeys.sty    
pgfkeys.code.tex
 pgfmath.sty    
pgfmath.code.tex
pgffor.code.tex
tikz.code.tex
pgfplots.sty    2021/05/15 v1.18.1 Data Visualization (1.18.1)
chngcntr.sty    2018/04/09 v1.1a change counter resetting
refcount.sty    2019/12/15 v3.6 Data extraction from label references (HO)
 ltxcmds.sty    2020-05-10 v1.25 LaTeX kernel commands for general use (HO)
infwarerr.sty    2019/12/03 v1.5 Providing info/warning/error messages (HO)
footnote.sty    1997/01/28 1.13 Save footnotes around boxes
  ot1ptm.fd    2001/06/04 font definitions for OT1/ptm.
l3backend-pdftex.def    2023-04-19 L3 backend support: PDF output (pdfTeX)
supp-pdf.mkii
epstopdf-base.sty    2020-01-24 v2.11 Base part for package epstopdf
epstopdf-sys.cfg    2021/03/18 v2.0 Configuration of epstopdf for MiKTeX
  ts1ptm.fd    2001/06/04 font definitions for TS1/ptm.
  omsptm.fd    
 ***********


LaTeX Warning: There were undefined references.

 ) 
Here is how much of TeX's memory you used:
 23755 strings out of 475247
 625956 string characters out of 5757792
 1975801 words of memory out of 5000000
 44853 multiletter control sequences out of 15000+600000
 588887 words of font info for 85 fonts, out of 8000000 for 9000
 1141 hyphenation exceptions out of 8191
 84i,12n,89p,750b,609s stack positions out of 10000i,1000n,20000p,200000b,200000s
<C:/Users/orfuc/AppData/Local/Programs/MiKTeX/fonts/type1/public/amsfonts/cm/
cmbx5.pfb><C:/Users/orfuc/AppData/Local/Programs/MiKTeX/fonts/type1/public/amsf
onts/cm/cmbx6.pfb><C:/Users/orfuc/AppData/Local/Programs/MiKTeX/fonts/type1/pub
lic/amsfonts/cm/cmbx7.pfb><C:/Users/orfuc/AppData/Local/Programs/MiKTeX/fonts/t
ype1/public/amsfonts/cm/cmbx9.pfb><C:/Users/orfuc/AppData/Local/Programs/MiKTeX
/fonts/type1/public/amsfonts/cm/cmex10.pfb><C:/Users/orfuc/AppData/Local/Progra
ms/MiKTeX/fonts/type1/public/amsfonts/cm/cmmi10.pfb><C:/Users/orfuc/AppData/Loc
al/Programs/MiKTeX/fonts/type1/public/amsfonts/cm/cmmi5.pfb><C:/Users/orfuc/App
Data/Local/Programs/MiKTeX/fonts/type1/public/amsfonts/cm/cmmi6.pfb><C:/Users/o
rfuc/AppData/Local/Programs/MiKTeX/fonts/type1/public/amsfonts/cm/cmmi7.pfb><C:
/Users/orfuc/AppData/Local/Programs/MiKTeX/fonts/type1/public/amsfonts/cm/cmmi9
.pfb><C:/Users/orfuc/AppData/Local/Programs/MiKTeX/fonts/type1/public/amsfonts/
cm/cmr10.pfb><C:/Users/orfuc/AppData/Local/Programs/MiKTeX/fonts/type1/public/a
msfonts/cm/cmr5.pfb><C:/Users/orfuc/AppData/Local/Programs/MiKTeX/fonts/type1/p
ublic/amsfonts/cm/cmr6.pfb><C:/Users/orfuc/AppData/Local/Programs/MiKTeX/fonts/
type1/public/amsfonts/cm/cmr7.pfb><C:/Users/orfuc/AppData/Local/Programs/MiKTeX
/fonts/type1/public/amsfonts/cm/cmr9.pfb><C:/Users/orfuc/AppData/Local/Programs
/MiKTeX/fonts/type1/public/amsfonts/cm/cmsy10.pfb><C:/Users/orfuc/AppData/Local
/Programs/MiKTeX/fonts/type1/public/amsfonts/cm/cmsy5.pfb><C:/Users/orfuc/AppDa
ta/Local/Programs/MiKTeX/fonts/type1/public/amsfonts/cm/cmsy6.pfb><C:/Users/orf
uc/AppData/Local/Programs/MiKTeX/fonts/type1/public/amsfonts/cm/cmsy7.pfb><C:/U
sers/orfuc/AppData/Local/Programs/MiKTeX/fonts/type1/public/amsfonts/cm/cmsy9.p
fb><C:/Users/orfuc/AppData/Local/Programs/MiKTeX/fonts/type1/urw/times/utmb8a.p
fb><C:/Users/orfuc/AppData/Local/Programs/MiKTeX/fonts/type1/urw/times/utmr8a.p
fb><C:/Users/orfuc/AppData/Local/Programs/MiKTeX/fonts/type1/urw/times/utmri8a.
pfb>
Output written on conceptSimilarity_arxiv_changed.pdf (8 pages, 294177 bytes).
PDF statistics:
 148 PDF objects out of 1000 (max. 8388607)
 0 named destinations out of 1000 (max. 500000)
 13 words of extra memory for PDF output out of 10000 (max. 10000000)

