This is pdfTeX, Version 3.141592653-2.6-1.40.25 (MiKTeX 23.5) (preloaded format=pdflatex 2024.1.12)  27 FEB 2024 20:16
entering extended mode
 restricted \write18 enabled.
 %&-line parsing enabled.
**./after_operator5.tex
(after_operator5.tex
LaTeX2e <2023-06-01> patch level 1
L3 programming layer <2023-08-29>
(C:\Users\orfuc\AppData\Local\Programs\MiKTeX\tex/latex/base\article.cls
Document Class: article 2023/05/17 v1.4n Standard LaTeX document class
(C:\Users\orfuc\AppData\Local\Programs\MiKTeX\tex/latex/base\size10.clo
File: size10.clo 2023/05/17 v1.4n Standard LaTeX file (size option)
)
\c@part=\count185
\c@section=\count186
\c@subsection=\count187
\c@subsubsection=\count188
\c@paragraph=\count189
\c@subparagraph=\count190
\c@figure=\count191
\c@table=\count192
\abovecaptionskip=\skip48
\belowcaptionskip=\skip49
\bibindent=\dimen140
)
(C:\Users\orfuc\AppData\Local\Programs\MiKTeX\tex/latex/adjustbox\adjustbox.sty
Package: adjustbox 2022/10/17 v1.3a Adjusting TeX boxes (trim, clip, ...)
(C:\Users\orfuc\AppData\Local\Programs\MiKTeX\tex/latex/xkeyval\xkeyval.sty
Package: xkeyval 2022/06/16 v2.9 package option processing (HA)

(C:\Users\orfuc\AppData\Local\Programs\MiKTeX\tex/generic/xkeyval\xkeyval.tex
(C:\Users\orfuc\AppData\Local\Programs\MiKTeX\tex/generic/xkeyval\xkvutils.tex
\XKV@toks=\toks17
\XKV@tempa@toks=\toks18

(C:\Users\orfuc\AppData\Local\Programs\MiKTeX\tex/generic/xkeyval\keyval.tex))
\XKV@depth=\count193
File: xkeyval.tex 2014/12/03 v2.7a key=value parser (HA)
)) (C:\Users\orfuc\AppData\Local\Programs\MiKTeX\tex/latex/adjustbox\adjcalc.st
y
Package: adjcalc 2012/05/16 v1.1 Provides advanced setlength with multiple back
-ends (calc, etex, pgfmath)
)
(C:\Users\orfuc\AppData\Local\Programs\MiKTeX\tex/latex/adjustbox\trimclip.sty
Package: trimclip 2020/08/19 v1.2 Trim and clip general TeX material

(C:\Users\orfuc\AppData\Local\Programs\MiKTeX\tex/latex/graphics\graphicx.sty
Package: graphicx 2021/09/16 v1.2d Enhanced LaTeX Graphics (DPC,SPQR)

(C:\Users\orfuc\AppData\Local\Programs\MiKTeX\tex/latex/graphics\graphics.sty
Package: graphics 2022/03/10 v1.4e Standard LaTeX Graphics (DPC,SPQR)

(C:\Users\orfuc\AppData\Local\Programs\MiKTeX\tex/latex/graphics\trig.sty
Package: trig 2021/08/11 v1.11 sin cos tan (DPC)
)
(C:\Users\orfuc\AppData\Local\Programs\MiKTeX\tex/latex/graphics-cfg\graphics.c
fg
File: graphics.cfg 2016/06/04 v1.11 sample graphics configuration
)
Package graphics Info: Driver file: pdftex.def on input line 107.

(C:\Users\orfuc\AppData\Local\Programs\MiKTeX\tex/latex/graphics-def\pdftex.def
File: pdftex.def 2022/09/22 v1.2b Graphics/color driver for pdftex
))
\Gin@req@height=\dimen141
\Gin@req@width=\dimen142
)
(C:\Users\orfuc\AppData\Local\Programs\MiKTeX\tex/latex/collectbox\collectbox.s
ty
Package: collectbox 2022/10/17 v0.4c Collect macro arguments as boxes
\collectedbox=\box51
)
\tc@llx=\dimen143
\tc@lly=\dimen144
\tc@urx=\dimen145
\tc@ury=\dimen146
Package trimclip Info: Using driver 'tc-pdftex.def'.

(C:\Users\orfuc\AppData\Local\Programs\MiKTeX\tex/latex/adjustbox\tc-pdftex.def
File: tc-pdftex.def 2019/01/04 v2.2 Clipping driver for pdftex
))
\adjbox@Width=\dimen147
\adjbox@Height=\dimen148
\adjbox@Depth=\dimen149
\adjbox@Totalheight=\dimen150
\adjbox@pwidth=\dimen151
\adjbox@pheight=\dimen152
\adjbox@pdepth=\dimen153
\adjbox@ptotalheight=\dimen154

(C:\Users\orfuc\AppData\Local\Programs\MiKTeX\tex/latex/ifoddpage\ifoddpage.sty
Package: ifoddpage 2022/10/18 v1.2 Conditionals for odd/even page detection
\c@checkoddpage=\count194
) (C:\Users\orfuc\AppData\Local\Programs\MiKTeX\tex/latex/varwidth\varwidth.sty
Package: varwidth 2009/03/30 ver 0.92;  Variable-width minipages
\@vwid@box=\box52
\sift@deathcycles=\count195
\@vwid@loff=\dimen155
\@vwid@roff=\dimen156
)) (aaai24.sty
Package: aaai24 2023/06/26 AAAI 2024 Submission format

Conference Style for AAAI for LaTeX 2e -- version for submission
\titlebox=\skip50
) (C:\Users\orfuc\AppData\Local\Programs\MiKTeX\tex/latex/psnfss\times.sty
Package: times 2020/03/25 PSNFSS-v9.3 (SPQR) 
)
(C:\Users\orfuc\AppData\Local\Programs\MiKTeX\tex/latex/psnfss\helvet.sty
Package: helvet 2020/03/25 PSNFSS-v9.3 (WaS) 
)
(C:\Users\orfuc\AppData\Local\Programs\MiKTeX\tex/latex/psnfss\courier.sty
Package: courier 2020/03/25 PSNFSS-v9.3 (WaS) 
)
(C:\Users\orfuc\AppData\Local\Programs\MiKTeX\tex/latex/url\url.sty
\Urlmuskip=\muskip16
Package: url 2013/09/16  ver 3.4  Verb mode for urls, etc.
)
(C:\Users\orfuc\AppData\Local\Programs\MiKTeX\tex/latex/natbib\natbib.sty
Package: natbib 2010/09/13 8.31b (PWD, AO)
\bibhang=\skip51
\bibsep=\skip52
LaTeX Info: Redefining \cite on input line 694.
\c@NAT@ctr=\count196
)
(C:\Users\orfuc\AppData\Local\Programs\MiKTeX\tex/latex/caption\caption.sty
Package: caption 2023/07/31 v3.6n Customizing captions (AR)

(C:\Users\orfuc\AppData\Local\Programs\MiKTeX\tex/latex/caption\caption3.sty
Package: caption3 2023/07/31 v2.4d caption3 kernel (AR)
\caption@tempdima=\dimen157
\captionmargin=\dimen158
\caption@leftmargin=\dimen159
\caption@rightmargin=\dimen160
\caption@width=\dimen161
\caption@indent=\dimen162
\caption@parindent=\dimen163
\caption@hangindent=\dimen164
Package caption Info: Standard document class detected.
)
\c@caption@flags=\count197
\c@continuedfloat=\count198
)
(C:\Users\orfuc\AppData\Local\Programs\MiKTeX\tex/latex/algorithms\algorithm.st
y
Package: algorithm 2009/08/24 v0.1 Document Style `algorithm' - floating enviro
nment
 (C:\Users\orfuc\AppData\Local\Programs\MiKTeX\tex/latex/float\float.sty
Package: float 2001/11/08 v1.3d Float enhancements (AL)
\c@float@type=\count199
\float@exts=\toks19
\float@box=\box53
\@float@everytoks=\toks20
\@floatcapt=\box54
)
(C:\Users\orfuc\AppData\Local\Programs\MiKTeX\tex/latex/base\ifthen.sty
Package: ifthen 2022/04/13 v1.1d Standard LaTeX ifthen package (DPC)
)
\@float@every@algorithm=\toks21
\c@algorithm=\count266
)
(C:\Users\orfuc\AppData\Local\Programs\MiKTeX\tex/latex/algorithms\algorithmic.
sty
Package: algorithmic 2009/08/24 v0.1 Document Style `algorithmic'
\c@ALC@unique=\count267
\c@ALC@line=\count268
\c@ALC@rem=\count269
\c@ALC@depth=\count270
\ALC@tlm=\skip53
\algorithmicindent=\skip54
)
(C:\Users\orfuc\AppData\Local\Programs\MiKTeX\tex/latex/makecell\makecell.sty
Package: makecell 2009/08/03 V0.1e Managing of Tab Column Heads and Cells

(C:\Users\orfuc\AppData\Local\Programs\MiKTeX\tex/latex/tools\array.sty
Package: array 2022/09/04 v2.5g Tabular extension package (FMi)
\col@sep=\dimen165
\ar@mcellbox=\box55
\extrarowheight=\dimen166
\NC@list=\toks22
\extratabsurround=\skip55
\backup@length=\skip56
\ar@cellbox=\box56
)
\rotheadsize=\dimen167
\c@nlinenum=\count271
\TeXr@lab=\toks23
)
(C:\Users\orfuc\AppData\Local\Programs\MiKTeX\tex/latex/newfloat\newfloat.sty
Package: newfloat 2019/09/02 v1.1l Defining new floating environments (AR)
)
(C:\Users\orfuc\AppData\Local\Programs\MiKTeX\tex/latex/listings\listings.sty
\lst@mode=\count272
\lst@gtempboxa=\box57
\lst@token=\toks24
\lst@length=\count273
\lst@currlwidth=\dimen168
\lst@column=\count274
\lst@pos=\count275
\lst@lostspace=\dimen169
\lst@width=\dimen170
\lst@newlines=\count276
\lst@lineno=\count277
\lst@maxwidth=\dimen171

(C:\Users\orfuc\AppData\Local\Programs\MiKTeX\tex/latex/listings\lstmisc.sty
File: lstmisc.sty 2023/02/27 1.9 (Carsten Heinz)
\c@lstnumber=\count278
\lst@skipnumbers=\count279
\lst@framebox=\box58
)
(C:\Users\orfuc\AppData\Local\Programs\MiKTeX\tex/latex/listings\listings.cfg
File: listings.cfg 2023/02/27 1.9 listings configuration
))
Package: listings 2023/02/27 1.9 (Carsten Heinz)
\@float@every@listing=\toks25
\c@listing=\count280
(C:\Users\orfuc\AppData\Local\Programs\MiKTeX\tex/latex/booktabs\booktabs.sty
Package: booktabs 2020/01/12 v1.61803398 Publication quality tables
\heavyrulewidth=\dimen172
\lightrulewidth=\dimen173
\cmidrulewidth=\dimen174
\belowrulesep=\dimen175
\belowbottomsep=\dimen176
\aboverulesep=\dimen177
\abovetopsep=\dimen178
\cmidrulesep=\dimen179
\cmidrulekern=\dimen180
\defaultaddspace=\dimen181
\@cmidla=\count281
\@cmidlb=\count282
\@aboverulesep=\dimen182
\@belowrulesep=\dimen183
\@thisruleclass=\count283
\@lastruleclass=\count284
\@thisrulewidth=\dimen184
)
(C:\Users\orfuc\AppData\Local\Programs\MiKTeX\tex/latex/arydshln\arydshln.sty
Package: arydshln 2019/02/21 v1.76 
\dashlinedash=\dimen185
\dashlinegap=\dimen186
\adl@box=\box59
\adl@height=\dimen187
\adl@heightsave=\dimen188
\adl@depth=\dimen189
\adl@depthsave=\dimen190
\adl@finaldepth=\dimen191
\adl@columns=\count285
\adl@ncol=\count286
\adl@currentcolumn=\count287
\adl@currentcolumnsave=\count288
\adl@totalheight=\count289
\adl@totalheightsave=\count290
\adl@dash=\count291
\adl@gap=\count292
\adl@cla=\count293
\adl@clb=\count294
\adl@everyvbox=\toks26
\adl@LTpagetotal=\dimen192
)
(C:\Users\orfuc\AppData\Local\Programs\MiKTeX\tex/latex/bbding\bbding.sty
Package: bbding 1999/04/15 v1.01 Dingbats symbols
)
(C:\Users\orfuc\AppData\Local\Programs\MiKTeX\tex/latex/multirow\multirow.sty
Package: multirow 2021/03/15 v2.8 Span multiple rows of a table
\multirow@colwidth=\skip57
\multirow@cntb=\count295
\multirow@dima=\skip58
\bigstrutjot=\dimen193
)
(C:\Users\orfuc\AppData\Local\Programs\MiKTeX\tex/latex/psnfss\pifont.sty
Package: pifont 2020/03/25 PSNFSS-v9.3 Pi font support (SPQR) 
LaTeX Font Info:    Trying to load font information for U+pzd on input line 63.


(C:\Users\orfuc\AppData\Local\Programs\MiKTeX\tex/latex/psnfss\upzd.fd
File: upzd.fd 2001/06/04 font definitions for U/pzd.
)
LaTeX Font Info:    Trying to load font information for U+psy on input line 64.


(C:\Users\orfuc\AppData\Local\Programs\MiKTeX\tex/latex/psnfss\upsy.fd
File: upsy.fd 2001/06/04 font definitions for U/psy.
))
(C:\Users\orfuc\AppData\Local\Programs\MiKTeX\tex/latex/amsmath\amsmath.sty
Package: amsmath 2023/05/13 v2.17o AMS math features
\@mathmargin=\skip59

For additional information on amsmath, use the `?' option.
(C:\Users\orfuc\AppData\Local\Programs\MiKTeX\tex/latex/amsmath\amstext.sty
Package: amstext 2021/08/26 v2.01 AMS text

(C:\Users\orfuc\AppData\Local\Programs\MiKTeX\tex/latex/amsmath\amsgen.sty
File: amsgen.sty 1999/11/30 v2.0 generic functions
\@emptytoks=\toks27
\ex@=\dimen194
))
(C:\Users\orfuc\AppData\Local\Programs\MiKTeX\tex/latex/amsmath\amsbsy.sty
Package: amsbsy 1999/11/29 v1.2d Bold Symbols
\pmbraise@=\dimen195
)
(C:\Users\orfuc\AppData\Local\Programs\MiKTeX\tex/latex/amsmath\amsopn.sty
Package: amsopn 2022/04/08 v2.04 operator names
)
\inf@bad=\count296
LaTeX Info: Redefining \frac on input line 234.
\uproot@=\count297
\leftroot@=\count298
LaTeX Info: Redefining \overline on input line 399.
LaTeX Info: Redefining \colon on input line 410.
\classnum@=\count299
\DOTSCASE@=\count300
LaTeX Info: Redefining \ldots on input line 496.
LaTeX Info: Redefining \dots on input line 499.
LaTeX Info: Redefining \cdots on input line 620.
\Mathstrutbox@=\box60
\strutbox@=\box61
LaTeX Info: Redefining \big on input line 722.
LaTeX Info: Redefining \Big on input line 723.
LaTeX Info: Redefining \bigg on input line 724.
LaTeX Info: Redefining \Bigg on input line 725.
\big@size=\dimen196
LaTeX Font Info:    Redeclaring font encoding OML on input line 743.
LaTeX Font Info:    Redeclaring font encoding OMS on input line 744.
\macc@depth=\count301
LaTeX Info: Redefining \bmod on input line 905.
LaTeX Info: Redefining \pmod on input line 910.
LaTeX Info: Redefining \smash on input line 940.
LaTeX Info: Redefining \relbar on input line 970.
LaTeX Info: Redefining \Relbar on input line 971.
\c@MaxMatrixCols=\count302
\dotsspace@=\muskip17
\c@parentequation=\count303
\dspbrk@lvl=\count304
\tag@help=\toks28
\row@=\count305
\column@=\count306
\maxfields@=\count307
\andhelp@=\toks29
\eqnshift@=\dimen197
\alignsep@=\dimen198
\tagshift@=\dimen199
\tagwidth@=\dimen256
\totwidth@=\dimen257
\lineht@=\dimen258
\@envbody=\toks30
\multlinegap=\skip60
\multlinetaggap=\skip61
\mathdisplay@stack=\toks31
LaTeX Info: Redefining \[ on input line 2953.
LaTeX Info: Redefining \] on input line 2954.
)
(C:\Users\orfuc\AppData\Local\Programs\MiKTeX\tex/latex/amsfonts\amsfonts.sty
Package: amsfonts 2013/01/14 v3.01 Basic AMSFonts support
\symAMSa=\mathgroup4
\symAMSb=\mathgroup5
LaTeX Font Info:    Redeclaring math symbol \hbar on input line 98.
LaTeX Font Info:    Overwriting math alphabet `\mathfrak' in version `bold'
(Font)                  U/euf/m/n --> U/euf/b/n on input line 106.
)
LaTeX Font Info:    Trying to load font information for OT1+ptm on input line 6
7.

(C:\Users\orfuc\AppData\Local\Programs\MiKTeX\tex/latex/psnfss\ot1ptm.fd
File: ot1ptm.fd 2001/06/04 font definitions for OT1/ptm.
)
(C:\Users\orfuc\AppData\Local\Programs\MiKTeX\tex/latex/l3backend\l3backend-pdf
tex.def
File: l3backend-pdftex.def 2023-04-19 L3 backend support: PDF output (pdfTeX)
\l__color_backend_stack_int=\count308
\l__pdf_internal_box=\box62
) (after_operator5.aux)
\openout1 = `after_operator5.aux'.

LaTeX Font Info:    Checking defaults for OML/cmm/m/it on input line 67.
LaTeX Font Info:    ... okay on input line 67.
LaTeX Font Info:    Checking defaults for OMS/cmsy/m/n on input line 67.
LaTeX Font Info:    ... okay on input line 67.
LaTeX Font Info:    Checking defaults for OT1/cmr/m/n on input line 67.
LaTeX Font Info:    ... okay on input line 67.
LaTeX Font Info:    Checking defaults for T1/cmr/m/n on input line 67.
LaTeX Font Info:    ... okay on input line 67.
LaTeX Font Info:    Checking defaults for TS1/cmr/m/n on input line 67.
LaTeX Font Info:    ... okay on input line 67.
LaTeX Font Info:    Checking defaults for OMX/cmex/m/n on input line 67.
LaTeX Font Info:    ... okay on input line 67.
LaTeX Font Info:    Checking defaults for U/cmr/m/n on input line 67.
LaTeX Font Info:    ... okay on input line 67.

(C:\Users\orfuc\AppData\Local\Programs\MiKTeX\tex/context/base/mkii\supp-pdf.mk
ii
[Loading MPS to PDF converter (version 2006.09.02).]
\scratchcounter=\count309
\scratchdimen=\dimen259
\scratchbox=\box63
\nofMPsegments=\count310
\nofMParguments=\count311
\everyMPshowfont=\toks32
\MPscratchCnt=\count312
\MPscratchDim=\dimen260
\MPnumerator=\count313
\makeMPintoPDFobject=\count314
\everyMPtoPDFconversion=\toks33
)
(C:\Users\orfuc\AppData\Local\Programs\MiKTeX\tex/latex/epstopdf-pkg\epstopdf-b
ase.sty
Package: epstopdf-base 2020-01-24 v2.11 Base part for package epstopdf
Package epstopdf-base Info: Redefining graphics rule for `.eps' on input line 4
85.

(C:\Users\orfuc\AppData\Local\Programs\MiKTeX\tex/latex/00miktex\epstopdf-sys.c
fg
File: epstopdf-sys.cfg 2021/03/18 v2.0 Configuration of epstopdf for MiKTeX
))
Package caption Info: Begin \AtBeginDocument code.
Package caption Info: float package is loaded.
Package caption Info: listings package is loaded.
Package caption Info: End \AtBeginDocument code.
Package newfloat Info: `float' package detected.
\c@lstlisting=\count315
\c@eqfn=\count316
\titlearea=\box64
LaTeX Font Info:    Trying to load font information for U+msa on input line 69.

 (C:\Users\orfuc\AppData\Local\Programs\MiKTeX\tex/latex/amsfonts\umsa.fd
File: umsa.fd 2013/01/14 v3.01 AMS symbols A
)
LaTeX Font Info:    Trying to load font information for U+msb on input line 69.


(C:\Users\orfuc\AppData\Local\Programs\MiKTeX\tex/latex/amsfonts\umsb.fd
File: umsb.fd 2013/01/14 v3.01 AMS symbols B
)
LaTeX Font Info:    Trying to load font information for TS1+ptm on input line 6
9.

(C:\Users\orfuc\AppData\Local\Programs\MiKTeX\tex/latex/psnfss\ts1ptm.fd
File: ts1ptm.fd 2001/06/04 font definitions for TS1/ptm.
)
LaTeX Font Info:    Trying to load font information for OMS+ptm on input line 6
9.

(C:\Users\orfuc\AppData\Local\Programs\MiKTeX\tex/latex/psnfss\omsptm.fd
File: omsptm.fd 
)
LaTeX Font Info:    Font shape `OMS/ptm/m/n' in size <10> not available
(Font)              Font shape `OMS/cmsy/m/n' tried instead on input line 69.
\actualheight=\skip62
<images/intro_pic.jpg, id=1, 602.1675pt x 454.905pt>
File: images/intro_pic.jpg Graphic file (type jpg)
<use images/intro_pic.jpg>
Package pdftex.def Info: images/intro_pic.jpg  used on input line 80.
(pdftex.def)             Requested size: 183.13676pt x 138.3467pt.


Package natbib Warning: Citation `dgcnn' on page 1 undefined on input line 88.


Package natbib Warning: Citation `wang2019graphattenconv' on page 1 undefined o
n input line 88.


Package natbib Warning: Citation `dgcnn' on page 1 undefined on input line 88.


Package natbib Warning: Citation `wang2019graphattenconv' on page 1 undefined o
n input line 88.


LaTeX Warning: `!h' float specifier changed to `!ht'.


Package natbib Warning: Citation `shi2020pointgnn' on page 1 undefined on input
 line 97.


Package natbib Warning: Citation `de2023iterativepfn' on page 1 undefined on in
put line 97.


Package natbib Warning: Citation `zhang2020pointfilter' on page 1 undefined on 
input line 97.


Package natbib Warning: Citation `defferrard2016convolutional' on page 1 undefi
ned on input line 100.


Package natbib Warning: Citation `chung1997spectral' on page 1 undefined on inp
ut line 100.


Package natbib Warning: Citation `qi20173d' on page 1 undefined on input line 1
01.


Package natbib Warning: Citation `landrieu2018large' on page 1 undefined on inp
ut line 101.


Package natbib Warning: Citation `bi2019graph' on page 1 undefined on input lin
e 101.


Package natbib Warning: Citation `yi2023graph' on page 1 undefined on input lin
e 101.


Package natbib Warning: Citation `dgcnn' on page 1 undefined on input line 102.



Package natbib Warning: Citation `wang2019graphattenconv' on page 1 undefined o
n input line 104.

[1{C:/Users/orfuc/AppData/Local/MiKTeX/fonts/map/pdftex/pdftex.map}{C:/Users/or
fuc/AppData/Local/Programs/MiKTeX/fonts/enc/dvips/base/8r.enc}



 <./images/intro_pic.jpg>]
Underfull \hbox (badness 1642) in paragraph at lines 115--123
\OT1/ptm/m/n/10 de-sign the Dy-namic Hop Graph Con-vo-lu-tion Net-work
 []


Underfull \hbox (badness 1043) in paragraph at lines 129--131
\OT1/ptm/m/n/10 Ex-ten-sive ex-per-i-ments show that our self-supervised
 []


Package natbib Warning: Citation `qi2017pointnet' on page 2 undefined on input 
line 136.


Package natbib Warning: Citation `pointnet++' on page 2 undefined on input line
 137.


Package natbib Warning: Citation `wu2021self' on page 2 undefined on input line
 141.


Package natbib Warning: Citation `xie2020pointcontrast' on page 2 undefined on 
input line 142.


Package natbib Warning: Citation `chen20214dcontrast' on page 2 undefined on in
put line 142.


Package natbib Warning: Citation `gao2020graphter' on page 2 undefined on input
 line 142.


Package natbib Warning: Citation `afham2022crosspoint' on page 2 undefined on i
nput line 143.


Package natbib Warning: Citation `yang2018foldingnet' on page 2 undefined on in
put line 144.


Package natbib Warning: Citation `yu2022point' on page 2 undefined on input lin
e 144.


Package natbib Warning: Citation `pang2022masked' on page 2 undefined on input 
line 144.


Package natbib Warning: Citation `wang2021unsupervised' on page 2 undefined on 
input line 145.


Package natbib Warning: Citation `defferrard2016convolutional' on page 2 undefi
ned on input line 149.


Package natbib Warning: Citation `defferrard2016convolutional' on page 2 undefi
ned on input line 149.


Package natbib Warning: Citation `kipf2016semi' on page 2 undefined on input li
ne 149.


Package natbib Warning: Citation `dgcnn' on page 2 undefined on input line 150.



Package natbib Warning: Citation `3dgcn' on page 2 undefined on input line 151.



Package natbib Warning: Citation `adaptconv' on page 2 undefined on input line 
152.


Package natbib Warning: Citation `deepgcns' on page 2 undefined on input line 1
53.

<images/hop_overview.jpg, id=11, 1926.35686pt x 649.7073pt>
File: images/hop_overview.jpg Graphic file (type jpg)
<use images/hop_overview.jpg>
Package pdftex.def Info: images/hop_overview.jpg  used on input line 161.
(pdftex.def)             Requested size: 505.89pt x 170.61516pt.

Package natbib Warning: Citation `pointmlp' on page 2 undefined on input line 1
79.


Package natbib Warning: Citation `vaswani2017attention' on page 2 undefined on 
input line 180.


Package natbib Warning: Citation `gat' on page 2 undefined on input line 181.


Package natbib Warning: Citation `wang2019graphattenconv' on page 2 undefined o
n input line 181.


Package natbib Warning: Citation `guo2021pct' on page 2 undefined on input line
 182.

[2]

Package natbib Warning: Citation `qi2017pointnet' on page 3 undefined on input 
line 211.


Package natbib Warning: Citation `dgcnn' on page 3 undefined on input line 211.



Package natbib Warning: Citation `adaptconv' on page 3 undefined on input line 
211.


Underfull \vbox (badness 1728) has occurred while \output is active []



Package natbib Warning: Citation `dgcnn' on page 3 undefined on input line 230.



Package natbib Warning: Citation `dgcnn' on page 3 undefined on input line 235.



Package natbib Warning: Citation `adaptconv' on page 3 undefined on input line 
236.

[3 <./images/hop_overview.jpg>]
<images/hop_distance.jpg, id=24, 1110.0672pt x 704.6325pt>
File: images/hop_distance.jpg Graphic file (type jpg)
<use images/hop_distance.jpg>
Package pdftex.def Info: images/hop_distance.jpg  used on input line 266.
(pdftex.def)             Requested size: 239.39438pt x 151.95537pt.
<images/atten_pic/airplane_attention_1.png, id=25, 120.45pt x 108.405pt>
File: images/atten_pic/airplane_attention_1.png Graphic file (type png)
<use images/atten_pic/airplane_attention_1.png>
Package pdftex.def Info: images/atten_pic/airplane_attention_1.png  used on inp
ut line 318.
(pdftex.def)             Requested size: 48.56364pt x 43.70694pt.
<images/atten_pic/airplane_attention_2.png, id=27, 120.45pt x 108.405pt>
File: images/atten_pic/airplane_attention_2.png Graphic file (type png)
<use images/atten_pic/airplane_attention_2.png>
Package pdftex.def Info: images/atten_pic/airplane_attention_2.png  used on inp
ut line 323.
(pdftex.def)             Requested size: 48.56364pt x 43.70694pt.
<images/atten_pic/airplane_attention_3.png, id=28, 120.45pt x 108.405pt>
File: images/atten_pic/airplane_attention_3.png Graphic file (type png)
<use images/atten_pic/airplane_attention_3.png>
Package pdftex.def Info: images/atten_pic/airplane_attention_3.png  used on inp
ut line 328.
(pdftex.def)             Requested size: 48.56364pt x 43.70694pt.
<images/atten_pic/chair_attention_1.png, id=29, 120.45pt x 108.405pt>
File: images/atten_pic/chair_attention_1.png Graphic file (type png)
<use images/atten_pic/chair_attention_1.png>
Package pdftex.def Info: images/atten_pic/chair_attention_1.png  used on input 
line 333.
(pdftex.def)             Requested size: 48.56364pt x 43.70694pt.
<images/atten_pic/chair_attention_2.png, id=30, 120.45pt x 108.405pt>
File: images/atten_pic/chair_attention_2.png Graphic file (type png)
<use images/atten_pic/chair_attention_2.png>
Package pdftex.def Info: images/atten_pic/chair_attention_2.png  used on input 
line 338.
(pdftex.def)             Requested size: 48.56364pt x 43.70694pt.
<images/atten_pic/chair_attention_3.png, id=31, 120.45pt x 108.405pt>
File: images/atten_pic/chair_attention_3.png Graphic file (type png)
<use images/atten_pic/chair_attention_3.png>
Package pdftex.def Info: images/atten_pic/chair_attention_3.png  used on input 
line 343.
(pdftex.def)             Requested size: 48.56364pt x 43.70694pt.
<images/atten_pic/airplane_feature_1.png, id=32, 120.45pt x 108.405pt>
File: images/atten_pic/airplane_feature_1.png Graphic file (type png)
<use images/atten_pic/airplane_feature_1.png>
Package pdftex.def Info: images/atten_pic/airplane_feature_1.png  used on input
 line 354.
(pdftex.def)             Requested size: 48.56364pt x 43.70694pt.
<images/atten_pic/airplane_feature_2.png, id=33, 120.45pt x 108.405pt>
File: images/atten_pic/airplane_feature_2.png Graphic file (type png)
<use images/atten_pic/airplane_feature_2.png>
Package pdftex.def Info: images/atten_pic/airplane_feature_2.png  used on input
 line 359.
(pdftex.def)             Requested size: 48.56364pt x 43.70694pt.
<images/atten_pic/airplane_feature_3.png, id=34, 120.45pt x 108.405pt>
File: images/atten_pic/airplane_feature_3.png Graphic file (type png)
<use images/atten_pic/airplane_feature_3.png>
Package pdftex.def Info: images/atten_pic/airplane_feature_3.png  used on input
 line 364.
(pdftex.def)             Requested size: 48.56364pt x 43.70694pt.
<images/atten_pic/chair_feature_1.png, id=35, 120.45pt x 108.405pt>
File: images/atten_pic/chair_feature_1.png Graphic file (type png)
<use images/atten_pic/chair_feature_1.png>
Package pdftex.def Info: images/atten_pic/chair_feature_1.png  used on input li
ne 369.
(pdftex.def)             Requested size: 48.56364pt x 43.70694pt.
<images/atten_pic/chair_feature_2.png, id=36, 120.45pt x 108.405pt>
File: images/atten_pic/chair_feature_2.png Graphic file (type png)
<use images/atten_pic/chair_feature_2.png>
Package pdftex.def Info: images/atten_pic/chair_feature_2.png  used on input li
ne 374.
(pdftex.def)             Requested size: 48.56364pt x 43.70694pt.
<images/atten_pic/chair_feature_3.png, id=37, 120.45pt x 108.405pt>
File: images/atten_pic/chair_feature_3.png Graphic file (type png)
<use images/atten_pic/chair_feature_3.png>
Package pdftex.def Info: images/atten_pic/chair_feature_3.png  used on input li
ne 379.
(pdftex.def)             Requested size: 48.56364pt x 43.70694pt.
<images/atten_pic/dgcnn_airplane_feature_1.png, id=38, 120.45pt x 108.405pt>
File: images/atten_pic/dgcnn_airplane_feature_1.png Graphic file (type png)
<use images/atten_pic/dgcnn_airplane_feature_1.png>
Package pdftex.def Info: images/atten_pic/dgcnn_airplane_feature_1.png  used on
 input line 390.
(pdftex.def)             Requested size: 48.56364pt x 43.70694pt.
<images/atten_pic/dgcnn_airplane_feature_2.png, id=39, 120.45pt x 108.405pt>
File: images/atten_pic/dgcnn_airplane_feature_2.png Graphic file (type png)
<use images/atten_pic/dgcnn_airplane_feature_2.png>
Package pdftex.def Info: images/atten_pic/dgcnn_airplane_feature_2.png  used on
 input line 395.
(pdftex.def)             Requested size: 48.56364pt x 43.70694pt.
<images/atten_pic/dgcnn_airplane_feature_3.png, id=40, 120.45pt x 108.405pt>
File: images/atten_pic/dgcnn_airplane_feature_3.png Graphic file (type png)
<use images/atten_pic/dgcnn_airplane_feature_3.png>
Package pdftex.def Info: images/atten_pic/dgcnn_airplane_feature_3.png  used on
 input line 400.
(pdftex.def)             Requested size: 48.56364pt x 43.70694pt.
<images/atten_pic/dgcnn_chair_feature_1.png, id=41, 120.45pt x 108.405pt>
File: images/atten_pic/dgcnn_chair_feature_1.png Graphic file (type png)
<use images/atten_pic/dgcnn_chair_feature_1.png>
Package pdftex.def Info: images/atten_pic/dgcnn_chair_feature_1.png  used on in
put line 405.
(pdftex.def)             Requested size: 48.56364pt x 43.70694pt.
<images/atten_pic/dgcnn_chair_feature_2.png, id=42, 120.45pt x 108.405pt>
File: images/atten_pic/dgcnn_chair_feature_2.png Graphic file (type png)
<use images/atten_pic/dgcnn_chair_feature_2.png>
Package pdftex.def Info: images/atten_pic/dgcnn_chair_feature_2.png  used on in
put line 410.
(pdftex.def)             Requested size: 48.56364pt x 43.70694pt.
<images/atten_pic/dgcnn_chair_feature_3.png, id=43, 120.45pt x 108.405pt>
File: images/atten_pic/dgcnn_chair_feature_3.png Graphic file (type png)
<use images/atten_pic/dgcnn_chair_feature_3.png>
Package pdftex.def Info: images/atten_pic/dgcnn_chair_feature_3.png  used on in
put line 415.
(pdftex.def)             Requested size: 48.56364pt x 43.70694pt.
<images/atten_pic/color_bar.png, id=44, 108.8868pt x 540.5796pt>
File: images/atten_pic/color_bar.png Graphic file (type png)
<use images/atten_pic/color_bar.png>
Package pdftex.def Info: images/atten_pic/color_bar.png  used on input line 422
.
(pdftex.def)             Requested size: 20.2322pt x 100.44283pt.


Package natbib Warning: Citation `dgcnn' on page 4 undefined on input line 435.



Package natbib Warning: Citation `pointnet++' on page 4 undefined on input line
 435.


Package natbib Warning: Citation `guo2021pct' on page 4 undefined on input line
 435.

[4 <./images/hop_distance.jpg>]

Package natbib Warning: Citation `latentgan' on page 5 undefined on input line 
472.


Package natbib Warning: Citation `yang2018foldingnet' on page 5 undefined on in
put line 472.


Package natbib Warning: Citation `yang2018foldingnet' on page 5 undefined on in
put line 473.


Package natbib Warning: Citation `latentgan' on page 5 undefined on input line 
473.


Package natbib Warning: Citation `zhao20193d' on page 5 undefined on input line
 474.


Package natbib Warning: Citation `zhao20193d' on page 5 undefined on input line
 474.


Package natbib Warning: Citation `han2019view' on page 5 undefined on input lin
e 475.


Package natbib Warning: Citation `hassani2019unsupervised' on page 5 undefined 
on input line 475.


Package natbib Warning: Citation `huang2021spatio' on page 5 undefined on input
 line 476.


Package natbib Warning: Citation `han2019mapvae' on page 5 undefined on input l
ine 476.


Package natbib Warning: Citation `chen2021shape' on page 5 undefined on input l
ine 477.


Package natbib Warning: Citation `gao2020graphter' on page 5 undefined on input
 line 477.


Package natbib Warning: Citation `afham2022crosspoint' on page 5 undefined on i
nput line 478.


Package natbib Warning: Citation `rao2020global' on page 5 undefined on input l
ine 478.


Package natbib Warning: Citation `chang2015shapenet' on page 5 undefined on inp
ut line 492.


Package natbib Warning: Citation `wu20153d' on page 5 undefined on input line 4
92.


Package natbib Warning: Citation `yang2018foldingnet' on page 5 undefined on in
put line 525.


Package natbib Warning: Citation `jiang2023masked' on page 5 undefined on input
 line 526.


Package natbib Warning: Citation `yang2018foldingnet' on page 5 undefined on in
put line 539.

[5 <./images/atten_pic/airplane_attention_1.png> <./images/atten_pic/airplane_a
ttention_2.png> <./images/atten_pic/airplane_attention_3.png> <./images/atten_p
ic/chair_attention_1.png> <./images/atten_pic/chair_attention_2.png> <./images/
atten_pic/chair_attention_3.png> <./images/atten_pic/airplane_feature_1.png> <.
/images/atten_pic/airplane_feature_2.png> <./images/atten_pic/airplane_feature_
3.png> <./images/atten_pic/chair_feature_1.png> <./images/atten_pic/chair_featu
re_2.png> <./images/atten_pic/chair_feature_3.png> <./images/atten_pic/dgcnn_ai
rplane_feature_1.png> <./images/atten_pic/dgcnn_airplane_feature_2.png> <./imag
es/atten_pic/dgcnn_airplane_feature_3.png> <./images/atten_pic/dgcnn_chair_feat
ure_1.png> <./images/atten_pic/dgcnn_chair_feature_2.png> <./images/atten_pic/d
gcnn_chair_feature_3.png> <./images/atten_pic/color_bar.png>]

Package natbib Warning: Citation `uy2019revisiting' on page 6 undefined on inpu
t line 545.


Package natbib Warning: Citation `qi2017pointnet' on page 6 undefined on input 
line 565.


Package natbib Warning: Citation `pointnet++' on page 6 undefined on input line
 566.


Package natbib Warning: Citation `li2018pointcnn' on page 6 undefined on input 
line 567.


Package natbib Warning: Citation `dgcnn' on page 6 undefined on input line 568.



Package natbib Warning: Citation `yu2022point' on page 6 undefined on input lin
e 569.


Package natbib Warning: Citation `pang2022masked' on page 6 undefined on input 
line 570.


Package natbib Warning: Citation `sauder2019self' on page 6 undefined on input 
line 572.


Package natbib Warning: Citation `wang2021unsupervised' on page 6 undefined on 
input line 573.


Package natbib Warning: Citation `huang2021spatio' on page 6 undefined on input
 line 574.


Package natbib Warning: Citation `afham2022crosspoint' on page 6 undefined on i
nput line 575.


Package natbib Warning: Citation `yi2016scalable' on page 6 undefined on input 
line 588.


Underfull \hbox (badness 1112) in paragraph at lines 587--589
[]\OT1/ptm/b/n/10 Part seg-men-ta-tion on ShapeNet Part. \OT1/ptm/m/n/10 We eva
l-u-ate
 []


Package natbib Warning: Citation `qi2017pointnet' on page 6 undefined on input 
line 600.


Package natbib Warning: Citation `pointnet++' on page 6 undefined on input line
 601.


Package natbib Warning: Citation `dgcnn' on page 6 undefined on input line 602.



Package natbib Warning: Citation `thomas2019kpconv' on page 6 undefined on inpu
t line 603.


Package natbib Warning: Citation `xu2021paconv' on page 6 undefined on input li
ne 604.


Package natbib Warning: Citation `yu2022point' on page 6 undefined on input lin
e 605.


Package natbib Warning: Citation `latentgan' on page 6 undefined on input line 
607.


Package natbib Warning: Citation `han2019mapvae' on page 6 undefined on input l
ine 608.


Package natbib Warning: Citation `gao2020graphter' on page 6 undefined on input
 line 609.


Package natbib Warning: Citation `jiang2023unsupervised' on page 6 undefined on
 input line 610.


Package natbib Warning: Citation `li2018so' on page 6 undefined on input line 6
35.


Package natbib Warning: Citation `zhao20193d' on page 6 undefined on input line
 636.


Package natbib Warning: Citation `hassani2019unsupervised' on page 6 undefined 
on input line 637.


Package natbib Warning: Citation `xie2020pointcontrast' on page 6 undefined on 
input line 638.


Package natbib Warning: Citation `chen2021shape' on page 6 undefined on input l
ine 639.

[6] [7] [8

]
No file after_operator5.bbl.

Package natbib Warning: There were undefined citations.

(after_operator5.aux)
 ***********
LaTeX2e <2023-06-01> patch level 1
L3 programming layer <2023-08-29>
 ***********
 ) 
Here is how much of TeX's memory you used:
 8039 strings out of 475247
 136162 string characters out of 5757792
 1957801 words of memory out of 5000000
 29421 multiletter control sequences out of 15000+600000
 589727 words of font info for 103 fonts, out of 8000000 for 9000
 1141 hyphenation exceptions out of 8191
 86i,16n,117p,1428b,532s stack positions out of 10000i,1000n,20000p,200000b,200000s
<C:/Users/orfuc/AppData/Local/Programs/MiKTeX/fonts/type1/public/amsfonts/cm/
cmex10.pfb><C:/Users/orfuc/AppData/Local/Programs/MiKTeX/fonts/type1/public/ams
fonts/cm/cmmi10.pfb><C:/Users/orfuc/AppData/Local/Programs/MiKTeX/fonts/type1/p
ublic/amsfonts/cm/cmmi5.pfb><C:/Users/orfuc/AppData/Local/Programs/MiKTeX/fonts
/type1/public/amsfonts/cm/cmmi7.pfb><C:/Users/orfuc/AppData/Local/Programs/MiKT
eX/fonts/type1/public/amsfonts/cm/cmr10.pfb><C:/Users/orfuc/AppData/Local/Progr
ams/MiKTeX/fonts/type1/public/amsfonts/cm/cmr5.pfb><C:/Users/orfuc/AppData/Loca
l/Programs/MiKTeX/fonts/type1/public/amsfonts/cm/cmr7.pfb><C:/Users/orfuc/AppDa
ta/Local/Programs/MiKTeX/fonts/type1/public/amsfonts/cm/cmsy10.pfb><C:/Users/or
fuc/AppData/Local/Programs/MiKTeX/fonts/type1/public/amsfonts/cm/cmsy7.pfb><C:/
Users/orfuc/AppData/Local/Programs/MiKTeX/fonts/type1/public/amsfonts/symbols/m
sbm10.pfb><C:/Users/orfuc/AppData/Local/Programs/MiKTeX/fonts/type1/urw/times/u
tmb8a.pfb><C:/Users/orfuc/AppData/Local/Programs/MiKTeX/fonts/type1/urw/times/u
tmr8a.pfb><C:/Users/orfuc/AppData/Local/Programs/MiKTeX/fonts/type1/urw/times/u
tmri8a.pfb><C:/Users/orfuc/AppData/Local/Programs/MiKTeX/fonts/type1/urw/zapfdi
ng/uzdr.pfb>
Output written on after_operator5.pdf (8 pages, 2122534 bytes).
PDF statistics:
 142 PDF objects out of 1000 (max. 8388607)
 0 named destinations out of 1000 (max. 500000)
 111 words of extra memory for PDF output out of 10000 (max. 10000000)

