This is pdfTeX, Version 3.141592653-2.6-1.40.25 (MiKTeX 23.5) (preloaded format=pdflatex 2023.9.8)  9 SEP 2023 11:29
entering extended mode
 restricted \write18 enabled.
 %&-line parsing enabled.
**./AAAI_changed.tex
(AAAI_changed.tex
LaTeX2e <2023-06-01> patch level 1
L3 programming layer <2023-08-29>
(C:\Users\orfuc\AppData\Local\Programs\MiKTeX\tex/latex/base\article.cls
Document Class: article 2023/05/17 v1.4n Standard LaTeX document class
(C:\Users\orfuc\AppData\Local\Programs\MiKTeX\tex/latex/base\size10.clo
File: size10.clo 2023/05/17 v1.4n Standard LaTeX file (size option)
)
\c@part=\count185
\c@section=\count186
\c@subsection=\count187
\c@subsubsection=\count188
\c@paragraph=\count189
\c@subparagraph=\count190
\c@figure=\count191
\c@table=\count192
\abovecaptionskip=\skip48
\belowcaptionskip=\skip49
\bibindent=\dimen140
)
(aaai19.sty
Conference Style for AAAI for LaTeX 2e -- version for the AAAI-19 conference
\titlebox=\skip50
) (C:\Users\orfuc\AppData\Local\Programs\MiKTeX\tex/latex/psnfss\times.sty
Package: times 2020/03/25 PSNFSS-v9.3 (SPQR) 
)
(C:\Users\orfuc\AppData\Local\Programs\MiKTeX\tex/latex/psnfss\helvet.sty
Package: helvet 2020/03/25 PSNFSS-v9.3 (WaS) 

(C:\Users\orfuc\AppData\Local\Programs\MiKTeX\tex/latex/graphics\keyval.sty
Package: keyval 2022/05/29 v1.15 key=value parser (DPC)
\KV@toks@=\toks17
))
(C:\Users\orfuc\AppData\Local\Programs\MiKTeX\tex/latex/psnfss\courier.sty
Package: courier 2020/03/25 PSNFSS-v9.3 (WaS) 
)
(C:\Users\orfuc\AppData\Local\Programs\MiKTeX\tex/latex/url\url.sty
\Urlmuskip=\muskip16
Package: url 2013/09/16  ver 3.4  Verb mode for urls, etc.
)
(C:\Users\orfuc\AppData\Local\Programs\MiKTeX\tex/latex/graphics\graphicx.sty
Package: graphicx 2021/09/16 v1.2d Enhanced LaTeX Graphics (DPC,SPQR)

(C:\Users\orfuc\AppData\Local\Programs\MiKTeX\tex/latex/graphics\graphics.sty
Package: graphics 2022/03/10 v1.4e Standard LaTeX Graphics (DPC,SPQR)

(C:\Users\orfuc\AppData\Local\Programs\MiKTeX\tex/latex/graphics\trig.sty
Package: trig 2021/08/11 v1.11 sin cos tan (DPC)
)
(C:\Users\orfuc\AppData\Local\Programs\MiKTeX\tex/latex/graphics-cfg\graphics.c
fg
File: graphics.cfg 2016/06/04 v1.11 sample graphics configuration
)
Package graphics Info: Driver file: pdftex.def on input line 107.

(C:\Users\orfuc\AppData\Local\Programs\MiKTeX\tex/latex/graphics-def\pdftex.def
File: pdftex.def 2022/09/22 v1.2b Graphics/color driver for pdftex
))
\Gin@req@height=\dimen141
\Gin@req@width=\dimen142
)
(C:\Users\orfuc\AppData\Local\Programs\MiKTeX\tex/latex/thmtools\thmtools.sty
Package: thmtools 2023/05/04 v0.76
\thmt@toks=\toks18
\c@thmt@dummyctr=\count193

(C:\Users\orfuc\AppData\Local\Programs\MiKTeX\tex/latex/thmtools\thm-patch.sty
Package: thm-patch 2023/05/04 v0.76

(C:\Users\orfuc\AppData\Local\Programs\MiKTeX\tex/latex/thmtools\parseargs.sty
Package: parseargs 2023/05/04 v0.76
\@parsespec=\toks19
)) (C:\Users\orfuc\AppData\Local\Programs\MiKTeX\tex/latex/thmtools\thm-kv.sty
Package: thm-kv 2023/05/04 v0.76
Package thm-kv Info: Theorem names will be uppercased on input line 42.

(C:\Users\orfuc\AppData\Local\Programs\MiKTeX\tex/latex/kvsetkeys\kvsetkeys.sty
Package: kvsetkeys 2022-10-05 v1.19 Key value parser (HO)
)
Package thm-kv Info: kvsetkeys patch (v1.16 or later) on input line 158.
)
(C:\Users\orfuc\AppData\Local\Programs\MiKTeX\tex/latex/thmtools\thm-autoref.st
y
Package: thm-autoref 2023/05/04 v0.76
 (C:\Users\orfuc\AppData\Local\Programs\MiKTeX\tex/latex/thmtools\aliasctr.sty
Package: aliasctr 2023/05/04 v0.76
))
(C:\Users\orfuc\AppData\Local\Programs\MiKTeX\tex/latex/thmtools\thm-listof.sty
Package: thm-listof 2023/05/04 v0.76
)
(C:\Users\orfuc\AppData\Local\Programs\MiKTeX\tex/latex/thmtools\thm-restate.st
y
Package: thm-restate 2023/05/04 v0.76
)) (C:\Users\orfuc\AppData\Local\Programs\MiKTeX\tex/latex/amsmath\amsmath.sty
Package: amsmath 2023/05/13 v2.17o AMS math features
\@mathmargin=\skip51
For additional information on amsmath, use the `?' option.
(C:\Users\orfuc\AppData\Local\Programs\MiKTeX\tex/latex/amsmath\amstext.sty
Package: amstext 2021/08/26 v2.01 AMS text

(C:\Users\orfuc\AppData\Local\Programs\MiKTeX\tex/latex/amsmath\amsgen.sty
File: amsgen.sty 1999/11/30 v2.0 generic functions
\@emptytoks=\toks20
\ex@=\dimen143
))
(C:\Users\orfuc\AppData\Local\Programs\MiKTeX\tex/latex/amsmath\amsbsy.sty
Package: amsbsy 1999/11/29 v1.2d Bold Symbols
\pmbraise@=\dimen144
)
(C:\Users\orfuc\AppData\Local\Programs\MiKTeX\tex/latex/amsmath\amsopn.sty
Package: amsopn 2022/04/08 v2.04 operator names
)
\inf@bad=\count194
LaTeX Info: Redefining \frac on input line 234.
\uproot@=\count195
\leftroot@=\count196
LaTeX Info: Redefining \overline on input line 399.
LaTeX Info: Redefining \colon on input line 410.
\classnum@=\count197
\DOTSCASE@=\count198
LaTeX Info: Redefining \ldots on input line 496.
LaTeX Info: Redefining \dots on input line 499.
LaTeX Info: Redefining \cdots on input line 620.
\Mathstrutbox@=\box51
\strutbox@=\box52
LaTeX Info: Redefining \big on input line 722.
LaTeX Info: Redefining \Big on input line 723.
LaTeX Info: Redefining \bigg on input line 724.
LaTeX Info: Redefining \Bigg on input line 725.
\big@size=\dimen145
LaTeX Font Info:    Redeclaring font encoding OML on input line 743.
LaTeX Font Info:    Redeclaring font encoding OMS on input line 744.
\macc@depth=\count199
LaTeX Info: Redefining \bmod on input line 905.
LaTeX Info: Redefining \pmod on input line 910.
LaTeX Info: Redefining \smash on input line 940.
LaTeX Info: Redefining \relbar on input line 970.
LaTeX Info: Redefining \Relbar on input line 971.
\c@MaxMatrixCols=\count266
\dotsspace@=\muskip17
\c@parentequation=\count267
\dspbrk@lvl=\count268
\tag@help=\toks21
\row@=\count269
\column@=\count270
\maxfields@=\count271
\andhelp@=\toks22
\eqnshift@=\dimen146
\alignsep@=\dimen147
\tagshift@=\dimen148
\tagwidth@=\dimen149
\totwidth@=\dimen150
\lineht@=\dimen151
\@envbody=\toks23
\multlinegap=\skip52
\multlinetaggap=\skip53
\mathdisplay@stack=\toks24
LaTeX Info: Redefining \[ on input line 2953.
LaTeX Info: Redefining \] on input line 2954.
)
(C:\Users\orfuc\AppData\Local\Programs\MiKTeX\tex/latex/amscls\amsthm.sty
Package: amsthm 2020/05/29 v2.20.6
\thm@style=\toks25
\thm@bodyfont=\toks26
\thm@headfont=\toks27
\thm@notefont=\toks28
\thm@headpunct=\toks29
\thm@preskip=\skip54
\thm@postskip=\skip55
\thm@headsep=\skip56
\dth@everypar=\toks30
)
(C:\Users\orfuc\AppData\Local\Programs\MiKTeX\tex/latex/amsfonts\amssymb.sty
Package: amssymb 2013/01/14 v3.01 AMS font symbols

(C:\Users\orfuc\AppData\Local\Programs\MiKTeX\tex/latex/amsfonts\amsfonts.sty
Package: amsfonts 2013/01/14 v3.01 Basic AMSFonts support
\symAMSa=\mathgroup4
\symAMSb=\mathgroup5
LaTeX Font Info:    Redeclaring math symbol \hbar on input line 98.
LaTeX Font Info:    Overwriting math alphabet `\mathfrak' in version `bold'
(Font)                  U/euf/m/n --> U/euf/b/n on input line 106.
)) (C:\Users\orfuc\AppData\Local\Programs\MiKTeX\tex/latex/epigraph\epigraph.st
y
Package: epigraph 2020/01/02 v1.5e typesetting epigraphs

(C:\Users\orfuc\AppData\Local\Programs\MiKTeX\tex/latex/nextpage\nextpage.sty
Package: nextpage 2009/09/03 v1.1a additional page commands
)
\beforeepigraphskip=\skip57
\afterepigraphskip=\skip58
\epigraphwidth=\skip59
\epigraphrule=\skip60
) (C:\Users\orfuc\AppData\Local\Programs\MiKTeX\tex/latex/graphics\color.sty
Package: color 2022/01/06 v1.3d Standard LaTeX Color (DPC)

(C:\Users\orfuc\AppData\Local\Programs\MiKTeX\tex/latex/graphics-cfg\color.cfg
File: color.cfg 2016/01/02 v1.6 sample color configuration
)
Package color Info: Driver file: pdftex.def on input line 149.
(C:\Users\orfuc\AppData\Local\Programs\MiKTeX\tex/latex/graphics\mathcolor.ltx)
)
\Comments=\count272
\c@theorem=\count273
\c@definition=\count274
\c@example=\count275
\c@remark=\count276
LaTeX Font Info:    Trying to load font information for OT1+ptm on input line 8
7.
 (C:\Users\orfuc\AppData\Local\Programs\MiKTeX\tex/latex/psnfss\ot1ptm.fd
File: ot1ptm.fd 2001/06/04 font definitions for OT1/ptm.
)
(C:\Users\orfuc\AppData\Local\Programs\MiKTeX\tex/latex/l3backend\l3backend-pdf
tex.def
File: l3backend-pdftex.def 2023-04-19 L3 backend support: PDF output (pdfTeX)
\l__color_backend_stack_int=\count277
\l__pdf_internal_box=\box53
) (AAAI_changed.aux)
\openout1 = `AAAI_changed.aux'.

LaTeX Font Info:    Checking defaults for OML/cmm/m/it on input line 87.
LaTeX Font Info:    ... okay on input line 87.
LaTeX Font Info:    Checking defaults for OMS/cmsy/m/n on input line 87.
LaTeX Font Info:    ... okay on input line 87.
LaTeX Font Info:    Checking defaults for OT1/cmr/m/n on input line 87.
LaTeX Font Info:    ... okay on input line 87.
LaTeX Font Info:    Checking defaults for T1/cmr/m/n on input line 87.
LaTeX Font Info:    ... okay on input line 87.
LaTeX Font Info:    Checking defaults for TS1/cmr/m/n on input line 87.
LaTeX Font Info:    ... okay on input line 87.
LaTeX Font Info:    Checking defaults for OMX/cmex/m/n on input line 87.
LaTeX Font Info:    ... okay on input line 87.
LaTeX Font Info:    Checking defaults for U/cmr/m/n on input line 87.
LaTeX Font Info:    ... okay on input line 87.

(C:\Users\orfuc\AppData\Local\Programs\MiKTeX\tex/context/base/mkii\supp-pdf.mk
ii
[Loading MPS to PDF converter (version 2006.09.02).]
\scratchcounter=\count278
\scratchdimen=\dimen152
\scratchbox=\box54
\nofMPsegments=\count279
\nofMParguments=\count280
\everyMPshowfont=\toks31
\MPscratchCnt=\count281
\MPscratchDim=\dimen153
\MPnumerator=\count282
\makeMPintoPDFobject=\count283
\everyMPtoPDFconversion=\toks32
)
(C:\Users\orfuc\AppData\Local\Programs\MiKTeX\tex/latex/epstopdf-pkg\epstopdf-b
ase.sty
Package: epstopdf-base 2020-01-24 v2.11 Base part for package epstopdf
Package epstopdf-base Info: Redefining graphics rule for `.eps' on input line 4
85.

(C:\Users\orfuc\AppData\Local\Programs\MiKTeX\tex/latex/00miktex\epstopdf-sys.c
fg
File: epstopdf-sys.cfg 2021/03/18 v2.0 Configuration of epstopdf for MiKTeX
))

Package thmtools Warning: amsthm loaded after thmtools .

LaTeX Font Info:    Trying to load font information for U+msa on input line 93.

(C:\Users\orfuc\AppData\Local\Programs\MiKTeX\tex/latex/amsfonts\umsa.fd
File: umsa.fd 2013/01/14 v3.01 AMS symbols A
)
LaTeX Font Info:    Trying to load font information for U+msb on input line 93.


(C:\Users\orfuc\AppData\Local\Programs\MiKTeX\tex/latex/amsfonts\umsb.fd
File: umsb.fd 2013/01/14 v3.01 AMS symbols B
)
LaTeX Font Info:    Trying to load font information for OT1+pcr on input line 9
3.

(C:\Users\orfuc\AppData\Local\Programs\MiKTeX\tex/latex/psnfss\ot1pcr.fd
File: ot1pcr.fd 2001/06/04 font definitions for OT1/pcr.
)
LaTeX Font Info:    Trying to load font information for TS1+ptm on input line 9
3.

(C:\Users\orfuc\AppData\Local\Programs\MiKTeX\tex/latex/psnfss\ts1ptm.fd
File: ts1ptm.fd 2001/06/04 font definitions for TS1/ptm.
)

LaTeX Warning: Citation `HMJ87' on page 1 undefined on input line 105.


LaTeX Warning: Citation `HMJ87' on page 1 undefined on input line 105.


LaTeX Warning: Citation `Sim07' on page 1 undefined on input line 105.


LaTeX Warning: Citation `Wil05' on page 1 undefined on input line 105.


LaTeX Warning: Citation `CB11' on page 1 undefined on input line 107.


LaTeX Warning: Citation `CKNZ08' on page 1 undefined on input line 107.


LaTeX Warning: Citation `CM10' on page 1 undefined on input line 109.


LaTeX Warning: Citation `PR06' on page 1 undefined on input line 119.


LaTeX Warning: Citation `BCHL+15' on page 1 undefined on input line 119.

[1{C:/Users/orfuc/AppData/Local/MiKTeX/fonts/map/pdftex/pdftex.map}{C:/Users/or
fuc/AppData/Local/Programs/MiKTeX/fonts/enc/dvips/base/8r.enc}



]

LaTeX Warning: Citation `BCELP16' on page 2 undefined on input line 127.


LaTeX Warning: Citation `Dow57' on page 2 undefined on input line 127.


LaTeX Warning: Citation `Dow57' on page 2 undefined on input line 127.


LaTeX Warning: Citation `Sch08' on page 2 undefined on input line 127.


LaTeX Warning: Citation `Sch08' on page 2 undefined on input line 127.


LaTeX Warning: Citation `PR06' on page 2 undefined on input line 127.


LaTeX Warning: Citation `PR06' on page 2 undefined on input line 127.


LaTeX Warning: Citation `ABP15' on page 2 undefined on input line 127.


LaTeX Warning: Citation `AP17' on page 2 undefined on input line 127.


LaTeX Warning: Citation `SE17' on page 2 undefined on input line 127.


LaTeX Warning: Citation `FFG16' on page 2 undefined on input line 127.


LaTeX Warning: Citation `FFG16' on page 2 undefined on input line 127.


LaTeX Warning: Citation `DJL01' on page 2 undefined on input line 129.


LaTeX Warning: Citation `DJL01' on page 2 undefined on input line 129.


LaTeX Warning: Citation `DJL02' on page 2 undefined on input line 129.


LaTeX Warning: Citation `DJL02' on page 2 undefined on input line 129.


LaTeX Warning: Citation `BC15' on page 2 undefined on input line 129.


LaTeX Warning: Citation `BC15' on page 2 undefined on input line 129.


LaTeX Warning: Citation `PORKJ15' on page 2 undefined on input line 129.


LaTeX Warning: Citation `PORKJ15' on page 2 undefined on input line 129.


LaTeX Warning: Citation `BTT92' on page 2 undefined on input line 129.


LaTeX Warning: Citation `BTT92' on page 2 undefined on input line 129.


LaTeX Warning: Citation `BCELP16' on page 2 undefined on input line 129.


LaTeX Warning: Citation `BCELP16' on page 2 undefined on input line 129.


LaTeX Warning: Citation `Rot15' on page 2 undefined on input line 129.


LaTeX Warning: Citation `Rot15' on page 2 undefined on input line 129.


LaTeX Warning: Citation `Ken09' on page 2 undefined on input line 131.


LaTeX Warning: Citation `Ken09' on page 2 undefined on input line 131.


LaTeX Warning: Citation `CK13' on page 2 undefined on input line 131.


LaTeX Warning: Citation `CB11' on page 2 undefined on input line 131.


LaTeX Warning: Citation `JW10' on page 2 undefined on input line 131.


LaTeX Warning: Citation `Wau10' on page 2 undefined on input line 131.


LaTeX Warning: Citation `Haz97' on page 2 undefined on input line 131.


LaTeX Warning: Citation `Wil05' on page 2 undefined on input line 131.


LaTeX Warning: Citation `CKNZ08' on page 2 undefined on input line 131.


LaTeX Warning: Citation `CKNZ08' on page 2 undefined on input line 131.


LaTeX Warning: Citation `Nor04' on page 2 undefined on input line 131.


LaTeX Warning: Citation `Nor04' on page 2 undefined on input line 131.


LaTeX Warning: Citation `STVW18' on page 2 undefined on input line 131.


LaTeX Warning: Citation `STVW18' on page 2 undefined on input line 131.


LaTeX Warning: Citation `CMMMO17' on page 2 undefined on input line 131.


LaTeX Warning: Citation `KMP18' on page 2 undefined on input line 131.

[2]

LaTeX Warning: Citation `BCELP16' on page 3 undefined on input line 183.


LaTeX Warning: Citation `BCELP16' on page 3 undefined on input line 183.

[3]
Underfull \hbox (badness 4096) in paragraph at lines 231--233
\OT1/ptm/m/it/10 Further, for a so-cially op-ti-mal can-di-date $\OML/cmm/m/it/
10 a[] \OMS/cmsy/m/n/10 2
 []

[4] [5]

LaTeX Warning: Citation `ABP15' on page 6 undefined on input line 398.


LaTeX Warning: Citation `ABP15' on page 6 undefined on input line 422.


LaTeX Warning: Citation `SE17' on page 6 undefined on input line 422.


LaTeX Warning: Citation `Bla48' on page 6 undefined on input line 428.


LaTeX Warning: Citation `ABP15' on page 6 undefined on input line 428.


LaTeX Warning: Citation `ABP15' on page 6 undefined on input line 428.

<distortion_1.pdf, id=40, 569.12625pt x 256.96pt>
File: distortion_1.pdf Graphic file (type pdf)
<use distortion_1.pdf>
Package pdftex.def Info: distortion_1.pdf  used on input line 450.
(pdftex.def)             Requested size: 237.7689pt x 107.35393pt.
<distortion_3.pdf, id=41, 570.13pt x 257.96375pt>
File: distortion_3.pdf Graphic file (type pdf)
<use distortion_3.pdf>
Package pdftex.def Info: distortion_3.pdf  used on input line 452.
(pdftex.def)             Requested size: 237.7689pt x 107.5804pt.
[6]
Underfull \vbox (badness 1755) has occurred while \output is active []



LaTeX Warning: Citation `NW13' on page 7 undefined on input line 502.


LaTeX Warning: Citation `NW13' on page 7 undefined on input line 502.

[7 <./distortion_1.pdf> <./distortion_3.pdf>] [8

]
No file AAAI_changed.bbl.
(AAAI_changed.aux)
 ***********
LaTeX2e <2023-06-01> patch level 1
L3 programming layer <2023-08-29>
 ***********
 ) 
Here is how much of TeX's memory you used:
 3752 strings out of 475247
 61277 string characters out of 5757793
 1950801 words of memory out of 5000000
 25187 multiletter control sequences out of 15000+600000
 589363 words of font info for 93 fonts, out of 8000000 for 9000
 1141 hyphenation exceptions out of 8191
 57i,14n,65p,1313b,306s stack positions out of 10000i,1000n,20000p,200000b,200000s
<C:/Users/orfuc/AppData/Local/Programs/MiKTeX/fonts/type1/public/amsfonts/cm/
cmex10.pfb><C:/Users/orfuc/AppData/Local/Programs/MiKTeX/fonts/type1/public/ams
fonts/cmextra/cmex7.pfb><C:/Users/orfuc/AppData/Local/Programs/MiKTeX/fonts/typ
e1/public/amsfonts/cmextra/cmex9.pfb><C:/Users/orfuc/AppData/Local/Programs/MiK
TeX/fonts/type1/public/amsfonts/cm/cmmi10.pfb><C:/Users/orfuc/AppData/Local/Pro
grams/MiKTeX/fonts/type1/public/amsfonts/cm/cmmi5.pfb><C:/Users/orfuc/AppData/L
ocal/Programs/MiKTeX/fonts/type1/public/amsfonts/cm/cmmi6.pfb><C:/Users/orfuc/A
ppData/Local/Programs/MiKTeX/fonts/type1/public/amsfonts/cm/cmmi7.pfb><C:/Users
/orfuc/AppData/Local/Programs/MiKTeX/fonts/type1/public/amsfonts/cm/cmmi9.pfb><
C:/Users/orfuc/AppData/Local/Programs/MiKTeX/fonts/type1/public/amsfonts/cm/cmr
10.pfb><C:/Users/orfuc/AppData/Local/Programs/MiKTeX/fonts/type1/public/amsfont
s/cm/cmr5.pfb><C:/Users/orfuc/AppData/Local/Programs/MiKTeX/fonts/type1/public/
amsfonts/cm/cmr7.pfb><C:/Users/orfuc/AppData/Local/Programs/MiKTeX/fonts/type1/
public/amsfonts/cm/cmr9.pfb><C:/Users/orfuc/AppData/Local/Programs/MiKTeX/fonts
/type1/public/amsfonts/cm/cmsy10.pfb><C:/Users/orfuc/AppData/Local/Programs/MiK
TeX/fonts/type1/public/amsfonts/cm/cmsy5.pfb><C:/Users/orfuc/AppData/Local/Prog
rams/MiKTeX/fonts/type1/public/amsfonts/cm/cmsy6.pfb><C:/Users/orfuc/AppData/Lo
cal/Programs/MiKTeX/fonts/type1/public/amsfonts/cm/cmsy7.pfb><C:/Users/orfuc/Ap
pData/Local/Programs/MiKTeX/fonts/type1/public/amsfonts/cm/cmsy9.pfb><C:/Users/
orfuc/AppData/Local/Programs/MiKTeX/fonts/type1/public/amsfonts/symbols/msbm10.
pfb><C:/Users/orfuc/AppData/Local/Programs/MiKTeX/fonts/type1/public/amsfonts/s
ymbols/msbm5.pfb><C:/Users/orfuc/AppData/Local/Programs/MiKTeX/fonts/type1/publ
ic/amsfonts/symbols/msbm7.pfb><C:/Users/orfuc/AppData/Local/Programs/MiKTeX/fon
ts/type1/urw/courier/ucrr8a.pfb><C:/Users/orfuc/AppData/Local/Programs/MiKTeX/f
onts/type1/urw/times/utmb8a.pfb><C:/Users/orfuc/AppData/Local/Programs/MiKTeX/f
onts/type1/urw/times/utmr8a.pfb><C:/Users/orfuc/AppData/Local/Programs/MiKTeX/f
onts/type1/urw/times/utmri8a.pfb>
Output written on AAAI_changed.pdf (8 pages, 336746 bytes).
PDF statistics:
 180 PDF objects out of 1000 (max. 8388607)
 0 named destinations out of 1000 (max. 500000)
 11 words of extra memory for PDF output out of 10000 (max. 10000000)

