This is pdfTeX, Version 3.141592653-2.6-1.40.25 (MiKTeX 23.9) (preloaded format=pdflatex 2023.9.22)  22 JAN 2024 17:37
entering extended mode
 restricted \write18 enabled.
 %&-line parsing enabled.
**./main_changed.tex
(main_changed.tex
LaTeX2e <2023-06-01> patch level 1
L3 programming layer <2023-08-29>
(C:\Users\micha\AppData\Local\Programs\MiKTeX\tex/latex/base\article.cls
Document Class: article 2023/05/17 v1.4n Standard LaTeX document class
(C:\Users\micha\AppData\Local\Programs\MiKTeX\tex/latex/base\size10.clo
File: size10.clo 2023/05/17 v1.4n Standard LaTeX file (size option)
)
\c@part=\count185
\c@section=\count186
\c@subsection=\count187
\c@subsubsection=\count188
\c@paragraph=\count189
\c@subparagraph=\count190
\c@figure=\count191
\c@table=\count192
\abovecaptionskip=\skip48
\belowcaptionskip=\skip49
\bibindent=\dimen140
)
(aaai24.sty
Package: aaai24 2023/06/26 AAAI 2024 Submission format

Conference Style for AAAI for LaTeX 2e -- version for submission
\titlebox=\skip50
) (C:\Users\micha\AppData\Local\Programs\MiKTeX\tex/latex/psnfss\times.sty
Package: times 2020/03/25 PSNFSS-v9.3 (SPQR) 
)
(C:\Users\micha\AppData\Local\Programs\MiKTeX\tex/latex/psnfss\helvet.sty
Package: helvet 2020/03/25 PSNFSS-v9.3 (WaS) 

(C:\Users\micha\AppData\Local\Programs\MiKTeX\tex/latex/graphics\keyval.sty
Package: keyval 2022/05/29 v1.15 key=value parser (DPC)
\KV@toks@=\toks17
))
(C:\Users\micha\AppData\Local\Programs\MiKTeX\tex/latex/psnfss\courier.sty
Package: courier 2020/03/25 PSNFSS-v9.3 (WaS) 
)
(C:\Users\micha\AppData\Local\Programs\MiKTeX\tex/latex/url\url.sty
\Urlmuskip=\muskip16
Package: url 2013/09/16  ver 3.4  Verb mode for urls, etc.
)
(C:\Users\micha\AppData\Local\Programs\MiKTeX\tex/latex/graphics\graphicx.sty
Package: graphicx 2021/09/16 v1.2d Enhanced LaTeX Graphics (DPC,SPQR)

(C:\Users\micha\AppData\Local\Programs\MiKTeX\tex/latex/graphics\graphics.sty
Package: graphics 2022/03/10 v1.4e Standard LaTeX Graphics (DPC,SPQR)

(C:\Users\micha\AppData\Local\Programs\MiKTeX\tex/latex/graphics\trig.sty
Package: trig 2021/08/11 v1.11 sin cos tan (DPC)
)
(C:\Users\micha\AppData\Local\Programs\MiKTeX\tex/latex/graphics-cfg\graphics.c
fg
File: graphics.cfg 2016/06/04 v1.11 sample graphics configuration
)
Package graphics Info: Driver file: pdftex.def on input line 107.

(C:\Users\micha\AppData\Local\Programs\MiKTeX\tex/latex/graphics-def\pdftex.def
File: pdftex.def 2022/09/22 v1.2b Graphics/color driver for pdftex
))
\Gin@req@height=\dimen141
\Gin@req@width=\dimen142
) (C:\Users\micha\AppData\Local\Programs\MiKTeX\tex/latex/natbib\natbib.sty
Package: natbib 2010/09/13 8.31b (PWD, AO)
\bibhang=\skip51
\bibsep=\skip52
LaTeX Info: Redefining \cite on input line 694.
\c@NAT@ctr=\count193
)
(C:\Users\micha\AppData\Local\Programs\MiKTeX\tex/latex/caption\caption.sty
Package: caption 2023/07/31 v3.6n Customizing captions (AR)

(C:\Users\micha\AppData\Local\Programs\MiKTeX\tex/latex/caption\caption3.sty
Package: caption3 2023/07/31 v2.4d caption3 kernel (AR)
\caption@tempdima=\dimen143
\captionmargin=\dimen144
\caption@leftmargin=\dimen145
\caption@rightmargin=\dimen146
\caption@width=\dimen147
\caption@indent=\dimen148
\caption@parindent=\dimen149
\caption@hangindent=\dimen150
Package caption Info: Standard document class detected.
)
\c@caption@flags=\count194
\c@continuedfloat=\count195
)
(C:\Users\micha\AppData\Local\Programs\MiKTeX\tex/latex/algorithms\algorithm.st
y
Package: algorithm 2009/08/24 v0.1 Document Style `algorithm' - floating enviro
nment
 (C:\Users\micha\AppData\Local\Programs\MiKTeX\tex/latex/float\float.sty
Package: float 2001/11/08 v1.3d Float enhancements (AL)
\c@float@type=\count196
\float@exts=\toks18
\float@box=\box51
\@float@everytoks=\toks19
\@floatcapt=\box52
)
(C:\Users\micha\AppData\Local\Programs\MiKTeX\tex/latex/base\ifthen.sty
Package: ifthen 2022/04/13 v1.1d Standard LaTeX ifthen package (DPC)
)
\@float@every@algorithm=\toks20
\c@algorithm=\count197
)
(C:\Users\micha\AppData\Local\Programs\MiKTeX\tex/latex/algorithms\algorithmic.
sty
Package: algorithmic 2009/08/24 v0.1 Document Style `algorithmic'
\c@ALC@unique=\count198
\c@ALC@line=\count199
\c@ALC@rem=\count266
\c@ALC@depth=\count267
\ALC@tlm=\skip53
\algorithmicindent=\skip54
) (C:\Users\micha\AppData\Local\Programs\MiKTeX\tex/latex/sttools\cuted.sty
Package: cuted 2021/10/04 v2.0 Mixing onecolumn and twocolumn modes
\At@ViperColsBreak=\toks21
\preCutedStrip=\toks22
\postCutedStrip=\toks23
\cuted@@tempbox@a=\box53
\cuted@@tempbox@c=\box54
\cuted@@tempbox@var=\box55
\hold@viper=\box56
\@viper=\box57
\cuted@@varbox@a=\box58
\cuted@@varbox@c=\box59
\cuted@@tempdim@spread=\dimen151
\cuted@@tempdim@a=\dimen152
\cuted@@tempdim@b=\dimen153
\ht@hold@viper=\dimen154
\ht@viper=\dimen155
\var@@pagediscards@ht=\dimen156
\stripsep=\skip55
\viper@penalty=\count268
)
(C:\Users\micha\AppData\Local\Programs\MiKTeX\tex/latex/tcolorbox\tcolorbox.sty
Package: tcolorbox 2023/06/19 version 6.0.4 text color boxes
(C:\Users\micha\AppData\Local\Programs\MiKTeX\tex/latex/pgf/basiclayer\pgf.sty
(C:\Users\micha\AppData\Local\Programs\MiKTeX\tex/latex/pgf/utilities\pgfrcs.st
y
(C:\Users\micha\AppData\Local\Programs\MiKTeX\tex/generic/pgf/utilities\pgfutil
-common.tex
\pgfutil@everybye=\toks24
\pgfutil@tempdima=\dimen157
\pgfutil@tempdimb=\dimen158
)
(C:\Users\micha\AppData\Local\Programs\MiKTeX\tex/generic/pgf/utilities\pgfutil
-latex.def
\pgfutil@abb=\box60
)
(C:\Users\micha\AppData\Local\Programs\MiKTeX\tex/generic/pgf/utilities\pgfrcs.
code.tex
(C:\Users\micha\AppData\Local\Programs\MiKTeX\tex/generic/pgf\pgf.revision.tex)
Package: pgfrcs 2023-01-15 v3.1.10 (3.1.10)
))
Package: pgf 2023-01-15 v3.1.10 (3.1.10)

(C:\Users\micha\AppData\Local\Programs\MiKTeX\tex/latex/pgf/basiclayer\pgfcore.
sty
(C:\Users\micha\AppData\Local\Programs\MiKTeX\tex/latex/pgf/systemlayer\pgfsys.
sty
(C:\Users\micha\AppData\Local\Programs\MiKTeX\tex/generic/pgf/systemlayer\pgfsy
s.code.tex
Package: pgfsys 2023-01-15 v3.1.10 (3.1.10)

(C:\Users\micha\AppData\Local\Programs\MiKTeX\tex/generic/pgf/utilities\pgfkeys
.code.tex
\pgfkeys@pathtoks=\toks25
\pgfkeys@temptoks=\toks26

(C:\Users\micha\AppData\Local\Programs\MiKTeX\tex/generic/pgf/utilities\pgfkeys
libraryfiltered.code.tex
\pgfkeys@tmptoks=\toks27
))
\pgf@x=\dimen159
\pgf@y=\dimen160
\pgf@xa=\dimen161
\pgf@ya=\dimen162
\pgf@xb=\dimen163
\pgf@yb=\dimen164
\pgf@xc=\dimen165
\pgf@yc=\dimen166
\pgf@xd=\dimen167
\pgf@yd=\dimen168
\w@pgf@writea=\write3
\r@pgf@reada=\read2
\c@pgf@counta=\count269
\c@pgf@countb=\count270
\c@pgf@countc=\count271
\c@pgf@countd=\count272
\t@pgf@toka=\toks28
\t@pgf@tokb=\toks29
\t@pgf@tokc=\toks30
\pgf@sys@id@count=\count273

(C:\Users\micha\AppData\Local\Programs\MiKTeX\tex/generic/pgf/systemlayer\pgf.c
fg
File: pgf.cfg 2023-01-15 v3.1.10 (3.1.10)
)
Driver file for pgf: pgfsys-pdftex.def

(C:\Users\micha\AppData\Local\Programs\MiKTeX\tex/generic/pgf/systemlayer\pgfsy
s-pdftex.def
File: pgfsys-pdftex.def 2023-01-15 v3.1.10 (3.1.10)

(C:\Users\micha\AppData\Local\Programs\MiKTeX\tex/generic/pgf/systemlayer\pgfsy
s-common-pdf.def
File: pgfsys-common-pdf.def 2023-01-15 v3.1.10 (3.1.10)
)))
(C:\Users\micha\AppData\Local\Programs\MiKTeX\tex/generic/pgf/systemlayer\pgfsy
ssoftpath.code.tex
File: pgfsyssoftpath.code.tex 2023-01-15 v3.1.10 (3.1.10)
\pgfsyssoftpath@smallbuffer@items=\count274
\pgfsyssoftpath@bigbuffer@items=\count275
)
(C:\Users\micha\AppData\Local\Programs\MiKTeX\tex/generic/pgf/systemlayer\pgfsy
sprotocol.code.tex
File: pgfsysprotocol.code.tex 2023-01-15 v3.1.10 (3.1.10)
))
(C:\Users\micha\AppData\Local\Programs\MiKTeX\tex/latex/xcolor\xcolor.sty
Package: xcolor 2022/06/12 v2.14 LaTeX color extensions (UK)

(C:\Users\micha\AppData\Local\Programs\MiKTeX\tex/latex/graphics-cfg\color.cfg
File: color.cfg 2016/01/02 v1.6 sample color configuration
)
Package xcolor Info: Driver file: pdftex.def on input line 227.
(C:\Users\micha\AppData\Local\Programs\MiKTeX\tex/latex/graphics\mathcolor.ltx)
Package xcolor Info: Model `cmy' substituted by `cmy0' on input line 1353.
Package xcolor Info: Model `hsb' substituted by `rgb' on input line 1357.
Package xcolor Info: Model `RGB' extended on input line 1369.
Package xcolor Info: Model `HTML' substituted by `rgb' on input line 1371.
Package xcolor Info: Model `Hsb' substituted by `hsb' on input line 1372.
Package xcolor Info: Model `tHsb' substituted by `hsb' on input line 1373.
Package xcolor Info: Model `HSB' substituted by `hsb' on input line 1374.
Package xcolor Info: Model `Gray' substituted by `gray' on input line 1375.
Package xcolor Info: Model `wave' substituted by `hsb' on input line 1376.
)
(C:\Users\micha\AppData\Local\Programs\MiKTeX\tex/generic/pgf/basiclayer\pgfcor
e.code.tex
Package: pgfcore 2023-01-15 v3.1.10 (3.1.10)

(C:\Users\micha\AppData\Local\Programs\MiKTeX\tex/generic/pgf/math\pgfmath.code
.tex
(C:\Users\micha\AppData\Local\Programs\MiKTeX\tex/generic/pgf/math\pgfmathutil.
code.tex)
(C:\Users\micha\AppData\Local\Programs\MiKTeX\tex/generic/pgf/math\pgfmathparse
r.code.tex
\pgfmath@dimen=\dimen169
\pgfmath@count=\count276
\pgfmath@box=\box61
\pgfmath@toks=\toks31
\pgfmath@stack@operand=\toks32
\pgfmath@stack@operation=\toks33
)
(C:\Users\micha\AppData\Local\Programs\MiKTeX\tex/generic/pgf/math\pgfmathfunct
ions.code.tex)
(C:\Users\micha\AppData\Local\Programs\MiKTeX\tex/generic/pgf/math\pgfmathfunct
ions.basic.code.tex)
(C:\Users\micha\AppData\Local\Programs\MiKTeX\tex/generic/pgf/math\pgfmathfunct
ions.trigonometric.code.tex)
(C:\Users\micha\AppData\Local\Programs\MiKTeX\tex/generic/pgf/math\pgfmathfunct
ions.random.code.tex)
(C:\Users\micha\AppData\Local\Programs\MiKTeX\tex/generic/pgf/math\pgfmathfunct
ions.comparison.code.tex)
(C:\Users\micha\AppData\Local\Programs\MiKTeX\tex/generic/pgf/math\pgfmathfunct
ions.base.code.tex)
(C:\Users\micha\AppData\Local\Programs\MiKTeX\tex/generic/pgf/math\pgfmathfunct
ions.round.code.tex)
(C:\Users\micha\AppData\Local\Programs\MiKTeX\tex/generic/pgf/math\pgfmathfunct
ions.misc.code.tex)
(C:\Users\micha\AppData\Local\Programs\MiKTeX\tex/generic/pgf/math\pgfmathfunct
ions.integerarithmetics.code.tex)
(C:\Users\micha\AppData\Local\Programs\MiKTeX\tex/generic/pgf/math\pgfmathcalc.
code.tex)
(C:\Users\micha\AppData\Local\Programs\MiKTeX\tex/generic/pgf/math\pgfmathfloat
.code.tex
\c@pgfmathroundto@lastzeros=\count277
))
(C:\Users\micha\AppData\Local\Programs\MiKTeX\tex/generic/pgf/math\pgfint.code.
tex)
(C:\Users\micha\AppData\Local\Programs\MiKTeX\tex/generic/pgf/basiclayer\pgfcor
epoints.code.tex
File: pgfcorepoints.code.tex 2023-01-15 v3.1.10 (3.1.10)
\pgf@picminx=\dimen170
\pgf@picmaxx=\dimen171
\pgf@picminy=\dimen172
\pgf@picmaxy=\dimen173
\pgf@pathminx=\dimen174
\pgf@pathmaxx=\dimen175
\pgf@pathminy=\dimen176
\pgf@pathmaxy=\dimen177
\pgf@xx=\dimen178
\pgf@xy=\dimen179
\pgf@yx=\dimen180
\pgf@yy=\dimen181
\pgf@zx=\dimen182
\pgf@zy=\dimen183
)
(C:\Users\micha\AppData\Local\Programs\MiKTeX\tex/generic/pgf/basiclayer\pgfcor
epathconstruct.code.tex
File: pgfcorepathconstruct.code.tex 2023-01-15 v3.1.10 (3.1.10)
\pgf@path@lastx=\dimen184
\pgf@path@lasty=\dimen185
)
(C:\Users\micha\AppData\Local\Programs\MiKTeX\tex/generic/pgf/basiclayer\pgfcor
epathusage.code.tex
File: pgfcorepathusage.code.tex 2023-01-15 v3.1.10 (3.1.10)
\pgf@shorten@end@additional=\dimen186
\pgf@shorten@start@additional=\dimen187
)
(C:\Users\micha\AppData\Local\Programs\MiKTeX\tex/generic/pgf/basiclayer\pgfcor
escopes.code.tex
File: pgfcorescopes.code.tex 2023-01-15 v3.1.10 (3.1.10)
\pgfpic=\box62
\pgf@hbox=\box63
\pgf@layerbox@main=\box64
\pgf@picture@serial@count=\count278
)
(C:\Users\micha\AppData\Local\Programs\MiKTeX\tex/generic/pgf/basiclayer\pgfcor
egraphicstate.code.tex
File: pgfcoregraphicstate.code.tex 2023-01-15 v3.1.10 (3.1.10)
\pgflinewidth=\dimen188
)
(C:\Users\micha\AppData\Local\Programs\MiKTeX\tex/generic/pgf/basiclayer\pgfcor
etransformations.code.tex
File: pgfcoretransformations.code.tex 2023-01-15 v3.1.10 (3.1.10)
\pgf@pt@x=\dimen189
\pgf@pt@y=\dimen190
\pgf@pt@temp=\dimen191
)
(C:\Users\micha\AppData\Local\Programs\MiKTeX\tex/generic/pgf/basiclayer\pgfcor
equick.code.tex
File: pgfcorequick.code.tex 2023-01-15 v3.1.10 (3.1.10)
)
(C:\Users\micha\AppData\Local\Programs\MiKTeX\tex/generic/pgf/basiclayer\pgfcor
eobjects.code.tex
File: pgfcoreobjects.code.tex 2023-01-15 v3.1.10 (3.1.10)
)
(C:\Users\micha\AppData\Local\Programs\MiKTeX\tex/generic/pgf/basiclayer\pgfcor
epathprocessing.code.tex
File: pgfcorepathprocessing.code.tex 2023-01-15 v3.1.10 (3.1.10)
)
(C:\Users\micha\AppData\Local\Programs\MiKTeX\tex/generic/pgf/basiclayer\pgfcor
earrows.code.tex
File: pgfcorearrows.code.tex 2023-01-15 v3.1.10 (3.1.10)
\pgfarrowsep=\dimen192
)
(C:\Users\micha\AppData\Local\Programs\MiKTeX\tex/generic/pgf/basiclayer\pgfcor
eshade.code.tex
File: pgfcoreshade.code.tex 2023-01-15 v3.1.10 (3.1.10)
\pgf@max=\dimen193
\pgf@sys@shading@range@num=\count279
\pgf@shadingcount=\count280
)
(C:\Users\micha\AppData\Local\Programs\MiKTeX\tex/generic/pgf/basiclayer\pgfcor
eimage.code.tex
File: pgfcoreimage.code.tex 2023-01-15 v3.1.10 (3.1.10)
)
(C:\Users\micha\AppData\Local\Programs\MiKTeX\tex/generic/pgf/basiclayer\pgfcor
eexternal.code.tex
File: pgfcoreexternal.code.tex 2023-01-15 v3.1.10 (3.1.10)
\pgfexternal@startupbox=\box65
)
(C:\Users\micha\AppData\Local\Programs\MiKTeX\tex/generic/pgf/basiclayer\pgfcor
elayers.code.tex
File: pgfcorelayers.code.tex 2023-01-15 v3.1.10 (3.1.10)
)
(C:\Users\micha\AppData\Local\Programs\MiKTeX\tex/generic/pgf/basiclayer\pgfcor
etransparency.code.tex
File: pgfcoretransparency.code.tex 2023-01-15 v3.1.10 (3.1.10)
)
(C:\Users\micha\AppData\Local\Programs\MiKTeX\tex/generic/pgf/basiclayer\pgfcor
epatterns.code.tex
File: pgfcorepatterns.code.tex 2023-01-15 v3.1.10 (3.1.10)
)
(C:\Users\micha\AppData\Local\Programs\MiKTeX\tex/generic/pgf/basiclayer\pgfcor
erdf.code.tex
File: pgfcorerdf.code.tex 2023-01-15 v3.1.10 (3.1.10)
)))
(C:\Users\micha\AppData\Local\Programs\MiKTeX\tex/generic/pgf/modules\pgfmodule
shapes.code.tex
File: pgfmoduleshapes.code.tex 2023-01-15 v3.1.10 (3.1.10)
\pgfnodeparttextbox=\box66
)
(C:\Users\micha\AppData\Local\Programs\MiKTeX\tex/generic/pgf/modules\pgfmodule
plot.code.tex
File: pgfmoduleplot.code.tex 2023-01-15 v3.1.10 (3.1.10)
)
(C:\Users\micha\AppData\Local\Programs\MiKTeX\tex/latex/pgf/compatibility\pgfco
mp-version-0-65.sty
Package: pgfcomp-version-0-65 2023-01-15 v3.1.10 (3.1.10)
\pgf@nodesepstart=\dimen194
\pgf@nodesepend=\dimen195
)
(C:\Users\micha\AppData\Local\Programs\MiKTeX\tex/latex/pgf/compatibility\pgfco
mp-version-1-18.sty
Package: pgfcomp-version-1-18 2023-01-15 v3.1.10 (3.1.10)
))
(C:\Users\micha\AppData\Local\Programs\MiKTeX\tex/latex/tools\verbatim.sty
Package: verbatim 2022-07-02 v1.5u LaTeX2e package for verbatim enhancements
\every@verbatim=\toks34
\verbatim@line=\toks35
\verbatim@in@stream=\read3
)
(C:\Users\micha\AppData\Local\Programs\MiKTeX\tex/latex/environ\environ.sty
Package: environ 2014/05/04 v0.3 A new way to define environments

(C:\Users\micha\AppData\Local\Programs\MiKTeX\tex/latex/trimspaces\trimspaces.s
ty
Package: trimspaces 2009/09/17 v1.1 Trim spaces around a token list
)
\@envbody=\toks36
)
(C:\Users\micha\AppData\Local\Programs\MiKTeX\tex/latex/etoolbox\etoolbox.sty
Package: etoolbox 2020/10/05 v2.5k e-TeX tools for LaTeX (JAW)
\etb@tempcnta=\count281
)
\tcb@titlebox=\box67
\tcb@upperbox=\box68
\tcb@lowerbox=\box69
\tcb@phantombox=\box70
\c@tcbbreakpart=\count282
\c@tcblayer=\count283
\c@tcolorbox@number=\count284
\tcb@temp=\box71
\tcb@temp=\box72
\tcb@temp=\box73
\tcb@temp=\box74
) (C:\Users\micha\AppData\Local\Programs\MiKTeX\tex/latex/amsmath\amsmath.sty
Package: amsmath 2023/05/13 v2.17o AMS math features
\@mathmargin=\skip56

For additional information on amsmath, use the `?' option.
(C:\Users\micha\AppData\Local\Programs\MiKTeX\tex/latex/amsmath\amstext.sty
Package: amstext 2021/08/26 v2.01 AMS text

(C:\Users\micha\AppData\Local\Programs\MiKTeX\tex/latex/amsmath\amsgen.sty
File: amsgen.sty 1999/11/30 v2.0 generic functions
\@emptytoks=\toks37
\ex@=\dimen196
))
(C:\Users\micha\AppData\Local\Programs\MiKTeX\tex/latex/amsmath\amsbsy.sty
Package: amsbsy 1999/11/29 v1.2d Bold Symbols
\pmbraise@=\dimen197
)
(C:\Users\micha\AppData\Local\Programs\MiKTeX\tex/latex/amsmath\amsopn.sty
Package: amsopn 2022/04/08 v2.04 operator names
)
\inf@bad=\count285
LaTeX Info: Redefining \frac on input line 234.
\uproot@=\count286
\leftroot@=\count287
LaTeX Info: Redefining \overline on input line 399.
LaTeX Info: Redefining \colon on input line 410.
\classnum@=\count288
\DOTSCASE@=\count289
LaTeX Info: Redefining \ldots on input line 496.
LaTeX Info: Redefining \dots on input line 499.
LaTeX Info: Redefining \cdots on input line 620.
\Mathstrutbox@=\box75
\strutbox@=\box76
LaTeX Info: Redefining \big on input line 722.
LaTeX Info: Redefining \Big on input line 723.
LaTeX Info: Redefining \bigg on input line 724.
LaTeX Info: Redefining \Bigg on input line 725.
\big@size=\dimen198
LaTeX Font Info:    Redeclaring font encoding OML on input line 743.
LaTeX Font Info:    Redeclaring font encoding OMS on input line 744.
\macc@depth=\count290
LaTeX Info: Redefining \bmod on input line 905.
LaTeX Info: Redefining \pmod on input line 910.
LaTeX Info: Redefining \smash on input line 940.
LaTeX Info: Redefining \relbar on input line 970.
LaTeX Info: Redefining \Relbar on input line 971.
\c@MaxMatrixCols=\count291
\dotsspace@=\muskip17
\c@parentequation=\count292
\dspbrk@lvl=\count293
\tag@help=\toks38
\row@=\count294
\column@=\count295
\maxfields@=\count296
\andhelp@=\toks39
\eqnshift@=\dimen199
\alignsep@=\dimen256
\tagshift@=\dimen257
\tagwidth@=\dimen258
\totwidth@=\dimen259
\lineht@=\dimen260
\@envbody=\toks40
\multlinegap=\skip57
\multlinetaggap=\skip58
\mathdisplay@stack=\toks41
LaTeX Info: Redefining \[ on input line 2953.
LaTeX Info: Redefining \] on input line 2954.
)
(C:\Users\micha\AppData\Local\Programs\MiKTeX\tex/latex/graphics\epsfig.sty
Package: epsfig 2017/06/25 v1.7b (e)psfig emulation (SPQR)
\epsfxsize=\dimen261
\epsfysize=\dimen262
)
(C:\Users\micha\AppData\Local\Programs\MiKTeX\tex/latex/amsfonts\amssymb.sty
Package: amssymb 2013/01/14 v3.01 AMS font symbols

(C:\Users\micha\AppData\Local\Programs\MiKTeX\tex/latex/amsfonts\amsfonts.sty
Package: amsfonts 2013/01/14 v3.01 Basic AMSFonts support
\symAMSa=\mathgroup4
\symAMSb=\mathgroup5
LaTeX Font Info:    Redeclaring math symbol \hbar on input line 98.
LaTeX Font Info:    Overwriting math alphabet `\mathfrak' in version `bold'
(Font)                  U/euf/m/n --> U/euf/b/n on input line 106.
)) (C:\Users\micha\AppData\Local\Programs\MiKTeX\tex/latex/lipsum\lipsum.sty
(C:\Users\micha\AppData\Local\Programs\MiKTeX\tex/latex/l3packages/l3keys2e\l3k
eys2e.sty
(C:\Users\micha\AppData\Local\Programs\MiKTeX\tex/latex/l3kernel\expl3.sty
Package: expl3 2023-08-29 L3 programming layer (loader) 

(C:\Users\micha\AppData\Local\Programs\MiKTeX\tex/latex/l3backend\l3backend-pdf
tex.def
File: l3backend-pdftex.def 2023-04-19 L3 backend support: PDF output (pdfTeX)
\l__color_backend_stack_int=\count297
\l__pdf_internal_box=\box77
))
Package: l3keys2e 2023-08-29 LaTeX2e option processing using LaTeX3 keys
)
Package: lipsum 2021-09-20 v2.7 150 paragraphs of Lorem Ipsum dummy text
\g__lipsum_par_int=\count298
\l__lipsum_a_int=\count299
\l__lipsum_b_int=\count300

(C:\Users\micha\AppData\Local\Programs\MiKTeX\tex/latex/lipsum\lipsum.ltd.tex))
(C:\Users\micha\AppData\Local\Programs\MiKTeX\tex/latex/booktabs\booktabs.sty
Package: booktabs 2020/01/12 v1.61803398 Publication quality tables
\heavyrulewidth=\dimen263
\lightrulewidth=\dimen264
\cmidrulewidth=\dimen265
\belowrulesep=\dimen266
\belowbottomsep=\dimen267
\aboverulesep=\dimen268
\abovetopsep=\dimen269
\cmidrulesep=\dimen270
\cmidrulekern=\dimen271
\defaultaddspace=\dimen272
\@cmidla=\count301
\@cmidlb=\count302
\@aboverulesep=\dimen273
\@belowrulesep=\dimen274
\@thisruleclass=\count303
\@lastruleclass=\count304
\@thisrulewidth=\dimen275
)
(C:\Users\micha\AppData\Local\Programs\MiKTeX\tex/latex/pgf/frontendlayer\tikz.
sty
(C:\Users\micha\AppData\Local\Programs\MiKTeX\tex/latex/pgf/utilities\pgffor.st
y
(C:\Users\micha\AppData\Local\Programs\MiKTeX\tex/latex/pgf/utilities\pgfkeys.s
ty
(C:\Users\micha\AppData\Local\Programs\MiKTeX\tex/generic/pgf/utilities\pgfkeys
.code.tex))
(C:\Users\micha\AppData\Local\Programs\MiKTeX\tex/latex/pgf/math\pgfmath.sty
(C:\Users\micha\AppData\Local\Programs\MiKTeX\tex/generic/pgf/math\pgfmath.code
.tex))
(C:\Users\micha\AppData\Local\Programs\MiKTeX\tex/generic/pgf/utilities\pgffor.
code.tex
Package: pgffor 2023-01-15 v3.1.10 (3.1.10)
\pgffor@iter=\dimen276
\pgffor@skip=\dimen277
\pgffor@stack=\toks42
\pgffor@toks=\toks43
))
(C:\Users\micha\AppData\Local\Programs\MiKTeX\tex/generic/pgf/frontendlayer/tik
z\tikz.code.tex
Package: tikz 2023-01-15 v3.1.10 (3.1.10)

(C:\Users\micha\AppData\Local\Programs\MiKTeX\tex/generic/pgf/libraries\pgflibr
aryplothandlers.code.tex
File: pgflibraryplothandlers.code.tex 2023-01-15 v3.1.10 (3.1.10)
\pgf@plot@mark@count=\count305
\pgfplotmarksize=\dimen278
)
\tikz@lastx=\dimen279
\tikz@lasty=\dimen280
\tikz@lastxsaved=\dimen281
\tikz@lastysaved=\dimen282
\tikz@lastmovetox=\dimen283
\tikz@lastmovetoy=\dimen284
\tikzleveldistance=\dimen285
\tikzsiblingdistance=\dimen286
\tikz@figbox=\box78
\tikz@figbox@bg=\box79
\tikz@tempbox=\box80
\tikz@tempbox@bg=\box81
\tikztreelevel=\count306
\tikznumberofchildren=\count307
\tikznumberofcurrentchild=\count308
\tikz@fig@count=\count309

(C:\Users\micha\AppData\Local\Programs\MiKTeX\tex/generic/pgf/modules\pgfmodule
matrix.code.tex
File: pgfmodulematrix.code.tex 2023-01-15 v3.1.10 (3.1.10)
\pgfmatrixcurrentrow=\count310
\pgfmatrixcurrentcolumn=\count311
\pgf@matrix@numberofcolumns=\count312
)
\tikz@expandcount=\count313

(C:\Users\micha\AppData\Local\Programs\MiKTeX\tex/generic/pgf/frontendlayer/tik
z/libraries\tikzlibrarytopaths.code.tex
File: tikzlibrarytopaths.code.tex 2023-01-15 v3.1.10 (3.1.10)
)))
(C:\Users\micha\AppData\Local\Programs\MiKTeX\tex/latex/tools\xr.sty
Package: xr 2020-05-10 v5.06 eXternal References (DPC)
)
(C:\Users\micha\AppData\Local\Programs\MiKTeX\tex/latex/tools\array.sty
Package: array 2022/09/04 v2.5g Tabular extension package (FMi)
\col@sep=\dimen287
\ar@mcellbox=\box82
\extrarowheight=\dimen288
\NC@list=\toks44
\extratabsurround=\skip59
\backup@length=\skip60
\ar@cellbox=\box83
)
(C:\Users\micha\AppData\Local\Programs\MiKTeX\tex/latex/jknappen\mathrsfs.sty
Package: mathrsfs 1996/01/01 Math RSFS package v1.0 (jk)
\symrsfs=\mathgroup6
)
(C:\Users\micha\AppData\Local\Programs\MiKTeX\tex/latex/tools\bm.sty
Package: bm 2022/01/05 v1.2f Bold Symbol Support (DPC/FMi)
\symboldoperators=\mathgroup7
\symboldletters=\mathgroup8
\symboldsymbols=\mathgroup9
Package bm Info: No bold for \OMX/cmex/m/n, using \pmb.
Package bm Info: No bold for \U/msa/m/n, using \pmb.
Package bm Info: No bold for \U/msb/m/n, using \pmb.
Package bm Info: No bold for \U/rsfs/m/n, using \pmb.
LaTeX Font Info:    Redeclaring math alphabet \mathbf on input line 149.
)
(C:\Users\micha\AppData\Local\Programs\MiKTeX\tex/latex/newtx\newtxmath.sty
Package: newtxmath 2023/11/05 v1.732

`newtxmath' v1.732, 2023/11/05 Math macros based originally on txfonts (msharpe
) (C:\Users\micha\AppData\Local\Programs\MiKTeX\tex/generic/iftex\iftex.sty
Package: iftex 2022/02/03 v1.0f TeX engine tests
)
(C:\Users\micha\AppData\Local\Programs\MiKTeX\tex/latex/xkeyval\xkeyval.sty
Package: xkeyval 2022/06/16 v2.9 package option processing (HA)

(C:\Users\micha\AppData\Local\Programs\MiKTeX\tex/generic/xkeyval\xkeyval.tex
(C:\Users\micha\AppData\Local\Programs\MiKTeX\tex/generic/xkeyval\xkvutils.tex
\XKV@toks=\toks45
\XKV@tempa@toks=\toks46
)
\XKV@depth=\count314
File: xkeyval.tex 2014/12/03 v2.7a key=value parser (HA)
))
(C:\Users\micha\AppData\Local\Programs\MiKTeX\tex/latex/oberdiek\centernot.sty
Package: centernot 2016/05/16 v1.4 Centers the not symbol horizontally (HO)
)
\tx@cntz=\count315
(C:\Users\micha\AppData\Local\Programs\MiKTeX\tex/generic/binhex\binhex.tex)
\tx@Isdigit=\count316
\tx@IsAlNum=\count317
\tx@tA=\toks47
\tx@tB=\toks48
\tx@su=\read4

amsthm NOT loaded
LaTeX Font Info:    Redeclaring symbol font `operators' on input line 390.
LaTeX Font Info:    Overwriting symbol font `operators' in version `normal'
(Font)                  OT1/cmr/m/n --> OT1/minntx/m/n on input line 390.
LaTeX Font Info:    Overwriting symbol font `operators' in version `bold'
(Font)                  OT1/cmr/bx/n --> OT1/minntx/m/n on input line 390.
LaTeX Font Info:    Overwriting symbol font `operators' in version `bold'
(Font)                  OT1/minntx/m/n --> OT1/minntx/b/n on input line 391.
LaTeX Font Info:    Redeclaring math alphabet \mathsf on input line 397.
LaTeX Font Info:    Overwriting math alphabet `\mathsf' in version `normal'
(Font)                  OT1/cmss/m/n --> OT1/phv/m/n on input line 397.
LaTeX Font Info:    Overwriting math alphabet `\mathsf' in version `bold'
(Font)                  OT1/cmss/bx/n --> OT1/phv/m/n on input line 397.
LaTeX Font Info:    Redeclaring math alphabet \mathit on input line 398.
LaTeX Font Info:    Overwriting math alphabet `\mathit' in version `normal'
(Font)                  OT1/cmr/m/it --> OT1/minntx/m/it on input line 398.
LaTeX Font Info:    Overwriting math alphabet `\mathit' in version `bold'
(Font)                  OT1/cmr/bx/it --> OT1/minntx/m/it on input line 398.
LaTeX Font Info:    Redeclaring math alphabet \mathtt on input line 399.
LaTeX Font Info:    Overwriting math alphabet `\mathtt' in version `normal'
(Font)                  OT1/cmtt/m/n --> OT1/pcr/m/n on input line 399.
LaTeX Font Info:    Overwriting math alphabet `\mathtt' in version `bold'
(Font)                  OT1/cmtt/m/n --> OT1/pcr/m/n on input line 399.
LaTeX Font Info:    Redeclaring math alphabet \mathbf on input line 401.
LaTeX Font Info:    Overwriting math alphabet `\mathit' in version `bold'
(Font)                  OT1/minntx/m/it --> OT1/minntx/b/it on input line 402.
LaTeX Font Info:    Overwriting math alphabet `\mathsf' in version `bold'
(Font)                  OT1/phv/m/n --> OT1/phv/b/n on input line 403.
LaTeX Font Info:    Overwriting math alphabet `\mathtt' in version `bold'
(Font)                  OT1/pcr/m/n --> OT1/pcr/b/n on input line 404.
LaTeX Font Info:    Redeclaring symbol font `letters' on input line 506.
LaTeX Font Info:    Overwriting symbol font `letters' in version `normal'
(Font)                  OML/cmm/m/it --> OML/ntxmi/m/it on input line 506.
LaTeX Font Info:    Overwriting symbol font `letters' in version `bold'
(Font)                  OML/cmm/b/it --> OML/ntxmi/m/it on input line 506.
LaTeX Font Info:    Overwriting symbol font `letters' in version `bold'
(Font)                  OML/ntxmi/m/it --> OML/ntxmi/b/it on input line 507.
\symlettersA=\mathgroup10
LaTeX Font Info:    Overwriting symbol font `lettersA' in version `bold'
(Font)                  U/ntxmia/m/it --> U/ntxmia/b/it on input line 562.
LaTeX Font Info:    Redeclaring math alphabet \mathfrak on input line 564.
Now handling font encoding LMS ...
... no UTF-8 mapping file for font encoding LMS
LaTeX Font Info:    Redeclaring symbol font `symbols' on input line 583.
LaTeX Font Info:    Encoding `OMS' has changed to `LMS' for symbol font
(Font)              `symbols' in the math version `normal' on input line 583.
LaTeX Font Info:    Overwriting symbol font `symbols' in version `normal'
(Font)                  OMS/cmsy/m/n --> LMS/ntxsy/m/n on input line 583.
LaTeX Font Info:    Encoding `OMS' has changed to `LMS' for symbol font
(Font)              `symbols' in the math version `bold' on input line 583.
LaTeX Font Info:    Overwriting symbol font `symbols' in version `bold'
(Font)                  OMS/cmsy/b/n --> LMS/ntxsy/m/n on input line 583.
LaTeX Font Info:    Overwriting symbol font `symbols' in version `bold'
(Font)                  LMS/ntxsy/m/n --> LMS/ntxsy/b/n on input line 584.
\symAMSm=\mathgroup11
LaTeX Font Info:    Overwriting symbol font `AMSm' in version `bold'
(Font)                  U/ntxsym/m/n --> U/ntxsym/b/n on input line 609.
\symsymbolsC=\mathgroup12
LaTeX Font Info:    Overwriting symbol font `symbolsC' in version `bold'
(Font)                  U/ntxsyc/m/n --> U/ntxsyc/b/n on input line 630.
Now handling font encoding LMX ...
... no UTF-8 mapping file for font encoding LMX
LaTeX Font Info:    Redeclaring symbol font `largesymbols' on input line 643.
LaTeX Font Info:    Encoding `OMX' has changed to `LMX' for symbol font
(Font)              `largesymbols' in the math version `normal' on input line 6
43.
LaTeX Font Info:    Overwriting symbol font `largesymbols' in version `normal'
(Font)                  OMX/cmex/m/n --> LMX/ntxexx/m/n on input line 643.
LaTeX Font Info:    Encoding `OMX' has changed to `LMX' for symbol font
(Font)              `largesymbols' in the math version `bold' on input line 643
.
LaTeX Font Info:    Overwriting symbol font `largesymbols' in version `bold'
(Font)                  OMX/cmex/m/n --> LMX/ntxexx/m/n on input line 643.
LaTeX Font Info:    Overwriting symbol font `largesymbols' in version `bold'
(Font)                  LMX/ntxexx/m/n --> LMX/ntxexx/b/n on input line 644.
\symlargesymbolsTXA=\mathgroup13
LaTeX Font Info:    Overwriting symbol font `largesymbolsTXA' in version `bold'

(Font)                  U/ntxexa/m/n --> U/ntxexa/b/n on input line 658.
\tx@sbptoks=\toks49
LaTeX Font Info:    Redeclaring math delimiter \lfloor on input line 881.
LaTeX Font Info:    Redeclaring math delimiter \rfloor on input line 882.
LaTeX Font Info:    Redeclaring math delimiter \lceil on input line 883.
LaTeX Font Info:    Redeclaring math delimiter \rceil on input line 884.
LaTeX Font Info:    Redeclaring math delimiter \lbrace on input line 889.
LaTeX Font Info:    Redeclaring math delimiter \rbrace on input line 890.
LaTeX Font Info:    Redeclaring math delimiter \langle on input line 892.
LaTeX Font Info:    Redeclaring math delimiter \rangle on input line 894.
LaTeX Font Info:    Redeclaring math delimiter \arrowvert on input line 898.
LaTeX Font Info:    Redeclaring math delimiter \vert on input line 899.
LaTeX Font Info:    Redeclaring math accent \dot on input line 970.
LaTeX Font Info:    Redeclaring math accent \ddot on input line 971.
LaTeX Font Info:    Redeclaring math accent \vec on input line 2044.
LaTeX Info: Redefining \Bbbk on input line 2834.
LaTeX Info: Redefining \not on input line 2982.
)
(C:\Users\micha\AppData\Local\Programs\MiKTeX\tex/latex/doublestroke\dsfont.sty
Package: dsfont 1995/08/01 v0.1 Double stroke roman fonts
) (C:\Users\micha\AppData\Local\Programs\MiKTeX\tex/latex/lineno\lineno.sty
Package: lineno 2023/05/20 line numbers on paragraphs v5.3

(C:\Users\micha\AppData\Local\Programs\MiKTeX\tex/latex/kvoptions\kvoptions.sty
Package: kvoptions 2022-06-15 v3.15 Key value format for package options (HO)
(C:\Users\micha\AppData\Local\Programs\MiKTeX\tex/generic/ltxcmds\ltxcmds.sty
Package: ltxcmds 2023-12-04 v1.26 LaTeX kernel commands for general use (HO)
)
(C:\Users\micha\AppData\Local\Programs\MiKTeX\tex/latex/kvsetkeys\kvsetkeys.sty
Package: kvsetkeys 2022-10-05 v1.19 Key value parser (HO)
))
\linenopenalty=\count318
\output=\toks50
\linenoprevgraf=\count319
\linenumbersep=\dimen289
\linenumberwidth=\dimen290
\c@linenumber=\count320
\c@pagewiselinenumber=\count321
\c@LN@truepage=\count322
\c@internallinenumber=\count323
\c@internallinenumbers=\count324
\quotelinenumbersep=\dimen291
\bframerule=\dimen292
\bframesep=\dimen293
\bframebox=\box84
\linenoamsmath@ams@eqpen=\count325
LaTeX Info: Redefining \\ on input line 3180.
)
(C:\Users\micha\AppData\Local\Programs\MiKTeX\tex/latex/enumitem\enumitem.sty
Package: enumitem 2019/06/20 v3.9 Customized lists
\labelindent=\skip61
\enit@outerparindent=\dimen294
\enit@toks=\toks51
\enit@inbox=\box85
\enit@count@id=\count326
\enitdp@description=\count327
)
(C:\Users\micha\AppData\Local\Programs\MiKTeX\tex/latex/bbding\bbding.sty
Package: bbding 1999/04/15 v1.01 Dingbats symbols
)
(C:\Users\micha\AppData\Local\Programs\MiKTeX\tex/latex/multirow\multirow.sty
Package: multirow 2021/03/15 v2.8 Span multiple rows of a table
\multirow@colwidth=\skip62
\multirow@cntb=\count328
\multirow@dima=\skip63
\bigstrutjot=\dimen295
)
(C:\Users\micha\AppData\Local\Programs\MiKTeX\tex/latex/caption\subcaption.sty
Package: subcaption 2023/07/28 v1.6b Sub-captions (AR)
Package caption Info: New subtype `subfigure' on input line 238.
\c@subfigure=\count329
Package caption Info: New subtype `subtable' on input line 238.
\c@subtable=\count330
) (C:\Users\micha\AppData\Local\Programs\MiKTeX\tex/latex/newfloat\newfloat.sty
Package: newfloat 2023/10/01 v1.2 Defining new floating environments (AR)
) (C:\Users\micha\AppData\Local\Programs\MiKTeX\tex/latex/listings\listings.sty
\lst@mode=\count331
\lst@gtempboxa=\box86
\lst@token=\toks52
\lst@length=\count332
\lst@currlwidth=\dimen296
\lst@column=\count333
\lst@pos=\count334
\lst@lostspace=\dimen297
\lst@width=\dimen298
\lst@newlines=\count335
\lst@lineno=\count336
\lst@maxwidth=\dimen299

(C:\Users\micha\AppData\Local\Programs\MiKTeX\tex/latex/listings\lstmisc.sty
File: lstmisc.sty 2023/02/27 1.9 (Carsten Heinz)
\c@lstnumber=\count337
\lst@skipnumbers=\count338
\lst@framebox=\box87
)
(C:\Users\micha\AppData\Local\Programs\MiKTeX\tex/latex/listings\listings.cfg
File: listings.cfg 2023/02/27 1.9 listings configuration
))
Package: listings 2023/02/27 1.9 (Carsten Heinz)
\@float@every@listing=\toks53
\c@listing=\count339
(C:\Users\micha\AppData\Local\Programs\MiKTeX\tex/latex/natbib\bibentry.sty
Package: bibentry 2007/10/30 1.5 (PWD)
)
LaTeX Font Info:    Trying to load font information for OT1+ptm on input line 2
31.

(C:\Users\micha\AppData\Local\Programs\MiKTeX\tex/latex/psnfss\ot1ptm.fd
File: ot1ptm.fd 2001/06/04 font definitions for OT1/ptm.
)
(main_changed.aux)
\openout1 = `main_changed.aux'.

LaTeX Font Info:    Checking defaults for OML/ntxmi/m/it on input line 231.
LaTeX Font Info:    Trying to load font information for OML+ntxmi on input line
 231.

(C:\Users\micha\AppData\Local\Programs\MiKTeX\tex/latex/newtx\omlntxmi.fd
File: omlntxmi.fd 2015/08/25 Fontinst v1.933 font definitions for OML/ntxmi.
)
LaTeX Font Info:    ... okay on input line 231.
LaTeX Font Info:    Checking defaults for OMS/cmsy/m/n on input line 231.
LaTeX Font Info:    ... okay on input line 231.
LaTeX Font Info:    Checking defaults for OT1/cmr/m/n on input line 231.
LaTeX Font Info:    ... okay on input line 231.
LaTeX Font Info:    Checking defaults for T1/cmr/m/n on input line 231.
LaTeX Font Info:    ... okay on input line 231.
LaTeX Font Info:    Checking defaults for TS1/cmr/m/n on input line 231.
LaTeX Font Info:    ... okay on input line 231.
LaTeX Font Info:    Checking defaults for OMX/cmex/m/n on input line 231.
LaTeX Font Info:    ... okay on input line 231.
LaTeX Font Info:    Checking defaults for U/ntxexa/m/n on input line 231.
LaTeX Font Info:    Trying to load font information for U+ntxexa on input line 
231.

(C:\Users\micha\AppData\Local\Programs\MiKTeX\tex/latex/newtx\untxexa.fd
File: untxexa.fd 2012/04/16 Fontinst v1.933 font definitions for U/ntxexa.
)
LaTeX Font Info:    ... okay on input line 231.
LaTeX Font Info:    Checking defaults for LMS/ntxsy/m/n on input line 231.
LaTeX Font Info:    Trying to load font information for LMS+ntxsy on input line
 231.

(C:\Users\micha\AppData\Local\Programs\MiKTeX\tex/latex/newtx\lmsntxsy.fd
File: lmsntxsy.fd 2016/07/02 Fontinst v1.933 font definitions for LMS/ntxsy.
)
LaTeX Font Info:    ... okay on input line 231.
LaTeX Font Info:    Checking defaults for LMX/ntxexx/m/n on input line 231.
LaTeX Font Info:    Trying to load font information for LMX+ntxexx on input lin
e 231.

(C:\Users\micha\AppData\Local\Programs\MiKTeX\tex/latex/newtx\lmxntxexx.fd
File: lmxntxexx.fd 2016/07/03 Fontinst v1.933 font definitions for LMX/ntxexx.
)
LaTeX Font Info:    ... okay on input line 231.

(C:\Users\micha\AppData\Local\Programs\MiKTeX\tex/context/base/mkii\supp-pdf.mk
ii
[Loading MPS to PDF converter (version 2006.09.02).]
\scratchcounter=\count340
\scratchdimen=\dimen300
\scratchbox=\box88
\nofMPsegments=\count341
\nofMParguments=\count342
\everyMPshowfont=\toks54
\MPscratchCnt=\count343
\MPscratchDim=\dimen301
\MPnumerator=\count344
\makeMPintoPDFobject=\count345
\everyMPtoPDFconversion=\toks55
)
(C:\Users\micha\AppData\Local\Programs\MiKTeX\tex/latex/epstopdf-pkg\epstopdf-b
ase.sty
Package: epstopdf-base 2020-01-24 v2.11 Base part for package epstopdf
Package epstopdf-base Info: Redefining graphics rule for `.eps' on input line 4
85.

(C:\Users\micha\AppData\Local\Programs\MiKTeX\tex/latex/00miktex\epstopdf-sys.c
fg
File: epstopdf-sys.cfg 2021/03/18 v2.0 Configuration of epstopdf for MiKTeX
))
Package caption Info: Begin \AtBeginDocument code.
Package caption Info: float package is loaded.
Package caption Info: listings package is loaded.
Package caption Info: End \AtBeginDocument code.
LaTeX Info: Command `\dddot' is already robust on input line 231.
LaTeX Info: Command `\ddddot' is already robust on input line 231.
Package newfloat Info: `float' package detected.
\c@lstlisting=\count346
\c@eqfn=\count347
\titlearea=\box89
LaTeX Font Info:    Trying to load font information for OT1+minntx on input lin
e 235.
 (C:\Users\micha\AppData\Local\Programs\MiKTeX\tex/latex/newtx\ot1minntx.fd
File: ot1minntx.fd 2023/09/09 v1.1 font definition file for OT1/minntx
)
LaTeX Font Info:    Trying to load font information for U+msa on input line 235
.
 (C:\Users\micha\AppData\Local\Programs\MiKTeX\tex/latex/amsfonts\umsa.fd
File: umsa.fd 2013/01/14 v3.01 AMS symbols A
)
LaTeX Font Info:    Trying to load font information for U+msb on input line 235
.

(C:\Users\micha\AppData\Local\Programs\MiKTeX\tex/latex/amsfonts\umsb.fd
File: umsb.fd 2013/01/14 v3.01 AMS symbols B
)
LaTeX Font Info:    Trying to load font information for U+rsfs on input line 23
5.

(C:\Users\micha\AppData\Local\Programs\MiKTeX\tex/latex/jknappen\ursfs.fd
File: ursfs.fd 1998/03/24 rsfs font definition file (jk)
)
LaTeX Font Info:    Trying to load font information for U+ntxmia on input line 
235.

(C:\Users\micha\AppData\Local\Programs\MiKTeX\tex/latex/newtx\untxmia.fd
File: untxmia.fd 2018/04/14 Fontinst v1.933 font definitions for U/ntxmia.
)
LaTeX Font Info:    Trying to load font information for U+ntxsym on input line 
235.

(C:\Users\micha\AppData\Local\Programs\MiKTeX\tex/latex/newtx\untxsym.fd
File: untxsym.fd 2023/08/16 Fontinst v1.933 font definitions for U/ntxsym.
)
LaTeX Font Info:    Trying to load font information for U+ntxsyc on input line 
235.

(C:\Users\micha\AppData\Local\Programs\MiKTeX\tex/latex/newtx\untxsyc.fd
File: untxsyc.fd 2012/04/12 Fontinst v1.933 font definitions for U/ntxsyc.
)

LaTeX Font Warning: Font shape `U/rsfs/m/n' in size <5.5> not available
(Font)              size <5> substituted on input line 235.


LaTeX Font Warning: Font shape `OT1/cmr/bx/n' in size <5.5> not available
(Font)              size <5> substituted on input line 235.


LaTeX Font Warning: Font shape `OML/cmm/b/it' in size <5.5> not available
(Font)              size <5> substituted on input line 235.


LaTeX Font Warning: Font shape `OMS/cmsy/b/n' in size <5.5> not available
(Font)              size <5> substituted on input line 235.

\actualheight=\skip64
LaTeX Font Info:    Trying to load font information for TS1+ptm on input line 2
35.
(C:\Users\micha\AppData\Local\Programs\MiKTeX\tex/latex/psnfss\ts1ptm.fd
File: ts1ptm.fd 2001/06/04 font definitions for TS1/ptm.
)
LaTeX Font Info:    Trying to load font information for OT1+pcr on input line 2
38.

(C:\Users\micha\AppData\Local\Programs\MiKTeX\tex/latex/psnfss\ot1pcr.fd
File: ot1pcr.fd 2001/06/04 font definitions for OT1/pcr.
)

pdfTeX warning: pdflatex.exe (file ./figures/overview.pdf): PDF inclusion: foun
d PDF version <1.7>, but at most version <1.5> allowed
<figures/overview.pdf, id=4, 1365.60187pt x 626.34pt>
File: figures/overview.pdf Graphic file (type pdf)
<use figures/overview.pdf>
Package pdftex.def Info: figures/overview.pdf  used on input line 244.
(pdftex.def)             Requested size: 227.64894pt x 104.41203pt.

Package natbib Warning: Citation `li2019relation' on page 1 undefined on input 
line 255.


Package natbib Warning: Citation `li2021cross' on page 1 undefined on input lin
e 255.


Package natbib Warning: Citation `li2019semi' on page 1 undefined on input line
 255.


Package natbib Warning: Citation `wu2019mutual' on page 1 undefined on input li
ne 255.


Package natbib Warning: Citation `wu2019enhancing' on page 1 undefined on input
 line 255.


Package natbib Warning: Citation `huang2023divide' on page 1 undefined on input
 line 255.


Package natbib Warning: Citation `FedAvg' on page 1 undefined on input line 255
.


Package natbib Warning: Citation `healthcare1' on page 1 undefined on input lin
e 255.


Package natbib Warning: Citation `recommendation1' on page 1 undefined on input
 line 255.


Package natbib Warning: Citation `smartcity1' on page 1 undefined on input line
 255.


Package natbib Warning: Citation `tanno2019learning' on page 1 undefined on inp
ut line 255.


Package natbib Warning: Citation `kuznetsova2020open' on page 1 undefined on in
put line 255.


Package natbib Warning: Citation `xu2022fedcorr' on page 1 undefined on input l
ine 255.


Package natbib Warning: Citation `kim2022fedrn' on page 1 undefined on input li
ne 257.


Package natbib Warning: Citation `RoFL' on page 1 undefined on input line 257.


Package natbib Warning: Citation `xu2022fedcorr' on page 1 undefined on input l
ine 257.


Package natbib Warning: Citation `kim2022fedrn' on page 1 undefined on input li
ne 257.


Package natbib Warning: Citation `xu2022fedcorr' on page 1 undefined on input l
ine 258.


Package natbib Warning: Citation `kim2022fedrn' on page 1 undefined on input li
ne 258.


Package natbib Warning: Citation `FedAvg' on page 1 undefined on input line 258
.


Package natbib Warning: Citation `FedProx' on page 1 undefined on input line 25
8.


Underfull \vbox (badness 3158) has occurred while \output is active []

 [1{C:/Users/micha/AppData/Local/MiKTeX/fonts/map/pdftex/pdftex.map}{C:/Users/m
icha/AppData/Local/Programs/MiKTeX/fonts/enc/dvips/base/8r.enc}



 <./figures/overview.pdf>]

Package natbib Warning: Citation `kim2022fedrn' on page 2 undefined on input li
ne 260.


Package natbib Warning: Citation `xu2022fedcorr' on page 2 undefined on input l
ine 260.


Package natbib Warning: Citation `noisememory6' on page 2 undefined on input li
ne 260.



pdfTeX warning: pdflatex.exe (file ./figures/framework.pdf): PDF inclusion: fou
nd PDF version <1.7>, but at most version <1.5> allowed
<figures/framework.pdf, id=38, 901.3675pt x 277.035pt>
File: figures/framework.pdf Graphic file (type pdf)
<use figures/framework.pdf>
Package pdftex.def Info: figures/framework.pdf  used on input line 266.
(pdftex.def)             Requested size: 480.59395pt x 147.71133pt.

Package natbib Warning: Citation `holland1986statistics' on page 2 undefined on
 input line 274.


Package natbib Warning: Citation `debiasedlearning' on page 2 undefined on inpu
t line 274.


Package natbib Warning: Citation `cifar' on page 2 undefined on input line 282.



Package natbib Warning: Citation `cifar' on page 2 undefined on input line 282.



Package natbib Warning: Citation `clothing1m' on page 2 undefined on input line
 282.


Package natbib Warning: Citation `li2023betweenness' on page 2 undefined on inp
ut line 289.


Package natbib Warning: Citation `li2023idm' on page 2 undefined on input line 
289.


Package natbib Warning: Citation `JointOpt' on page 2 undefined on input line 2
89.


Package natbib Warning: Citation `li2019dividemix' on page 2 undefined on input
 line 289.


Package natbib Warning: Citation `cheng2022instance' on page 2 undefined on inp
ut line 289.


Package natbib Warning: Citation `ren2018learning' on page 2 undefined on input
 line 289.


Package natbib Warning: Citation `englesson2021generalized' on page 2 undefined
 on input line 289.


Package natbib Warning: Citation `li2022neighborhood' on page 2 undefined on in
put line 289.


Package natbib Warning: Citation `xu2022fedcorr' on page 2 undefined on input l
ine 291.


Package natbib Warning: Citation `kim2022fedrn' on page 2 undefined on input li
ne 295.


Package natbib Warning: Citation `RoFL' on page 2 undefined on input line 295.


Package natbib Warning: Citation `xu2022fedcorr' on page 2 undefined on input l
ine 295.


Package natbib Warning: Citation `LID' on page 2 undefined on input line 295.


Package natbib Warning: Citation `FedAvg' on page 2 undefined on input line 301
.

[2]

Package natbib Warning: Citation `fedgmm2022' on page 3 undefined on input line
 346.


Package natbib Warning: Citation `GMM_EM' on page 3 undefined on input line 346
.

[3{C:/Users/micha/AppData/Local/Programs/MiKTeX/fonts/enc/dvips/newtx/ntx-ot1-t
lf.enc} <./figures/framework.pdf>]

Package natbib Warning: Citation `BMM' on page 4 undefined on input line 350.


Package natbib Warning: Citation `li2019dividemix' on page 4 undefined on input
 line 350.


Underfull \hbox (badness 1308) in paragraph at lines 359--362
[]\OT1/ptm/m/n/10 We fur-ther de-fine a dis-crete vari-able $\OML/ntxmi/m/it/10
 z$ \OT1/ptm/m/n/10 to rep-re-sent
 []


Package natbib Warning: Citation `GMM_EM' on page 4 undefined on input line 369
.


Package natbib Warning: Citation `FedAvg' on page 4 undefined on input line 392
.


Package natbib Warning: Citation `FedProx' on page 4 undefined on input line 39
2.


Package natbib Warning: Citation `RoFL' on page 4 undefined on input line 392.


Package natbib Warning: Citation `ARFL' on page 4 undefined on input line 392.


Package natbib Warning: Citation `JointOpt' on page 4 undefined on input line 3
92.


Package natbib Warning: Citation `li2019dividemix' on page 4 undefined on input
 line 392.


Package natbib Warning: Citation `xu2022fedcorr' on page 4 undefined on input l
ine 392.


Package natbib Warning: Citation `FedAvg' on page 4 undefined on input line 421
.


Package natbib Warning: Citation `FedProx' on page 4 undefined on input line 42
1.


Package natbib Warning: Citation `RoFL' on page 4 undefined on input line 421.


Package natbib Warning: Citation `ARFL' on page 4 undefined on input line 421.


Package natbib Warning: Citation `JointOpt' on page 4 undefined on input line 4
21.


Package natbib Warning: Citation `li2019dividemix' on page 4 undefined on input
 line 421.


Package natbib Warning: Citation `xu2022fedcorr' on page 4 undefined on input l
ine 421.

LaTeX Font Info:    Calculating math sizes for size <8.9> on input line 467.

LaTeX Font Warning: Font shape `U/rsfs/m/n' in size <6.49695> not available
(Font)              size <6> substituted on input line 467.


LaTeX Font Warning: Font shape `OT1/cmr/bx/n' in size <6.49695> not available
(Font)              size <6> substituted on input line 467.


LaTeX Font Warning: Font shape `OML/cmm/b/it' in size <6.49695> not available
(Font)              size <6> substituted on input line 467.


LaTeX Font Warning: Font shape `OMS/cmsy/b/n' in size <6.49695> not available
(Font)              size <6> substituted on input line 467.

[4]

Package natbib Warning: Citation `imbalance' on page 5 undefined on input line 
488.


Package natbib Warning: Citation `holland1986statistics' on page 5 undefined on
 input line 488.


Package natbib Warning: Citation `pearl2009causal' on page 5 undefined on input
 line 488.


Package natbib Warning: Citation `debiasedlearning' on page 5 undefined on inpu
t line 488.


Package natbib Warning: Citation `FedAvg' on page 5 undefined on input line 516
.


Package natbib Warning: Citation `FedProx' on page 5 undefined on input line 51
6.


Package natbib Warning: Citation `RoFL' on page 5 undefined on input line 516.


Package natbib Warning: Citation `ARFL' on page 5 undefined on input line 516.


Package natbib Warning: Citation `JointOpt' on page 5 undefined on input line 5
16.


Package natbib Warning: Citation `li2019dividemix' on page 5 undefined on input
 line 516.


Package natbib Warning: Citation `xu2022fedcorr' on page 5 undefined on input l
ine 516.


LaTeX Font Warning: Font shape `U/rsfs/m/n' in size <6.5> not available
(Font)              size <6> substituted on input line 524.


LaTeX Font Warning: Font shape `OT1/cmr/bx/n' in size <6.5> not available
(Font)              size <6> substituted on input line 524.


LaTeX Font Warning: Font shape `OML/cmm/b/it' in size <6.5> not available
(Font)              size <6> substituted on input line 524.


LaTeX Font Warning: Font shape `OMS/cmsy/b/n' in size <6.5> not available
(Font)              size <6> substituted on input line 524.

LaTeX Font Info:    Trying to load font information for OMS+ptm on input line 5
27.
(C:\Users\micha\AppData\Local\Programs\MiKTeX\tex/latex/psnfss\omsptm.fd
File: omsptm.fd 
)
LaTeX Font Info:    Font shape `OMS/ptm/m/n' in size <6> not available
(Font)              Font shape `OMS/cmsy/m/n' tried instead on input line 527.


Package natbib Warning: Citation `FedAvg' on page 5 undefined on input line 529
.


Package natbib Warning: Citation `FedProx' on page 5 undefined on input line 53
0.


Package natbib Warning: Citation `RoFL' on page 5 undefined on input line 531.


Package natbib Warning: Citation `ARFL' on page 5 undefined on input line 532.


Package natbib Warning: Citation `JointOpt' on page 5 undefined on input line 5
33.


Package natbib Warning: Citation `li2019dividemix' on page 5 undefined on input
 line 534.


Package natbib Warning: Citation `xu2022fedcorr' on page 5 undefined on input l
ine 535.


Package natbib Warning: Citation `RoFL' on page 5 undefined on input line 555.


Package natbib Warning: Citation `ARFL' on page 5 undefined on input line 555.


Package natbib Warning: Citation `JointOpt' on page 5 undefined on input line 5
55.


Package natbib Warning: Citation `li2019dividemix' on page 5 undefined on input
 line 555.


Package natbib Warning: Citation `xu2022fedcorr' on page 5 undefined on input l
ine 555.

LaTeX Font Info:    Calculating math sizes for size <9.55> on input line 567.

LaTeX Font Warning: Font shape `U/rsfs/m/n' in size <9.55> not available
(Font)              size <10> substituted on input line 567.


LaTeX Font Warning: Font shape `OT1/cmr/bx/n' in size <9.55> not available
(Font)              size <10> substituted on input line 567.


LaTeX Font Warning: Font shape `OML/cmm/b/it' in size <9.55> not available
(Font)              size <10> substituted on input line 567.


LaTeX Font Warning: Font shape `OMS/cmsy/b/n' in size <9.55> not available
(Font)              size <10> substituted on input line 567.

[5]

Package natbib Warning: Citation `zhang2018mixup' on page 6 undefined on input 
line 589.


Package natbib Warning: Citation `tanaka2018joint' on page 6 undefined on input
 line 594.


Package natbib Warning: Citation `arazo2019unsupervised' on page 6 undefined on
 input line 594.

LaTeX Font Info:    Calculating math sizes for size <9.65> on input line 597.
LaTeX Font Info:    Calculating math sizes for size <> on input line 598.

LaTeX Font Warning: Font shape `U/rsfs/m/n' in size <> not available
(Font)              size <5> substituted on input line 598.


LaTeX Font Warning: Font shape `U/rsfs/m/n' in size <0.73> not available
(Font)              size <5> substituted on input line 598.


LaTeX Font Warning: Font shape `U/rsfs/m/n' in size <0.55> not available
(Font)              size <5> substituted on input line 598.


LaTeX Font Warning: Font shape `OT1/cmr/bx/n' in size <> not available
(Font)              size <5> substituted on input line 598.


LaTeX Font Warning: Font shape `OT1/cmr/bx/n' in size <0.73> not available
(Font)              size <5> substituted on input line 598.


LaTeX Font Warning: Font shape `OT1/cmr/bx/n' in size <0.55> not available
(Font)              size <5> substituted on input line 598.


LaTeX Font Warning: Font shape `OML/cmm/b/it' in size <> not available
(Font)              size <5> substituted on input line 598.


LaTeX Font Warning: Font shape `OML/cmm/b/it' in size <0.73> not available
(Font)              size <5> substituted on input line 598.


LaTeX Font Warning: Font shape `OML/cmm/b/it' in size <0.55> not available
(Font)              size <5> substituted on input line 598.


LaTeX Font Warning: Font shape `OMS/cmsy/b/n' in size <> not available
(Font)              size <5> substituted on input line 598.


LaTeX Font Warning: Font shape `OMS/cmsy/b/n' in size <0.73> not available
(Font)              size <5> substituted on input line 598.


LaTeX Font Warning: Font shape `OMS/cmsy/b/n' in size <0.55> not available
(Font)              size <5> substituted on input line 598.


Package natbib Warning: Citation `xu2022fedcorr' on page 6 undefined on input l
ine 614.


Package natbib Warning: Citation `cifar' on page 6 undefined on input line 618.



Package natbib Warning: Citation `cifar' on page 6 undefined on input line 618.



Package natbib Warning: Citation `clothing1m' on page 6 undefined on input line
 618.


Package natbib Warning: Citation `xu2022fedcorr' on page 6 undefined on input l
ine 619.


Package natbib Warning: Citation `lin2020ensemble' on page 6 undefined on input
 line 619.


Underfull \hbox (badness 1210) in paragraph at lines 616--620
\OT1/ptm/m/n/10 100 (\OT1/ptm/b/n/10 ?\OT1/ptm/m/n/10 ), and one real-world noi
sy dataset, i.e., Cloth-
 []


Package natbib Warning: Citation `xu2022fedcorr' on page 6 undefined on input l
ine 623.


Package natbib Warning: Citation `xu2022fedcorr' on page 6 undefined on input l
ine 636.


Package natbib Warning: Citation `xu2022fedcorr' on page 6 undefined on input l
ine 636.

[6]

Package natbib Warning: Citation `fedgmm2022' on page 7 undefined on input line
 644.


Underfull \hbox (badness 1331) in paragraph at lines 646--647
[]\OT1/pcr/m/n/10 FedDiv(Local filter)\OT1/ptm/m/n/10 : A lo-cal noise fil-ter 
is
 []

<figures/filtering_accuracy.pdf, id=109, 235.03236pt x 102.63652pt>
File: figures/filtering_accuracy.pdf Graphic file (type pdf)
<use figures/filtering_accuracy.pdf>
Package pdftex.def Info: figures/filtering_accuracy.pdf  used on input line 653
.
(pdftex.def)             Requested size: 240.30083pt x 104.93686pt.

Overfull \hbox (0.90645pt too wide) in paragraph at lines 653--654
 [][] 
 []


Underfull \hbox (badness 10000) in paragraph at lines 662--663
\OT1/ptm/m/n/10 Tables 1[]-5[] sum-ma-rize clas-si-fi-ca-tion per-for-mance of
 []


Underfull \hbox (badness 2181) in paragraph at lines 662--663
\OT1/ptm/m/n/10 su-pe-ri-or-ity over ex-ist-ing F-LNL al-go-rithms, es-pe-ciall
y
 []

LaTeX Font Info:    Font shape `OMS/ptm/b/n' in size <6> not available
(Font)              Font shape `OMS/cmsy/b/n' tried instead on input line 672.

Package natbib Warning: Citation `xu2022fedcorr' on page 7 undefined on input l
ine 674.


Overfull \hbox (2.52669pt too wide) in paragraph at lines 674--674
 []|\OT1/ptm/m/n/6 91.52$\LMS/ntxsy/m/n/6.5 ^^F$\OT1/ptm/m/n/6 0.50| 
 []


Overfull \hbox (2.52669pt too wide) in paragraph at lines 674--674
 []|\OT1/ptm/m/n/6 81.57$\LMS/ntxsy/m/n/6.5 ^^F$\OT1/ptm/m/n/6 3.68| 
 []


Overfull \hbox (2.52669pt too wide) in paragraph at lines 674--674
 []|\OT1/ptm/m/n/6 59.10$\LMS/ntxsy/m/n/6.5 ^^F$\OT1/ptm/m/n/6 5.12| 
 []


Overfull \hbox (2.52669pt too wide) in paragraph at lines 675--675
 []|\OT1/ptm/m/n/6 92.98$\LMS/ntxsy/m/n/6.5 ^^F$\OT1/ptm/m/n/6 0.60| 
 []


Overfull \hbox (2.52669pt too wide) in paragraph at lines 675--675
 []|\OT1/ptm/m/n/6 85.31$\LMS/ntxsy/m/n/6.5 ^^F$\OT1/ptm/m/n/6 2.28| 
 []


Overfull \hbox (2.52669pt too wide) in paragraph at lines 675--675
 []|\OT1/ptm/m/n/6 65.49$\LMS/ntxsy/m/n/6.5 ^^F$\OT1/ptm/m/n/6 2.20| 
 []


Overfull \hbox (2.52669pt too wide) in paragraph at lines 677--677
 []|\OT1/ptm/m/n/6 92.31$\LMS/ntxsy/m/n/6.5 ^^F$\OT1/ptm/m/n/6 0.61| 
 []


Overfull \hbox (2.52669pt too wide) in paragraph at lines 677--677
 []|\OT1/ptm/m/n/6 83.22$\LMS/ntxsy/m/n/6.5 ^^F$\OT1/ptm/m/n/6 2.61| 
 []


Overfull \hbox (2.52669pt too wide) in paragraph at lines 677--677
 []|\OT1/ptm/m/n/6 62.23$\LMS/ntxsy/m/n/6.5 ^^F$\OT1/ptm/m/n/6 2.37| 
 []


Overfull \hbox (2.52669pt too wide) in paragraph at lines 678--678
 []|\OT1/ptm/m/n/6 91.14$\LMS/ntxsy/m/n/6.5 ^^F$\OT1/ptm/m/n/6 0.48| 
 []


Overfull \hbox (2.52669pt too wide) in paragraph at lines 678--678
 []|\OT1/ptm/m/n/6 81.34$\LMS/ntxsy/m/n/6.5 ^^F$\OT1/ptm/m/n/6 3.65| 
 []


Overfull \hbox (2.52669pt too wide) in paragraph at lines 678--678
 []|\OT1/ptm/m/n/6 60.97$\LMS/ntxsy/m/n/6.5 ^^F$\OT1/ptm/m/n/6 1.65| 
 []


Overfull \hbox (2.52669pt too wide) in paragraph at lines 680--680
 []|\OT1/ptm/m/n/6 91.43$\LMS/ntxsy/m/n/6.5 ^^F$\OT1/ptm/m/n/6 0.87| 
 []


Overfull \hbox (2.52669pt too wide) in paragraph at lines 680--680
 []|\OT1/ptm/m/n/6 82.17$\LMS/ntxsy/m/n/6.5 ^^F$\OT1/ptm/m/n/6 3.06| 
 []


Overfull \hbox (2.52669pt too wide) in paragraph at lines 680--680
 []|\OT1/ptm/m/n/6 61.45$\LMS/ntxsy/m/n/6.5 ^^F$\OT1/ptm/m/n/6 3.43| 
 []


Overfull \hbox (2.52669pt too wide) in paragraph at lines 681--681
 []|\OT1/ptm/m/n/6 92.29$\LMS/ntxsy/m/n/6.5 ^^F$\OT1/ptm/m/n/6 0.96| 
 []


Overfull \hbox (2.52669pt too wide) in paragraph at lines 681--681
 []|\OT1/ptm/m/n/6 82.83$\LMS/ntxsy/m/n/6.5 ^^F$\OT1/ptm/m/n/6 2.59| 
 []


Overfull \hbox (2.52669pt too wide) in paragraph at lines 681--681
 []|\OT1/ptm/m/n/6 62.67$\LMS/ntxsy/m/n/6.5 ^^F$\OT1/ptm/m/n/6 2.51| 
 []


Overfull \hbox (2.52669pt too wide) in paragraph at lines 682--682
 []|\OT1/ptm/m/n/6 92.54$\LMS/ntxsy/m/n/6.5 ^^F$\OT1/ptm/m/n/6 0.72| 
 []


Overfull \hbox (2.52669pt too wide) in paragraph at lines 682--682
 []|\OT1/ptm/m/n/6 84.19$\LMS/ntxsy/m/n/6.5 ^^F$\OT1/ptm/m/n/6 3.31| 
 []


Overfull \hbox (2.52669pt too wide) in paragraph at lines 682--682
 []|\OT1/ptm/m/n/6 64.18$\LMS/ntxsy/m/n/6.5 ^^F$\OT1/ptm/m/n/6 2.89| 
 []


Overfull \hbox (2.52669pt too wide) in paragraph at lines 683--683
 []|\OT1/ptm/m/n/6 83.60$\LMS/ntxsy/m/n/6.5 ^^F$\OT1/ptm/m/n/6 3.65| 
 []


Underfull \hbox (badness 1152) in paragraph at lines 710--711
\OT1/ptm/m/n/10 u-ral Sci-ence Foun-da-tion of China (NO. 62322608), in
 []


Underfull \hbox (badness 1990) in paragraph at lines 710--711
\OT1/ptm/m/n/10 (NO. JCYJ20220530141211024), in part by the Open
 []

[7 <./figures/filtering_accuracy.pdf>]
Underfull \vbox (badness 10000) has occurred while \output is active []


Underfull \vbox (badness 10000) has occurred while \output is active []

 [8]
[9

]
No file main_changed.bbl.
CUTED [- LAST -]
Extra skip:0.0pt
Left:0.0pt/0.0pt
Right:0.0pt/0.0pt
Split: 0.0pt
Output:0.0pt
Pageshrink: 0.0pt
Pagestretch: 0.0pt
@colht:650.43pt
CUTED [output]: 0.0pt
CUTED [leftcolumn badness]: 0
CUTED [rightcolumn badness]: 0

Underfull \hbox (badness 7814) in paragraph at lines 741--742
[]|\OT1/ptm/m/n/10 Relabeled sam-ples pro-duced from
 []


Underfull \hbox (badness 4752) in paragraph at lines 742--743
[]|\OT1/ptm/m/n/10 More re-li-able la-beled sam-ples re-
 []


Package natbib Warning: Citation `lin2020ensemble' on page 10 undefined on inpu
t line 895.


Package natbib Warning: Citation `xu2022fedcorr' on page 10 undefined on input 
line 899.


Package natbib Warning: Citation `resnet' on page 10 undefined on input line 89
9.


Package natbib Warning: Citation `resnet' on page 10 undefined on input line 89
9.


Package natbib Warning: Citation `resnet' on page 10 undefined on input line 89
9.


Package natbib Warning: Citation `xu2022fedcorr' on page 10 undefined on input 
line 900.


Underfull \hbox (badness 10000) in paragraph at lines 897--901
\OT1/ptm/b/n/10 Additional Im-ple-men-ta-tion De-tails. \OT1/ptm/m/n/10 Sim-i-l
ar to
 []


Package natbib Warning: Citation `FedAvg' on page 10 undefined on input line 90
5.


Package natbib Warning: Citation `FedProx' on page 10 undefined on input line 9
05.


Package natbib Warning: Citation `RoFL' on page 10 undefined on input line 905.



Package natbib Warning: Citation `RoFL' on page 10 undefined on input line 905.



Package natbib Warning: Citation `JointOpt' on page 10 undefined on input line 
905.


Package natbib Warning: Citation `li2019dividemix' on page 10 undefined on inpu
t line 905.


Package natbib Warning: Citation `xu2022fedcorr' on page 10 undefined on input 
line 905.


Package natbib Warning: Citation `xu2022fedcorr' on page 10 undefined on input 
line 905.


Underfull \hbox (badness 1742) in paragraph at lines 903--906
\OT1/pcr/m/n/10 FedProx \OT1/ptm/m/n/10 (\OT1/ptm/b/n/10 ?\OT1/ptm/m/n/10 ), \O
T1/pcr/m/n/10 RoFL \OT1/ptm/m/n/10 (\OT1/ptm/b/n/10 ?\OT1/ptm/m/n/10 ), \OT1/pc
r/m/n/10 ARFL \OT1/ptm/m/n/10 (\OT1/ptm/b/n/10 ?\OT1/ptm/m/n/10 ), \OT1/pcr/m/n
/10 JointOpt \OT1/ptm/m/n/10 (\OT1/ptm/b/n/10 ?\OT1/ptm/m/n/10 ),
 []


Underfull \hbox (badness 1028) in paragraph at lines 903--906
\OT1/ptm/m/n/10 Be-sides, \OT1/pcr/m/n/10 DivideMix \OT1/ptm/m/n/10 and \OT1/pc
r/m/n/10 JointOpt \OT1/ptm/m/n/10 are two ex-it-ing
 []

[10


]

Package natbib Warning: Citation `xu2022fedcorr' on page 11 undefined on input 
line 909.


Underfull \vbox (badness 1394) has occurred while \output is active []



Package natbib Warning: Citation `LID' on page 11 undefined on input line 914.


Package natbib Warning: Citation `FedAvg' on page 11 undefined on input line 91
4.

[11]
<figures/stabiltiy_visualization.pdf, id=170, 446.81052pt x 158.46767pt>
File: figures/stabiltiy_visualization.pdf Graphic file (type pdf)
<use figures/stabiltiy_visualization.pdf>
Package pdftex.def Info: figures/stabiltiy_visualization.pdf  used on input lin
e 922.
(pdftex.def)             Requested size: 240.30083pt x 85.22789pt.

Overfull \hbox (0.90645pt too wide) in paragraph at lines 922--923
 [][] 
 []


Package natbib Warning: Citation `FedProx' on page 12 undefined on input line 9
25.


Package natbib Warning: Citation `xu2022fedcorr' on page 12 undefined on input 
line 925.


Package natbib Warning: Citation `FedProx' on page 12 undefined on input line 9
25.


Package natbib Warning: Citation `xu2022fedcorr' on page 12 undefined on input 
line 925.


Package natbib Warning: Citation `kim2022fedrn' on page 12 undefined on input l
ine 933.


Package natbib Warning: Citation `RoFL' on page 12 undefined on input line 933.



Underfull \hbox (badness 3417) in paragraph at lines 935--937
\OT1/ptm/b/n/10 Further eval-u-a-tion of fed-er-ated noise fil-ter-ing. \OT1/pt
m/m/n/10 To
 []


Underfull \hbox (badness 6173) in paragraph at lines 935--937
\OT1/ptm/m/n/10 fur-ther ver-ify the ca-pa-bil-ity of our pro-posed la-bel
 []


Underfull \hbox (badness 1365) in paragraph at lines 935--937
\OT1/pcr/m/n/10 FedDiv(Localfilter) \OT1/ptm/m/n/10 and \OT1/pcr/m/n/10 FedDiv(
Degraded)
 []


Underfull \hbox (badness 4013) in paragraph at lines 941--943
\OT1/ptm/b/n/10 Further eval-u-a-tion of fil-ter-ing, re-la-bel-ing and re-
 []

<figures/identification_performance_50rnd.pdf, id=171, 476.71408pt x 143.81177p
t>
File: figures/identification_performance_50rnd.pdf Graphic file (type pdf)
<use figures/identification_performance_50rnd.pdf>
Package pdftex.def Info: figures/identification_performance_50rnd.pdf  used on 
input line 954.
(pdftex.def)             Requested size: 379.4175pt x 114.46585pt.
<figures/identification_performance_500rnd.pdf, id=172, 476.71408pt x 143.81177
pt>
File: figures/identification_performance_500rnd.pdf Graphic file (type pdf)
<use figures/identification_performance_500rnd.pdf>
Package pdftex.def Info: figures/identification_performance_500rnd.pdf  used on
 input line 958.
(pdftex.def)             Requested size: 379.4175pt x 114.46585pt.
<figures/identification_performance_clean.pdf, id=173, 436.81502pt x 159.23997p
t>
File: figures/identification_performance_clean.pdf Graphic file (type pdf)
<use figures/identification_performance_clean.pdf>
Package pdftex.def Info: figures/identification_performance_clean.pdf  used on 
input line 970.
(pdftex.def)             Requested size: 379.4175pt x 138.3141pt.
<figures/identification_performance_noisy.pdf, id=174, 436.81502pt x 159.23997p
t>
File: figures/identification_performance_noisy.pdf Graphic file (type pdf)
<use figures/identification_performance_noisy.pdf>
Package pdftex.def Info: figures/identification_performance_noisy.pdf  used on 
input line 974.
(pdftex.def)             Requested size: 379.4175pt x 138.3141pt.
<figures/heatmap.pdf, id=175, 634.08769pt x 391.43217pt>
File: figures/heatmap.pdf Graphic file (type pdf)
<use figures/heatmap.pdf>
Package pdftex.def Info: figures/heatmap.pdf  used on input line 986.
(pdftex.def)             Requested size: 442.65375pt x 273.26599pt.

Overfull \vbox (111.56602pt too high) detected at line 986
 []

<figures/parameter_sensitivity_iid.pdf, id=176, 213.079pt x 128.53003pt>
File: figures/parameter_sensitivity_iid.pdf Graphic file (type pdf)
<use figures/parameter_sensitivity_iid.pdf>
Package pdftex.def Info: figures/parameter_sensitivity_iid.pdf  used on input l
ine 1025.
(pdftex.def)             Requested size: 170.7367pt x 102.98889pt.
<figures/parameter_sensitivity_noniid.pdf, id=177, 213.079pt x 132.34114pt>
File: figures/parameter_sensitivity_noniid.pdf Graphic file (type pdf)
<use figures/parameter_sensitivity_noniid.pdf>
Package pdftex.def Info: figures/parameter_sensitivity_noniid.pdf  used on inpu
t line 1030.
(pdftex.def)             Requested size: 170.7367pt x 106.04266pt.

Package natbib Warning: There were undefined citations.

[12 <./figures/stabiltiy_visualization.pdf>] [13 <./figures/identification_perf
ormance_50rnd.pdf> <./figures/identification_performance_500rnd.pdf

pdfTeX warning: pdflatex.exe (file ./figures/identification_performance_500rnd.
pdf): PDF inclusion: multiple pdfs with page group included in a single page
>] [14 <./figures/identification_performance_clean.pdf> <./figures/identificati
on_performance_noisy.pdf

pdfTeX warning: pdflatex.exe (file ./figures/identification_performance_noisy.p
df): PDF inclusion: multiple pdfs with page group included in a single page
>] [15 <./figures/heatmap.pdf> <./figures/parameter_sensitivity_iid.pdf

pdfTeX warning: pdflatex.exe (file ./figures/parameter_sensitivity_iid.pdf): PD
F inclusion: multiple pdfs with page group included in a single page
> <./figures/parameter_sensitivity_noniid.pdf

pdfTeX warning: pdflatex.exe (file ./figures/parameter_sensitivity_noniid.pdf):
 PDF inclusion: multiple pdfs with page group included in a single page
>] (main_changed.aux)
 ***********
LaTeX2e <2023-06-01> patch level 1
L3 programming layer <2023-08-29>
 ***********


LaTeX Font Warning: Size substitutions with differences
(Font)              up to 4.45pt have occurred.

 ) 
Here is how much of TeX's memory you used:
 24276 strings out of 475247
 464242 string characters out of 5757792
 1961801 words of memory out of 5000000
 45246 multiletter control sequences out of 15000+600000
 731435 words of font info for 417 fonts, out of 8000000 for 9000
 1141 hyphenation exceptions out of 8191
 83i,18n,93p,7328b,722s stack positions out of 10000i,1000n,20000p,200000b,200000s
<C:/Users/micha/AppData/Local/Programs/MiKTeX/fonts/type1/public/newtx/NewTXB
MI.pfb><C:/Users/micha/AppData/Local/Programs/MiKTeX/fonts/type1/public/newtx/N
ewTXMI.pfb><C:/Users/micha/AppData/Local/Programs/MiKTeX/fonts/type1/public/new
tx/NewTXMI5.pfb><C:/Users/micha/AppData/Local/Programs/MiKTeX/fonts/type1/publi
c/newtx/NewTXMI7.pfb><C:/Users/micha/AppData/Local/Programs/MiKTeX/fonts/type1/
public/amsfonts/cmextra/cmbsy6.pfb><C:/Users/micha/AppData/Local/Programs/MiKTe
X/fonts/type1/public/amsfonts/cm/cmmib10.pfb><C:/Users/micha/AppData/Local/Prog
rams/MiKTeX/fonts/type1/public/amsfonts/cmextra/cmmib9.pfb><C:/Users/micha/AppD
ata/Local/Programs/MiKTeX/fonts/type1/public/amsfonts/cm/cmsy6.pfb><C:/Users/mi
cha/AppData/Local/Programs/MiKTeX/fonts/type1/public/newtx/txexs.pfb><C:/Users/
micha/AppData/Local/Programs/MiKTeX/fonts/type1/public/newtx/txmiaX.pfb><C:/Use
rs/micha/AppData/Local/Programs/MiKTeX/fonts/type1/public/newtx/txsym.pfb><C:/U
sers/micha/AppData/Local/Programs/MiKTeX/fonts/type1/public/newtx/txsys.pfb><C:
/Users/micha/AppData/Local/Programs/MiKTeX/fonts/type1/urw/courier/ucrb8a.pfb><
C:/Users/micha/AppData/Local/Programs/MiKTeX/fonts/type1/urw/courier/ucrr8a.pfb
><C:/Users/micha/AppData/Local/Programs/MiKTeX/fonts/type1/urw/times/utmb8a.pfb
><C:/Users/micha/AppData/Local/Programs/MiKTeX/fonts/type1/urw/times/utmr8a.pfb
><C:/Users/micha/AppData/Local/Programs/MiKTeX/fonts/type1/urw/times/utmri8a.pf
b><C:/Users/micha/AppData/Local/Programs/MiKTeX/fonts/type1/public/newtx/ztmr.p
fb>
Output written on main_changed.pdf (15 pages, 788894 bytes).
PDF statistics:
 675 PDF objects out of 1000 (max. 8388607)
 0 named destinations out of 1000 (max. 500000)
 68 words of extra memory for PDF output out of 10000 (max. 10000000)

