This is pdfTeX, Version 3.141592653-2.6-1.40.25 (MiKTeX 23.5) (preloaded format=pdflatex 2024.1.12)  3 MAR 2024 23:36
entering extended mode
 restricted \write18 enabled.
 %&-line parsing enabled.
**./after_operator5.tex
(after_operator5.tex
LaTeX2e <2023-06-01> patch level 1
L3 programming layer <2023-08-29>
(C:\Users\orfuc\AppData\Local\Programs\MiKTeX\tex/latex/base\article.cls
Document Class: article 2023/05/17 v1.4n Standard LaTeX document class
(C:\Users\orfuc\AppData\Local\Programs\MiKTeX\tex/latex/base\size10.clo
File: size10.clo 2023/05/17 v1.4n Standard LaTeX file (size option)
)
\c@part=\count185
\c@section=\count186
\c@subsection=\count187
\c@subsubsection=\count188
\c@paragraph=\count189
\c@subparagraph=\count190
\c@figure=\count191
\c@table=\count192
\abovecaptionskip=\skip48
\belowcaptionskip=\skip49
\bibindent=\dimen140
)
(C:\Users\orfuc\AppData\Local\Programs\MiKTeX\tex/latex/adjustbox\adjustbox.sty
Package: adjustbox 2022/10/17 v1.3a Adjusting TeX boxes (trim, clip, ...)
(C:\Users\orfuc\AppData\Local\Programs\MiKTeX\tex/latex/xkeyval\xkeyval.sty
Package: xkeyval 2022/06/16 v2.9 package option processing (HA)

(C:\Users\orfuc\AppData\Local\Programs\MiKTeX\tex/generic/xkeyval\xkeyval.tex
(C:\Users\orfuc\AppData\Local\Programs\MiKTeX\tex/generic/xkeyval\xkvutils.tex
\XKV@toks=\toks17
\XKV@tempa@toks=\toks18

(C:\Users\orfuc\AppData\Local\Programs\MiKTeX\tex/generic/xkeyval\keyval.tex))
\XKV@depth=\count193
File: xkeyval.tex 2014/12/03 v2.7a key=value parser (HA)
)) (C:\Users\orfuc\AppData\Local\Programs\MiKTeX\tex/latex/adjustbox\adjcalc.st
y
Package: adjcalc 2012/05/16 v1.1 Provides advanced setlength with multiple back
-ends (calc, etex, pgfmath)
)
(C:\Users\orfuc\AppData\Local\Programs\MiKTeX\tex/latex/adjustbox\trimclip.sty
Package: trimclip 2020/08/19 v1.2 Trim and clip general TeX material

(C:\Users\orfuc\AppData\Local\Programs\MiKTeX\tex/latex/graphics\graphicx.sty
Package: graphicx 2021/09/16 v1.2d Enhanced LaTeX Graphics (DPC,SPQR)

(C:\Users\orfuc\AppData\Local\Programs\MiKTeX\tex/latex/graphics\graphics.sty
Package: graphics 2022/03/10 v1.4e Standard LaTeX Graphics (DPC,SPQR)

(C:\Users\orfuc\AppData\Local\Programs\MiKTeX\tex/latex/graphics\trig.sty
Package: trig 2021/08/11 v1.11 sin cos tan (DPC)
)
(C:\Users\orfuc\AppData\Local\Programs\MiKTeX\tex/latex/graphics-cfg\graphics.c
fg
File: graphics.cfg 2016/06/04 v1.11 sample graphics configuration
)
Package graphics Info: Driver file: pdftex.def on input line 107.

(C:\Users\orfuc\AppData\Local\Programs\MiKTeX\tex/latex/graphics-def\pdftex.def
File: pdftex.def 2022/09/22 v1.2b Graphics/color driver for pdftex
))
\Gin@req@height=\dimen141
\Gin@req@width=\dimen142
)
(C:\Users\orfuc\AppData\Local\Programs\MiKTeX\tex/latex/collectbox\collectbox.s
ty
Package: collectbox 2022/10/17 v0.4c Collect macro arguments as boxes
\collectedbox=\box51
)
\tc@llx=\dimen143
\tc@lly=\dimen144
\tc@urx=\dimen145
\tc@ury=\dimen146
Package trimclip Info: Using driver 'tc-pdftex.def'.

(C:\Users\orfuc\AppData\Local\Programs\MiKTeX\tex/latex/adjustbox\tc-pdftex.def
File: tc-pdftex.def 2019/01/04 v2.2 Clipping driver for pdftex
))
\adjbox@Width=\dimen147
\adjbox@Height=\dimen148
\adjbox@Depth=\dimen149
\adjbox@Totalheight=\dimen150
\adjbox@pwidth=\dimen151
\adjbox@pheight=\dimen152
\adjbox@pdepth=\dimen153
\adjbox@ptotalheight=\dimen154

(C:\Users\orfuc\AppData\Local\Programs\MiKTeX\tex/latex/ifoddpage\ifoddpage.sty
Package: ifoddpage 2022/10/18 v1.2 Conditionals for odd/even page detection
\c@checkoddpage=\count194
) (C:\Users\orfuc\AppData\Local\Programs\MiKTeX\tex/latex/varwidth\varwidth.sty
Package: varwidth 2009/03/30 ver 0.92;  Variable-width minipages
\@vwid@box=\box52
\sift@deathcycles=\count195
\@vwid@loff=\dimen155
\@vwid@roff=\dimen156
)) (aaai21.sty
Conference Style for AAAI for LaTeX 2e -- version for the AAAI-21 conference - 
MODIFIED
\titlebox=\skip50
) (C:\Users\orfuc\AppData\Local\Programs\MiKTeX\tex/latex/psnfss\times.sty
Package: times 2020/03/25 PSNFSS-v9.3 (SPQR) 
)
(C:\Users\orfuc\AppData\Local\Programs\MiKTeX\tex/latex/psnfss\helvet.sty
Package: helvet 2020/03/25 PSNFSS-v9.3 (WaS) 
)
(C:\Users\orfuc\AppData\Local\Programs\MiKTeX\tex/latex/psnfss\courier.sty
Package: courier 2020/03/25 PSNFSS-v9.3 (WaS) 
)
(C:\Users\orfuc\AppData\Local\Programs\MiKTeX\tex/latex/url\url.sty
\Urlmuskip=\muskip16
Package: url 2013/09/16  ver 3.4  Verb mode for urls, etc.
)
(C:\Users\orfuc\AppData\Local\Programs\MiKTeX\tex/latex/natbib\natbib.sty
Package: natbib 2010/09/13 8.31b (PWD, AO)
\bibhang=\skip51
\bibsep=\skip52
LaTeX Info: Redefining \cite on input line 694.
\c@NAT@ctr=\count196
)
(C:\Users\orfuc\AppData\Local\Programs\MiKTeX\tex/latex/caption\caption.sty
Package: caption 2023/07/31 v3.6n Customizing captions (AR)

(C:\Users\orfuc\AppData\Local\Programs\MiKTeX\tex/latex/caption\caption3.sty
Package: caption3 2023/07/31 v2.4d caption3 kernel (AR)
\caption@tempdima=\dimen157
\captionmargin=\dimen158
\caption@leftmargin=\dimen159
\caption@rightmargin=\dimen160
\caption@width=\dimen161
\caption@indent=\dimen162
\caption@parindent=\dimen163
\caption@hangindent=\dimen164
Package caption Info: Standard document class detected.
)
\c@caption@flags=\count197
\c@continuedfloat=\count198
)
(C:\Users\orfuc\AppData\Local\Programs\MiKTeX\tex/latex/algorithms\algorithm.st
y
Package: algorithm 2009/08/24 v0.1 Document Style `algorithm' - floating enviro
nment
 (C:\Users\orfuc\AppData\Local\Programs\MiKTeX\tex/latex/float\float.sty
Package: float 2001/11/08 v1.3d Float enhancements (AL)
\c@float@type=\count199
\float@exts=\toks19
\float@box=\box53
\@float@everytoks=\toks20
\@floatcapt=\box54
)
(C:\Users\orfuc\AppData\Local\Programs\MiKTeX\tex/latex/base\ifthen.sty
Package: ifthen 2022/04/13 v1.1d Standard LaTeX ifthen package (DPC)
)
\@float@every@algorithm=\toks21
\c@algorithm=\count266
)
(C:\Users\orfuc\AppData\Local\Programs\MiKTeX\tex/latex/algorithms\algorithmic.
sty
Package: algorithmic 2009/08/24 v0.1 Document Style `algorithmic'
\c@ALC@unique=\count267
\c@ALC@line=\count268
\c@ALC@rem=\count269
\c@ALC@depth=\count270
\ALC@tlm=\skip53
\algorithmicindent=\skip54
)
(C:\Users\orfuc\AppData\Local\Programs\MiKTeX\tex/latex/jknappen\mathrsfs.sty
Package: mathrsfs 1996/01/01 Math RSFS package v1.0 (jk)
\symrsfs=\mathgroup4
)
(C:\Users\orfuc\AppData\Local\Programs\MiKTeX\tex/latex/amsmath\amsmath.sty
Package: amsmath 2023/05/13 v2.17o AMS math features
\@mathmargin=\skip55

For additional information on amsmath, use the `?' option.
(C:\Users\orfuc\AppData\Local\Programs\MiKTeX\tex/latex/amsmath\amstext.sty
Package: amstext 2021/08/26 v2.01 AMS text

(C:\Users\orfuc\AppData\Local\Programs\MiKTeX\tex/latex/amsmath\amsgen.sty
File: amsgen.sty 1999/11/30 v2.0 generic functions
\@emptytoks=\toks22
\ex@=\dimen165
))
(C:\Users\orfuc\AppData\Local\Programs\MiKTeX\tex/latex/amsmath\amsbsy.sty
Package: amsbsy 1999/11/29 v1.2d Bold Symbols
\pmbraise@=\dimen166
)
(C:\Users\orfuc\AppData\Local\Programs\MiKTeX\tex/latex/amsmath\amsopn.sty
Package: amsopn 2022/04/08 v2.04 operator names
)
\inf@bad=\count271
LaTeX Info: Redefining \frac on input line 234.
\uproot@=\count272
\leftroot@=\count273
LaTeX Info: Redefining \overline on input line 399.
LaTeX Info: Redefining \colon on input line 410.
\classnum@=\count274
\DOTSCASE@=\count275
LaTeX Info: Redefining \ldots on input line 496.
LaTeX Info: Redefining \dots on input line 499.
LaTeX Info: Redefining \cdots on input line 620.
\Mathstrutbox@=\box55
\strutbox@=\box56
LaTeX Info: Redefining \big on input line 722.
LaTeX Info: Redefining \Big on input line 723.
LaTeX Info: Redefining \bigg on input line 724.
LaTeX Info: Redefining \Bigg on input line 725.
\big@size=\dimen167
LaTeX Font Info:    Redeclaring font encoding OML on input line 743.
LaTeX Font Info:    Redeclaring font encoding OMS on input line 744.
\macc@depth=\count276
LaTeX Info: Redefining \bmod on input line 905.
LaTeX Info: Redefining \pmod on input line 910.
LaTeX Info: Redefining \smash on input line 940.
LaTeX Info: Redefining \relbar on input line 970.
LaTeX Info: Redefining \Relbar on input line 971.
\c@MaxMatrixCols=\count277
\dotsspace@=\muskip17
\c@parentequation=\count278
\dspbrk@lvl=\count279
\tag@help=\toks23
\row@=\count280
\column@=\count281
\maxfields@=\count282
\andhelp@=\toks24
\eqnshift@=\dimen168
\alignsep@=\dimen169
\tagshift@=\dimen170
\tagwidth@=\dimen171
\totwidth@=\dimen172
\lineht@=\dimen173
\@envbody=\toks25
\multlinegap=\skip56
\multlinetaggap=\skip57
\mathdisplay@stack=\toks26
LaTeX Info: Redefining \[ on input line 2953.
LaTeX Info: Redefining \] on input line 2954.
)
(C:\Users\orfuc\AppData\Local\Programs\MiKTeX\tex/latex/booktabs\booktabs.sty
Package: booktabs 2020/01/12 v1.61803398 Publication quality tables
\heavyrulewidth=\dimen174
\lightrulewidth=\dimen175
\cmidrulewidth=\dimen176
\belowrulesep=\dimen177
\belowbottomsep=\dimen178
\aboverulesep=\dimen179
\abovetopsep=\dimen180
\cmidrulesep=\dimen181
\cmidrulekern=\dimen182
\defaultaddspace=\dimen183
\@cmidla=\count283
\@cmidlb=\count284
\@aboverulesep=\dimen184
\@belowrulesep=\dimen185
\@thisruleclass=\count285
\@lastruleclass=\count286
\@thisrulewidth=\dimen186
)
(C:\Users\orfuc\AppData\Local\Programs\MiKTeX\tex/latex/tools\array.sty
Package: array 2022/09/04 v2.5g Tabular extension package (FMi)
\col@sep=\dimen187
\ar@mcellbox=\box57
\extrarowheight=\dimen188
\NC@list=\toks27
\extratabsurround=\skip58
\backup@length=\skip59
\ar@cellbox=\box58
)
(C:\Users\orfuc\AppData\Local\Programs\MiKTeX\tex/latex/shipunov\boldline.sty
Package: boldline 2008/02/04 v0.2 Adjust line width in tables
)
Runaway argument?
{ 
! Paragraph ended before \author  was complete.
<to be read again> 
                   \par 
l.43 
     
I suspect you've forgotten a `}', causing me to apply this
control sequence to too much text. How can we recover?
My plan is to forget the whole thing and hope for the best.


! LaTeX Error: Missing \begin{document}.

See the LaTeX manual or LaTeX Companion for explanation.
Type  H <return>  for immediate help.
 ...                                              
                                                  
l.44 K
      un Qian,\textsuperscript{\rm 1}
You're in trouble here.  Try typing  <return>  to proceed.
If that doesn't work, type  X <return>  to quit.

LaTeX Font Info:    Trying to load font information for U+rsfs on input line 44
.
(C:\Users\orfuc\AppData\Local\Programs\MiKTeX\tex/latex/jknappen\ursfs.fd
File: ursfs.fd 1998/03/24 rsfs font definition file (jk)
)
LaTeX Font Info:    Trying to load font information for OT1+ptm on input line 4
4.

(C:\Users\orfuc\AppData\Local\Programs\MiKTeX\tex/latex/psnfss\ot1ptm.fd
File: ot1ptm.fd 2001/06/04 font definitions for OT1/ptm.
)
! Too many }'s.
<recently read> }
                 
l.47 }
      
You've closed more groups than you opened.
Such booboos are generally harmless, so keep going.


Underfull \hbox (badness 10000) in paragraph at lines 44--53

 []


(C:\Users\orfuc\AppData\Local\Programs\MiKTeX\tex/latex/l3backend\l3backend-pdf
tex.def
File: l3backend-pdftex.def 2023-04-19 L3 backend support: PDF output (pdfTeX)
\l__color_backend_stack_int=\count287
\l__pdf_internal_box=\box59
)
No file after_operator5.aux.
\openout1 = `after_operator5.aux'.

LaTeX Font Info:    Checking defaults for OML/cmm/m/it on input line 54.
LaTeX Font Info:    ... okay on input line 54.
LaTeX Font Info:    Checking defaults for OMS/cmsy/m/n on input line 54.
LaTeX Font Info:    ... okay on input line 54.
LaTeX Font Info:    Checking defaults for OT1/cmr/m/n on input line 54.
LaTeX Font Info:    ... okay on input line 54.
LaTeX Font Info:    Checking defaults for T1/cmr/m/n on input line 54.
LaTeX Font Info:    ... okay on input line 54.
LaTeX Font Info:    Checking defaults for TS1/cmr/m/n on input line 54.
LaTeX Font Info:    ... okay on input line 54.
LaTeX Font Info:    Checking defaults for OMX/cmex/m/n on input line 54.
LaTeX Font Info:    ... okay on input line 54.
LaTeX Font Info:    Checking defaults for U/cmr/m/n on input line 54.
LaTeX Font Info:    ... okay on input line 54.

(C:\Users\orfuc\AppData\Local\Programs\MiKTeX\tex/context/base/mkii\supp-pdf.mk
ii
[Loading MPS to PDF converter (version 2006.09.02).]
\scratchcounter=\count288
\scratchdimen=\dimen189
\scratchbox=\box60
\nofMPsegments=\count289
\nofMParguments=\count290
\everyMPshowfont=\toks28
\MPscratchCnt=\count291
\MPscratchDim=\dimen190
\MPnumerator=\count292
\makeMPintoPDFobject=\count293
\everyMPtoPDFconversion=\toks29
)
(C:\Users\orfuc\AppData\Local\Programs\MiKTeX\tex/latex/epstopdf-pkg\epstopdf-b
ase.sty
Package: epstopdf-base 2020-01-24 v2.11 Base part for package epstopdf
Package epstopdf-base Info: Redefining graphics rule for `.eps' on input line 4
85.

(C:\Users\orfuc\AppData\Local\Programs\MiKTeX\tex/latex/00miktex\epstopdf-sys.c
fg
File: epstopdf-sys.cfg 2021/03/18 v2.0 Configuration of epstopdf for MiKTeX
))
Package caption Info: Begin \AtBeginDocument code.
Package caption Info: float package is loaded.
Package caption Info: End \AtBeginDocument code.
 [1


{C:/Users/orfuc/AppData/Local/MiKTeX/fonts/map/pdftex/pdftex.map}{C:/Users/orfu
c/AppData/Local/Programs/MiKTeX/fonts/enc/dvips/base/8r.enc}

]
\titlearea=\box61


LaTeX Warning: No \author given.

\actualheight=\skip60

LaTeX Warning: No \author given.


Underfull \vbox (badness 10000) detected at line 56
 []

LaTeX Font Info:    Trying to load font information for TS1+ptm on input line 5
6.
(C:\Users\orfuc\AppData\Local\Programs\MiKTeX\tex/latex/psnfss\ts1ptm.fd
File: ts1ptm.fd 2001/06/04 font definitions for TS1/ptm.
)

Package natbib Warning: Citation `zhao2018zero' on page 2 undefined on input li
ne 81.


Package natbib Warning: Citation `Devlin2019BERTPO' on page 2 undefined on inpu
t line 82.


Package natbib Warning: Citation `qian2019domain' on page 2 undefined on input 
line 83.


Package natbib Warning: Citation `finn2017model' on page 2 undefined on input l
ine 83.


Package natbib Warning: Citation `zhang2019task' on page 2 undefined on input l
ine 96.


Package natbib Warning: Citation `finn2017model' on page 2 undefined on input l
ine 98.


Package natbib Warning: Citation `budzianowski2018multiwoz' on page 2 undefined
 on input line 100.


Package natbib Warning: Citation `rastogi2019towards' on page 2 undefined on in
put line 100.


Package natbib Warning: Citation `Dauphin2014ZeroShotLA' on page 2 undefined on
 input line 116.


Package natbib Warning: Citation `Henderson2014TheTD' on page 2 undefined on in
put line 116.


Package natbib Warning: Citation `Young2010TheHI' on page 2 undefined on input 
line 116.


Package natbib Warning: Citation `Wen2015StochasticLG' on page 2 undefined on i
nput line 116.


Package natbib Warning: Citation `wen2016network' on page 2 undefined on input 
line 117.


Package natbib Warning: Citation `lei2018sequicity' on page 2 undefined on inpu
t line 118.


Package natbib Warning: Citation `Gu2016IncorporatingCM' on page 2 undefined on
 input line 118.


Package natbib Warning: Citation `Wen2015StochasticLG' on page 2 undefined on i
nput line 118.


Package natbib Warning: Citation `zhang2019task' on page 2 undefined on input l
ine 119.


Package natbib Warning: Citation `Li2019EndtoEndTN' on page 2 undefined on inpu
t line 119.


Underfull \vbox (badness 10000) has occurred while \output is active []

 [2

]

Package natbib Warning: Citation `Mo2018PersonalizingAD' on page 3 undefined on
 input line 129.


Package natbib Warning: Citation `Genevay2016TransferLF' on page 3 undefined on
 input line 129.


Package natbib Warning: Citation `Shi2018SentimentAE' on page 3 undefined on in
put line 130.


Package natbib Warning: Citation `Williams2017HybridCN' on page 3 undefined on 
input line 130.


Package natbib Warning: Citation `zhao2018zero' on page 3 undefined on input li
ne 131.


Package natbib Warning: Citation `shalyminov2019few' on page 3 undefined on inp
ut line 131.


Package natbib Warning: Citation `caruana1997multitask' on page 3 undefined on 
input line 131.


Package natbib Warning: Citation `bengio2012deep' on page 3 undefined on input 
line 131.


Package natbib Warning: Citation `Devlin2019BERTPO' on page 3 undefined on inpu
t line 132.


Package natbib Warning: Citation `radford2019language' on page 3 undefined on i
nput line 132.


Package natbib Warning: Citation `budzianowski2019hello' on page 3 undefined on
 input line 132.


Package natbib Warning: Citation `Shalyminov2020HybridGT' on page 3 undefined o
n input line 132.


Package natbib Warning: Citation `Peng2020SOLOISTFT' on page 3 undefined on inp
ut line 134.


Package natbib Warning: Citation `gu2018meta' on page 3 undefined on input line
 140.


Package natbib Warning: Citation `Rusu2019MetaLearningWL' on page 3 undefined o
n input line 140.


Package natbib Warning: Citation `qian2019domain' on page 3 undefined on input 
line 141.


Package natbib Warning: Citation `finn2017model' on page 3 undefined on input l
ine 141.


Package natbib Warning: Citation `Song2019LearningTC' on page 3 undefined on in
put line 142.

<figs/structure.png, id=11, 1405.25pt x 563.10374pt>
File: figs/structure.png Graphic file (type png)
<use figs/structure.png>
Package pdftex.def Info: figs/structure.png  used on input line 148.
(pdftex.def)             Requested size: 480.59395pt x 192.57832pt.

Package natbib Warning: Citation `Zhu2015MachineTA' on page 3 undefined on inpu
t line 155.


Package natbib Warning: Citation `Liu2017IterativeMT' on page 3 undefined on in
put line 155.


Package natbib Warning: Citation `Kim2016SequenceLevelKD' on page 3 undefined o
n input line 156.


Package natbib Warning: Citation `Peng2019TeacherStudentFE' on page 3 undefined
 on input line 156.


Package natbib Warning: Citation `Hinton2015DistillingTK' on page 3 undefined o
n input line 156.


Package natbib Warning: Citation `Fan2018LearningTT' on page 3 undefined on inp
ut line 157.


Package natbib Warning: Citation `Wu2018LearningTT' on page 3 undefined on inpu
t line 158.


LaTeX Warning: Reference `fig_structure' on page 3 undefined on input line 186.



LaTeX Warning: Reference `fig_structure' on page 3 undefined on input line 192.



Package natbib Warning: Citation `zhang2019task' on page 3 undefined on input l
ine 192.


Package natbib Warning: Citation `lei2018sequicity' on page 3 undefined on inpu
t line 194.


Underfull \hbox (badness 2261) in paragraph at lines 194--195
\OT1/ptm/m/n/10 all the task-related in-for-ma-tion pro-vided by user, e.g
 []

[3]

Package natbib Warning: Citation `cho2014learning' on page 4 undefined on input
 line 207.


Package natbib Warning: Citation `bahdanau2014neural' on page 4 undefined on in
put line 207.


Package natbib Warning: Citation `Gu2016IncorporatingCM' on page 4 undefined on
 input line 207.


LaTeX Warning: Reference `fig_structure' on page 4 undefined on input line 214.



LaTeX Warning: Reference `fig_structure' on page 4 undefined on input line 217.



Package natbib Warning: Citation `vaswani2017attention' on page 4 undefined on 
input line 219.

<figs/train0.png, id=21, 772.8875pt x 940.51375pt>
File: figs/train0.png Graphic file (type png)
<use figs/train0.png>
Package pdftex.def Info: figs/train0.png  used on input line 229.
(pdftex.def)             Requested size: 227.42392pt x 276.74594pt.

LaTeX Warning: Reference `fig_train' on page 4 undefined on input line 289.


Package natbib Warning: Citation `finn2017model' on page 4 undefined on input l
ine 289.

[4 <./figs/structure.png>]
Underfull \hbox (badness 2065) in paragraph at lines 291--296
[]\OT1/ptm/m/n/10 We first ini-tial-ize the stu-dent and the meta-teacher
 []

[5 <./figs/train0.png>]

LaTeX Warning: Reference `eq3' on page 6 undefined on input line 312.


Underfull \hbox (badness 1466) in paragraph at lines 314--316
\OT1/ptm/m/n/10 Optionally, a reg-u-lar-iza-tion term can be added to the
 []


Package natbib Warning: Citation `budzianowski2018multiwoz' on page 6 undefined
 on input line 332.


Package natbib Warning: Citation `rastogi2019towards' on page 6 undefined on in
put line 334.


Package natbib Warning: Citation `Kelley1984AnID' on page 6 undefined on input 
line 334.


Underfull \hbox (badness 1320) in paragraph at lines 334--335
\OT1/ptm/b/n/10 Schema-Guided Dataset \OT1/ptm/m/n/10 (\OT1/ptm/b/n/10 ?\OT1/pt
m/m/n/10 ) is an-other newly-released
 []


Package natbib Warning: Citation `budzianowski2018multiwoz' on page 6 undefined
 on input line 340.


Package natbib Warning: Citation `Papineni2002BleuAM' on page 6 undefined on in
put line 340.


Underfull \hbox (badness 1331) in paragraph at lines 340--341
\OT1/ptm/m/n/10 Following \OT1/ptm/b/n/10 ?\OT1/ptm/m/n/10 , we adopt In-form r
ate, Suc-cess rate, and
 []


Overfull \hbox (3.65324pt too wide) in paragraph at lines 361--361
 []|\OT1/ptm/m/n/9 Inform| 
 []


Overfull \hbox (7.154pt too wide) in paragraph at lines 361--361
 []|\OT1/ptm/m/n/9 Success| 
 []


Overfull \hbox (2.1593pt too wide) in paragraph at lines 361--361
 []|\OT1/ptm/m/n/9 BLEU| 
 []


Overfull \hbox (3.65324pt too wide) in paragraph at lines 361--361
 []|\OT1/ptm/m/n/9 Inform| 
 []


Overfull \hbox (7.154pt too wide) in paragraph at lines 361--361
 []|\OT1/ptm/m/n/9 Success| 
 []


Overfull \hbox (2.1593pt too wide) in paragraph at lines 361--361
 []|\OT1/ptm/m/n/9 BLEU| 
 []


Overfull \hbox (3.65324pt too wide) in paragraph at lines 361--361
 []|\OT1/ptm/m/n/9 Inform| 
 []


Overfull \hbox (7.154pt too wide) in paragraph at lines 361--361
 []|\OT1/ptm/m/n/9 Success| 
 []


Overfull \hbox (2.1593pt too wide) in paragraph at lines 361--361
 []|\OT1/ptm/m/n/9 BLEU| 
 []


Overfull \hbox (3.65324pt too wide) in paragraph at lines 361--361
 []|\OT1/ptm/m/n/9 Inform| 
 []


Overfull \hbox (7.154pt too wide) in paragraph at lines 361--361
 []|\OT1/ptm/m/n/9 Success| 
 []


Overfull \hbox (3.65324pt too wide) in paragraph at lines 369--369
 []|\OT1/ptm/m/n/9 Inform| 
 []


Overfull \hbox (7.154pt too wide) in paragraph at lines 369--369
 []|\OT1/ptm/m/n/9 Success| 
 []


Overfull \hbox (2.1593pt too wide) in paragraph at lines 369--369
 []|\OT1/ptm/m/n/9 BLEU| 
 []


Overfull \hbox (3.65324pt too wide) in paragraph at lines 369--369
 []|\OT1/ptm/m/n/9 Inform| 
 []


Overfull \hbox (7.154pt too wide) in paragraph at lines 369--369
 []|\OT1/ptm/m/n/9 Success| 
 []


Overfull \hbox (2.1593pt too wide) in paragraph at lines 369--369
 []|\OT1/ptm/m/n/9 BLEU| 
 []


Overfull \hbox (3.65324pt too wide) in paragraph at lines 369--369
 []|\OT1/ptm/m/n/9 Inform| 
 []


Overfull \hbox (7.154pt too wide) in paragraph at lines 369--369
 []|\OT1/ptm/m/n/9 Success| 
 []


Overfull \hbox (2.1593pt too wide) in paragraph at lines 369--369
 []|\OT1/ptm/m/n/9 BLEU| 
 []


Overfull \hbox (3.65324pt too wide) in paragraph at lines 369--369
 []|\OT1/ptm/m/n/9 Inform| 
 []


Overfull \hbox (7.154pt too wide) in paragraph at lines 369--369
 []|\OT1/ptm/m/n/9 Success| 
 []


Package natbib Warning: Citation `finn2017model' on page 6 undefined on input l
ine 389.


Package natbib Warning: Citation `qian2019domain' on page 6 undefined on input 
line 389.


Package natbib Warning: Citation `Peng2020SOLOISTFT' on page 6 undefined on inp
ut line 391.


Package natbib Warning: Citation `pennington2014glove' on page 6 undefined on i
nput line 396.


Package natbib Warning: Citation `kingma2014adam' on page 6 undefined on input 
line 396.


Package natbib Warning: Citation `ioffe2015batch' on page 6 undefined on input 
line 396.


LaTeX Warning: Reference `multiwoz-main' on page 6 undefined on input line 408.


[6]

LaTeX Warning: Reference `multiwoz-main' on page 7 undefined on input line 445.



Overfull \hbox (2.23051pt too wide) in paragraph at lines 457--457
 []|\OT1/ptm/m/n/9 Inform| 
 []


Overfull \hbox (5.73128pt too wide) in paragraph at lines 457--457
 []|\OT1/ptm/m/n/9 Success| 
 []


LaTeX Warning: `h' float specifier changed to `ht'.


LaTeX Warning: Reference `multiwoz_slot' on page 7 undefined on input line 472.



Overfull \hbox (3.65324pt too wide) in paragraph at lines 491--491
 []|\OT1/ptm/m/n/9 Inform| 
 []


Overfull \hbox (7.154pt too wide) in paragraph at lines 491--491
 []|\OT1/ptm/m/n/9 Success| 
 []


Overfull \hbox (2.1593pt too wide) in paragraph at lines 491--491
 []|\OT1/ptm/m/n/9 BLEU| 
 []


Overfull \hbox (3.65324pt too wide) in paragraph at lines 491--491
 []|\OT1/ptm/m/n/9 Inform| 
 []


Overfull \hbox (7.154pt too wide) in paragraph at lines 491--491
 []|\OT1/ptm/m/n/9 Success| 
 []


Overfull \hbox (2.1593pt too wide) in paragraph at lines 491--491
 []|\OT1/ptm/m/n/9 BLEU| 
 []


Overfull \hbox (3.65324pt too wide) in paragraph at lines 491--491
 []|\OT1/ptm/m/n/9 Inform| 
 []


Overfull \hbox (7.154pt too wide) in paragraph at lines 491--491
 []|\OT1/ptm/m/n/9 Success| 
 []


Overfull \hbox (2.1593pt too wide) in paragraph at lines 491--491
 []|\OT1/ptm/m/n/9 BLEU| 
 []


Overfull \hbox (3.65324pt too wide) in paragraph at lines 491--491
 []|\OT1/ptm/m/n/9 Inform| 
 []


Overfull \hbox (7.154pt too wide) in paragraph at lines 491--491
 []|\OT1/ptm/m/n/9 Success| 
 []


Package natbib Warning: Citation `Peng2020SOLOISTFT' on page 7 undefined on inp
ut line 504.


LaTeX Warning: Reference `multiwoz_increase_adapt_size' on page 7 undefined on 
input line 504.


Underfull \vbox (badness 3000) has occurred while \output is active []

 [7]

LaTeX Warning: Reference `schema' on page 8 undefined on input line 509.


LaTeX Warning: Reference `fig_weights' on page 8 undefined on input line 518.

<figs/weights.png, id=41, 1074.0125pt x 643.40375pt>
File: figs/weights.png Graphic file (type png)
<use figs/weights.png>
Package pdftex.def Info: figs/weights.png  used on input line 538.
(pdftex.def)             Requested size: 239.39438pt x 143.40477pt.

Underfull \hbox (badness 1253) in paragraph at lines 550--556
\OT1/ptm/m/n/10 present a transformer-based meta-teacher model, which
 []

No file after_operator5.bbl.

Package natbib Warning: There were undefined citations.

[8 <./figs/weights.png>] (after_operator5.aux)
 ***********
LaTeX2e <2023-06-01> patch level 1
L3 programming layer <2023-08-29>
 ***********


LaTeX Warning: There were undefined references.


LaTeX Warning: Label(s) may have changed. Rerun to get cross-references right.

 ) 
Here is how much of TeX's memory you used:
 5663 strings out of 475247
 96554 string characters out of 5757792
 1963801 words of memory out of 5000000
 27098 multiletter control sequences out of 15000+600000
 578587 words of font info for 77 fonts, out of 8000000 for 9000
 1141 hyphenation exceptions out of 8191
 86i,17n,117p,1050b,640s stack positions out of 10000i,1000n,20000p,200000b,200000s
<C:/Users/orfuc/AppData/Local/Programs/MiKTeX/fonts/type1/public/amsfonts/cm/
cmex10.pfb><C:/Users/orfuc/AppData/Local/Programs/MiKTeX/fonts/type1/public/ams
fonts/cm/cmmi10.pfb><C:/Users/orfuc/AppData/Local/Programs/MiKTeX/fonts/type1/p
ublic/amsfonts/cm/cmmi5.pfb><C:/Users/orfuc/AppData/Local/Programs/MiKTeX/fonts
/type1/public/amsfonts/cm/cmmi7.pfb><C:/Users/orfuc/AppData/Local/Programs/MiKT
eX/fonts/type1/public/amsfonts/cm/cmr10.pfb><C:/Users/orfuc/AppData/Local/Progr
ams/MiKTeX/fonts/type1/public/amsfonts/cm/cmr7.pfb><C:/Users/orfuc/AppData/Loca
l/Programs/MiKTeX/fonts/type1/public/amsfonts/cm/cmr9.pfb><C:/Users/orfuc/AppDa
ta/Local/Programs/MiKTeX/fonts/type1/public/amsfonts/cm/cmsy10.pfb><C:/Users/or
fuc/AppData/Local/Programs/MiKTeX/fonts/type1/public/amsfonts/cm/cmsy7.pfb><C:/
Users/orfuc/AppData/Local/Programs/MiKTeX/fonts/type1/public/amsfonts/cm/cmti10
.pfb><C:/Users/orfuc/AppData/Local/Programs/MiKTeX/fonts/type1/public/rsfs/rsfs
10.pfb><C:/Users/orfuc/AppData/Local/Programs/MiKTeX/fonts/type1/urw/times/utmb
8a.pfb><C:/Users/orfuc/AppData/Local/Programs/MiKTeX/fonts/type1/urw/times/utmr
8a.pfb>
Output written on after_operator5.pdf (8 pages, 504526 bytes).
PDF statistics:
 102 PDF objects out of 1000 (max. 8388607)
 0 named destinations out of 1000 (max. 500000)
 16 words of extra memory for PDF output out of 10000 (max. 10000000)

