This is pdfTeX, Version 3.141592653-2.6-1.40.25 (MiKTeX 23.5) (preloaded format=pdflatex 2024.1.12)  4 MAR 2024 20:19
entering extended mode
 restricted \write18 enabled.
 %&-line parsing enabled.
**./after_operator7.tex
(after_operator7.tex
LaTeX2e <2023-06-01> patch level 1
L3 programming layer <2023-08-29>
(C:\Users\orfuc\AppData\Local\Programs\MiKTeX\tex/latex/base\article.cls
Document Class: article 2023/05/17 v1.4n Standard LaTeX document class
(C:\Users\orfuc\AppData\Local\Programs\MiKTeX\tex/latex/base\size10.clo
File: size10.clo 2023/05/17 v1.4n Standard LaTeX file (size option)
)
\c@part=\count185
\c@section=\count186
\c@subsection=\count187
\c@subsubsection=\count188
\c@paragraph=\count189
\c@subparagraph=\count190
\c@figure=\count191
\c@table=\count192
\abovecaptionskip=\skip48
\belowcaptionskip=\skip49
\bibindent=\dimen140
)
(C:\Users\orfuc\AppData\Local\Programs\MiKTeX\tex/latex/adjustbox\adjustbox.sty
Package: adjustbox 2022/10/17 v1.3a Adjusting TeX boxes (trim, clip, ...)
(C:\Users\orfuc\AppData\Local\Programs\MiKTeX\tex/latex/xkeyval\xkeyval.sty
Package: xkeyval 2022/06/16 v2.9 package option processing (HA)

(C:\Users\orfuc\AppData\Local\Programs\MiKTeX\tex/generic/xkeyval\xkeyval.tex
(C:\Users\orfuc\AppData\Local\Programs\MiKTeX\tex/generic/xkeyval\xkvutils.tex
\XKV@toks=\toks17
\XKV@tempa@toks=\toks18

(C:\Users\orfuc\AppData\Local\Programs\MiKTeX\tex/generic/xkeyval\keyval.tex))
\XKV@depth=\count193
File: xkeyval.tex 2014/12/03 v2.7a key=value parser (HA)
)) (C:\Users\orfuc\AppData\Local\Programs\MiKTeX\tex/latex/adjustbox\adjcalc.st
y
Package: adjcalc 2012/05/16 v1.1 Provides advanced setlength with multiple back
-ends (calc, etex, pgfmath)
)
(C:\Users\orfuc\AppData\Local\Programs\MiKTeX\tex/latex/adjustbox\trimclip.sty
Package: trimclip 2020/08/19 v1.2 Trim and clip general TeX material

(C:\Users\orfuc\AppData\Local\Programs\MiKTeX\tex/latex/graphics\graphicx.sty
Package: graphicx 2021/09/16 v1.2d Enhanced LaTeX Graphics (DPC,SPQR)

(C:\Users\orfuc\AppData\Local\Programs\MiKTeX\tex/latex/graphics\graphics.sty
Package: graphics 2022/03/10 v1.4e Standard LaTeX Graphics (DPC,SPQR)

(C:\Users\orfuc\AppData\Local\Programs\MiKTeX\tex/latex/graphics\trig.sty
Package: trig 2021/08/11 v1.11 sin cos tan (DPC)
)
(C:\Users\orfuc\AppData\Local\Programs\MiKTeX\tex/latex/graphics-cfg\graphics.c
fg
File: graphics.cfg 2016/06/04 v1.11 sample graphics configuration
)
Package graphics Info: Driver file: pdftex.def on input line 107.

(C:\Users\orfuc\AppData\Local\Programs\MiKTeX\tex/latex/graphics-def\pdftex.def
File: pdftex.def 2022/09/22 v1.2b Graphics/color driver for pdftex
))
\Gin@req@height=\dimen141
\Gin@req@width=\dimen142
)
(C:\Users\orfuc\AppData\Local\Programs\MiKTeX\tex/latex/collectbox\collectbox.s
ty
Package: collectbox 2022/10/17 v0.4c Collect macro arguments as boxes
\collectedbox=\box51
)
\tc@llx=\dimen143
\tc@lly=\dimen144
\tc@urx=\dimen145
\tc@ury=\dimen146
Package trimclip Info: Using driver 'tc-pdftex.def'.

(C:\Users\orfuc\AppData\Local\Programs\MiKTeX\tex/latex/adjustbox\tc-pdftex.def
File: tc-pdftex.def 2019/01/04 v2.2 Clipping driver for pdftex
))
\adjbox@Width=\dimen147
\adjbox@Height=\dimen148
\adjbox@Depth=\dimen149
\adjbox@Totalheight=\dimen150
\adjbox@pwidth=\dimen151
\adjbox@pheight=\dimen152
\adjbox@pdepth=\dimen153
\adjbox@ptotalheight=\dimen154

(C:\Users\orfuc\AppData\Local\Programs\MiKTeX\tex/latex/ifoddpage\ifoddpage.sty
Package: ifoddpage 2022/10/18 v1.2 Conditionals for odd/even page detection
\c@checkoddpage=\count194
) (C:\Users\orfuc\AppData\Local\Programs\MiKTeX\tex/latex/varwidth\varwidth.sty
Package: varwidth 2009/03/30 ver 0.92;  Variable-width minipages
\@vwid@box=\box52
\sift@deathcycles=\count195
\@vwid@loff=\dimen155
\@vwid@roff=\dimen156
)) (aaai19.sty
Conference Style for AAAI for LaTeX 2e -- version for the AAAI-19 conference
\titlebox=\skip50
) (C:\Users\orfuc\AppData\Local\Programs\MiKTeX\tex/latex/psnfss\times.sty
Package: times 2020/03/25 PSNFSS-v9.3 (SPQR) 
)
(C:\Users\orfuc\AppData\Local\Programs\MiKTeX\tex/latex/psnfss\helvet.sty
Package: helvet 2020/03/25 PSNFSS-v9.3 (WaS) 
)
(C:\Users\orfuc\AppData\Local\Programs\MiKTeX\tex/latex/psnfss\courier.sty
Package: courier 2020/03/25 PSNFSS-v9.3 (WaS) 
)
(C:\Users\orfuc\AppData\Local\Programs\MiKTeX\tex/latex/url\url.sty
\Urlmuskip=\muskip16
Package: url 2013/09/16  ver 3.4  Verb mode for urls, etc.
)
(C:\Users\orfuc\AppData\Local\Programs\MiKTeX\tex/latex/amsmath\amsmath.sty
Package: amsmath 2023/05/13 v2.17o AMS math features
\@mathmargin=\skip51

For additional information on amsmath, use the `?' option.
(C:\Users\orfuc\AppData\Local\Programs\MiKTeX\tex/latex/amsmath\amstext.sty
Package: amstext 2021/08/26 v2.01 AMS text

(C:\Users\orfuc\AppData\Local\Programs\MiKTeX\tex/latex/amsmath\amsgen.sty
File: amsgen.sty 1999/11/30 v2.0 generic functions
\@emptytoks=\toks19
\ex@=\dimen157
))
(C:\Users\orfuc\AppData\Local\Programs\MiKTeX\tex/latex/amsmath\amsbsy.sty
Package: amsbsy 1999/11/29 v1.2d Bold Symbols
\pmbraise@=\dimen158
)
(C:\Users\orfuc\AppData\Local\Programs\MiKTeX\tex/latex/amsmath\amsopn.sty
Package: amsopn 2022/04/08 v2.04 operator names
)
\inf@bad=\count196
LaTeX Info: Redefining \frac on input line 234.
\uproot@=\count197
\leftroot@=\count198
LaTeX Info: Redefining \overline on input line 399.
LaTeX Info: Redefining \colon on input line 410.
\classnum@=\count199
\DOTSCASE@=\count266
LaTeX Info: Redefining \ldots on input line 496.
LaTeX Info: Redefining \dots on input line 499.
LaTeX Info: Redefining \cdots on input line 620.
\Mathstrutbox@=\box53
\strutbox@=\box54
LaTeX Info: Redefining \big on input line 722.
LaTeX Info: Redefining \Big on input line 723.
LaTeX Info: Redefining \bigg on input line 724.
LaTeX Info: Redefining \Bigg on input line 725.
\big@size=\dimen159
LaTeX Font Info:    Redeclaring font encoding OML on input line 743.
LaTeX Font Info:    Redeclaring font encoding OMS on input line 744.
\macc@depth=\count267
LaTeX Info: Redefining \bmod on input line 905.
LaTeX Info: Redefining \pmod on input line 910.
LaTeX Info: Redefining \smash on input line 940.
LaTeX Info: Redefining \relbar on input line 970.
LaTeX Info: Redefining \Relbar on input line 971.
\c@MaxMatrixCols=\count268
\dotsspace@=\muskip17
\c@parentequation=\count269
\dspbrk@lvl=\count270
\tag@help=\toks20
\row@=\count271
\column@=\count272
\maxfields@=\count273
\andhelp@=\toks21
\eqnshift@=\dimen160
\alignsep@=\dimen161
\tagshift@=\dimen162
\tagwidth@=\dimen163
\totwidth@=\dimen164
\lineht@=\dimen165
\@envbody=\toks22
\multlinegap=\skip52
\multlinetaggap=\skip53
\mathdisplay@stack=\toks23
LaTeX Info: Redefining \[ on input line 2953.
LaTeX Info: Redefining \] on input line 2954.
)
(C:\Users\orfuc\AppData\Local\Programs\MiKTeX\tex/latex/amscls\amsthm.sty
Package: amsthm 2020/05/29 v2.20.6
\thm@style=\toks24
\thm@bodyfont=\toks25
\thm@headfont=\toks26
\thm@notefont=\toks27
\thm@headpunct=\toks28
\thm@preskip=\skip54
\thm@postskip=\skip55
\thm@headsep=\skip56
\dth@everypar=\toks29
)
(C:\Users\orfuc\AppData\Local\Programs\MiKTeX\tex/latex/amsfonts\amssymb.sty
Package: amssymb 2013/01/14 v3.01 AMS font symbols

(C:\Users\orfuc\AppData\Local\Programs\MiKTeX\tex/latex/amsfonts\amsfonts.sty
Package: amsfonts 2013/01/14 v3.01 Basic AMSFonts support
\symAMSa=\mathgroup4
\symAMSb=\mathgroup5
LaTeX Font Info:    Redeclaring math symbol \hbar on input line 98.
LaTeX Font Info:    Overwriting math alphabet `\mathfrak' in version `bold'
(Font)                  U/euf/m/n --> U/euf/b/n on input line 106.
))
(C:\Users\orfuc\AppData\Local\Programs\MiKTeX\tex/latex/algorithms\algorithm.st
y
Package: algorithm 2009/08/24 v0.1 Document Style `algorithm' - floating enviro
nment
 (C:\Users\orfuc\AppData\Local\Programs\MiKTeX\tex/latex/float\float.sty
Package: float 2001/11/08 v1.3d Float enhancements (AL)
\c@float@type=\count274
\float@exts=\toks30
\float@box=\box55
\@float@everytoks=\toks31
\@floatcapt=\box56
)
(C:\Users\orfuc\AppData\Local\Programs\MiKTeX\tex/latex/base\ifthen.sty
Package: ifthen 2022/04/13 v1.1d Standard LaTeX ifthen package (DPC)
)
\@float@every@algorithm=\toks32
\c@algorithm=\count275
)
(C:\Users\orfuc\AppData\Local\Programs\MiKTeX\tex/latex/algorithmicx\algpseudoc
ode.sty
Package: algpseudocode 

(C:\Users\orfuc\AppData\Local\Programs\MiKTeX\tex/latex/algorithmicx\algorithmi
cx.sty
Package: algorithmicx 2005/04/27 v1.2 Algorithmicx

Document Style algorithmicx 1.2 - a greatly improved `algorithmic' style
\c@ALG@line=\count276
\c@ALG@rem=\count277
\c@ALG@nested=\count278
\ALG@tlm=\skip57
\ALG@thistlm=\skip58
\c@ALG@Lnr=\count279
\c@ALG@blocknr=\count280
\c@ALG@storecount=\count281
\c@ALG@tmpcounter=\count282
\ALG@tmplength=\skip59
)
Document Style - pseudocode environments for use with the `algorithmicx' style
) (C:\Users\orfuc\AppData\Local\Programs\MiKTeX\tex/latex/subfig\subfig.sty
Package: subfig 2005/06/28 ver: 1.3 subfig package

(C:\Users\orfuc\AppData\Local\Programs\MiKTeX\tex/latex/caption\caption.sty
Package: caption 2023/07/31 v3.6n Customizing captions (AR)

(C:\Users\orfuc\AppData\Local\Programs\MiKTeX\tex/latex/caption\caption3.sty
Package: caption3 2023/07/31 v2.4d caption3 kernel (AR)
\caption@tempdima=\dimen166
\captionmargin=\dimen167
\caption@leftmargin=\dimen168
\caption@rightmargin=\dimen169
\caption@width=\dimen170
\caption@indent=\dimen171
\caption@parindent=\dimen172
\caption@hangindent=\dimen173
Package caption Info: Standard document class detected.
)
\c@caption@flags=\count283
\c@continuedfloat=\count284
Package caption Info: float package is loaded.
)
\c@KVtest=\count285
\sf@farskip=\skip60
\sf@captopadj=\dimen174
\sf@capskip=\skip61
\sf@nearskip=\skip62
\c@subfigure=\count286
\c@subfigure@save=\count287
\c@lofdepth=\count288
\c@subtable=\count289
\c@subtable@save=\count290
\c@lotdepth=\count291
\sf@top=\skip63
\sf@bottom=\skip64
)
\c@theorem=\count292
\c@lemma=\count293
\c@corollary=\count294
\c@conjecture=\count295
\c@assumption=\count296
\c@statement=\count297
\c@example=\count298
\c@definition=\count299
\c@remark=\count300
LaTeX Font Info:    Trying to load font information for OT1+ptm on input line 5
9.
(C:\Users\orfuc\AppData\Local\Programs\MiKTeX\tex/latex/psnfss\ot1ptm.fd
File: ot1ptm.fd 2001/06/04 font definitions for OT1/ptm.
)
(C:\Users\orfuc\AppData\Local\Programs\MiKTeX\tex/latex/l3backend\l3backend-pdf
tex.def
File: l3backend-pdftex.def 2023-04-19 L3 backend support: PDF output (pdfTeX)
\l__color_backend_stack_int=\count301
\l__pdf_internal_box=\box57
) (after_operator7.aux)
\openout1 = `after_operator7.aux'.

LaTeX Font Info:    Checking defaults for OML/cmm/m/it on input line 59.
LaTeX Font Info:    ... okay on input line 59.
LaTeX Font Info:    Checking defaults for OMS/cmsy/m/n on input line 59.
LaTeX Font Info:    ... okay on input line 59.
LaTeX Font Info:    Checking defaults for OT1/cmr/m/n on input line 59.
LaTeX Font Info:    ... okay on input line 59.
LaTeX Font Info:    Checking defaults for T1/cmr/m/n on input line 59.
LaTeX Font Info:    ... okay on input line 59.
LaTeX Font Info:    Checking defaults for TS1/cmr/m/n on input line 59.
LaTeX Font Info:    ... okay on input line 59.
LaTeX Font Info:    Checking defaults for OMX/cmex/m/n on input line 59.
LaTeX Font Info:    ... okay on input line 59.
LaTeX Font Info:    Checking defaults for U/cmr/m/n on input line 59.
LaTeX Font Info:    ... okay on input line 59.

(C:\Users\orfuc\AppData\Local\Programs\MiKTeX\tex/context/base/mkii\supp-pdf.mk
ii
[Loading MPS to PDF converter (version 2006.09.02).]
\scratchcounter=\count302
\scratchdimen=\dimen175
\scratchbox=\box58
\nofMPsegments=\count303
\nofMParguments=\count304
\everyMPshowfont=\toks33
\MPscratchCnt=\count305
\MPscratchDim=\dimen176
\MPnumerator=\count306
\makeMPintoPDFobject=\count307
\everyMPtoPDFconversion=\toks34
)
(C:\Users\orfuc\AppData\Local\Programs\MiKTeX\tex/latex/epstopdf-pkg\epstopdf-b
ase.sty
Package: epstopdf-base 2020-01-24 v2.11 Base part for package epstopdf
Package epstopdf-base Info: Redefining graphics rule for `.eps' on input line 4
85.

(C:\Users\orfuc\AppData\Local\Programs\MiKTeX\tex/latex/00miktex\epstopdf-sys.c
fg
File: epstopdf-sys.cfg 2021/03/18 v2.0 Configuration of epstopdf for MiKTeX
))
Package caption Info: Begin \AtBeginDocument code.
Package caption Info: subfig package v1.3 is loaded.
Package caption Info: End \AtBeginDocument code.
LaTeX Font Info:    Trying to load font information for U+msa on input line 74.

 (C:\Users\orfuc\AppData\Local\Programs\MiKTeX\tex/latex/amsfonts\umsa.fd
File: umsa.fd 2013/01/14 v3.01 AMS symbols A
)
LaTeX Font Info:    Trying to load font information for U+msb on input line 74.


(C:\Users\orfuc\AppData\Local\Programs\MiKTeX\tex/latex/amsfonts\umsb.fd
File: umsb.fd 2013/01/14 v3.01 AMS symbols B
)
LaTeX Font Info:    Trying to load font information for OT1+pcr on input line 7
4.

(C:\Users\orfuc\AppData\Local\Programs\MiKTeX\tex/latex/psnfss\ot1pcr.fd
File: ot1pcr.fd 2001/06/04 font definitions for OT1/pcr.
)
LaTeX Font Info:    Trying to load font information for OMS+pcr on input line 7
4.

(C:\Users\orfuc\AppData\Local\Programs\MiKTeX\tex/latex/psnfss\omspcr.fd
File: omspcr.fd 
)
LaTeX Font Info:    Font shape `OMS/pcr/m/n' in size <10> not available
(Font)              Font shape `OMS/cmsy/m/n' tried instead on input line 74.
LaTeX Font Info:    Trying to load font information for TS1+ptm on input line 7
4.

(C:\Users\orfuc\AppData\Local\Programs\MiKTeX\tex/latex/psnfss\ts1ptm.fd
File: ts1ptm.fd 2001/06/04 font definitions for TS1/ptm.
)

LaTeX Warning: Citation `bubeck2012regret' on page 1 undefined on input line 84
.


LaTeX Warning: Citation `auer-linrel' on page 1 undefined on input line 86.


LaTeX Warning: Citation `li-linucb' on page 1 undefined on input line 86.


LaTeX Warning: Citation `agrawal-lints' on page 1 undefined on input line 86.


LaTeX Warning: Citation `agarwal-ilovetoconbandits' on page 1 undefined on inpu
t line 86.


LaTeX Warning: Citation `bastani2015online' on page 1 undefined on input line 8
6.


LaTeX Warning: Citation `russo-vanroy' on page 1 undefined on input line 87.


LaTeX Warning: Citation `rigollet-nonparamtheory' on page 1 undefined on input 
line 87.


LaTeX Warning: Citation `perchet-nonparamtheory' on page 1 undefined on input l
ine 87.


LaTeX Warning: Citation `slivkins-nonparamtheory' on page 1 undefined on input 
line 87.


LaTeX Warning: Citation `li-linucb' on page 1 undefined on input line 87.


LaTeX Warning: Citation `lei-mhealth' on page 1 undefined on input line 87.


LaTeX Warning: Citation `agarwal-debt' on page 1 undefined on input line 87.


LaTeX Warning: Citation `scharfstein1999adjusting' on page 1 undefined on input
 line 97.


LaTeX Warning: Citation `imbens-ci' on page 1 undefined on input line 99.


LaTeX Warning: Citation `li-linucb' on page 1 undefined on input line 100.


LaTeX Warning: Citation `agrawal-lints' on page 1 undefined on input line 100.


Underfull \vbox (badness 1400) has occurred while \output is active []

 [1{C:/Users/orfuc/AppData/Local/MiKTeX/fonts/map/pdftex/pdftex.map}{C:/Users/o
rfuc/AppData/Local/Programs/MiKTeX/fonts/enc/dvips/base/8r.enc}



]

LaTeX Warning: Citation `huang-ml' on page 2 undefined on input line 104.


LaTeX Warning: Citation `zadrozny-ml' on page 2 undefined on input line 104.


LaTeX Warning: Citation `cortes-ml' on page 2 undefined on input line 104.


LaTeX Warning: Citation `bareinboim-bandits' on page 2 undefined on input line 
105.


LaTeX Warning: Citation `bareinboim-fusion' on page 2 undefined on input line 1
05.


LaTeX Warning: Citation `forney-fusion' on page 2 undefined on input line 105.


LaTeX Warning: Citation `lattimore-causalbandit' on page 2 undefined on input l
ine 105.


LaTeX Warning: Citation `strehl2010learning' on page 2 undefined on input line 
106.


LaTeX Warning: Citation `dudik-offline-1' on page 2 undefined on input line 106
.


LaTeX Warning: Citation `li-offline-1' on page 2 undefined on input line 106.


LaTeX Warning: Citation `dudik-offline-2' on page 2 undefined on input line 106
.


LaTeX Warning: Citation `li-offline-2' on page 2 undefined on input line 106.


LaTeX Warning: Citation `swaminathan-offline' on page 2 undefined on input line
 106.


LaTeX Warning: Citation `jiang-offline' on page 2 undefined on input line 106.


LaTeX Warning: Citation `thomas-offline' on page 2 undefined on input line 106.



LaTeX Warning: Citation `athey-offline' on page 2 undefined on input line 106.


LaTeX Warning: Citation `kallus-offline' on page 2 undefined on input line 106.



LaTeX Warning: Citation `wang-offline' on page 2 undefined on input line 106.


LaTeX Warning: Citation `deshpande-offline' on page 2 undefined on input line 1
06.


LaTeX Warning: Citation `kallus2018policy' on page 2 undefined on input line 10
6.


LaTeX Warning: Citation `zhou2018offline' on page 2 undefined on input line 106
.


LaTeX Warning: Citation `villar-online' on page 2 undefined on input line 109.


LaTeX Warning: Citation `nie-online' on page 2 undefined on input line 109.


LaTeX Warning: Citation `agarwal-ilovetoconbandits' on page 2 undefined on inpu
t line 110.


LaTeX Warning: Citation `bietti2018contextual' on page 2 undefined on input lin
e 110.


LaTeX Warning: Citation `dimakopoulou2017estimation' on page 2 undefined on inp
ut line 110.


LaTeX Warning: Citation `agrawal-lints' on page 2 undefined on input line 114.


LaTeX Warning: Citation `chu2011contextual' on page 2 undefined on input line 1
14.


LaTeX Warning: Citation `dudik-offline-1' on page 2 undefined on input line 116
.


LaTeX Warning: Citation `chapelle-tsucb' on page 2 undefined on input line 118.



Underfull \hbox (badness 10000) in paragraph at lines 112--122
[]\OT1/ptm/m/n/10 We prove that the re-gret bound of BLTS is
 []


Underfull \hbox (badness 3612) in paragraph at lines 112--122
\OT1/ptm/m/n/10 same the-o-ret-i-cal guar-an-tee, BLTS out-per-forms LinTS
 []


Underfull \hbox (badness 1902) in paragraph at lines 112--122
\OT1/ptm/m/n/10 em-pir-i-cally. Sim-i-larly, BLUCB has a strong em-pir-i-cal
 []


Underfull \hbox (badness 1226) in paragraph at lines 112--122
\OT1/ptm/m/n/10 BLTS has a strong em-pir-i-cal ad-van-tage over BLUCB.
 []


Underfull \vbox (badness 10000) has occurred while \output is active []



LaTeX Warning: Citation `thompson-ts' on page 2 undefined on input line 171.


LaTeX Warning: Citation `scott-ts' on page 2 undefined on input line 171.


LaTeX Warning: Citation `agrawal-ts' on page 2 undefined on input line 171.


LaTeX Warning: Citation `russo2018tutorial' on page 2 undefined on input line 1
71.


LaTeX Warning: Citation `lai-ucb' on page 2 undefined on input line 172.


LaTeX Warning: Citation `auer-ucb' on page 2 undefined on input line 172.


LaTeX Warning: Citation `agrawal-lints' on page 2 undefined on input line 174.


LaTeX Warning: Citation `li-linucb' on page 2 undefined on input line 174.

[2]

LaTeX Warning: Citation `imbens-ci' on page 3 undefined on input line 221.


LaTeX Warning: Citation `auer2002using' on page 3 undefined on input line 233.


Underfull \vbox (badness 3250) has occurred while \output is active []

 [3]

LaTeX Warning: Citation `crump2009dealing' on page 4 undefined on input line 23
7.


LaTeX Warning: Citation `athey-arb' on page 4 undefined on input line 238.


LaTeX Warning: Citation `kallus-offline' on page 4 undefined on input line 238.



Underfull \hbox (badness 1052) in paragraph at lines 237--242
\OT1/ptm/m/n/10 and Lin-UCB. Fi-nally, note that one could in-te-grate in
 []


Underfull \hbox (badness 1337) in paragraph at lines 237--242
\OT1/ptm/m/n/10 ual bal-anc-ing ( \OT1/ptm/b/n/10 ?\OT1/ptm/m/n/10 ) or the met
hod of ( \OT1/ptm/b/n/10 ?\OT1/ptm/m/n/10 ). For in-stance,
 []


Underfull \hbox (badness 1354) in paragraph at lines 266--271
[]\OT1/ptm/b/it/10 Sub-Gaussian Noise: $\OML/cmm/m/it/10 r[]\OT1/cmr/m/n/10 (\O
ML/cmm/m/it/10 a\OT1/cmr/m/n/10 ) \OMS/cmsy/m/n/10 ^^@ \OML/cmm/m/it/10 x[]^^R[
]$ \OT1/ptm/m/it/10 is con-di-tion-ally
 []


Underfull \hbox (badness 1199) in paragraph at lines 280--284
\OT1/ptm/b/n/10 Remark 1. \OT1/ptm/m/it/10 Note that we make no as-sump-tion of
 the
 []


Underfull \hbox (badness 2376) in paragraph at lines 280--284
\OT1/ptm/m/it/10 not to be fixed be-fore-hand or come from some sta-
 []


Underfull \hbox (badness 1137) in paragraph at lines 280--284
\OT1/ptm/m/it/10 tion-ary pro-cess. Fur-ther, they can even be adapted to
 []


LaTeX Warning: Citation `dimakopoulou2017estimation' on page 4 undefined on inp
ut line 298.


LaTeX Warning: Citation `agrawal-lints' on page 4 undefined on input line 301.


LaTeX Warning: Citation `agrawal-lints' on page 4 undefined on input line 301.


LaTeX Warning: Citation `chu2011contextual' on page 4 undefined on input line 3
04.


LaTeX Warning: Citation `chu2011contextual' on page 4 undefined on input line 3
06.


LaTeX Warning: Citation `chu2011contextual' on page 4 undefined on input line 3
09.


LaTeX Warning: Citation `auer-linrel' on page 4 undefined on input line 310.


LaTeX Warning: Citation `chu2011contextual' on page 4 undefined on input line 3
10.


LaTeX Warning: Citation `bubeck2012regret' on page 4 undefined on input line 31
0.


LaTeX Warning: Citation `abbasi2011improved' on page 4 undefined on input line 
310.


LaTeX Warning: Citation `bubeck2012regret' on page 4 undefined on input line 31
3.

[4]

LaTeX Warning: Citation `chu2011contextual' on page 5 undefined on input line 3
17.


Underfull \hbox (badness 1152) in paragraph at lines 317--318
\OT1/ptm/m/it/10 BLTS, we first show that es-ti-mated means con-cen-trate
 []


LaTeX Warning: Citation `agarwal-ilovetoconbandits' on page 5 undefined on inpu
t line 329.

<Figures/PotentialOutcomes.png, id=34, 628.3475pt x 300.62312pt>
File: Figures/PotentialOutcomes.png Graphic file (type png)
<use Figures/PotentialOutcomes.png>
Package pdftex.def Info: Figures/PotentialOutcomes.png  used on input line 344.

(pdftex.def)             Requested size: 119.69719pt x 57.26576pt.

LaTeX Warning: Citation `chapelle-tsucb' on page 5 undefined on input line 355.



LaTeX Warning: Citation `chapelle-tsucb' on page 5 undefined on input line 355.


<Figures/Degree2/RidgeTSPWFalse.jpg, id=36, 1080.035pt x 218.31563pt>
File: Figures/Degree2/RidgeTSPWFalse.jpg Graphic file (type jpg)
<use Figures/Degree2/RidgeTSPWFalse.jpg>
Package pdftex.def Info: Figures/Degree2/RidgeTSPWFalse.jpg  used on input line
 364.
(pdftex.def)             Requested size: 227.42392pt x 45.97089pt.
<Figures/Degree2/RidgeUCBPWFalse.jpg, id=37, 1079.53313pt x 214.8025pt>
File: Figures/Degree2/RidgeUCBPWFalse.jpg Graphic file (type jpg)
<use Figures/Degree2/RidgeUCBPWFalse.jpg>
Package pdftex.def Info: Figures/Degree2/RidgeUCBPWFalse.jpg  used on input lin
e 367.
(pdftex.def)             Requested size: 227.42392pt x 45.2508pt.
<Figures/Degree2/RidgeTSPWTrue.jpg, id=38, 1079.53313pt x 221.32687pt>
File: Figures/Degree2/RidgeTSPWTrue.jpg Graphic file (type jpg)
<use Figures/Degree2/RidgeTSPWTrue.jpg>
Package pdftex.def Info: Figures/Degree2/RidgeTSPWTrue.jpg  used on input line 
369.
(pdftex.def)             Requested size: 227.42392pt x 46.62523pt.
<Figures/Degree2/RidgeUCBPWTrue.jpg, id=39, 1077.52562pt x 217.31187pt>
File: Figures/Degree2/RidgeUCBPWTrue.jpg Graphic file (type jpg)
<use Figures/Degree2/RidgeUCBPWTrue.jpg>
Package pdftex.def Info: Figures/Degree2/RidgeUCBPWTrue.jpg  used on input line
 372.
(pdftex.def)             Requested size: 227.42392pt x 45.86563pt.
<Figures/Degree1/RidgeTSPWFalse.jpg, id=40, 1077.52562pt x 214.8025pt>
File: Figures/Degree1/RidgeTSPWFalse.jpg Graphic file (type jpg)
<use Figures/Degree1/RidgeTSPWFalse.jpg>
Package pdftex.def Info: Figures/Degree1/RidgeTSPWFalse.jpg  used on input line
 379.
(pdftex.def)             Requested size: 227.42392pt x 45.336pt.
<Figures/Degree1/RidgeUCBPWFalse.jpg, id=41, 1079.03125pt x 215.80624pt>
File: Figures/Degree1/RidgeUCBPWFalse.jpg Graphic file (type jpg)
<use Figures/Degree1/RidgeUCBPWFalse.jpg>
Package pdftex.def Info: Figures/Degree1/RidgeUCBPWFalse.jpg  used on input lin
e 381.
(pdftex.def)             Requested size: 227.42392pt x 45.48529pt.
<Figures/Degree1/RidgeTSPWTrue.jpg, id=42, 1079.03125pt x 215.80624pt>
File: Figures/Degree1/RidgeTSPWTrue.jpg Graphic file (type jpg)
<use Figures/Degree1/RidgeTSPWTrue.jpg>
Package pdftex.def Info: Figures/Degree1/RidgeTSPWTrue.jpg  used on input line 
383.
(pdftex.def)             Requested size: 227.42392pt x 45.48529pt.
<Figures/Degree1/RidgeUCBPWTrue.jpg, id=43, 1078.0275pt x 216.81pt>
File: Figures/Degree1/RidgeUCBPWTrue.jpg Graphic file (type jpg)
<use Figures/Degree1/RidgeUCBPWTrue.jpg>
Package pdftex.def Info: Figures/Degree1/RidgeUCBPWTrue.jpg  used on input line
 385.
(pdftex.def)             Requested size: 227.42392pt x 45.73654pt.
[5 <./Figures/PotentialOutcomes.png>] [6 <./Figures/Degree2/RidgeTSPWFalse.jpg>
 <./Figures/Degree2/RidgeUCBPWFalse.jpg> <./Figures/Degree2/RidgeTSPWTrue.jpg> 
<./Figures/Degree2/RidgeUCBPWTrue.jpg> <./Figures/Degree1/RidgeTSPWFalse.jpg> <
./Figures/Degree1/RidgeUCBPWFalse.jpg> <./Figures/Degree1/RidgeTSPWTrue.jpg> <.
/Figures/Degree1/RidgeUCBPWTrue.jpg>]

LaTeX Warning: Citation `dudik-offline-1' on page 7 undefined on input line 458
.


LaTeX Warning: Citation `agarwal-ilovetoconbandits' on page 7 undefined on inpu
t line 458.


LaTeX Warning: Citation `bietti2018contextual' on page 7 undefined on input lin
e 458.


LaTeX Warning: Citation `chapelle-tsucb' on page 7 undefined on input line 506.



LaTeX Warning: Citation `chapelle-tsucb' on page 7 undefined on input line 506.



LaTeX Warning: Citation `agarwal-ilovetoconbandits' on page 7 undefined on inpu
t line 507.

<Figures/all_vs_all.jpg, id=51, 5018.75pt x 5018.75pt>
File: Figures/all_vs_all.jpg Graphic file (type jpg)
<use Figures/all_vs_all.jpg>
Package pdftex.def Info: Figures/all_vs_all.jpg  used on input line 511.
(pdftex.def)             Requested size: 204.62138pt x 204.85112pt.
[7 <./Figures/all_vs_all.jpg>]

LaTeX Warning: Citation `dimakopoulou2017estimation' on page 8 undefined on inp
ut line 523.

No file after_operator7.bbl.
[8] (after_operator7.aux)
 ***********
LaTeX2e <2023-06-01> patch level 1
L3 programming layer <2023-08-29>
 ***********


LaTeX Warning: Label(s) may have changed. Rerun to get cross-references right.

 ) 
Here is how much of TeX's memory you used:
 6464 strings out of 475247
 109277 string characters out of 5757792
 1952801 words of memory out of 5000000
 27869 multiletter control sequences out of 15000+600000
 590768 words of font info for 106 fonts, out of 8000000 for 9000
 1141 hyphenation exceptions out of 8191
 86i,14n,133p,3078b,456s stack positions out of 10000i,1000n,20000p,200000b,200000s
<C:/Users/orfuc/AppData/Local/Programs/MiKTeX/fonts/type1/public/amsfonts/cm/
cmbx10.pfb><C:/Users/orfuc/AppData/Local/Programs/MiKTeX/fonts/type1/public/ams
fonts/cm/cmex10.pfb><C:/Users/orfuc/AppData/Local/Programs/MiKTeX/fonts/type1/p
ublic/amsfonts/cm/cmmi10.pfb><C:/Users/orfuc/AppData/Local/Programs/MiKTeX/font
s/type1/public/amsfonts/cm/cmmi5.pfb><C:/Users/orfuc/AppData/Local/Programs/MiK
TeX/fonts/type1/public/amsfonts/cm/cmmi6.pfb><C:/Users/orfuc/AppData/Local/Prog
rams/MiKTeX/fonts/type1/public/amsfonts/cm/cmmi7.pfb><C:/Users/orfuc/AppData/Lo
cal/Programs/MiKTeX/fonts/type1/public/amsfonts/cm/cmmi9.pfb><C:/Users/orfuc/Ap
pData/Local/Programs/MiKTeX/fonts/type1/public/amsfonts/cm/cmr10.pfb><C:/Users/
orfuc/AppData/Local/Programs/MiKTeX/fonts/type1/public/amsfonts/cm/cmr5.pfb><C:
/Users/orfuc/AppData/Local/Programs/MiKTeX/fonts/type1/public/amsfonts/cm/cmr7.
pfb><C:/Users/orfuc/AppData/Local/Programs/MiKTeX/fonts/type1/public/amsfonts/c
m/cmsy10.pfb><C:/Users/orfuc/AppData/Local/Programs/MiKTeX/fonts/type1/public/a
msfonts/cm/cmsy5.pfb><C:/Users/orfuc/AppData/Local/Programs/MiKTeX/fonts/type1/
public/amsfonts/cm/cmsy7.pfb><C:/Users/orfuc/AppData/Local/Programs/MiKTeX/font
s/type1/public/amsfonts/symbols/msam10.pfb><C:/Users/orfuc/AppData/Local/Progra
ms/MiKTeX/fonts/type1/public/amsfonts/symbols/msbm10.pfb><C:/Users/orfuc/AppDat
a/Local/Programs/MiKTeX/fonts/type1/urw/courier/ucrr8a.pfb><C:/Users/orfuc/AppD
ata/Local/Programs/MiKTeX/fonts/type1/urw/times/utmb8a.pfb><C:/Users/orfuc/AppD
ata/Local/Programs/MiKTeX/fonts/type1/urw/times/utmbi8a.pfb><C:/Users/orfuc/App
Data/Local/Programs/MiKTeX/fonts/type1/urw/times/utmr8a.pfb><C:/Users/orfuc/App
Data/Local/Programs/MiKTeX/fonts/type1/urw/times/utmri8a.pfb>
Output written on after_operator7.pdf (8 pages, 5195241 bytes).
PDF statistics:
 142 PDF objects out of 1000 (max. 8388607)
 0 named destinations out of 1000 (max. 500000)
 51 words of extra memory for PDF output out of 10000 (max. 10000000)

