This is pdfTeX, Version 3.141592653-2.6-1.40.25 (MiKTeX 23.5) (preloaded format=pdflatex 2024.1.12)  3 MAR 2024 12:39
entering extended mode
 restricted \write18 enabled.
 %&-line parsing enabled.
**./paper_changed.tex
(paper_changed.tex
LaTeX2e <2023-06-01> patch level 1
L3 programming layer <2023-08-29>
(C:\Users\orfuc\AppData\Local\Programs\MiKTeX\tex/latex/base\article.cls
Document Class: article 2023/05/17 v1.4n Standard LaTeX document class
(C:\Users\orfuc\AppData\Local\Programs\MiKTeX\tex/latex/base\size10.clo
File: size10.clo 2023/05/17 v1.4n Standard LaTeX file (size option)
)
\c@part=\count185
\c@section=\count186
\c@subsection=\count187
\c@subsubsection=\count188
\c@paragraph=\count189
\c@subparagraph=\count190
\c@figure=\count191
\c@table=\count192
\abovecaptionskip=\skip48
\belowcaptionskip=\skip49
\bibindent=\dimen140
)
(aaai21.sty
Conference Style for AAAI for LaTeX 2e -- version for the AAAI-21 conference - 
MODIFIED
\titlebox=\skip50
) (C:\Users\orfuc\AppData\Local\Programs\MiKTeX\tex/latex/psnfss\times.sty
Package: times 2020/03/25 PSNFSS-v9.3 (SPQR) 
)
(C:\Users\orfuc\AppData\Local\Programs\MiKTeX\tex/latex/psnfss\helvet.sty
Package: helvet 2020/03/25 PSNFSS-v9.3 (WaS) 

(C:\Users\orfuc\AppData\Local\Programs\MiKTeX\tex/latex/graphics\keyval.sty
Package: keyval 2022/05/29 v1.15 key=value parser (DPC)
\KV@toks@=\toks17
))
(C:\Users\orfuc\AppData\Local\Programs\MiKTeX\tex/latex/psnfss\courier.sty
Package: courier 2020/03/25 PSNFSS-v9.3 (WaS) 
)
(C:\Users\orfuc\AppData\Local\Programs\MiKTeX\tex/latex/url\url.sty
\Urlmuskip=\muskip16
Package: url 2013/09/16  ver 3.4  Verb mode for urls, etc.
)
(C:\Users\orfuc\AppData\Local\Programs\MiKTeX\tex/latex/graphics\graphicx.sty
Package: graphicx 2021/09/16 v1.2d Enhanced LaTeX Graphics (DPC,SPQR)

(C:\Users\orfuc\AppData\Local\Programs\MiKTeX\tex/latex/graphics\graphics.sty
Package: graphics 2022/03/10 v1.4e Standard LaTeX Graphics (DPC,SPQR)

(C:\Users\orfuc\AppData\Local\Programs\MiKTeX\tex/latex/graphics\trig.sty
Package: trig 2021/08/11 v1.11 sin cos tan (DPC)
)
(C:\Users\orfuc\AppData\Local\Programs\MiKTeX\tex/latex/graphics-cfg\graphics.c
fg
File: graphics.cfg 2016/06/04 v1.11 sample graphics configuration
)
Package graphics Info: Driver file: pdftex.def on input line 107.

(C:\Users\orfuc\AppData\Local\Programs\MiKTeX\tex/latex/graphics-def\pdftex.def
File: pdftex.def 2022/09/22 v1.2b Graphics/color driver for pdftex
))
\Gin@req@height=\dimen141
\Gin@req@width=\dimen142
) (C:\Users\orfuc\AppData\Local\Programs\MiKTeX\tex/latex/natbib\natbib.sty
Package: natbib 2010/09/13 8.31b (PWD, AO)
\bibhang=\skip51
\bibsep=\skip52
LaTeX Info: Redefining \cite on input line 694.
\c@NAT@ctr=\count193
)
(C:\Users\orfuc\AppData\Local\Programs\MiKTeX\tex/latex/caption\caption.sty
Package: caption 2023/07/31 v3.6n Customizing captions (AR)

(C:\Users\orfuc\AppData\Local\Programs\MiKTeX\tex/latex/caption\caption3.sty
Package: caption3 2023/07/31 v2.4d caption3 kernel (AR)
\caption@tempdima=\dimen143
\captionmargin=\dimen144
\caption@leftmargin=\dimen145
\caption@rightmargin=\dimen146
\caption@width=\dimen147
\caption@indent=\dimen148
\caption@parindent=\dimen149
\caption@hangindent=\dimen150
Package caption Info: Standard document class detected.
)
\c@caption@flags=\count194
\c@continuedfloat=\count195
)
(C:\Users\orfuc\AppData\Local\Programs\MiKTeX\tex/latex/caption\subcaption.sty
Package: subcaption 2023/07/28 v1.6b Sub-captions (AR)
Package caption Info: New subtype `subfigure' on input line 238.
\c@subfigure=\count196
Package caption Info: New subtype `subtable' on input line 238.
\c@subtable=\count197
) (ulem.sty
\UL@box=\box51
\UL@hyphenbox=\box52
\UL@skip=\skip53
\UL@hook=\toks18
\UL@height=\dimen151
\UL@pe=\count198
\UL@pixel=\dimen152
\ULC@box=\box53
Package: ulem 2019/11/18
\ULdepth=\dimen153
)
(C:\Users\orfuc\AppData\Local\Programs\MiKTeX\tex/latex/enumitem\enumitem.sty
Package: enumitem 2019/06/20 v3.9 Customized lists
\labelindent=\skip54
\enit@outerparindent=\dimen154
\enit@toks=\toks19
\enit@inbox=\box54
\enit@count@id=\count199
\enitdp@description=\count266
)
(C:\Users\orfuc\AppData\Local\Programs\MiKTeX\tex/latex/bbm\bbm.sty
Package: bbm 1999/03/15 V 1.2 provides fonts for set symbols - TH
LaTeX Font Info:    Overwriting math alphabet `\mathbbm' in version `bold'
(Font)                  U/bbm/m/n --> U/bbm/bx/n on input line 33.
LaTeX Font Info:    Overwriting math alphabet `\mathbbmss' in version `bold'
(Font)                  U/bbmss/m/n --> U/bbmss/bx/n on input line 35.
)
(researchpack.sty
(C:\Users\orfuc\AppData\Local\Programs\MiKTeX\tex/latex/xcolor\xcolor.sty
Package: xcolor 2022/06/12 v2.14 LaTeX color extensions (UK)

(C:\Users\orfuc\AppData\Local\Programs\MiKTeX\tex/latex/graphics-cfg\color.cfg
File: color.cfg 2016/01/02 v1.6 sample color configuration
)
Package xcolor Info: Driver file: pdftex.def on input line 227.
(C:\Users\orfuc\AppData\Local\Programs\MiKTeX\tex/latex/graphics\mathcolor.ltx)
Package xcolor Info: Model `cmy' substituted by `cmy0' on input line 1353.
Package xcolor Info: Model `hsb' substituted by `rgb' on input line 1357.
Package xcolor Info: Model `RGB' extended on input line 1369.
Package xcolor Info: Model `HTML' substituted by `rgb' on input line 1371.
Package xcolor Info: Model `Hsb' substituted by `hsb' on input line 1372.
Package xcolor Info: Model `tHsb' substituted by `hsb' on input line 1373.
Package xcolor Info: Model `HSB' substituted by `hsb' on input line 1374.
Package xcolor Info: Model `Gray' substituted by `gray' on input line 1375.
Package xcolor Info: Model `wave' substituted by `hsb' on input line 1376.
) (C:\Users\orfuc\AppData\Local\Programs\MiKTeX\tex/latex/tools\xspace.sty
Package: xspace 2014/10/28 v1.13 Space after command names (DPC,MH)
)
(C:\Users\orfuc\AppData\Local\Programs\MiKTeX\tex/latex/amsmath\amsmath.sty
Package: amsmath 2023/05/13 v2.17o AMS math features
\@mathmargin=\skip55

For additional information on amsmath, use the `?' option.
(C:\Users\orfuc\AppData\Local\Programs\MiKTeX\tex/latex/amsmath\amstext.sty
Package: amstext 2021/08/26 v2.01 AMS text

(C:\Users\orfuc\AppData\Local\Programs\MiKTeX\tex/latex/amsmath\amsgen.sty
File: amsgen.sty 1999/11/30 v2.0 generic functions
\@emptytoks=\toks20
\ex@=\dimen155
))
(C:\Users\orfuc\AppData\Local\Programs\MiKTeX\tex/latex/amsmath\amsbsy.sty
Package: amsbsy 1999/11/29 v1.2d Bold Symbols
\pmbraise@=\dimen156
)
(C:\Users\orfuc\AppData\Local\Programs\MiKTeX\tex/latex/amsmath\amsopn.sty
Package: amsopn 2022/04/08 v2.04 operator names
)
\inf@bad=\count267
LaTeX Info: Redefining \frac on input line 234.
\uproot@=\count268
\leftroot@=\count269
LaTeX Info: Redefining \overline on input line 399.
LaTeX Info: Redefining \colon on input line 410.
\classnum@=\count270
\DOTSCASE@=\count271
LaTeX Info: Redefining \ldots on input line 496.
LaTeX Info: Redefining \dots on input line 499.
LaTeX Info: Redefining \cdots on input line 620.
\Mathstrutbox@=\box55
\strutbox@=\box56
LaTeX Info: Redefining \big on input line 722.
LaTeX Info: Redefining \Big on input line 723.
LaTeX Info: Redefining \bigg on input line 724.
LaTeX Info: Redefining \Bigg on input line 725.
\big@size=\dimen157
LaTeX Font Info:    Redeclaring font encoding OML on input line 743.
LaTeX Font Info:    Redeclaring font encoding OMS on input line 744.
\macc@depth=\count272
LaTeX Info: Redefining \bmod on input line 905.
LaTeX Info: Redefining \pmod on input line 910.
LaTeX Info: Redefining \smash on input line 940.
LaTeX Info: Redefining \relbar on input line 970.
LaTeX Info: Redefining \Relbar on input line 971.
\c@MaxMatrixCols=\count273
\dotsspace@=\muskip17
\c@parentequation=\count274
\dspbrk@lvl=\count275
\tag@help=\toks21
\row@=\count276
\column@=\count277
\maxfields@=\count278
\andhelp@=\toks22
\eqnshift@=\dimen158
\alignsep@=\dimen159
\tagshift@=\dimen160
\tagwidth@=\dimen161
\totwidth@=\dimen162
\lineht@=\dimen163
\@envbody=\toks23
\multlinegap=\skip56
\multlinetaggap=\skip57
\mathdisplay@stack=\toks24
LaTeX Info: Redefining \[ on input line 2953.
LaTeX Info: Redefining \] on input line 2954.
)
(C:\Users\orfuc\AppData\Local\Programs\MiKTeX\tex/latex/amsfonts\amssymb.sty
Package: amssymb 2013/01/14 v3.01 AMS font symbols

(C:\Users\orfuc\AppData\Local\Programs\MiKTeX\tex/latex/amsfonts\amsfonts.sty
Package: amsfonts 2013/01/14 v3.01 Basic AMSFonts support
\symAMSa=\mathgroup4
\symAMSb=\mathgroup5
LaTeX Font Info:    Redeclaring math symbol \hbar on input line 98.
LaTeX Font Info:    Overwriting math alphabet `\mathfrak' in version `bold'
(Font)                  U/euf/m/n --> U/euf/b/n on input line 106.
)) (C:\Users\orfuc\AppData\Local\Programs\MiKTeX\tex/latex/amscls\amsthm.sty
Package: amsthm 2020/05/29 v2.20.6
\thm@style=\toks25
\thm@bodyfont=\toks26
\thm@headfont=\toks27
\thm@notefont=\toks28
\thm@headpunct=\toks29
\thm@preskip=\skip58
\thm@postskip=\skip59
\thm@headsep=\skip60
\dth@everypar=\toks30
)
(C:\Users\orfuc\AppData\Local\Programs\MiKTeX\tex/latex/stmaryrd\stmaryrd.sty
Package: stmaryrd 1994/03/03 St Mary's Road symbol package
\symstmry=\mathgroup6
LaTeX Font Info:    Overwriting symbol font `stmry' in version `bold'
(Font)                  U/stmry/m/n --> U/stmry/b/n on input line 89.
)
(C:\Users\orfuc\AppData\Local\Programs\MiKTeX\tex/latex/algorithms\algorithm.st
y
Package: algorithm 2009/08/24 v0.1 Document Style `algorithm' - floating enviro
nment
 (C:\Users\orfuc\AppData\Local\Programs\MiKTeX\tex/latex/float\float.sty
Package: float 2001/11/08 v1.3d Float enhancements (AL)
\c@float@type=\count279
\float@exts=\toks31
\float@box=\box57
\@float@everytoks=\toks32
\@floatcapt=\box58
)
(C:\Users\orfuc\AppData\Local\Programs\MiKTeX\tex/latex/base\ifthen.sty
Package: ifthen 2022/04/13 v1.1d Standard LaTeX ifthen package (DPC)
)
\@float@every@algorithm=\toks33
\c@algorithm=\count280
)
(C:\Users\orfuc\AppData\Local\Programs\MiKTeX\tex/latex/algorithmicx\algpseudoc
ode.sty
Package: algpseudocode 

(C:\Users\orfuc\AppData\Local\Programs\MiKTeX\tex/latex/algorithmicx\algorithmi
cx.sty
Package: algorithmicx 2005/04/27 v1.2 Algorithmicx

Document Style algorithmicx 1.2 - a greatly improved `algorithmic' style
\c@ALG@line=\count281
\c@ALG@rem=\count282
\c@ALG@nested=\count283
\ALG@tlm=\skip61
\ALG@thistlm=\skip62
\c@ALG@Lnr=\count284
\c@ALG@blocknr=\count285
\c@ALG@storecount=\count286
\c@ALG@tmpcounter=\count287
\ALG@tmplength=\skip63
)
Document Style - pseudocode environments for use with the `algorithmicx' style
)
\c@theorem=\count288
\c@definition=\count289
\c@lemma=\count290
\c@property=\count291
\c@assumption=\count292
)
LaTeX Font Info:    Trying to load font information for OT1+ptm on input line 1
19.
 (C:\Users\orfuc\AppData\Local\Programs\MiKTeX\tex/latex/psnfss\ot1ptm.fd
File: ot1ptm.fd 2001/06/04 font definitions for OT1/ptm.
)
(C:\Users\orfuc\AppData\Local\Programs\MiKTeX\tex/latex/l3backend\l3backend-pdf
tex.def
File: l3backend-pdftex.def 2023-04-19 L3 backend support: PDF output (pdfTeX)
\l__color_backend_stack_int=\count293
\l__pdf_internal_box=\box59
) (paper_changed.aux)
\openout1 = `paper_changed.aux'.

LaTeX Font Info:    Checking defaults for OML/cmm/m/it on input line 119.
LaTeX Font Info:    ... okay on input line 119.
LaTeX Font Info:    Checking defaults for OMS/cmsy/m/n on input line 119.
LaTeX Font Info:    ... okay on input line 119.
LaTeX Font Info:    Checking defaults for OT1/cmr/m/n on input line 119.
LaTeX Font Info:    ... okay on input line 119.
LaTeX Font Info:    Checking defaults for T1/cmr/m/n on input line 119.
LaTeX Font Info:    ... okay on input line 119.
LaTeX Font Info:    Checking defaults for TS1/cmr/m/n on input line 119.
LaTeX Font Info:    ... okay on input line 119.
LaTeX Font Info:    Checking defaults for OMX/cmex/m/n on input line 119.
LaTeX Font Info:    ... okay on input line 119.
LaTeX Font Info:    Checking defaults for U/cmr/m/n on input line 119.
LaTeX Font Info:    ... okay on input line 119.

(C:\Users\orfuc\AppData\Local\Programs\MiKTeX\tex/context/base/mkii\supp-pdf.mk
ii
[Loading MPS to PDF converter (version 2006.09.02).]
\scratchcounter=\count294
\scratchdimen=\dimen164
\scratchbox=\box60
\nofMPsegments=\count295
\nofMParguments=\count296
\everyMPshowfont=\toks34
\MPscratchCnt=\count297
\MPscratchDim=\dimen165
\MPnumerator=\count298
\makeMPintoPDFobject=\count299
\everyMPtoPDFconversion=\toks35
)
(C:\Users\orfuc\AppData\Local\Programs\MiKTeX\tex/latex/epstopdf-pkg\epstopdf-b
ase.sty
Package: epstopdf-base 2020-01-24 v2.11 Base part for package epstopdf
Package epstopdf-base Info: Redefining graphics rule for `.eps' on input line 4
85.

(C:\Users\orfuc\AppData\Local\Programs\MiKTeX\tex/latex/00miktex\epstopdf-sys.c
fg
File: epstopdf-sys.cfg 2021/03/18 v2.0 Configuration of epstopdf for MiKTeX
))
Package caption Info: Begin \AtBeginDocument code.
Package caption Info: float package is loaded.
Package caption Info: End \AtBeginDocument code.
\titlearea=\box61
LaTeX Font Info:    Trying to load font information for U+msa on input line 120
.
 (C:\Users\orfuc\AppData\Local\Programs\MiKTeX\tex/latex/amsfonts\umsa.fd
File: umsa.fd 2013/01/14 v3.01 AMS symbols A
)
LaTeX Font Info:    Trying to load font information for U+msb on input line 120
.

(C:\Users\orfuc\AppData\Local\Programs\MiKTeX\tex/latex/amsfonts\umsb.fd
File: umsb.fd 2013/01/14 v3.01 AMS symbols B
)
LaTeX Font Info:    Trying to load font information for U+stmry on input line 1
20.

(C:\Users\orfuc\AppData\Local\Programs\MiKTeX\tex/latex/stmaryrd\ustmry.fd)
\actualheight=\skip64

Underfull \vbox (badness 10000) detected at line 120
 []

LaTeX Font Info:    Trying to load font information for TS1+ptm on input line 1
20.
(C:\Users\orfuc\AppData\Local\Programs\MiKTeX\tex/latex/psnfss\ts1ptm.fd
File: ts1ptm.fd 2001/06/04 font definitions for TS1/ptm.
)

Package natbib Warning: Citation `guidotti2018survey' on page 1 undefined on in
put line 143.


Package natbib Warning: Citation `guidotti2018local' on page 1 undefined on inp
ut line 143.


Package natbib Warning: Citation `rasmussen2006gaussian' on page 1 undefined on
 input line 150.


Package natbib Warning: Citation `teso2019explanatory' on page 1 undefined on i
nput line 150.


Package natbib Warning: Citation `schramowski2020right' on page 1 undefined on 
input line 150.


Package natbib Warning: Citation `lertvittayakumjorn2020find' on page 1 undefin
ed on input line 150.


Package natbib Warning: Citation `krause2011contextual' on page 1 undefined on 
input line 151.


Package natbib Warning: Citation `alvarez2018towards' on page 1 undefined on in
put line 154.


Package natbib Warning: Citation `ribeiro2016should' on page 1 undefined on inp
ut line 154.


Package natbib Warning: Citation `bucilua2006model' on page 1 undefined on inpu
t line 154.

[1{C:/Users/orfuc/AppData/Local/MiKTeX/fonts/map/pdftex/pdftex.map}{C:/Users/or
fuc/AppData/Local/Programs/MiKTeX/fonts/enc/dvips/base/8r.enc}



]

Package natbib Warning: Citation `cesa2006prediction' on page 2 undefined on in
put line 192.


Package natbib Warning: Citation `bubeck2012regret' on page 2 undefined on inpu
t line 192.


Package natbib Warning: Citation `lapuschkin2019unmasking' on page 2 undefined 
on input line 221.


Package natbib Warning: Citation `ross2017right' on page 2 undefined on input l
ine 221.


Package natbib Warning: Citation `schramowski2020right' on page 2 undefined on 
input line 221.


Package natbib Warning: Citation `miller2018explanation' on page 2 undefined on
 input line 223.


Package natbib Warning: Citation `guidotti2018survey' on page 2 undefined on in
put line 223.


Package natbib Warning: Citation `ribeiro2016should' on page 2 undefined on inp
ut line 224.


Package natbib Warning: Citation `koh2017understanding' on page 2 undefined on 
input line 224.


Package natbib Warning: Citation `guidotti2018local' on page 2 undefined on inp
ut line 224.


Package natbib Warning: Citation `bogaerts2020step' on page 2 undefined on inpu
t line 224.


Underfull \hbox (badness 2799) in paragraph at lines 223--225
[]\OT1/ptm/b/n/10 Flexibility. \OT1/ptm/m/n/10 No sin-gle def-i-ni-tion of ex-p
la-na-tion ex-
 []


Package natbib Warning: Citation `schramowski2020right' on page 2 undefined on 
input line 232.


Package natbib Warning: Citation `lertvittayakumjorn2020find' on page 2 undefin
ed on input line 232.


Package natbib Warning: Citation `bastani2017interpreting' on page 2 undefined 
on input line 239.


Package natbib Warning: Citation `rasmussen2006gaussian' on page 2 undefined on
 input line 244.


LaTeX Font Warning: Font shape `U/stmry/b/n' undefined
(Font)              using `U/stmry/m/n' instead on input line 249.


Underfull \hbox (badness 1603) in paragraph at lines 248--251
[]\OT1/ptm/m/n/10 We now in-stan-ti-ate GPs on our set-ting. Let $\OML/cmm/m/it
/10 ^^X[] \OT1/cmr/m/n/10 =
 []


Package natbib Warning: Citation `krause2011contextual' on page 2 undefined on 
input line 263.

[2]

Package natbib Warning: Citation `guo2010gaussian' on page 3 undefined on input
 line 279.


Package natbib Warning: Citation `thornton2013auto' on page 3 undefined on inpu
t line 279.


Package natbib Warning: Citation `krause2011contextual' on page 3 undefined on 
input line 294.


Package natbib Warning: Citation `krause2011contextual' on page 3 undefined on 
input line 303.


LaTeX Font Warning: Font shape `OT1/ptm/m/scit' undefined
(Font)              using `OT1/ptm/m/sc' instead on input line 304.


Package natbib Warning: Citation `krause2011contextual' on page 3 undefined on 
input line 308.


Package natbib Warning: Citation `freitas2014comprehensible' on page 3 undefine
d on input line 320.


Package natbib Warning: Citation `lakkaraju2016interpretable' on page 3 undefin
ed on input line 320.

[3]
LaTeX Font Info:    Trying to load font information for U+bbm on input line 336
.
 (C:\Users\orfuc\AppData\Local\Programs\MiKTeX\tex/latex/bbm\ubbm.fd
File: ubbm.fd 1999/03/15 V 1.2 Font definition for bbm font - TH
)

Package natbib Warning: Citation `jiao2015kendall' on page 4 undefined on input
 line 339.


Package natbib Warning: Citation `passerini2006kernels' on page 4 undefined on 
input line 343.


Package natbib Warning: Citation `guo2010gaussian' on page 4 undefined on input
 line 350.


Package natbib Warning: Citation `wilson2015human' on page 4 undefined on input
 line 350.


Package natbib Warning: Citation `steinwart2001influence' on page 4 undefined o
n input line 352.


Package natbib Warning: Citation `sriperumbudur2011universality' on page 4 unde
fined on input line 352.


Package natbib Warning: Citation `gretton2015simpler' on page 4 undefined on in
put line 354.


Package natbib Warning: Citation `blanchard2011generalizing' on page 4 undefine
d on input line 377.


Package natbib Warning: Citation `gretton2015simpler' on page 4 undefined on in
put line 377.


Package natbib Warning: Citation `szabo2017characteristic' on page 4 undefined 
on input line 377.


Package natbib Warning: Citation `grosse2012exploiting' on page 4 undefined on 
input line 377.


Package natbib Warning: Citation `ribeiro2016should' on page 4 undefined on inp
ut line 382.


Package natbib Warning: Citation `guo2010gaussian' on page 4 undefined on input
 line 384.


Package natbib Warning: Citation `koriche2018compiling' on page 4 undefined on 
input line 384.


Package natbib Warning: Citation `sakaue2018efficient' on page 4 undefined on i
nput line 384.

[4]
Underfull \hbox (badness 1838) in paragraph at lines 400--401
\OT1/ptm/m/n/10 We eval-u-ate \OT1/ptm/m/sc/10 Ex-plearn \OT1/ptm/m/n/10 on two
 datasets with known
 []


Package natbib Warning: Citation `ross2017right' on page 5 undefined on input l
ine 402.


Package natbib Warning: Citation `dua2019uci' on page 5 undefined on input line
 404.

LaTeX Font Info:    Trying to load font information for OT1+phv on input line 4
19.
(C:\Users\orfuc\AppData\Local\Programs\MiKTeX\tex/latex/psnfss\ot1phv.fd
File: ot1phv.fd 2020/03/25 scalable font definitions for OT1/phv.
)
[5]
<images/colors-0-relevance.pdf, id=35, 316.76154pt x 197.40125pt>
File: images/colors-0-relevance.pdf Graphic file (type pdf)
<use images/colors-0-relevance.pdf>
Package pdftex.def Info: images/colors-0-relevance.pdf  used on input line 430.

(pdftex.def)             Requested size: 116.35252pt x 72.50717pt.
<images/colors-0-polarity.pdf, id=36, 316.76154pt x 197.40125pt>
File: images/colors-0-polarity.pdf Graphic file (type pdf)
<use images/colors-0-polarity.pdf>
Package pdftex.def Info: images/colors-0-polarity.pdf  used on input line 436.
(pdftex.def)             Requested size: 116.35252pt x 72.50717pt.
<images/colors-1-relevance.pdf, id=37, 316.76154pt x 200.0027pt>
File: images/colors-1-relevance.pdf Graphic file (type pdf)
<use images/colors-1-relevance.pdf>
Package pdftex.def Info: images/colors-1-relevance.pdf  used on input line 449.

(pdftex.def)             Requested size: 116.35252pt x 73.4627pt.
<images/colors-1-polarity.pdf, id=38, 316.76154pt x 197.40125pt>
File: images/colors-1-polarity.pdf Graphic file (type pdf)
<use images/colors-1-polarity.pdf>
Package pdftex.def Info: images/colors-1-polarity.pdf  used on input line 455.
(pdftex.def)             Requested size: 116.35252pt x 72.50717pt.
<images/banknote.pdf, id=39, 316.76154pt x 197.40125pt>
File: images/banknote.pdf Graphic file (type pdf)
<use images/banknote.pdf>
Package pdftex.def Info: images/banknote.pdf  used on input line 466.
(pdftex.def)             Requested size: 143.63808pt x 89.51347pt.


Package natbib Warning: Citation `lakkaraju2016interpretable' on page 6 undefin
ed on input line 474.


Package natbib Warning: Citation `craven1996extracting' on page 6 undefined on 
input line 474.


Package natbib Warning: Citation `guidotti2018local' on page 6 undefined on inp
ut line 474.


Package natbib Warning: Citation `teso2019explanatory' on page 6 undefined on i
nput line 476.


Package natbib Warning: Citation `schramowski2020right' on page 6 undefined on 
input line 476.


Package natbib Warning: Citation `lertvittayakumjorn2020find' on page 6 undefin
ed on input line 476.


Package natbib Warning: Citation `settles2009active' on page 6 undefined on inp
ut line 476.


Package natbib Warning: Citation `popordanoska2020machine' on page 6 undefined 
on input line 476.


Package natbib Warning: Citation `ross2017right' on page 6 undefined on input l
ine 476.


Package natbib Warning: Citation `alvarez2018towards' on page 6 undefined on in
put line 478.


Package natbib Warning: Citation `teso2019toward' on page 6 undefined on input 
line 478.


Package natbib Warning: Citation `koriche2018compiling' on page 6 undefined on 
input line 483.


Package natbib Warning: Citation `sakaue2018efficient' on page 6 undefined on i
nput line 483.


Package natbib Warning: Citation `lage2018human' on page 6 undefined on input l
ine 483.

No file paper_changed.bbl.

Underfull \hbox (badness 1112) in paragraph at lines 487--489
[]\OT1/ptm/m/n/10 Quas ex-pe-dita hic fuga se-qui quaerat eius do-loribus
 []

[6 <./images/colors-0-relevance.pdf> <./images/colors-0-polarity.pdf

pdfTeX warning: pdflatex (file ./images/colors-0-polarity.pdf): PDF inclusion: 
multiple pdfs with page group included in a single page
> <./images/colors-1-relevance.pdf

pdfTeX warning: pdflatex (file ./images/colors-1-relevance.pdf): PDF inclusion:
 multiple pdfs with page group included in a single page
> <./images/colors-1-polarity.pdf

pdfTeX warning: pdflatex (file ./images/colors-1-polarity.pdf): PDF inclusion: 
multiple pdfs with page group included in a single page
> <./images/banknote.pdf

pdfTeX warning: pdflatex (file ./images/banknote.pdf): PDF inclusion: multiple 
pdfs with page group included in a single page
>]

Package natbib Warning: There were undefined citations.

[7

] (paper_changed.aux)
 ***********
LaTeX2e <2023-06-01> patch level 1
L3 programming layer <2023-08-29>
 ***********


LaTeX Font Warning: Some font shapes were not available, defaults substituted.

 ) 
Here is how much of TeX's memory you used:
 7051 strings out of 475247
 110837 string characters out of 5757792
 1943801 words of memory out of 5000000
 28434 multiletter control sequences out of 15000+600000
 600662 words of font info for 129 fonts, out of 8000000 for 9000
 1141 hyphenation exceptions out of 8191
 71i,17n,79p,1840b,466s stack positions out of 10000i,1000n,20000p,200000b,200000s
 <C:\Users\orfuc\AppData\Local\MiKTeX\fonts/pk/ljfour/public/bbm/dpi600\bbm10
.pk><C:/Users/orfuc/AppData/Local/Programs/MiKTeX/fonts/type1/public/amsfonts/c
m/cmbx10.pfb><C:/Users/orfuc/AppData/Local/Programs/MiKTeX/fonts/type1/public/a
msfonts/cm/cmex10.pfb><C:/Users/orfuc/AppData/Local/Programs/MiKTeX/fonts/type1
/public/amsfonts/cm/cmmi10.pfb><C:/Users/orfuc/AppData/Local/Programs/MiKTeX/fo
nts/type1/public/amsfonts/cm/cmmi7.pfb><C:/Users/orfuc/AppData/Local/Programs/M
iKTeX/fonts/type1/public/amsfonts/cm/cmmi9.pfb><C:/Users/orfuc/AppData/Local/Pr
ograms/MiKTeX/fonts/type1/public/amsfonts/cm/cmmib10.pfb><C:/Users/orfuc/AppDat
a/Local/Programs/MiKTeX/fonts/type1/public/amsfonts/cm/cmr10.pfb><C:/Users/orfu
c/AppData/Local/Programs/MiKTeX/fonts/type1/public/amsfonts/cm/cmr7.pfb><C:/Use
rs/orfuc/AppData/Local/Programs/MiKTeX/fonts/type1/public/amsfonts/cm/cmr9.pfb>
<C:/Users/orfuc/AppData/Local/Programs/MiKTeX/fonts/type1/public/amsfonts/cm/cm
sy10.pfb><C:/Users/orfuc/AppData/Local/Programs/MiKTeX/fonts/type1/public/amsfo
nts/cm/cmsy7.pfb><C:/Users/orfuc/AppData/Local/Programs/MiKTeX/fonts/type1/publ
ic/amsfonts/cm/cmsy9.pfb><C:/Users/orfuc/AppData/Local/Programs/MiKTeX/fonts/ty
pe1/public/amsfonts/symbols/msbm10.pfb><C:/Users/orfuc/AppData/Local/Programs/M
iKTeX/fonts/type1/urw/helvetic/uhvr8a.pfb><C:/Users/orfuc/AppData/Local/Program
s/MiKTeX/fonts/type1/urw/times/utmb8a.pfb><C:/Users/orfuc/AppData/Local/Program
s/MiKTeX/fonts/type1/urw/times/utmr8a.pfb><C:/Users/orfuc/AppData/Local/Program
s/MiKTeX/fonts/type1/urw/times/utmri8a.pfb>
Output written on paper_changed.pdf (7 pages, 340785 bytes).
PDF statistics:
 312 PDF objects out of 1000 (max. 8388607)
 0 named destinations out of 1000 (max. 500000)
 26 words of extra memory for PDF output out of 10000 (max. 10000000)

