This is pdfTeX, Version 3.141592653-2.6-1.40.25 (MiKTeX 23.5) (preloaded format=pdflatex 2024.1.12)  3 MAR 2024 16:14
entering extended mode
 restricted \write18 enabled.
 %&-line parsing enabled.
**./SelfMGNN_changed.tex
(SelfMGNN_changed.tex
LaTeX2e <2023-06-01> patch level 1
L3 programming layer <2023-08-29>
(C:\Users\orfuc\AppData\Local\Programs\MiKTeX\tex/latex/base\article.cls
Document Class: article 2023/05/17 v1.4n Standard LaTeX document class
(C:\Users\orfuc\AppData\Local\Programs\MiKTeX\tex/latex/base\size10.clo
File: size10.clo 2023/05/17 v1.4n Standard LaTeX file (size option)
)
\c@part=\count185
\c@section=\count186
\c@subsection=\count187
\c@subsubsection=\count188
\c@paragraph=\count189
\c@subparagraph=\count190
\c@figure=\count191
\c@table=\count192
\abovecaptionskip=\skip48
\belowcaptionskip=\skip49
\bibindent=\dimen140
)
(aaai22.sty
Conference Style for AAAI for LaTeX 2e -- version for the AAAI-22 conference
\titlebox=\skip50
) (C:\Users\orfuc\AppData\Local\Programs\MiKTeX\tex/latex/psnfss\times.sty
Package: times 2020/03/25 PSNFSS-v9.3 (SPQR) 
)
(C:\Users\orfuc\AppData\Local\Programs\MiKTeX\tex/latex/psnfss\helvet.sty
Package: helvet 2020/03/25 PSNFSS-v9.3 (WaS) 

(C:\Users\orfuc\AppData\Local\Programs\MiKTeX\tex/latex/graphics\keyval.sty
Package: keyval 2022/05/29 v1.15 key=value parser (DPC)
\KV@toks@=\toks17
))
(C:\Users\orfuc\AppData\Local\Programs\MiKTeX\tex/latex/psnfss\courier.sty
Package: courier 2020/03/25 PSNFSS-v9.3 (WaS) 
)
(C:\Users\orfuc\AppData\Local\Programs\MiKTeX\tex/latex/url\url.sty
\Urlmuskip=\muskip16
Package: url 2013/09/16  ver 3.4  Verb mode for urls, etc.
)
(C:\Users\orfuc\AppData\Local\Programs\MiKTeX\tex/latex/graphics\graphicx.sty
Package: graphicx 2021/09/16 v1.2d Enhanced LaTeX Graphics (DPC,SPQR)

(C:\Users\orfuc\AppData\Local\Programs\MiKTeX\tex/latex/graphics\graphics.sty
Package: graphics 2022/03/10 v1.4e Standard LaTeX Graphics (DPC,SPQR)

(C:\Users\orfuc\AppData\Local\Programs\MiKTeX\tex/latex/graphics\trig.sty
Package: trig 2021/08/11 v1.11 sin cos tan (DPC)
)
(C:\Users\orfuc\AppData\Local\Programs\MiKTeX\tex/latex/graphics-cfg\graphics.c
fg
File: graphics.cfg 2016/06/04 v1.11 sample graphics configuration
)
Package graphics Info: Driver file: pdftex.def on input line 107.

(C:\Users\orfuc\AppData\Local\Programs\MiKTeX\tex/latex/graphics-def\pdftex.def
File: pdftex.def 2022/09/22 v1.2b Graphics/color driver for pdftex
))
\Gin@req@height=\dimen141
\Gin@req@width=\dimen142
) (C:\Users\orfuc\AppData\Local\Programs\MiKTeX\tex/latex/natbib\natbib.sty
Package: natbib 2010/09/13 8.31b (PWD, AO)
\bibhang=\skip51
\bibsep=\skip52
LaTeX Info: Redefining \cite on input line 694.
\c@NAT@ctr=\count193
)
(C:\Users\orfuc\AppData\Local\Programs\MiKTeX\tex/latex/caption\caption.sty
Package: caption 2023/07/31 v3.6n Customizing captions (AR)

(C:\Users\orfuc\AppData\Local\Programs\MiKTeX\tex/latex/caption\caption3.sty
Package: caption3 2023/07/31 v2.4d caption3 kernel (AR)
\caption@tempdima=\dimen143
\captionmargin=\dimen144
\caption@leftmargin=\dimen145
\caption@rightmargin=\dimen146
\caption@width=\dimen147
\caption@indent=\dimen148
\caption@parindent=\dimen149
\caption@hangindent=\dimen150
Package caption Info: Standard document class detected.
)
\c@caption@flags=\count194
\c@continuedfloat=\count195
)
(C:\Users\orfuc\AppData\Local\Programs\MiKTeX\tex/latex/algorithm2e\algorithm2e
.sty
Package: algorithm2e 2017/07/18 v5.2 algorithms environments
\c@AlgoLine=\count196
 (C:\Users\orfuc\AppData\Local\Programs\MiKTeX\tex/latex/base\ifthen.sty
Package: ifthen 2022/04/13 v1.1d Standard LaTeX ifthen package (DPC)
)
\algocf@hangindent=\skip53

(C:\Users\orfuc\AppData\Local\Programs\MiKTeX\tex/latex/ifoddpage\ifoddpage.sty
Package: ifoddpage 2022/10/18 v1.2 Conditionals for odd/even page detection
\c@checkoddpage=\count197
) (C:\Users\orfuc\AppData\Local\Programs\MiKTeX\tex/latex/tools\xspace.sty
Package: xspace 2014/10/28 v1.13 Space after command names (DPC,MH)
)
(C:\Users\orfuc\AppData\Local\Programs\MiKTeX\tex/latex/relsize\relsize.sty
Package: relsize 2013/03/29 ver 4.1
)
\skiptotal=\skip54
\skiplinenumber=\skip55
\skiprule=\skip56
\skiphlne=\skip57
\skiptext=\skip58
\skiplength=\skip59
\algomargin=\skip60
\skipalgocfslide=\skip61
\algowidth=\dimen151
\inoutsize=\dimen152
\inoutindent=\dimen153
\interspacetitleruled=\dimen154
\interspacealgoruled=\dimen155
\interspacetitleboxruled=\dimen156
\algocf@ruledwidth=\skip62
\algocf@inoutbox=\box51
\algocf@inputbox=\box52
\AlCapSkip=\skip63
\AlCapHSkip=\skip64
\algoskipindent=\skip65
\algocf@nlbox=\box53
\algocf@hangingbox=\box54
\algocf@untilbox=\box55
\algocf@skipuntil=\skip66
\algocf@capbox=\box56
\algocf@lcaptionbox=\skip67
\algoheightruledefault=\skip68
\algoheightrule=\skip69
\algotitleheightruledefault=\skip70
\algotitleheightrule=\skip71
\c@algocfline=\count198
\c@algocfproc=\count199
\c@algocf=\count266
\algocf@algoframe=\box57
\algocf@algobox=\box58
)
(C:\Users\orfuc\AppData\Local\Programs\MiKTeX\tex/latex/algorithms\algorithmic.
sty
Package: algorithmic 2009/08/24 v0.1 Document Style `algorithmic'
\c@ALC@unique=\count267
\c@ALC@line=\count268
\c@ALC@rem=\count269
\c@ALC@depth=\count270
\ALC@tlm=\skip72
\algorithmicindent=\skip73
)
(C:\Users\orfuc\AppData\Local\Programs\MiKTeX\tex/latex/amsmath\amsmath.sty
Package: amsmath 2023/05/13 v2.17o AMS math features
\@mathmargin=\skip74

For additional information on amsmath, use the `?' option.
(C:\Users\orfuc\AppData\Local\Programs\MiKTeX\tex/latex/amsmath\amstext.sty
Package: amstext 2021/08/26 v2.01 AMS text

(C:\Users\orfuc\AppData\Local\Programs\MiKTeX\tex/latex/amsmath\amsgen.sty
File: amsgen.sty 1999/11/30 v2.0 generic functions
\@emptytoks=\toks18
\ex@=\dimen157
))
(C:\Users\orfuc\AppData\Local\Programs\MiKTeX\tex/latex/amsmath\amsbsy.sty
Package: amsbsy 1999/11/29 v1.2d Bold Symbols
\pmbraise@=\dimen158
)
(C:\Users\orfuc\AppData\Local\Programs\MiKTeX\tex/latex/amsmath\amsopn.sty
Package: amsopn 2022/04/08 v2.04 operator names
)
\inf@bad=\count271
LaTeX Info: Redefining \frac on input line 234.
\uproot@=\count272
\leftroot@=\count273
LaTeX Info: Redefining \overline on input line 399.
LaTeX Info: Redefining \colon on input line 410.
\classnum@=\count274
\DOTSCASE@=\count275
LaTeX Info: Redefining \ldots on input line 496.
LaTeX Info: Redefining \dots on input line 499.
LaTeX Info: Redefining \cdots on input line 620.
\Mathstrutbox@=\box59
\strutbox@=\box60
LaTeX Info: Redefining \big on input line 722.
LaTeX Info: Redefining \Big on input line 723.
LaTeX Info: Redefining \bigg on input line 724.
LaTeX Info: Redefining \Bigg on input line 725.
\big@size=\dimen159
LaTeX Font Info:    Redeclaring font encoding OML on input line 743.
LaTeX Font Info:    Redeclaring font encoding OMS on input line 744.
\macc@depth=\count276
LaTeX Info: Redefining \bmod on input line 905.
LaTeX Info: Redefining \pmod on input line 910.
LaTeX Info: Redefining \smash on input line 940.
LaTeX Info: Redefining \relbar on input line 970.
LaTeX Info: Redefining \Relbar on input line 971.
\c@MaxMatrixCols=\count277
\dotsspace@=\muskip17
\c@parentequation=\count278
\dspbrk@lvl=\count279
\tag@help=\toks19
\row@=\count280
\column@=\count281
\maxfields@=\count282
\andhelp@=\toks20
\eqnshift@=\dimen160
\alignsep@=\dimen161
\tagshift@=\dimen162
\tagwidth@=\dimen163
\totwidth@=\dimen164
\lineht@=\dimen165
\@envbody=\toks21
\multlinegap=\skip75
\multlinetaggap=\skip76
\mathdisplay@stack=\toks22
LaTeX Info: Redefining \[ on input line 2953.
LaTeX Info: Redefining \] on input line 2954.
)
(C:\Users\orfuc\AppData\Local\Programs\MiKTeX\tex/latex/tools\bm.sty
Package: bm 2022/01/05 v1.2f Bold Symbol Support (DPC/FMi)
\symboldoperators=\mathgroup4
\symboldletters=\mathgroup5
\symboldsymbols=\mathgroup6
Package bm Info: No bold for \OMX/cmex/m/n, using \pmb.
LaTeX Font Info:    Redeclaring math alphabet \mathbf on input line 149.
)
(C:\Users\orfuc\AppData\Local\Programs\MiKTeX\tex/latex/jknappen\mathrsfs.sty
Package: mathrsfs 1996/01/01 Math RSFS package v1.0 (jk)
\symrsfs=\mathgroup7
)
(C:\Users\orfuc\AppData\Local\Programs\MiKTeX\tex/latex/amscls\amsthm.sty
Package: amsthm 2020/05/29 v2.20.6
\thm@style=\toks23
\thm@bodyfont=\toks24
\thm@headfont=\toks25
\thm@notefont=\toks26
\thm@headpunct=\toks27
\thm@preskip=\skip77
\thm@postskip=\skip78
\thm@headsep=\skip79
\dth@everypar=\toks28
)
(C:\Users\orfuc\AppData\Local\Programs\MiKTeX\tex/latex/amsfonts\amsfonts.sty
Package: amsfonts 2013/01/14 v3.01 Basic AMSFonts support
\symAMSa=\mathgroup8
\symAMSb=\mathgroup9
LaTeX Font Info:    Redeclaring math symbol \hbar on input line 98.
LaTeX Font Info:    Overwriting math alphabet `\mathfrak' in version `bold'
(Font)                  U/euf/m/n --> U/euf/b/n on input line 106.
)
(C:\Users\orfuc\AppData\Local\Programs\MiKTeX\tex/latex/subfigure\subfigure.sty
Package: subfigure 2002/07/30 v2.1.4 subfigure package
\subfigtopskip=\skip80
\subfigcapskip=\skip81
\subfigcaptopadj=\dimen166
\subfigbottomskip=\skip82
\subfigcapmargin=\dimen167
\subfiglabelskip=\skip83
\c@subfigure=\count283
\c@lofdepth=\count284
\c@subtable=\count285
\c@lotdepth=\count286
****************************************
* Local config file subfigure.cfg used *
****************************************

(C:\Users\orfuc\AppData\Local\Programs\MiKTeX\tex/latex/subfigure\subfigure.cfg
)
\subfig@top=\skip84
\subfig@bottom=\skip85
)
(C:\Users\orfuc\AppData\Local\Programs\MiKTeX\tex/latex/multirow\multirow.sty
Package: multirow 2021/03/15 v2.8 Span multiple rows of a table
\multirow@colwidth=\skip86
\multirow@cntb=\count287
\multirow@dima=\skip87
\bigstrutjot=\dimen168
)
(C:\Users\orfuc\AppData\Local\Programs\MiKTeX\tex/latex/tools\array.sty
Package: array 2022/09/04 v2.5g Tabular extension package (FMi)
\col@sep=\dimen169
\ar@mcellbox=\box61
\extrarowheight=\dimen170
\NC@list=\toks29
\extratabsurround=\skip88
\backup@length=\skip89
\ar@cellbox=\box62
)
(C:\Users\orfuc\AppData\Local\Programs\MiKTeX\tex/latex/amsfonts\amssymb.sty
Package: amssymb 2013/01/14 v3.01 AMS font symbols
)
(C:\Users\orfuc\AppData\Local\Programs\MiKTeX\tex/latex/booktabs\booktabs.sty
Package: booktabs 2020/01/12 v1.61803398 Publication quality tables
\heavyrulewidth=\dimen171
\lightrulewidth=\dimen172
\cmidrulewidth=\dimen173
\belowrulesep=\dimen174
\belowbottomsep=\dimen175
\aboverulesep=\dimen176
\abovetopsep=\dimen177
\cmidrulesep=\dimen178
\cmidrulekern=\dimen179
\defaultaddspace=\dimen180
\@cmidla=\count288
\@cmidlb=\count289
\@aboverulesep=\dimen181
\@belowrulesep=\dimen182
\@thisruleclass=\count290
\@lastruleclass=\count291
\@thisrulewidth=\dimen183
)
(C:\Users\orfuc\AppData\Local\Programs\MiKTeX\tex/latex/graphics\color.sty
Package: color 2022/01/06 v1.3d Standard LaTeX Color (DPC)

(C:\Users\orfuc\AppData\Local\Programs\MiKTeX\tex/latex/graphics-cfg\color.cfg
File: color.cfg 2016/01/02 v1.6 sample color configuration
)
Package color Info: Driver file: pdftex.def on input line 149.
(C:\Users\orfuc\AppData\Local\Programs\MiKTeX\tex/latex/graphics\mathcolor.ltx)
) (C:\Users\orfuc\AppData\Local\Programs\MiKTeX\tex/latex/natbib\bibentry.sty
Package: bibentry 2007/10/30 1.5 (PWD)
)
LaTeX Font Info:    Trying to load font information for OT1+ptm on input line 1
93.

(C:\Users\orfuc\AppData\Local\Programs\MiKTeX\tex/latex/psnfss\ot1ptm.fd
File: ot1ptm.fd 2001/06/04 font definitions for OT1/ptm.
)
(C:\Users\orfuc\AppData\Local\Programs\MiKTeX\tex/latex/l3backend\l3backend-pdf
tex.def
File: l3backend-pdftex.def 2023-04-19 L3 backend support: PDF output (pdfTeX)
\l__color_backend_stack_int=\count292
\l__pdf_internal_box=\box63
) (SelfMGNN_changed.aux)
\openout1 = `SelfMGNN_changed.aux'.

LaTeX Font Info:    Checking defaults for OML/cmm/m/it on input line 193.
LaTeX Font Info:    ... okay on input line 193.
LaTeX Font Info:    Checking defaults for OMS/cmsy/m/n on input line 193.
LaTeX Font Info:    ... okay on input line 193.
LaTeX Font Info:    Checking defaults for OT1/cmr/m/n on input line 193.
LaTeX Font Info:    ... okay on input line 193.
LaTeX Font Info:    Checking defaults for T1/cmr/m/n on input line 193.
LaTeX Font Info:    ... okay on input line 193.
LaTeX Font Info:    Checking defaults for TS1/cmr/m/n on input line 193.
LaTeX Font Info:    ... okay on input line 193.
LaTeX Font Info:    Checking defaults for OMX/cmex/m/n on input line 193.
LaTeX Font Info:    ... okay on input line 193.
LaTeX Font Info:    Checking defaults for U/cmr/m/n on input line 193.
LaTeX Font Info:    ... okay on input line 193.

(C:\Users\orfuc\AppData\Local\Programs\MiKTeX\tex/context/base/mkii\supp-pdf.mk
ii
[Loading MPS to PDF converter (version 2006.09.02).]
\scratchcounter=\count293
\scratchdimen=\dimen184
\scratchbox=\box64
\nofMPsegments=\count294
\nofMParguments=\count295
\everyMPshowfont=\toks30
\MPscratchCnt=\count296
\MPscratchDim=\dimen185
\MPnumerator=\count297
\makeMPintoPDFobject=\count298
\everyMPtoPDFconversion=\toks31
)
(C:\Users\orfuc\AppData\Local\Programs\MiKTeX\tex/latex/epstopdf-pkg\epstopdf-b
ase.sty
Package: epstopdf-base 2020-01-24 v2.11 Base part for package epstopdf
Package epstopdf-base Info: Redefining graphics rule for `.eps' on input line 4
85.

(C:\Users\orfuc\AppData\Local\Programs\MiKTeX\tex/latex/00miktex\epstopdf-sys.c
fg
File: epstopdf-sys.cfg 2021/03/18 v2.0 Configuration of epstopdf for MiKTeX
))
Package caption Info: Begin \AtBeginDocument code.
Package caption Info: subfigure package is loaded.
Package caption Info: End \AtBeginDocument code.
\c@eqfn=\count299
\titlearea=\box65
LaTeX Font Info:    Trying to load font information for U+rsfs on input line 19
5.
 (C:\Users\orfuc\AppData\Local\Programs\MiKTeX\tex/latex/jknappen\ursfs.fd
File: ursfs.fd 1998/03/24 rsfs font definition file (jk)
)
LaTeX Font Info:    Trying to load font information for U+msa on input line 195
.
(C:\Users\orfuc\AppData\Local\Programs\MiKTeX\tex/latex/amsfonts\umsa.fd
File: umsa.fd 2013/01/14 v3.01 AMS symbols A
)
LaTeX Font Info:    Trying to load font information for U+msb on input line 195
.

(C:\Users\orfuc\AppData\Local\Programs\MiKTeX\tex/latex/amsfonts\umsb.fd
File: umsb.fd 2013/01/14 v3.01 AMS symbols B
)
LaTeX Font Info:    Trying to load font information for OMS+ptm on input line 1
95.

(C:\Users\orfuc\AppData\Local\Programs\MiKTeX\tex/latex/psnfss\omsptm.fd
File: omsptm.fd 
)
LaTeX Font Info:    Font shape `OMS/ptm/m/n' in size <10> not available
(Font)              Font shape `OMS/cmsy/m/n' tried instead on input line 195.
\actualheight=\skip90
LaTeX Font Info:    Trying to load font information for TS1+ptm on input line 1
95.

(C:\Users\orfuc\AppData\Local\Programs\MiKTeX\tex/latex/psnfss\ts1ptm.fd
File: ts1ptm.fd 2001/06/04 font definitions for TS1/ptm.
)
(abstract.tex) (intro.tex

Package natbib Warning: Citation `cui2018survey' on page 1 undefined on input l
ine 5.


Package natbib Warning: Citation `hamilton2017inductive' on page 1 undefined on
 input line 5.


Package natbib Warning: Citation `kipf2016semi' on page 1 undefined on input li
ne 6.


Package natbib Warning: Citation `GuSGR19' on page 1 undefined on input line 14
.


Package natbib Warning: Citation `HGNN' on page 1 undefined on input line 19.


Package natbib Warning: Citation `BachmannBG20' on page 1 undefined on input li
ne 20.


Package natbib Warning: Citation `WuPCLZY21' on page 1 undefined on input line 
21.


Package natbib Warning: Citation `papadopoulos2012popularity' on page 1 undefin
ed on input line 24.


Package natbib Warning: Citation `ravasz2003hierarchical' on page 1 undefined o
n input line 24.


Package natbib Warning: Citation `velickovic2018graph' on page 1 undefined on i
nput line 33.


Package natbib Warning: Citation `HGCN' on page 1 undefined on input line 33.


Package natbib Warning: Citation `DBLP:journals/corr/abs-2006-08218' on page 1 
undefined on input line 36.


Package natbib Warning: Citation `VelickovicFHLBH19' on page 1 undefined on inp
ut line 41.


Package natbib Warning: Citation `QiuCDZYDWT20' on page 1 undefined on input li
ne 41.


Underfull \vbox (badness 3635) has occurred while \output is active []

 [1{C:/Users/orfuc/AppData/Local/MiKTeX/fonts/map/pdftex/pdftex.map}{C:/Users/o
rfuc/AppData/Local/Programs/MiKTeX/fonts/enc/dvips/base/8r.enc}



]) (preliminary.tex

Package natbib Warning: Citation `Spivak1979' on page 2 undefined on input line
 29.


Package natbib Warning: Citation `Hopper2010' on page 2 undefined on input line
 29.


Underfull \hbox (badness 1107) in paragraph at lines 45--53
\OT1/ptm/m/n/10 In this pa-per, we pro-pose to study the self-supervised
 []

) (methodology.tex
<sample9.pdf, id=10, 995.72pt x 276.03125pt>
File: sample9.pdf Graphic file (type pdf)
<use sample9.pdf>
Package pdftex.def Info: sample9.pdf  used on input line 6.
(pdftex.def)             Requested size: 505.89pt x 140.24336pt.
 [2]
Underfull \hbox (badness 1019) in paragraph at lines 42--48
\OT1/ptm/m/n/10 the \OT1/ptm/m/it/10 Carte-sian prod-uct \OT1/ptm/m/n/10 to con
-struct the mixed-curvature
 []


Underfull \vbox (badness 10000) has occurred while \output is active []

 [3 <./sample9.pdf>]

Package natbib Warning: Citation `BachmannBG20' on page 4 undefined on input li
ne 175.


Overfull \hbox (11.97978pt too wide) detected at line 187
[][]
 []

[4]

Package natbib Warning: Citation `ChenK0H20' on page 5 undefined on input line 
348.


Package natbib Warning: Citation `HassaniA20' on page 5 undefined on input line
 348.


Package natbib Warning: Citation `abs-1807-03748' on page 5 undefined on input 
line 356.


Underfull \hbox (badness 1354) in paragraph at lines 345--357
 \OT1/ptm/b/n/10 Single-view Con-trastive Learn-ing: \OT1/ptm/m/sc/10 Self-MGNN
 \OT1/ptm/m/n/10 em-
 []


Overfull \hbox (1.73169pt too wide) in paragraph at lines 384--385
 []|[]| 
 []


Overfull \hbox (3.33148pt too wide) in paragraph at lines 386--386
 []|$\OT1/cmr/m/n/7 93\OML/cmm/m/it/7 :\OT1/cmr/m/n/7 6(0\OML/cmm/m/it/7 :\OT1/
cmr/m/n/7 7)$| 
 []


Overfull \hbox (3.33148pt too wide) in paragraph at lines 386--386
 []|$\OT1/cmr/m/n/7 91\OML/cmm/m/it/7 :\OT1/cmr/m/n/7 4(0\OML/cmm/m/it/7 :\OT1/
cmr/m/n/7 7)$| 
 []


Overfull \hbox (3.33148pt too wide) in paragraph at lines 386--386
 []|$\OT1/cmr/m/n/7 93\OML/cmm/m/it/7 :\OT1/cmr/m/n/7 0(0\OML/cmm/m/it/7 :\OT1/
cmr/m/n/7 6)$| 
 []


Overfull \hbox (3.33148pt too wide) in paragraph at lines 386--386
 []|$\OT1/cmr/m/n/7 92\OML/cmm/m/it/7 :\OT1/cmr/m/n/7 9(0\OML/cmm/m/it/7 :\OT1/
cmr/m/n/7 9)$| 
 []


Overfull \hbox (3.33148pt too wide) in paragraph at lines 386--386
 []|$\OT1/cmr/m/n/7 90\OML/cmm/m/it/7 :\OT1/cmr/m/n/7 5(0\OML/cmm/m/it/7 :\OT1/
cmr/m/n/7 4)$| 
 []


Overfull \hbox (3.33148pt too wide) in paragraph at lines 388--388
 []|$\OT1/cmr/m/n/7 87\OML/cmm/m/it/7 :\OT1/cmr/m/n/7 2(0\OML/cmm/m/it/7 :\OT1/
cmr/m/n/7 9)$| 
 []


Overfull \hbox (3.33148pt too wide) in paragraph at lines 388--388
 []|$\OT1/cmr/m/n/7 88\OML/cmm/m/it/7 :\OT1/cmr/m/n/7 7(0\OML/cmm/m/it/7 :\OT1/
cmr/m/n/7 6)$| 
 []


Overfull \hbox (3.33148pt too wide) in paragraph at lines 388--388
 []|$\OT1/cmr/m/n/7 87\OML/cmm/m/it/7 :\OT1/cmr/m/n/7 7(0\OML/cmm/m/it/7 :\OT1/
cmr/m/n/7 4)$| 
 []


Overfull \hbox (3.33148pt too wide) in paragraph at lines 388--388
 []|$\OT1/cmr/m/n/7 91\OML/cmm/m/it/7 :\OT1/cmr/m/n/7 8(0\OML/cmm/m/it/7 :\OT1/
cmr/m/n/7 5)$| 
 []


Overfull \hbox (3.33148pt too wide) in paragraph at lines 388--388
 []|$\OT1/cmr/m/n/7 85\OML/cmm/m/it/7 :\OT1/cmr/m/n/7 6(1\OML/cmm/m/it/7 :\OT1/
cmr/m/n/7 1)$| 
 []


Overfull \hbox (3.33148pt too wide) in paragraph at lines 390--390
 []|$\OT1/cmr/m/n/7 92\OML/cmm/m/it/7 :\OT1/cmr/m/n/7 9(0\OML/cmm/m/it/7 :\OT1/
cmr/m/n/7 7)$| 
 []


Overfull \hbox (3.33148pt too wide) in paragraph at lines 390--390
 []|$\OT1/cmr/m/n/7 93\OML/cmm/m/it/7 :\OT1/cmr/m/n/7 4(0\OML/cmm/m/it/7 :\OT1/
cmr/m/n/7 4)$| 
 []


Overfull \hbox (3.33148pt too wide) in paragraph at lines 390--390
 []|$\OT1/cmr/m/n/7 92\OML/cmm/m/it/7 :\OT1/cmr/m/n/7 6(0\OML/cmm/m/it/7 :\OT1/
cmr/m/n/7 3)$| 
 []


Overfull \hbox (3.33148pt too wide) in paragraph at lines 390--390
 []|$\OT1/cmr/m/n/7 93\OML/cmm/m/it/7 :\OT1/cmr/m/n/7 9(0\OML/cmm/m/it/7 :\OT1/
cmr/m/n/7 6)$| 
 []


Overfull \hbox (3.33148pt too wide) in paragraph at lines 390--390
 []|$\OT1/cmr/m/n/7 91\OML/cmm/m/it/7 :\OT1/cmr/m/n/7 4(0\OML/cmm/m/it/7 :\OT1/
cmr/m/n/7 6)$| 
 []


Overfull \hbox (3.33148pt too wide) in paragraph at lines 392--392
 []|$\OT1/cmr/m/n/7 92\OML/cmm/m/it/7 :\OT1/cmr/m/n/7 7(0\OML/cmm/m/it/7 :\OT1/
cmr/m/n/7 5)$| 
 []


Overfull \hbox (3.33148pt too wide) in paragraph at lines 392--392
 []|$\OT1/cmr/m/n/7 91\OML/cmm/m/it/7 :\OT1/cmr/m/n/7 8(0\OML/cmm/m/it/7 :\OT1/
cmr/m/n/7 5)$| 
 []


Overfull \hbox (3.33148pt too wide) in paragraph at lines 392--392
 []|$\OT1/cmr/m/n/7 92\OML/cmm/m/it/7 :\OT1/cmr/m/n/7 8(0\OML/cmm/m/it/7 :\OT1/
cmr/m/n/7 7)$| 
 []


Overfull \hbox (3.33148pt too wide) in paragraph at lines 392--392
 []|$\OT1/cmr/m/n/7 93\OML/cmm/m/it/7 :\OT1/cmr/m/n/7 5(0\OML/cmm/m/it/7 :\OT1/
cmr/m/n/7 4)$| 
 []


Overfull \hbox (3.33148pt too wide) in paragraph at lines 392--392
 []|$\OT1/cmr/m/n/7 92\OML/cmm/m/it/7 :\OT1/cmr/m/n/7 5(0\OML/cmm/m/it/7 :\OT1/
cmr/m/n/7 8)$| 
 []


Overfull \hbox (3.33148pt too wide) in paragraph at lines 394--394
 []|$\OT1/cmr/m/n/7 94\OML/cmm/m/it/7 :\OT1/cmr/m/n/7 8(0\OML/cmm/m/it/7 :\OT1/
cmr/m/n/7 3)$| 
 []


Overfull \hbox (3.33148pt too wide) in paragraph at lines 394--394
 []|$\OT1/cmr/m/n/7 93\OML/cmm/m/it/7 :\OT1/cmr/m/n/7 2(0\OML/cmm/m/it/7 :\OT1/
cmr/m/n/7 7)$| 
 []


Overfull \hbox (3.33148pt too wide) in paragraph at lines 394--394
 []|$\OT1/cmr/m/n/7 95\OML/cmm/m/it/7 :\OT1/cmr/m/n/7 9(0\OML/cmm/m/it/7 :\OT1/
cmr/m/n/7 2)$| 
 []


Overfull \hbox (3.33148pt too wide) in paragraph at lines 394--394
 []|$\OT1/cmr/m/n/7 96\OML/cmm/m/it/7 :\OT1/cmr/m/n/7 2(0\OML/cmm/m/it/7 :\OT1/
cmr/m/n/7 5)$| 
 []


Overfull \hbox (3.33148pt too wide) in paragraph at lines 394--394
 []|$\OT1/cmr/m/n/7 95\OML/cmm/m/it/7 :\OT1/cmr/m/n/7 1(0\OML/cmm/m/it/7 :\OT1/
cmr/m/n/7 3)$| 
 []


Overfull \hbox (3.33148pt too wide) in paragraph at lines 396--396
 []|$\OT1/cmr/m/n/7 95\OML/cmm/m/it/7 :\OT1/cmr/m/n/7 0(0\OML/cmm/m/it/7 :\OT1/
cmr/m/n/7 6)$| 
 []


Overfull \hbox (3.33148pt too wide) in paragraph at lines 396--396
 []|$[]\OT1/cmr/m/n/7 (0\OML/cmm/m/it/7 :\OT1/cmr/m/n/7 3)$| 
 []


Overfull \hbox (3.33148pt too wide) in paragraph at lines 396--396
 []|$\OT1/cmr/m/n/7 96\OML/cmm/m/it/7 :\OT1/cmr/m/n/7 5(0\OML/cmm/m/it/7 :\OT1/
cmr/m/n/7 8)$| 
 []


Overfull \hbox (3.33148pt too wide) in paragraph at lines 396--396
 []|$\OT1/cmr/m/n/7 96\OML/cmm/m/it/7 :\OT1/cmr/m/n/7 8(0\OML/cmm/m/it/7 :\OT1/
cmr/m/n/7 7)$| 
 []


Overfull \hbox (3.33148pt too wide) in paragraph at lines 396--396
 []|$\OT1/cmr/m/n/7 94\OML/cmm/m/it/7 :\OT1/cmr/m/n/7 7(0\OML/cmm/m/it/7 :\OT1/
cmr/m/n/7 5)$| 
 []


Overfull \hbox (3.33148pt too wide) in paragraph at lines 400--400
 []|$\OT1/cmr/m/n/7 94\OML/cmm/m/it/7 :\OT1/cmr/m/n/7 6(0\OML/cmm/m/it/7 :\OT1/
cmr/m/n/7 4)$| 
 []


Overfull \hbox (3.33148pt too wide) in paragraph at lines 400--400
 []|$\OT1/cmr/m/n/7 93\OML/cmm/m/it/7 :\OT1/cmr/m/n/7 2(0\OML/cmm/m/it/7 :\OT1/
cmr/m/n/7 1)$| 
 []


Overfull \hbox (3.33148pt too wide) in paragraph at lines 400--400
 []|$\OT1/cmr/m/n/7 96\OML/cmm/m/it/7 :\OT1/cmr/m/n/7 2(0\OML/cmm/m/it/7 :\OT1/
cmr/m/n/7 2)$| 
 []


Overfull \hbox (3.33148pt too wide) in paragraph at lines 400--400
 []|$\OT1/cmr/m/n/7 96\OML/cmm/m/it/7 :\OT1/cmr/m/n/7 7(0\OML/cmm/m/it/7 :\OT1/
cmr/m/n/7 9)$| 
 []


Overfull \hbox (3.33148pt too wide) in paragraph at lines 400--400
 []|$\OT1/cmr/m/n/7 93\OML/cmm/m/it/7 :\OT1/cmr/m/n/7 6(0\OML/cmm/m/it/7 :\OT1/
cmr/m/n/7 3)$| 
 []


Overfull \hbox (3.33148pt too wide) in paragraph at lines 402--402
 []|$\OT1/cmr/m/n/7 93\OML/cmm/m/it/7 :\OT1/cmr/m/n/7 7(0\OML/cmm/m/it/7 :\OT1/
cmr/m/n/7 5)$| 
 []


Overfull \hbox (3.33148pt too wide) in paragraph at lines 402--402
 []|$\OT1/cmr/m/n/7 93\OML/cmm/m/it/7 :\OT1/cmr/m/n/7 0(0\OML/cmm/m/it/7 :\OT1/
cmr/m/n/7 5)$| 
 []


Overfull \hbox (3.33148pt too wide) in paragraph at lines 402--402
 []|$\OT1/cmr/m/n/7 96\OML/cmm/m/it/7 :\OT1/cmr/m/n/7 3(0\OML/cmm/m/it/7 :\OT1/
cmr/m/n/7 3)$| 
 []


Overfull \hbox (3.33148pt too wide) in paragraph at lines 402--402
 []|$\OT1/cmr/m/n/7 96\OML/cmm/m/it/7 :\OT1/cmr/m/n/7 9(1\OML/cmm/m/it/7 :\OT1/
cmr/m/n/7 1)$| 
 []


Overfull \hbox (3.33148pt too wide) in paragraph at lines 402--402
 []|$\OT1/cmr/m/n/7 93\OML/cmm/m/it/7 :\OT1/cmr/m/n/7 9(0\OML/cmm/m/it/7 :\OT1/
cmr/m/n/7 6)$| 
 []


Overfull \hbox (3.33148pt too wide) in paragraph at lines 404--404
 []|$[]\OT1/cmr/m/n/7 (0\OML/cmm/m/it/7 :\OT1/cmr/m/n/7 5)$| 
 []


Overfull \hbox (3.33148pt too wide) in paragraph at lines 404--404
 []|$\OT1/cmr/m/n/7 93\OML/cmm/m/it/7 :\OT1/cmr/m/n/7 7(0\OML/cmm/m/it/7 :\OT1/
cmr/m/n/7 5)$| 
 []


Overfull \hbox (3.33148pt too wide) in paragraph at lines 404--404
 []|$[]\OT1/cmr/m/n/7 (0\OML/cmm/m/it/7 :\OT1/cmr/m/n/7 2)$| 
 []


Overfull \hbox (4.96474pt too wide) in paragraph at lines 404--404
 []|$[]\OT1/cmr/m/n/7 (0\OML/cmm/m/it/7 :\OT1/cmr/m/n/7 9)$| 
 []


Overfull \hbox (3.33148pt too wide) in paragraph at lines 404--404
 []|$[]\OT1/cmr/m/n/7 (0\OML/cmm/m/it/7 :\OT1/cmr/m/n/7 2)$| 
 []


Overfull \hbox (3.33148pt too wide) in paragraph at lines 406--406
 []|$\OT1/cmr/m/n/7 93\OML/cmm/m/it/7 :\OT1/cmr/m/n/7 8(0\OML/cmm/m/it/7 :\OT1/
cmr/m/n/7 7)$| 
 []


Overfull \hbox (3.33148pt too wide) in paragraph at lines 406--406
 []|$\OT1/cmr/m/n/7 92\OML/cmm/m/it/7 :\OT1/cmr/m/n/7 8(0\OML/cmm/m/it/7 :\OT1/
cmr/m/n/7 8)$| 
 []


Overfull \hbox (3.33148pt too wide) in paragraph at lines 406--406
 []|$\OT1/cmr/m/n/7 95\OML/cmm/m/it/7 :\OT1/cmr/m/n/7 0(0\OML/cmm/m/it/7 :\OT1/
cmr/m/n/7 3)$| 
 []


Overfull \hbox (3.33148pt too wide) in paragraph at lines 406--406
 []|$\OT1/cmr/m/n/7 94\OML/cmm/m/it/7 :\OT1/cmr/m/n/7 8(0\OML/cmm/m/it/7 :\OT1/
cmr/m/n/7 6)$| 
 []


Overfull \hbox (3.33148pt too wide) in paragraph at lines 406--406
 []|$\OT1/cmr/m/n/7 93\OML/cmm/m/it/7 :\OT1/cmr/m/n/7 5(0\OML/cmm/m/it/7 :\OT1/
cmr/m/n/7 7)$| 
 []


Overfull \hbox (1.29121pt too wide) in paragraph at lines 407--408
 []|\OT1/ptm/b/sc/9 SelfMGNN| 
 []


Overfull \hbox (4.96474pt too wide) in paragraph at lines 408--408
 []|$[]\OT1/cmr/m/n/7 (0\OML/cmm/m/it/7 :\OT1/cmr/m/n/7 3)$| 
 []


Overfull \hbox (4.96474pt too wide) in paragraph at lines 408--408
 []|$[]\OT1/cmr/m/n/7 (0\OML/cmm/m/it/7 :\OT1/cmr/m/n/7 6)$| 
 []


Overfull \hbox (4.96474pt too wide) in paragraph at lines 408--408
 []|$[]\OT1/cmr/m/n/7 (0\OML/cmm/m/it/7 :\OT1/cmr/m/n/7 2)$| 
 []


Overfull \hbox (4.96474pt too wide) in paragraph at lines 409--409
 []|$[]\OT1/cmr/m/n/7 (1\OML/cmm/m/it/7 :\OT1/cmr/m/n/7 0)$| 
 []


Overfull \hbox (4.96474pt too wide) in paragraph at lines 409--409
 []|$[]\OT1/cmr/m/n/7 (0\OML/cmm/m/it/7 :\OT1/cmr/m/n/7 5)$| 
 []


Overfull \hbox (1.26573pt too wide) in paragraph at lines 409--410
 []|$[]\OT1/cmr/m/n/7 (0\OML/cmm/m/it/7 :\OT1/cmr/m/n/7 7)$| 
 []

[5]) (experiments.tex

Package natbib Warning: Citation `kipf2016semi' on page 6 undefined on input li
ne 16.


Package natbib Warning: Citation `VelickovicFHLBH19' on page 6 undefined on inp
ut line 16.


Package natbib Warning: Citation `ZhangWSLS21' on page 6 undefined on input lin
e 20.


Package natbib Warning: Citation `kipf2016semi' on page 6 undefined on input li
ne 25.


Package natbib Warning: Citation `hamilton2017inductive' on page 6 undefined on
 input line 26.


Package natbib Warning: Citation `velickovic2018graph' on page 6 undefined on i
nput line 27.


Package natbib Warning: Citation `VelickovicFHLBH19' on page 6 undefined on inp
ut line 29.


Package natbib Warning: Citation `HassaniA20' on page 6 undefined on input line
 30.


Package natbib Warning: Citation `PengHLZRXH20' on page 6 undefined on input li
ne 31.


Underfull \hbox (badness 1132) in paragraph at lines 23--32
\OT1/ptm/b/n/10 Euclidean Base-lines: \OT1/ptm/m/n/10 i) \OT1/ptm/m/it/10 Su-pe
r-vised Mod-els\OT1/ptm/m/n/10 : \OT1/ptm/b/n/10 GCN \OT1/ptm/m/n/10 (\OT1/ptm/
b/n/10 ?\OT1/ptm/m/n/10 ),
 []


Package natbib Warning: Citation `HGCN' on page 6 undefined on input line 35.


Package natbib Warning: Citation `HAN' on page 6 undefined on input line 36.


Package natbib Warning: Citation `ZhangWSLS21' on page 6 undefined on input lin
e 38.


Package natbib Warning: Citation `BachmannBG20' on page 6 undefined on input li
ne 39.


Package natbib Warning: Citation `HassaniA20' on page 6 undefined on input line
 67.


Package natbib Warning: Citation `KlicperaWG19' on page 6 undefined on input li
ne 81.


Package natbib Warning: Citation `VelickovicFHLBH19' on page 6 undefined on inp
ut line 88.


Package natbib Warning: Citation `HGCN' on page 6 undefined on input line 89.


Overfull \hbox (6.59108pt too wide) in paragraph at lines 104--105
 []|[]| 
 []


Overfull \hbox (8.4136pt too wide) in paragraph at lines 109--110
 []|[]| 
 []


Overfull \hbox (6.59108pt too wide) in paragraph at lines 114--115
 []|[]| 
 []


Overfull \hbox (1.68033pt too wide) in paragraph at lines 100--121
 [][] 
 []

[6]

Package natbib Warning: Citation `HGNN' on page 7 undefined on input line 157.


Package natbib Warning: Citation `kipf2016semi' on page 7 undefined on input li
ne 170.


Overfull \hbox (2.5279pt too wide) in paragraph at lines 214--214
 []|\OT1/ptm/b/n/9 Dataset| 
 []


Overfull \hbox (3.03159pt too wide) in paragraph at lines 216--216
 []|\OT1/ptm/m/n/9 Citeseer| 
 []


Overfull \hbox (9.86862pt too wide) in paragraph at lines 216--216
 []|$\OMS/cmsy/m/n/7 ^^@\OT1/cmr/m/n/7 0\OML/cmm/m/it/7 :\OT1/cmr/m/n/7 67([][]
)$| 
 []


Overfull \hbox (9.86862pt too wide) in paragraph at lines 216--216
 []|$\OMS/cmsy/m/n/7 ^^@\OT1/cmr/m/n/7 0\OML/cmm/m/it/7 :\OT1/cmr/m/n/7 58([][]
)$| 
 []


Overfull \hbox (9.75752pt too wide) in paragraph at lines 216--216
 []|$\OT1/cmr/m/n/7 +0\OML/cmm/m/it/7 :\OT1/cmr/m/n/7 82([][])$| 
 []


Overfull \hbox (9.75752pt too wide) in paragraph at lines 216--216
 []|$\OT1/cmr/m/n/7 +2\OML/cmm/m/it/7 :\OT1/cmr/m/n/7 72([][])$| 
 []


Overfull \hbox (6.07544pt too wide) in paragraph at lines 216--217
 []|$\OT1/cmr/m/n/7 0([][])$| 
 []


Overfull \hbox (9.86862pt too wide) in paragraph at lines 217--217
 []|$\OMS/cmsy/m/n/7 ^^@\OT1/cmr/m/n/7 0\OML/cmm/m/it/7 :\OT1/cmr/m/n/7 90([][]
)$| 
 []


Overfull \hbox (9.86862pt too wide) in paragraph at lines 217--217
 []|$\OMS/cmsy/m/n/7 ^^@\OT1/cmr/m/n/7 1\OML/cmm/m/it/7 :\OT1/cmr/m/n/7 31([][]
)$| 
 []


Overfull \hbox (9.75752pt too wide) in paragraph at lines 217--217
 []|$\OT1/cmr/m/n/7 +0\OML/cmm/m/it/7 :\OT1/cmr/m/n/7 76([][])$| 
 []


Overfull \hbox (9.75752pt too wide) in paragraph at lines 217--217
 []|$\OT1/cmr/m/n/7 +0\OML/cmm/m/it/7 :\OT1/cmr/m/n/7 19([][])$| 
 []


Overfull \hbox (6.07544pt too wide) in paragraph at lines 217--218
 []|$\OT1/cmr/m/n/7 0([][])$| 
 []


Overfull \hbox (3.04094pt too wide) in paragraph at lines 218--218
 []|\OT1/ptm/m/n/9 Pubmed| 
 []


Overfull \hbox (9.86862pt too wide) in paragraph at lines 218--218
 []|$\OMS/cmsy/m/n/7 ^^@\OT1/cmr/m/n/7 1\OML/cmm/m/it/7 :\OT1/cmr/m/n/7 12([][]
)$| 
 []


Overfull \hbox (9.86862pt too wide) in paragraph at lines 218--218
 []|$\OMS/cmsy/m/n/7 ^^@\OT1/cmr/m/n/7 0\OML/cmm/m/it/7 :\OT1/cmr/m/n/7 79([][]
)$| 
 []


Overfull \hbox (9.75752pt too wide) in paragraph at lines 218--218
 []|$\OT1/cmr/m/n/7 +0\OML/cmm/m/it/7 :\OT1/cmr/m/n/7 59([][])$| 
 []


Overfull \hbox (9.75752pt too wide) in paragraph at lines 218--218
 []|$\OT1/cmr/m/n/7 +1\OML/cmm/m/it/7 :\OT1/cmr/m/n/7 05([][])$| 
 []


Overfull \hbox (6.07544pt too wide) in paragraph at lines 218--219
 []|$\OT1/cmr/m/n/7 0([][])$| 
 []


Overfull \hbox (4.03091pt too wide) in paragraph at lines 219--219
 []|\OT1/ptm/m/n/9 Amazon| 
 []


Overfull \hbox (9.86862pt too wide) in paragraph at lines 219--219
 []|$\OMS/cmsy/m/n/7 ^^@\OT1/cmr/m/n/7 0\OML/cmm/m/it/7 :\OT1/cmr/m/n/7 78([][]
)$| 
 []


Overfull \hbox (9.86862pt too wide) in paragraph at lines 219--219
 []|$\OMS/cmsy/m/n/7 ^^@\OT1/cmr/m/n/7 1\OML/cmm/m/it/7 :\OT1/cmr/m/n/7 02([][]
)$| 
 []


Overfull \hbox (9.75752pt too wide) in paragraph at lines 219--219
 []|$\OT1/cmr/m/n/7 +1\OML/cmm/m/it/7 :\OT1/cmr/m/n/7 13([][])$| 
 []


Overfull \hbox (9.75752pt too wide) in paragraph at lines 219--219
 []|$\OT1/cmr/m/n/7 +2\OML/cmm/m/it/7 :\OT1/cmr/m/n/7 24([][])$| 
 []


Overfull \hbox (6.07544pt too wide) in paragraph at lines 219--220
 []|$\OT1/cmr/m/n/7 0([][])$| 
 []


Overfull \hbox (9.86862pt too wide) in paragraph at lines 220--220
 []|$\OMS/cmsy/m/n/7 ^^@\OT1/cmr/m/n/7 1\OML/cmm/m/it/7 :\OT1/cmr/m/n/7 26([][]
)$| 
 []


Overfull \hbox (9.86862pt too wide) in paragraph at lines 220--220
 []|$\OMS/cmsy/m/n/7 ^^@\OT1/cmr/m/n/7 2\OML/cmm/m/it/7 :\OT1/cmr/m/n/7 15([][]
)$| 
 []


Overfull \hbox (9.75752pt too wide) in paragraph at lines 220--220
 []|$\OT1/cmr/m/n/7 +1\OML/cmm/m/it/7 :\OT1/cmr/m/n/7 85([][])$| 
 []


Overfull \hbox (9.75752pt too wide) in paragraph at lines 220--220
 []|$\OT1/cmr/m/n/7 +0\OML/cmm/m/it/7 :\OT1/cmr/m/n/7 67([][])$| 
 []


Overfull \hbox (6.07544pt too wide) in paragraph at lines 220--221
 []|$\OT1/cmr/m/n/7 0([][])$| 
 []


Overfull \hbox (3.15338pt too wide) in paragraph at lines 212--224
 [][] 
 []

) (relatedwork.tex

Package natbib Warning: Citation `DouL0DPY20' on page 7 undefined on input line
 19.


Package natbib Warning: Citation `pengh2021tois' on page 7 undefined on input l
ine 19.


Package natbib Warning: Citation `HAN' on page 7 undefined on input line 21.


Package natbib Warning: Citation `mathieu2019continuous' on page 7 undefined on
 input line 21.


Package natbib Warning: Citation `monath2019gradient' on page 7 undefined on in
put line 21.


Package natbib Warning: Citation `krioukov2010hyperbolic' on page 7 undefined o
n input line 22.


Package natbib Warning: Citation `nickel2017poincare' on page 7 undefined on in
put line 23.


Package natbib Warning: Citation `suzuki2019hyperbolic' on page 7 undefined on 
input line 23.


Package natbib Warning: Citation `HGNN' on page 7 undefined on input line 24.


Package natbib Warning: Citation `HGCN' on page 7 undefined on input line 24.


Package natbib Warning: Citation `ZhangWSLS21' on page 7 undefined on input lin
e 24.


Package natbib Warning: Citation `Sun21hvgnn' on page 7 undefined on input line
 25.


Package natbib Warning: Citation `fuxc2020icdm' on page 7 undefined on input li
ne 26.


Package natbib Warning: Citation `Sun20jointAlign' on page 7 undefined on input
 line 27.


Package natbib Warning: Citation `Wang0Z20' on page 7 undefined on input line 2
7.


Package natbib Warning: Citation `CruceruBG21' on page 7 undefined on input lin
e 30.


Package natbib Warning: Citation `BachmannBG20' on page 7 undefined on input li
ne 32.


Package natbib Warning: Citation `GuSGR19' on page 7 undefined on input line 34
.


Package natbib Warning: Citation `SkopekGB20' on page 7 undefined on input line
 35.


Package natbib Warning: Citation `WangWSWNAXYC21' on page 7 undefined on input 
line 36.

[7]

Package natbib Warning: Citation `ChenK0H20' on page 8 undefined on input line 
41.


Package natbib Warning: Citation `VelickovicFHLBH19' on page 8 undefined on inp
ut line 45.


Package natbib Warning: Citation `HassaniA20' on page 8 undefined on input line
 46.


Package natbib Warning: Citation `QiuCDZYDWT20' on page 8 undefined on input li
ne 47.


Package natbib Warning: Citation `WanPY021' on page 8 undefined on input line 4
8.


Package natbib Warning: Citation `PengHLZRXH20' on page 8 undefined on input li
ne 49.


Package natbib Warning: Citation `pmlr-v139-xu21g' on page 8 undefined on input
 line 50.


Package natbib Warning: Citation `ParkK0Y20' on page 8 undefined on input line 
51.


Package natbib Warning: Citation `abs-2105-09111' on page 8 undefined on input 
line 51.


Underfull \hbox (badness 1314) in paragraph at lines 80--90
\OT1/ptm/m/n/10 supervised graph rep-re-sen-ta-tion learn-ing in the mixed-
 []

) (appendix.tex

Package natbib Warning: Citation `WuPCLZY21' on page 8 undefined on input line 
17.


Package natbib Warning: Citation `velickovic2018graph' on page 8 undefined on i
nput line 17.


Package natbib Warning: Citation `BachmannBG20' on page 8 undefined on input li
ne 54.


Underfull \hbox (badness 1102) in paragraph at lines 57--59
\U/msb/m/n/10 R[]$ \OT1/ptm/m/it/10 hold-ing $\OML/cmm/m/it/10 ^^T$\OT1/ptm/m/i
t/10 -stereographic vec-tors in its row and
 []

[8]
Underfull \hbox (badness 1521) in paragraph at lines 66--68
\OT1/ptm/m/n/10 per-forms the at-ten-tional ag-gre-ga-tion in $\OML/cmm/m/it/10
 ^^T$\OT1/ptm/m/n/10 -stereographic
 []


Overfull \hbox (4.17635pt too wide) in paragraph at lines 112--113
 []|\OT1/ptm/m/n/10 #(Labels)| 
 []

)
No file SelfMGNN_changed.bbl.
[9]

Package natbib Warning: There were undefined citations.

[10

] (SelfMGNN_changed.aux)
 ***********
LaTeX2e <2023-06-01> patch level 1
L3 programming layer <2023-08-29>
 ***********
 ) 
Here is how much of TeX's memory you used:
 6603 strings out of 475247
 109052 string characters out of 5757792
 1974801 words of memory out of 5000000
 27963 multiletter control sequences out of 15000+600000
 610948 words of font info for 153 fonts, out of 8000000 for 9000
 1141 hyphenation exceptions out of 8191
 57i,16n,65p,992b,450s stack positions out of 10000i,1000n,20000p,200000b,200000s
<C:/Users/orfuc/AppData/Local/Programs/MiKTeX/fonts/type1/public/amsfonts/cm/
cmbx10.pfb><C:/Users/orfuc/AppData/Local/Programs/MiKTeX/fonts/type1/public/ams
fonts/cm/cmbx5.pfb><C:/Users/orfuc/AppData/Local/Programs/MiKTeX/fonts/type1/pu
blic/amsfonts/cm/cmbx7.pfb><C:/Users/orfuc/AppData/Local/Programs/MiKTeX/fonts/
type1/public/amsfonts/cm/cmex10.pfb><C:/Users/orfuc/AppData/Local/Programs/MiKT
eX/fonts/type1/public/amsfonts/cmextra/cmex7.pfb><C:/Users/orfuc/AppData/Local/
Programs/MiKTeX/fonts/type1/public/amsfonts/cm/cmmi10.pfb><C:/Users/orfuc/AppDa
ta/Local/Programs/MiKTeX/fonts/type1/public/amsfonts/cm/cmmi5.pfb><C:/Users/orf
uc/AppData/Local/Programs/MiKTeX/fonts/type1/public/amsfonts/cm/cmmi6.pfb><C:/U
sers/orfuc/AppData/Local/Programs/MiKTeX/fonts/type1/public/amsfonts/cm/cmmi7.p
fb><C:/Users/orfuc/AppData/Local/Programs/MiKTeX/fonts/type1/public/amsfonts/cm
/cmmi9.pfb><C:/Users/orfuc/AppData/Local/Programs/MiKTeX/fonts/type1/public/ams
fonts/cm/cmmib10.pfb><C:/Users/orfuc/AppData/Local/Programs/MiKTeX/fonts/type1/
public/amsfonts/cmextra/cmmib7.pfb><C:/Users/orfuc/AppData/Local/Programs/MiKTe
X/fonts/type1/public/amsfonts/cm/cmr10.pfb><C:/Users/orfuc/AppData/Local/Progra
ms/MiKTeX/fonts/type1/public/amsfonts/cm/cmr5.pfb><C:/Users/orfuc/AppData/Local
/Programs/MiKTeX/fonts/type1/public/amsfonts/cm/cmr6.pfb><C:/Users/orfuc/AppDat
a/Local/Programs/MiKTeX/fonts/type1/public/amsfonts/cm/cmr7.pfb><C:/Users/orfuc
/AppData/Local/Programs/MiKTeX/fonts/type1/public/amsfonts/cm/cmr9.pfb><C:/User
s/orfuc/AppData/Local/Programs/MiKTeX/fonts/type1/public/amsfonts/cm/cmsy10.pfb
><C:/Users/orfuc/AppData/Local/Programs/MiKTeX/fonts/type1/public/amsfonts/cm/c
msy5.pfb><C:/Users/orfuc/AppData/Local/Programs/MiKTeX/fonts/type1/public/amsfo
nts/cm/cmsy7.pfb><C:/Users/orfuc/AppData/Local/Programs/MiKTeX/fonts/type1/publ
ic/amsfonts/cm/cmsy9.pfb><C:/Users/orfuc/AppData/Local/Programs/MiKTeX/fonts/ty
pe1/public/amsfonts/symbols/msam10.pfb><C:/Users/orfuc/AppData/Local/Programs/M
iKTeX/fonts/type1/public/amsfonts/symbols/msbm10.pfb><C:/Users/orfuc/AppData/Lo
cal/Programs/MiKTeX/fonts/type1/urw/times/utmb8a.pfb><C:/Users/orfuc/AppData/Lo
cal/Programs/MiKTeX/fonts/type1/urw/times/utmbi8a.pfb><C:/Users/orfuc/AppData/L
ocal/Programs/MiKTeX/fonts/type1/urw/times/utmr8a.pfb><C:/Users/orfuc/AppData/L
ocal/Programs/MiKTeX/fonts/type1/urw/times/utmri8a.pfb>
Output written on SelfMGNN_changed.pdf (10 pages, 607536 bytes).
PDF statistics:
 234 PDF objects out of 1000 (max. 8388607)
 0 named destinations out of 1000 (max. 500000)
 6 words of extra memory for PDF output out of 10000 (max. 10000000)

