This is pdfTeX, Version 3.141592653-2.6-1.40.25 (MiKTeX 23.5) (preloaded format=pdflatex 2024.1.12)  3 MAR 2024 15:16
entering extended mode
 restricted \write18 enabled.
 %&-line parsing enabled.
**./camera-ready_changed.tex
(camera-ready_changed.tex
LaTeX2e <2023-06-01> patch level 1
L3 programming layer <2023-08-29>
(C:\Users\orfuc\AppData\Local\Programs\MiKTeX\tex/latex/base\article.cls
Document Class: article 2023/05/17 v1.4n Standard LaTeX document class
(C:\Users\orfuc\AppData\Local\Programs\MiKTeX\tex/latex/base\size10.clo
File: size10.clo 2023/05/17 v1.4n Standard LaTeX file (size option)
)
\c@part=\count185
\c@section=\count186
\c@subsection=\count187
\c@subsubsection=\count188
\c@paragraph=\count189
\c@subparagraph=\count190
\c@figure=\count191
\c@table=\count192
\abovecaptionskip=\skip48
\belowcaptionskip=\skip49
\bibindent=\dimen140
)
(aaai19.sty
Conference Style for AAAI for LaTeX 2e -- version for the AAAI-19 conference
\titlebox=\skip50
) (C:\Users\orfuc\AppData\Local\Programs\MiKTeX\tex/latex/psnfss\times.sty
Package: times 2020/03/25 PSNFSS-v9.3 (SPQR) 
)
(C:\Users\orfuc\AppData\Local\Programs\MiKTeX\tex/latex/psnfss\helvet.sty
Package: helvet 2020/03/25 PSNFSS-v9.3 (WaS) 

(C:\Users\orfuc\AppData\Local\Programs\MiKTeX\tex/latex/graphics\keyval.sty
Package: keyval 2022/05/29 v1.15 key=value parser (DPC)
\KV@toks@=\toks17
))
(C:\Users\orfuc\AppData\Local\Programs\MiKTeX\tex/latex/psnfss\courier.sty
Package: courier 2020/03/25 PSNFSS-v9.3 (WaS) 
)
(C:\Users\orfuc\AppData\Local\Programs\MiKTeX\tex/latex/url\url.sty
\Urlmuskip=\muskip16
Package: url 2013/09/16  ver 3.4  Verb mode for urls, etc.
)
(C:\Users\orfuc\AppData\Local\Programs\MiKTeX\tex/latex/graphics\graphicx.sty
Package: graphicx 2021/09/16 v1.2d Enhanced LaTeX Graphics (DPC,SPQR)

(C:\Users\orfuc\AppData\Local\Programs\MiKTeX\tex/latex/graphics\graphics.sty
Package: graphics 2022/03/10 v1.4e Standard LaTeX Graphics (DPC,SPQR)

(C:\Users\orfuc\AppData\Local\Programs\MiKTeX\tex/latex/graphics\trig.sty
Package: trig 2021/08/11 v1.11 sin cos tan (DPC)
)
(C:\Users\orfuc\AppData\Local\Programs\MiKTeX\tex/latex/graphics-cfg\graphics.c
fg
File: graphics.cfg 2016/06/04 v1.11 sample graphics configuration
)
Package graphics Info: Driver file: pdftex.def on input line 107.

(C:\Users\orfuc\AppData\Local\Programs\MiKTeX\tex/latex/graphics-def\pdftex.def
File: pdftex.def 2022/09/22 v1.2b Graphics/color driver for pdftex
))
\Gin@req@height=\dimen141
\Gin@req@width=\dimen142
)
(C:\Users\orfuc\AppData\Local\Programs\MiKTeX\tex/latex/multirow\multirow.sty
Package: multirow 2021/03/15 v2.8 Span multiple rows of a table
\multirow@colwidth=\skip51
\multirow@cntb=\count193
\multirow@dima=\skip52
\bigstrutjot=\dimen143
)
(C:\Users\orfuc\AppData\Local\Programs\MiKTeX\tex/latex/amsmath\amsmath.sty
Package: amsmath 2023/05/13 v2.17o AMS math features
\@mathmargin=\skip53

For additional information on amsmath, use the `?' option.
(C:\Users\orfuc\AppData\Local\Programs\MiKTeX\tex/latex/amsmath\amstext.sty
Package: amstext 2021/08/26 v2.01 AMS text

(C:\Users\orfuc\AppData\Local\Programs\MiKTeX\tex/latex/amsmath\amsgen.sty
File: amsgen.sty 1999/11/30 v2.0 generic functions
\@emptytoks=\toks18
\ex@=\dimen144
))
(C:\Users\orfuc\AppData\Local\Programs\MiKTeX\tex/latex/amsmath\amsbsy.sty
Package: amsbsy 1999/11/29 v1.2d Bold Symbols
\pmbraise@=\dimen145
)
(C:\Users\orfuc\AppData\Local\Programs\MiKTeX\tex/latex/amsmath\amsopn.sty
Package: amsopn 2022/04/08 v2.04 operator names
)
\inf@bad=\count194
LaTeX Info: Redefining \frac on input line 234.
\uproot@=\count195
\leftroot@=\count196
LaTeX Info: Redefining \overline on input line 399.
LaTeX Info: Redefining \colon on input line 410.
\classnum@=\count197
\DOTSCASE@=\count198
LaTeX Info: Redefining \ldots on input line 496.
LaTeX Info: Redefining \dots on input line 499.
LaTeX Info: Redefining \cdots on input line 620.
\Mathstrutbox@=\box51
\strutbox@=\box52
LaTeX Info: Redefining \big on input line 722.
LaTeX Info: Redefining \Big on input line 723.
LaTeX Info: Redefining \bigg on input line 724.
LaTeX Info: Redefining \Bigg on input line 725.
\big@size=\dimen146
LaTeX Font Info:    Redeclaring font encoding OML on input line 743.
LaTeX Font Info:    Redeclaring font encoding OMS on input line 744.
\macc@depth=\count199
LaTeX Info: Redefining \bmod on input line 905.
LaTeX Info: Redefining \pmod on input line 910.
LaTeX Info: Redefining \smash on input line 940.
LaTeX Info: Redefining \relbar on input line 970.
LaTeX Info: Redefining \Relbar on input line 971.
\c@MaxMatrixCols=\count266
\dotsspace@=\muskip17
\c@parentequation=\count267
\dspbrk@lvl=\count268
\tag@help=\toks19
\row@=\count269
\column@=\count270
\maxfields@=\count271
\andhelp@=\toks20
\eqnshift@=\dimen147
\alignsep@=\dimen148
\tagshift@=\dimen149
\tagwidth@=\dimen150
\totwidth@=\dimen151
\lineht@=\dimen152
\@envbody=\toks21
\multlinegap=\skip54
\multlinetaggap=\skip55
\mathdisplay@stack=\toks22
LaTeX Info: Redefining \[ on input line 2953.
LaTeX Info: Redefining \] on input line 2954.
)
LaTeX Font Info:    Trying to load font information for OT1+ptm on input line 3
1.

(C:\Users\orfuc\AppData\Local\Programs\MiKTeX\tex/latex/psnfss\ot1ptm.fd
File: ot1ptm.fd 2001/06/04 font definitions for OT1/ptm.
)
(C:\Users\orfuc\AppData\Local\Programs\MiKTeX\tex/latex/l3backend\l3backend-pdf
tex.def
File: l3backend-pdftex.def 2023-04-19 L3 backend support: PDF output (pdfTeX)
\l__color_backend_stack_int=\count272
\l__pdf_internal_box=\box53
) (camera-ready_changed.aux)
\openout1 = `camera-ready_changed.aux'.

LaTeX Font Info:    Checking defaults for OML/cmm/m/it on input line 31.
LaTeX Font Info:    ... okay on input line 31.
LaTeX Font Info:    Checking defaults for OMS/cmsy/m/n on input line 31.
LaTeX Font Info:    ... okay on input line 31.
LaTeX Font Info:    Checking defaults for OT1/cmr/m/n on input line 31.
LaTeX Font Info:    ... okay on input line 31.
LaTeX Font Info:    Checking defaults for T1/cmr/m/n on input line 31.
LaTeX Font Info:    ... okay on input line 31.
LaTeX Font Info:    Checking defaults for TS1/cmr/m/n on input line 31.
LaTeX Font Info:    ... okay on input line 31.
LaTeX Font Info:    Checking defaults for OMX/cmex/m/n on input line 31.
LaTeX Font Info:    ... okay on input line 31.
LaTeX Font Info:    Checking defaults for U/cmr/m/n on input line 31.
LaTeX Font Info:    ... okay on input line 31.

(C:\Users\orfuc\AppData\Local\Programs\MiKTeX\tex/context/base/mkii\supp-pdf.mk
ii
[Loading MPS to PDF converter (version 2006.09.02).]
\scratchcounter=\count273
\scratchdimen=\dimen153
\scratchbox=\box54
\nofMPsegments=\count274
\nofMParguments=\count275
\everyMPshowfont=\toks23
\MPscratchCnt=\count276
\MPscratchDim=\dimen154
\MPnumerator=\count277
\makeMPintoPDFobject=\count278
\everyMPtoPDFconversion=\toks24
)
(C:\Users\orfuc\AppData\Local\Programs\MiKTeX\tex/latex/epstopdf-pkg\epstopdf-b
ase.sty
Package: epstopdf-base 2020-01-24 v2.11 Base part for package epstopdf

(C:\Users\orfuc\AppData\Local\Programs\MiKTeX\tex/generic/infwarerr\infwarerr.s
ty
Package: infwarerr 2019/12/03 v1.5 Providing info/warning/error messages (HO)
) (C:\Users\orfuc\AppData\Local\Programs\MiKTeX\tex/latex/grfext\grfext.sty
Package: grfext 2019/12/03 v1.3 Manage graphics extensions (HO)

(C:\Users\orfuc\AppData\Local\Programs\MiKTeX\tex/generic/kvdefinekeys\kvdefine
keys.sty
Package: kvdefinekeys 2019-12-19 v1.6 Define keys (HO)
))
(C:\Users\orfuc\AppData\Local\Programs\MiKTeX\tex/latex/kvoptions\kvoptions.sty
Package: kvoptions 2022-06-15 v3.15 Key value format for package options (HO)
(C:\Users\orfuc\AppData\Local\Programs\MiKTeX\tex/generic/ltxcmds\ltxcmds.sty
Package: ltxcmds 2020-05-10 v1.25 LaTeX kernel commands for general use (HO)
)
(C:\Users\orfuc\AppData\Local\Programs\MiKTeX\tex/latex/kvsetkeys\kvsetkeys.sty
Package: kvsetkeys 2022-10-05 v1.19 Key value parser (HO)
))
(C:\Users\orfuc\AppData\Local\Programs\MiKTeX\tex/generic/pdftexcmds\pdftexcmds
.sty
Package: pdftexcmds 2020-06-27 v0.33 Utility functions of pdfTeX for LuaTeX (HO
)
 (C:\Users\orfuc\AppData\Local\Programs\MiKTeX\tex/generic/iftex\iftex.sty
Package: iftex 2022/02/03 v1.0f TeX engine tests
)
Package pdftexcmds Info: \pdf@primitive is available.
Package pdftexcmds Info: \pdf@ifprimitive is available.
Package pdftexcmds Info: \pdfdraftmode found.
)
Package epstopdf-base Info: Redefining graphics rule for `.eps' on input line 4
85.
Package grfext Info: Graphics extension search list:
(grfext)             [.pdf,.png,.jpg,.mps,.jpeg,.jbig2,.jb2,.PDF,.PNG,.JPG,.JPE
G,.JBIG2,.JB2,.eps]
(grfext)             \AppendGraphicsExtensions on input line 504.

(C:\Users\orfuc\AppData\Local\Programs\MiKTeX\tex/latex/00miktex\epstopdf-sys.c
fg
File: epstopdf-sys.cfg 2021/03/18 v2.0 Configuration of epstopdf for MiKTeX
))
LaTeX Font Info:    Trying to load font information for TS1+ptm on input line 3
2.
 (C:\Users\orfuc\AppData\Local\Programs\MiKTeX\tex/latex/psnfss\ts1ptm.fd
File: ts1ptm.fd 2001/06/04 font definitions for TS1/ptm.
)

LaTeX Warning: Citation `girshick2015fast' on page 1 undefined on input line 40
.


LaTeX Warning: Citation `redmon2016you' on page 1 undefined on input line 40.


LaTeX Warning: Citation `liu2016ssd' on page 1 undefined on input line 40.


LaTeX Warning: Citation `geiger2012we' on page 1 undefined on input line 40.


LaTeX Warning: Citation `li2016vehicle' on page 1 undefined on input line 43.


LaTeX Warning: Citation `wang2017fusing' on page 1 undefined on input line 43.


LaTeX Warning: Citation `su2015multi' on page 1 undefined on input line 43.


LaTeX Warning: Citation `rubino20183d' on page 1 undefined on input line 43.


LaTeX Warning: Citation `engelcke2017vote3deep' on page 1 undefined on input li
ne 43.


LaTeX Warning: Citation `maturana2015voxnet' on page 1 undefined on input line 
43.


LaTeX Warning: Citation `qi2017pointnet' on page 1 undefined on input line 47.


LaTeX Warning: Citation `qi2017pointnet++' on page 1 undefined on input line 47
.


LaTeX Warning: Citation `wang2017fusing' on page 1 undefined on input line 50.


LaTeX Warning: Citation `ku2018joint' on page 1 undefined on input line 50.


LaTeX Warning: Citation `qi2017frustum' on page 1 undefined on input line 50.


LaTeX Warning: Citation `fu2017dssd' on page 1 undefined on input line 50.


LaTeX Warning: Citation `lin2017feature' on page 1 undefined on input line 50.


LaTeX Warning: Citation `cciccek20163d' on page 1 undefined on input line 53.


LaTeX Warning: Citation `qi2017pointnet++' on page 1 undefined on input line 53
.


LaTeX Warning: Citation `jiang2018pointsift' on page 1 undefined on input line 
53.


LaTeX Warning: Citation `he2016deep' on page 1 undefined on input line 53.


Underfull \vbox (badness 1400) has occurred while \output is active []

 [1{C:/Users/orfuc/AppData/Local/MiKTeX/fonts/map/pdftex/pdftex.map}{C:/Users/o
rfuc/AppData/Local/Programs/MiKTeX/fonts/enc/dvips/base/8r.enc}



]

LaTeX Warning: Citation `hu2017squeeze' on page 2 undefined on input line 55.


LaTeX Warning: Citation `qi2017frustum' on page 2 undefined on input line 57.


LaTeX Warning: Citation `chen2017multi' on page 2 undefined on input line 57.


LaTeX Warning: Citation `ren2016three' on page 2 undefined on input line 57.


LaTeX Warning: Citation `qi2017frustum' on page 2 undefined on input line 57.


LaTeX Warning: Citation `dorai1997cosmos' on page 2 undefined on input line 72.



LaTeX Warning: Citation `johnson1999using' on page 2 undefined on input line 72
.


LaTeX Warning: Citation `rusu2009fast' on page 2 undefined on input line 72.


LaTeX Warning: Citation `mousavian20173d' on page 2 undefined on input line 75.



LaTeX Warning: Citation `chen2016monocular' on page 2 undefined on input line 7
5.


LaTeX Warning: Citation `chen2017multi' on page 2 undefined on input line 78.


LaTeX Warning: Citation `wang2015voting' on page 2 undefined on input line 81.


LaTeX Warning: Citation `zhou2017voxelnet' on page 2 undefined on input line 81
.


LaTeX Warning: Citation `qi2017frustum' on page 2 undefined on input line 84.


LaTeX Warning: Citation `qi2017pointnet' on page 2 undefined on input line 84.


LaTeX Warning: Citation `qi2017pointnet++' on page 2 undefined on input line 84
.



pdfTeX warning: pdflatex (file ./full_arch_ok.pdf): PDF inclusion: found PDF ve
rsion <1.7>, but at most version <1.5> allowed
<full_arch_ok.pdf, id=9, 386.00911pt x 109.54326pt>
File: full_arch_ok.pdf Graphic file (type pdf)
<use full_arch_ok.pdf>
Package pdftex.def Info: full_arch_ok.pdf  used on input line 92.
(pdftex.def)             Requested size: 227.42392pt x 64.53969pt.


pdfTeX warning: pdflatex (file ./t-NET_3dBOX_Ok.pdf): PDF inclusion: found PDF 
version <1.7>, but at most version <1.5> allowed
<t-NET_3dBOX_Ok.pdf, id=10, 616.47612pt x 106.69862pt>
File: t-NET_3dBOX_Ok.pdf Graphic file (type pdf)
<use t-NET_3dBOX_Ok.pdf>
Package pdftex.def Info: t-NET_3dBOX_Ok.pdf  used on input line 100.
(pdftex.def)             Requested size: 480.59395pt x 83.18062pt.


pdfTeX warning: pdflatex (file ./3D_UNET_ok.pdf): PDF inclusion: found PDF vers
ion <1.7>, but at most version <1.5> allowed
<3D_UNET_ok.pdf, id=11, 585.17822pt x 385.53465pt>
File: 3D_UNET_ok.pdf Graphic file (type pdf)
<use 3D_UNET_ok.pdf>
Package pdftex.def Info: 3D_UNET_ok.pdf  used on input line 107.
(pdftex.def)             Requested size: 227.42392pt x 149.83434pt.

Underfull \vbox (badness 4391) has occurred while \output is active []

 [2 <./full_arch_ok.pdf>] [3 <./t-NET_3dBOX_Ok.pdf> <./3D_UNET_ok.pdf

pdfTeX warning: pdflatex (file ./3D_UNET_ok.pdf): PDF inclusion: multiple pdfs 
with page group included in a single page
>]

LaTeX Warning: Citation `he2016deep' on page 4 undefined on input line 143.


LaTeX Warning: Citation `chen2016monocular' on page 4 undefined on input line 1
63.


LaTeX Warning: Citation `chen20153d' on page 4 undefined on input line 164.


LaTeX Warning: Citation `li20173d' on page 4 undefined on input line 165.


LaTeX Warning: Citation `chen2017multi' on page 4 undefined on input line 166.


LaTeX Warning: Citation `xu2017pointfusion' on page 4 undefined on input line 1
67.


LaTeX Warning: Citation `ku2018joint' on page 4 undefined on input line 168.


LaTeX Warning: Citation `qi2017frustum' on page 4 undefined on input line 169.


LaTeX Warning: Citation `qi2017frustum' on page 4 undefined on input line 170.


LaTeX Warning: `h' float specifier changed to `ht'.


LaTeX Warning: Citation `chen2016monocular' on page 4 undefined on input line 1
96.


LaTeX Warning: Citation `chen20153d' on page 4 undefined on input line 197.


LaTeX Warning: Citation `li20173d' on page 4 undefined on input line 198.


LaTeX Warning: Citation `chen2017multi' on page 4 undefined on input line 199.


LaTeX Warning: Citation `xu2017pointfusion' on page 4 undefined on input line 2
00.


LaTeX Warning: Citation `qi2017frustum' on page 4 undefined on input line 201.


LaTeX Warning: Citation `qi2017frustum' on page 4 undefined on input line 202.


LaTeX Warning: `h' float specifier changed to `ht'.


LaTeX Warning: Citation `qi2017frustum' on page 4 undefined on input line 221.


LaTeX Warning: Citation `qi2017frustum' on page 4 undefined on input line 246.


LaTeX Warning: Citation `qi2017frustum' on page 4 undefined on input line 248.

[4]

pdfTeX warning: pdflatex (file ./KITTI_Results.pdf): PDF inclusion: found PDF v
ersion <1.7>, but at most version <1.5> allowed
<KITTI_Results.pdf, id=90, 1206.4014pt x 611.66016pt>
File: KITTI_Results.pdf Graphic file (type pdf)
<use KITTI_Results.pdf>
Package pdftex.def Info: KITTI_Results.pdf  used on input line 254.
(pdftex.def)             Requested size: 440.12183pt x 223.14676pt.


pdfTeX warning: pdflatex (file ./SUN_Results.pdf): PDF inclusion: found PDF ver
sion <1.7>, but at most version <1.5> allowed
<SUN_Results.pdf, id=91, 1081.21544pt x 822.21025pt>
File: SUN_Results.pdf Graphic file (type pdf)
<use SUN_Results.pdf>
Package pdftex.def Info: SUN_Results.pdf  used on input line 261.
(pdftex.def)             Requested size: 227.42392pt x 172.94525pt.

LaTeX Warning: `h' float specifier changed to `ht'.


LaTeX Warning: Citation `jain2010data' on page 5 undefined on input line 268.


LaTeX Warning: Citation `redmon2018yolov3' on page 5 undefined on input line 26
8.


LaTeX Warning: Citation `qi2017frustum' on page 5 undefined on input line 268.


LaTeX Warning: Citation `chen2017multi' on page 5 undefined on input line 273.


LaTeX Warning: Citation `xu2017pointfusion' on page 5 undefined on input line 2
73.


LaTeX Warning: Citation `qi2017frustum' on page 5 undefined on input line 273.

[5]

LaTeX Warning: Citation `song2016deep' on page 6 undefined on input line 279.


LaTeX Warning: Citation `lahoud20172d' on page 6 undefined on input line 279.


LaTeX Warning: Citation `xu2017pointfusion' on page 6 undefined on input line 2
79.


LaTeX Warning: Citation `ren2016three' on page 6 undefined on input line 279.


LaTeX Warning: Citation `qi2017frustum' on page 6 undefined on input line 279.


LaTeX Warning: Citation `qi2017frustum' on page 6 undefined on input line 279.


Underfull \vbox (badness 2856) has occurred while \output is active []



LaTeX Warning: Citation `song2016deep' on page 6 undefined on input line 290.


LaTeX Warning: Citation `lahoud20172d' on page 6 undefined on input line 291.


LaTeX Warning: Citation `xu2017pointfusion' on page 6 undefined on input line 2
92.


LaTeX Warning: Citation `ren2016three' on page 6 undefined on input line 293.


LaTeX Warning: Citation `qi2017frustum' on page 6 undefined on input line 294.


LaTeX Warning: `h' float specifier changed to `ht'.


LaTeX Warning: `h' float specifier changed to `ht'.

[6 <./KITTI_Results.pdf>]
Underfull \hbox (badness 1960) in paragraph at lines 366--367
\OT1/ptm/m/n/10 ral Sci-ence Foun-da-tion of China (Grant No.61602485
 []


Underfull \hbox (badness 10000) in paragraph at lines 366--367
\OT1/ptm/m/n/10 and Grant No.61673375), the Na-tional Key Re-
 []


Underfull \hbox (badness 7613) in paragraph at lines 366--367
\OT1/ptm/m/n/10 search and De-vel-op-ment Pro-gram of China (Grant
 []


Underfull \hbox (badness 8094) in paragraph at lines 366--367
\OT1/ptm/m/n/10 No.2016YFB1001005), and the Projects of Chi-nese
 []


Underfull \hbox (badness 1496) in paragraph at lines 366--367
\OT1/ptm/m/n/10 Academy of Sci-ences (Grant No.QYZDB-SSW-JSC006
 []

No file camera-ready_changed.bbl.

Underfull \hbox (badness 2591) in paragraph at lines 368--371
[]\OT1/ptm/m/n/10 Quaerat vero ali-quam, nisi volup-tates ne-ces-si-tat-i-bus
 []

[7 <./SUN_Results.pdf>] [8

] (camera-ready_changed.aux)
 ***********
LaTeX2e <2023-06-01> patch level 1
L3 programming layer <2023-08-29>
 ***********
 ) 
Here is how much of TeX's memory you used:
 2987 strings out of 475247
 50229 string characters out of 5757792
 1967801 words of memory out of 5000000
 24455 multiletter control sequences out of 15000+600000
 582829 words of font info for 84 fonts, out of 8000000 for 9000
 1141 hyphenation exceptions out of 8191
 61i,15n,69p,1621b,382s stack positions out of 10000i,1000n,20000p,200000b,200000s
<C:/Users/orfuc/AppData/Local/Programs/MiKTeX/fonts/type1/public/amsfonts/cm/
cmbx10.pfb><C:/Users/orfuc/AppData/Local/Programs/MiKTeX/fonts/type1/public/ams
fonts/cm/cmex10.pfb><C:/Users/orfuc/AppData/Local/Programs/MiKTeX/fonts/type1/p
ublic/amsfonts/cm/cmmi10.pfb><C:/Users/orfuc/AppData/Local/Programs/MiKTeX/font
s/type1/public/amsfonts/cm/cmmi5.pfb><C:/Users/orfuc/AppData/Local/Programs/MiK
TeX/fonts/type1/public/amsfonts/cm/cmmi7.pfb><C:/Users/orfuc/AppData/Local/Prog
rams/MiKTeX/fonts/type1/public/amsfonts/cm/cmr10.pfb><C:/Users/orfuc/AppData/Lo
cal/Programs/MiKTeX/fonts/type1/public/amsfonts/cm/cmr5.pfb><C:/Users/orfuc/App
Data/Local/Programs/MiKTeX/fonts/type1/public/amsfonts/cm/cmr7.pfb><C:/Users/or
fuc/AppData/Local/Programs/MiKTeX/fonts/type1/public/amsfonts/cm/cmr8.pfb><C:/U
sers/orfuc/AppData/Local/Programs/MiKTeX/fonts/type1/public/amsfonts/cm/cmsy10.
pfb><C:/Users/orfuc/AppData/Local/Programs/MiKTeX/fonts/type1/public/amsfonts/c
m/cmsy5.pfb><C:/Users/orfuc/AppData/Local/Programs/MiKTeX/fonts/type1/public/am
sfonts/cm/cmsy7.pfb><C:/Users/orfuc/AppData/Local/Programs/MiKTeX/fonts/type1/u
rw/times/utmb8a.pfb><C:/Users/orfuc/AppData/Local/Programs/MiKTeX/fonts/type1/u
rw/times/utmr8a.pfb>
Output written on camera-ready_changed.pdf (8 pages, 1907166 bytes).
PDF statistics:
 189 PDF objects out of 1000 (max. 8388607)
 0 named destinations out of 1000 (max. 500000)
 26 words of extra memory for PDF output out of 10000 (max. 10000000)

