This is pdfTeX, Version 3.141592653-2.6-1.40.25 (MiKTeX 23.5) (preloaded format=pdflatex 2024.1.12)  10 MAR 2024 22:06
entering extended mode
 restricted \write18 enabled.
 %&-line parsing enabled.
**./after_operator0.tex
(after_operator0.tex
LaTeX2e <2023-06-01> patch level 1
L3 programming layer <2023-08-29>
(C:\Users\orfuc\AppData\Local\Programs\MiKTeX\tex/latex/base\article.cls
Document Class: article 2023/05/17 v1.4n Standard LaTeX document class
(C:\Users\orfuc\AppData\Local\Programs\MiKTeX\tex/latex/base\size10.clo
File: size10.clo 2023/05/17 v1.4n Standard LaTeX file (size option)
)
\c@part=\count185
\c@section=\count186
\c@subsection=\count187
\c@subsubsection=\count188
\c@paragraph=\count189
\c@subparagraph=\count190
\c@figure=\count191
\c@table=\count192
\abovecaptionskip=\skip48
\belowcaptionskip=\skip49
\bibindent=\dimen140
)
(aaai16.sty
Conference Style for AAAI for LaTeX 2e -- version of 1 January 2016
\titlebox=\skip50
) (C:\Users\orfuc\AppData\Local\Programs\MiKTeX\tex/latex/psnfss\times.sty
Package: times 2020/03/25 PSNFSS-v9.3 (SPQR) 
)
(C:\Users\orfuc\AppData\Local\Programs\MiKTeX\tex/latex/psnfss\helvet.sty
Package: helvet 2020/03/25 PSNFSS-v9.3 (WaS) 

(C:\Users\orfuc\AppData\Local\Programs\MiKTeX\tex/latex/graphics\keyval.sty
Package: keyval 2022/05/29 v1.15 key=value parser (DPC)
\KV@toks@=\toks17
))
(C:\Users\orfuc\AppData\Local\Programs\MiKTeX\tex/latex/psnfss\courier.sty
Package: courier 2020/03/25 PSNFSS-v9.3 (WaS) 
)
(C:\Users\orfuc\AppData\Local\Programs\MiKTeX\tex/latex/graphics\graphicx.sty
Package: graphicx 2021/09/16 v1.2d Enhanced LaTeX Graphics (DPC,SPQR)

(C:\Users\orfuc\AppData\Local\Programs\MiKTeX\tex/latex/graphics\graphics.sty
Package: graphics 2022/03/10 v1.4e Standard LaTeX Graphics (DPC,SPQR)

(C:\Users\orfuc\AppData\Local\Programs\MiKTeX\tex/latex/graphics\trig.sty
Package: trig 2021/08/11 v1.11 sin cos tan (DPC)
)
(C:\Users\orfuc\AppData\Local\Programs\MiKTeX\tex/latex/graphics-cfg\graphics.c
fg
File: graphics.cfg 2016/06/04 v1.11 sample graphics configuration
)
Package graphics Info: Driver file: pdftex.def on input line 107.

(C:\Users\orfuc\AppData\Local\Programs\MiKTeX\tex/latex/graphics-def\pdftex.def
File: pdftex.def 2022/09/22 v1.2b Graphics/color driver for pdftex
))
\Gin@req@height=\dimen141
\Gin@req@width=\dimen142
)
(C:\Users\orfuc\AppData\Local\Programs\MiKTeX\tex/latex/epstopdf-pkg\epstopdf.s
ty
Package: epstopdf 2020-01-24 v2.11 Conversion with epstopdf on the fly (HO)

(C:\Users\orfuc\AppData\Local\Programs\MiKTeX\tex/generic/infwarerr\infwarerr.s
ty
Package: infwarerr 2019/12/03 v1.5 Providing info/warning/error messages (HO)
) (C:\Users\orfuc\AppData\Local\Programs\MiKTeX\tex/latex/grfext\grfext.sty
Package: grfext 2019/12/03 v1.3 Manage graphics extensions (HO)

(C:\Users\orfuc\AppData\Local\Programs\MiKTeX\tex/generic/kvdefinekeys\kvdefine
keys.sty
Package: kvdefinekeys 2019-12-19 v1.6 Define keys (HO)
))
(C:\Users\orfuc\AppData\Local\Programs\MiKTeX\tex/latex/kvoptions\kvoptions.sty
Package: kvoptions 2022-06-15 v3.15 Key value format for package options (HO)
(C:\Users\orfuc\AppData\Local\Programs\MiKTeX\tex/generic/ltxcmds\ltxcmds.sty
Package: ltxcmds 2020-05-10 v1.25 LaTeX kernel commands for general use (HO)
)
(C:\Users\orfuc\AppData\Local\Programs\MiKTeX\tex/latex/kvsetkeys\kvsetkeys.sty
Package: kvsetkeys 2022-10-05 v1.19 Key value parser (HO)
))
(C:\Users\orfuc\AppData\Local\Programs\MiKTeX\tex/generic/pdftexcmds\pdftexcmds
.sty
Package: pdftexcmds 2020-06-27 v0.33 Utility functions of pdfTeX for LuaTeX (HO
)
 (C:\Users\orfuc\AppData\Local\Programs\MiKTeX\tex/generic/iftex\iftex.sty
Package: iftex 2022/02/03 v1.0f TeX engine tests
)
Package pdftexcmds Info: \pdf@primitive is available.
Package pdftexcmds Info: \pdf@ifprimitive is available.
Package pdftexcmds Info: \pdfdraftmode found.
)
(C:\Users\orfuc\AppData\Local\Programs\MiKTeX\tex/latex/epstopdf-pkg\epstopdf-b
ase.sty
Package: epstopdf-base 2020-01-24 v2.11 Base part for package epstopdf
Package epstopdf-base Info: Redefining graphics rule for `.eps' on input line 4
85.
Package grfext Info: Graphics extension search list:
(grfext)             [.pdf,.png,.jpg,.mps,.jpeg,.jbig2,.jb2,.PDF,.PNG,.JPG,.JPE
G,.JBIG2,.JB2,.eps]
(grfext)             \AppendGraphicsExtensions on input line 504.

(C:\Users\orfuc\AppData\Local\Programs\MiKTeX\tex/latex/00miktex\epstopdf-sys.c
fg
File: epstopdf-sys.cfg 2021/03/18 v2.0 Configuration of epstopdf for MiKTeX
)))
(C:\Users\orfuc\AppData\Local\Programs\MiKTeX\tex/latex/algorithms\algorithmic.
sty
Package: algorithmic 2009/08/24 v0.1 Document Style `algorithmic'
 (C:\Users\orfuc\AppData\Local\Programs\MiKTeX\tex/latex/base\ifthen.sty
Package: ifthen 2022/04/13 v1.1d Standard LaTeX ifthen package (DPC)
)
\c@ALC@unique=\count193
\c@ALC@line=\count194
\c@ALC@rem=\count195
\c@ALC@depth=\count196
\ALC@tlm=\skip51
\algorithmicindent=\skip52
)
(C:\Users\orfuc\AppData\Local\Programs\MiKTeX\tex/latex/algorithms\algorithm.st
y
Package: algorithm 2009/08/24 v0.1 Document Style `algorithm' - floating enviro
nment
 (C:\Users\orfuc\AppData\Local\Programs\MiKTeX\tex/latex/float\float.sty
Package: float 2001/11/08 v1.3d Float enhancements (AL)
\c@float@type=\count197
\float@exts=\toks18
\float@box=\box51
\@float@everytoks=\toks19
\@floatcapt=\box52
)
\@float@every@algorithm=\toks20
\c@algorithm=\count198
)
(C:\Users\orfuc\AppData\Local\Programs\MiKTeX\tex/latex/amsmath\amsmath.sty
Package: amsmath 2023/05/13 v2.17o AMS math features
\@mathmargin=\skip53

For additional information on amsmath, use the `?' option.
(C:\Users\orfuc\AppData\Local\Programs\MiKTeX\tex/latex/amsmath\amstext.sty
Package: amstext 2021/08/26 v2.01 AMS text

(C:\Users\orfuc\AppData\Local\Programs\MiKTeX\tex/latex/amsmath\amsgen.sty
File: amsgen.sty 1999/11/30 v2.0 generic functions
\@emptytoks=\toks21
\ex@=\dimen143
))
(C:\Users\orfuc\AppData\Local\Programs\MiKTeX\tex/latex/amsmath\amsbsy.sty
Package: amsbsy 1999/11/29 v1.2d Bold Symbols
\pmbraise@=\dimen144
)
(C:\Users\orfuc\AppData\Local\Programs\MiKTeX\tex/latex/amsmath\amsopn.sty
Package: amsopn 2022/04/08 v2.04 operator names
)
\inf@bad=\count199
LaTeX Info: Redefining \frac on input line 234.
\uproot@=\count266
\leftroot@=\count267
LaTeX Info: Redefining \overline on input line 399.
LaTeX Info: Redefining \colon on input line 410.
\classnum@=\count268
\DOTSCASE@=\count269
LaTeX Info: Redefining \ldots on input line 496.
LaTeX Info: Redefining \dots on input line 499.
LaTeX Info: Redefining \cdots on input line 620.
\Mathstrutbox@=\box53
\strutbox@=\box54
LaTeX Info: Redefining \big on input line 722.
LaTeX Info: Redefining \Big on input line 723.
LaTeX Info: Redefining \bigg on input line 724.
LaTeX Info: Redefining \Bigg on input line 725.
\big@size=\dimen145
LaTeX Font Info:    Redeclaring font encoding OML on input line 743.
LaTeX Font Info:    Redeclaring font encoding OMS on input line 744.
\macc@depth=\count270
LaTeX Info: Redefining \bmod on input line 905.
LaTeX Info: Redefining \pmod on input line 910.
LaTeX Info: Redefining \smash on input line 940.
LaTeX Info: Redefining \relbar on input line 970.
LaTeX Info: Redefining \Relbar on input line 971.
\c@MaxMatrixCols=\count271
\dotsspace@=\muskip16
\c@parentequation=\count272
\dspbrk@lvl=\count273
\tag@help=\toks22
\row@=\count274
\column@=\count275
\maxfields@=\count276
\andhelp@=\toks23
\eqnshift@=\dimen146
\alignsep@=\dimen147
\tagshift@=\dimen148
\tagwidth@=\dimen149
\totwidth@=\dimen150
\lineht@=\dimen151
\@envbody=\toks24
\multlinegap=\skip54
\multlinetaggap=\skip55
\mathdisplay@stack=\toks25
LaTeX Info: Redefining \[ on input line 2953.
LaTeX Info: Redefining \] on input line 2954.
)
(C:\Users\orfuc\AppData\Local\Programs\MiKTeX\tex/latex/amsfonts\amsfonts.sty
Package: amsfonts 2013/01/14 v3.01 Basic AMSFonts support
\symAMSa=\mathgroup4
\symAMSb=\mathgroup5
LaTeX Font Info:    Redeclaring math symbol \hbar on input line 98.
LaTeX Font Info:    Overwriting math alphabet `\mathfrak' in version `bold'
(Font)                  U/euf/m/n --> U/euf/b/n on input line 106.
)
(C:\Users\orfuc\AppData\Local\Programs\MiKTeX\tex/latex/multirow\multirow.sty
Package: multirow 2021/03/15 v2.8 Span multiple rows of a table
\multirow@colwidth=\skip56
\multirow@cntb=\count277
\multirow@dima=\skip57
\bigstrutjot=\dimen152
)
(C:\Users\orfuc\AppData\Local\Programs\MiKTeX\tex/latex/amsfonts\amssymb.sty
Package: amssymb 2013/01/14 v3.01 AMS font symbols
)
\c@theorem=\count278
\c@lemma=\count279
\c@corollary=\count280
\c@example=\count281
\c@definition=\count282
LaTeX Font Info:    Trying to load font information for OT1+ptm on input line 4
2.

(C:\Users\orfuc\AppData\Local\Programs\MiKTeX\tex/latex/psnfss\ot1ptm.fd
File: ot1ptm.fd 2001/06/04 font definitions for OT1/ptm.
)
(C:\Users\orfuc\AppData\Local\Programs\MiKTeX\tex/latex/l3backend\l3backend-pdf
tex.def
File: l3backend-pdftex.def 2023-04-19 L3 backend support: PDF output (pdfTeX)
\l__color_backend_stack_int=\count283
\l__pdf_internal_box=\box55
) (after_operator0.aux)
\openout1 = `after_operator0.aux'.

LaTeX Font Info:    Checking defaults for OML/cmm/m/it on input line 42.
LaTeX Font Info:    ... okay on input line 42.
LaTeX Font Info:    Checking defaults for OMS/cmsy/m/n on input line 42.
LaTeX Font Info:    ... okay on input line 42.
LaTeX Font Info:    Checking defaults for OT1/cmr/m/n on input line 42.
LaTeX Font Info:    ... okay on input line 42.
LaTeX Font Info:    Checking defaults for T1/cmr/m/n on input line 42.
LaTeX Font Info:    ... okay on input line 42.
LaTeX Font Info:    Checking defaults for TS1/cmr/m/n on input line 42.
LaTeX Font Info:    ... okay on input line 42.
LaTeX Font Info:    Checking defaults for OMX/cmex/m/n on input line 42.
LaTeX Font Info:    ... okay on input line 42.
LaTeX Font Info:    Checking defaults for U/cmr/m/n on input line 42.
LaTeX Font Info:    ... okay on input line 42.

(C:\Users\orfuc\AppData\Local\Programs\MiKTeX\tex/context/base/mkii\supp-pdf.mk
ii
[Loading MPS to PDF converter (version 2006.09.02).]
\scratchcounter=\count284
\scratchdimen=\dimen153
\scratchbox=\box56
\nofMPsegments=\count285
\nofMParguments=\count286
\everyMPshowfont=\toks26
\MPscratchCnt=\count287
\MPscratchDim=\dimen154
\MPnumerator=\count288
\makeMPintoPDFobject=\count289
\everyMPtoPDFconversion=\toks27
)
LaTeX Font Info:    Trying to load font information for U+msa on input line 53.

 (C:\Users\orfuc\AppData\Local\Programs\MiKTeX\tex/latex/amsfonts\umsa.fd
File: umsa.fd 2013/01/14 v3.01 AMS symbols A
)
LaTeX Font Info:    Trying to load font information for U+msb on input line 53.


(C:\Users\orfuc\AppData\Local\Programs\MiKTeX\tex/latex/amsfonts\umsb.fd
File: umsb.fd 2013/01/14 v3.01 AMS symbols B
)
LaTeX Font Info:    Trying to load font information for TS1+ptm on input line 5
3.

(C:\Users\orfuc\AppData\Local\Programs\MiKTeX\tex/latex/psnfss\ts1ptm.fd
File: ts1ptm.fd 2001/06/04 font definitions for TS1/ptm.
)

LaTeX Warning: Citation `culberson1998patternDatabases' on page 1 undefined on 
input line 60.


LaTeX Warning: Citation `Edelkamp01planningwith' on page 1 undefined on input l
ine 60.


LaTeX Warning: Citation `stutervant2009memoryBased' on page 1 undefined on inpu
t line 60.


LaTeX Warning: Citation `hart1968aFormalBasis' on page 1 undefined on input lin
e 60.


LaTeX Warning: Citation `korf85' on page 1 undefined on input line 60.


LaTeX Warning: Citation `5695550' on page 1 undefined on input line 63.


LaTeX Warning: Citation `Cameron2005' on page 1 undefined on input line 65.


LaTeX Warning: Citation `974895' on page 1 undefined on input line 66.


LaTeX Warning: Citation `5993675' on page 1 undefined on input line 66.


LaTeX Warning: Citation `5686921' on page 1 undefined on input line 66.


LaTeX Warning: Citation `Liu:2011:FSD:1950365.1950391' on page 1 undefined on i
nput line 66.


LaTeX Warning: Citation `Wagstaff_kmeansin' on page 1 undefined on input line 7
1.


LaTeX Warning: Citation `7266869' on page 1 undefined on input line 71.


LaTeX Warning: Citation `finocchi2007designing' on page 1 undefined on input li
ne 76.


Underfull \vbox (badness 6173) has occurred while \output is active []

 [1{C:/Users/orfuc/AppData/Local/MiKTeX/fonts/map/pdftex/pdftex.map}{C:/Users/o
rfuc/AppData/Local/Programs/MiKTeX/fonts/enc/dvips/base/8r.enc}



]

LaTeX Warning: Citation `Liu:2011:FSD:1950365.1950391' on page 2 undefined on i
nput line 84.


LaTeX Warning: Citation `Liu:2011:FSD:1950365.1950391' on page 2 undefined on i
nput line 87.


LaTeX Warning: Citation `korf85' on page 2 undefined on input line 105.


LaTeX Warning: Citation `korf85' on page 2 undefined on input line 111.

<figures/corruption_example5.pdf, id=7, 710.655pt x 241.90375pt>
File: figures/corruption_example5.pdf Graphic file (type pdf)
<use figures/corruption_example5.pdf>
Package pdftex.def Info: figures/corruption_example5.pdf  used on input line 13
8.
(pdftex.def)             Requested size: 240.90088pt x 82.00256pt.

Overfull \hbox (1.5065pt too wide) in paragraph at lines 138--139
 [] 
 []

[2 <./figures/corruption_example5.pdf>] [3]

LaTeX Warning: Citation `Valenzano:alternative_bounding' on page 4 undefined on
 input line 241.


LaTeX Warning: Citation `Korf1992' on page 4 undefined on input line 268.


LaTeX Warning: Citation `Korf1992' on page 4 undefined on input line 278.


LaTeX Warning: Citation `hatem2015recursive' on page 4 undefined on input line 
278.


LaTeX Warning: Citation `de1987diagnosing' on page 4 undefined on input line 32
6.

[4]

LaTeX Warning: Citation `psvn' on page 5 undefined on input line 484.


LaTeX Warning: Citation `HelmertL10' on page 5 undefined on input line 485.


Underfull \hbox (badness 1577) in paragraph at lines 483--486
\OT1/ptm/m/n/10 (17,4)-Topspin puz-zle (top-spin), all im-ple-mented us-ing
 []


LaTeX Warning: Citation `korf2002disjointPatternDatabase' on page 5 undefined o
n input line 491.


LaTeX Warning: Citation `Wagstaff_kmeansin' on page 5 undefined on input line 4
98.

[5]

LaTeX Warning: Citation `valenzano2014comparison' on page 6 undefined on input 
line 545.

[6]

LaTeX Warning: Citation `Liu:2011:FSD:1950365.1950391' on page 7 undefined on i
nput line 560.


LaTeX Warning: Citation `6136239' on page 7 undefined on input line 566.

Package epstopdf Info: Source file: <figures/ecc_chart.eps>
(epstopdf)                    date: 2024-02-21 23:56:31
(epstopdf)                    size: 94165 bytes
(epstopdf)             Output file: <figures/ecc_chart-eps-converted-to.pdf>
(epstopdf)                    date: 2024-02-21 23:56:31
(epstopdf)                    size: 32008 bytes
(epstopdf)             Command: <miktex-epstopdf --outfile=figures/ecc_chart-ep
s-converted-to.pdf figures/ecc_chart.eps>
(epstopdf)             \includegraphics on input line 570.
Package epstopdf Info: Output file is already uptodate.
<figures/ecc_chart-eps-converted-to.pdf, id=43, 264.99pt x 189.70876pt>
File: figures/ecc_chart-eps-converted-to.pdf Graphic file (type pdf)
<use figures/ecc_chart-eps-converted-to.pdf>
Package pdftex.def Info: figures/ecc_chart-eps-converted-to.pdf  used on input 
line 570.
(pdftex.def)             Requested size: 238.48878pt x 170.73628pt.
[7]

LaTeX Warning: Citation `Binkert2011' on page 8 undefined on input line 579.


LaTeX Warning: Citation `finocchi2007designing' on page 8 undefined on input li
ne 592.


LaTeX Warning: Citation `finocchi2007resilient' on page 8 undefined on input li
ne 592.


LaTeX Warning: Citation `jorgensen2007priority' on page 8 undefined on input li
ne 592.


LaTeX Warning: Citation `brodal2007optimal' on page 8 undefined on input line 5
92.


LaTeX Warning: Citation `Knuth75' on page 8 undefined on input line 592.


LaTeX Warning: Citation `Wagstaff_kmeansin' on page 8 undefined on input line 5
94.


LaTeX Warning: Citation `mcqueen67' on page 8 undefined on input line 594.


LaTeX Warning: Citation `Kanetal2002' on page 8 undefined on input line 595.


LaTeX Warning: Citation `GiesekeMV12' on page 8 undefined on input line 595.


LaTeX Warning: Citation `FelnerZHSSZ11' on page 8 undefined on input line 598.


LaTeX Warning: Citation `mero1984aHeuristicSearch' on page 8 undefined on input
 line 598.


Underfull \hbox (badness 2582) in paragraph at lines 598--601
[]\OT1/ptm/m/n/10 Bidirectional path-max (BPMX) ( \OT1/ptm/b/n/10 ?\OT1/ptm/m/n
/10 ) (and also path-
 []


Underfull \hbox (badness 1701) in paragraph at lines 644--647
\OT1/ptm/m/n/10 In this pa-per we pre-sented algorithmic-level bounded-
 []


Underfull \hbox (badness 1184) in paragraph at lines 644--647
\OT1/ptm/m/n/10 suboptimal al-go-rithms for cor-rect-ing mem-ory er-rors in
 []


Underfull \hbox (badness 3724) in paragraph at lines 644--647
\OT1/ptm/m/n/10 memory-based heuris-tics such as PDBs. IDA* us-ing
 []


Underfull \hbox (badness 5878) in paragraph at lines 655--655
[]\OT1/ptm/m/n/10 Pariatur re-rum ad sapi-ente tem-pora ex-pli-cabo in,
 []


Underfull \hbox (badness 2126) in paragraph at lines 655--655
\OT1/ptm/m/n/10 itaque pos-simus porro do-lores sapi-ente na-tus nos-trum
 []


Underfull \hbox (badness 2460) in paragraph at lines 655--655
\OT1/ptm/m/n/10 ape-riam et do-loremque nemo neque, do-lorem est ra-
 []


Underfull \hbox (badness 2073) in paragraph at lines 655--655
\OT1/ptm/m/n/10 tione tem-pore quibus-dam prov-i-dent ni-hil mag-nam aut
 []


Underfull \hbox (badness 2582) in paragraph at lines 655--655
\OT1/ptm/m/n/10 se-quatur ver-i-tatis libero in mol-li-tia volup-ta-tum as-per-

 []


Underfull \hbox (badness 1337) in paragraph at lines 655--655
\OT1/ptm/m/n/10 natur in-cidunt ob-cae-cati ape-riam, quam ul-lam eli-gendi
 []


Underfull \hbox (badness 2980) in paragraph at lines 655--655
\OT1/ptm/m/n/10 mi-nus aliq-uid il-lum neque re-pel-len-dus volup-tates hic
 []

[8 <./figures/ecc_chart-eps-converted-to.pdf>]
No file after_operator0.bbl.
(after_operator0.aux)
 ***********
LaTeX2e <2023-06-01> patch level 1
L3 programming layer <2023-08-29>
 ***********
 ) 
Here is how much of TeX's memory you used:
 3733 strings out of 475247
 60266 string characters out of 5757792
 1973801 words of memory out of 5000000
 25187 multiletter control sequences out of 15000+600000
 573275 words of font info for 63 fonts, out of 8000000 for 9000
 1141 hyphenation exceptions out of 8191
 57i,11n,65p,1004b,266s stack positions out of 10000i,1000n,20000p,200000b,200000s
<C:/Users/orfuc/AppData/Local/Programs/MiKTeX/fonts/type1/public/amsfonts/cm/
cmex10.pfb><C:/Users/orfuc/AppData/Local/Programs/MiKTeX/fonts/type1/public/ams
fonts/cm/cmmi10.pfb><C:/Users/orfuc/AppData/Local/Programs/MiKTeX/fonts/type1/p
ublic/amsfonts/cm/cmmi5.pfb><C:/Users/orfuc/AppData/Local/Programs/MiKTeX/fonts
/type1/public/amsfonts/cm/cmmi7.pfb><C:/Users/orfuc/AppData/Local/Programs/MiKT
eX/fonts/type1/public/amsfonts/cm/cmr10.pfb><C:/Users/orfuc/AppData/Local/Progr
ams/MiKTeX/fonts/type1/public/amsfonts/cm/cmr5.pfb><C:/Users/orfuc/AppData/Loca
l/Programs/MiKTeX/fonts/type1/public/amsfonts/cm/cmr7.pfb><C:/Users/orfuc/AppDa
ta/Local/Programs/MiKTeX/fonts/type1/public/amsfonts/cm/cmsy10.pfb><C:/Users/or
fuc/AppData/Local/Programs/MiKTeX/fonts/type1/public/amsfonts/cm/cmsy7.pfb><C:/
Users/orfuc/AppData/Local/Programs/MiKTeX/fonts/type1/public/amsfonts/symbols/m
sam10.pfb><C:/Users/orfuc/AppData/Local/Programs/MiKTeX/fonts/type1/urw/times/u
tmb8a.pfb><C:/Users/orfuc/AppData/Local/Programs/MiKTeX/fonts/type1/urw/times/u
tmr8a.pfb><C:/Users/orfuc/AppData/Local/Programs/MiKTeX/fonts/type1/urw/times/u
tmri8a.pfb>
Output written on after_operator0.pdf (8 pages, 249157 bytes).
PDF statistics:
 114 PDF objects out of 1000 (max. 8388607)
 0 named destinations out of 1000 (max. 500000)
 11 words of extra memory for PDF output out of 10000 (max. 10000000)

