This is pdfTeX, Version 3.141592653-2.6-1.40.25 (MiKTeX 23.9) (preloaded format=pdflatex 2023.9.22)  16 JAN 2024 17:03
entering extended mode
 restricted \write18 enabled.
 %&-line parsing enabled.
**./aaai24_changed.tex
(aaai24_changed.tex
LaTeX2e <2023-06-01> patch level 1
L3 programming layer <2023-08-29>
(C:\Users\micha\AppData\Local\Programs\MiKTeX\tex/latex/base\article.cls
Document Class: article 2023/05/17 v1.4n Standard LaTeX document class
(C:\Users\micha\AppData\Local\Programs\MiKTeX\tex/latex/base\size10.clo
File: size10.clo 2023/05/17 v1.4n Standard LaTeX file (size option)
)
\c@part=\count185
\c@section=\count186
\c@subsection=\count187
\c@subsubsection=\count188
\c@paragraph=\count189
\c@subparagraph=\count190
\c@figure=\count191
\c@table=\count192
\abovecaptionskip=\skip48
\belowcaptionskip=\skip49
\bibindent=\dimen140
)
(aaai24.sty
Package: aaai24 2023/06/26 AAAI 2024 Submission format

Conference Style for AAAI for LaTeX 2e -- version for submission
\titlebox=\skip50
) (C:\Users\micha\AppData\Local\Programs\MiKTeX\tex/latex/psnfss\times.sty
Package: times 2020/03/25 PSNFSS-v9.3 (SPQR) 
)
(C:\Users\micha\AppData\Local\Programs\MiKTeX\tex/latex/psnfss\helvet.sty
Package: helvet 2020/03/25 PSNFSS-v9.3 (WaS) 

(C:\Users\micha\AppData\Local\Programs\MiKTeX\tex/latex/graphics\keyval.sty
Package: keyval 2022/05/29 v1.15 key=value parser (DPC)
\KV@toks@=\toks17
))
(C:\Users\micha\AppData\Local\Programs\MiKTeX\tex/latex/psnfss\courier.sty
Package: courier 2020/03/25 PSNFSS-v9.3 (WaS) 
)
(C:\Users\micha\AppData\Local\Programs\MiKTeX\tex/latex/url\url.sty
\Urlmuskip=\muskip16
Package: url 2013/09/16  ver 3.4  Verb mode for urls, etc.
)
(C:\Users\micha\AppData\Local\Programs\MiKTeX\tex/latex/graphics\graphicx.sty
Package: graphicx 2021/09/16 v1.2d Enhanced LaTeX Graphics (DPC,SPQR)

(C:\Users\micha\AppData\Local\Programs\MiKTeX\tex/latex/graphics\graphics.sty
Package: graphics 2022/03/10 v1.4e Standard LaTeX Graphics (DPC,SPQR)

(C:\Users\micha\AppData\Local\Programs\MiKTeX\tex/latex/graphics\trig.sty
Package: trig 2021/08/11 v1.11 sin cos tan (DPC)
)
(C:\Users\micha\AppData\Local\Programs\MiKTeX\tex/latex/graphics-cfg\graphics.c
fg
File: graphics.cfg 2016/06/04 v1.11 sample graphics configuration
)
Package graphics Info: Driver file: pdftex.def on input line 107.

(C:\Users\micha\AppData\Local\Programs\MiKTeX\tex/latex/graphics-def\pdftex.def
File: pdftex.def 2022/09/22 v1.2b Graphics/color driver for pdftex
))
\Gin@req@height=\dimen141
\Gin@req@width=\dimen142
) (C:\Users\micha\AppData\Local\Programs\MiKTeX\tex/latex/natbib\natbib.sty
Package: natbib 2010/09/13 8.31b (PWD, AO)
\bibhang=\skip51
\bibsep=\skip52
LaTeX Info: Redefining \cite on input line 694.
\c@NAT@ctr=\count193
)
(C:\Users\micha\AppData\Local\Programs\MiKTeX\tex/latex/caption\caption.sty
Package: caption 2023/07/31 v3.6n Customizing captions (AR)

(C:\Users\micha\AppData\Local\Programs\MiKTeX\tex/latex/caption\caption3.sty
Package: caption3 2023/07/31 v2.4d caption3 kernel (AR)
\caption@tempdima=\dimen143
\captionmargin=\dimen144
\caption@leftmargin=\dimen145
\caption@rightmargin=\dimen146
\caption@width=\dimen147
\caption@indent=\dimen148
\caption@parindent=\dimen149
\caption@hangindent=\dimen150
Package caption Info: Standard document class detected.
)
\c@caption@flags=\count194
\c@continuedfloat=\count195
)
(C:\Users\micha\AppData\Local\Programs\MiKTeX\tex/latex/algorithms\algorithm.st
y
Package: algorithm 2009/08/24 v0.1 Document Style `algorithm' - floating enviro
nment
 (C:\Users\micha\AppData\Local\Programs\MiKTeX\tex/latex/float\float.sty
Package: float 2001/11/08 v1.3d Float enhancements (AL)
\c@float@type=\count196
\float@exts=\toks18
\float@box=\box51
\@float@everytoks=\toks19
\@floatcapt=\box52
)
(C:\Users\micha\AppData\Local\Programs\MiKTeX\tex/latex/base\ifthen.sty
Package: ifthen 2022/04/13 v1.1d Standard LaTeX ifthen package (DPC)
)
\@float@every@algorithm=\toks20
\c@algorithm=\count197
)
(C:\Users\micha\AppData\Local\Programs\MiKTeX\tex/latex/algorithms\algorithmic.
sty
Package: algorithmic 2009/08/24 v0.1 Document Style `algorithmic'
\c@ALC@unique=\count198
\c@ALC@line=\count199
\c@ALC@rem=\count266
\c@ALC@depth=\count267
\ALC@tlm=\skip53
\algorithmicindent=\skip54
)
(C:\Users\micha\AppData\Local\Programs\MiKTeX\tex/latex/booktabs\booktabs.sty
Package: booktabs 2020/01/12 v1.61803398 Publication quality tables
\heavyrulewidth=\dimen151
\lightrulewidth=\dimen152
\cmidrulewidth=\dimen153
\belowrulesep=\dimen154
\belowbottomsep=\dimen155
\aboverulesep=\dimen156
\abovetopsep=\dimen157
\cmidrulesep=\dimen158
\cmidrulekern=\dimen159
\defaultaddspace=\dimen160
\@cmidla=\count268
\@cmidlb=\count269
\@aboverulesep=\dimen161
\@belowrulesep=\dimen162
\@thisruleclass=\count270
\@lastruleclass=\count271
\@thisrulewidth=\dimen163
)
(C:\Users\micha\AppData\Local\Programs\MiKTeX\tex/latex/adjustbox\adjustbox.sty
Package: adjustbox 2022/10/17 v1.3a Adjusting TeX boxes (trim, clip, ...)
(C:\Users\micha\AppData\Local\Programs\MiKTeX\tex/latex/xkeyval\xkeyval.sty
Package: xkeyval 2022/06/16 v2.9 package option processing (HA)

(C:\Users\micha\AppData\Local\Programs\MiKTeX\tex/generic/xkeyval\xkeyval.tex
(C:\Users\micha\AppData\Local\Programs\MiKTeX\tex/generic/xkeyval\xkvutils.tex
\XKV@toks=\toks21
\XKV@tempa@toks=\toks22
)
\XKV@depth=\count272
File: xkeyval.tex 2014/12/03 v2.7a key=value parser (HA)
))
(C:\Users\micha\AppData\Local\Programs\MiKTeX\tex/latex/adjustbox\adjcalc.sty
Package: adjcalc 2012/05/16 v1.1 Provides advanced setlength with multiple back
-ends (calc, etex, pgfmath)
)
(C:\Users\micha\AppData\Local\Programs\MiKTeX\tex/latex/adjustbox\trimclip.sty
Package: trimclip 2020/08/19 v1.2 Trim and clip general TeX material

(C:\Users\micha\AppData\Local\Programs\MiKTeX\tex/latex/collectbox\collectbox.s
ty
Package: collectbox 2022/10/17 v0.4c Collect macro arguments as boxes
\collectedbox=\box53
)
\tc@llx=\dimen164
\tc@lly=\dimen165
\tc@urx=\dimen166
\tc@ury=\dimen167
Package trimclip Info: Using driver 'tc-pdftex.def'.

(C:\Users\micha\AppData\Local\Programs\MiKTeX\tex/latex/adjustbox\tc-pdftex.def
File: tc-pdftex.def 2019/01/04 v2.2 Clipping driver for pdftex
))
\adjbox@Width=\dimen168
\adjbox@Height=\dimen169
\adjbox@Depth=\dimen170
\adjbox@Totalheight=\dimen171
\adjbox@pwidth=\dimen172
\adjbox@pheight=\dimen173
\adjbox@pdepth=\dimen174
\adjbox@ptotalheight=\dimen175

(C:\Users\micha\AppData\Local\Programs\MiKTeX\tex/latex/ifoddpage\ifoddpage.sty
Package: ifoddpage 2022/10/18 v1.2 Conditionals for odd/even page detection
\c@checkoddpage=\count273
) (C:\Users\micha\AppData\Local\Programs\MiKTeX\tex/latex/varwidth\varwidth.sty
Package: varwidth 2009/03/30 ver 0.92;  Variable-width minipages
\@vwid@box=\box54
\sift@deathcycles=\count274
\@vwid@loff=\dimen176
\@vwid@roff=\dimen177
)) (C:\Users\micha\AppData\Local\Programs\MiKTeX\tex/latex/xcolor\xcolor.sty
Package: xcolor 2022/06/12 v2.14 LaTeX color extensions (UK)

(C:\Users\micha\AppData\Local\Programs\MiKTeX\tex/latex/graphics-cfg\color.cfg
File: color.cfg 2016/01/02 v1.6 sample color configuration
)
Package xcolor Info: Driver file: pdftex.def on input line 227.
(C:\Users\micha\AppData\Local\Programs\MiKTeX\tex/latex/graphics\mathcolor.ltx)
Package xcolor Info: Model `cmy' substituted by `cmy0' on input line 1353.
Package xcolor Info: Model `hsb' substituted by `rgb' on input line 1357.
Package xcolor Info: Model `RGB' extended on input line 1369.
Package xcolor Info: Model `HTML' substituted by `rgb' on input line 1371.
Package xcolor Info: Model `Hsb' substituted by `hsb' on input line 1372.
Package xcolor Info: Model `tHsb' substituted by `hsb' on input line 1373.
Package xcolor Info: Model `HSB' substituted by `hsb' on input line 1374.
Package xcolor Info: Model `Gray' substituted by `gray' on input line 1375.
Package xcolor Info: Model `wave' substituted by `hsb' on input line 1376.
) (C:\Users\micha\AppData\Local\Programs\MiKTeX\tex/latex/tools\bm.sty
Package: bm 2022/01/05 v1.2f Bold Symbol Support (DPC/FMi)
\symboldoperators=\mathgroup4
\symboldletters=\mathgroup5
\symboldsymbols=\mathgroup6
Package bm Info: No bold for \OMX/cmex/m/n, using \pmb.
LaTeX Font Info:    Redeclaring math alphabet \mathbf on input line 149.
)
(C:\Users\micha\AppData\Local\Programs\MiKTeX\tex/latex/multirow\multirow.sty
Package: multirow 2021/03/15 v2.8 Span multiple rows of a table
\multirow@colwidth=\skip55
\multirow@cntb=\count275
\multirow@dima=\skip56
\bigstrutjot=\dimen178
)
(C:\Users\micha\AppData\Local\Programs\MiKTeX\tex/latex/threeparttable\threepar
ttable.sty
Package: threeparttable 2003/06/13  v 3.0
\@tempboxb=\box55
)
(C:\Users\micha\AppData\Local\Programs\MiKTeX\tex/latex/eso-pic\eso-pic.sty
Package: eso-pic 2023/05/03 v3.0c eso-pic (RN)
\ESO@tempdima=\dimen179
\ESO@tempdimb=\dimen180
)
(C:\Users\micha\AppData\Local\Programs\MiKTeX\tex/latex/tools\array.sty
Package: array 2022/09/04 v2.5g Tabular extension package (FMi)
\col@sep=\dimen181
\ar@mcellbox=\box56
\extrarowheight=\dimen182
\NC@list=\toks23
\extratabsurround=\skip57
\backup@length=\skip58
\ar@cellbox=\box57
)
(C:\Users\micha\AppData\Local\Programs\MiKTeX\tex/latex/bbding\bbding.sty
Package: bbding 1999/04/15 v1.01 Dingbats symbols
)
(C:\Users\micha\AppData\Local\Programs\MiKTeX\tex/latex/amsmath\amsmath.sty
Package: amsmath 2023/05/13 v2.17o AMS math features
\@mathmargin=\skip59

For additional information on amsmath, use the `?' option.
(C:\Users\micha\AppData\Local\Programs\MiKTeX\tex/latex/amsmath\amstext.sty
Package: amstext 2021/08/26 v2.01 AMS text

(C:\Users\micha\AppData\Local\Programs\MiKTeX\tex/latex/amsmath\amsgen.sty
File: amsgen.sty 1999/11/30 v2.0 generic functions
\@emptytoks=\toks24
\ex@=\dimen183
))
(C:\Users\micha\AppData\Local\Programs\MiKTeX\tex/latex/amsmath\amsbsy.sty
Package: amsbsy 1999/11/29 v1.2d Bold Symbols
LaTeX Info: Redefining \boldsymbol on input line 28.
\pmbraise@=\dimen184
)
(C:\Users\micha\AppData\Local\Programs\MiKTeX\tex/latex/amsmath\amsopn.sty
Package: amsopn 2022/04/08 v2.04 operator names
)
\inf@bad=\count276
LaTeX Info: Redefining \frac on input line 234.
\uproot@=\count277
\leftroot@=\count278
LaTeX Info: Redefining \overline on input line 399.
LaTeX Info: Redefining \colon on input line 410.
\classnum@=\count279
\DOTSCASE@=\count280
LaTeX Info: Redefining \ldots on input line 496.
LaTeX Info: Redefining \dots on input line 499.
LaTeX Info: Redefining \cdots on input line 620.
\Mathstrutbox@=\box58
\strutbox@=\box59
LaTeX Info: Redefining \big on input line 722.
LaTeX Info: Redefining \Big on input line 723.
LaTeX Info: Redefining \bigg on input line 724.
LaTeX Info: Redefining \Bigg on input line 725.
\big@size=\dimen185
LaTeX Font Info:    Redeclaring font encoding OML on input line 743.
LaTeX Font Info:    Redeclaring font encoding OMS on input line 744.
\macc@depth=\count281
LaTeX Info: Redefining \bmod on input line 905.
LaTeX Info: Redefining \pmod on input line 910.
LaTeX Info: Redefining \smash on input line 940.
LaTeX Info: Redefining \relbar on input line 970.
LaTeX Info: Redefining \Relbar on input line 971.
\c@MaxMatrixCols=\count282
\dotsspace@=\muskip17
\c@parentequation=\count283
\dspbrk@lvl=\count284
\tag@help=\toks25
\row@=\count285
\column@=\count286
\maxfields@=\count287
\andhelp@=\toks26
\eqnshift@=\dimen186
\alignsep@=\dimen187
\tagshift@=\dimen188
\tagwidth@=\dimen189
\totwidth@=\dimen190
\lineht@=\dimen191
\@envbody=\toks27
\multlinegap=\skip60
\multlinetaggap=\skip61
\mathdisplay@stack=\toks28
LaTeX Info: Redefining \[ on input line 2953.
LaTeX Info: Redefining \] on input line 2954.
)
(C:\Users\micha\AppData\Local\Programs\MiKTeX\tex/latex/newfloat\newfloat.sty
Package: newfloat 2023/10/01 v1.2 Defining new floating environments (AR)
)
(C:\Users\micha\AppData\Local\Programs\MiKTeX\tex/latex/listings\listings.sty
\lst@mode=\count288
\lst@gtempboxa=\box60
\lst@token=\toks29
\lst@length=\count289
\lst@currlwidth=\dimen192
\lst@column=\count290
\lst@pos=\count291
\lst@lostspace=\dimen193
\lst@width=\dimen194
\lst@newlines=\count292
\lst@lineno=\count293
\lst@maxwidth=\dimen195

(C:\Users\micha\AppData\Local\Programs\MiKTeX\tex/latex/listings\lstmisc.sty
File: lstmisc.sty 2023/02/27 1.9 (Carsten Heinz)
\c@lstnumber=\count294
\lst@skipnumbers=\count295
\lst@framebox=\box61
)
(C:\Users\micha\AppData\Local\Programs\MiKTeX\tex/latex/listings\listings.cfg
File: listings.cfg 2023/02/27 1.9 listings configuration
))
Package: listings 2023/02/27 1.9 (Carsten Heinz)
\@float@every@listing=\toks30
\c@listing=\count296
(C:\Users\micha\AppData\Local\Programs\MiKTeX\tex/latex/natbib\bibentry.sty
Package: bibentry 2007/10/30 1.5 (PWD)
)
\c@definition=\count297
LaTeX Font Info:    Trying to load font information for OT1+ptm on input line 1
91.

(C:\Users\micha\AppData\Local\Programs\MiKTeX\tex/latex/psnfss\ot1ptm.fd
File: ot1ptm.fd 2001/06/04 font definitions for OT1/ptm.
)
(C:\Users\micha\AppData\Local\Programs\MiKTeX\tex/latex/l3backend\l3backend-pdf
tex.def
File: l3backend-pdftex.def 2023-04-19 L3 backend support: PDF output (pdfTeX)
\l__color_backend_stack_int=\count298
\l__pdf_internal_box=\box62
) (aaai24_changed.aux)
\openout1 = `aaai24_changed.aux'.

LaTeX Font Info:    Checking defaults for OML/cmm/m/it on input line 191.
LaTeX Font Info:    ... okay on input line 191.
LaTeX Font Info:    Checking defaults for OMS/cmsy/m/n on input line 191.
LaTeX Font Info:    ... okay on input line 191.
LaTeX Font Info:    Checking defaults for OT1/cmr/m/n on input line 191.
LaTeX Font Info:    ... okay on input line 191.
LaTeX Font Info:    Checking defaults for T1/cmr/m/n on input line 191.
LaTeX Font Info:    ... okay on input line 191.
LaTeX Font Info:    Checking defaults for TS1/cmr/m/n on input line 191.
LaTeX Font Info:    ... okay on input line 191.
LaTeX Font Info:    Checking defaults for OMX/cmex/m/n on input line 191.
LaTeX Font Info:    ... okay on input line 191.
LaTeX Font Info:    Checking defaults for U/cmr/m/n on input line 191.
LaTeX Font Info:    ... okay on input line 191.

(C:\Users\micha\AppData\Local\Programs\MiKTeX\tex/context/base/mkii\supp-pdf.mk
ii
[Loading MPS to PDF converter (version 2006.09.02).]
\scratchcounter=\count299
\scratchdimen=\dimen196
\scratchbox=\box63
\nofMPsegments=\count300
\nofMParguments=\count301
\everyMPshowfont=\toks31
\MPscratchCnt=\count302
\MPscratchDim=\dimen197
\MPnumerator=\count303
\makeMPintoPDFobject=\count304
\everyMPtoPDFconversion=\toks32
)
(C:\Users\micha\AppData\Local\Programs\MiKTeX\tex/latex/epstopdf-pkg\epstopdf-b
ase.sty
Package: epstopdf-base 2020-01-24 v2.11 Base part for package epstopdf
Package epstopdf-base Info: Redefining graphics rule for `.eps' on input line 4
85.

(C:\Users\micha\AppData\Local\Programs\MiKTeX\tex/latex/00miktex\epstopdf-sys.c
fg
File: epstopdf-sys.cfg 2021/03/18 v2.0 Configuration of epstopdf for MiKTeX
))
Package caption Info: Begin \AtBeginDocument code.
Package caption Info: float package is loaded.
Package caption Info: listings package is loaded.
Package caption Info: threeparttable package is loaded.
Package caption Info: End \AtBeginDocument code.
Package newfloat Info: `float' package detected.
\c@lstlisting=\count305
\c@eqfn=\count306
\titlearea=\box64
LaTeX Font Info:    Trying to load font information for OMS+ptm on input line 1
93.
 (C:\Users\micha\AppData\Local\Programs\MiKTeX\tex/latex/psnfss\omsptm.fd
File: omsptm.fd 
)
LaTeX Font Info:    Font shape `OMS/ptm/m/n' in size <10> not available
(Font)              Font shape `OMS/cmsy/m/n' tried instead on input line 193.
\actualheight=\skip62
LaTeX Font Info:    Trying to load font information for TS1+ptm on input line 1
93.

(C:\Users\micha\AppData\Local\Programs\MiKTeX\tex/latex/psnfss\ts1ptm.fd
File: ts1ptm.fd 2001/06/04 font definitions for TS1/ptm.
)

Package natbib Warning: Citation `Daniel2015Goal1M' on page 1 undefined on inpu
t line 203.


Package natbib Warning: Citation `Seto2017SustainabilityIA' on page 1 undefined
 on input line 203.


Package natbib Warning: Citation `hwang14' on page 1 undefined on input line 20
4.


Package natbib Warning: Citation `Huang2022DetectingNG' on page 1 undefined on 
input line 205.

(figure/main.tex
<figure/main.png, id=1, 785.93625pt x 692.5875pt>
File: figure/main.png Graphic file (type png)
<use figure/main.png>
Package pdftex.def Info: figure/main.png  used on input line 3.
(pdftex.def)             Requested size: 239.39438pt x 210.95882pt.
)

Package natbib Warning: Citation `Sakurada2015ChangeDF' on page 1 undefined on 
input line 207.


Package natbib Warning: Citation `sakurada2020weakly' on page 1 undefined on in
put line 207.


Package natbib Warning: Citation `Leenstra2021SelfsupervisedPE' on page 1 undef
ined on input line 207.


Package natbib Warning: Citation `Shi2021ADS' on page 1 undefined on input line
 207.


Package natbib Warning: Citation `Naik7571' on page 1 undefined on input line 2
07.


Package natbib Warning: Citation `Huang2022DetectingNG' on page 1 undefined on 
input line 207.

[1{C:/Users/micha/AppData/Local/MiKTeX/fonts/map/pdftex/pdftex.map}{C:/Users/mi
cha/AppData/Local/Programs/MiKTeX/fonts/enc/dvips/base/8r.enc}



 <./figure/main.png>]

Package natbib Warning: Citation `Temkin1996NeighborhoodCA' on page 2 undefined
 on input line 223.


Package natbib Warning: Citation `Hwang2020UnequalDG' on page 2 undefined on in
put line 223.


Package natbib Warning: Citation `hwang_gentrification' on page 2 undefined on 
input line 223.


Package natbib Warning: Citation `Stevenson2010UsingBP' on page 2 undefined on 
input line 223.


Package natbib Warning: Citation `Pandey2015UrbanizationAA' on page 2 undefined
 on input line 223.


Package natbib Warning: Citation `Daudt2018UrbanCD' on page 2 undefined on inpu
t line 223.


Package natbib Warning: Citation `Stevenson2010UsingBP' on page 2 undefined on 
input line 223.


Package natbib Warning: Citation `Strauss2013DoesHD' on page 2 undefined on inp
ut line 223.


Package natbib Warning: Citation `Li2015AssessingSU' on page 2 undefined on inp
ut line 226.


Package natbib Warning: Citation `Gong2019ClassifyingSS' on page 2 undefined on
 input line 226.


Package natbib Warning: Citation `gebru2017using' on page 2 undefined on input 
line 226.


Package natbib Warning: Citation `wang2020urban2vec' on page 2 undefined on inp
ut line 226.


Package natbib Warning: Citation `tian2021' on page 2 undefined on input line 2
26.


Package natbib Warning: Citation `Lee2021PredictingLI' on page 2 undefined on i
nput line 226.


Package natbib Warning: Citation `MAYER2023120542' on page 2 undefined on input
 line 226.


Package natbib Warning: Citation `Naik2014StreetscoreP' on page 2 undefined on 
input line 228.


Package natbib Warning: Citation `Naik7571' on page 2 undefined on input line 2
28.


Package natbib Warning: Citation `Huang2022DetectingNG' on page 2 undefined on 
input line 228.


Package natbib Warning: Citation `Gong2016ChangeDI' on page 2 undefined on inpu
t line 231.


Package natbib Warning: Citation `Daudt2018FullyCS' on page 2 undefined on inpu
t line 231.


Package natbib Warning: Citation `Lyu2016LearningAT' on page 2 undefined on inp
ut line 231.


Package natbib Warning: Citation `Cong2022SatMAEPT' on page 2 undefined on inpu
t line 231.


Package natbib Warning: Citation `Mall2022ChangeED' on page 2 undefined on inpu
t line 231.


Package natbib Warning: Citation `Alcantarilla2016StreetviewCD' on page 2 undef
ined on input line 231.


Package natbib Warning: Citation `Sakurada2015ChangeDF' on page 2 undefined on 
input line 231.


Package natbib Warning: Citation `Chen2021DRTANetDR' on page 2 undefined on inp
ut line 231.

(figure/data_geo.tex
<figure/data_geo.png, id=11, 1476.51625pt x 526.96875pt>
File: figure/data_geo.png Graphic file (type png)
<use figure/data_geo.png>
Package pdftex.def Info: figure/data_geo.png  used on input line 3.
(pdftex.def)             Requested size: 495.77003pt x 176.93967pt.


LaTeX Warning: `!h' float specifier changed to `!ht'.

) (table/dataset.tex) [2]

Package natbib Warning: Citation `Sakurada2015ChangeDF' on page 3 undefined on 
input line 256.


Package natbib Warning: Citation `sakurada2020weakly' on page 3 undefined on in
put line 256.

(figure/data_method.tex
<figure/data_method.png, id=21, 606.265pt x 635.37375pt>
File: figure/data_method.png Graphic file (type png)
<use figure/data_method.png>
Package pdftex.def Info: figure/data_method.png  used on input line 3.
(pdftex.def)             Requested size: 241.787pt x 253.39847pt.

Overfull \hbox (2.39262pt too wide) in paragraph at lines 3--4
 [][] 
 []

) (figure/change_model.tex
<figure/change_model.png, id=22, 785.93625pt x 430.60875pt>
File: figure/change_model.png Graphic file (type png)
<use figure/change_model.png>
Package pdftex.def Info: figure/change_model.png  used on input line 3.
(pdftex.def)             Requested size: 251.36482pt x 137.71875pt.

Overfull \hbox (11.97044pt too wide) in paragraph at lines 3--4
 [][] 
 []


LaTeX Warning: `!h' float specifier changed to `!ht'.

)

Package natbib Warning: Citation `Oquab2023DINOv2LR' on page 3 undefined on inp
ut line 280.


Underfull \hbox (badness 1436) in paragraph at lines 280--281
\OT1/ptm/m/n/10 To clas-sify each pair-wise pair $\OT1/cmr/m/n/10 (\OML/cmm/m/i
t/10 s[]; s[]\OT1/cmr/m/n/10 )$\OT1/ptm/m/n/10 , we adopt a
 []

[3 <./figure/data_geo.png>]

Package natbib Warning: Citation `seco' on page 4 undefined on input line 294.


Package natbib Warning: Citation `he2016deep' on page 4 undefined on input line
 304.


Package natbib Warning: Citation `dino' on page 4 undefined on input line 304.


Package natbib Warning: Citation `radford2021learning' on page 4 undefined on i
nput line 304.


Package natbib Warning: Citation `Oquab2023DINOv2LR' on page 4 undefined on inp
ut line 304.

(table/backbone.tex) (table/timeseries.tex

LaTeX Warning: `!h' float specifier changed to `!ht'.

)

Package natbib Warning: Citation `Sakurada2015ChangeDF' on page 4 undefined on 
input line 313.


Package natbib Warning: Citation `sakurada2020weakly' on page 4 undefined on in
put line 313.


Package natbib Warning: Citation `He2022masked' on page 4 undefined on input li
ne 343.


Package natbib Warning: Citation `satmae2022' on page 4 undefined on input line
 343.


Package natbib Warning: Citation `grill2020bootstrap' on page 4 undefined on in
put line 343.


Package natbib Warning: Citation `He2022masked' on page 4 undefined on input li
ne 343.


Package natbib Warning: Citation `grill2020bootstrap' on page 4 undefined on in
put line 343.


Package natbib Warning: Citation `hamilton2021unsupervised' on page 4 undefined
 on input line 343.


Underfull \hbox (badness 2181) in paragraph at lines 343--345
 \OT1/ptm/b/n/10 Self-supervised pre-training. \OT1/ptm/m/n/10 Re-cent stud-ies
 on self-
 []

[4 <./figure/data_method.png> <./figure/change_model.png>] (table/pretrain.tex)
(figure/res_noise.tex
<figure/res_noise.png, id=37, 881.2925pt x 385.44pt>
File: figure/res_noise.png Graphic file (type png)
<use figure/res_noise.png>
Package pdftex.def Info: figure/res_noise.png  used on input line 3.
(pdftex.def)             Requested size: 239.39438pt x 104.6995pt.
) (figure/seattle.tex
<figure/seattle.png, id=38, 1269.74374pt x 561.09625pt>
File: figure/seattle.png Graphic file (type png)
<use figure/seattle.png>
Package pdftex.def Info: figure/seattle.png  used on input line 3.
(pdftex.def)             Requested size: 510.9461pt x 225.78726pt.

Overfull \hbox (5.0561pt too wide) in paragraph at lines 3--4
 [][] 
 []


LaTeX Warning: `!h' float specifier changed to `!ht'.

) [5 <./figure/res_noise.png>] (figure/acs.tex
<figure/acs.png, id=43, 1227.58624pt x 770.88pt>
File: figure/acs.png Graphic file (type png)
<use figure/acs.png>
Package pdftex.def Info: figure/acs.png  used on input line 3.
(pdftex.def)             Requested size: 470.47398pt x 295.44289pt.


LaTeX Warning: `!h' float specifier changed to `!ht'.

)
Underfull \hbox (badness 1194) in paragraph at lines 395--400
\OT1/ptm/m/n/10 social-demographic data at the cen-sus tract level from
 []

[6 <./figure/seattle.png>] [7 <./figure/acs.png>] [8

]
No file aaai24_changed.bbl.

Package natbib Warning: There were undefined citations.

(aaai24_changed.aux)
 ***********
LaTeX2e <2023-06-01> patch level 1
L3 programming layer <2023-08-29>
 ***********
 ) 
Here is how much of TeX's memory you used:
 8293 strings out of 475247
 137718 string characters out of 5757792
 1943801 words of memory out of 5000000
 29630 multiletter control sequences out of 15000+600000
 592686 words of font info for 108 fonts, out of 8000000 for 9000
 1141 hyphenation exceptions out of 8191
 58i,11n,65p,1759b,388s stack positions out of 10000i,1000n,20000p,200000b,200000s
<C:/Users/micha/AppData/Local/Programs/MiKTeX/fonts/type1/public/amsfonts/cm/
cmbx10.pfb><C:/Users/micha/AppData/Local/Programs/MiKTeX/fonts/type1/public/ams
fonts/cm/cmex10.pfb><C:/Users/micha/AppData/Local/Programs/MiKTeX/fonts/type1/p
ublic/amsfonts/cm/cmmi10.pfb><C:/Users/micha/AppData/Local/Programs/MiKTeX/font
s/type1/public/amsfonts/cm/cmmi5.pfb><C:/Users/micha/AppData/Local/Programs/MiK
TeX/fonts/type1/public/amsfonts/cm/cmmi7.pfb><C:/Users/micha/AppData/Local/Prog
rams/MiKTeX/fonts/type1/public/amsfonts/cm/cmr10.pfb><C:/Users/micha/AppData/Lo
cal/Programs/MiKTeX/fonts/type1/public/amsfonts/cm/cmr5.pfb><C:/Users/micha/App
Data/Local/Programs/MiKTeX/fonts/type1/public/amsfonts/cm/cmr7.pfb><C:/Users/mi
cha/AppData/Local/Programs/MiKTeX/fonts/type1/public/amsfonts/cm/cmsy10.pfb><C:
/Users/micha/AppData/Local/Programs/MiKTeX/fonts/type1/public/amsfonts/cm/cmsy7
.pfb><C:/Users/micha/AppData/Local/Programs/MiKTeX/fonts/type1/urw/times/utmb8a
.pfb><C:/Users/micha/AppData/Local/Programs/MiKTeX/fonts/type1/urw/times/utmbi8
a.pfb><C:/Users/micha/AppData/Local/Programs/MiKTeX/fonts/type1/urw/times/utmr8
a.pfb><C:/Users/micha/AppData/Local/Programs/MiKTeX/fonts/type1/urw/times/utmri
8a.pfb>
Output written on aaai24_changed.pdf (8 pages, 8453222 bytes).
PDF statistics:
 115 PDF objects out of 1000 (max. 8388607)
 0 named destinations out of 1000 (max. 500000)
 36 words of extra memory for PDF output out of 10000 (max. 10000000)

