This is pdfTeX, Version 3.141592653-2.6-1.40.25 (MiKTeX 23.5) (preloaded format=pdflatex 2024.1.12)  3 MAR 2024 16:38
entering extended mode
 restricted \write18 enabled.
 %&-line parsing enabled.
**./arxiv_changed.tex
(arxiv_changed.tex
LaTeX2e <2023-06-01> patch level 1
L3 programming layer <2023-08-29>
(C:\Users\orfuc\AppData\Local\Programs\MiKTeX\tex/latex/base\article.cls
Document Class: article 2023/05/17 v1.4n Standard LaTeX document class
(C:\Users\orfuc\AppData\Local\Programs\MiKTeX\tex/latex/base\size10.clo
File: size10.clo 2023/05/17 v1.4n Standard LaTeX file (size option)
)
\c@part=\count185
\c@section=\count186
\c@subsection=\count187
\c@subsubsection=\count188
\c@paragraph=\count189
\c@subparagraph=\count190
\c@figure=\count191
\c@table=\count192
\abovecaptionskip=\skip48
\belowcaptionskip=\skip49
\bibindent=\dimen140
)
(aaai.sty
Conference Style for AAAI for LaTeX 2e -- version of 7 December 2011
\titlebox=\skip50
) (C:\Users\orfuc\AppData\Local\Programs\MiKTeX\tex/latex/psnfss\times.sty
Package: times 2020/03/25 PSNFSS-v9.3 (SPQR) 
)
(C:\Users\orfuc\AppData\Local\Programs\MiKTeX\tex/latex/psnfss\helvet.sty
Package: helvet 2020/03/25 PSNFSS-v9.3 (WaS) 

(C:\Users\orfuc\AppData\Local\Programs\MiKTeX\tex/latex/graphics\keyval.sty
Package: keyval 2022/05/29 v1.15 key=value parser (DPC)
\KV@toks@=\toks17
))
(C:\Users\orfuc\AppData\Local\Programs\MiKTeX\tex/latex/psnfss\courier.sty
Package: courier 2020/03/25 PSNFSS-v9.3 (WaS) 
)
(C:\Users\orfuc\AppData\Local\Programs\MiKTeX\tex/latex/amsmath\amsmath.sty
Package: amsmath 2023/05/13 v2.17o AMS math features
\@mathmargin=\skip51

For additional information on amsmath, use the `?' option.
(C:\Users\orfuc\AppData\Local\Programs\MiKTeX\tex/latex/amsmath\amstext.sty
Package: amstext 2021/08/26 v2.01 AMS text

(C:\Users\orfuc\AppData\Local\Programs\MiKTeX\tex/latex/amsmath\amsgen.sty
File: amsgen.sty 1999/11/30 v2.0 generic functions
\@emptytoks=\toks18
\ex@=\dimen141
))
(C:\Users\orfuc\AppData\Local\Programs\MiKTeX\tex/latex/amsmath\amsbsy.sty
Package: amsbsy 1999/11/29 v1.2d Bold Symbols
\pmbraise@=\dimen142
)
(C:\Users\orfuc\AppData\Local\Programs\MiKTeX\tex/latex/amsmath\amsopn.sty
Package: amsopn 2022/04/08 v2.04 operator names
)
\inf@bad=\count193
LaTeX Info: Redefining \frac on input line 234.
\uproot@=\count194
\leftroot@=\count195
LaTeX Info: Redefining \overline on input line 399.
LaTeX Info: Redefining \colon on input line 410.
\classnum@=\count196
\DOTSCASE@=\count197
LaTeX Info: Redefining \ldots on input line 496.
LaTeX Info: Redefining \dots on input line 499.
LaTeX Info: Redefining \cdots on input line 620.
\Mathstrutbox@=\box51
\strutbox@=\box52
LaTeX Info: Redefining \big on input line 722.
LaTeX Info: Redefining \Big on input line 723.
LaTeX Info: Redefining \bigg on input line 724.
LaTeX Info: Redefining \Bigg on input line 725.
\big@size=\dimen143
LaTeX Font Info:    Redeclaring font encoding OML on input line 743.
LaTeX Font Info:    Redeclaring font encoding OMS on input line 744.
\macc@depth=\count198
LaTeX Info: Redefining \bmod on input line 905.
LaTeX Info: Redefining \pmod on input line 910.
LaTeX Info: Redefining \smash on input line 940.
LaTeX Info: Redefining \relbar on input line 970.
LaTeX Info: Redefining \Relbar on input line 971.
\c@MaxMatrixCols=\count199
\dotsspace@=\muskip16
\c@parentequation=\count266
\dspbrk@lvl=\count267
\tag@help=\toks19
\row@=\count268
\column@=\count269
\maxfields@=\count270
\andhelp@=\toks20
\eqnshift@=\dimen144
\alignsep@=\dimen145
\tagshift@=\dimen146
\tagwidth@=\dimen147
\totwidth@=\dimen148
\lineht@=\dimen149
\@envbody=\toks21
\multlinegap=\skip52
\multlinetaggap=\skip53
\mathdisplay@stack=\toks22
LaTeX Info: Redefining \[ on input line 2953.
LaTeX Info: Redefining \] on input line 2954.
)
(C:\Users\orfuc\AppData\Local\Programs\MiKTeX\tex/latex/graphics\graphicx.sty
Package: graphicx 2021/09/16 v1.2d Enhanced LaTeX Graphics (DPC,SPQR)

(C:\Users\orfuc\AppData\Local\Programs\MiKTeX\tex/latex/graphics\graphics.sty
Package: graphics 2022/03/10 v1.4e Standard LaTeX Graphics (DPC,SPQR)

(C:\Users\orfuc\AppData\Local\Programs\MiKTeX\tex/latex/graphics\trig.sty
Package: trig 2021/08/11 v1.11 sin cos tan (DPC)
)
(C:\Users\orfuc\AppData\Local\Programs\MiKTeX\tex/latex/graphics-cfg\graphics.c
fg
File: graphics.cfg 2016/06/04 v1.11 sample graphics configuration
)
Package graphics Info: Driver file: pdftex.def on input line 107.

(C:\Users\orfuc\AppData\Local\Programs\MiKTeX\tex/latex/graphics-def\pdftex.def
File: pdftex.def 2022/09/22 v1.2b Graphics/color driver for pdftex
))
\Gin@req@height=\dimen150
\Gin@req@width=\dimen151
)
(C:\Users\orfuc\AppData\Local\Programs\MiKTeX\tex/latex/booktabs\booktabs.sty
Package: booktabs 2020/01/12 v1.61803398 Publication quality tables
\heavyrulewidth=\dimen152
\lightrulewidth=\dimen153
\cmidrulewidth=\dimen154
\belowrulesep=\dimen155
\belowbottomsep=\dimen156
\aboverulesep=\dimen157
\abovetopsep=\dimen158
\cmidrulesep=\dimen159
\cmidrulekern=\dimen160
\defaultaddspace=\dimen161
\@cmidla=\count271
\@cmidlb=\count272
\@aboverulesep=\dimen162
\@belowrulesep=\dimen163
\@thisruleclass=\count273
\@lastruleclass=\count274
\@thisrulewidth=\dimen164
)
(C:\Users\orfuc\AppData\Local\Programs\MiKTeX\tex/latex/tools\enumerate.sty
Package: enumerate 2015/07/23 v3.00 enumerate extensions (DPC)
\@enLab=\toks23
)
(C:\Users\orfuc\AppData\Local\Programs\MiKTeX\tex/latex/xcolor\xcolor.sty
Package: xcolor 2022/06/12 v2.14 LaTeX color extensions (UK)

(C:\Users\orfuc\AppData\Local\Programs\MiKTeX\tex/latex/graphics-cfg\color.cfg
File: color.cfg 2016/01/02 v1.6 sample color configuration
)
Package xcolor Info: Driver file: pdftex.def on input line 227.
(C:\Users\orfuc\AppData\Local\Programs\MiKTeX\tex/latex/colortbl\colortbl.sty
Package: colortbl 2022/06/20 v1.0f Color table columns (DPC)

(C:\Users\orfuc\AppData\Local\Programs\MiKTeX\tex/latex/tools\array.sty
Package: array 2022/09/04 v2.5g Tabular extension package (FMi)
\col@sep=\dimen165
\ar@mcellbox=\box53
\extrarowheight=\dimen166
\NC@list=\toks24
\extratabsurround=\skip54
\backup@length=\skip55
\ar@cellbox=\box54
)
\everycr=\toks25
\minrowclearance=\skip56
\rownum=\count275
)
(C:\Users\orfuc\AppData\Local\Programs\MiKTeX\tex/latex/graphics\mathcolor.ltx)
Package xcolor Info: Model `cmy' substituted by `cmy0' on input line 1353.
Package xcolor Info: Model `hsb' substituted by `rgb' on input line 1357.
Package xcolor Info: Model `RGB' extended on input line 1369.
Package xcolor Info: Model `HTML' substituted by `rgb' on input line 1371.
Package xcolor Info: Model `Hsb' substituted by `hsb' on input line 1372.
Package xcolor Info: Model `tHsb' substituted by `hsb' on input line 1373.
Package xcolor Info: Model `HSB' substituted by `hsb' on input line 1374.
Package xcolor Info: Model `Gray' substituted by `gray' on input line 1375.
Package xcolor Info: Model `wave' substituted by `hsb' on input line 1376.
) (C:\Users\orfuc\AppData\Local\Programs\MiKTeX\tex/latex/url\url.sty
\Urlmuskip=\muskip17
Package: url 2013/09/16  ver 3.4  Verb mode for urls, etc.
)
LaTeX Font Info:    Trying to load font information for OT1+ptm on input line 2
5.

(C:\Users\orfuc\AppData\Local\Programs\MiKTeX\tex/latex/psnfss\ot1ptm.fd
File: ot1ptm.fd 2001/06/04 font definitions for OT1/ptm.
)
(C:\Users\orfuc\AppData\Local\Programs\MiKTeX\tex/latex/l3backend\l3backend-pdf
tex.def
File: l3backend-pdftex.def 2023-04-19 L3 backend support: PDF output (pdfTeX)
\l__color_backend_stack_int=\count276
\l__pdf_internal_box=\box55
) (arxiv_changed.aux)
\openout1 = `arxiv_changed.aux'.

LaTeX Font Info:    Checking defaults for OML/cmm/m/it on input line 25.
LaTeX Font Info:    ... okay on input line 25.
LaTeX Font Info:    Checking defaults for OMS/cmsy/m/n on input line 25.
LaTeX Font Info:    ... okay on input line 25.
LaTeX Font Info:    Checking defaults for OT1/cmr/m/n on input line 25.
LaTeX Font Info:    ... okay on input line 25.
LaTeX Font Info:    Checking defaults for T1/cmr/m/n on input line 25.
LaTeX Font Info:    ... okay on input line 25.
LaTeX Font Info:    Checking defaults for TS1/cmr/m/n on input line 25.
LaTeX Font Info:    ... okay on input line 25.
LaTeX Font Info:    Checking defaults for OMX/cmex/m/n on input line 25.
LaTeX Font Info:    ... okay on input line 25.
LaTeX Font Info:    Checking defaults for U/cmr/m/n on input line 25.
LaTeX Font Info:    ... okay on input line 25.

(C:\Users\orfuc\AppData\Local\Programs\MiKTeX\tex/context/base/mkii\supp-pdf.mk
ii
[Loading MPS to PDF converter (version 2006.09.02).]
\scratchcounter=\count277
\scratchdimen=\dimen167
\scratchbox=\box56
\nofMPsegments=\count278
\nofMParguments=\count279
\everyMPshowfont=\toks26
\MPscratchCnt=\count280
\MPscratchDim=\dimen168
\MPnumerator=\count281
\makeMPintoPDFobject=\count282
\everyMPtoPDFconversion=\toks27
)
(C:\Users\orfuc\AppData\Local\Programs\MiKTeX\tex/latex/epstopdf-pkg\epstopdf-b
ase.sty
Package: epstopdf-base 2020-01-24 v2.11 Base part for package epstopdf
Package epstopdf-base Info: Redefining graphics rule for `.eps' on input line 4
85.

(C:\Users\orfuc\AppData\Local\Programs\MiKTeX\tex/latex/00miktex\epstopdf-sys.c
fg
File: epstopdf-sys.cfg 2021/03/18 v2.0 Configuration of epstopdf for MiKTeX
))
LaTeX Font Info:    Trying to load font information for OT1+pcr on input line 4
5.
 (C:\Users\orfuc\AppData\Local\Programs\MiKTeX\tex/latex/psnfss\ot1pcr.fd
File: ot1pcr.fd 2001/06/04 font definitions for OT1/pcr.
)
LaTeX Font Info:    Trying to load font information for TS1+ptm on input line 4
5.

(C:\Users\orfuc\AppData\Local\Programs\MiKTeX\tex/latex/psnfss\ts1ptm.fd
File: ts1ptm.fd 2001/06/04 font definitions for TS1/ptm.
)

LaTeX Warning: Citation `kearns:sparse99' on page 1 undefined on input line 72.



LaTeX Warning: Citation `uct' on page 1 undefined on input line 73.


LaTeX Warning: Citation `ucb' on page 1 undefined on input line 75.


LaTeX Warning: Citation `uct:go' on page 1 undefined on input line 82.


LaTeX Warning: Citation `fern:uct' on page 1 undefined on input line 83.


LaTeX Warning: Citation `uct:ggp' on page 1 undefined on input line 84.


LaTeX Warning: Citation `silver:pomdps' on page 1 undefined on input line 84.


LaTeX Warning: Citation `mcts' on page 1 undefined on input line 87.


LaTeX Warning: Citation `selman:uct' on page 1 undefined on input line 88.


LaTeX Warning: Citation `barto:rtdp' on page 1 undefined on input line 93.


LaTeX Warning: Citation `howard:pi' on page 1 undefined on input line 104.


LaTeX Warning: Citation `bertsekas:rollouts' on page 1 undefined on input line 
108.


LaTeX Warning: Citation `diaconis:nested' on page 1 undefined on input line 108
.


LaTeX Warning: Citation `nilsson:book' on page 1 undefined on input line 113.


LaTeX Warning: Citation `likhachev:ara' on page 1 undefined on input line 116.


LaTeX Warning: Citation `hansen:anytime' on page 1 undefined on input line 116.



LaTeX Warning: Citation `koenig:2009' on page 1 undefined on input line 116.


LaTeX Warning: Citation `thayer-ruml:anytime' on page 1 undefined on input line
 116.

[1{C:/Users/orfuc/AppData/Local/MiKTeX/fonts/map/pdftex/pdftex.map}{C:/Users/or
fuc/AppData/Local/Programs/MiKTeX/fonts/enc/dvips/base/8r.enc}



]

LaTeX Warning: Citation `nilsson:book' on page 2 undefined on input line 183.

[2]

LaTeX Warning: The counter will not be printed.
             The label is: -- on input line 358.


LaTeX Warning: The counter will not be printed.
             The label is: -- on input line 358.


LaTeX Warning: Citation `sutton:book' on page 3 undefined on input line 390.


LaTeX Warning: Citation `coquelin-munos' on page 3 undefined on input line 399.



LaTeX Warning: Citation `littman:2010' on page 3 undefined on input line 399.


LaTeX Warning: Citation `mcts' on page 3 undefined on input line 435.

[3]

LaTeX Warning: Citation `malte:ctp' on page 4 undefined on input line 748.


LaTeX Warning: Citation `malte:ctp' on page 4 undefined on input line 748.


LaTeX Warning: Citation `fern:uct' on page 4 undefined on input line 764.


LaTeX Warning: Citation `malte:ctp' on page 4 undefined on input line 764.


LaTeX Warning: Citation `ctp:intro' on page 4 undefined on input line 778.


LaTeX Warning: Citation `malte:ctp' on page 4 undefined on input line 786.

[4]
<ctp_tradeoff_10-7.pdf, id=28, 867.24pt x 433.62pt>
File: ctp_tradeoff_10-7.pdf Graphic file (type pdf)
<use ctp_tradeoff_10-7.pdf>
Package pdftex.def Info: ctp_tradeoff_10-7.pdf  used on input line 797.
(pdftex.def)             Requested size: 216.81pt x 107.43959pt.
<ctp_tradeoff_20-7.pdf, id=29, 867.24pt x 433.62pt>
File: ctp_tradeoff_20-7.pdf Graphic file (type pdf)
<use ctp_tradeoff_20-7.pdf>
Package pdftex.def Info: ctp_tradeoff_20-7.pdf  used on input line 798.
(pdftex.def)             Requested size: 216.81pt x 107.43959pt.


LaTeX Warning: Citation `malte:ctp' on page 5 undefined on input line 832.


Underfull \vbox (badness 10000) has occurred while \output is active []

<combined.pdf, id=30, 867.24pt x 433.62pt>
File: combined.pdf Graphic file (type pdf)
<use combined.pdf>
Package pdftex.def Info: combined.pdf  used on input line 850.
(pdftex.def)             Requested size: 216.81pt x 101.67978pt.


LaTeX Warning: Citation `uct' on page 5 undefined on input line 856.


LaTeX Warning: Citation `barto:rtdp' on page 5 undefined on input line 865.


LaTeX Warning: Citation `bonet:lrtdp' on page 5 undefined on input line 918.


LaTeX Warning: Citation `bonet:lrtdp' on page 5 undefined on input line 920.

[5]
<ctp_aot_vs_lrtdp_20_1.pdf, id=37, 867.24pt x 433.62pt>
File: ctp_aot_vs_lrtdp_20_1.pdf Graphic file (type pdf)
<use ctp_aot_vs_lrtdp_20_1.pdf>
Package pdftex.def Info: ctp_aot_vs_lrtdp_20_1.pdf  used on input line 960.
(pdftex.def)             Requested size: 216.81pt x 109.35951pt.
<ctp_aot_vs_lrtdp_20_4.pdf, id=38, 867.24pt x 433.62pt>
File: ctp_aot_vs_lrtdp_20_4.pdf Graphic file (type pdf)
<use ctp_aot_vs_lrtdp_20_4.pdf>
Package pdftex.def Info: ctp_aot_vs_lrtdp_20_4.pdf  used on input line 961.
(pdftex.def)             Requested size: 216.81pt x 103.98373pt.
<barto-big-aot-vs-lrtdp-minmin.pdf, id=39, 867.24pt x 433.62pt>
File: barto-big-aot-vs-lrtdp-minmin.pdf Graphic file (type pdf)
<use barto-big-aot-vs-lrtdp-minmin.pdf>
Package pdftex.def Info: barto-big-aot-vs-lrtdp-minmin.pdf  used on input line 
974.
(pdftex.def)             Requested size: 216.81pt x 101.67978pt.
<ctp_selection_10-7.pdf, id=40, 867.24pt x 433.62pt>
File: ctp_selection_10-7.pdf Graphic file (type pdf)
<use ctp_selection_10-7.pdf>
Package pdftex.def Info: ctp_selection_10-7.pdf  used on input line 984.
(pdftex.def)             Requested size: 216.81pt x 101.67978pt.
 [6 <./ctp_tradeoff_10-7.pdf> <./ctp_tradeoff_20-7.pdf> <./combined.pdf> <./ctp
_aot_vs_lrtdp_20_1.pdf> <./ctp_aot_vs_lrtdp_20_4.pdf>]
Underfull \hbox (badness 1199) in paragraph at lines 1014--1016
\OT1/ptm/m/n/10 grants TIN2009-10232, MICINN, Spain, and EC-7PM-
 []

No file arxiv_changed.bbl.

Underfull \hbox (badness 1210) in paragraph at lines 1025--1027
\OT1/ptm/m/n/10 volup-tates, lau-dan-tium prae-sen-tium ali-quam re-pel-len-dus

 []


Underfull \vbox (badness 10000) has occurred while \output is active []

 [7 <./barto-big-aot-vs-lrtdp-minmin.pdf> <./ctp_selection_10-7.pdf>] [8

]
(arxiv_changed.aux)
 ***********
LaTeX2e <2023-06-01> patch level 1
L3 programming layer <2023-08-29>
 ***********
 ) 
Here is how much of TeX's memory you used:
 3124 strings out of 475247
 49097 string characters out of 5757792
 1968801 words of memory out of 5000000
 24603 multiletter control sequences out of 15000+600000
 581221 words of font info for 78 fonts, out of 8000000 for 9000
 1141 hyphenation exceptions out of 8191
 57i,16n,65p,4714b,396s stack positions out of 10000i,1000n,20000p,200000b,200000s
<C:/Users/orfuc/AppData/Local/Programs/MiKTeX/fonts/type1/public/amsfonts/cm/
cmbx9.pfb><C:/Users/orfuc/AppData/Local/Programs/MiKTeX/fonts/type1/public/amsf
onts/cm/cmex10.pfb><C:/Users/orfuc/AppData/Local/Programs/MiKTeX/fonts/type1/pu
blic/amsfonts/cm/cmmi10.pfb><C:/Users/orfuc/AppData/Local/Programs/MiKTeX/fonts
/type1/public/amsfonts/cm/cmmi5.pfb><C:/Users/orfuc/AppData/Local/Programs/MiKT
eX/fonts/type1/public/amsfonts/cm/cmmi6.pfb><C:/Users/orfuc/AppData/Local/Progr
ams/MiKTeX/fonts/type1/public/amsfonts/cm/cmmi7.pfb><C:/Users/orfuc/AppData/Loc
al/Programs/MiKTeX/fonts/type1/public/amsfonts/cm/cmmi9.pfb><C:/Users/orfuc/App
Data/Local/Programs/MiKTeX/fonts/type1/public/amsfonts/cm/cmr10.pfb><C:/Users/o
rfuc/AppData/Local/Programs/MiKTeX/fonts/type1/public/amsfonts/cm/cmr7.pfb><C:/
Users/orfuc/AppData/Local/Programs/MiKTeX/fonts/type1/public/amsfonts/cm/cmr9.p
fb><C:/Users/orfuc/AppData/Local/Programs/MiKTeX/fonts/type1/public/amsfonts/cm
/cmsy10.pfb><C:/Users/orfuc/AppData/Local/Programs/MiKTeX/fonts/type1/public/am
sfonts/cm/cmsy5.pfb><C:/Users/orfuc/AppData/Local/Programs/MiKTeX/fonts/type1/p
ublic/amsfonts/cm/cmsy7.pfb><C:/Users/orfuc/AppData/Local/Programs/MiKTeX/fonts
/type1/public/amsfonts/cm/cmsy9.pfb><C:/Users/orfuc/AppData/Local/Programs/MiKT
eX/fonts/type1/urw/courier/ucrr8a.pfb><C:/Users/orfuc/AppData/Local/Programs/Mi
KTeX/fonts/type1/urw/times/utmb8a.pfb><C:/Users/orfuc/AppData/Local/Programs/Mi
KTeX/fonts/type1/urw/times/utmr8a.pfb><C:/Users/orfuc/AppData/Local/Programs/Mi
KTeX/fonts/type1/urw/times/utmri8a.pfb>
Output written on arxiv_changed.pdf (8 pages, 297297 bytes).
PDF statistics:
 176 PDF objects out of 1000 (max. 8388607)
 0 named destinations out of 1000 (max. 500000)
 36 words of extra memory for PDF output out of 10000 (max. 10000000)

