This is pdfTeX, Version 3.141592653-2.6-1.40.25 (MiKTeX 23.5) (preloaded format=pdflatex 2024.1.12)  3 MAR 2024 15:39
entering extended mode
 restricted \write18 enabled.
 %&-line parsing enabled.
**./Formatting-Instructions-LaTeX-2021_changed.tex
(Formatting-Instructions-LaTeX-2021_changed.tex
LaTeX2e <2023-06-01> patch level 1
L3 programming layer <2023-08-29>
(C:\Users\orfuc\AppData\Local\Programs\MiKTeX\tex/latex/base\article.cls
Document Class: article 2023/05/17 v1.4n Standard LaTeX document class
(C:\Users\orfuc\AppData\Local\Programs\MiKTeX\tex/latex/base\size10.clo
File: size10.clo 2023/05/17 v1.4n Standard LaTeX file (size option)
)
\c@part=\count185
\c@section=\count186
\c@subsection=\count187
\c@subsubsection=\count188
\c@paragraph=\count189
\c@subparagraph=\count190
\c@figure=\count191
\c@table=\count192
\abovecaptionskip=\skip48
\belowcaptionskip=\skip49
\bibindent=\dimen140
)
(aaai21.sty
Conference Style for AAAI for LaTeX 2e -- version for the AAAI-21 conference - 
MODIFIED
\titlebox=\skip50
) (C:\Users\orfuc\AppData\Local\Programs\MiKTeX\tex/latex/psnfss\times.sty
Package: times 2020/03/25 PSNFSS-v9.3 (SPQR) 
)
(C:\Users\orfuc\AppData\Local\Programs\MiKTeX\tex/latex/psnfss\helvet.sty
Package: helvet 2020/03/25 PSNFSS-v9.3 (WaS) 

(C:\Users\orfuc\AppData\Local\Programs\MiKTeX\tex/latex/graphics\keyval.sty
Package: keyval 2022/05/29 v1.15 key=value parser (DPC)
\KV@toks@=\toks17
))
(C:\Users\orfuc\AppData\Local\Programs\MiKTeX\tex/latex/psnfss\courier.sty
Package: courier 2020/03/25 PSNFSS-v9.3 (WaS) 
)
(C:\Users\orfuc\AppData\Local\Programs\MiKTeX\tex/latex/url\url.sty
\Urlmuskip=\muskip16
Package: url 2013/09/16  ver 3.4  Verb mode for urls, etc.
)
(C:\Users\orfuc\AppData\Local\Programs\MiKTeX\tex/latex/graphics\graphicx.sty
Package: graphicx 2021/09/16 v1.2d Enhanced LaTeX Graphics (DPC,SPQR)

(C:\Users\orfuc\AppData\Local\Programs\MiKTeX\tex/latex/graphics\graphics.sty
Package: graphics 2022/03/10 v1.4e Standard LaTeX Graphics (DPC,SPQR)

(C:\Users\orfuc\AppData\Local\Programs\MiKTeX\tex/latex/graphics\trig.sty
Package: trig 2021/08/11 v1.11 sin cos tan (DPC)
)
(C:\Users\orfuc\AppData\Local\Programs\MiKTeX\tex/latex/graphics-cfg\graphics.c
fg
File: graphics.cfg 2016/06/04 v1.11 sample graphics configuration
)
Package graphics Info: Driver file: pdftex.def on input line 107.

(C:\Users\orfuc\AppData\Local\Programs\MiKTeX\tex/latex/graphics-def\pdftex.def
File: pdftex.def 2022/09/22 v1.2b Graphics/color driver for pdftex
))
\Gin@req@height=\dimen141
\Gin@req@width=\dimen142
) (C:\Users\orfuc\AppData\Local\Programs\MiKTeX\tex/latex/natbib\natbib.sty
Package: natbib 2010/09/13 8.31b (PWD, AO)
\bibhang=\skip51
\bibsep=\skip52
LaTeX Info: Redefining \cite on input line 694.
\c@NAT@ctr=\count193
)
(C:\Users\orfuc\AppData\Local\Programs\MiKTeX\tex/latex/caption\caption.sty
Package: caption 2023/07/31 v3.6n Customizing captions (AR)

(C:\Users\orfuc\AppData\Local\Programs\MiKTeX\tex/latex/caption\caption3.sty
Package: caption3 2023/07/31 v2.4d caption3 kernel (AR)
\caption@tempdima=\dimen143
\captionmargin=\dimen144
\caption@leftmargin=\dimen145
\caption@rightmargin=\dimen146
\caption@width=\dimen147
\caption@indent=\dimen148
\caption@parindent=\dimen149
\caption@hangindent=\dimen150
Package caption Info: Standard document class detected.
)
\c@caption@flags=\count194
\c@continuedfloat=\count195
)
(C:\Users\orfuc\AppData\Local\Programs\MiKTeX\tex/latex/xcolor\xcolor.sty
Package: xcolor 2022/06/12 v2.14 LaTeX color extensions (UK)

(C:\Users\orfuc\AppData\Local\Programs\MiKTeX\tex/latex/graphics-cfg\color.cfg
File: color.cfg 2016/01/02 v1.6 sample color configuration
)
Package xcolor Info: Driver file: pdftex.def on input line 227.
(C:\Users\orfuc\AppData\Local\Programs\MiKTeX\tex/latex/graphics\mathcolor.ltx)
Package xcolor Info: Model `cmy' substituted by `cmy0' on input line 1353.
Package xcolor Info: Model `hsb' substituted by `rgb' on input line 1357.
Package xcolor Info: Model `RGB' extended on input line 1369.
Package xcolor Info: Model `HTML' substituted by `rgb' on input line 1371.
Package xcolor Info: Model `Hsb' substituted by `hsb' on input line 1372.
Package xcolor Info: Model `tHsb' substituted by `hsb' on input line 1373.
Package xcolor Info: Model `HSB' substituted by `hsb' on input line 1374.
Package xcolor Info: Model `Gray' substituted by `gray' on input line 1375.
Package xcolor Info: Model `wave' substituted by `hsb' on input line 1376.
) (C:\Users\orfuc\AppData\Local\Programs\MiKTeX\tex/latex/booktabs\booktabs.sty
Package: booktabs 2020/01/12 v1.61803398 Publication quality tables
\heavyrulewidth=\dimen151
\lightrulewidth=\dimen152
\cmidrulewidth=\dimen153
\belowrulesep=\dimen154
\belowbottomsep=\dimen155
\aboverulesep=\dimen156
\abovetopsep=\dimen157
\cmidrulesep=\dimen158
\cmidrulekern=\dimen159
\defaultaddspace=\dimen160
\@cmidla=\count196
\@cmidlb=\count197
\@aboverulesep=\dimen161
\@belowrulesep=\dimen162
\@thisruleclass=\count198
\@lastruleclass=\count199
\@thisrulewidth=\dimen163
) (C:\Users\orfuc\AppData\Local\Programs\MiKTeX\tex/latex/amsfonts\amssymb.sty
Package: amssymb 2013/01/14 v3.01 AMS font symbols

(C:\Users\orfuc\AppData\Local\Programs\MiKTeX\tex/latex/amsfonts\amsfonts.sty
Package: amsfonts 2013/01/14 v3.01 Basic AMSFonts support
\@emptytoks=\toks18
\symAMSa=\mathgroup4
\symAMSb=\mathgroup5
LaTeX Font Info:    Redeclaring math symbol \hbar on input line 98.
LaTeX Font Info:    Overwriting math alphabet `\mathfrak' in version `bold'
(Font)                  U/euf/m/n --> U/euf/b/n on input line 106.
)) (C:\Users\orfuc\AppData\Local\Programs\MiKTeX\tex/latex/multirow\multirow.st
y
Package: multirow 2021/03/15 v2.8 Span multiple rows of a table
\multirow@colwidth=\skip53
\multirow@cntb=\count266
\multirow@dima=\skip54
\bigstrutjot=\dimen164
) (C:\Users\orfuc\AppData\Local\Programs\MiKTeX\tex/latex/stmaryrd\stmaryrd.sty
Package: stmaryrd 1994/03/03 St Mary's Road symbol package
\symstmry=\mathgroup6
LaTeX Font Info:    Overwriting symbol font `stmry' in version `bold'
(Font)                  U/stmry/m/n --> U/stmry/b/n on input line 89.
)
LaTeX Font Info:    Trying to load font information for OT1+ptm on input line 1
64.
(C:\Users\orfuc\AppData\Local\Programs\MiKTeX\tex/latex/psnfss\ot1ptm.fd
File: ot1ptm.fd 2001/06/04 font definitions for OT1/ptm.
)
(C:\Users\orfuc\AppData\Local\Programs\MiKTeX\tex/latex/l3backend\l3backend-pdf
tex.def
File: l3backend-pdftex.def 2023-04-19 L3 backend support: PDF output (pdfTeX)
\l__color_backend_stack_int=\count267
\l__pdf_internal_box=\box51
) (Formatting-Instructions-LaTeX-2021_changed.aux)
\openout1 = `Formatting-Instructions-LaTeX-2021_changed.aux'.

LaTeX Font Info:    Checking defaults for OML/cmm/m/it on input line 164.
LaTeX Font Info:    ... okay on input line 164.
LaTeX Font Info:    Checking defaults for OMS/cmsy/m/n on input line 164.
LaTeX Font Info:    ... okay on input line 164.
LaTeX Font Info:    Checking defaults for OT1/cmr/m/n on input line 164.
LaTeX Font Info:    ... okay on input line 164.
LaTeX Font Info:    Checking defaults for T1/cmr/m/n on input line 164.
LaTeX Font Info:    ... okay on input line 164.
LaTeX Font Info:    Checking defaults for TS1/cmr/m/n on input line 164.
LaTeX Font Info:    ... okay on input line 164.
LaTeX Font Info:    Checking defaults for OMX/cmex/m/n on input line 164.
LaTeX Font Info:    ... okay on input line 164.
LaTeX Font Info:    Checking defaults for U/cmr/m/n on input line 164.
LaTeX Font Info:    ... okay on input line 164.

(C:\Users\orfuc\AppData\Local\Programs\MiKTeX\tex/context/base/mkii\supp-pdf.mk
ii
[Loading MPS to PDF converter (version 2006.09.02).]
\scratchcounter=\count268
\scratchdimen=\dimen165
\scratchbox=\box52
\nofMPsegments=\count269
\nofMParguments=\count270
\everyMPshowfont=\toks19
\MPscratchCnt=\count271
\MPscratchDim=\dimen166
\MPnumerator=\count272
\makeMPintoPDFobject=\count273
\everyMPtoPDFconversion=\toks20
)
(C:\Users\orfuc\AppData\Local\Programs\MiKTeX\tex/latex/epstopdf-pkg\epstopdf-b
ase.sty
Package: epstopdf-base 2020-01-24 v2.11 Base part for package epstopdf
Package epstopdf-base Info: Redefining graphics rule for `.eps' on input line 4
85.

(C:\Users\orfuc\AppData\Local\Programs\MiKTeX\tex/latex/00miktex\epstopdf-sys.c
fg
File: epstopdf-sys.cfg 2021/03/18 v2.0 Configuration of epstopdf for MiKTeX
))
Package caption Info: Begin \AtBeginDocument code.
Package caption Info: End \AtBeginDocument code.
\titlearea=\box53
LaTeX Font Info:    Trying to load font information for U+msa on input line 166
.
 (C:\Users\orfuc\AppData\Local\Programs\MiKTeX\tex/latex/amsfonts\umsa.fd
File: umsa.fd 2013/01/14 v3.01 AMS symbols A
)
LaTeX Font Info:    Trying to load font information for U+msb on input line 166
.

(C:\Users\orfuc\AppData\Local\Programs\MiKTeX\tex/latex/amsfonts\umsb.fd
File: umsb.fd 2013/01/14 v3.01 AMS symbols B
)
LaTeX Font Info:    Trying to load font information for U+stmry on input line 1
66.

(C:\Users\orfuc\AppData\Local\Programs\MiKTeX\tex/latex/stmaryrd\ustmry.fd)
LaTeX Font Info:    Trying to load font information for OT1+pcr on input line 1
66.

(C:\Users\orfuc\AppData\Local\Programs\MiKTeX\tex/latex/psnfss\ot1pcr.fd
File: ot1pcr.fd 2001/06/04 font definitions for OT1/pcr.
)
\actualheight=\skip55

Underfull \vbox (badness 10000) detected at line 166
 []

LaTeX Font Info:    Trying to load font information for TS1+ptm on input line 1
66.
(C:\Users\orfuc\AppData\Local\Programs\MiKTeX\tex/latex/psnfss\ts1ptm.fd
File: ts1ptm.fd 2001/06/04 font definitions for TS1/ptm.
)

Package natbib Warning: Citation `vaswani2017attention' on page 1 undefined on 
input line 187.


Package natbib Warning: Citation `bahdanau2014neural' on page 1 undefined on in
put line 187.


Package natbib Warning: Citation `gilmer2017neural' on page 1 undefined on inpu
t line 187.


Package natbib Warning: Citation `joshi2020transformers' on page 1 undefined on
 input line 187.


Package natbib Warning: Citation `devlin2018bert' on page 1 undefined on input 
line 187.


Package natbib Warning: Citation `radford2018improving' on page 1 undefined on 
input line 187.


Package natbib Warning: Citation `brown2020language' on page 1 undefined on inp
ut line 187.


Package natbib Warning: Citation `schlichtkrull2018modeling' on page 1 undefine
d on input line 188.


Package natbib Warning: Citation `chami2020low' on page 1 undefined on input li
ne 188.


Package natbib Warning: Citation `monti2019fake' on page 1 undefined on input l
ine 188.


Package natbib Warning: Citation `cranmer2019learning' on page 1 undefined on i
nput line 188.


Package natbib Warning: Citation `sanchez2020learning' on page 1 undefined on i
nput line 188.

<gt_v0.5.pdf, id=1, 882.17581pt x 662.475pt>
File: gt_v0.5.pdf Graphic file (type pdf)
<use gt_v0.5.pdf>
Package pdftex.def Info: gt_v0.5.pdf  used on input line 192.
(pdftex.def)             Requested size: 480.59395pt x 360.90526pt.

Package natbib Warning: Citation `li2019graph' on page 1 undefined on input lin
e 209.


Package natbib Warning: Citation `Nguyen2019U2GNN' on page 1 undefined on input
 line 209.


Package natbib Warning: Citation `zhang2020graph' on page 1 undefined on input 
line 209.


Package natbib Warning: Citation `yun2019graph' on page 1 undefined on input li
ne 209.


Package natbib Warning: Citation `xu2019multi' on page 1 undefined on input lin
e 209.


Package natbib Warning: Citation `hu2020heterogeneous' on page 1 undefined on i
nput line 209.


Package natbib Warning: Citation `zhou2020data' on page 1 undefined on input li
ne 209.


Package natbib Warning: Citation `li2019graph' on page 1 undefined on input lin
e 212.


Package natbib Warning: Citation `zhang2020graph' on page 1 undefined on input 
line 212.


Package natbib Warning: Citation `belkin2003laplacian' on page 1 undefined on i
nput line 212.


Package natbib Warning: Citation `dwivedi2020benchmarking' on page 1 undefined 
on input line 212.


Package natbib Warning: Citation `you2019position' on page 1 undefined on input
 line 212.


Package natbib Warning: Citation `li2015gated' on page 1 undefined on input lin
e 212.


Package natbib Warning: Citation `zhang2020graph' on page 1 undefined on input 
line 213.

[1{C:/Users/orfuc/AppData/Local/MiKTeX/fonts/map/pdftex/pdftex.map}{C:/Users/or
fuc/AppData/Local/Programs/MiKTeX/fonts/enc/dvips/base/8r.enc}



]

Package natbib Warning: Citation `yun2019graph' on page 2 undefined on input li
ne 222.


Package natbib Warning: Citation `hu2020heterogeneous' on page 2 undefined on i
nput line 224.


Package natbib Warning: Citation `zhou2020data' on page 2 undefined on input li
ne 224.


Package natbib Warning: Citation `Nguyen2019U2GNN' on page 2 undefined on input
 line 225.


Underfull \vbox (badness 10000) has occurred while \output is active []

 [2 <./gt_v0.5.pdf

pdfTeX warning: pdflatex (file ./gt_v0.5.pdf): PDF inclusion: invalid other res
ource which is no dict (key 'ProcSets', type <array>); ignored.
>]

Package natbib Warning: Citation `vaswani2017attention' on page 3 undefined on 
input line 268.


Package natbib Warning: Citation `NIPS2016_6081' on page 3 undefined on input l
ine 271.


Package natbib Warning: Citation `kipf2017semi' on page 3 undefined on input li
ne 271.


Package natbib Warning: Citation `Monti_2017' on page 3 undefined on input line
 271.


Package natbib Warning: Citation `gilmer2017neural' on page 3 undefined on inpu
t line 271.


Package natbib Warning: Citation `velickovic2018graph' on page 3 undefined on i
nput line 271.


Package natbib Warning: Citation `bresson2017residual' on page 3 undefined on i
nput line 271.


Package natbib Warning: Citation `xu2018how' on page 3 undefined on input line 
271.


Package natbib Warning: Citation `murphy2019relational' on page 3 undefined on 
input line 275.


Package natbib Warning: Citation `srinivasan2019equivalence' on page 3 undefine
d on input line 275.


Package natbib Warning: Citation `velickovic2018graph' on page 3 undefined on i
nput line 275.


Package natbib Warning: Citation `murphy2019relational' on page 3 undefined on 
input line 275.


Package natbib Warning: Citation `you2019position' on page 3 undefined on input
 line 275.


Package natbib Warning: Citation `srinivasan2019equivalence' on page 3 undefine
d on input line 275.


Package natbib Warning: Citation `dwivedi2020benchmarking' on page 3 undefined 
on input line 275.


Package natbib Warning: Citation `li2020distance' on page 3 undefined on input 
line 275.


Package natbib Warning: Citation `dwivedi2020benchmarking' on page 3 undefined 
on input line 275.


Package natbib Warning: Citation `belkin2003laplacian' on page 3 undefined on i
nput line 275.


Package natbib Warning: Citation `vaswani2017attention' on page 3 undefined on 
input line 277.


Package natbib Warning: Citation `dwivedi2020benchmarking' on page 3 undefined 
on input line 277.

[3]

Package natbib Warning: Citation `vaswani2017attention' on page 4 undefined on 
input line 310.


Package natbib Warning: Citation `ba2016layer' on page 4 undefined on input lin
e 331.


Package natbib Warning: Citation `ioffe2015batch' on page 4 undefined on input 
line 331.


Underfull \hbox (badness 2012) in paragraph at lines 335--341
 \OT1/ptm/b/n/10 Graph Trans-former Layer with edge fea-tures \OT1/ptm/m/n/10 T
he
 []


LaTeX Warning: Reference `sec:task_based_layers' on page 4 undefined on input l
ine 369.

[4]
LaTeX Font Info:    Trying to load font information for OT1+phv on input line 4
10.
 (C:\Users\orfuc\AppData\Local\Programs\MiKTeX\tex/latex/psnfss\ot1phv.fd
File: ot1phv.fd 2020/03/25 scalable font definitions for OT1/phv.
)
LaTeX Font Info:    Font shape `OT1/phv/m/it' in size <10> not available
(Font)              Font shape `OT1/phv/m/sl' tried instead on input line 410.

Overfull \hbox (3.48248pt too wide) in paragraph at lines 410--414
 [][] 
 []


Package natbib Warning: Citation `dwivedi2020benchmarking' on page 5 undefined 
on input line 437.


Package natbib Warning: Citation `kipf2017semi' on page 5 undefined on input li
ne 444.


Package natbib Warning: Citation `velickovic2018graph' on page 5 undefined on i
nput line 444.


Package natbib Warning: Citation `bresson2017residual' on page 5 undefined on i
nput line 444.


Package natbib Warning: Citation `kipf2017semi' on page 5 undefined on input li
ne 444.


Package natbib Warning: Citation `velickovic2018graph' on page 5 undefined on i
nput line 444.


Package natbib Warning: Citation `bresson2017residual' on page 5 undefined on i
nput line 444.


Package natbib Warning: Citation `irwin2012zinc' on page 5 undefined on input l
ine 448.


Package natbib Warning: Citation `abbe2017community' on page 5 undefined on inp
ut line 448.


Package natbib Warning: Citation `dwivedi2020benchmarking' on page 5 undefined 
on input line 448.


Package natbib Warning: Citation `irwin2012zinc' on page 5 undefined on input l
ine 451.


Package natbib Warning: Citation `dwivedi2020benchmarking' on page 5 undefined 
on input line 451.


Underfull \hbox (badness 2401) in paragraph at lines 451--452
 \OT1/ptm/b/n/10 ZINC, Graph Re-gres-sion \OT1/ptm/m/n/10 ZINC (\OT1/ptm/b/n/10
 ?\OT1/ptm/m/n/10 ) is a molec-u-lar
 []


Package natbib Warning: Citation `abbe2017community' on page 5 undefined on inp
ut line 453.


Package natbib Warning: Citation `dwivedi2020benchmarking' on page 5 undefined 
on input line 455.


Package natbib Warning: Citation `dwivedi2020benchmarking' on page 5 undefined 
on input line 458.


Package natbib Warning: Citation `paszke2019pytorch' on page 5 undefined on inp
ut line 458.


Package natbib Warning: Citation `wang2019dgl' on page 5 undefined on input lin
e 458.


Package natbib Warning: Citation `vaswani2017attention' on page 5 undefined on 
input line 472.


Underfull \hbox (badness 1259) in paragraph at lines 474--475
\OT1/ptm/m/n/10 fea-tures reaches close to the best per-form-ing GNN,
 []


Package natbib Warning: Citation `zhang2020graph' on page 5 undefined on input 
line 481.


Package natbib Warning: Citation `hu2020heterogeneous' on page 5 undefined on i
nput line 481.


Package natbib Warning: Citation `zhang2020graph' on page 5 undefined on input 
line 485.


Package natbib Warning: Citation `niepert2016learning' on page 5 undefined on i
nput line 485.


Package natbib Warning: Citation `zhang2020graph' on page 5 undefined on input 
line 529.


Package natbib Warning: Citation `zhang2020graph' on page 5 undefined on input 
line 529.

[5]
No file Formatting-Instructions-LaTeX-2021_changed.bbl.
[6]

Package natbib Warning: There were undefined citations.

[7

] (Formatting-Instructions-LaTeX-2021_changed.aux)
 ***********
LaTeX2e <2023-06-01> patch level 1
L3 programming layer <2023-08-29>
 ***********


LaTeX Warning: There were undefined references.

 ) 
Here is how much of TeX's memory you used:
 4874 strings out of 475247
 78850 string characters out of 5757792
 1961801 words of memory out of 5000000
 26325 multiletter control sequences out of 15000+600000
 590745 words of font info for 108 fonts, out of 8000000 for 9000
 1141 hyphenation exceptions out of 8191
 57i,17n,65p,2084b,378s stack positions out of 10000i,1000n,20000p,200000b,200000s
<C:/Users/orfuc/AppData/Local/Programs/MiKTeX/fonts/type1/public/amsfonts/cm/
cmex10.pfb><C:/Users/orfuc/AppData/Local/Programs/MiKTeX/fonts/type1/public/ams
fonts/cm/cmmi10.pfb><C:/Users/orfuc/AppData/Local/Programs/MiKTeX/fonts/type1/p
ublic/amsfonts/cm/cmmi5.pfb><C:/Users/orfuc/AppData/Local/Programs/MiKTeX/fonts
/type1/public/amsfonts/cm/cmmi7.pfb><C:/Users/orfuc/AppData/Local/Programs/MiKT
eX/fonts/type1/public/amsfonts/cm/cmr10.pfb><C:/Users/orfuc/AppData/Local/Progr
ams/MiKTeX/fonts/type1/public/amsfonts/cm/cmr7.pfb><C:/Users/orfuc/AppData/Loca
l/Programs/MiKTeX/fonts/type1/public/amsfonts/cm/cmsy10.pfb><C:/Users/orfuc/App
Data/Local/Programs/MiKTeX/fonts/type1/public/amsfonts/cm/cmsy7.pfb><C:/Users/o
rfuc/AppData/Local/Programs/MiKTeX/fonts/type1/public/amsfonts/symbols/msam10.p
fb><C:/Users/orfuc/AppData/Local/Programs/MiKTeX/fonts/type1/public/amsfonts/sy
mbols/msbm10.pfb><C:/Users/orfuc/AppData/Local/Programs/MiKTeX/fonts/type1/publ
ic/hoekwater/stmary10.pfb><C:/Users/orfuc/AppData/Local/Programs/MiKTeX/fonts/t
ype1/urw/courier/ucrr8a.pfb><C:/Users/orfuc/AppData/Local/Programs/MiKTeX/fonts
/type1/urw/helvetic/uhvro8a.pfb><C:/Users/orfuc/AppData/Local/Programs/MiKTeX/f
onts/type1/urw/times/utmb8a.pfb><C:/Users/orfuc/AppData/Local/Programs/MiKTeX/f
onts/type1/urw/times/utmbi8a.pfb><C:/Users/orfuc/AppData/Local/Programs/MiKTeX/
fonts/type1/urw/times/utmr8a.pfb><C:/Users/orfuc/AppData/Local/Programs/MiKTeX/
fonts/type1/urw/times/utmri8a.pfb>
Output written on Formatting-Instructions-LaTeX-2021_changed.pdf (7 pages, 3974
94 bytes).
PDF statistics:
 145 PDF objects out of 1000 (max. 8388607)
 0 named destinations out of 1000 (max. 500000)
 6 words of extra memory for PDF output out of 10000 (max. 10000000)

