This is pdfTeX, Version 3.141592653-2.6-1.40.25 (MiKTeX 23.9) (preloaded format=pdflatex 2023.9.22)  20 JAN 2024 14:59
entering extended mode
 restricted \write18 enabled.
 %&-line parsing enabled.
**./main_changed.tex
(main_changed.tex
LaTeX2e <2023-06-01> patch level 1
L3 programming layer <2023-08-29>
(C:\Users\micha\AppData\Local\Programs\MiKTeX\tex/latex/base\article.cls
Document Class: article 2023/05/17 v1.4n Standard LaTeX document class
(C:\Users\micha\AppData\Local\Programs\MiKTeX\tex/latex/base\size10.clo
File: size10.clo 2023/05/17 v1.4n Standard LaTeX file (size option)
)
\c@part=\count185
\c@section=\count186
\c@subsection=\count187
\c@subsubsection=\count188
\c@paragraph=\count189
\c@subparagraph=\count190
\c@figure=\count191
\c@table=\count192
\abovecaptionskip=\skip48
\belowcaptionskip=\skip49
\bibindent=\dimen140
)
(aaai24.sty
Package: aaai24 2023/06/26 AAAI 2024 Submission format

Conference Style for AAAI for LaTeX 2e -- version for submission
\titlebox=\skip50
) (C:\Users\micha\AppData\Local\Programs\MiKTeX\tex/latex/psnfss\times.sty
Package: times 2020/03/25 PSNFSS-v9.3 (SPQR) 
)
(C:\Users\micha\AppData\Local\Programs\MiKTeX\tex/latex/psnfss\helvet.sty
Package: helvet 2020/03/25 PSNFSS-v9.3 (WaS) 

(C:\Users\micha\AppData\Local\Programs\MiKTeX\tex/latex/graphics\keyval.sty
Package: keyval 2022/05/29 v1.15 key=value parser (DPC)
\KV@toks@=\toks17
))
(C:\Users\micha\AppData\Local\Programs\MiKTeX\tex/latex/psnfss\courier.sty
Package: courier 2020/03/25 PSNFSS-v9.3 (WaS) 
)
(C:\Users\micha\AppData\Local\Programs\MiKTeX\tex/latex/url\url.sty
\Urlmuskip=\muskip16
Package: url 2013/09/16  ver 3.4  Verb mode for urls, etc.
)
(C:\Users\micha\AppData\Local\Programs\MiKTeX\tex/latex/graphics\graphicx.sty
Package: graphicx 2021/09/16 v1.2d Enhanced LaTeX Graphics (DPC,SPQR)

(C:\Users\micha\AppData\Local\Programs\MiKTeX\tex/latex/graphics\graphics.sty
Package: graphics 2022/03/10 v1.4e Standard LaTeX Graphics (DPC,SPQR)

(C:\Users\micha\AppData\Local\Programs\MiKTeX\tex/latex/graphics\trig.sty
Package: trig 2021/08/11 v1.11 sin cos tan (DPC)
)
(C:\Users\micha\AppData\Local\Programs\MiKTeX\tex/latex/graphics-cfg\graphics.c
fg
File: graphics.cfg 2016/06/04 v1.11 sample graphics configuration
)
Package graphics Info: Driver file: pdftex.def on input line 107.

(C:\Users\micha\AppData\Local\Programs\MiKTeX\tex/latex/graphics-def\pdftex.def
File: pdftex.def 2022/09/22 v1.2b Graphics/color driver for pdftex
))
\Gin@req@height=\dimen141
\Gin@req@width=\dimen142
) (C:\Users\micha\AppData\Local\Programs\MiKTeX\tex/latex/natbib\natbib.sty
Package: natbib 2010/09/13 8.31b (PWD, AO)
\bibhang=\skip51
\bibsep=\skip52
LaTeX Info: Redefining \cite on input line 694.
\c@NAT@ctr=\count193
)
(C:\Users\micha\AppData\Local\Programs\MiKTeX\tex/latex/caption\caption.sty
Package: caption 2023/07/31 v3.6n Customizing captions (AR)

(C:\Users\micha\AppData\Local\Programs\MiKTeX\tex/latex/caption\caption3.sty
Package: caption3 2023/07/31 v2.4d caption3 kernel (AR)
\caption@tempdima=\dimen143
\captionmargin=\dimen144
\caption@leftmargin=\dimen145
\caption@rightmargin=\dimen146
\caption@width=\dimen147
\caption@indent=\dimen148
\caption@parindent=\dimen149
\caption@hangindent=\dimen150
Package caption Info: Standard document class detected.
)
\c@caption@flags=\count194
\c@continuedfloat=\count195
)
(C:\Users\micha\AppData\Local\Programs\MiKTeX\tex/latex/algorithms\algorithm.st
y
Package: algorithm 2009/08/24 v0.1 Document Style `algorithm' - floating enviro
nment
 (C:\Users\micha\AppData\Local\Programs\MiKTeX\tex/latex/float\float.sty
Package: float 2001/11/08 v1.3d Float enhancements (AL)
\c@float@type=\count196
\float@exts=\toks18
\float@box=\box51
\@float@everytoks=\toks19
\@floatcapt=\box52
)
(C:\Users\micha\AppData\Local\Programs\MiKTeX\tex/latex/base\ifthen.sty
Package: ifthen 2022/04/13 v1.1d Standard LaTeX ifthen package (DPC)
)
\@float@every@algorithm=\toks20
\c@algorithm=\count197
)
(C:\Users\micha\AppData\Local\Programs\MiKTeX\tex/latex/algorithms\algorithmic.
sty
Package: algorithmic 2009/08/24 v0.1 Document Style `algorithmic'
\c@ALC@unique=\count198
\c@ALC@line=\count199
\c@ALC@rem=\count266
\c@ALC@depth=\count267
\ALC@tlm=\skip53
\algorithmicindent=\skip54
)
(C:\Users\micha\AppData\Local\Programs\MiKTeX\tex/latex/newfloat\newfloat.sty
Package: newfloat 2023/10/01 v1.2 Defining new floating environments (AR)
)
(C:\Users\micha\AppData\Local\Programs\MiKTeX\tex/latex/listings\listings.sty
\lst@mode=\count268
\lst@gtempboxa=\box53
\lst@token=\toks21
\lst@length=\count269
\lst@currlwidth=\dimen151
\lst@column=\count270
\lst@pos=\count271
\lst@lostspace=\dimen152
\lst@width=\dimen153
\lst@newlines=\count272
\lst@lineno=\count273
\lst@maxwidth=\dimen154

(C:\Users\micha\AppData\Local\Programs\MiKTeX\tex/latex/listings\lstmisc.sty
File: lstmisc.sty 2023/02/27 1.9 (Carsten Heinz)
\c@lstnumber=\count274
\lst@skipnumbers=\count275
\lst@framebox=\box54
)
(C:\Users\micha\AppData\Local\Programs\MiKTeX\tex/latex/listings\listings.cfg
File: listings.cfg 2023/02/27 1.9 listings configuration
))
Package: listings 2023/02/27 1.9 (Carsten Heinz)
\@float@every@listing=\toks22
\c@listing=\count276
(import.tex
(C:\Users\micha\AppData\Local\Programs\MiKTeX\tex/latex/microtype\microtype.sty
Package: microtype 2023/03/13 v3.1a Micro-typographical refinements (RS)
(C:\Users\micha\AppData\Local\Programs\MiKTeX\tex/latex/etoolbox\etoolbox.sty
Package: etoolbox 2020/10/05 v2.5k e-TeX tools for LaTeX (JAW)
\etb@tempcnta=\count277
)
\MT@toks=\toks23
\MT@tempbox=\box55
\MT@count=\count278
LaTeX Info: Redefining \noprotrusionifhmode on input line 1059.
LaTeX Info: Redefining \leftprotrusion on input line 1060.
\MT@prot@toks=\toks24
LaTeX Info: Redefining \rightprotrusion on input line 1078.
LaTeX Info: Redefining \textls on input line 1368.
\MT@outer@kern=\dimen155
LaTeX Info: Redefining \textmicrotypecontext on input line 1988.
\MT@listname@count=\count279

(C:\Users\micha\AppData\Local\Programs\MiKTeX\tex/latex/microtype\microtype-pdf
tex.def
File: microtype-pdftex.def 2023/03/13 v3.1a Definitions specific to pdftex (RS)

LaTeX Info: Redefining \lsstyle on input line 902.
LaTeX Info: Redefining \lslig on input line 902.
\MT@outer@space=\skip55
)
Package microtype Info: Loading configuration file microtype.cfg.

(C:\Users\micha\AppData\Local\Programs\MiKTeX\tex/latex/microtype\microtype.cfg
File: microtype.cfg 2023/03/13 v3.1a microtype main configuration file (RS)
))
(C:\Users\micha\AppData\Local\Programs\MiKTeX\tex/latex/booktabs\booktabs.sty
Package: booktabs 2020/01/12 v1.61803398 Publication quality tables
\heavyrulewidth=\dimen156
\lightrulewidth=\dimen157
\cmidrulewidth=\dimen158
\belowrulesep=\dimen159
\belowbottomsep=\dimen160
\aboverulesep=\dimen161
\abovetopsep=\dimen162
\cmidrulesep=\dimen163
\cmidrulekern=\dimen164
\defaultaddspace=\dimen165
\@cmidla=\count280
\@cmidlb=\count281
\@aboverulesep=\dimen166
\@belowrulesep=\dimen167
\@thisruleclass=\count282
\@lastruleclass=\count283
\@thisrulewidth=\dimen168
)
(C:\Users\micha\AppData\Local\Programs\MiKTeX\tex/latex/amsmath\amsmath.sty
Package: amsmath 2023/05/13 v2.17o AMS math features
\@mathmargin=\skip56

For additional information on amsmath, use the `?' option.
(C:\Users\micha\AppData\Local\Programs\MiKTeX\tex/latex/amsmath\amstext.sty
Package: amstext 2021/08/26 v2.01 AMS text

(C:\Users\micha\AppData\Local\Programs\MiKTeX\tex/latex/amsmath\amsgen.sty
File: amsgen.sty 1999/11/30 v2.0 generic functions
\@emptytoks=\toks25
\ex@=\dimen169
))
(C:\Users\micha\AppData\Local\Programs\MiKTeX\tex/latex/amsmath\amsbsy.sty
Package: amsbsy 1999/11/29 v1.2d Bold Symbols
\pmbraise@=\dimen170
)
(C:\Users\micha\AppData\Local\Programs\MiKTeX\tex/latex/amsmath\amsopn.sty
Package: amsopn 2022/04/08 v2.04 operator names
)
\inf@bad=\count284
LaTeX Info: Redefining \frac on input line 234.
\uproot@=\count285
\leftroot@=\count286
LaTeX Info: Redefining \overline on input line 399.
LaTeX Info: Redefining \colon on input line 410.
\classnum@=\count287
\DOTSCASE@=\count288
LaTeX Info: Redefining \ldots on input line 496.
LaTeX Info: Redefining \dots on input line 499.
LaTeX Info: Redefining \cdots on input line 620.
\Mathstrutbox@=\box56
\strutbox@=\box57
LaTeX Info: Redefining \big on input line 722.
LaTeX Info: Redefining \Big on input line 723.
LaTeX Info: Redefining \bigg on input line 724.
LaTeX Info: Redefining \Bigg on input line 725.
\big@size=\dimen171
LaTeX Font Info:    Redeclaring font encoding OML on input line 743.
LaTeX Font Info:    Redeclaring font encoding OMS on input line 744.
\macc@depth=\count289
LaTeX Info: Redefining \bmod on input line 905.
LaTeX Info: Redefining \pmod on input line 910.
LaTeX Info: Redefining \smash on input line 940.
LaTeX Info: Redefining \relbar on input line 970.
LaTeX Info: Redefining \Relbar on input line 971.
\c@MaxMatrixCols=\count290
\dotsspace@=\muskip17
\c@parentequation=\count291
\dspbrk@lvl=\count292
\tag@help=\toks26
\row@=\count293
\column@=\count294
\maxfields@=\count295
\andhelp@=\toks27
\eqnshift@=\dimen172
\alignsep@=\dimen173
\tagshift@=\dimen174
\tagwidth@=\dimen175
\totwidth@=\dimen176
\lineht@=\dimen177
\@envbody=\toks28
\multlinegap=\skip57
\multlinetaggap=\skip58
\mathdisplay@stack=\toks29
LaTeX Info: Redefining \[ on input line 2953.
LaTeX Info: Redefining \] on input line 2954.
)
(C:\Users\micha\AppData\Local\Programs\MiKTeX\tex/latex/amsfonts\amsfonts.sty
Package: amsfonts 2013/01/14 v3.01 Basic AMSFonts support
\symAMSa=\mathgroup4
\symAMSb=\mathgroup5
LaTeX Font Info:    Redeclaring math symbol \hbar on input line 98.
LaTeX Font Info:    Overwriting math alphabet `\mathfrak' in version `bold'
(Font)                  U/euf/m/n --> U/euf/b/n on input line 106.
)
(C:\Users\micha\AppData\Local\Programs\MiKTeX\tex/latex/epsf\epsf.sty
This is `epsf.tex' v2.7.4 <14 February 2011>
\epsffilein=\read2
\epsfframemargin=\dimen178
\epsfframethickness=\dimen179
\epsfrsize=\dimen180
\epsftmp=\dimen181
\epsftsize=\dimen182
\epsfxsize=\dimen183
\epsfysize=\dimen184
\pspoints=\dimen185
) (C:\Users\micha\AppData\Local\Programs\MiKTeX\tex/latex/fancyhdr\fancyhdr.sty
Package: fancyhdr 2022/11/09 v4.1 Extensive control of page headers and footers

\f@nch@headwidth=\skip59
\f@nch@O@elh=\skip60
\f@nch@O@erh=\skip61
\f@nch@O@olh=\skip62
\f@nch@O@orh=\skip63
\f@nch@O@elf=\skip64
\f@nch@O@erf=\skip65
\f@nch@O@olf=\skip66
\f@nch@O@orf=\skip67
) (C:\Users\micha\AppData\Local\Programs\MiKTeX\tex/latex/psfrag\psfrag.sty
Package: psfrag 1998/04/11 v3.04 PSfrag (MCG)
\pfg@pcount=\count296
\pfg@scount=\count297
\pfg@temp=\write3
)
(C:\Users\micha\AppData\Local\Programs\MiKTeX\tex/latex/mathtools\mathtools.sty
Package: mathtools 2022/06/29 v1.29 mathematical typesetting tools
(C:\Users\micha\AppData\Local\Programs\MiKTeX\tex/latex/tools\calc.sty
Package: calc 2017/05/25 v4.3 Infix arithmetic (KKT,FJ)
\calc@Acount=\count298
\calc@Bcount=\count299
\calc@Adimen=\dimen186
\calc@Bdimen=\dimen187
\calc@Askip=\skip68
\calc@Bskip=\skip69
LaTeX Info: Redefining \setlength on input line 80.
LaTeX Info: Redefining \addtolength on input line 81.
\calc@Ccount=\count300
\calc@Cskip=\skip70
)
(C:\Users\micha\AppData\Local\Programs\MiKTeX\tex/latex/mathtools\mhsetup.sty
Package: mhsetup 2021/03/18 v1.4 programming setup (MH)
)
\g_MT_multlinerow_int=\count301
\l_MT_multwidth_dim=\dimen188
\origjot=\skip71
\l_MT_shortvdotswithinadjustabove_dim=\dimen189
\l_MT_shortvdotswithinadjustbelow_dim=\dimen190
\l_MT_above_intertext_sep=\dimen191
\l_MT_below_intertext_sep=\dimen192
\l_MT_above_shortintertext_sep=\dimen193
\l_MT_below_shortintertext_sep=\dimen194
\xmathstrut@box=\box58
\xmathstrut@dim=\dimen195
) (C:\Users\micha\AppData\Local\Programs\MiKTeX\tex/latex/graphics\color.sty
Package: color 2022/01/06 v1.3d Standard LaTeX Color (DPC)

(C:\Users\micha\AppData\Local\Programs\MiKTeX\tex/latex/graphics-cfg\color.cfg
File: color.cfg 2016/01/02 v1.6 sample color configuration
)
Package color Info: Driver file: pdftex.def on input line 149.
(C:\Users\micha\AppData\Local\Programs\MiKTeX\tex/latex/graphics\mathcolor.ltx)
) (C:\Users\micha\AppData\Local\Programs\MiKTeX\tex/latex/amscls\amsthm.sty
Package: amsthm 2020/05/29 v2.20.6
\thm@style=\toks30
\thm@bodyfont=\toks31
\thm@headfont=\toks32
\thm@notefont=\toks33
\thm@headpunct=\toks34
\thm@preskip=\skip72
\thm@postskip=\skip73
\thm@headsep=\skip74
\dth@everypar=\toks35
)
(C:\Users\micha\AppData\Local\Programs\MiKTeX\tex/latex/amsfonts\amssymb.sty
Package: amssymb 2013/01/14 v3.01 AMS font symbols
)
(C:\Users\micha\AppData\Local\Programs\MiKTeX\tex/latex/sidecap\sidecap.sty
Package: sidecap 2023/01/24 v1.7a SideCap Package (RN/HjG)
\SC@BOXWD=\dimen196
\SC@CAPWD=\dimen197
\SC@tempdima=\dimen198
\SC@tempdimb=\dimen199
\c@SC@C=\count302
\SC@BOX=\box59
)
\c@observation=\count303
)
(C:\Users\micha\AppData\Local\Programs\MiKTeX\tex/latex/cleveref\cleveref.sty
Package: cleveref 2018/03/27 v0.21.4 Intelligent cross-referencing
Package cleveref Info: `amsthm' support loaded on input line 3026.
Package cleveref Info: `listings' support loaded on input line 3131.
)
\c@theorem=\count304
LaTeX Font Info:    Trying to load font information for OT1+ptm on input line 2
06.

(C:\Users\micha\AppData\Local\Programs\MiKTeX\tex/latex/psnfss\ot1ptm.fd
File: ot1ptm.fd 2001/06/04 font definitions for OT1/ptm.
)
(C:\Users\micha\AppData\Local\Programs\MiKTeX\tex/latex/l3backend\l3backend-pdf
tex.def
File: l3backend-pdftex.def 2023-04-19 L3 backend support: PDF output (pdfTeX)
\l__color_backend_stack_int=\count305
\l__pdf_internal_box=\box60
)
No file main_changed.aux.
\openout1 = `main_changed.aux'.

LaTeX Font Info:    Checking defaults for OML/cmm/m/it on input line 206.
LaTeX Font Info:    ... okay on input line 206.
LaTeX Font Info:    Checking defaults for OMS/cmsy/m/n on input line 206.
LaTeX Font Info:    ... okay on input line 206.
LaTeX Font Info:    Checking defaults for OT1/cmr/m/n on input line 206.
LaTeX Font Info:    ... okay on input line 206.
LaTeX Font Info:    Checking defaults for T1/cmr/m/n on input line 206.
LaTeX Font Info:    ... okay on input line 206.
LaTeX Font Info:    Checking defaults for TS1/cmr/m/n on input line 206.
LaTeX Font Info:    ... okay on input line 206.
LaTeX Font Info:    Checking defaults for OMX/cmex/m/n on input line 206.
LaTeX Font Info:    ... okay on input line 206.
LaTeX Font Info:    Checking defaults for U/cmr/m/n on input line 206.
LaTeX Font Info:    ... okay on input line 206.

(C:\Users\micha\AppData\Local\Programs\MiKTeX\tex/context/base/mkii\supp-pdf.mk
ii
[Loading MPS to PDF converter (version 2006.09.02).]
\scratchcounter=\count306
\scratchdimen=\dimen256
\scratchbox=\box61
\nofMPsegments=\count307
\nofMParguments=\count308
\everyMPshowfont=\toks36
\MPscratchCnt=\count309
\MPscratchDim=\dimen257
\MPnumerator=\count310
\makeMPintoPDFobject=\count311
\everyMPtoPDFconversion=\toks37
)
(C:\Users\micha\AppData\Local\Programs\MiKTeX\tex/latex/epstopdf-pkg\epstopdf-b
ase.sty
Package: epstopdf-base 2020-01-24 v2.11 Base part for package epstopdf
Package epstopdf-base Info: Redefining graphics rule for `.eps' on input line 4
85.

(C:\Users\micha\AppData\Local\Programs\MiKTeX\tex/latex/00miktex\epstopdf-sys.c
fg
File: epstopdf-sys.cfg 2021/03/18 v2.0 Configuration of epstopdf for MiKTeX
))
Package caption Info: Begin \AtBeginDocument code.
Package caption Info: float package is loaded.
Package caption Info: listings package is loaded.
Package caption Info: sidecap package is loaded.
Package caption Info: End \AtBeginDocument code.
Package newfloat Info: `float' package detected.
Package newfloat Info: `sidecap' package detected.
\c@lstlisting=\count312
LaTeX Info: Redefining \microtypecontext on input line 206.
Package microtype Info: Applying patch `item' on input line 206.
Package microtype Info: Applying patch `toc' on input line 206.
Package microtype Info: Applying patch `eqnum' on input line 206.
Package microtype Info: Applying patch `footnote' on input line 206.
Package microtype Info: Applying patch `verbatim' on input line 206.
Package microtype Info: Generating PDF output.
Package microtype Info: Character protrusion enabled (level 2).
Package microtype Info: Using default protrusion set `alltext'.
Package microtype Info: Automatic font expansion enabled (level 2),
(microtype)             stretch: 20, shrink: 20, step: 1, non-selected.
Package microtype Info: Using default expansion set `alltext-nott'.
LaTeX Info: Redefining \showhyphens on input line 206.
Package microtype Info: No adjustment of tracking.
Package microtype Info: No adjustment of interword spacing.
Package microtype Info: No adjustment of character kerning.

(C:\Users\micha\AppData\Local\Programs\MiKTeX\tex/latex/microtype\mt-ptm.cfg
File: mt-ptm.cfg 2006/04/20 v1.7 microtype config. file: Times (RS)
)
(C:\Users\micha\AppData\Local\Programs\MiKTeX\tex/latex/ragged2e\ragged2e.sty
Package: ragged2e 2023/06/22 v3.6 ragged2e Package
\CenteringLeftskip=\skip75
\RaggedLeftLeftskip=\skip76
\RaggedRightLeftskip=\skip77
\CenteringRightskip=\skip78
\RaggedLeftRightskip=\skip79
\RaggedRightRightskip=\skip80
\CenteringParfillskip=\skip81
\RaggedLeftParfillskip=\skip82
\RaggedRightParfillskip=\skip83
\JustifyingParfillskip=\skip84
\CenteringParindent=\skip85
\RaggedLeftParindent=\skip86
\RaggedRightParindent=\skip87
\JustifyingParindent=\skip88
)
\c@eqfn=\count313
\titlearea=\box62

(C:\Users\micha\AppData\Local\Programs\MiKTeX\tex/latex/microtype\mt-cmr.cfg
File: mt-cmr.cfg 2013/05/19 v2.2 microtype config. file: Computer Modern Roman 
(RS)
)
LaTeX Font Info:    Trying to load font information for U+msa on input line 207
.

(C:\Users\micha\AppData\Local\Programs\MiKTeX\tex/latex/amsfonts\umsa.fd
File: umsa.fd 2013/01/14 v3.01 AMS symbols A
)
(C:\Users\micha\AppData\Local\Programs\MiKTeX\tex/latex/microtype\mt-msa.cfg
File: mt-msa.cfg 2006/02/04 v1.1 microtype config. file: AMS symbols (a) (RS)
)
LaTeX Font Info:    Trying to load font information for U+msb on input line 207
.

(C:\Users\micha\AppData\Local\Programs\MiKTeX\tex/latex/amsfonts\umsb.fd
File: umsb.fd 2013/01/14 v3.01 AMS symbols B
)
(C:\Users\micha\AppData\Local\Programs\MiKTeX\tex/latex/microtype\mt-msb.cfg
File: mt-msb.cfg 2005/06/01 v1.0 microtype config. file: AMS symbols (b) (RS)
)
\actualheight=\skip89
LaTeX Font Info:    Trying to load font information for TS1+ptm on input line 2
07.

(C:\Users\micha\AppData\Local\Programs\MiKTeX\tex/latex/psnfss\ts1ptm.fd
File: ts1ptm.fd 2001/06/04 font definitions for TS1/ptm.
)
(Main_Paper/introduction.tex

Package natbib Warning: Citation `Villani-09-Optimal' on page 1 undefined on in
put line 4.


Package natbib Warning: Citation `Kantorovich-1942-Translocation' on page 1 und
efined on input line 4.


Package natbib Warning: Citation `Cuturi-2013-Sinkhorn' on page 1 undefined on 
input line 4.


Package natbib Warning: Citation `Courty-2017-Optimal' on page 1 undefined on i
nput line 4.


Package natbib Warning: Citation `pmlr-v51-rolet16' on page 1 undefined on inpu
t line 4.


Package natbib Warning: Citation `Chizat_2015' on page 1 undefined on input lin
e 5.


Package natbib Warning: Citation `Gramfort_2015' on page 1 undefined on input l
ine 5.


Package natbib Warning: Citation `Pele2008ALT' on page 1 undefined on input lin
e 5.


Package natbib Warning: Citation `rubner2000earth' on page 1 undefined on input
 line 5.


Package natbib Warning: Citation `figalli2010optimal' on page 1 undefined on in
put line 9.


Package natbib Warning: Citation `Caffarelli_2010' on page 1 undefined on input
 line 9.


Package natbib Warning: Citation `Chapel-nips2020' on page 1 undefined on input
 line 9.


Package natbib Warning: Citation `nhatho-mmpot' on page 1 undefined on input li
ne 9.


Package natbib Warning: Citation `Bonneel_2019' on page 1 undefined on input li
ne 9.


Package natbib Warning: Citation `Sarlin_2019' on page 1 undefined on input lin
e 9.


Package natbib Warning: Citation `Liu_2020' on page 1 undefined on input line 9
.


Package natbib Warning: Citation `Kawano_2021' on page 1 undefined on input lin
e 9.


Package natbib Warning: Citation `Wang_2022' on page 1 undefined on input line 
9.


Package natbib Warning: Citation `nietert2023robust' on page 1 undefined on inp
ut line 9.


Package natbib Warning: Citation `Chapel-nips2020' on page 1 undefined on input
 line 18.


Package natbib Warning: Citation `nhatho-mmpot' on page 1 undefined on input li
ne 18.


Package natbib Warning: Citation `Chapel-nips2020' on page 1 undefined on input
 line 18.


Package natbib Warning: Citation `Dvurechensky-2018-Computational' on page 1 un
defined on input line 18.


Package natbib Warning: Citation `lin2019efficient' on page 1 undefined on inpu
t line 18.


Package natbib Warning: Citation `guminov2021accelerated' on page 1 undefined o
n input line 18.


Package natbib Warning: Citation `nhatho-mmpot' on page 1 undefined on input li
ne 19.


Package natbib Warning: Citation `qin2022rigid' on page 1 undefined on input li
ne 19.


Package natbib Warning: Citation `nguyen2022improving' on page 1 undefined on i
nput line 19.


LaTeX Warning: Reference `remark:violation' on page 1 undefined on input line 1
9.


LaTeX Warning: Reference `fig:Infeasible_Sinkhorn' on page 1 undefined on input
 line 19.


Underfull \vbox (badness 10000) has occurred while \output is active []

 [1
Non-PDF special ignored!
<special> header=psfrag.pro
{C:/Users/micha/AppData/Local/MiKTeX/fonts/map/pdftex/pdftex.map}{C:/Users/mich
a/AppData/Local/Programs/MiKTeX/fonts/enc/dvips/base/8r.enc}



]

Package natbib Warning: Citation `benamou2015iterative' on page 2 undefined on 
input line 28.


Package natbib Warning: Citation `nhatho-mmpot' on page 2 undefined on input li
ne 29.

<figs/color_transfer_primal_opt.pdf, id=21, 275.3768pt x 147.0574pt>
File: figs/color_transfer_primal_opt.pdf Graphic file (type pdf)
<use figs/color_transfer_primal_opt.pdf>
Package pdftex.def Info: figs/color_transfer_primal_opt.pdf  used on input line
 40.
(pdftex.def)             Requested size: 191.51622pt x 102.27301pt.

Package natbib Warning: Citation `nhatho-mmpot' on page 2 undefined on input li
ne 41.


Package natbib Warning: Citation `nhatho-mmpot' on page 2 undefined on input li
ne 41.


Package natbib Warning: Citation `altschuler2017near' on page 2 undefined on in
put line 45.


LaTeX Warning: Reference `Order_of_complexities' on page 2 undefined on input l
ine 53.


LaTeX Warning: Reference `Order_of_complexities' on page 2 undefined on input l
ine 56.

) (Main_Paper/preliminaries.tex

Package natbib Warning: Citation `Chapel-nips2020' on page 2 undefined on input
 line 25.


Package natbib Warning: Citation `nhatho-mmpot' on page 2 undefined on input li
ne 25.


LaTeX Warning: Reference `eq:pot_formulation' on page 2 undefined on input line
 47.

[2 <./figs/color_transfer_primal_opt.pdf>]

LaTeX Warning: Reference `prob:pot_with_pq' on page 3 undefined on input line 5
9.


Package natbib Warning: Citation `Dvurechensky-2018-Computational' on page 3 un
defined on input line 67.


Package natbib Warning: Citation `Jambulapati-2019-Direct' on page 3 undefined 
on input line 67.

) (Main_Paper/revisiting_sinkhorn.tex

LaTeX Warning: Reference `eq:pot_formulation' on page 3 undefined on input line
 3.


Package natbib Warning: Citation `Chapel-nips2020' on page 3 undefined on input
 line 11.


Package natbib Warning: Citation `Chapel-nips2020' on page 3 undefined on input
 line 11.


Package natbib Warning: Citation `nhatho-mmpot' on page 3 undefined on input li
ne 20.


LaTeX Warning: Reference `alg:Sinkhorn' on page 3 undefined on input line 20.


Package natbib Warning: Citation `altschuler2017near' on page 3 undefined on in
put line 20.


Package natbib Warning: Citation `nhatho-mmpot' on page 3 undefined on input li
ne 25.


LaTeX Warning: Reference `them:revised_sinkhorn_complexity' on page 3 undefined
 on input line 30.


Package natbib Warning: Citation `nhatho-mmpot' on page 3 undefined on input li
ne 30.


LaTeX Font Warning: Font shape `OT1/ptm/m/scit' undefined
(Font)              using `OT1/ptm/m/sc' instead on input line 33.


LaTeX Font Warning: Font shape `OT1/ptm/m/scit' undefined
(Font)              using `OT1/ptm/m/sc' instead on input line 33.


Package natbib Warning: Citation `nhatho-mmpot' on page 3 undefined on input li
ne 33.


Package natbib Warning: Citation `qin2022rigid' on page 3 undefined on input li
ne 37.


Package natbib Warning: Citation `nguyen2022improving' on page 3 undefined on i
nput line 37.

) (Main_Paper/rounding_algorithm.tex
Package microtype Info: Loading generic protrusion settings for font family
(microtype)             `cmtt' (encoding: OT1).
(microtype)             For optimal results, create family-specific settings.
(microtype)             See the microtype manual for details.


Package natbib Warning: Citation `Dvurechensky-2018-Computational' on page 3 un
defined on input line 22.


Package natbib Warning: Citation `lin2019efficient' on page 3 undefined on inpu
t line 22.


Package natbib Warning: Citation `guminov2021accelerated' on page 3 undefined o
n input line 22.


Package natbib Warning: Citation `altschuler2017near' on page 3 undefined on in
put line 23.


Package natbib Warning: Citation `Chapel-nips2020' on page 3 undefined on input
 line 23.


Package natbib Warning: Citation `nhatho-mmpot' on page 3 undefined on input li
ne 23.


LaTeX Warning: Reference `alg:rounding' on page 3 undefined on input line 23.


LaTeX Warning: Reference `prob:pot_with_pq' on page 3 undefined on input line 2
3.


LaTeX Warning: Reference `prob:pot_with_pq' on page 3 undefined on input line 4
6.

[3]

LaTeX Warning: Reference `alg:EP' on page 4 undefined on input line 48.


LaTeX Warning: Reference `Guarantees_for_EP' on page 4 undefined on input line 
48.


LaTeX Warning: Reference `alg:rounding' on page 4 undefined on input line 48.


LaTeX Warning: Reference `prob:pot_with_pq' on page 4 undefined on input line 5
4.


LaTeX Warning: Reference `prop:rounding' on page 4 undefined on input line 55.


LaTeX Font Warning: Font shape `OT1/ptm/m/scit' undefined
(Font)              using `OT1/ptm/m/sc' instead on input line 80.


LaTeX Warning: Reference `alg:rounding' on page 4 undefined on input line 82.

) (Main_Paper/APDAGD.tex

Package natbib Warning: Citation `Dvurechensky-2018-Computational' on page 4 un
defined on input line 5.


LaTeX Warning: Reference `main_problem' on page 4 undefined on input line 16.


LaTeX Warning: Reference `prob:entropic' on page 4 undefined on input line 16.


LaTeX Warning: Reference `prob:entropic' on page 4 undefined on input line 18.


LaTeX Warning: Reference `prob:pot_with_pq' on page 4 undefined on input line 2
8.


LaTeX Warning: Reference `prob:entropic' on page 4 undefined on input line 30.


LaTeX Warning: Reference `alg:APDAGD' on page 4 undefined on input line 32.


Package natbib Warning: Citation `lin2019efficient' on page 4 undefined on inpu
t line 32.


LaTeX Warning: Reference `alg:ApproxOT_APDAGD' on page 4 undefined on input lin
e 32.


LaTeX Warning: Reference `APDAGD_complexity' on page 4 undefined on input line 
52.


LaTeX Warning: Reference `entropic_regularized' on page 4 undefined on input li
ne 56.

[4]

Package natbib Warning: Citation `lin2019efficient' on page 5 undefined on inpu
t line 63.


LaTeX Warning: Reference `Bounds_for_(u,v)' on page 5 undefined on input line 6
3.


LaTeX Warning: Reference `theorem:APDAGD_guarantees' on page 5 undefined on inp
ut line 63.


Package natbib Warning: Citation `lin2019efficient' on page 5 undefined on inpu
t line 68.


LaTeX Warning: Reference `prop:rounding' on page 5 undefined on input line 68.

) (Main_Paper/DE.tex

LaTeX Warning: Reference `main_problem' on page 5 undefined on input line 4.


LaTeX Warning: Reference `POT_areaconvex' on page 5 undefined on input line 8.


LaTeX Warning: Reference `POT_areaconvex' on page 5 undefined on input line 8.


LaTeX Warning: Reference `l1_penalized' on page 5 undefined on input line 8.


LaTeX Warning: Reference `prop:rounding' on page 5 undefined on input line 12.


LaTeX Warning: Reference `lem:l1_regression' on page 5 undefined on input line 
12.


LaTeX Warning: Reference `bilinear_objective' on page 5 undefined on input line
 12.


Package natbib Warning: Citation `nesterov_2006' on page 5 undefined on input l
ine 12.


Package natbib Warning: Citation `Sherman-2017-Area' on page 5 undefined on inp
ut line 12.


Package natbib Warning: Citation `Sherman-2017-Area' on page 5 undefined on inp
ut line 20.


Package natbib Warning: Citation `Jambulapati-2019-Direct' on page 5 undefined 
on input line 24.


LaTeX Warning: Reference `9_area_convex' on page 5 undefined on input line 24.


LaTeX Warning: Reference `Complexity_for_AM' on page 5 undefined on input line 
35.


LaTeX Warning: Reference `alg:General_Dual_Extrapolation' on page 5 undefined o
n input line 54.


Package natbib Warning: Citation `nesterov_2006' on page 5 undefined on input l
ine 54.


Package natbib Warning: Citation `Jambulapati-2019-Direct' on page 5 undefined 
on input line 56.


Package natbib Warning: Citation `nesterov_2006' on page 5 undefined on input l
ine 56.


LaTeX Warning: Reference `alg:General_Dual_Extrapolation' on page 5 undefined o
n input line 56.


Package natbib Warning: Citation `Jambulapati-2019-Direct' on page 5 undefined 
on input line 60.


LaTeX Warning: Reference `alg:Dual_Extrapolation_POT' on page 5 undefined on in
put line 61.


Package natbib Warning: Citation `Jambulapati-2019-Direct' on page 5 undefined 
on input line 65.


LaTeX Warning: Reference `T' on page 5 undefined on input line 65.

[5]

LaTeX Warning: Reference `alg:alternating_minimization' on page 6 undefined on 
input line 67.


LaTeX Warning: Reference `Complexity_for_AM' on page 6 undefined on input line 
73.


Package natbib Warning: Citation `Jambulapati-2019-Direct' on page 6 undefined 
on input line 73.


LaTeX Warning: Reference `theorem:DE_complexity' on page 6 undefined on input l
ine 73.


LaTeX Warning: Reference `alg:Dual_Extrapolation_POT' on page 6 undefined on in
put line 76.


LaTeX Warning: Reference `duality_gap' on page 6 undefined on input line 76.

) (Main_Paper/experiments.tex

LaTeX Warning: Reference `eq:pot_formulation' on page 6 undefined on input line
 2.

LaTeX Font Info:    Trying to load font information for OT1+pcr on input line 2
.
(C:\Users\micha\AppData\Local\Programs\MiKTeX\tex/latex/psnfss\ot1pcr.fd
File: ot1pcr.fd 2001/06/04 font definitions for OT1/pcr.
)
Package microtype Info: Loading generic protrusion settings for font family
(microtype)             `pcr' (encoding: OT1).
(microtype)             For optimal results, create family-specific settings.
(microtype)             See the microtype manual for details.
<figs/de_vs_apdagd_primal_gap.pdf, id=114, 518.1966pt x 229.35812pt>
File: figs/de_vs_apdagd_primal_gap.pdf Graphic file (type pdf)
<use figs/de_vs_apdagd_primal_gap.pdf>
Package pdftex.def Info: figs/de_vs_apdagd_primal_gap.pdf  used on input line 5
.
(pdftex.def)             Requested size: 227.64894pt x 100.76039pt.
<figs/color_transfer_primal_opt_feasible.pdf, id=115, 330.35059pt x 165.93117pt
>
File: figs/color_transfer_primal_opt_feasible.pdf Graphic file (type pdf)
<use figs/color_transfer_primal_opt_feasible.pdf>
Package pdftex.def Info: figs/color_transfer_primal_opt_feasible.pdf  used on i
nput line 11.
(pdftex.def)             Requested size: 215.45348pt x 108.22108pt.


Package natbib Warning: Citation `Jambulapati-2019-Direct' on page 6 undefined 
on input line 16.


LaTeX Warning: Reference `fig:de_vs_apdagd' on page 6 undefined on input line 1
6.


Package natbib Warning: Citation `krizhevsky2009learning' on page 6 undefined o
n input line 16.


LaTeX Warning: Reference `fig:de_vs_apdagd' on page 6 undefined on input line 1
6.


Package natbib Warning: Citation `pmlr-v130-dvinskikh21a' on page 6 undefined o
n input line 16.


LaTeX Warning: Reference `fig:Infeasible_Sinkhorn' on page 6 undefined on input
 line 22.

[6 <./figs/de_vs_apdagd_primal_gap.pdf> <./figs/color_transfer_primal_opt_feasi
ble.pdf>]

LaTeX Warning: Reference `fig:point_cloud' on page 7 undefined on input line 25
.


LaTeX Warning: Reference `fig:point_cloud' on page 7 undefined on input line 26
.


LaTeX Warning: Reference `fig:point_cloud' on page 7 undefined on input line 26
.

<figs/point_clouds.png, id=190, 694.5147pt x 160.07805pt>
File: figs/point_clouds.png Graphic file (type png)
<use figs/point_clouds.png>
Package pdftex.def Info: figs/point_clouds.png  used on input line 30.
(pdftex.def)             Requested size: 239.39438pt x 55.17812pt.

Package natbib Warning: Citation `nhatho-mmpot' on page 7 undefined on input li
ne 31.


Package natbib Warning: Citation `nhatho-mmpot' on page 7 undefined on input li
ne 31.


Package natbib Warning: Citation `bonneel2015sliced' on page 7 undefined on inp
ut line 36.


Package natbib Warning: Citation `Blondel-2018-Smooth' on page 7 undefined on i
nput line 36.


LaTeX Warning: Reference `fig:color_transfer_comparison' on page 7 undefined on
 input line 36.


LaTeX Warning: Reference `fig:color_transfer_comparison' on page 7 undefined on
 input line 36.


Package natbib Warning: Citation `nhatho-mmpot' on page 7 undefined on input li
ne 36.

<figs/color_transfer_all.png, id=191, 1063.0917pt x 498.30165pt>
File: figs/color_transfer_all.png Graphic file (type png)
<use figs/color_transfer_all.png>
Package pdftex.def Info: figs/color_transfer_all.png  used on input line 40.
(pdftex.def)             Requested size: 239.39438pt x 112.21187pt.
) (Main_Paper/conclusion.tex

Package natbib Warning: Citation `pmlr-v130-dvinskikh21a' on page 7 undefined o
n input line 5.

) [7 <./figs/point_clouds.png> <./figs/color_transfer_all.png>]
No file main_changed.bbl.
(Appendix/appendix.tex

Package natbib Warning: Citation `UOT_complexity' on page 8 undefined on input 
line 3.


Package natbib Warning: Citation `Liero_Optimal_2018' on page 8 undefined on in
put line 3.


Package natbib Warning: Citation `chizat2017scaling' on page 8 undefined on inp
ut line 3.


Package natbib Warning: Citation `Blondel-2018-Smooth' on page 8 undefined on i
nput line 3.


Package natbib Warning: Citation `UOT_complexity' on page 8 undefined on input 
line 3.


Package natbib Warning: Citation `gem-uot' on page 8 undefined on input line 3.



Package natbib Warning: Citation `Janati_Wasserstein_2019' on page 8 undefined 
on input line 3.


Package natbib Warning: Citation `balaji2020robust' on page 8 undefined on inpu
t line 3.


Package natbib Warning: Citation `Yang_Scalable_2019' on page 8 undefined on in
put line 3.


Package natbib Warning: Citation `gem-uot' on page 8 undefined on input line 3.



Package natbib Warning: Citation `dennis1977quasi' on page 8 undefined on input
 line 6.


Package natbib Warning: Citation `polyak1969conjugate' on page 8 undefined on i
nput line 6.


Package natbib Warning: Citation `cuturi2016smoothed' on page 8 undefined on in
put line 6.


Package natbib Warning: Citation `blondel2018smooth' on page 8 undefined on inp
ut line 6.


Package natbib Warning: Citation `Dvurechensky-2018-Computational' on page 8 un
defined on input line 7.


Package natbib Warning: Citation `hoang_nonlinear_sa' on page 8 undefined on in
put line 7.


Package natbib Warning: Citation `lan2021graph' on page 8 undefined on input li
ne 7.


Package natbib Warning: Citation `altschuler2017near' on page 8 undefined on in
put line 21.


Package natbib Warning: Citation `Dvurechensky-2018-Computational' on page 8 un
defined on input line 28.


Package natbib Warning: Citation `Dvurechensky-2018-Computational' on page 8 un
defined on input line 28.


Package natbib Warning: Citation `Sherman-2017-Area' on page 8 undefined on inp
ut line 70.


Package natbib Warning: Citation `Jambulapati-2019-Direct' on page 8 undefined 
on input line 70.

[8


]

LaTeX Warning: Reference `General_AM' on page 9 undefined on input line 79.


LaTeX Warning: Reference `General_AM' on page 9 undefined on input line 79.


LaTeX Warning: Reference `contraint_violation' on page 9 undefined on input lin
e 100.


Package natbib Warning: Citation `Chapel-nips2020' on page 9 undefined on input
 line 104.


Package natbib Warning: Citation `altschuler2017near' on page 9 undefined on in
put line 104.


Package natbib Warning: Citation `lin2019efficient' on page 9 undefined on inpu
t line 123.

[9]

LaTeX Warning: Reference `lem:inf_norm_dual' on page 10 undefined on input line
 131.


Package natbib Warning: Citation `nhatho-mmpot' on page 10 undefined on input l
ine 131.

[10]

LaTeX Warning: Reference `them:revised_sinkhorn_complexity' on page 11 undefine
d on input line 159.


LaTeX Warning: Reference `contraint_violation' on page 11 undefined on input li
ne 162.


Package natbib Warning: Citation `nhatho-mmpot' on page 11 undefined on input l
ine 174.


LaTeX Warning: Reference `Guarantees_for_EP' on page 11 undefined on input line
 184.


LaTeX Warning: Reference `prop:rounding' on page 11 undefined on input line 203
.

[11]

Package natbib Warning: Citation `altschuler2017near' on page 12 undefined on i
nput line 222.


Package natbib Warning: Citation `altschuler2017near' on page 12 undefined on i
nput line 222.

[12]

LaTeX Warning: Reference `bound for x_bar' on page 13 undefined on input line 3
00.


Package natbib Warning: Citation `nesterov2005smooth' on page 13 undefined on i
nput line 307.


LaTeX Warning: Reference `lemma:strongly_convex' on page 13 undefined on input 
line 307.


Package natbib Warning: Citation `Dvurechensky-2018-Computational' on page 13 u
ndefined on input line 307.


LaTeX Warning: Reference `strongconvex2_obs1' on page 13 undefined on input lin
e 319.


LaTeX Warning: Reference `strongconvex2_obs1' on page 13 undefined on input lin
e 328.


LaTeX Warning: Reference `strongconvex_alternative1' on page 13 undefined on in
put line 335.

[13]

LaTeX Warning: Reference `strongconv1' on page 14 undefined on input line 347.


LaTeX Warning: Reference `lemma:strongly_convex' on page 14 undefined on input 
line 349.


LaTeX Warning: Reference `strongconvex_alternative1' on page 14 undefined on in
put line 349.


LaTeX Warning: Reference `strongconvex_alternative1' on page 14 undefined on in
put line 349.


LaTeX Warning: Reference `strongconvex_alternative1' on page 14 undefined on in
put line 351.


LaTeX Warning: Reference `strongconvex_alternative1' on page 14 undefined on in
put line 375.


LaTeX Warning: Reference `strongconvex2_obs1' on page 14 undefined on input lin
e 375.


LaTeX Warning: Reference `prob:entropic' on page 14 undefined on input line 380
.

[14]

LaTeX Warning: Reference `main_problem' on page 15 undefined on input line 384.



LaTeX Warning: Reference `original_dual' on page 15 undefined on input line 403
.


Package natbib Warning: Citation `Dvurechensky-2018-Computational' on page 15 u
ndefined on input line 418.


LaTeX Warning: Reference `prob:entropic' on page 15 undefined on input line 421
.


LaTeX Warning: Reference `alg:APDAGD' on page 15 undefined on input line 421.


LaTeX Warning: Reference `APDAGD_complexity' on page 15 undefined on input line
 429.

[15]

LaTeX Warning: Reference `entropic_regularized_problem_transformed' on page 16 
undefined on input line 439.


LaTeX Warning: Reference `entropic_regularized_problem_transformed' on page 16 
undefined on input line 465.


LaTeX Warning: Reference `entropic_regularized_problem' on page 16 undefined on
 input line 465.


LaTeX Warning: Reference `h*' on page 16 undefined on input line 469.


LaTeX Warning: Reference `prob:entropic' on page 16 undefined on input line 469
.


LaTeX Warning: Reference `entropic_regularized_problem' on page 16 undefined on
 input line 469.


LaTeX Warning: Reference `h*_bound' on page 16 undefined on input line 486.

[16]

LaTeX Warning: Reference `APDAGD_complexity' on page 17 undefined on input line
 561.


LaTeX Warning: Reference `alg:ApproxOT_APDAGD' on page 17 undefined on input li
ne 562.

[17]

LaTeX Warning: Reference `Bounds_for_(u,v)' on page 18 undefined on input line 
568.


Package natbib Warning: Citation `lin2019efficient' on page 18 undefined on inp
ut line 575.


LaTeX Warning: Reference `norm_infinity_bounds' on page 18 undefined on input l
ine 579.


LaTeX Warning: Reference `iteration_bound' on page 18 undefined on input line 5
79.


Package natbib Warning: Citation `Sherman-2017-Area' on page 18 undefined on in
put line 691.


Package natbib Warning: Citation `Jambulapati-2019-Direct' on page 18 undefined
 on input line 691.


LaTeX Warning: Reference `POT_areaconvex' on page 18 undefined on input line 71
1.


LaTeX Warning: Reference `l1_penalized' on page 18 undefined on input line 711.



LaTeX Warning: Reference `POT_areaconvex' on page 18 undefined on input line 71
1.


LaTeX Warning: Reference `alg:rounding' on page 18 undefined on input line 711.



LaTeX Warning: Reference `prop:rounding' on page 18 undefined on input line 715
.


Package natbib Warning: Citation `Jambulapati-2019-Direct' on page 18 undefined
 on input line 717.


LaTeX Warning: Reference `alg:rounding' on page 18 undefined on input line 717.



LaTeX Warning: Reference `prop:rounding' on page 18 undefined on input line 717
.


LaTeX Warning: Reference `l1_penalized' on page 18 undefined on input line 725.


[18]

LaTeX Warning: Reference `POT_areaconvex' on page 19 undefined on input line 73
2.


LaTeX Warning: Reference `l1_penalized' on page 19 undefined on input line 732.



LaTeX Warning: Reference `l1_penalized' on page 19 undefined on input line 732.



LaTeX Warning: Reference `9_area_convex' on page 19 undefined on input line 734
.


LaTeX Warning: Reference `theorem:2nd_order_area_convex' on page 19 undefined o
n input line 737.


LaTeX Warning: Reference `matrix_A' on page 19 undefined on input line 765.


LaTeX Warning: Reference `T' on page 19 undefined on input line 790.


Package natbib Warning: Citation `Jambulapati-2019-Direct' on page 19 undefined
 on input line 792.

[19]

LaTeX Warning: Reference `duality_gap' on page 20 undefined on input line 796.


Package natbib Warning: Citation `Jambulapati-2019-Direct' on page 20 undefined
 on input line 796.


LaTeX Warning: Reference `alg:General_Dual_Extrapolation' on page 20 undefined 
on input line 798.


LaTeX Warning: Reference `alg:General_Dual_Extrapolation' on page 20 undefined 
on input line 799.


LaTeX Warning: Reference `regret_bound' on page 20 undefined on input line 806.



LaTeX Warning: Reference `Complexity_for_AM' on page 20 undefined on input line
 835.


Package natbib Warning: Citation `Jambulapati-2019-Direct' on page 20 undefined
 on input line 838.

[20]

LaTeX Warning: Reference `T' on page 21 undefined on input line 853.


LaTeX Warning: Reference `theorem:DE_complexity' on page 21 undefined on input 
line 885.


LaTeX Warning: Reference `Complexity_for_AM' on page 21 undefined on input line
 892.


LaTeX Warning: Reference `alg:Dual_Extrapolation_POT' on page 21 undefined on i
nput line 892.


LaTeX Warning: Reference `alg:Dual_Extrapolation_POT' on page 21 undefined on i
nput line 892.

) (Appendix/experiment_setup_details.tex [21]

LaTeX Warning: Reference `fig:color_transfer_comparison' on page 22 undefined o
n input line 15.


LaTeX Warning: Reference `fig:color_transfer_comparison' on page 22 undefined o
n input line 15.


Package natbib Warning: Citation `Blondel-2018-Smooth' on page 22 undefined on 
input line 15.


Package natbib Warning: Citation `nhatho-mmpot' on page 22 undefined on input l
ine 17.


LaTeX Warning: Reference `fig:color_transfer_comparison' on page 22 undefined o
n input line 18.


Package natbib Warning: Citation `altschuler2017near' on page 22 undefined on i
nput line 18.


Package natbib Warning: Citation `qin2022rigid' on page 22 undefined on input l
ine 21.


Package natbib Warning: Citation `qin2022rigid' on page 22 undefined on input l
ine 31.

) (Appendix/extra_experiments.tex
<figs/runtime_vary_eps.png, id=245, 301.125pt x 210.7875pt>
File: figs/runtime_vary_eps.png Graphic file (type png)
<use figs/runtime_vary_eps.png>
Package pdftex.def Info: figs/runtime_vary_eps.png  used on input line 7.
(pdftex.def)             Requested size: 252.94499pt x 177.06995pt.


LaTeX Warning: Reference `fig:de_vs_apdagd' on page 22 undefined on input line 
11.


LaTeX Warning: Reference `fig:runtime_for_varying_epsilon' on page 22 undefined
 on input line 11.


Package natbib Warning: Citation `Dvurechensky-2018-Computational' on page 22 u
ndefined on input line 11.


LaTeX Warning: Reference `fig:runtime_for_varying_epsilon' on page 22 undefined
 on input line 11.


Package natbib Warning: Citation `Dvurechensky-2018-Computational' on page 22 u
ndefined on input line 11.


LaTeX Warning: Reference `fig:de_vs_apdagd' on page 22 undefined on input line 
13.


LaTeX Warning: Reference `contraint_violation' on page 22 undefined on input li
ne 13.


LaTeX Warning: Reference `them:revised_sinkhorn_complexity' on page 22 undefine
d on input line 13.

<figs/revised_sinkhorn.pdf, id=247, 776.8473pt x 339.64491pt>
File: figs/revised_sinkhorn.pdf Graphic file (type pdf)
<use figs/revised_sinkhorn.pdf>
Package pdftex.def Info: figs/revised_sinkhorn.pdf  used on input line 16.
(pdftex.def)             Requested size: 404.71353pt x 176.94286pt.
[22]

LaTeX Warning: Reference `fig:POT_vs_OT' on page 23 undefined on input line 22.



Package natbib Warning: Citation `courty2017joint' on page 23 undefined on inpu
t line 25.


LaTeX Warning: Reference `remark:violation' on page 23 undefined on input line 
26.

[23 <./figs/runtime_vary_eps.png> <./figs/revised_sinkhorn.pdf, page is rotated
 90 degrees>]
<figs/POT_vs_OT.png, id=259, 2532.46124pt x 990.70125pt>
File: figs/POT_vs_OT.png Graphic file (type png)
<use figs/POT_vs_OT.png>
Package pdftex.def Info: figs/POT_vs_OT.png  used on input line 30.
(pdftex.def)             Requested size: 505.89pt x 197.89487pt.
<figs/apdagd_synthetic.pdf, id=260, 1032.22221pt x 227.14061pt>
File: figs/apdagd_synthetic.pdf Graphic file (type pdf)
<use figs/apdagd_synthetic.pdf>
Package pdftex.def Info: figs/apdagd_synthetic.pdf  used on input line 38.
(pdftex.def)             Requested size: 505.89pt x 111.32066pt.


LaTeX Warning: Reference `prob:pot_with_pq' on page 24 undefined on input line 
45.

[24 <./figs/POT_vs_OT.png> <./figs/apdagd_synthetic.pdf>]

LaTeX Warning: Reference `fig:scalability' on page 25 undefined on input line 7
0.

<figs/scalability.png, id=307, 1698.345pt x 1794.705pt>
File: figs/scalability.png Graphic file (type png)
<use figs/scalability.png>
Package pdftex.def Info: figs/scalability.png  used on input line 74.
(pdftex.def)             Requested size: 202.3529pt x 213.82175pt.
[25 <./figs/scalability.png>])

Package natbib Warning: There were undefined citations.

(main_changed.aux)
 ***********
LaTeX2e <2023-06-01> patch level 1
L3 programming layer <2023-08-29>
 ***********


LaTeX Warning: There were undefined references.


LaTeX Warning: Label(s) may have changed. Rerun to get cross-references right.

 ) 
Here is how much of TeX's memory you used:
 12854 strings out of 475247
 220042 string characters out of 5757792
 1954801 words of memory out of 5000000
 33722 multiletter control sequences out of 15000+600000
 618721 words of font info for 413 fonts, out of 8000000 for 9000
 1141 hyphenation exceptions out of 8191
 61i,17n,68p,1575b,656s stack positions out of 10000i,1000n,20000p,200000b,200000s
<C:/Users/micha/AppData/Local/Programs/MiKTeX/fonts/type1/public/amsfonts/cm/
cmbx10.pfb><C:/Users/micha/AppData/Local/Programs/MiKTeX/fonts/type1/public/ams
fonts/cm/cmbx7.pfb><C:/Users/micha/AppData/Local/Programs/MiKTeX/fonts/type1/pu
blic/amsfonts/cm/cmbx9.pfb><C:/Users/micha/AppData/Local/Programs/MiKTeX/fonts/
type1/public/amsfonts/cm/cmex10.pfb><C:/Users/micha/AppData/Local/Programs/MiKT
eX/fonts/type1/public/amsfonts/cmextra/cmex9.pfb><C:/Users/micha/AppData/Local/
Programs/MiKTeX/fonts/type1/public/amsfonts/cm/cmmi10.pfb><C:/Users/micha/AppDa
ta/Local/Programs/MiKTeX/fonts/type1/public/amsfonts/cm/cmmi5.pfb><C:/Users/mic
ha/AppData/Local/Programs/MiKTeX/fonts/type1/public/amsfonts/cm/cmmi6.pfb><C:/U
sers/micha/AppData/Local/Programs/MiKTeX/fonts/type1/public/amsfonts/cm/cmmi7.p
fb><C:/Users/micha/AppData/Local/Programs/MiKTeX/fonts/type1/public/amsfonts/cm
/cmmi9.pfb><C:/Users/micha/AppData/Local/Programs/MiKTeX/fonts/type1/public/ams
fonts/cm/cmmib10.pfb><C:/Users/micha/AppData/Local/Programs/MiKTeX/fonts/type1/
public/amsfonts/cm/cmr10.pfb><C:/Users/micha/AppData/Local/Programs/MiKTeX/font
s/type1/public/amsfonts/cm/cmr5.pfb><C:/Users/micha/AppData/Local/Programs/MiKT
eX/fonts/type1/public/amsfonts/cm/cmr6.pfb><C:/Users/micha/AppData/Local/Progra
ms/MiKTeX/fonts/type1/public/amsfonts/cm/cmr7.pfb><C:/Users/micha/AppData/Local
/Programs/MiKTeX/fonts/type1/public/amsfonts/cm/cmr9.pfb><C:/Users/micha/AppDat
a/Local/Programs/MiKTeX/fonts/type1/public/amsfonts/cm/cmsy10.pfb><C:/Users/mic
ha/AppData/Local/Programs/MiKTeX/fonts/type1/public/amsfonts/cm/cmsy5.pfb><C:/U
sers/micha/AppData/Local/Programs/MiKTeX/fonts/type1/public/amsfonts/cm/cmsy6.p
fb><C:/Users/micha/AppData/Local/Programs/MiKTeX/fonts/type1/public/amsfonts/cm
/cmsy7.pfb><C:/Users/micha/AppData/Local/Programs/MiKTeX/fonts/type1/public/ams
fonts/cm/cmsy9.pfb><C:/Users/micha/AppData/Local/Programs/MiKTeX/fonts/type1/pu
blic/amsfonts/cm/cmtt10.pfb><C:/Users/micha/AppData/Local/Programs/MiKTeX/fonts
/type1/public/amsfonts/symbols/msam10.pfb><C:/Users/micha/AppData/Local/Program
s/MiKTeX/fonts/type1/public/amsfonts/symbols/msbm10.pfb><C:/Users/micha/AppData
/Local/Programs/MiKTeX/fonts/type1/urw/courier/ucrr8a.pfb><C:/Users/micha/AppDa
ta/Local/Programs/MiKTeX/fonts/type1/urw/times/utmb8a.pfb><C:/Users/micha/AppDa
ta/Local/Programs/MiKTeX/fonts/type1/urw/times/utmr8a.pfb><C:/Users/micha/AppDa
ta/Local/Programs/MiKTeX/fonts/type1/urw/times/utmri8a.pfb>
Output written on main_changed.pdf (25 pages, 4043558 bytes).
PDF statistics:
 428 PDF objects out of 1000 (max. 8388607)
 0 named destinations out of 1000 (max. 500000)
 89651 words of extra memory for PDF output out of 106986 (max. 10000000)

