This is pdfTeX, Version 3.141592653-2.6-1.40.25 (MiKTeX 23.5) (preloaded format=pdflatex 2024.1.12)  3 MAR 2024 16:37
entering extended mode
 restricted \write18 enabled.
 %&-line parsing enabled.
**./egpaper_for_review_changed.tex
(egpaper_for_review_changed.tex
LaTeX2e <2023-06-01> patch level 1
L3 programming layer <2023-08-29>
(C:\Users\orfuc\AppData\Local\Programs\MiKTeX\tex/latex/base\article.cls
Document Class: article 2023/05/17 v1.4n Standard LaTeX document class
(C:\Users\orfuc\AppData\Local\Programs\MiKTeX\tex/latex/base\size10.clo
File: size10.clo 2023/05/17 v1.4n Standard LaTeX file (size option)
)
\c@part=\count185
\c@section=\count186
\c@subsection=\count187
\c@subsubsection=\count188
\c@paragraph=\count189
\c@subparagraph=\count190
\c@figure=\count191
\c@table=\count192
\abovecaptionskip=\skip48
\belowcaptionskip=\skip49
\bibindent=\dimen140
)
(aaai18.sty
Conference Style for AAAI for LaTeX 2e -- version for the AAAI-18 conference
\titlebox=\skip50
) (C:\Users\orfuc\AppData\Local\Programs\MiKTeX\tex/latex/psnfss\times.sty
Package: times 2020/03/25 PSNFSS-v9.3 (SPQR) 
)
(C:\Users\orfuc\AppData\Local\Programs\MiKTeX\tex/latex/psnfss\helvet.sty
Package: helvet 2020/03/25 PSNFSS-v9.3 (WaS) 

(C:\Users\orfuc\AppData\Local\Programs\MiKTeX\tex/latex/graphics\keyval.sty
Package: keyval 2022/05/29 v1.15 key=value parser (DPC)
\KV@toks@=\toks17
))
(C:\Users\orfuc\AppData\Local\Programs\MiKTeX\tex/latex/psnfss\courier.sty
Package: courier 2020/03/25 PSNFSS-v9.3 (WaS) 
)
(C:\Users\orfuc\AppData\Local\Programs\MiKTeX\tex/latex/url\url.sty
\Urlmuskip=\muskip16
Package: url 2013/09/16  ver 3.4  Verb mode for urls, etc.
)
(C:\Users\orfuc\AppData\Local\Programs\MiKTeX\tex/latex/graphics\graphicx.sty
Package: graphicx 2021/09/16 v1.2d Enhanced LaTeX Graphics (DPC,SPQR)

(C:\Users\orfuc\AppData\Local\Programs\MiKTeX\tex/latex/graphics\graphics.sty
Package: graphics 2022/03/10 v1.4e Standard LaTeX Graphics (DPC,SPQR)

(C:\Users\orfuc\AppData\Local\Programs\MiKTeX\tex/latex/graphics\trig.sty
Package: trig 2021/08/11 v1.11 sin cos tan (DPC)
)
(C:\Users\orfuc\AppData\Local\Programs\MiKTeX\tex/latex/graphics-cfg\graphics.c
fg
File: graphics.cfg 2016/06/04 v1.11 sample graphics configuration
)
Package graphics Info: Driver file: pdftex.def on input line 107.

(C:\Users\orfuc\AppData\Local\Programs\MiKTeX\tex/latex/graphics-def\pdftex.def
File: pdftex.def 2022/09/22 v1.2b Graphics/color driver for pdftex
))
\Gin@req@height=\dimen141
\Gin@req@width=\dimen142
) (C:\Users\orfuc\AppData\Local\Programs\MiKTeX\tex/latex/subfig\subfig.sty
Package: subfig 2005/06/28 ver: 1.3 subfig package

(C:\Users\orfuc\AppData\Local\Programs\MiKTeX\tex/latex/caption\caption3.sty
Package: caption3 2023/07/31 v2.4d caption3 kernel (AR)
\caption@tempdima=\dimen143
\captionmargin=\dimen144
\caption@leftmargin=\dimen145
\caption@rightmargin=\dimen146
\caption@width=\dimen147
\caption@indent=\dimen148
\caption@parindent=\dimen149
\caption@hangindent=\dimen150
Package caption Info: Standard document class detected.
)
\c@KVtest=\count193
\sf@farskip=\skip51
\sf@captopadj=\dimen151
\sf@capskip=\skip52
\sf@nearskip=\skip53
\c@subfigure=\count194
\c@subfigure@save=\count195
\c@lofdepth=\count196
\c@subtable=\count197
\c@subtable@save=\count198
\c@lotdepth=\count199
\sf@top=\skip54
\sf@bottom=\skip55
)
(C:\Users\orfuc\AppData\Local\Programs\MiKTeX\tex/latex/amsmath\amsmath.sty
Package: amsmath 2023/05/13 v2.17o AMS math features
\@mathmargin=\skip56

For additional information on amsmath, use the `?' option.
(C:\Users\orfuc\AppData\Local\Programs\MiKTeX\tex/latex/amsmath\amstext.sty
Package: amstext 2021/08/26 v2.01 AMS text

(C:\Users\orfuc\AppData\Local\Programs\MiKTeX\tex/latex/amsmath\amsgen.sty
File: amsgen.sty 1999/11/30 v2.0 generic functions
\@emptytoks=\toks18
\ex@=\dimen152
))
(C:\Users\orfuc\AppData\Local\Programs\MiKTeX\tex/latex/amsmath\amsbsy.sty
Package: amsbsy 1999/11/29 v1.2d Bold Symbols
\pmbraise@=\dimen153
)
(C:\Users\orfuc\AppData\Local\Programs\MiKTeX\tex/latex/amsmath\amsopn.sty
Package: amsopn 2022/04/08 v2.04 operator names
)
\inf@bad=\count266
LaTeX Info: Redefining \frac on input line 234.
\uproot@=\count267
\leftroot@=\count268
LaTeX Info: Redefining \overline on input line 399.
LaTeX Info: Redefining \colon on input line 410.
\classnum@=\count269
\DOTSCASE@=\count270
LaTeX Info: Redefining \ldots on input line 496.
LaTeX Info: Redefining \dots on input line 499.
LaTeX Info: Redefining \cdots on input line 620.
\Mathstrutbox@=\box51
\strutbox@=\box52
LaTeX Info: Redefining \big on input line 722.
LaTeX Info: Redefining \Big on input line 723.
LaTeX Info: Redefining \bigg on input line 724.
LaTeX Info: Redefining \Bigg on input line 725.
\big@size=\dimen154
LaTeX Font Info:    Redeclaring font encoding OML on input line 743.
LaTeX Font Info:    Redeclaring font encoding OMS on input line 744.
\macc@depth=\count271
LaTeX Info: Redefining \bmod on input line 905.
LaTeX Info: Redefining \pmod on input line 910.
LaTeX Info: Redefining \smash on input line 940.
LaTeX Info: Redefining \relbar on input line 970.
LaTeX Info: Redefining \Relbar on input line 971.
\c@MaxMatrixCols=\count272
\dotsspace@=\muskip17
\c@parentequation=\count273
\dspbrk@lvl=\count274
\tag@help=\toks19
\row@=\count275
\column@=\count276
\maxfields@=\count277
\andhelp@=\toks20
\eqnshift@=\dimen155
\alignsep@=\dimen156
\tagshift@=\dimen157
\tagwidth@=\dimen158
\totwidth@=\dimen159
\lineht@=\dimen160
\@envbody=\toks21
\multlinegap=\skip57
\multlinetaggap=\skip58
\mathdisplay@stack=\toks22
LaTeX Info: Redefining \[ on input line 2953.
LaTeX Info: Redefining \] on input line 2954.
)
(C:\Users\orfuc\AppData\Local\Programs\MiKTeX\tex/latex/amsfonts\amssymb.sty
Package: amssymb 2013/01/14 v3.01 AMS font symbols

(C:\Users\orfuc\AppData\Local\Programs\MiKTeX\tex/latex/amsfonts\amsfonts.sty
Package: amsfonts 2013/01/14 v3.01 Basic AMSFonts support
\symAMSa=\mathgroup4
\symAMSb=\mathgroup5
LaTeX Font Info:    Redeclaring math symbol \hbar on input line 98.
LaTeX Font Info:    Overwriting math alphabet `\mathfrak' in version `bold'
(Font)                  U/euf/m/n --> U/euf/b/n on input line 106.
))
(C:\Users\orfuc\AppData\Local\Programs\MiKTeX\tex/latex/algorithms\algorithm.st
y
Package: algorithm 2009/08/24 v0.1 Document Style `algorithm' - floating enviro
nment
 (C:\Users\orfuc\AppData\Local\Programs\MiKTeX\tex/latex/float\float.sty
Package: float 2001/11/08 v1.3d Float enhancements (AL)
\c@float@type=\count278
\float@exts=\toks23
\float@box=\box53
\@float@everytoks=\toks24
\@floatcapt=\box54
)
(C:\Users\orfuc\AppData\Local\Programs\MiKTeX\tex/latex/base\ifthen.sty
Package: ifthen 2022/04/13 v1.1d Standard LaTeX ifthen package (DPC)
)
\@float@every@algorithm=\toks25
\c@algorithm=\count279
)
(C:\Users\orfuc\AppData\Local\Programs\MiKTeX\tex/latex/algorithms\algorithmic.
sty
Package: algorithmic 2009/08/24 v0.1 Document Style `algorithmic'
\c@ALC@unique=\count280
\c@ALC@line=\count281
\c@ALC@rem=\count282
\c@ALC@depth=\count283
\ALC@tlm=\skip59
\algorithmicindent=\skip60
) (C:\Users\orfuc\AppData\Local\Programs\MiKTeX\tex/latex/graphics\color.sty
Package: color 2022/01/06 v1.3d Standard LaTeX Color (DPC)
(C:\Users\orfuc\AppData\Local\Programs\MiKTeX\tex/latex/graphics-cfg\color.cfg
File: color.cfg 2016/01/02 v1.6 sample color configuration
)
Package color Info: Driver file: pdftex.def on input line 149.
(C:\Users\orfuc\AppData\Local\Programs\MiKTeX\tex/latex/graphics\mathcolor.ltx)
) (C:\Users\orfuc\AppData\Local\Programs\MiKTeX\tex/latex/multirow\multirow.sty
Package: multirow 2021/03/15 v2.8 Span multiple rows of a table
\multirow@colwidth=\skip61
\multirow@cntb=\count284
\multirow@dima=\skip62
\bigstrutjot=\dimen161
) (C:\Users\orfuc\AppData\Local\Programs\MiKTeX\tex/generic/babel\babel.sty
Package: babel 2023/08/29 v3.93 The Babel package
\babel@savecnt=\count285
\U@D=\dimen162
\l@unhyphenated=\language79

(C:\Users\orfuc\AppData\Local\Programs\MiKTeX\tex/generic/babel\txtbabel.def)
\bbl@readstream=\read2
\bbl@dirlevel=\count286

*************************************
* Local config file bblopts.cfg used
*
(C:\Users\orfuc\AppData\Local\Programs\MiKTeX\tex/latex/arabi\bblopts.cfg
File: bblopts.cfg 2005/09/08 v0.1 add Arabic and Farsi to "declared" options of
 babel
)
(C:\Users\orfuc\AppData\Local\Programs\MiKTeX\tex/latex/babel-english\american.
ldf
Language: american 2017/06/06 v3.3r English support from the babel system

(C:\Users\orfuc\AppData\Local\Programs\MiKTeX\tex/latex/babel-english\english.l
df
Language: english 2017/06/06 v3.3r English support from the babel system
Package babel Info: Hyphen rules for 'canadian' set to \l@english
(babel)             (\language0). Reported on input line 102.
Package babel Info: Hyphen rules for 'australian' set to \l@ukenglish
(babel)             (\language73). Reported on input line 105.
Package babel Info: Hyphen rules for 'newzealand' set to \l@ukenglish
(babel)             (\language73). Reported on input line 108.
)))
(C:\Users\orfuc\AppData\Local\Programs\MiKTeX\tex/generic/babel/locale/en\babel
-american.tex
Package babel Info: Importing font and identification data for american
(babel)             from babel-en-US.ini. Reported on input line 11.
)
LaTeX Font Info:    Trying to load font information for OT1+ptm on input line 3
3.

(C:\Users\orfuc\AppData\Local\Programs\MiKTeX\tex/latex/psnfss\ot1ptm.fd
File: ot1ptm.fd 2001/06/04 font definitions for OT1/ptm.
)
(C:\Users\orfuc\AppData\Local\Programs\MiKTeX\tex/latex/l3backend\l3backend-pdf
tex.def
File: l3backend-pdftex.def 2023-04-19 L3 backend support: PDF output (pdfTeX)
\l__color_backend_stack_int=\count287
\l__pdf_internal_box=\box55
) (egpaper_for_review_changed.aux)
\openout1 = `egpaper_for_review_changed.aux'.

LaTeX Font Info:    Checking defaults for OML/cmm/m/it on input line 33.
LaTeX Font Info:    ... okay on input line 33.
LaTeX Font Info:    Checking defaults for OMS/cmsy/m/n on input line 33.
LaTeX Font Info:    ... okay on input line 33.
LaTeX Font Info:    Checking defaults for OT1/cmr/m/n on input line 33.
LaTeX Font Info:    ... okay on input line 33.
LaTeX Font Info:    Checking defaults for T1/cmr/m/n on input line 33.
LaTeX Font Info:    ... okay on input line 33.
LaTeX Font Info:    Checking defaults for TS1/cmr/m/n on input line 33.
LaTeX Font Info:    ... okay on input line 33.
LaTeX Font Info:    Checking defaults for OMX/cmex/m/n on input line 33.
LaTeX Font Info:    ... okay on input line 33.
LaTeX Font Info:    Checking defaults for U/cmr/m/n on input line 33.
LaTeX Font Info:    ... okay on input line 33.

(C:\Users\orfuc\AppData\Local\Programs\MiKTeX\tex/context/base/mkii\supp-pdf.mk
ii
[Loading MPS to PDF converter (version 2006.09.02).]
\scratchcounter=\count288
\scratchdimen=\dimen163
\scratchbox=\box56
\nofMPsegments=\count289
\nofMParguments=\count290
\everyMPshowfont=\toks26
\MPscratchCnt=\count291
\MPscratchDim=\dimen164
\MPnumerator=\count292
\makeMPintoPDFobject=\count293
\everyMPtoPDFconversion=\toks27
)
(C:\Users\orfuc\AppData\Local\Programs\MiKTeX\tex/latex/epstopdf-pkg\epstopdf-b
ase.sty
Package: epstopdf-base 2020-01-24 v2.11 Base part for package epstopdf

(C:\Users\orfuc\AppData\Local\Programs\MiKTeX\tex/generic/infwarerr\infwarerr.s
ty
Package: infwarerr 2019/12/03 v1.5 Providing info/warning/error messages (HO)
) (C:\Users\orfuc\AppData\Local\Programs\MiKTeX\tex/latex/grfext\grfext.sty
Package: grfext 2019/12/03 v1.3 Manage graphics extensions (HO)

(C:\Users\orfuc\AppData\Local\Programs\MiKTeX\tex/generic/kvdefinekeys\kvdefine
keys.sty
Package: kvdefinekeys 2019-12-19 v1.6 Define keys (HO)
))
(C:\Users\orfuc\AppData\Local\Programs\MiKTeX\tex/latex/kvoptions\kvoptions.sty
Package: kvoptions 2022-06-15 v3.15 Key value format for package options (HO)
(C:\Users\orfuc\AppData\Local\Programs\MiKTeX\tex/generic/ltxcmds\ltxcmds.sty
Package: ltxcmds 2020-05-10 v1.25 LaTeX kernel commands for general use (HO)
)
(C:\Users\orfuc\AppData\Local\Programs\MiKTeX\tex/latex/kvsetkeys\kvsetkeys.sty
Package: kvsetkeys 2022-10-05 v1.19 Key value parser (HO)
))
(C:\Users\orfuc\AppData\Local\Programs\MiKTeX\tex/generic/pdftexcmds\pdftexcmds
.sty
Package: pdftexcmds 2020-06-27 v0.33 Utility functions of pdfTeX for LuaTeX (HO
)
 (C:\Users\orfuc\AppData\Local\Programs\MiKTeX\tex/generic/iftex\iftex.sty
Package: iftex 2022/02/03 v1.0f TeX engine tests
)
Package pdftexcmds Info: \pdf@primitive is available.
Package pdftexcmds Info: \pdf@ifprimitive is available.
Package pdftexcmds Info: \pdfdraftmode found.
)
Package epstopdf-base Info: Redefining graphics rule for `.eps' on input line 4
85.
Package grfext Info: Graphics extension search list:
(grfext)             [.pdf,.png,.jpg,.mps,.jpeg,.jbig2,.jb2,.PDF,.PNG,.JPG,.JPE
G,.JBIG2,.JB2,.eps]
(grfext)             \AppendGraphicsExtensions on input line 504.

(C:\Users\orfuc\AppData\Local\Programs\MiKTeX\tex/latex/00miktex\epstopdf-sys.c
fg
File: epstopdf-sys.cfg 2021/03/18 v2.0 Configuration of epstopdf for MiKTeX
))
Package caption Info: Begin \AtBeginDocument code.
Package caption Info: subfig package v1.3 is loaded.
Package caption Info: End \AtBeginDocument code.
LaTeX Font Info:    Trying to load font information for U+msa on input line 45.

 (C:\Users\orfuc\AppData\Local\Programs\MiKTeX\tex/latex/amsfonts\umsa.fd
File: umsa.fd 2013/01/14 v3.01 AMS symbols A
)
LaTeX Font Info:    Trying to load font information for U+msb on input line 45.


(C:\Users\orfuc\AppData\Local\Programs\MiKTeX\tex/latex/amsfonts\umsb.fd
File: umsb.fd 2013/01/14 v3.01 AMS symbols B
)
LaTeX Font Info:    Trying to load font information for TS1+ptm on input line 4
5.

(C:\Users\orfuc\AppData\Local\Programs\MiKTeX\tex/latex/psnfss\ts1ptm.fd
File: ts1ptm.fd 2001/06/04 font definitions for TS1/ptm.
)
LaTeX Font Info:    Trying to load font information for OMS+ptm on input line 4
5.

(C:\Users\orfuc\AppData\Local\Programs\MiKTeX\tex/latex/psnfss\omsptm.fd
File: omsptm.fd 
)
LaTeX Font Info:    Font shape `OMS/ptm/m/n' in size <10> not available
(Font)              Font shape `OMS/cmsy/m/n' tried instead on input line 45.


LaTeX Warning: Citation `c3d' on page 1 undefined on input line 53.


LaTeX Warning: Citation `KVMF' on page 1 undefined on input line 53.


LaTeX Warning: Citation `liu2016two' on page 1 undefined on input line 81.


LaTeX Warning: Citation `ImageNet' on page 1 undefined on input line 81.


LaTeX Warning: Citation `song2017end' on page 1 undefined on input line 81.


LaTeX Warning: Citation `dutaspatio' on page 1 undefined on input line 81.


LaTeX Warning: Citation `3stream' on page 1 undefined on input line 81.


LaTeX Warning: Citation `3stream2' on page 1 undefined on input line 81.


LaTeX Warning: Citation `kar2016adascan' on page 1 undefined on input line 81.


LaTeX Warning: Citation `visualattention' on page 1 undefined on input line 81.



LaTeX Warning: Citation `KVMF' on page 1 undefined on input line 81.


LaTeX Warning: Citation `TSN' on page 1 undefined on input line 81.


LaTeX Warning: Citation `cherian2017generalized' on page 1 undefined on input l
ine 81.

<./figures1/fig1b.png, id=1, 701.9826pt x 414.8298pt>
File: ./figures1/fig1b.png Graphic file (type png)
<use ./figures1/fig1b.png>
Package pdftex.def Info: ./figures1/fig1b.png  used on input line 86.
(pdftex.def)             Requested size: 227.61679pt x 128.03255pt.
<./figures1/fig2.png, id=3, 732.336pt x 208.6194pt>
File: ./figures1/fig2.png Graphic file (type png)
<use ./figures1/fig2.png>
Package pdftex.def Info: ./figures1/fig2.png  used on input line 88.
(pdftex.def)             Requested size: 227.64758pt x 61.71408pt.
[1{C:/Users/orfuc/AppData/Local/MiKTeX/fonts/map/pdftex/pdftex.map}{C:/Users/or
fuc/AppData/Local/Programs/MiKTeX/fonts/enc/dvips/base/8r.enc}



 <./figures1/fig1b.png> <./figures1/fig2.png>]

LaTeX Warning: Citation `baseline' on page 2 undefined on input line 100.


LaTeX Warning: Citation `3stream' on page 2 undefined on input line 100.


LaTeX Warning: Citation `3stream2' on page 2 undefined on input line 100.


LaTeX Warning: Citation `TSN' on page 2 undefined on input line 100.


LaTeX Warning: Citation `wumultifusion' on page 2 undefined on input line 100.


LaTeX Warning: Citation `lstmiccv2017' on page 2 undefined on input line 100.


Underfull \hbox (badness 2671) in paragraph at lines 111--112
[]\OT1/ptm/m/n/10 We com-bine the pro-posed coarse-to-fine and asyn-
 []


LaTeX Warning: Citation `3dsift' on page 2 undefined on input line 120.


LaTeX Warning: Citation `iDT' on page 2 undefined on input line 120.


LaTeX Warning: Citation `3dcnn2' on page 2 undefined on input line 122.


LaTeX Warning: Citation `baseline' on page 2 undefined on input line 122.


LaTeX Warning: Citation `3stream' on page 2 undefined on input line 122.


LaTeX Warning: Citation `3stream2' on page 2 undefined on input line 122.


LaTeX Warning: Citation `kar2016adascan' on page 2 undefined on input line 122.



LaTeX Warning: Citation `visualattention' on page 2 undefined on input line 122
.


LaTeX Warning: Citation `KVMF' on page 2 undefined on input line 122.


LaTeX Warning: Citation `TSN' on page 2 undefined on input line 122.


LaTeX Warning: Citation `wumultifusion' on page 2 undefined on input line 122.


LaTeX Warning: Citation `cherian2017generalized' on page 2 undefined on input l
ine 122.


LaTeX Warning: Citation `DIN' on page 2 undefined on input line 122.


LaTeX Warning: Citation `jointattention' on page 2 undefined on input line 124.



Underfull \hbox (badness 1292) in paragraph at lines 124--125
[]\OT1/ptm/m/n/10 Most of the ex-ist-ing works are tar-geted at learn-ing
 []


LaTeX Warning: Citation `nips' on page 2 undefined on input line 128.


LaTeX Warning: Citation `wumultifusion' on page 2 undefined on input line 128.


LaTeX Warning: Citation `twostreamfuse' on page 2 undefined on input line 128.


LaTeX Warning: Citation `lstmiccv2017' on page 2 undefined on input line 128.


LaTeX Warning: Citation `nips' on page 2 undefined on input line 128.


LaTeX Warning: Citation `wumultifusion' on page 2 undefined on input line 128.

<./figures1/framework.png, id=16, 698.1282pt x 419.166pt>
File: ./figures1/framework.png Graphic file (type png)
<use ./figures1/framework.png>
Package pdftex.def Info: ./figures1/framework.png  used on input line 136.
(pdftex.def)             Requested size: 237.76524pt x 151.76949pt.
[2]
<./figures1/coarse-to-fine.png, id=20, 642.7212pt x 441.8106pt>
File: ./figures1/coarse-to-fine.png Graphic file (type png)
<use ./figures1/coarse-to-fine.png>
Package pdftex.def Info: ./figures1/coarse-to-fine.png  used on input line 167.

(pdftex.def)             Requested size: 237.76389pt x 161.88985pt.


LaTeX Warning: Citation `skeleton' on page 3 undefined on input line 177.


LaTeX Warning: Citation `skeleton2' on page 3 undefined on input line 177.


LaTeX Warning: Citation `skeleton' on page 3 undefined on input line 179.


LaTeX Warning: Citation `skeleton' on page 3 undefined on input line 179.


LaTeX Warning: Citation `skeleton2' on page 3 undefined on input line 179.


LaTeX Warning: Citation `M2048' on page 3 undefined on input line 192.


LaTeX Warning: Citation `crossentropy' on page 3 undefined on input line 198.

[3 <./figures1/framework.png> <./figures1/coarse-to-fine.png>]
<./figures1/action_class.png, id=27, 597.9138pt x 305.943pt>
File: ./figures1/action_class.png Graphic file (type png)
<use ./figures1/action_class.png>
Package pdftex.def Info: ./figures1/action_class.png  used on input line 211.
(pdftex.def)             Requested size: 237.7654pt x 141.65047pt.

Underfull \hbox (badness 7704) in paragraph at lines 223--224
[]\OT1/ptm/m/n/10 Since the ground-truth ac-tion class of an in-put
 []


LaTeX Warning: Citation `twocnn' on page 4 undefined on input line 226.


LaTeX Warning: Citation `twocnn2' on page 4 undefined on input line 226.


Underfull \hbox (badness 2409) in paragraph at lines 226--227
\OT1/ptm/m/n/10 van-tage of prop-erly com-bin-ing two Con-vNets (i.e.,
 []


LaTeX Warning: Citation `LSTM' on page 4 undefined on input line 235.


LaTeX Warning: Citation `LSTM2' on page 4 undefined on input line 235.


LaTeX Warning: Citation `LSTM' on page 4 undefined on input line 262.

[4 <./figures1/action_class.png>]
<./figures1/asynchronous.png, id=40, 751.1262pt x 529.98pt>
File: ./figures1/asynchronous.png Graphic file (type png)
<use ./figures1/asynchronous.png>
Package pdftex.def Info: ./figures1/asynchronous.png  used on input line 355.
(pdftex.def)             Requested size: 217.52303pt x 136.59468pt.


LaTeX Warning: Citation `twostreamfuse' on page 5 undefined on input line 363.


LaTeX Warning: Citation `LSTM' on page 5 undefined on input line 375.


Underfull \hbox (badness 1087) in paragraph at lines 390--392
\OT1/ptm/m/n/10 where $\OML/cmm/m/it/10 N$ \OT1/ptm/m/n/10 is the to-tal num-be
r of ac-tion classes. $\OML/cmm/m/it/10 n[]$ \OT1/ptm/m/n/10 is
 []


Underfull \hbox (badness 1668) in paragraph at lines 390--392
\OT1/ptm/m/n/10 the ground-truth class la-bel of in-put video. $\OML/cmm/m/it/1
0 T \OT1/cmr/m/n/10 = 5$
 []


Underfull \hbox (badness 1389) in paragraph at lines 390--392
\OT1/ptm/m/n/10 is the to-tal num-ber of LSTM units and $\OT1/cmr/m/n/10 1$\OT1
/ptm/m/n/10 -layer Con-
 []


Underfull \hbox (badness 1275) in paragraph at lines 390--392
\OT1/ptm/m/n/10 vNets. $\OT1/cmr/bx/n/10 ^^H[]$ \OT1/ptm/m/n/10 and $\OT1/cmr/b
x/n/10 K[]$ \OT1/ptm/m/n/10 are the pa-ram-e-ter sets for the $\OML/cmm/m/it/10
 t$\OT1/ptm/m/n/10 th
 []


LaTeX Warning: Citation `TSN' on page 5 undefined on input line 407.

[5 <./figures1/asynchronous.png>]

LaTeX Warning: Citation `ucf101' on page 6 undefined on input line 415.


LaTeX Warning: Citation `hmdb51' on page 6 undefined on input line 415.


Underfull \hbox (badness 1540) in paragraph at lines 415--416
\OT1/ptm/b/n/10 Datasets. \OT1/ptm/m/n/10 We per-form ex-per-i-ments on two ben
ch-mark
 []


LaTeX Warning: Citation `caffe' on page 6 undefined on input line 419.


LaTeX Warning: Citation `TSN' on page 6 undefined on input line 422.


LaTeX Warning: Citation `TDDIDT' on page 6 undefined on input line 422.


LaTeX Warning: Citation `transform' on page 6 undefined on input line 422.


LaTeX Warning: Citation `ImageNet' on page 6 undefined on input line 422.


LaTeX Warning: Citation `baseline' on page 6 undefined on input line 434.


LaTeX Warning: Citation `twocnn' on page 6 undefined on input line 434.


LaTeX Warning: Citation `twocnn2' on page 6 undefined on input line 434.


Underfull \hbox (badness 1205) in paragraph at lines 467--468
\OT1/ptm/m/n/10 (\OT1/ptm/m/it/10 CO2FI-complete\OT1/ptm/m/n/10 ), which ob-tai
ns fea-tures by in-clud-ing
 []

[6]
<./figures1/exp.png, id=48, 797.8608pt x 282.3348pt>
File: ./figures1/exp.png Graphic file (type png)
<use ./figures1/exp.png>
Package pdftex.def Info: ./figures1/exp.png  used on input line 518.
(pdftex.def)             Requested size: 237.76524pt x 91.0555pt.


LaTeX Warning: Citation `iDT' on page 7 undefined on input line 528.

No file egpaper_for_review_changed.bbl.
[7 <./figures1/exp.png>] [8

] (egpaper_for_review_changed.aux)
 ***********
LaTeX2e <2023-06-01> patch level 1
L3 programming layer <2023-08-29>
 ***********
 ) 
Here is how much of TeX's memory you used:
 6013 strings out of 475247
 104015 string characters out of 5757792
 1947801 words of memory out of 5000000
 27402 multiletter control sequences out of 15000+600000
 591452 words of font info for 105 fonts, out of 8000000 for 9000
 1142 hyphenation exceptions out of 8191
 61i,15n,69p,2024b,395s stack positions out of 10000i,1000n,20000p,200000b,200000s
<C:/Users/orfuc/AppData/Local/Programs/MiKTeX/fonts/type1/public/amsfonts/cm/
cmbx10.pfb><C:/Users/orfuc/AppData/Local/Programs/MiKTeX/fonts/type1/public/ams
fonts/cm/cmbx7.pfb><C:/Users/orfuc/AppData/Local/Programs/MiKTeX/fonts/type1/pu
blic/amsfonts/cm/cmex10.pfb><C:/Users/orfuc/AppData/Local/Programs/MiKTeX/fonts
/type1/public/amsfonts/cm/cmmi10.pfb><C:/Users/orfuc/AppData/Local/Programs/MiK
TeX/fonts/type1/public/amsfonts/cm/cmmi5.pfb><C:/Users/orfuc/AppData/Local/Prog
rams/MiKTeX/fonts/type1/public/amsfonts/cm/cmmi7.pfb><C:/Users/orfuc/AppData/Lo
cal/Programs/MiKTeX/fonts/type1/public/amsfonts/cm/cmr10.pfb><C:/Users/orfuc/Ap
pData/Local/Programs/MiKTeX/fonts/type1/public/amsfonts/cm/cmr5.pfb><C:/Users/o
rfuc/AppData/Local/Programs/MiKTeX/fonts/type1/public/amsfonts/cm/cmr7.pfb><C:/
Users/orfuc/AppData/Local/Programs/MiKTeX/fonts/type1/public/amsfonts/cm/cmr8.p
fb><C:/Users/orfuc/AppData/Local/Programs/MiKTeX/fonts/type1/public/amsfonts/cm
/cmsy10.pfb><C:/Users/orfuc/AppData/Local/Programs/MiKTeX/fonts/type1/public/am
sfonts/cm/cmsy7.pfb><C:/Users/orfuc/AppData/Local/Programs/MiKTeX/fonts/type1/u
rw/times/utmb8a.pfb><C:/Users/orfuc/AppData/Local/Programs/MiKTeX/fonts/type1/u
rw/times/utmr8a.pfb><C:/Users/orfuc/AppData/Local/Programs/MiKTeX/fonts/type1/u
rw/times/utmri8a.pfb>
Output written on egpaper_for_review_changed.pdf (8 pages, 2943310 bytes).
PDF statistics:
 120 PDF objects out of 1000 (max. 8388607)
 0 named destinations out of 1000 (max. 500000)
 36 words of extra memory for PDF output out of 10000 (max. 10000000)

