This is pdfTeX, Version 3.141592653-2.6-1.40.25 (MiKTeX 23.9) (preloaded format=pdflatex 2023.9.22)  15 JAN 2024 19:23
entering extended mode
 restricted \write18 enabled.
 %&-line parsing enabled.
**./main_changed.tex
(main_changed.tex
LaTeX2e <2023-06-01> patch level 1
L3 programming layer <2023-08-29>
(C:\Users\micha\AppData\Local\Programs\MiKTeX\tex/latex/base\article.cls
Document Class: article 2023/05/17 v1.4n Standard LaTeX document class
(C:\Users\micha\AppData\Local\Programs\MiKTeX\tex/latex/base\size10.clo
File: size10.clo 2023/05/17 v1.4n Standard LaTeX file (size option)
)
\c@part=\count185
\c@section=\count186
\c@subsection=\count187
\c@subsubsection=\count188
\c@paragraph=\count189
\c@subparagraph=\count190
\c@figure=\count191
\c@table=\count192
\abovecaptionskip=\skip48
\belowcaptionskip=\skip49
\bibindent=\dimen140
)
(aaai24.sty
Package: aaai24 2023/06/26 AAAI 2024 Submission format

Conference Style for AAAI for LaTeX 2e -- version for submission
\titlebox=\skip50
) (C:\Users\micha\AppData\Local\Programs\MiKTeX\tex/latex/psnfss\times.sty
Package: times 2020/03/25 PSNFSS-v9.3 (SPQR) 
)
(C:\Users\micha\AppData\Local\Programs\MiKTeX\tex/latex/psnfss\helvet.sty
Package: helvet 2020/03/25 PSNFSS-v9.3 (WaS) 

(C:\Users\micha\AppData\Local\Programs\MiKTeX\tex/latex/graphics\keyval.sty
Package: keyval 2022/05/29 v1.15 key=value parser (DPC)
\KV@toks@=\toks17
))
(C:\Users\micha\AppData\Local\Programs\MiKTeX\tex/latex/psnfss\courier.sty
Package: courier 2020/03/25 PSNFSS-v9.3 (WaS) 
)
(C:\Users\micha\AppData\Local\Programs\MiKTeX\tex/latex/url\url.sty
\Urlmuskip=\muskip16
Package: url 2013/09/16  ver 3.4  Verb mode for urls, etc.
)
(C:\Users\micha\AppData\Local\Programs\MiKTeX\tex/latex/graphics\graphicx.sty
Package: graphicx 2021/09/16 v1.2d Enhanced LaTeX Graphics (DPC,SPQR)

(C:\Users\micha\AppData\Local\Programs\MiKTeX\tex/latex/graphics\graphics.sty
Package: graphics 2022/03/10 v1.4e Standard LaTeX Graphics (DPC,SPQR)

(C:\Users\micha\AppData\Local\Programs\MiKTeX\tex/latex/graphics\trig.sty
Package: trig 2021/08/11 v1.11 sin cos tan (DPC)
)
(C:\Users\micha\AppData\Local\Programs\MiKTeX\tex/latex/graphics-cfg\graphics.c
fg
File: graphics.cfg 2016/06/04 v1.11 sample graphics configuration
)
Package graphics Info: Driver file: pdftex.def on input line 107.

(C:\Users\micha\AppData\Local\Programs\MiKTeX\tex/latex/graphics-def\pdftex.def
File: pdftex.def 2022/09/22 v1.2b Graphics/color driver for pdftex
))
\Gin@req@height=\dimen141
\Gin@req@width=\dimen142
) (C:\Users\micha\AppData\Local\Programs\MiKTeX\tex/latex/natbib\natbib.sty
Package: natbib 2010/09/13 8.31b (PWD, AO)
\bibhang=\skip51
\bibsep=\skip52
LaTeX Info: Redefining \cite on input line 694.
\c@NAT@ctr=\count193
)
(C:\Users\micha\AppData\Local\Programs\MiKTeX\tex/latex/caption\caption.sty
Package: caption 2023/07/31 v3.6n Customizing captions (AR)

(C:\Users\micha\AppData\Local\Programs\MiKTeX\tex/latex/caption\caption3.sty
Package: caption3 2023/07/31 v2.4d caption3 kernel (AR)
\caption@tempdima=\dimen143
\captionmargin=\dimen144
\caption@leftmargin=\dimen145
\caption@rightmargin=\dimen146
\caption@width=\dimen147
\caption@indent=\dimen148
\caption@parindent=\dimen149
\caption@hangindent=\dimen150
Package caption Info: Standard document class detected.
)
\c@caption@flags=\count194
\c@continuedfloat=\count195
)
(C:\Users\micha\AppData\Local\Programs\MiKTeX\tex/latex/caption\subcaption.sty
Package: subcaption 2023/07/28 v1.6b Sub-captions (AR)
Package caption Info: New subtype `subfigure' on input line 238.
\c@subfigure=\count196
Package caption Info: New subtype `subtable' on input line 238.
\c@subtable=\count197
) (C:\Users\micha\AppData\Local\Programs\MiKTeX\tex/latex/amsmath\amsmath.sty
Package: amsmath 2023/05/13 v2.17o AMS math features
\@mathmargin=\skip53

For additional information on amsmath, use the `?' option.
(C:\Users\micha\AppData\Local\Programs\MiKTeX\tex/latex/amsmath\amstext.sty
Package: amstext 2021/08/26 v2.01 AMS text

(C:\Users\micha\AppData\Local\Programs\MiKTeX\tex/latex/amsmath\amsgen.sty
File: amsgen.sty 1999/11/30 v2.0 generic functions
\@emptytoks=\toks18
\ex@=\dimen151
))
(C:\Users\micha\AppData\Local\Programs\MiKTeX\tex/latex/amsmath\amsbsy.sty
Package: amsbsy 1999/11/29 v1.2d Bold Symbols
\pmbraise@=\dimen152
)
(C:\Users\micha\AppData\Local\Programs\MiKTeX\tex/latex/amsmath\amsopn.sty
Package: amsopn 2022/04/08 v2.04 operator names
)
\inf@bad=\count198
LaTeX Info: Redefining \frac on input line 234.
\uproot@=\count199
\leftroot@=\count266
LaTeX Info: Redefining \overline on input line 399.
LaTeX Info: Redefining \colon on input line 410.
\classnum@=\count267
\DOTSCASE@=\count268
LaTeX Info: Redefining \ldots on input line 496.
LaTeX Info: Redefining \dots on input line 499.
LaTeX Info: Redefining \cdots on input line 620.
\Mathstrutbox@=\box51
\strutbox@=\box52
LaTeX Info: Redefining \big on input line 722.
LaTeX Info: Redefining \Big on input line 723.
LaTeX Info: Redefining \bigg on input line 724.
LaTeX Info: Redefining \Bigg on input line 725.
\big@size=\dimen153
LaTeX Font Info:    Redeclaring font encoding OML on input line 743.
LaTeX Font Info:    Redeclaring font encoding OMS on input line 744.
\macc@depth=\count269
LaTeX Info: Redefining \bmod on input line 905.
LaTeX Info: Redefining \pmod on input line 910.
LaTeX Info: Redefining \smash on input line 940.
LaTeX Info: Redefining \relbar on input line 970.
LaTeX Info: Redefining \Relbar on input line 971.
\c@MaxMatrixCols=\count270
\dotsspace@=\muskip17
\c@parentequation=\count271
\dspbrk@lvl=\count272
\tag@help=\toks19
\row@=\count273
\column@=\count274
\maxfields@=\count275
\andhelp@=\toks20
\eqnshift@=\dimen154
\alignsep@=\dimen155
\tagshift@=\dimen156
\tagwidth@=\dimen157
\totwidth@=\dimen158
\lineht@=\dimen159
\@envbody=\toks21
\multlinegap=\skip54
\multlinetaggap=\skip55
\mathdisplay@stack=\toks22
LaTeX Info: Redefining \[ on input line 2953.
LaTeX Info: Redefining \] on input line 2954.
)
(C:\Users\micha\AppData\Local\Programs\MiKTeX\tex/latex/amsfonts\amssymb.sty
Package: amssymb 2013/01/14 v3.01 AMS font symbols

(C:\Users\micha\AppData\Local\Programs\MiKTeX\tex/latex/amsfonts\amsfonts.sty
Package: amsfonts 2013/01/14 v3.01 Basic AMSFonts support
\symAMSa=\mathgroup4
\symAMSb=\mathgroup5
LaTeX Font Info:    Redeclaring math symbol \hbar on input line 98.
LaTeX Font Info:    Overwriting math alphabet `\mathfrak' in version `bold'
(Font)                  U/euf/m/n --> U/euf/b/n on input line 106.
))
(C:\Users\micha\AppData\Local\Programs\MiKTeX\tex/latex/mathtools\mathtools.sty
Package: mathtools 2022/06/29 v1.29 mathematical typesetting tools
(C:\Users\micha\AppData\Local\Programs\MiKTeX\tex/latex/tools\calc.sty
Package: calc 2017/05/25 v4.3 Infix arithmetic (KKT,FJ)
\calc@Acount=\count276
\calc@Bcount=\count277
\calc@Adimen=\dimen160
\calc@Bdimen=\dimen161
\calc@Askip=\skip56
\calc@Bskip=\skip57
LaTeX Info: Redefining \setlength on input line 80.
LaTeX Info: Redefining \addtolength on input line 81.
\calc@Ccount=\count278
\calc@Cskip=\skip58
)
(C:\Users\micha\AppData\Local\Programs\MiKTeX\tex/latex/mathtools\mhsetup.sty
Package: mhsetup 2021/03/18 v1.4 programming setup (MH)
)
\g_MT_multlinerow_int=\count279
\l_MT_multwidth_dim=\dimen162
\origjot=\skip59
\l_MT_shortvdotswithinadjustabove_dim=\dimen163
\l_MT_shortvdotswithinadjustbelow_dim=\dimen164
\l_MT_above_intertext_sep=\dimen165
\l_MT_below_intertext_sep=\dimen166
\l_MT_above_shortintertext_sep=\dimen167
\l_MT_below_shortintertext_sep=\dimen168
\xmathstrut@box=\box53
\xmathstrut@dim=\dimen169
) (C:\Users\micha\AppData\Local\Programs\MiKTeX\tex/latex/amscls\amsthm.sty
Package: amsthm 2020/05/29 v2.20.6
\thm@style=\toks23
\thm@bodyfont=\toks24
\thm@headfont=\toks25
\thm@notefont=\toks26
\thm@headpunct=\toks27
\thm@preskip=\skip60
\thm@postskip=\skip61
\thm@headsep=\skip62
\dth@everypar=\toks28
)
(C:\Users\micha\AppData\Local\Programs\MiKTeX\tex/latex/base\inputenc.sty
Package: inputenc 2021/02/14 v1.3d Input encoding file
\inpenc@prehook=\toks29
\inpenc@posthook=\toks30
)
(C:\Users\micha\AppData\Local\Programs\MiKTeX\tex/latex/booktabs\booktabs.sty
Package: booktabs 2020/01/12 v1.61803398 Publication quality tables
\heavyrulewidth=\dimen170
\lightrulewidth=\dimen171
\cmidrulewidth=\dimen172
\belowrulesep=\dimen173
\belowbottomsep=\dimen174
\aboverulesep=\dimen175
\abovetopsep=\dimen176
\cmidrulesep=\dimen177
\cmidrulekern=\dimen178
\defaultaddspace=\dimen179
\@cmidla=\count280
\@cmidlb=\count281
\@aboverulesep=\dimen180
\@belowrulesep=\dimen181
\@thisruleclass=\count282
\@lastruleclass=\count283
\@thisrulewidth=\dimen182
)
(C:\Users\micha\AppData\Local\Programs\MiKTeX\tex/latex/units\nicefrac.sty
Package: nicefrac 1998/08/04 v0.9b Nice fractions
\L@UnitsRaiseDisplaystyle=\skip63
\L@UnitsRaiseTextstyle=\skip64
\L@UnitsRaiseScriptstyle=\skip65

(C:\Users\micha\AppData\Local\Programs\MiKTeX\tex/latex/base\ifthen.sty
Package: ifthen 2022/04/13 v1.1d Standard LaTeX ifthen package (DPC)
))
(C:\Users\micha\AppData\Local\Programs\MiKTeX\tex/latex/microtype\microtype.sty
Package: microtype 2023/03/13 v3.1a Micro-typographical refinements (RS)
(C:\Users\micha\AppData\Local\Programs\MiKTeX\tex/latex/etoolbox\etoolbox.sty
Package: etoolbox 2020/10/05 v2.5k e-TeX tools for LaTeX (JAW)
\etb@tempcnta=\count284
)
\MT@toks=\toks31
\MT@tempbox=\box54
\MT@count=\count285
LaTeX Info: Redefining \noprotrusionifhmode on input line 1059.
LaTeX Info: Redefining \leftprotrusion on input line 1060.
\MT@prot@toks=\toks32
LaTeX Info: Redefining \rightprotrusion on input line 1078.
LaTeX Info: Redefining \textls on input line 1368.
\MT@outer@kern=\dimen183
LaTeX Info: Redefining \textmicrotypecontext on input line 1988.
\MT@listname@count=\count286

(C:\Users\micha\AppData\Local\Programs\MiKTeX\tex/latex/microtype\microtype-pdf
tex.def
File: microtype-pdftex.def 2023/03/13 v3.1a Definitions specific to pdftex (RS)

LaTeX Info: Redefining \lsstyle on input line 902.
LaTeX Info: Redefining \lslig on input line 902.
\MT@outer@space=\skip66
)
Package microtype Info: Loading configuration file microtype.cfg.

(C:\Users\micha\AppData\Local\Programs\MiKTeX\tex/latex/microtype\microtype.cfg
File: microtype.cfg 2023/03/13 v3.1a microtype main configuration file (RS)
)) (C:\Users\micha\AppData\Local\Programs\MiKTeX\tex/latex/xcolor\xcolor.sty
Package: xcolor 2022/06/12 v2.14 LaTeX color extensions (UK)

(C:\Users\micha\AppData\Local\Programs\MiKTeX\tex/latex/graphics-cfg\color.cfg
File: color.cfg 2016/01/02 v1.6 sample color configuration
)
Package xcolor Info: Driver file: pdftex.def on input line 227.
(C:\Users\micha\AppData\Local\Programs\MiKTeX\tex/latex/graphics\mathcolor.ltx)
Package xcolor Info: Model `cmy' substituted by `cmy0' on input line 1353.
Package xcolor Info: Model `hsb' substituted by `rgb' on input line 1357.
Package xcolor Info: Model `RGB' extended on input line 1369.
Package xcolor Info: Model `HTML' substituted by `rgb' on input line 1371.
Package xcolor Info: Model `Hsb' substituted by `hsb' on input line 1372.
Package xcolor Info: Model `tHsb' substituted by `hsb' on input line 1373.
Package xcolor Info: Model `HSB' substituted by `hsb' on input line 1374.
Package xcolor Info: Model `Gray' substituted by `gray' on input line 1375.
Package xcolor Info: Model `wave' substituted by `hsb' on input line 1376.
)
(C:\Users\micha\AppData\Local\Programs\MiKTeX\tex/latex/algorithms\algorithm.st
y
Package: algorithm 2009/08/24 v0.1 Document Style `algorithm' - floating enviro
nment
 (C:\Users\micha\AppData\Local\Programs\MiKTeX\tex/latex/float\float.sty
Package: float 2001/11/08 v1.3d Float enhancements (AL)
\c@float@type=\count287
\float@exts=\toks33
\float@box=\box55
\@float@everytoks=\toks34
\@floatcapt=\box56
)
\@float@every@algorithm=\toks35
\c@algorithm=\count288
)
(C:\Users\micha\AppData\Local\Programs\MiKTeX\tex/latex/algorithms\algorithmic.
sty
Package: algorithmic 2009/08/24 v0.1 Document Style `algorithmic'
\c@ALC@unique=\count289
\c@ALC@line=\count290
\c@ALC@rem=\count291
\c@ALC@depth=\count292
\ALC@tlm=\skip67
\algorithmicindent=\skip68
)
\c@definition=\count293
\c@lemma=\count294
\c@theorem=\count295
LaTeX Font Info:    Trying to load font information for OT1+ptm on input line 7
2.
 (C:\Users\micha\AppData\Local\Programs\MiKTeX\tex/latex/psnfss\ot1ptm.fd
File: ot1ptm.fd 2001/06/04 font definitions for OT1/ptm.
)
(C:\Users\micha\AppData\Local\Programs\MiKTeX\tex/latex/l3backend\l3backend-pdf
tex.def
File: l3backend-pdftex.def 2023-04-19 L3 backend support: PDF output (pdfTeX)
\l__color_backend_stack_int=\count296
\l__pdf_internal_box=\box57
) (main_changed.aux)
\openout1 = `main_changed.aux'.

LaTeX Font Info:    Checking defaults for OML/cmm/m/it on input line 72.
LaTeX Font Info:    ... okay on input line 72.
LaTeX Font Info:    Checking defaults for OMS/cmsy/m/n on input line 72.
LaTeX Font Info:    ... okay on input line 72.
LaTeX Font Info:    Checking defaults for OT1/cmr/m/n on input line 72.
LaTeX Font Info:    ... okay on input line 72.
LaTeX Font Info:    Checking defaults for T1/cmr/m/n on input line 72.
LaTeX Font Info:    ... okay on input line 72.
LaTeX Font Info:    Checking defaults for TS1/cmr/m/n on input line 72.
LaTeX Font Info:    ... okay on input line 72.
LaTeX Font Info:    Checking defaults for OMX/cmex/m/n on input line 72.
LaTeX Font Info:    ... okay on input line 72.
LaTeX Font Info:    Checking defaults for U/cmr/m/n on input line 72.
LaTeX Font Info:    ... okay on input line 72.

(C:\Users\micha\AppData\Local\Programs\MiKTeX\tex/context/base/mkii\supp-pdf.mk
ii
[Loading MPS to PDF converter (version 2006.09.02).]
\scratchcounter=\count297
\scratchdimen=\dimen184
\scratchbox=\box58
\nofMPsegments=\count298
\nofMParguments=\count299
\everyMPshowfont=\toks36
\MPscratchCnt=\count300
\MPscratchDim=\dimen185
\MPnumerator=\count301
\makeMPintoPDFobject=\count302
\everyMPtoPDFconversion=\toks37
)
(C:\Users\micha\AppData\Local\Programs\MiKTeX\tex/latex/epstopdf-pkg\epstopdf-b
ase.sty
Package: epstopdf-base 2020-01-24 v2.11 Base part for package epstopdf
Package epstopdf-base Info: Redefining graphics rule for `.eps' on input line 4
85.

(C:\Users\micha\AppData\Local\Programs\MiKTeX\tex/latex/00miktex\epstopdf-sys.c
fg
File: epstopdf-sys.cfg 2021/03/18 v2.0 Configuration of epstopdf for MiKTeX
))
Package caption Info: Begin \AtBeginDocument code.
Package caption Info: float package is loaded.
Package caption Info: End \AtBeginDocument code.
LaTeX Info: Redefining \microtypecontext on input line 72.
Package microtype Info: Applying patch `item' on input line 72.
Package microtype Info: Applying patch `toc' on input line 72.
Package microtype Info: Applying patch `eqnum' on input line 72.
Package microtype Info: Applying patch `footnote' on input line 72.
Package microtype Info: Applying patch `verbatim' on input line 72.
Package microtype Info: Generating PDF output.
Package microtype Info: Character protrusion enabled (level 2).
Package microtype Info: Using default protrusion set `alltext'.
Package microtype Info: Automatic font expansion enabled (level 2),
(microtype)             stretch: 20, shrink: 20, step: 1, non-selected.
Package microtype Info: Using default expansion set `alltext-nott'.
LaTeX Info: Redefining \showhyphens on input line 72.
Package microtype Info: No adjustment of tracking.
Package microtype Info: No adjustment of interword spacing.
Package microtype Info: No adjustment of character kerning.

(C:\Users\micha\AppData\Local\Programs\MiKTeX\tex/latex/microtype\mt-ptm.cfg
File: mt-ptm.cfg 2006/04/20 v1.7 microtype config. file: Times (RS)
)
\c@eqfn=\count303
\titlearea=\box59
\actualheight=\skip69
LaTeX Font Info:    Trying to load font information for TS1+ptm on input line 7
4.

(C:\Users\micha\AppData\Local\Programs\MiKTeX\tex/latex/psnfss\ts1ptm.fd
File: ts1ptm.fd 2001/06/04 font definitions for TS1/ptm.
)

Package natbib Warning: Citation `shepitsen2008personalized' on page 1 undefine
d on input line 84.


Package natbib Warning: Citation `lee2012prea' on page 1 undefined on input lin
e 84.


Package natbib Warning: Citation `yao2020rlper' on page 1 undefined on input li
ne 84.


Package natbib Warning: Citation `wu2023personalized' on page 1 undefined on in
put line 84.


Package natbib Warning: Citation `ayer2012or' on page 1 undefined on input line
 84.


Package natbib Warning: Citation `capponi2022personalized' on page 1 undefined 
on input line 84.


Package natbib Warning: Citation `breton2020randomized' on page 1 undefined on 
input line 87.


Package natbib Warning: Citation `jdrf_blog_2022' on page 1 undefined on input 
line 87.

(C:\Users\micha\AppData\Local\Programs\MiKTeX\tex/latex/microtype\mt-cmr.cfg
File: mt-cmr.cfg 2013/05/19 v2.2 microtype config. file: Computer Modern Roman 
(RS)
)
LaTeX Font Info:    Trying to load font information for U+msa on input line 91.


(C:\Users\micha\AppData\Local\Programs\MiKTeX\tex/latex/amsfonts\umsa.fd
File: umsa.fd 2013/01/14 v3.01 AMS symbols A
)
(C:\Users\micha\AppData\Local\Programs\MiKTeX\tex/latex/microtype\mt-msa.cfg
File: mt-msa.cfg 2006/02/04 v1.1 microtype config. file: AMS symbols (a) (RS)
)
LaTeX Font Info:    Trying to load font information for U+msb on input line 91.


(C:\Users\micha\AppData\Local\Programs\MiKTeX\tex/latex/amsfonts\umsb.fd
File: umsb.fd 2013/01/14 v3.01 AMS symbols B
)
(C:\Users\micha\AppData\Local\Programs\MiKTeX\tex/latex/microtype\mt-msb.cfg
File: mt-msb.cfg 2005/06/01 v1.0 microtype config. file: AMS symbols (b) (RS)
)
[1{C:/Users/micha/AppData/Local/MiKTeX/fonts/map/pdftex/pdftex.map}{C:/Users/mi
cha/AppData/Local/Programs/MiKTeX/fonts/enc/dvips/base/8r.enc}



]

Package natbib Warning: Citation `macqueen1967classification' on page 2 undefin
ed on input line 108.


Package natbib Warning: Citation `lloyd1982least' on page 2 undefined on input 
line 108.


Package natbib Warning: Citation `dempster1977maximum' on page 2 undefined on i
nput line 108.


Package natbib Warning: Citation `barrett2008learning' on page 2 undefined on i
nput line 110.


Package natbib Warning: Citation `todorov2012mujoco' on page 2 undefined on inp
ut line 110.


Package natbib Warning: Citation `den2020reinforcement' on page 2 undefined on 
input line 138.


Package natbib Warning: Citation `hassouni2018personalization' on page 2 undefi
ned on input line 138.


Package natbib Warning: Citation `zhu2018group' on page 2 undefined on input li
ne 138.


Package natbib Warning: Citation `grua2018exploring' on page 2 undefined on inp
ut line 138.


Package natbib Warning: Citation `el2019end' on page 2 undefined on input line 
138.


Package natbib Warning: Citation `el2022ph' on page 2 undefined on input line 1
38.


Package natbib Warning: Citation `martin2004agentx' on page 2 undefined on inpu
t line 138.


Package natbib Warning: Citation `goindani2020cluster' on page 2 undefined on i
nput line 138.


Package natbib Warning: Citation `tabatabaei2018narrowing' on page 2 undefined 
on input line 141.


Package natbib Warning: Citation `baucum2022adapting' on page 2 undefined on in
put line 141.


Package natbib Warning: Citation `nadiger2019federated' on page 2 undefined on 
input line 141.


Package natbib Warning: Citation `perkins2002lyapunov' on page 2 undefined on i
nput line 141.


Package natbib Warning: Citation `hans2008safe' on page 2 undefined on input li
ne 141.


Package natbib Warning: Citation `moldovan2012safe' on page 2 undefined on inpu
t line 141.


Package natbib Warning: Citation `junges2016safety' on page 2 undefined on inpu
t line 141.


Package natbib Warning: Citation `finn2017model' on page 2 undefined on input l
ine 145.


Package natbib Warning: Citation `hayes2022practical' on page 2 undefined on in
put line 149.

[2]

Package natbib Warning: Citation `littman1994markov' on page 3 undefined on inp
ut line 153.


Package natbib Warning: Citation `diana2021algorithms' on page 3 undefined on i
nput line 196.


Package natbib Warning: Citation `mandal2022socially' on page 3 undefined on in
put line 198.


Package natbib Warning: Citation `kar2023feature' on page 3 undefined on input 
line 198.


Package natbib Warning: Citation `schulman2017proximal' on page 3 undefined on 
input line 204.


Package natbib Warning: Citation `schulman2015high' on page 3 undefined on inpu
t line 212.

[3]

Package natbib Warning: Citation `schulman2015trust' on page 4 undefined on inp
ut line 220.


Package natbib Warning: Citation `shengyi2022the37implementation' on page 4 und
efined on input line 223.


Package natbib Warning: Citation `macqueen1967classification' on page 4 undefin
ed on input line 289.


Package natbib Warning: Citation `lloyd1982least' on page 4 undefined on input 
line 289.


Package natbib Warning: Citation `dempster1977maximum' on page 4 undefined on i
nput line 289.

[4]

Package natbib Warning: Citation `barrett2008learning' on page 5 undefined on i
nput line 349.


Package natbib Warning: Citation `Alegre+2022bnaic' on page 5 undefined on inpu
t line 349.


Package natbib Warning: Citation `todorov2012mujoco' on page 5 undefined on inp
ut line 351.


Package natbib Warning: Citation `tassa2018deepmind' on page 5 undefined on inp
ut line 351.


Package natbib Warning: Citation `tunyasuvunakool2020' on page 5 undefined on i
nput line 351.


Package natbib Warning: Citation `finn2017model' on page 5 undefined on input l
ine 351.

<pics/paths/k=1.png, id=28, 508.0581pt x 508.0581pt>
File: pics/paths/k=1.png Graphic file (type png)
<use pics/paths/k=1.png>
Package pdftex.def Info: pics/paths/k=1.png  used on input line 362.
(pdftex.def)             Requested size: 119.69719pt x 119.696pt.
<pics/paths/k=2.png, id=30, 508.0581pt x 508.0581pt>
File: pics/paths/k=2.png Graphic file (type png)
<use pics/paths/k=2.png>
Package pdftex.def Info: pics/paths/k=2.png  used on input line 369.
(pdftex.def)             Requested size: 119.69719pt x 119.696pt.
<pics/paths/k=3.png, id=31, 508.0581pt x 508.0581pt>
File: pics/paths/k=3.png Graphic file (type png)
<use pics/paths/k=3.png>
Package pdftex.def Info: pics/paths/k=3.png  used on input line 376.
(pdftex.def)             Requested size: 119.69719pt x 119.696pt.
<pics/paths/k=5.png, id=32, 508.0581pt x 508.0581pt>
File: pics/paths/k=5.png Graphic file (type png)
<use pics/paths/k=5.png>
Package pdftex.def Info: pics/paths/k=5.png  used on input line 383.
(pdftex.def)             Requested size: 119.69719pt x 119.696pt.
<pics/resource-gathering-v1_bars.png, id=33, 392.85973pt x 355.27933pt>
File: pics/resource-gathering-v1_bars.png Graphic file (type png)
<use pics/resource-gathering-v1_bars.png>
Package pdftex.def Info: pics/resource-gathering-v1_bars.png  used on input lin
e 397.
(pdftex.def)             Requested size: 191.51622pt x 173.19933pt.
[5]
<pics/legend_bars.png, id=37, 485.6544pt x 23.41548pt>
File: pics/legend_bars.png Graphic file (type png)
<use pics/legend_bars.png>
Package pdftex.def Info: pics/legend_bars.png  used on input line 425.
(pdftex.def)             Requested size: 278.24104pt x 13.41591pt.
<pics/Ant-v4_bars.png, id=38, 391.7034pt x 319.4334pt>
File: pics/Ant-v4_bars.png Graphic file (type png)
<use pics/Ant-v4_bars.png>
Package pdftex.def Info: pics/Ant-v4_bars.png  used on input line 431.
(pdftex.def)             Requested size: 123.94057pt x 101.07047pt.
<pics/HalfCheetah-v4_bars.png, id=39, 391.7034pt x 319.4334pt>
File: pics/HalfCheetah-v4_bars.png Graphic file (type png)
<use pics/HalfCheetah-v4_bars.png>
Package pdftex.def Info: pics/HalfCheetah-v4_bars.png  used on input line 437.
(pdftex.def)             Requested size: 123.94057pt x 101.07047pt.
<pics/Hopper-v4_bars.png, id=40, 391.7034pt x 319.4334pt>
File: pics/Hopper-v4_bars.png Graphic file (type png)
<use pics/Hopper-v4_bars.png>
Package pdftex.def Info: pics/Hopper-v4_bars.png  used on input line 443.
(pdftex.def)             Requested size: 123.94057pt x 101.07047pt.
<pics/Walker2d-v4_bars.png, id=41, 391.7034pt x 319.4334pt>
File: pics/Walker2d-v4_bars.png Graphic file (type png)
<use pics/Walker2d-v4_bars.png>
Package pdftex.def Info: pics/Walker2d-v4_bars.png  used on input line 449.
(pdftex.def)             Requested size: 123.94057pt x 101.07047pt.
<pics/histograms/em/HalfCheetah.png, id=42, 404.712pt x 331.35796pt>
File: pics/histograms/em/HalfCheetah.png Graphic file (type png)
<use pics/histograms/em/HalfCheetah.png>
Package pdftex.def Info: pics/histograms/em/HalfCheetah.png  used on input line
 463.
(pdftex.def)             Requested size: 151.76854pt x 124.25893pt.
<pics/histograms/end-to-end/HalfCheetah.png, id=43, 404.712pt x 331.35796pt>
File: pics/histograms/end-to-end/HalfCheetah.png Graphic file (type png)
<use pics/histograms/end-to-end/HalfCheetah.png>
Package pdftex.def Info: pics/histograms/end-to-end/HalfCheetah.png  used on in
put line 468.
(pdftex.def)             Requested size: 151.76854pt x 124.25893pt.
<pics/histograms/cluster/HalfCheetah.png, id=44, 404.712pt x 331.35796pt>
File: pics/histograms/cluster/HalfCheetah.png Graphic file (type png)
<use pics/histograms/cluster/HalfCheetah.png>
Package pdftex.def Info: pics/histograms/cluster/HalfCheetah.png  used on input
 line 473.
(pdftex.def)             Requested size: 151.76854pt x 124.25893pt.
 [6 <./pics/paths/k=1.png> <./pics/paths/k=2.png> <./pics/paths/k=3.png> <./pic
s/paths/k=5.png> <./pics/resource-gathering-v1_bars.png>]
Underfull \vbox (badness 5667) has occurred while \output is active []

 [7 <./pics/legend_bars.png> <./pics/Ant-v4_bars.png> <./pics/HalfCheetah-v4_ba
rs.png> <./pics/Hopper-v4_bars.png> <./pics/Walker2d-v4_bars.png> <./pics/histo
grams/em/HalfCheetah.png> <./pics/histograms/end-to-end/HalfCheetah.png> <./pic
s/histograms/cluster/HalfCheetah.png>]
Underfull \vbox (badness 10000) has occurred while \output is active []


Underfull \vbox (badness 10000) has occurred while \output is active []

 [8]
Underfull \vbox (badness 10000) has occurred while \output is active []


Underfull \vbox (badness 10000) has occurred while \output is active []

 [9]
Underfull \vbox (badness 10000) has occurred while \output is active []


Underfull \vbox (badness 10000) has occurred while \output is active []

 [10]
[11

]
No file main_changed.bbl.
(main_appendix.tex
Underfull \hbox (badness 6725) in paragraph at lines 107--108
[]\OT1/ptm/b/n/10 (+20) Lemma 1. []\OT1/ptm/m/it/10 (+20) A func-tion $\OML/cmm
/m/it/10 V[]$ \OT1/ptm/m/it/10 (+20) de-fined by $\OML/cmm/m/it/10 V[]\OT1/cmr/
m/n/10 (\OML/cmm/m/it/10 s\OT1/cmr/m/n/10 ) =
 []


Package natbib Warning: Citation `paszke2019pytorch' on page 12 undefined on in
put line 217.


Package natbib Warning: Citation `shengyi2022the37implementation' on page 12 un
defined on input line 217.


Package natbib Warning: Citation `schulman2017proximal' on page 12 undefined on
 input line 217.


Package natbib Warning: Citation `schulman2015high' on page 12 undefined on inp
ut line 221.


Package natbib Warning: Citation `kingma2014adam' on page 12 undefined on input
 line 232.

[12

]
<pics/histograms/em/Ant.png, id=81, 404.712pt x 331.35796pt>
File: pics/histograms/em/Ant.png Graphic file (type png)
<use pics/histograms/em/Ant.png>
Package pdftex.def Info: pics/histograms/em/Ant.png  used on input line 262.
(pdftex.def)             Requested size: 151.76854pt x 124.25893pt.
<pics/histograms/end-to-end/Ant.png, id=82, 404.712pt x 331.35796pt>
File: pics/histograms/end-to-end/Ant.png Graphic file (type png)
<use pics/histograms/end-to-end/Ant.png>
Package pdftex.def Info: pics/histograms/end-to-end/Ant.png  used on input line
 267.
(pdftex.def)             Requested size: 151.76854pt x 124.25893pt.
<pics/histograms/cluster/Ant.png, id=83, 404.712pt x 331.35796pt>
File: pics/histograms/cluster/Ant.png Graphic file (type png)
<use pics/histograms/cluster/Ant.png>
Package pdftex.def Info: pics/histograms/cluster/Ant.png  used on input line 27
2.
(pdftex.def)             Requested size: 151.76854pt x 124.25893pt.
<pics/histograms/em/Hopper.png, id=84, 404.712pt x 331.35796pt>
File: pics/histograms/em/Hopper.png Graphic file (type png)
<use pics/histograms/em/Hopper.png>
Package pdftex.def Info: pics/histograms/em/Hopper.png  used on input line 278.

(pdftex.def)             Requested size: 151.76854pt x 124.25893pt.
<pics/histograms/end-to-end/Hopper.png, id=85, 404.712pt x 331.35796pt>
File: pics/histograms/end-to-end/Hopper.png Graphic file (type png)
<use pics/histograms/end-to-end/Hopper.png>
Package pdftex.def Info: pics/histograms/end-to-end/Hopper.png  used on input l
ine 283.
(pdftex.def)             Requested size: 151.76854pt x 124.25893pt.
<pics/histograms/cluster/Hopper.png, id=86, 404.712pt x 331.35796pt>
File: pics/histograms/cluster/Hopper.png Graphic file (type png)
<use pics/histograms/cluster/Hopper.png>
Package pdftex.def Info: pics/histograms/cluster/Hopper.png  used on input line
 288.
(pdftex.def)             Requested size: 151.76854pt x 124.25893pt.
<pics/histograms/em/Walker2d.png, id=87, 404.712pt x 331.35796pt>
File: pics/histograms/em/Walker2d.png Graphic file (type png)
<use pics/histograms/em/Walker2d.png>
Package pdftex.def Info: pics/histograms/em/Walker2d.png  used on input line 29
4.
(pdftex.def)             Requested size: 151.76854pt x 124.25893pt.
<pics/histograms/end-to-end/Walker2d.png, id=88, 404.712pt x 331.35796pt>
File: pics/histograms/end-to-end/Walker2d.png Graphic file (type png)
<use pics/histograms/end-to-end/Walker2d.png>
Package pdftex.def Info: pics/histograms/end-to-end/Walker2d.png  used on input
 line 299.
(pdftex.def)             Requested size: 151.76854pt x 124.25893pt.
<pics/histograms/cluster/Walker2d.png, id=89, 404.712pt x 331.35796pt>
File: pics/histograms/cluster/Walker2d.png Graphic file (type png)
<use pics/histograms/cluster/Walker2d.png>
Package pdftex.def Info: pics/histograms/cluster/Walker2d.png  used on input li
ne 304.
(pdftex.def)             Requested size: 151.76854pt x 124.25893pt.
)

Package natbib Warning: There were undefined citations.

[13

] [14 <./pics/histograms/em/Ant.png> <./pics/histograms/end-to-end/Ant.png> <./
pics/histograms/cluster/Ant.png> <./pics/histograms/em/Hopper.png> <./pics/hist
ograms/end-to-end/Hopper.png> <./pics/histograms/cluster/Hopper.png> <./pics/hi
stograms/em/Walker2d.png> <./pics/histograms/end-to-end/Walker2d.png> <./pics/h
istograms/cluster/Walker2d.png>] (main_changed.aux)
 ***********
LaTeX2e <2023-06-01> patch level 1
L3 programming layer <2023-08-29>
 ***********
 ) 
Here is how much of TeX's memory you used:
 9197 strings out of 475247
 151324 string characters out of 5757792
 1969801 words of memory out of 5000000
 30299 multiletter control sequences out of 15000+600000
 593779 words of font info for 271 fonts, out of 8000000 for 9000
 1141 hyphenation exceptions out of 8191
 57i,19n,65p,22921b,547s stack positions out of 10000i,1000n,20000p,200000b,200000s
<C:/Users/micha/AppData/Local/Programs/MiKTeX/fonts/type1/public/amsfonts/cm/
cmex10.pfb><C:/Users/micha/AppData/Local/Programs/MiKTeX/fonts/type1/public/ams
fonts/cm/cmmi10.pfb><C:/Users/micha/AppData/Local/Programs/MiKTeX/fonts/type1/p
ublic/amsfonts/cm/cmmi5.pfb><C:/Users/micha/AppData/Local/Programs/MiKTeX/fonts
/type1/public/amsfonts/cm/cmmi7.pfb><C:/Users/micha/AppData/Local/Programs/MiKT
eX/fonts/type1/public/amsfonts/cm/cmmib10.pfb><C:/Users/micha/AppData/Local/Pro
grams/MiKTeX/fonts/type1/public/amsfonts/cm/cmr10.pfb><C:/Users/micha/AppData/L
ocal/Programs/MiKTeX/fonts/type1/public/amsfonts/cm/cmr5.pfb><C:/Users/micha/Ap
pData/Local/Programs/MiKTeX/fonts/type1/public/amsfonts/cm/cmr7.pfb><C:/Users/m
icha/AppData/Local/Programs/MiKTeX/fonts/type1/public/amsfonts/cm/cmsy10.pfb><C
:/Users/micha/AppData/Local/Programs/MiKTeX/fonts/type1/public/amsfonts/cm/cmsy
5.pfb><C:/Users/micha/AppData/Local/Programs/MiKTeX/fonts/type1/public/amsfonts
/cm/cmsy7.pfb><C:/Users/micha/AppData/Local/Programs/MiKTeX/fonts/type1/public/
amsfonts/symbols/msbm10.pfb><C:/Users/micha/AppData/Local/Programs/MiKTeX/fonts
/type1/urw/times/utmb8a.pfb><C:/Users/micha/AppData/Local/Programs/MiKTeX/fonts
/type1/urw/times/utmr8a.pfb><C:/Users/micha/AppData/Local/Programs/MiKTeX/fonts
/type1/urw/times/utmri8a.pfb>
Output written on main_changed.pdf (14 pages, 1705184 bytes).
PDF statistics:
 169 PDF objects out of 1000 (max. 8388607)
 0 named destinations out of 1000 (max. 500000)
 53359 words of extra memory for PDF output out of 61914 (max. 10000000)

