This is pdfTeX, Version 3.141592653-2.6-1.40.25 (MiKTeX 23.9) (preloaded format=pdflatex 2023.9.22)  19 JAN 2024 14:01
entering extended mode
 restricted \write18 enabled.
 %&-line parsing enabled.
**./aaai24_changed.tex
(aaai24_changed.tex
LaTeX2e <2023-06-01> patch level 1
L3 programming layer <2023-08-29>
(C:\Users\micha\AppData\Local\Programs\MiKTeX\tex/latex/base\article.cls
Document Class: article 2023/05/17 v1.4n Standard LaTeX document class
(C:\Users\micha\AppData\Local\Programs\MiKTeX\tex/latex/base\size10.clo
File: size10.clo 2023/05/17 v1.4n Standard LaTeX file (size option)
)
\c@part=\count185
\c@section=\count186
\c@subsection=\count187
\c@subsubsection=\count188
\c@paragraph=\count189
\c@subparagraph=\count190
\c@figure=\count191
\c@table=\count192
\abovecaptionskip=\skip48
\belowcaptionskip=\skip49
\bibindent=\dimen140
)
(aaai24.sty
Package: aaai24 2023/06/26 AAAI 2024 Submission format

Conference Style for AAAI for LaTeX 2e -- version for submission
\titlebox=\skip50
) (C:\Users\micha\AppData\Local\Programs\MiKTeX\tex/latex/psnfss\times.sty
Package: times 2020/03/25 PSNFSS-v9.3 (SPQR) 
)
(C:\Users\micha\AppData\Local\Programs\MiKTeX\tex/latex/psnfss\helvet.sty
Package: helvet 2020/03/25 PSNFSS-v9.3 (WaS) 

(C:\Users\micha\AppData\Local\Programs\MiKTeX\tex/latex/graphics\keyval.sty
Package: keyval 2022/05/29 v1.15 key=value parser (DPC)
\KV@toks@=\toks17
))
(C:\Users\micha\AppData\Local\Programs\MiKTeX\tex/latex/psnfss\courier.sty
Package: courier 2020/03/25 PSNFSS-v9.3 (WaS) 
)
(C:\Users\micha\AppData\Local\Programs\MiKTeX\tex/latex/url\url.sty
\Urlmuskip=\muskip16
Package: url 2013/09/16  ver 3.4  Verb mode for urls, etc.
)
(C:\Users\micha\AppData\Local\Programs\MiKTeX\tex/latex/graphics\graphicx.sty
Package: graphicx 2021/09/16 v1.2d Enhanced LaTeX Graphics (DPC,SPQR)

(C:\Users\micha\AppData\Local\Programs\MiKTeX\tex/latex/graphics\graphics.sty
Package: graphics 2022/03/10 v1.4e Standard LaTeX Graphics (DPC,SPQR)

(C:\Users\micha\AppData\Local\Programs\MiKTeX\tex/latex/graphics\trig.sty
Package: trig 2021/08/11 v1.11 sin cos tan (DPC)
)
(C:\Users\micha\AppData\Local\Programs\MiKTeX\tex/latex/graphics-cfg\graphics.c
fg
File: graphics.cfg 2016/06/04 v1.11 sample graphics configuration
)
Package graphics Info: Driver file: pdftex.def on input line 107.

(C:\Users\micha\AppData\Local\Programs\MiKTeX\tex/latex/graphics-def\pdftex.def
File: pdftex.def 2022/09/22 v1.2b Graphics/color driver for pdftex
))
\Gin@req@height=\dimen141
\Gin@req@width=\dimen142
) (C:\Users\micha\AppData\Local\Programs\MiKTeX\tex/latex/natbib\natbib.sty
Package: natbib 2010/09/13 8.31b (PWD, AO)
\bibhang=\skip51
\bibsep=\skip52
LaTeX Info: Redefining \cite on input line 694.
\c@NAT@ctr=\count193
)
(C:\Users\micha\AppData\Local\Programs\MiKTeX\tex/latex/caption\caption.sty
Package: caption 2023/07/31 v3.6n Customizing captions (AR)

(C:\Users\micha\AppData\Local\Programs\MiKTeX\tex/latex/caption\caption3.sty
Package: caption3 2023/07/31 v2.4d caption3 kernel (AR)
\caption@tempdima=\dimen143
\captionmargin=\dimen144
\caption@leftmargin=\dimen145
\caption@rightmargin=\dimen146
\caption@width=\dimen147
\caption@indent=\dimen148
\caption@parindent=\dimen149
\caption@hangindent=\dimen150
Package caption Info: Standard document class detected.
)
\c@caption@flags=\count194
\c@continuedfloat=\count195
)
(C:\Users\micha\AppData\Local\Programs\MiKTeX\tex/latex/amsmath\amsmath.sty
Package: amsmath 2023/05/13 v2.17o AMS math features
\@mathmargin=\skip53

For additional information on amsmath, use the `?' option.
(C:\Users\micha\AppData\Local\Programs\MiKTeX\tex/latex/amsmath\amstext.sty
Package: amstext 2021/08/26 v2.01 AMS text

(C:\Users\micha\AppData\Local\Programs\MiKTeX\tex/latex/amsmath\amsgen.sty
File: amsgen.sty 1999/11/30 v2.0 generic functions
\@emptytoks=\toks18
\ex@=\dimen151
))
(C:\Users\micha\AppData\Local\Programs\MiKTeX\tex/latex/amsmath\amsbsy.sty
Package: amsbsy 1999/11/29 v1.2d Bold Symbols
\pmbraise@=\dimen152
)
(C:\Users\micha\AppData\Local\Programs\MiKTeX\tex/latex/amsmath\amsopn.sty
Package: amsopn 2022/04/08 v2.04 operator names
)
\inf@bad=\count196
LaTeX Info: Redefining \frac on input line 234.
\uproot@=\count197
\leftroot@=\count198
LaTeX Info: Redefining \overline on input line 399.
LaTeX Info: Redefining \colon on input line 410.
\classnum@=\count199
\DOTSCASE@=\count266
LaTeX Info: Redefining \ldots on input line 496.
LaTeX Info: Redefining \dots on input line 499.
LaTeX Info: Redefining \cdots on input line 620.
\Mathstrutbox@=\box51
\strutbox@=\box52
LaTeX Info: Redefining \big on input line 722.
LaTeX Info: Redefining \Big on input line 723.
LaTeX Info: Redefining \bigg on input line 724.
LaTeX Info: Redefining \Bigg on input line 725.
\big@size=\dimen153
LaTeX Font Info:    Redeclaring font encoding OML on input line 743.
LaTeX Font Info:    Redeclaring font encoding OMS on input line 744.
\macc@depth=\count267
LaTeX Info: Redefining \bmod on input line 905.
LaTeX Info: Redefining \pmod on input line 910.
LaTeX Info: Redefining \smash on input line 940.
LaTeX Info: Redefining \relbar on input line 970.
LaTeX Info: Redefining \Relbar on input line 971.
\c@MaxMatrixCols=\count268
\dotsspace@=\muskip17
\c@parentequation=\count269
\dspbrk@lvl=\count270
\tag@help=\toks19
\row@=\count271
\column@=\count272
\maxfields@=\count273
\andhelp@=\toks20
\eqnshift@=\dimen154
\alignsep@=\dimen155
\tagshift@=\dimen156
\tagwidth@=\dimen157
\totwidth@=\dimen158
\lineht@=\dimen159
\@envbody=\toks21
\multlinegap=\skip54
\multlinetaggap=\skip55
\mathdisplay@stack=\toks22
LaTeX Info: Redefining \[ on input line 2953.
LaTeX Info: Redefining \] on input line 2954.
)
(C:\Users\micha\AppData\Local\Programs\MiKTeX\tex/latex/amsfonts\amssymb.sty
Package: amssymb 2013/01/14 v3.01 AMS font symbols

(C:\Users\micha\AppData\Local\Programs\MiKTeX\tex/latex/amsfonts\amsfonts.sty
Package: amsfonts 2013/01/14 v3.01 Basic AMSFonts support
\symAMSa=\mathgroup4
\symAMSb=\mathgroup5
LaTeX Font Info:    Redeclaring math symbol \hbar on input line 98.
LaTeX Font Info:    Overwriting math alphabet `\mathfrak' in version `bold'
(Font)                  U/euf/m/n --> U/euf/b/n on input line 106.
))
(C:\Users\micha\AppData\Local\Programs\MiKTeX\tex/latex/algorithms\algorithm.st
y
Package: algorithm 2009/08/24 v0.1 Document Style `algorithm' - floating enviro
nment
 (C:\Users\micha\AppData\Local\Programs\MiKTeX\tex/latex/float\float.sty
Package: float 2001/11/08 v1.3d Float enhancements (AL)
\c@float@type=\count274
\float@exts=\toks23
\float@box=\box53
\@float@everytoks=\toks24
\@floatcapt=\box54
)
(C:\Users\micha\AppData\Local\Programs\MiKTeX\tex/latex/base\ifthen.sty
Package: ifthen 2022/04/13 v1.1d Standard LaTeX ifthen package (DPC)
)
\@float@every@algorithm=\toks25
\c@algorithm=\count275
)
(C:\Users\micha\AppData\Local\Programs\MiKTeX\tex/latex/algorithms\algorithmic.
sty
Package: algorithmic 2009/08/24 v0.1 Document Style `algorithmic'
\c@ALC@unique=\count276
\c@ALC@line=\count277
\c@ALC@rem=\count278
\c@ALC@depth=\count279
\ALC@tlm=\skip56
\algorithmicindent=\skip57
)
(C:\Users\micha\AppData\Local\Programs\MiKTeX\tex/latex/newfloat\newfloat.sty
Package: newfloat 2023/10/01 v1.2 Defining new floating environments (AR)
)
(C:\Users\micha\AppData\Local\Programs\MiKTeX\tex/latex/listings\listings.sty
\lst@mode=\count280
\lst@gtempboxa=\box55
\lst@token=\toks26
\lst@length=\count281
\lst@currlwidth=\dimen160
\lst@column=\count282
\lst@pos=\count283
\lst@lostspace=\dimen161
\lst@width=\dimen162
\lst@newlines=\count284
\lst@lineno=\count285
\lst@maxwidth=\dimen163

(C:\Users\micha\AppData\Local\Programs\MiKTeX\tex/latex/listings\lstmisc.sty
File: lstmisc.sty 2023/02/27 1.9 (Carsten Heinz)
\c@lstnumber=\count286
\lst@skipnumbers=\count287
\lst@framebox=\box56
)
(C:\Users\micha\AppData\Local\Programs\MiKTeX\tex/latex/listings\listings.cfg
File: listings.cfg 2023/02/27 1.9 listings configuration
))
Package: listings 2023/02/27 1.9 (Carsten Heinz)
\@float@every@listing=\toks27
\c@listing=\count288
(C:\Users\micha\AppData\Local\Programs\MiKTeX\tex/latex/tools\array.sty
Package: array 2022/09/04 v2.5g Tabular extension package (FMi)
\col@sep=\dimen164
\ar@mcellbox=\box57
\extrarowheight=\dimen165
\NC@list=\toks28
\extratabsurround=\skip58
\backup@length=\skip59
\ar@cellbox=\box58
)
(C:\Users\micha\AppData\Local\Programs\MiKTeX\tex/latex/makecell\makecell.sty
Package: makecell 2009/08/03 V0.1e Managing of Tab Column Heads and Cells
\rotheadsize=\dimen166
\c@nlinenum=\count289
\TeXr@lab=\toks29
)
(C:\Users\micha\AppData\Local\Programs\MiKTeX\tex/latex/tools\bm.sty
Package: bm 2022/01/05 v1.2f Bold Symbol Support (DPC/FMi)
\symboldoperators=\mathgroup6
\symboldletters=\mathgroup7
\symboldsymbols=\mathgroup8
Package bm Info: No bold for \OMX/cmex/m/n, using \pmb.
Package bm Info: No bold for \U/msa/m/n, using \pmb.
Package bm Info: No bold for \U/msb/m/n, using \pmb.
LaTeX Font Info:    Redeclaring math alphabet \mathbf on input line 149.
)
(C:\Users\micha\AppData\Local\Programs\MiKTeX\tex/latex/multirow\multirow.sty
Package: multirow 2021/03/15 v2.8 Span multiple rows of a table
\multirow@colwidth=\skip60
\multirow@cntb=\count290
\multirow@dima=\skip61
\bigstrutjot=\dimen167
)
(C:\Users\micha\AppData\Local\Programs\MiKTeX\tex/generic/soul\soul.sty
Package: soul 2023-06-14 v3.1 Permit use of UTF-8 characters in soul (HO)

(C:\Users\micha\AppData\Local\Programs\MiKTeX\tex/generic/soul\soul-ori.sty
Package: soul-ori 2023-06-14 v3.1 letterspacing/underlining (mf)
\SOUL@word=\toks30
\SOUL@lasttoken=\toks31
\SOUL@syllable=\toks32
\SOUL@cmds=\toks33
\SOUL@buffer=\toks34
\SOUL@token=\toks35
\SOUL@syllgoal=\dimen168
\SOUL@syllwidth=\dimen169
\SOUL@charkern=\dimen170
\SOUL@hyphkern=\dimen171
\SOUL@dimen=\dimen172
\SOUL@dimeni=\dimen173
\SOUL@minus=\count291
\SOUL@comma=\count292
\SOUL@apo=\count293
\SOUL@grave=\count294
\SOUL@spaceskip=\skip62
\SOUL@ttwidth=\dimen174
\SOUL@uldp=\dimen175
\SOUL@ulht=\dimen176
)
(C:\Users\micha\AppData\Local\Programs\MiKTeX\tex/generic/infwarerr\infwarerr.s
ty
Package: infwarerr 2019/12/03 v1.5 Providing info/warning/error messages (HO)
)
(C:\Users\micha\AppData\Local\Programs\MiKTeX\tex/generic/etexcmds\etexcmds.sty
Package: etexcmds 2019/12/15 v1.7 Avoid name clashes with e-TeX commands (HO)
(C:\Users\micha\AppData\Local\Programs\MiKTeX\tex/generic/iftex\iftex.sty
Package: iftex 2022/02/03 v1.0f TeX engine tests
)))
(C:\Users\micha\AppData\Local\Programs\MiKTeX\tex/latex/cancel\cancel.sty
Package: cancel 2013/04/12 v2.2 Cancel math terms
)
(C:\Users\micha\AppData\Local\Programs\MiKTeX\tex/latex/xcolor\xcolor.sty
Package: xcolor 2022/06/12 v2.14 LaTeX color extensions (UK)

(C:\Users\micha\AppData\Local\Programs\MiKTeX\tex/latex/graphics-cfg\color.cfg
File: color.cfg 2016/01/02 v1.6 sample color configuration
)
Package xcolor Info: Driver file: pdftex.def on input line 227.
(C:\Users\micha\AppData\Local\Programs\MiKTeX\tex/latex/graphics\mathcolor.ltx)
Package xcolor Info: Model `cmy' substituted by `cmy0' on input line 1353.
Package xcolor Info: Model `hsb' substituted by `rgb' on input line 1357.
Package xcolor Info: Model `RGB' extended on input line 1369.
Package xcolor Info: Model `HTML' substituted by `rgb' on input line 1371.
Package xcolor Info: Model `Hsb' substituted by `hsb' on input line 1372.
Package xcolor Info: Model `tHsb' substituted by `hsb' on input line 1373.
Package xcolor Info: Model `HSB' substituted by `hsb' on input line 1374.
Package xcolor Info: Model `Gray' substituted by `gray' on input line 1375.
Package xcolor Info: Model `wave' substituted by `hsb' on input line 1376.
) (C:\Users\micha\AppData\Local\Programs\MiKTeX\tex/latex/base\textcomp.sty
Package: textcomp 2020/02/02 v2.0n Standard LaTeX package
)
(C:\Users\micha\AppData\Local\Programs\MiKTeX\tex/latex/cite\cite.sty
LaTeX Info: Redefining \cite on input line 302.
LaTeX Info: Redefining \nocite on input line 332.
Package: cite 2015/02/27  v 5.5
)
(C:\Users\micha\AppData\Local\Programs\MiKTeX\tex/latex/lineno\lineno.sty
Package: lineno 2023/05/20 line numbers on paragraphs v5.3

(C:\Users\micha\AppData\Local\Programs\MiKTeX\tex/latex/etoolbox\etoolbox.sty
Package: etoolbox 2020/10/05 v2.5k e-TeX tools for LaTeX (JAW)
\etb@tempcnta=\count295
)
(C:\Users\micha\AppData\Local\Programs\MiKTeX\tex/latex/kvoptions\kvoptions.sty
Package: kvoptions 2022-06-15 v3.15 Key value format for package options (HO)
(C:\Users\micha\AppData\Local\Programs\MiKTeX\tex/generic/ltxcmds\ltxcmds.sty
Package: ltxcmds 2023-12-04 v1.26 LaTeX kernel commands for general use (HO)
)
(C:\Users\micha\AppData\Local\Programs\MiKTeX\tex/latex/kvsetkeys\kvsetkeys.sty
Package: kvsetkeys 2022-10-05 v1.19 Key value parser (HO)
))
\linenopenalty=\count296
\output=\toks36
\linenoprevgraf=\count297
\linenumbersep=\dimen177
\linenumberwidth=\dimen178
\c@linenumber=\count298
\c@pagewiselinenumber=\count299
\c@LN@truepage=\count300
\c@internallinenumber=\count301
\c@internallinenumbers=\count302
\quotelinenumbersep=\dimen179
\bframerule=\dimen180
\bframesep=\dimen181
\bframebox=\box59
\linenoamsmath@ams@eqpen=\count303
LaTeX Info: Redefining \\ on input line 3180.
) (C:\Users\micha\AppData\Local\Programs\MiKTeX\tex/latex/natbib\bibentry.sty
Package: bibentry 2007/10/30 1.5 (PWD)
)
LaTeX Font Info:    Trying to load font information for OT1+ptm on input line 1
41.
 (C:\Users\micha\AppData\Local\Programs\MiKTeX\tex/latex/psnfss\ot1ptm.fd
File: ot1ptm.fd 2001/06/04 font definitions for OT1/ptm.
)
(C:\Users\micha\AppData\Local\Programs\MiKTeX\tex/latex/l3backend\l3backend-pdf
tex.def
File: l3backend-pdftex.def 2023-04-19 L3 backend support: PDF output (pdfTeX)
\l__color_backend_stack_int=\count304
\l__pdf_internal_box=\box60
) (aaai24_changed.aux)
\openout1 = `aaai24_changed.aux'.

LaTeX Font Info:    Checking defaults for OML/cmm/m/it on input line 141.
LaTeX Font Info:    ... okay on input line 141.
LaTeX Font Info:    Checking defaults for OMS/cmsy/m/n on input line 141.
LaTeX Font Info:    ... okay on input line 141.
LaTeX Font Info:    Checking defaults for OT1/cmr/m/n on input line 141.
LaTeX Font Info:    ... okay on input line 141.
LaTeX Font Info:    Checking defaults for T1/cmr/m/n on input line 141.
LaTeX Font Info:    ... okay on input line 141.
LaTeX Font Info:    Checking defaults for TS1/cmr/m/n on input line 141.
LaTeX Font Info:    ... okay on input line 141.
LaTeX Font Info:    Checking defaults for OMX/cmex/m/n on input line 141.
LaTeX Font Info:    ... okay on input line 141.
LaTeX Font Info:    Checking defaults for U/cmr/m/n on input line 141.
LaTeX Font Info:    ... okay on input line 141.

(C:\Users\micha\AppData\Local\Programs\MiKTeX\tex/context/base/mkii\supp-pdf.mk
ii
[Loading MPS to PDF converter (version 2006.09.02).]
\scratchcounter=\count305
\scratchdimen=\dimen182
\scratchbox=\box61
\nofMPsegments=\count306
\nofMParguments=\count307
\everyMPshowfont=\toks37
\MPscratchCnt=\count308
\MPscratchDim=\dimen183
\MPnumerator=\count309
\makeMPintoPDFobject=\count310
\everyMPtoPDFconversion=\toks38
)
(C:\Users\micha\AppData\Local\Programs\MiKTeX\tex/latex/epstopdf-pkg\epstopdf-b
ase.sty
Package: epstopdf-base 2020-01-24 v2.11 Base part for package epstopdf
Package epstopdf-base Info: Redefining graphics rule for `.eps' on input line 4
85.

(C:\Users\micha\AppData\Local\Programs\MiKTeX\tex/latex/00miktex\epstopdf-sys.c
fg
File: epstopdf-sys.cfg 2021/03/18 v2.0 Configuration of epstopdf for MiKTeX
))
Package caption Info: Begin \AtBeginDocument code.
Package caption Info: float package is loaded.
Package caption Info: listings package is loaded.
Package caption Info: End \AtBeginDocument code.
Package newfloat Info: `float' package detected.
\c@lstlisting=\count311
\c@eqfn=\count312
\titlearea=\box62
LaTeX Font Info:    Trying to load font information for U+msa on input line 143
.
 (C:\Users\micha\AppData\Local\Programs\MiKTeX\tex/latex/amsfonts\umsa.fd
File: umsa.fd 2013/01/14 v3.01 AMS symbols A
)
LaTeX Font Info:    Trying to load font information for U+msb on input line 143
.

(C:\Users\micha\AppData\Local\Programs\MiKTeX\tex/latex/amsfonts\umsb.fd
File: umsb.fd 2013/01/14 v3.01 AMS symbols B
)
LaTeX Font Info:    Trying to load font information for OMS+ptm on input line 1
43.

(C:\Users\micha\AppData\Local\Programs\MiKTeX\tex/latex/psnfss\omsptm.fd
File: omsptm.fd 
)
LaTeX Font Info:    Font shape `OMS/ptm/m/n' in size <10> not available
(Font)              Font shape `OMS/cmsy/m/n' tried instead on input line 143.
\actualheight=\skip63
LaTeX Font Info:    Trying to load font information for TS1+ptm on input line 1
43.

(C:\Users\micha\AppData\Local\Programs\MiKTeX\tex/latex/psnfss\ts1ptm.fd
File: ts1ptm.fd 2001/06/04 font definitions for TS1/ptm.
)

Package natbib Warning: Citation `Yun_2022_surveillance' on page 1 undefined on
 input line 165.


Package natbib Warning: Citation `REN_2017_UAVDetection' on page 1 undefined on
 input line 165.


Package natbib Warning: Citation `REN_2021_UAVDetection' on page 1 undefined on
 input line 165.


Package natbib Warning: Citation `Alami_2023_FleetNavigation' on page 1 undefin
ed on input line 165.


Package natbib Warning: Citation `Tokekar_2016_agriculture' on page 1 undefined
 on input line 165.


Package natbib Warning: Citation `Xi_2021_SeanHE' on page 1 undefined on input 
line 166.


Package natbib Warning: Citation `Yue_2020_SeanHe' on page 1 undefined on input
 line 166.


Package natbib Warning: Citation `Bouguettaya_2022_review' on page 1 undefined 
on input line 166.


Package natbib Warning: Citation `Ge_2021_YOLOX' on page 1 undefined on input l
ine 167.


Package natbib Warning: Citation `Deng_2021_GLSAN' on page 1 undefined on input
 line 167.


Package natbib Warning: Citation `Xu_2022_AdaZoom' on page 1 undefined on input
 line 167.

<./images/Intro1.pdf, id=1, 1171.37625pt x 557.08125pt>
File: ./images/Intro1.pdf Graphic file (type pdf)
<use ./images/Intro1.pdf>
Package pdftex.def Info: ./images/Intro1.pdf  used on input line 171.
(pdftex.def)             Requested size: 239.39438pt x 113.84538pt.

Package natbib Warning: Citation `Deng_2021_GLSAN' on page 1 undefined on input
 line 193.


Package natbib Warning: Citation `Xu_2022_AdaZoom' on page 1 undefined on input
 line 193.


Package natbib Warning: Citation `Huang_2022_UFPMP' on page 1 undefined on inpu
t line 193.

[1{C:/Users/micha/AppData/Local/MiKTeX/fonts/map/pdftex/pdftex.map}{C:/Users/mi
cha/AppData/Local/Programs/MiKTeX/fonts/enc/dvips/base/8r.enc}



 <./images/Intro1.pdf>]

Package natbib Warning: Citation `he2023hierarchical' on page 2 undefined on in
put line 208.


Package natbib Warning: Citation `Zhang_2023_Spatial' on page 2 undefined on in
put line 208.


Package natbib Warning: Citation `Bouguettaya_2022_review' on page 2 undefined 
on input line 212.


Package natbib Warning: Citation `Ge_2021_YOLOX' on page 2 undefined on input l
ine 212.


Package natbib Warning: Citation `Huang_2022_UFPMP' on page 2 undefined on inpu
t line 212.


Package natbib Warning: Citation `Zhu_2022_VisDrone' on page 2 undefined on inp
ut line 221.


Package natbib Warning: Citation `Cheng_2019_Learning' on page 2 undefined on i
nput line 221.


Package natbib Warning: Citation `Li_2017_Perceptual' on page 2 undefined on in
put line 221.


Package natbib Warning: Citation `Bai_2018_SODMTGAN' on page 2 undefined on inp
ut line 221.


Package natbib Warning: Citation `Bouguettaya_2022_review' on page 2 undefined 
on input line 221.


Package natbib Warning: Citation `Sommer_2017_Fast' on page 2 undefined on inpu
t line 221.


Underfull \vbox (badness 10000) has occurred while \output is active []



Package natbib Warning: Citation `Wang_2019_Spatial' on page 2 undefined on inp
ut line 223.


Package natbib Warning: Citation `Zhang_2019_Scale' on page 2 undefined on inpu
t line 223.


Package natbib Warning: Citation `Zhou_2019_SAICFPN' on page 2 undefined on inp
ut line 223.


Package natbib Warning: Citation `Bouguettaya_2022_review' on page 2 undefined 
on input line 226.


Package natbib Warning: Citation `Unel_2019_TilingSOD' on page 2 undefined on i
nput line 226.


Package natbib Warning: Citation `Yang_2019_Clustered' on page 2 undefined on i
nput line 226.


Package natbib Warning: Citation `Xu_2022_AdaZoom' on page 2 undefined on input
 line 226.


Package natbib Warning: Citation `Huang_2022_UFPMP' on page 2 undefined on inpu
t line 226.


Package natbib Warning: Citation `Xu_2022_AdaZoom' on page 2 undefined on input
 line 228.


Package natbib Warning: Citation `Huang_2022_UFPMP' on page 2 undefined on inpu
t line 228.


Package natbib Warning: Citation `Cai_2018_Cascade' on page 2 undefined on inpu
t line 231.


Package natbib Warning: Citation `Ren_2015_LBPVisualRecognition' on page 2 unde
fined on input line 232.


Package natbib Warning: Citation `Lowe_2004_SIFT' on page 2 undefined on input 
line 232.


Package natbib Warning: Citation `Dalal_2005_HOG' on page 2 undefined on input 
line 232.


Package natbib Warning: Citation `Bouguettaya_2022_review' on page 2 undefined 
on input line 233.

<images/structure2.pdf, id=31, 1515.6625pt x 627.34375pt>
File: images/structure2.pdf Graphic file (type pdf)
<use images/structure2.pdf>
Package pdftex.def Info: images/structure2.pdf  used on input line 237.
(pdftex.def)             Requested size: 505.89pt x 209.38847pt.

Package natbib Warning: Citation `Ren_2017_Faster' on page 2 undefined on input
 line 250.


Package natbib Warning: Citation `Ge_2021_YOLOX' on page 2 undefined on input l
ine 250.


Package natbib Warning: Citation `Girshick_2014_Rich' on page 2 undefined on in
put line 255.


Package natbib Warning: Citation `Ren_2017_Faster' on page 2 undefined on input
 line 255.


Package natbib Warning: Citation `He_2017_Mask' on page 2 undefined on input li
ne 255.


Package natbib Warning: Citation `Redmon_2016_You' on page 2 undefined on input
 line 255.


Package natbib Warning: Citation `Redmon_2017_YOLO9000' on page 2 undefined on 
input line 255.


Package natbib Warning: Citation `Ge_2021_YOLOX' on page 2 undefined on input l
ine 255.


Package natbib Warning: Citation `Lin_2020_Focal' on page 2 undefined on input 
line 256.


Package natbib Warning: Citation `Tan_2020_EfficientDet' on page 2 undefined on
 input line 256.

[2]

Package natbib Warning: Citation `Wang_2021_ScaledYOLOv4' on page 3 undefined o
n input line 299.


Package natbib Warning: Citation `Ge_2021_YOLOX' on page 3 undefined on input l
ine 300.


Package natbib Warning: Citation `Zhang_2022_Spatial' on page 3 undefined on in
put line 307.


Package natbib Warning: Citation `Zhang_2023_Spatial' on page 3 undefined on in
put line 307.


Package natbib Warning: Citation `Huang_2022_UFPMP' on page 3 undefined on inpu
t line 311.


Package natbib Warning: Citation `Huang_2022_UFPMP' on page 3 undefined on inpu
t line 319.

[3 <./images/structure2.pdf>]

Package natbib Warning: Citation `jiang2018acquisition' on page 4 undefined on 
input line 503.


Package natbib Warning: Citation `song2023siamese' on page 4 undefined on input
 line 504.


Package natbib Warning: Citation `yi2023automated' on page 4 undefined on input
 line 504.


Package natbib Warning: Citation `Hui_2023_EvoRLSurvey' on page 4 undefined on 
input line 504.


Package natbib Warning: Citation `tu2023deep' on page 4 undefined on input line
 504.


Package natbib Warning: Citation `chen2022cooperative' on page 4 undefined on i
nput line 504.


Package natbib Warning: Citation `hu2018squeeze' on page 4 undefined on input l
ine 523.

[4]

Package natbib Warning: Citation `araslanov2019actor' on page 5 undefined on in
put line 539.


Package natbib Warning: Citation `araslanov2019actor' on page 5 undefined on in
put line 579.


Package natbib Warning: Citation `Du_2018_UAVDT' on page 5 undefined on input l
ine 792.


Package natbib Warning: Citation `Zhu_2022_VisDrone' on page 5 undefined on inp
ut line 796.


Package natbib Warning: Citation `Liu_2021_HRDNet' on page 5 undefined on input
 line 800.


Package natbib Warning: Citation `Ge_2022_ZoomAndReasoning' on page 5 undefined
 on input line 800.


Package natbib Warning: Citation `Ren_2017_Faster' on page 5 undefined on input
 line 804.


Package natbib Warning: Citation `Liu_2021_HRDNet' on page 5 undefined on input
 line 805.


Package natbib Warning: Citation `Li_2020_Density_Workshops' on page 5 undefine
d on input line 805.


Package natbib Warning: Citation `Zhou_2019_SAICFPN' on page 5 undefined on inp
ut line 808.


Package natbib Warning: Citation `Deng_2021_GLSAN' on page 5 undefined on input
 line 808.


Package natbib Warning: Citation `Xu_2022_AdaZoom' on page 5 undefined on input
 line 809.


Package natbib Warning: Citation `Yang_2019_Clustered' on page 5 undefined on i
nput line 815.


Package natbib Warning: Citation `Huang_2022_UFPMP' on page 5 undefined on inpu
t line 816.


Package natbib Warning: Citation `Ge_2022_ZoomAndReasoning' on page 5 undefined
 on input line 816.


Package natbib Warning: Citation `Li_2020_GFL' on page 5 undefined on input lin
e 816.

[5]

Package natbib Warning: Citation `Huang_2022_UFPMP' on page 6 undefined on inpu
t line 833.


Package natbib Warning: Citation `Huang_2022_UFPMP' on page 6 undefined on inpu
t line 849.


Package natbib Warning: Citation `Xu_2022_AdaZoom' on page 6 undefined on input
 line 849.


Package natbib Warning: Citation `Huang_2022_UFPMP' on page 6 undefined on inpu
t line 850.


Package natbib Warning: Citation `Huang_2022_UFPMP' on page 6 undefined on inpu
t line 851.


Package natbib Warning: Citation `Ge_2022_ZoomAndReasoning' on page 6 undefined
 on input line 893.

<images/visualization11.pdf, id=264, 2031.59pt x 564.1075pt>
File: images/visualization11.pdf Graphic file (type pdf)
<use images/visualization11.pdf>
Package pdftex.def Info: images/visualization11.pdf  used on input line 918.
(pdftex.def)             Requested size: 505.89pt x 140.46703pt.

Package natbib Warning: Citation `Huang_2022_UFPMP' on page 6 undefined on inpu
t line 926.


Package natbib Warning: Citation `Huang_2022_UFPMP' on page 6 undefined on inpu
t line 926.


Package natbib Warning: Citation `Zhu_2022_VisDrone' on page 6 undefined on inp
ut line 964.


Package natbib Warning: Citation `Xu_2022_AdaZoom' on page 6 undefined on input
 line 969.


Package natbib Warning: Citation `wang2023improved' on page 6 undefined on inpu
t line 973.


Package natbib Warning: Citation `Zhu_2022_VisDrone' on page 6 undefined on inp
ut line 978.


Underfull \vbox (badness 4726) has occurred while \output is active []

 [6]

Package natbib Warning: Citation `Huang_2022_UFPMP' on page 7 undefined on inpu
t line 1017.

[7 <./images/visualization11.pdf>] [8

]
No file aaai24_changed.bbl.

Package natbib Warning: There were undefined citations.

(aaai24_changed.aux)
 ***********
LaTeX2e <2023-06-01> patch level 1
L3 programming layer <2023-08-29>
 ***********
 ) 
Here is how much of TeX's memory you used:
 8902 strings out of 475247
 139631 string characters out of 5757792
 1947801 words of memory out of 5000000
 30255 multiletter control sequences out of 15000+600000
 593202 words of font info for 121 fonts, out of 8000000 for 9000
 1141 hyphenation exceptions out of 8191
 57i,12n,65p,1514b,700s stack positions out of 10000i,1000n,20000p,200000b,200000s
<C:/Users/micha/AppData/Local/Programs/MiKTeX/fonts/type1/public/amsfonts/cm/
cmex10.pfb><C:/Users/micha/AppData/Local/Programs/MiKTeX/fonts/type1/public/ams
fonts/cm/cmmi10.pfb><C:/Users/micha/AppData/Local/Programs/MiKTeX/fonts/type1/p
ublic/amsfonts/cm/cmmi5.pfb><C:/Users/micha/AppData/Local/Programs/MiKTeX/fonts
/type1/public/amsfonts/cm/cmmi7.pfb><C:/Users/micha/AppData/Local/Programs/MiKT
eX/fonts/type1/public/amsfonts/cm/cmmib10.pfb><C:/Users/micha/AppData/Local/Pro
grams/MiKTeX/fonts/type1/public/amsfonts/cmextra/cmmib7.pfb><C:/Users/micha/App
Data/Local/Programs/MiKTeX/fonts/type1/public/amsfonts/cm/cmr10.pfb><C:/Users/m
icha/AppData/Local/Programs/MiKTeX/fonts/type1/public/amsfonts/cm/cmr7.pfb><C:/
Users/micha/AppData/Local/Programs/MiKTeX/fonts/type1/public/amsfonts/cm/cmssbx
10.pfb><C:/Users/micha/AppData/Local/Programs/MiKTeX/fonts/type1/public/amsfont
s/cm/cmsy10.pfb><C:/Users/micha/AppData/Local/Programs/MiKTeX/fonts/type1/publi
c/amsfonts/cm/cmsy5.pfb><C:/Users/micha/AppData/Local/Programs/MiKTeX/fonts/typ
e1/public/amsfonts/cm/cmsy6.pfb><C:/Users/micha/AppData/Local/Programs/MiKTeX/f
onts/type1/public/amsfonts/cm/cmsy7.pfb><C:/Users/micha/AppData/Local/Programs/
MiKTeX/fonts/type1/public/amsfonts/cm/cmsy8.pfb><C:/Users/micha/AppData/Local/P
rograms/MiKTeX/fonts/type1/public/amsfonts/symbols/msbm10.pfb><C:/Users/micha/A
ppData/Local/Programs/MiKTeX/fonts/type1/urw/times/utmb8a.pfb><C:/Users/micha/A
ppData/Local/Programs/MiKTeX/fonts/type1/urw/times/utmr8a.pfb><C:/Users/micha/A
ppData/Local/Programs/MiKTeX/fonts/type1/urw/times/utmri8a.pfb>
Output written on aaai24_changed.pdf (8 pages, 3924198 bytes).
PDF statistics:
 373 PDF objects out of 1000 (max. 8388607)
 0 named destinations out of 1000 (max. 500000)
 16 words of extra memory for PDF output out of 10000 (max. 10000000)

