This is pdfTeX, Version 3.141592653-2.6-1.40.25 (MiKTeX 23.9) (preloaded format=pdflatex 2023.9.22)  15 JAN 2024 19:00
entering extended mode
 restricted \write18 enabled.
 %&-line parsing enabled.
**./main_changed.tex
(main_changed.tex
LaTeX2e <2023-06-01> patch level 1
L3 programming layer <2023-08-29>
(C:\Users\micha\AppData\Local\Programs\MiKTeX\tex/latex/base\article.cls
Document Class: article 2023/05/17 v1.4n Standard LaTeX document class
(C:\Users\micha\AppData\Local\Programs\MiKTeX\tex/latex/base\size10.clo
File: size10.clo 2023/05/17 v1.4n Standard LaTeX file (size option)
)
\c@part=\count185
\c@section=\count186
\c@subsection=\count187
\c@subsubsection=\count188
\c@paragraph=\count189
\c@subparagraph=\count190
\c@figure=\count191
\c@table=\count192
\abovecaptionskip=\skip48
\belowcaptionskip=\skip49
\bibindent=\dimen140
)
(aaai24.sty
Package: aaai24 2023/06/26 AAAI 2024 Submission format

Conference Style for AAAI for LaTeX 2e -- version for submission
\titlebox=\skip50
) (C:\Users\micha\AppData\Local\Programs\MiKTeX\tex/latex/psnfss\times.sty
Package: times 2020/03/25 PSNFSS-v9.3 (SPQR) 
)
(C:\Users\micha\AppData\Local\Programs\MiKTeX\tex/latex/psnfss\helvet.sty
Package: helvet 2020/03/25 PSNFSS-v9.3 (WaS) 

(C:\Users\micha\AppData\Local\Programs\MiKTeX\tex/latex/graphics\keyval.sty
Package: keyval 2022/05/29 v1.15 key=value parser (DPC)
\KV@toks@=\toks17
))
(C:\Users\micha\AppData\Local\Programs\MiKTeX\tex/latex/psnfss\courier.sty
Package: courier 2020/03/25 PSNFSS-v9.3 (WaS) 
)
(C:\Users\micha\AppData\Local\Programs\MiKTeX\tex/latex/url\url.sty
\Urlmuskip=\muskip16
Package: url 2013/09/16  ver 3.4  Verb mode for urls, etc.
)
(C:\Users\micha\AppData\Local\Programs\MiKTeX\tex/latex/graphics\graphicx.sty
Package: graphicx 2021/09/16 v1.2d Enhanced LaTeX Graphics (DPC,SPQR)

(C:\Users\micha\AppData\Local\Programs\MiKTeX\tex/latex/graphics\graphics.sty
Package: graphics 2022/03/10 v1.4e Standard LaTeX Graphics (DPC,SPQR)

(C:\Users\micha\AppData\Local\Programs\MiKTeX\tex/latex/graphics\trig.sty
Package: trig 2021/08/11 v1.11 sin cos tan (DPC)
)
(C:\Users\micha\AppData\Local\Programs\MiKTeX\tex/latex/graphics-cfg\graphics.c
fg
File: graphics.cfg 2016/06/04 v1.11 sample graphics configuration
)
Package graphics Info: Driver file: pdftex.def on input line 107.

(C:\Users\micha\AppData\Local\Programs\MiKTeX\tex/latex/graphics-def\pdftex.def
File: pdftex.def 2022/09/22 v1.2b Graphics/color driver for pdftex
))
\Gin@req@height=\dimen141
\Gin@req@width=\dimen142
) (C:\Users\micha\AppData\Local\Programs\MiKTeX\tex/latex/natbib\natbib.sty
Package: natbib 2010/09/13 8.31b (PWD, AO)
\bibhang=\skip51
\bibsep=\skip52
LaTeX Info: Redefining \cite on input line 694.
\c@NAT@ctr=\count193
)
(C:\Users\micha\AppData\Local\Programs\MiKTeX\tex/latex/caption\caption.sty
Package: caption 2023/07/31 v3.6n Customizing captions (AR)

(C:\Users\micha\AppData\Local\Programs\MiKTeX\tex/latex/caption\caption3.sty
Package: caption3 2023/07/31 v2.4d caption3 kernel (AR)
\caption@tempdima=\dimen143
\captionmargin=\dimen144
\caption@leftmargin=\dimen145
\caption@rightmargin=\dimen146
\caption@width=\dimen147
\caption@indent=\dimen148
\caption@parindent=\dimen149
\caption@hangindent=\dimen150
Package caption Info: Standard document class detected.
)
\c@caption@flags=\count194
\c@continuedfloat=\count195
)
(C:\Users\micha\AppData\Local\Programs\MiKTeX\tex/latex/amsmath\amsmath.sty
Package: amsmath 2023/05/13 v2.17o AMS math features
\@mathmargin=\skip53

For additional information on amsmath, use the `?' option.
(C:\Users\micha\AppData\Local\Programs\MiKTeX\tex/latex/amsmath\amstext.sty
Package: amstext 2021/08/26 v2.01 AMS text

(C:\Users\micha\AppData\Local\Programs\MiKTeX\tex/latex/amsmath\amsgen.sty
File: amsgen.sty 1999/11/30 v2.0 generic functions
\@emptytoks=\toks18
\ex@=\dimen151
))
(C:\Users\micha\AppData\Local\Programs\MiKTeX\tex/latex/amsmath\amsbsy.sty
Package: amsbsy 1999/11/29 v1.2d Bold Symbols
\pmbraise@=\dimen152
)
(C:\Users\micha\AppData\Local\Programs\MiKTeX\tex/latex/amsmath\amsopn.sty
Package: amsopn 2022/04/08 v2.04 operator names
)
\inf@bad=\count196
LaTeX Info: Redefining \frac on input line 234.
\uproot@=\count197
\leftroot@=\count198
LaTeX Info: Redefining \overline on input line 399.
LaTeX Info: Redefining \colon on input line 410.
\classnum@=\count199
\DOTSCASE@=\count266
LaTeX Info: Redefining \ldots on input line 496.
LaTeX Info: Redefining \dots on input line 499.
LaTeX Info: Redefining \cdots on input line 620.
\Mathstrutbox@=\box51
\strutbox@=\box52
LaTeX Info: Redefining \big on input line 722.
LaTeX Info: Redefining \Big on input line 723.
LaTeX Info: Redefining \bigg on input line 724.
LaTeX Info: Redefining \Bigg on input line 725.
\big@size=\dimen153
LaTeX Font Info:    Redeclaring font encoding OML on input line 743.
LaTeX Font Info:    Redeclaring font encoding OMS on input line 744.
\macc@depth=\count267
LaTeX Info: Redefining \bmod on input line 905.
LaTeX Info: Redefining \pmod on input line 910.
LaTeX Info: Redefining \smash on input line 940.
LaTeX Info: Redefining \relbar on input line 970.
LaTeX Info: Redefining \Relbar on input line 971.
\c@MaxMatrixCols=\count268
\dotsspace@=\muskip17
\c@parentequation=\count269
\dspbrk@lvl=\count270
\tag@help=\toks19
\row@=\count271
\column@=\count272
\maxfields@=\count273
\andhelp@=\toks20
\eqnshift@=\dimen154
\alignsep@=\dimen155
\tagshift@=\dimen156
\tagwidth@=\dimen157
\totwidth@=\dimen158
\lineht@=\dimen159
\@envbody=\toks21
\multlinegap=\skip54
\multlinetaggap=\skip55
\mathdisplay@stack=\toks22
LaTeX Info: Redefining \[ on input line 2953.
LaTeX Info: Redefining \] on input line 2954.
)
(C:\Users\micha\AppData\Local\Programs\MiKTeX\tex/latex/amsfonts\amssymb.sty
Package: amssymb 2013/01/14 v3.01 AMS font symbols

(C:\Users\micha\AppData\Local\Programs\MiKTeX\tex/latex/amsfonts\amsfonts.sty
Package: amsfonts 2013/01/14 v3.01 Basic AMSFonts support
\symAMSa=\mathgroup4
\symAMSb=\mathgroup5
LaTeX Font Info:    Redeclaring math symbol \hbar on input line 98.
LaTeX Font Info:    Overwriting math alphabet `\mathfrak' in version `bold'
(Font)                  U/euf/m/n --> U/euf/b/n on input line 106.
)) (C:\Users\micha\AppData\Local\Programs\MiKTeX\tex/latex/amscls\amsthm.sty
Package: amsthm 2020/05/29 v2.20.6
\thm@style=\toks23
\thm@bodyfont=\toks24
\thm@headfont=\toks25
\thm@notefont=\toks26
\thm@headpunct=\toks27
\thm@preskip=\skip56
\thm@postskip=\skip57
\thm@headsep=\skip58
\dth@everypar=\toks28
)
\c@property=\count274
\c@proposition=\count275
\c@corollary=\count276
\c@theorem=\count277
\c@lemma=\count278
\c@remark=\count279
\c@definition=\count280

(C:\Users\micha\AppData\Local\Programs\MiKTeX\tex/latex/bbding\bbding.sty
Package: bbding 1999/04/15 v1.01 Dingbats symbols
)
(C:\Users\micha\AppData\Local\Programs\MiKTeX\tex/latex/newfloat\newfloat.sty
Package: newfloat 2023/10/01 v1.2 Defining new floating environments (AR)
)
(C:\Users\micha\AppData\Local\Programs\MiKTeX\tex/latex/listings\listings.sty
\lst@mode=\count281
\lst@gtempboxa=\box53
\lst@token=\toks29
\lst@length=\count282
\lst@currlwidth=\dimen160
\lst@column=\count283
\lst@pos=\count284
\lst@lostspace=\dimen161
\lst@width=\dimen162
\lst@newlines=\count285
\lst@lineno=\count286
\lst@maxwidth=\dimen163

(C:\Users\micha\AppData\Local\Programs\MiKTeX\tex/latex/listings\lstmisc.sty
File: lstmisc.sty 2023/02/27 1.9 (Carsten Heinz)
\c@lstnumber=\count287
\lst@skipnumbers=\count288
\lst@framebox=\box54
)
(C:\Users\micha\AppData\Local\Programs\MiKTeX\tex/latex/listings\listings.cfg
File: listings.cfg 2023/02/27 1.9 listings configuration
))
Package: listings 2023/02/27 1.9 (Carsten Heinz)
(C:\Users\micha\AppData\Local\Programs\MiKTeX\tex/latex/multirow\multirow.sty
Package: multirow 2021/03/15 v2.8 Span multiple rows of a table
\multirow@colwidth=\skip59
\multirow@cntb=\count289
\multirow@dima=\skip60
\bigstrutjot=\dimen164
)
(C:\Users\micha\AppData\Local\Programs\MiKTeX\tex/latex/tools\array.sty
Package: array 2022/09/04 v2.5g Tabular extension package (FMi)
\col@sep=\dimen165
\ar@mcellbox=\box55
\extrarowheight=\dimen166
\NC@list=\toks30
\extratabsurround=\skip61
\backup@length=\skip62
\ar@cellbox=\box56
)
(C:\Users\micha\AppData\Local\Programs\MiKTeX\tex/latex/algorithms\algorithm.st
y
Package: algorithm 2009/08/24 v0.1 Document Style `algorithm' - floating enviro
nment
 (C:\Users\micha\AppData\Local\Programs\MiKTeX\tex/latex/float\float.sty
Package: float 2001/11/08 v1.3d Float enhancements (AL)
\c@float@type=\count290
\float@exts=\toks31
\float@box=\box57
\@float@everytoks=\toks32
\@floatcapt=\box58
)
(C:\Users\micha\AppData\Local\Programs\MiKTeX\tex/latex/base\ifthen.sty
Package: ifthen 2022/04/13 v1.1d Standard LaTeX ifthen package (DPC)
)
\@float@every@algorithm=\toks33
\c@algorithm=\count291
)
(C:\Users\micha\AppData\Local\Programs\MiKTeX\tex/latex/algorithms\algorithmic.
sty
Package: algorithmic 2009/08/24 v0.1 Document Style `algorithmic'
\c@ALC@unique=\count292
\c@ALC@line=\count293
\c@ALC@rem=\count294
\c@ALC@depth=\count295
\ALC@tlm=\skip63
\algorithmicindent=\skip64
)
\@float@every@listing=\toks34
\c@listing=\count296

(C:\Users\micha\AppData\Local\Programs\MiKTeX\tex/latex/natbib\bibentry.sty
Package: bibentry 2007/10/30 1.5 (PWD)
)
LaTeX Font Info:    Trying to load font information for OT1+ptm on input line 1
41.

(C:\Users\micha\AppData\Local\Programs\MiKTeX\tex/latex/psnfss\ot1ptm.fd
File: ot1ptm.fd 2001/06/04 font definitions for OT1/ptm.
)
(C:\Users\micha\AppData\Local\Programs\MiKTeX\tex/latex/l3backend\l3backend-pdf
tex.def
File: l3backend-pdftex.def 2023-04-19 L3 backend support: PDF output (pdfTeX)
\l__color_backend_stack_int=\count297
\l__pdf_internal_box=\box59
) (main_changed.aux)
\openout1 = `main_changed.aux'.

LaTeX Font Info:    Checking defaults for OML/cmm/m/it on input line 141.
LaTeX Font Info:    ... okay on input line 141.
LaTeX Font Info:    Checking defaults for OMS/cmsy/m/n on input line 141.
LaTeX Font Info:    ... okay on input line 141.
LaTeX Font Info:    Checking defaults for OT1/cmr/m/n on input line 141.
LaTeX Font Info:    ... okay on input line 141.
LaTeX Font Info:    Checking defaults for T1/cmr/m/n on input line 141.
LaTeX Font Info:    ... okay on input line 141.
LaTeX Font Info:    Checking defaults for TS1/cmr/m/n on input line 141.
LaTeX Font Info:    ... okay on input line 141.
LaTeX Font Info:    Checking defaults for OMX/cmex/m/n on input line 141.
LaTeX Font Info:    ... okay on input line 141.
LaTeX Font Info:    Checking defaults for U/cmr/m/n on input line 141.
LaTeX Font Info:    ... okay on input line 141.

(C:\Users\micha\AppData\Local\Programs\MiKTeX\tex/context/base/mkii\supp-pdf.mk
ii
[Loading MPS to PDF converter (version 2006.09.02).]
\scratchcounter=\count298
\scratchdimen=\dimen167
\scratchbox=\box60
\nofMPsegments=\count299
\nofMParguments=\count300
\everyMPshowfont=\toks35
\MPscratchCnt=\count301
\MPscratchDim=\dimen168
\MPnumerator=\count302
\makeMPintoPDFobject=\count303
\everyMPtoPDFconversion=\toks36
)
(C:\Users\micha\AppData\Local\Programs\MiKTeX\tex/latex/epstopdf-pkg\epstopdf-b
ase.sty
Package: epstopdf-base 2020-01-24 v2.11 Base part for package epstopdf
Package epstopdf-base Info: Redefining graphics rule for `.eps' on input line 4
85.

(C:\Users\micha\AppData\Local\Programs\MiKTeX\tex/latex/00miktex\epstopdf-sys.c
fg
File: epstopdf-sys.cfg 2021/03/18 v2.0 Configuration of epstopdf for MiKTeX
))
Package caption Info: Begin \AtBeginDocument code.
Package caption Info: float package is loaded.
Package caption Info: listings package is loaded.
Package caption Info: End \AtBeginDocument code.
Package newfloat Info: `float' package detected.
\c@lstlisting=\count304
\c@eqfn=\count305
\titlearea=\box61
LaTeX Font Info:    Trying to load font information for U+msa on input line 142
.
 (C:\Users\micha\AppData\Local\Programs\MiKTeX\tex/latex/amsfonts\umsa.fd
File: umsa.fd 2013/01/14 v3.01 AMS symbols A
)
LaTeX Font Info:    Trying to load font information for U+msb on input line 142
.

(C:\Users\micha\AppData\Local\Programs\MiKTeX\tex/latex/amsfonts\umsb.fd
File: umsb.fd 2013/01/14 v3.01 AMS symbols B
)
\actualheight=\skip65
LaTeX Font Info:    Trying to load font information for TS1+ptm on input line 1
42.

(C:\Users\micha\AppData\Local\Programs\MiKTeX\tex/latex/psnfss\ts1ptm.fd
File: ts1ptm.fd 2001/06/04 font definitions for TS1/ptm.
)

Package natbib Warning: Citation `markman1979realizing' on page 1 undefined on 
input line 148.


Package natbib Warning: Citation `scheirer2013open' on page 1 undefined on inpu
t line 148.


Package natbib Warning: Citation `bendale2016towards' on page 1 undefined on in
put line 150.


Package natbib Warning: Citation `zhou2021learning' on page 1 undefined on inpu
t line 150.


Package natbib Warning: Citation `xu2023contrastive' on page 1 undefined on inp
ut line 150.


Package natbib Warning: Citation `yang2022convolutional' on page 1 undefined on
 input line 150.


Package natbib Warning: Citation `oza2019c2ae' on page 1 undefined on input lin
e 150.


Package natbib Warning: Citation `xu2023contrastive' on page 1 undefined on inp
ut line 152.


Package natbib Warning: Citation `vaze2022openset' on page 1 undefined on input
 line 152.


Package natbib Warning: Citation `guo2021conditional' on page 1 undefined on in
put line 152.


Package natbib Warning: Citation `huang2023class' on page 1 undefined on input 
line 152.


Underfull \hbox (badness 1292) in paragraph at lines 154--155
[]\OT1/ptm/m/n/10 The afore-men-tioned anal-y-sis raises a straight-for-ward
 []

[1{C:/Users/micha/AppData/Local/MiKTeX/fonts/map/pdftex/pdftex.map}{C:/Users/mi
cha/AppData/Local/Programs/MiKTeX/fonts/enc/dvips/base/8r.enc}



]

Package natbib Warning: Citation `scheirer2013open' on page 2 undefined on inpu
t line 168.


Package natbib Warning: Citation `hendrycks2016a' on page 2 undefined on input 
line 168.


Package natbib Warning: Citation `bendale2016towards' on page 2 undefined on in
put line 168.


Package natbib Warning: Citation `zhou2021learning' on page 2 undefined on inpu
t line 168.


Package natbib Warning: Citation `xu2023contrastive' on page 2 undefined on inp
ut line 168.


Package natbib Warning: Citation `oza2019c2ae' on page 2 undefined on input lin
e 174.


Package natbib Warning: Citation `chen2020learning' on page 2 undefined on inpu
t line 174.


Package natbib Warning: Citation `sun2020open' on page 2 undefined on input lin
e 174.


Package natbib Warning: Citation `guo2021conditional' on page 2 undefined on in
put line 174.


Package natbib Warning: Citation `yang2022convolutional' on page 2 undefined on
 input line 174.


Package natbib Warning: Citation `neal2018open' on page 2 undefined on input li
ne 178.


Package natbib Warning: Citation `ian2014gan' on page 2 undefined on input line
 178.


Package natbib Warning: Citation `chen2022adversarial' on page 2 undefined on i
nput line 178.


Package natbib Warning: Citation `kong2022opengan' on page 2 undefined on input
 line 178.


Package natbib Warning: Citation `moon2022difficulty' on page 2 undefined on in
put line 178.


Package natbib Warning: Citation `liu2023opentext' on page 2 undefined on input
 line 178.


Package natbib Warning: Citation `scheirer2013open' on page 2 undefined on inpu
t line 184.

[2]

Package natbib Warning: Citation `cover2012elements' on page 3 undefined on inp
ut line 234.


Package natbib Warning: Citation `geirhos2020shortcut' on page 3 undefined on i
nput line 241.


Package natbib Warning: Citation `wang2018deep' on page 3 undefined on input li
ne 241.


Underfull \hbox (badness 1789) in paragraph at lines 241--242
[]\OT1/ptm/m/n/10 During the pro-cess of train-ing mod-els us-ing cross-
 []


LaTeX Font Warning: Font shape `OT1/ptm/m/scit' undefined
(Font)              using `OT1/ptm/m/sc' instead on input line 244.


Underfull \hbox (badness 3000) in paragraph at lines 244--245
\OT1/ptm/b/n/10 Definition 1. \OT1/ptm/m/sc/10 Ba-sic Dis-crim-i-na-tive Rep-re
-sen-ta-
 []


LaTeX Font Warning: Font shape `OT1/ptm/m/scit' undefined
(Font)              using `OT1/ptm/m/sc' instead on input line 252.



pdfTeX warning: pdflatex.exe (file ./Figs/Fig_arch.pdf): PDF inclusion: found P
DF version <1.7>, but at most version <1.5> allowed
<Figs/Fig_arch.pdf, id=20, 2233.62483pt x 882.05536pt>
File: Figs/Fig_arch.pdf Graphic file (type pdf)
<use Figs/Fig_arch.pdf>
Package pdftex.def Info: Figs/Fig_arch.pdf  used on input line 278.
(pdftex.def)             Requested size: 404.71353pt x 159.81291pt.

Package natbib Warning: Citation `cover2012elements' on page 3 undefined on inp
ut line 294.


Package natbib Warning: Citation `huang2023class' on page 3 undefined on input 
line 311.


Package natbib Warning: Citation `kong2022opengan' on page 3 undefined on input
 line 312.


Package natbib Warning: Citation `shazeer2017moe' on page 3 undefined on input 
line 319.

[3]

Package natbib Warning: Citation `zhou2016learning' on page 4 undefined on inpu
t line 329.


Underfull \hbox (badness 2012) in paragraph at lines 331--332
[]\OT1/ptm/m/n/10 Concretely, global av-er-ag-ing pool-ing (GAP) out-puts
 []


Underfull \vbox (badness 3989) has occurred while \output is active []

 [4 <./Figs/Fig_arch.pdf>]

Package natbib Warning: Citation `moon2022difficulty' on page 5 undefined on in
put line 394.


Package natbib Warning: Citation `he2016deep' on page 5 undefined on input line
 411.


Package natbib Warning: Citation `moon2022difficulty' on page 5 undefined on in
put line 451.


Package natbib Warning: Citation `krizhevsky09learning' on page 5 undefined on 
input line 451.


Package natbib Warning: Citation `netzer2011reading' on page 5 undefined on inp
ut line 451.


Package natbib Warning: Citation `pouransari2014tiny' on page 5 undefined on in
put line 451.


Package natbib Warning: Citation `moon2022difficulty' on page 5 undefined on in
put line 454.


Package natbib Warning: Citation `neal2018open' on page 5 undefined on input li
ne 454.


Package natbib Warning: Citation `chen2020learning' on page 5 undefined on inpu
t line 457.

[5]

Package natbib Warning: Citation `yoshihashi2019classification' on page 6 undef
ined on input line 464.


Package natbib Warning: Citation `yu2015lsun' on page 6 undefined on input line
 464.


Package natbib Warning: Citation `deng2009imagenet' on page 6 undefined on inpu
t line 464.



pdfTeX warning: pdflatex.exe (file ./Figs/Fig_exp.pdf): PDF inclusion: found PD
F version <1.7>, but at most version <1.5> allowed
<Figs/Fig_exp.pdf, id=60, 1237.7442pt x 569.0058pt>
File: Figs/Fig_exp.pdf Graphic file (type pdf)
<use Figs/Fig_exp.pdf>
Package pdftex.def Info: Figs/Fig_exp.pdf  used on input line 470.
(pdftex.def)             Requested size: 215.45348pt x 99.0392pt.
[6 <./Figs/Fig_exp.pdf>]

pdfTeX warning: pdflatex.exe (file ./Figs/Figure_gflops.pdf): PDF inclusion: fo
und PDF version <1.7>, but at most version <1.5> allowed
<Figs/Figure_gflops.pdf, id=75, 753.89656pt x 469.51411pt>
File: Figs/Figure_gflops.pdf Graphic file (type pdf)
<use Figs/Figure_gflops.pdf>
Package pdftex.def Info: Figs/Figure_gflops.pdf  used on input line 512.
(pdftex.def)             Requested size: 179.54578pt x 111.81165pt.

Package natbib Warning: Citation `russakovsky2015imagenet' on page 7 undefined 
on input line 535.


Underfull \hbox (badness 4391) in paragraph at lines 538--539
 \OT1/ptm/b/n/10 Ef-fi-ciency. \OT1/ptm/m/n/10 We com-pared the com-pu-ta-tiona
l cost of
 []


Package natbib Warning: Citation `xu2023contrastive' on page 7 undefined on inp
ut line 541.



pdfTeX warning: pdflatex.exe (file ./Figs/Fig_cam.pdf): PDF inclusion: found PD
F version <1.7>, but at most version <1.5> allowed
<Figs/Fig_cam.pdf, id=76, 1459.61313pt x 1522.24716pt>
File: Figs/Fig_cam.pdf Graphic file (type pdf)
<use Figs/Fig_cam.pdf>
Package pdftex.def Info: Figs/Fig_cam.pdf  used on input line 545.
(pdftex.def)             Requested size: 167.57533pt x 174.76439pt.
[7 <./Figs/Figure_gflops.pdf> <./Figs/Fig_cam.pdf

pdfTeX warning: pdflatex.exe (file ./Figs/Fig_cam.pdf): PDF inclusion: multiple
 pdfs with page group included in a single page
>] [8

]
No file main_changed.bbl.

Package natbib Warning: There were undefined citations.

(main_changed.aux)
 ***********
LaTeX2e <2023-06-01> patch level 1
L3 programming layer <2023-08-29>
 ***********
 ) 
Here is how much of TeX's memory you used:
 6896 strings out of 475247
 109735 string characters out of 5757792
 1949801 words of memory out of 5000000
 28317 multiletter control sequences out of 15000+600000
 589877 words of font info for 107 fonts, out of 8000000 for 9000
 1141 hyphenation exceptions out of 8191
 57i,19n,65p,1501b,391s stack positions out of 10000i,1000n,20000p,200000b,200000s
<C:/Users/micha/AppData/Local/Programs/MiKTeX/fonts/type1/public/amsfonts/cm/
cmex10.pfb><C:/Users/micha/AppData/Local/Programs/MiKTeX/fonts/type1/public/ams
fonts/cm/cmmi10.pfb><C:/Users/micha/AppData/Local/Programs/MiKTeX/fonts/type1/p
ublic/amsfonts/cm/cmmi5.pfb><C:/Users/micha/AppData/Local/Programs/MiKTeX/fonts
/type1/public/amsfonts/cm/cmmi6.pfb><C:/Users/micha/AppData/Local/Programs/MiKT
eX/fonts/type1/public/amsfonts/cm/cmmi7.pfb><C:/Users/micha/AppData/Local/Progr
ams/MiKTeX/fonts/type1/public/amsfonts/cm/cmmib10.pfb><C:/Users/micha/AppData/L
ocal/Programs/MiKTeX/fonts/type1/public/amsfonts/cm/cmr10.pfb><C:/Users/micha/A
ppData/Local/Programs/MiKTeX/fonts/type1/public/amsfonts/cm/cmr7.pfb><C:/Users/
micha/AppData/Local/Programs/MiKTeX/fonts/type1/public/amsfonts/cm/cmsy10.pfb><
C:/Users/micha/AppData/Local/Programs/MiKTeX/fonts/type1/public/amsfonts/cm/cms
y7.pfb><C:/Users/micha/AppData/Local/Programs/MiKTeX/fonts/type1/public/amsfont
s/cm/cmsy9.pfb><C:/Users/micha/AppData/Local/Programs/MiKTeX/fonts/type1/public
/amsfonts/symbols/msam10.pfb><C:/Users/micha/AppData/Local/Programs/MiKTeX/font
s/type1/public/amsfonts/symbols/msbm10.pfb><C:/Users/micha/AppData/Local/Progra
ms/MiKTeX/fonts/type1/urw/times/utmb8a.pfb><C:/Users/micha/AppData/Local/Progra
ms/MiKTeX/fonts/type1/urw/times/utmr8a.pfb><C:/Users/micha/AppData/Local/Progra
ms/MiKTeX/fonts/type1/urw/times/utmri8a.pfb>
Output written on main_changed.pdf (8 pages, 1968255 bytes).
PDF statistics:
 188 PDF objects out of 1000 (max. 8388607)
 0 named destinations out of 1000 (max. 500000)
 21 words of extra memory for PDF output out of 10000 (max. 10000000)

